[4.979s] DEBUG:colcon:Command line arguments: ['/usr/bin/colcon', 'build']
[4.979s] DEBUG:colcon:Parsed command line arguments: Namespace(log_base=None, log_level=None, verb_name='build', build_base='build', install_base='install', merge_install=False, symlink_install=False, test_result_base=None, continue_on_error=False, executor='parallel', parallel_workers=2, event_handlers=None, ignore_user_meta=False, metas=['./colcon.meta'], base_paths=['.'], packages_ignore=None, packages_ignore_regex=None, paths=None, packages_up_to=None, packages_up_to_regex=None, packages_above=None, packages_above_and_dependencies=None, packages_above_depth=None, packages_select_by_dep=None, packages_skip_by_dep=None, packages_skip_up_to=None, packages_select_build_failed=False, packages_skip_build_finished=False, packages_select_test_failures=False, packages_skip_test_passed=False, packages_select=None, packages_skip=None, packages_select_regex=None, packages_skip_regex=None, packages_start=None, packages_end=None, allow_overriding=[], cmake_args=None, cmake_target=None, cmake_target_skip_unavailable=False, cmake_clean_cache=False, cmake_clean_first=False, cmake_force_configure=False, ament_cmake_args=None, catkin_cmake_args=None, catkin_skip_building_tests=False, verb_parser=<colcon_defaults.argument_parser.defaults.DefaultArgumentsDecorator object at 0x7fc7f1fb70d0>, verb_extension=<colcon_core.verb.build.BuildVerb object at 0x7fc7f28cb310>, main=<bound method BuildVerb.main of <colcon_core.verb.build.BuildVerb object at 0x7fc7f28cb310>>)
[5.509s] Level 1:colcon.colcon_core.package_discovery:discover_packages(colcon_meta) check parameters
[5.509s] Level 1:colcon.colcon_core.package_discovery:discover_packages(recursive) check parameters
[5.509s] Level 1:colcon.colcon_core.package_discovery:discover_packages(ignore) check parameters
[5.509s] Level 1:colcon.colcon_core.package_discovery:discover_packages(path) check parameters
[5.509s] Level 1:colcon.colcon_core.package_discovery:discover_packages(colcon_meta) discover
[5.509s] Level 1:colcon.colcon_core.package_discovery:discover_packages(recursive) discover
[5.510s] INFO:colcon.colcon_core.package_discovery:Crawling recursively for packages in '/home/ram-user/ASDFR'
[5.510s] Level 1:colcon.colcon_core.package_identification:_identify(.) by extensions ['ignore', 'ignore_ament_install']
[5.510s] Level 1:colcon.colcon_core.package_identification:_identify(.) by extension 'ignore'
[5.510s] Level 1:colcon.colcon_core.package_identification:_identify(.) by extension 'ignore_ament_install'
[5.510s] Level 1:colcon.colcon_core.package_identification:_identify(.) by extensions ['colcon_pkg']
[5.510s] Level 1:colcon.colcon_core.package_identification:_identify(.) by extension 'colcon_pkg'
[5.510s] Level 1:colcon.colcon_core.package_identification:_identify(.) by extensions ['colcon_meta']
[5.510s] Level 1:colcon.colcon_core.package_identification:_identify(.) by extension 'colcon_meta'
[5.510s] Level 1:colcon.colcon_core.package_identification:_identify(.) by extensions ['ros']
[5.510s] Level 1:colcon.colcon_core.package_identification:_identify(.) by extension 'ros'
[5.526s] Level 1:colcon.colcon_core.package_identification:_identify(.) by extensions ['cmake', 'python']
[5.526s] Level 1:colcon.colcon_core.package_identification:_identify(.) by extension 'cmake'
[5.526s] Level 1:colcon.colcon_core.package_identification:_identify(.) by extension 'python'
[5.526s] Level 1:colcon.colcon_core.package_identification:_identify(.) by extensions ['python_setup_py']
[5.527s] Level 1:colcon.colcon_core.package_identification:_identify(.) by extension 'python_setup_py'
[5.527s] Level 1:colcon.colcon_core.package_identification:_identify(build) by extensions ['ignore', 'ignore_ament_install']
[5.527s] Level 1:colcon.colcon_core.package_identification:_identify(build) by extension 'ignore'
[5.527s] Level 1:colcon.colcon_core.package_identification:_identify(build) ignored
[5.527s] Level 1:colcon.colcon_core.package_identification:_identify(install) by extensions ['ignore', 'ignore_ament_install']
[5.527s] Level 1:colcon.colcon_core.package_identification:_identify(install) by extension 'ignore'
[5.527s] Level 1:colcon.colcon_core.package_identification:_identify(install) ignored
[5.653s] Level 1:colcon.colcon_core.package_identification:_identify(log) by extensions ['ignore', 'ignore_ament_install']
[5.654s] Level 1:colcon.colcon_core.package_identification:_identify(log) by extension 'ignore'
[5.654s] Level 1:colcon.colcon_core.package_identification:_identify(log) ignored
[5.654s] Level 1:colcon.colcon_core.package_identification:_identify(src) by extensions ['ignore', 'ignore_ament_install']
[5.654s] Level 1:colcon.colcon_core.package_identification:_identify(src) by extension 'ignore'
[5.654s] Level 1:colcon.colcon_core.package_identification:_identify(src) by extension 'ignore_ament_install'
[5.654s] Level 1:colcon.colcon_core.package_identification:_identify(src) by extensions ['colcon_pkg']
[5.654s] Level 1:colcon.colcon_core.package_identification:_identify(src) by extension 'colcon_pkg'
[5.654s] Level 1:colcon.colcon_core.package_identification:_identify(src) by extensions ['colcon_meta']
[5.654s] Level 1:colcon.colcon_core.package_identification:_identify(src) by extension 'colcon_meta'
[5.654s] Level 1:colcon.colcon_core.package_identification:_identify(src) by extensions ['ros']
[5.654s] Level 1:colcon.colcon_core.package_identification:_identify(src) by extension 'ros'
[5.654s] Level 1:colcon.colcon_core.package_identification:_identify(src) by extensions ['cmake', 'python']
[5.654s] Level 1:colcon.colcon_core.package_identification:_identify(src) by extension 'cmake'
[5.655s] Level 1:colcon.colcon_core.package_identification:_identify(src) by extension 'python'
[5.655s] Level 1:colcon.colcon_core.package_identification:_identify(src) by extensions ['python_setup_py']
[5.655s] Level 1:colcon.colcon_core.package_identification:_identify(src) by extension 'python_setup_py'
[5.655s] Level 1:colcon.colcon_core.package_identification:_identify(src/build) by extensions ['ignore', 'ignore_ament_install']
[5.655s] Level 1:colcon.colcon_core.package_identification:_identify(src/build) by extension 'ignore'
[5.655s] Level 1:colcon.colcon_core.package_identification:_identify(src/build) by extension 'ignore_ament_install'
[5.655s] Level 1:colcon.colcon_core.package_identification:_identify(src/build) by extensions ['colcon_pkg']
[5.655s] Level 1:colcon.colcon_core.package_identification:_identify(src/build) by extension 'colcon_pkg'
[5.655s] Level 1:colcon.colcon_core.package_identification:_identify(src/build) by extensions ['colcon_meta']
[5.655s] Level 1:colcon.colcon_core.package_identification:_identify(src/build) by extension 'colcon_meta'
[5.655s] Level 1:colcon.colcon_core.package_identification:_identify(src/build) by extensions ['ros']
[5.655s] Level 1:colcon.colcon_core.package_identification:_identify(src/build) by extension 'ros'
[5.655s] Level 1:colcon.colcon_core.package_identification:_identify(src/build) by extensions ['cmake', 'python']
[5.655s] Level 1:colcon.colcon_core.package_identification:_identify(src/build) by extension 'cmake'
[5.655s] Level 1:colcon.colcon_core.package_identification:_identify(src/build) by extension 'python'
[5.655s] Level 1:colcon.colcon_core.package_identification:_identify(src/build) by extensions ['python_setup_py']
[5.655s] Level 1:colcon.colcon_core.package_identification:_identify(src/build) by extension 'python_setup_py'
[5.656s] Level 1:colcon.colcon_core.package_identification:_identify(src/image_processing) by extensions ['ignore', 'ignore_ament_install']
[5.656s] Level 1:colcon.colcon_core.package_identification:_identify(src/image_processing) by extension 'ignore'
[5.656s] Level 1:colcon.colcon_core.package_identification:_identify(src/image_processing) by extension 'ignore_ament_install'
[5.656s] Level 1:colcon.colcon_core.package_identification:_identify(src/image_processing) by extensions ['colcon_pkg']
[5.656s] Level 1:colcon.colcon_core.package_identification:_identify(src/image_processing) by extension 'colcon_pkg'
[5.656s] Level 1:colcon.colcon_core.package_identification:_identify(src/image_processing) by extensions ['colcon_meta']
[5.656s] Level 1:colcon.colcon_core.package_identification:_identify(src/image_processing) by extension 'colcon_meta'
[5.656s] Level 1:colcon.colcon_core.package_identification:_identify(src/image_processing) by extensions ['ros']
[5.656s] Level 1:colcon.colcon_core.package_identification:_identify(src/image_processing) by extension 'ros'
[5.659s] DEBUG:colcon.colcon_core.package_identification:Package 'src/image_processing' with type 'ros.ament_cmake' and name 'image_processing'
[5.659s] Level 1:colcon.colcon_core.package_identification:_identify(src/install) by extensions ['ignore', 'ignore_ament_install']
[5.660s] Level 1:colcon.colcon_core.package_identification:_identify(src/install) by extension 'ignore'
[5.660s] Level 1:colcon.colcon_core.package_identification:_identify(src/install) by extension 'ignore_ament_install'
[5.660s] Level 1:colcon.colcon_core.package_identification:_identify(src/install) by extensions ['colcon_pkg']
[5.660s] Level 1:colcon.colcon_core.package_identification:_identify(src/install) by extension 'colcon_pkg'
[5.660s] Level 1:colcon.colcon_core.package_identification:_identify(src/install) by extensions ['colcon_meta']
[5.660s] Level 1:colcon.colcon_core.package_identification:_identify(src/install) by extension 'colcon_meta'
[5.660s] Level 1:colcon.colcon_core.package_identification:_identify(src/install) by extensions ['ros']
[5.660s] Level 1:colcon.colcon_core.package_identification:_identify(src/install) by extension 'ros'
[5.660s] Level 1:colcon.colcon_core.package_identification:_identify(src/install) by extensions ['cmake', 'python']
[5.660s] Level 1:colcon.colcon_core.package_identification:_identify(src/install) by extension 'cmake'
[5.660s] Level 1:colcon.colcon_core.package_identification:_identify(src/install) by extension 'python'
[5.660s] Level 1:colcon.colcon_core.package_identification:_identify(src/install) by extensions ['python_setup_py']
[5.660s] Level 1:colcon.colcon_core.package_identification:_identify(src/install) by extension 'python_setup_py'
[5.660s] Level 1:colcon.colcon_core.package_identification:_identify(src/log) by extensions ['ignore', 'ignore_ament_install']
[5.662s] Level 1:colcon.colcon_core.package_identification:_identify(src/log) by extension 'ignore'
[5.662s] Level 1:colcon.colcon_core.package_identification:_identify(src/log) ignored
[5.662s] Level 1:colcon.colcon_core.package_discovery:discover_packages(recursive) using defaults
[5.662s] Level 1:colcon.colcon_core.package_discovery:discover_packages(ignore) discover
[5.662s] Level 1:colcon.colcon_core.package_discovery:discover_packages(ignore) using defaults
[5.662s] Level 1:colcon.colcon_core.package_discovery:discover_packages(path) discover
[5.662s] Level 1:colcon.colcon_core.package_discovery:discover_packages(path) using defaults
[5.802s] Level 1:colcon.colcon_core.package_discovery:discover_packages(prefix_path) check parameters
[5.802s] Level 1:colcon.colcon_core.package_discovery:discover_packages(prefix_path) discover
[5.805s] DEBUG:colcon.colcon_installed_package_information.package_discovery:Found 1 installed packages in /home/ram-user/ASDFR/install
[5.806s] DEBUG:colcon.colcon_installed_package_information.package_discovery:Found 270 installed packages in /opt/ros/humble
[5.807s] Level 1:colcon.colcon_core.package_discovery:discover_packages(prefix_path) using defaults
[5.871s] Level 5:colcon.colcon_core.verb:set package 'image_processing' build argument 'cmake_args' from command line to 'None'
[5.871s] Level 5:colcon.colcon_core.verb:set package 'image_processing' build argument 'cmake_target' from command line to 'None'
[5.871s] Level 5:colcon.colcon_core.verb:set package 'image_processing' build argument 'cmake_target_skip_unavailable' from command line to 'False'
[5.871s] Level 5:colcon.colcon_core.verb:set package 'image_processing' build argument 'cmake_clean_cache' from command line to 'False'
[5.871s] Level 5:colcon.colcon_core.verb:set package 'image_processing' build argument 'cmake_clean_first' from command line to 'False'
[5.871s] Level 5:colcon.colcon_core.verb:set package 'image_processing' build argument 'cmake_force_configure' from command line to 'False'
[5.871s] Level 5:colcon.colcon_core.verb:set package 'image_processing' build argument 'ament_cmake_args' from command line to 'None'
[5.871s] Level 5:colcon.colcon_core.verb:set package 'image_processing' build argument 'catkin_cmake_args' from command line to 'None'
[5.871s] Level 5:colcon.colcon_core.verb:set package 'image_processing' build argument 'catkin_skip_building_tests' from command line to 'False'
[5.871s] DEBUG:colcon.colcon_core.verb:Building package 'image_processing' with the following arguments: {'ament_cmake_args': None, 'build_base': '/home/ram-user/ASDFR/build/image_processing', 'catkin_cmake_args': None, 'catkin_skip_building_tests': False, 'cmake_args': None, 'cmake_clean_cache': False, 'cmake_clean_first': False, 'cmake_force_configure': False, 'cmake_target': None, 'cmake_target_skip_unavailable': False, 'install_base': '/home/ram-user/ASDFR/install/image_processing', 'merge_install': False, 'path': '/home/ram-user/ASDFR/src/image_processing', 'symlink_install': False, 'test_result_base': None}
[5.872s] INFO:colcon.colcon_core.executor:Executing jobs using 'parallel' executor
[5.875s] DEBUG:colcon.colcon_parallel_executor.executor.parallel:run_until_complete
[5.875s] INFO:colcon.colcon_ros.task.ament_cmake.build:Building ROS package in '/home/ram-user/ASDFR/src/image_processing' with build type 'ament_cmake'
[5.875s] INFO:colcon.colcon_cmake.task.cmake.build:Building CMake package in '/home/ram-user/ASDFR/src/image_processing'
[5.879s] INFO:colcon.colcon_core.plugin_system:Skipping extension 'colcon_core.shell.bat': Not used on non-Windows systems
[5.879s] INFO:colcon.colcon_core.shell:Skip shell extension 'powershell' for command environment: Not usable outside of PowerShell
[5.880s] DEBUG:colcon.colcon_core.shell:Skip shell extension 'dsv' for command environment
[6.388s] DEBUG:colcon.colcon_core.event_handler.log_command:Invoking command in '/home/ram-user/ASDFR/build/image_processing': CMAKE_PREFIX_PATH=${CMAKE_PREFIX_PATH}:/opt/ros/humble /usr/bin/cmake --build /home/ram-user/ASDFR/build/image_processing -- -j2 -l2
[16.931s] DEBUG:colcon.colcon_core.event_handler.log_command:Invoked command in '/home/ram-user/ASDFR/build/image_processing' returned '2': CMAKE_PREFIX_PATH=${CMAKE_PREFIX_PATH}:/opt/ros/humble /usr/bin/cmake --build /home/ram-user/ASDFR/build/image_processing -- -j2 -l2
[18.008s] Level 1:colcon.colcon_core.environment:create_environment_scripts_only(image_processing)
[18.013s] Level 1:colcon.colcon_core.environment:checking '/home/ram-user/ASDFR/install/image_processing' for CMake module files
[18.013s] Level 1:colcon.colcon_core.environment:checking '/home/ram-user/ASDFR/install/image_processing' for CMake config files
[18.013s] Level 1:colcon.colcon_core.shell:create_environment_hook('image_processing', 'cmake_prefix_path')
[18.015s] INFO:colcon.colcon_core.shell:Creating environment hook '/home/ram-user/ASDFR/install/image_processing/share/image_processing/hook/cmake_prefix_path.ps1'
[18.422s] INFO:colcon.colcon_core.shell:Creating environment descriptor '/home/ram-user/ASDFR/install/image_processing/share/image_processing/hook/cmake_prefix_path.dsv'
[18.426s] INFO:colcon.colcon_core.shell:Creating environment hook '/home/ram-user/ASDFR/install/image_processing/share/image_processing/hook/cmake_prefix_path.sh'
[18.432s] Level 1:colcon.colcon_core.environment:checking '/home/ram-user/ASDFR/install/image_processing/lib'
[18.432s] Level 1:colcon.colcon_core.environment:checking '/home/ram-user/ASDFR/install/image_processing/bin'
[18.433s] Level 1:colcon.colcon_core.environment:checking '/home/ram-user/ASDFR/install/image_processing/lib/pkgconfig/image_processing.pc'
[18.433s] Level 1:colcon.colcon_core.environment:checking '/home/ram-user/ASDFR/install/image_processing/lib/python3.10/site-packages'
[18.434s] Level 1:colcon.colcon_core.environment:checking '/home/ram-user/ASDFR/install/image_processing/bin'
[18.438s] INFO:colcon.colcon_core.shell:Creating package script '/home/ram-user/ASDFR/install/image_processing/share/image_processing/package.ps1'
[19.499s] INFO:colcon.colcon_core.shell:Creating package descriptor '/home/ram-user/ASDFR/install/image_processing/share/image_processing/package.dsv'
[19.554s] INFO:colcon.colcon_core.shell:Creating package script '/home/ram-user/ASDFR/install/image_processing/share/image_processing/package.sh'
[19.555s] INFO:colcon.colcon_core.shell:Creating package script '/home/ram-user/ASDFR/install/image_processing/share/image_processing/package.bash'
[19.556s] INFO:colcon.colcon_core.shell:Creating package script '/home/ram-user/ASDFR/install/image_processing/share/image_processing/package.zsh'
[19.556s] Level 1:colcon.colcon_core.environment:create_file_with_runtime_dependencies(/home/ram-user/ASDFR/install/image_processing/share/colcon-core/packages/image_processing)
[19.569s] DEBUG:colcon.colcon_parallel_executor.executor.parallel:closing loop
[19.569s] DEBUG:colcon.colcon_parallel_executor.executor.parallel:loop closed
[19.569s] DEBUG:colcon.colcon_parallel_executor.executor.parallel:run_until_complete finished with '2'
[19.569s] DEBUG:colcon.colcon_core.event_reactor:joining thread
[20.364s] INFO:colcon.colcon_core.plugin_system:Skipping extension 'colcon_notification.desktop_notification.terminal_notifier': Not used on non-Darwin systems
[20.364s] INFO:colcon.colcon_core.plugin_system:Skipping extension 'colcon_notification.desktop_notification.win32': Not used on non-Windows systems
[20.364s] INFO:colcon.colcon_notification.desktop_notification:Sending desktop notification using 'notify2'
[20.564s] DEBUG:colcon.colcon_core.event_reactor:joined thread
[20.566s] INFO:colcon.colcon_core.shell:Creating prefix script '/home/ram-user/ASDFR/install/local_setup.ps1'
[20.567s] INFO:colcon.colcon_core.shell:Creating prefix util module '/home/ram-user/ASDFR/install/_local_setup_util_ps1.py'
[20.568s] INFO:colcon.colcon_core.shell:Creating prefix chain script '/home/ram-user/ASDFR/install/setup.ps1'
[20.569s] INFO:colcon.colcon_core.shell:Creating prefix script '/home/ram-user/ASDFR/install/local_setup.sh'
[20.570s] INFO:colcon.colcon_core.shell:Creating prefix util module '/home/ram-user/ASDFR/install/_local_setup_util_sh.py'
[20.571s] INFO:colcon.colcon_core.shell:Creating prefix chain script '/home/ram-user/ASDFR/install/setup.sh'
[20.573s] INFO:colcon.colcon_core.shell:Creating prefix script '/home/ram-user/ASDFR/install/local_setup.bash'
[20.573s] INFO:colcon.colcon_core.shell:Creating prefix chain script '/home/ram-user/ASDFR/install/setup.bash'
[20.576s] INFO:colcon.colcon_core.shell:Creating prefix script '/home/ram-user/ASDFR/install/local_setup.zsh'
[20.577s] INFO:colcon.colcon_core.shell:Creating prefix chain script '/home/ram-user/ASDFR/install/setup.zsh'
