[0.030s] Invoking command in '/home/ram-user/ASDFR/src/build/image_processing': CMAKE_PREFIX_PATH=${CMAKE_PREFIX_PATH}:/opt/ros/humble /usr/bin/cmake --build /home/ram-user/ASDFR/src/build/image_processing -- -j2 -l2
[0.265s] [ 20%] Built target brightness_check
[0.364s] [ 40%] Built target grayscaler
[0.420s] [ 60%] Built target brightmask
[0.515s] [ 80%] Built target light_tracker
[0.610s] [100%] Built target SimpleSub
[0.664s] Invoked command in '/home/ram-user/ASDFR/src/build/image_processing' returned '0': CMAKE_PREFIX_PATH=${CMAKE_PREFIX_PATH}:/opt/ros/humble /usr/bin/cmake --build /home/ram-user/ASDFR/src/build/image_processing -- -j2 -l2
[0.845s] Invoking command in '/home/ram-user/ASDFR/src/build/image_processing': CMAKE_PREFIX_PATH=${CMAKE_PREFIX_PATH}:/opt/ros/humble /usr/bin/cmake --install /home/ram-user/ASDFR/src/build/image_processing
[0.859s] -- Install configuration: ""
[0.862s] -- Up-to-date: /home/ram-user/ASDFR/src/install/image_processing/lib/image_processing/brightness_check
[0.864s] -- Up-to-date: /home/ram-user/ASDFR/src/install/image_processing/lib/image_processing/grayscaler
[0.865s] -- Up-to-date: /home/ram-user/ASDFR/src/install/image_processing/lib/image_processing/brightmask
[0.868s] -- Up-to-date: /home/ram-user/ASDFR/src/install/image_processing/lib/image_processing/light_tracker
[0.869s] -- Up-to-date: /home/ram-user/ASDFR/src/install/image_processing/lib/image_processing/SimpleSub
[0.870s] -- Up-to-date: /home/ram-user/ASDFR/src/install/image_processing/share/ament_index/resource_index/package_run_dependencies/image_processing
[0.871s] -- Up-to-date: /home/ram-user/ASDFR/src/install/image_processing/share/ament_index/resource_index/parent_prefix_path/image_processing
[0.871s] -- Up-to-date: /home/ram-user/ASDFR/src/install/image_processing/share/image_processing/environment/ament_prefix_path.sh
[0.872s] -- Up-to-date: /home/ram-user/ASDFR/src/install/image_processing/share/image_processing/environment/ament_prefix_path.dsv
[0.873s] -- Up-to-date: /home/ram-user/ASDFR/src/install/image_processing/share/image_processing/environment/path.sh
[0.879s] -- Up-to-date: /home/ram-user/ASDFR/src/install/image_processing/share/image_processing/environment/path.dsv
[0.880s] -- Up-to-date: /home/ram-user/ASDFR/src/install/image_processing/share/image_processing/local_setup.bash
[0.881s] -- Up-to-date: /home/ram-user/ASDFR/src/install/image_processing/share/image_processing/local_setup.sh
[0.882s] -- Up-to-date: /home/ram-user/ASDFR/src/install/image_processing/share/image_processing/local_setup.zsh
[0.883s] -- Up-to-date: /home/ram-user/ASDFR/src/install/image_processing/share/image_processing/local_setup.dsv
[0.883s] -- Installing: /home/ram-user/ASDFR/src/install/image_processing/share/image_processing/package.dsv
[0.885s] -- Up-to-date: /home/ram-user/ASDFR/src/install/image_processing/share/ament_index/resource_index/packages/image_processing
[0.886s] -- Up-to-date: /home/ram-user/ASDFR/src/install/image_processing/share/image_processing/cmake/image_processingConfig.cmake
[0.887s] -- Up-to-date: /home/ram-user/ASDFR/src/install/image_processing/share/image_processing/cmake/image_processingConfig-version.cmake
[0.888s] -- Up-to-date: /home/ram-user/ASDFR/src/install/image_processing/share/image_processing/package.xml
[0.891s] Invoked command in '/home/ram-user/ASDFR/src/build/image_processing' returned '0': CMAKE_PREFIX_PATH=${CMAKE_PREFIX_PATH}:/opt/ros/humble /usr/bin/cmake --install /home/ram-user/ASDFR/src/build/image_processing
