[ 25%] Built target brightness_check
[ 50%] Built target grayscaler
[ 75%] Built target brightmask
[35m[1mConsolidate compiler generated dependencies of target light_tracker[0m
[ 87%] [32mBuilding CXX object CMakeFiles/light_tracker.dir/src/light_tracker.cpp.o[0m
[01m[K/home/ram-user/ASDFR/src/image_processing/src/light_tracker.cpp:[m[K In member function ‘[01m[Kvoid LightTracker::image_callback(sensor_msgs::msg::Image_<std::allocator<void> >::SharedPtr)[m[K’:
[01m[K/home/ram-user/ASDFR/src/image_processing/src/light_tracker.cpp:70:24:[m[K [01;35m[Kwarning: [m[Kcomparison of integer expressions of different signedness: ‘[01m[Kint[m[K’ and ‘[01m[Kstd::vector<cv::KeyPoint>::size_type[m[K’ {aka ‘[01m[Klong unsigned int[m[K’} [[01;35m[K]8;;https://gcc.gnu.org/onlinedocs/gcc/Warning-Options.html#index-Wsign-compare-Wsign-compare]8;;[m[K]
   70 |         for (int i=0; [01;35m[Ki<keypoints.size()[m[K; i++){
      |                       [01;35m[K~^~~~~~~~~~~~~~~~~[m[K
[100%] [32m[1mLinking CXX executable light_tracker[0m
[100%] Built target light_tracker
-- Install configuration: ""
-- Up-to-date: /home/ram-user/ASDFR/install/image_processing/lib/image_processing/brightness_check
-- Up-to-date: /home/ram-user/ASDFR/install/image_processing/lib/image_processing/grayscaler
-- Up-to-date: /home/ram-user/ASDFR/install/image_processing/lib/image_processing/brightmask
-- Installing: /home/ram-user/ASDFR/install/image_processing/lib/image_processing/light_tracker
-- Set runtime path of "/home/ram-user/ASDFR/install/image_processing/lib/image_processing/light_tracker" to ""
-- Up-to-date: /home/ram-user/ASDFR/install/image_processing/share/ament_index/resource_index/package_run_dependencies/image_processing
-- Up-to-date: /home/ram-user/ASDFR/install/image_processing/share/ament_index/resource_index/parent_prefix_path/image_processing
-- Up-to-date: /home/ram-user/ASDFR/install/image_processing/share/image_processing/environment/ament_prefix_path.sh
-- Up-to-date: /home/ram-user/ASDFR/install/image_processing/share/image_processing/environment/ament_prefix_path.dsv
-- Up-to-date: /home/ram-user/ASDFR/install/image_processing/share/image_processing/environment/path.sh
-- Up-to-date: /home/ram-user/ASDFR/install/image_processing/share/image_processing/environment/path.dsv
-- Up-to-date: /home/ram-user/ASDFR/install/image_processing/share/image_processing/local_setup.bash
-- Up-to-date: /home/ram-user/ASDFR/install/image_processing/share/image_processing/local_setup.sh
-- Up-to-date: /home/ram-user/ASDFR/install/image_processing/share/image_processing/local_setup.zsh
-- Up-to-date: /home/ram-user/ASDFR/install/image_processing/share/image_processing/local_setup.dsv
-- Installing: /home/ram-user/ASDFR/install/image_processing/share/image_processing/package.dsv
-- Up-to-date: /home/ram-user/ASDFR/install/image_processing/share/ament_index/resource_index/packages/image_processing
-- Up-to-date: /home/ram-user/ASDFR/install/image_processing/share/image_processing/cmake/image_processingConfig.cmake
-- Up-to-date: /home/ram-user/ASDFR/install/image_processing/share/image_processing/cmake/image_processingConfig-version.cmake
-- Up-to-date: /home/ram-user/ASDFR/install/image_processing/share/image_processing/package.xml
