-- Found ament_cmake: 1.3.3 (/opt/ros/humble/share/ament_cmake/cmake)
-- Found rclcpp: 16.0.3 (/opt/ros/humble/share/rclcpp/cmake)
-- Found rosidl_generator_c: 3.1.4 (/opt/ros/humble/share/rosidl_generator_c/cmake)
-- Found rosidl_adapter: 3.1.4 (/opt/ros/humble/share/rosidl_adapter/cmake)
-- Found rosidl_generator_cpp: 3.1.4 (/opt/ros/humble/share/rosidl_generator_cpp/cmake)
-- Using all available rosidl_typesupport_c: rosidl_typesupport_fastrtps_c;rosidl_typesupport_introspection_c
-- Using all available rosidl_typesupport_cpp: rosidl_typesupport_fastrtps_cpp;rosidl_typesupport_introspection_cpp
-- Found rmw_implementation_cmake: 6.1.1 (/opt/ros/humble/share/rmw_implementation_cmake/cmake)
-- Found rmw_fastrtps_cpp: 6.2.2 (/opt/ros/humble/share/rmw_fastrtps_cpp/cmake)
-- Using RMW implementation 'rmw_fastrtps_cpp' as default
-- Found sensor_msgs: 4.2.3 (/opt/ros/humble/share/sensor_msgs/cmake)
-- Found cv_bridge: 3.2.1 (/opt/ros/humble/share/cv_bridge/cmake)
-- Found image_tools: 0.20.3 (/opt/ros/humble/share/image_tools/cmake)
-- Configuring done
-- Generating done
-- Build files have been written to: /home/ram-user/ASDFR/build/image_processing
[35m[1mConsolidate compiler generated dependencies of target brightness_check[0m
[ 12%] [32mBuilding CXX object CMakeFiles/brightness_check.dir/src/brightness_check.cpp.o[0m
[ 25%] [32m[1mLinking CXX executable brightness_check[0m
[ 25%] Built target brightness_check
[ 37%] [32mBuilding CXX object CMakeFiles/grayscale_converter.dir/src/grayscale_converter.cpp.o[0m
[ 50%] [32m[1mLinking CXX executable grayscale_converter[0m
[ 50%] Built target grayscale_converter
[ 62%] [32mBuilding CXX object CMakeFiles/threshold_converter.dir/src/threshold_converter.cpp.o[0m
[ 75%] [32m[1mLinking CXX executable threshold_converter[0m
[ 75%] Built target threshold_converter
[35m[1mConsolidate compiler generated dependencies of target light_tracker[0m
[100%] Built target light_tracker
-- Install configuration: ""
-- Installing: /home/ram-user/ASDFR/install/image_processing/lib/image_processing/brightness_check
-- Set runtime path of "/home/ram-user/ASDFR/install/image_processing/lib/image_processing/brightness_check" to ""
-- Installing: /home/ram-user/ASDFR/install/image_processing/lib/image_processing/grayscale_converter
-- Set runtime path of "/home/ram-user/ASDFR/install/image_processing/lib/image_processing/grayscale_converter" to ""
-- Installing: /home/ram-user/ASDFR/install/image_processing/lib/image_processing/threshold_converter
-- Set runtime path of "/home/ram-user/ASDFR/install/image_processing/lib/image_processing/threshold_converter" to ""
-- Up-to-date: /home/ram-user/ASDFR/install/image_processing/lib/image_processing/light_tracker
-- Up-to-date: /home/ram-user/ASDFR/install/image_processing/share/ament_index/resource_index/package_run_dependencies/image_processing
-- Installing: /home/ram-user/ASDFR/install/image_processing/share/ament_index/resource_index/parent_prefix_path/image_processing
-- Up-to-date: /home/ram-user/ASDFR/install/image_processing/share/image_processing/environment/ament_prefix_path.sh
-- Installing: /home/ram-user/ASDFR/install/image_processing/share/image_processing/environment/ament_prefix_path.dsv
-- Up-to-date: /home/ram-user/ASDFR/install/image_processing/share/image_processing/environment/path.sh
-- Installing: /home/ram-user/ASDFR/install/image_processing/share/image_processing/environment/path.dsv
-- Up-to-date: /home/ram-user/ASDFR/install/image_processing/share/image_processing/local_setup.bash
-- Up-to-date: /home/ram-user/ASDFR/install/image_processing/share/image_processing/local_setup.sh
-- Up-to-date: /home/ram-user/ASDFR/install/image_processing/share/image_processing/local_setup.zsh
-- Installing: /home/ram-user/ASDFR/install/image_processing/share/image_processing/local_setup.dsv
-- Installing: /home/ram-user/ASDFR/install/image_processing/share/image_processing/package.dsv
-- Up-to-date: /home/ram-user/ASDFR/install/image_processing/share/ament_index/resource_index/packages/image_processing
-- Up-to-date: /home/ram-user/ASDFR/install/image_processing/share/image_processing/cmake/image_processingConfig.cmake
-- Up-to-date: /home/ram-user/ASDFR/install/image_processing/share/image_processing/cmake/image_processingConfig-version.cmake
-- Installing: /home/ram-user/ASDFR/install/image_processing/share/image_processing/package.xml
