[0.349s] Invoking command in '/home/ram-user/ASDFR/build/jiwy_simulator': AMENT_PREFIX_PATH=/home/ram-user/ASDFR/install/asdfr_interfaces:${AMENT_PREFIX_PATH} CMAKE_PREFIX_PATH=/home/ram-user/ASDFR/install/asdfr_interfaces:/opt/ros/humble LD_LIBRARY_PATH=/home/ram-user/ASDFR/install/asdfr_interfaces/lib:${LD_LIBRARY_PATH} PYTHONPATH=/home/ram-user/ASDFR/install/asdfr_interfaces/local/lib/python3.10/dist-packages:${PYTHONPATH} /usr/bin/cmake --build /home/ram-user/ASDFR/build/jiwy_simulator -- -j2 -l2
[0.762s] [35m[1mConsolidate compiler generated dependencies of target jiwy_simulator[0m
[0.893s] [100%] Built target jiwy_simulator
[1.016s] Invoked command in '/home/ram-user/ASDFR/build/jiwy_simulator' returned '0': AMENT_PREFIX_PATH=/home/ram-user/ASDFR/install/asdfr_interfaces:${AMENT_PREFIX_PATH} CMAKE_PREFIX_PATH=/home/ram-user/ASDFR/install/asdfr_interfaces:/opt/ros/humble LD_LIBRARY_PATH=/home/ram-user/ASDFR/install/asdfr_interfaces/lib:${LD_LIBRARY_PATH} PYTHONPATH=/home/ram-user/ASDFR/install/asdfr_interfaces/local/lib/python3.10/dist-packages:${PYTHONPATH} /usr/bin/cmake --build /home/ram-user/ASDFR/build/jiwy_simulator -- -j2 -l2
[1.363s] Invoking command in '/home/ram-user/ASDFR/build/jiwy_simulator': AMENT_PREFIX_PATH=/home/ram-user/ASDFR/install/asdfr_interfaces:${AMENT_PREFIX_PATH} CMAKE_PREFIX_PATH=/home/ram-user/ASDFR/install/asdfr_interfaces:/opt/ros/humble LD_LIBRARY_PATH=/home/ram-user/ASDFR/install/asdfr_interfaces/lib:${LD_LIBRARY_PATH} PYTHONPATH=/home/ram-user/ASDFR/install/asdfr_interfaces/local/lib/python3.10/dist-packages:${PYTHONPATH} /usr/bin/cmake --install /home/ram-user/ASDFR/build/jiwy_simulator
[1.397s] -- Install configuration: ""
[1.410s] -- Up-to-date: /home/ram-user/ASDFR/install/jiwy_simulator/lib/jiwy_simulator/jiwy_simulator
[1.422s] -- Up-to-date: /home/ram-user/ASDFR/install/jiwy_simulator/share/ament_index/resource_index/package_run_dependencies/jiwy_simulator
[1.424s] -- Up-to-date: /home/ram-user/ASDFR/install/jiwy_simulator/share/ament_index/resource_index/parent_prefix_path/jiwy_simulator
[1.426s] -- Up-to-date: /home/ram-user/ASDFR/install/jiwy_simulator/share/jiwy_simulator/environment/ament_prefix_path.sh
[1.428s] -- Up-to-date: /home/ram-user/ASDFR/install/jiwy_simulator/share/jiwy_simulator/environment/ament_prefix_path.dsv
[1.430s] -- Up-to-date: /home/ram-user/ASDFR/install/jiwy_simulator/share/jiwy_simulator/environment/path.sh
[1.432s] -- Up-to-date: /home/ram-user/ASDFR/install/jiwy_simulator/share/jiwy_simulator/environment/path.dsv
[1.434s] -- Up-to-date: /home/ram-user/ASDFR/install/jiwy_simulator/share/jiwy_simulator/local_setup.bash
[1.436s] -- Up-to-date: /home/ram-user/ASDFR/install/jiwy_simulator/share/jiwy_simulator/local_setup.sh
[1.437s] -- Up-to-date: /home/ram-user/ASDFR/install/jiwy_simulator/share/jiwy_simulator/local_setup.zsh
[1.438s] -- Up-to-date: /home/ram-user/ASDFR/install/jiwy_simulator/share/jiwy_simulator/local_setup.dsv
[1.459s] -- Installing: /home/ram-user/ASDFR/install/jiwy_simulator/share/jiwy_simulator/package.dsv
[1.469s] -- Up-to-date: /home/ram-user/ASDFR/install/jiwy_simulator/share/ament_index/resource_index/packages/jiwy_simulator
[1.470s] -- Up-to-date: /home/ram-user/ASDFR/install/jiwy_simulator/share/jiwy_simulator/cmake/jiwy_simulatorConfig.cmake
[1.470s] -- Up-to-date: /home/ram-user/ASDFR/install/jiwy_simulator/share/jiwy_simulator/cmake/jiwy_simulatorConfig-version.cmake
[1.470s] -- Up-to-date: /home/ram-user/ASDFR/install/jiwy_simulator/share/jiwy_simulator/package.xml
[1.475s] -- Up-to-date: /home/ram-user/ASDFR/install/jiwy_simulator/share/jiwy_simulator//launch
[1.476s] -- Up-to-date: /home/ram-user/ASDFR/install/jiwy_simulator/share/jiwy_simulator//launch/jiwy_simulator.launch.py
[1.487s] Invoked command in '/home/ram-user/ASDFR/build/jiwy_simulator' returned '0': AMENT_PREFIX_PATH=/home/ram-user/ASDFR/install/asdfr_interfaces:${AMENT_PREFIX_PATH} CMAKE_PREFIX_PATH=/home/ram-user/ASDFR/install/asdfr_interfaces:/opt/ros/humble LD_LIBRARY_PATH=/home/ram-user/ASDFR/install/asdfr_interfaces/lib:${LD_LIBRARY_PATH} PYTHONPATH=/home/ram-user/ASDFR/install/asdfr_interfaces/local/lib/python3.10/dist-packages:${PYTHONPATH} /usr/bin/cmake --install /home/ram-user/ASDFR/build/jiwy_simulator
