[35m[1mConsolidate compiler generated dependencies of target brightness_check[0m
[ 50%] [32mBuilding CXX object CMakeFiles/brightness_check.dir/src/brightness_check.cpp.o[0m
[100%] [32m[1mLinking CXX executable brightness_check[0m
[100%] Built target brightness_check
-- Install configuration: ""
-- Installing: /home/ram-user/ASDFR/install/image_processing/lib/image_processing/brightness_check
-- Set runtime path of "/home/ram-user/ASDFR/install/image_processing/lib/image_processing/brightness_check" to ""
-- Installing: /home/ram-user/ASDFR/install/image_processing/share/ament_index/resource_index/package_run_dependencies/image_processing
-- Up-to-date: /home/ram-user/ASDFR/install/image_processing/share/ament_index/resource_index/parent_prefix_path/image_processing
-- Up-to-date: /home/ram-user/ASDFR/install/image_processing/share/image_processing/environment/ament_prefix_path.sh
-- Installing: /home/ram-user/ASDFR/install/image_processing/share/image_processing/environment/ament_prefix_path.dsv
-- Up-to-date: /home/ram-user/ASDFR/install/image_processing/share/image_processing/environment/path.sh
-- Installing: /home/ram-user/ASDFR/install/image_processing/share/image_processing/environment/path.dsv
-- Up-to-date: /home/ram-user/ASDFR/install/image_processing/share/image_processing/local_setup.bash
-- Up-to-date: /home/ram-user/ASDFR/install/image_processing/share/image_processing/local_setup.sh
-- Up-to-date: /home/ram-user/ASDFR/install/image_processing/share/image_processing/local_setup.zsh
-- Installing: /home/ram-user/ASDFR/install/image_processing/share/image_processing/local_setup.dsv
-- Installing: /home/ram-user/ASDFR/install/image_processing/share/image_processing/package.dsv
-- Up-to-date: /home/ram-user/ASDFR/install/image_processing/share/ament_index/resource_index/packages/image_processing
-- Up-to-date: /home/ram-user/ASDFR/install/image_processing/share/image_processing/cmake/image_processingConfig.cmake
-- Up-to-date: /home/ram-user/ASDFR/install/image_processing/share/image_processing/cmake/image_processingConfig-version.cmake
-- Installing: /home/ram-user/ASDFR/install/image_processing/share/image_processing/package.xml
