[0.044s] Invoking command in '/home/ram-user/ASDFR/build/image_processing': CMAKE_PREFIX_PATH=${CMAKE_PREFIX_PATH}:/opt/ros/humble /usr/bin/cmake --build /home/ram-user/ASDFR/build/image_processing -- -j2 -l2
[0.252s] [ 20%] Built target brightness_check
[0.274s] [ 40%] Built target grayscaler
[0.370s] [ 60%] Built target light_tracker
[0.385s] [ 80%] Built target brightmask
[0.427s] [100%] Built target SimpleSub
[0.479s] Invoked command in '/home/ram-user/ASDFR/build/image_processing' returned '0': CMAKE_PREFIX_PATH=${CMAKE_PREFIX_PATH}:/opt/ros/humble /usr/bin/cmake --build /home/ram-user/ASDFR/build/image_processing -- -j2 -l2
[0.620s] Invoking command in '/home/ram-user/ASDFR/build/image_processing': CMAKE_PREFIX_PATH=${CMAKE_PREFIX_PATH}:/opt/ros/humble /usr/bin/cmake --install /home/ram-user/ASDFR/build/image_processing
[0.649s] -- Install configuration: ""
[0.649s] -- Up-to-date: /home/ram-user/ASDFR/install/image_processing/lib/image_processing/brightness_check
[0.649s] -- Up-to-date: /home/ram-user/ASDFR/install/image_processing/lib/image_processing/grayscaler
[0.649s] -- Up-to-date: /home/ram-user/ASDFR/install/image_processing/lib/image_processing/brightmask
[0.649s] -- Up-to-date: /home/ram-user/ASDFR/install/image_processing/lib/image_processing/light_tracker
[0.649s] -- Up-to-date: /home/ram-user/ASDFR/install/image_processing/lib/image_processing/SimpleSub
[0.650s] -- Up-to-date: /home/ram-user/ASDFR/install/image_processing/share/ament_index/resource_index/package_run_dependencies/image_processing
[0.650s] -- Up-to-date: /home/ram-user/ASDFR/install/image_processing/share/ament_index/resource_index/parent_prefix_path/image_processing
[0.650s] -- Up-to-date: /home/ram-user/ASDFR/install/image_processing/share/image_processing/environment/ament_prefix_path.sh
[0.650s] -- Up-to-date: /home/ram-user/ASDFR/install/image_processing/share/image_processing/environment/ament_prefix_path.dsv
[0.650s] -- Up-to-date: /home/ram-user/ASDFR/install/image_processing/share/image_processing/environment/path.sh
[0.650s] -- Up-to-date: /home/ram-user/ASDFR/install/image_processing/share/image_processing/environment/path.dsv
[0.650s] -- Up-to-date: /home/ram-user/ASDFR/install/image_processing/share/image_processing/local_setup.bash
[0.650s] -- Up-to-date: /home/ram-user/ASDFR/install/image_processing/share/image_processing/local_setup.sh
[0.650s] -- Up-to-date: /home/ram-user/ASDFR/install/image_processing/share/image_processing/local_setup.zsh
[0.650s] -- Up-to-date: /home/ram-user/ASDFR/install/image_processing/share/image_processing/local_setup.dsv
[0.650s] -- Installing: /home/ram-user/ASDFR/install/image_processing/share/image_processing/package.dsv
[0.650s] -- Up-to-date: /home/ram-user/ASDFR/install/image_processing/share/ament_index/resource_index/packages/image_processing
[0.651s] -- Up-to-date: /home/ram-user/ASDFR/install/image_processing/share/image_processing/cmake/image_processingConfig.cmake
[0.651s] -- Up-to-date: /home/ram-user/ASDFR/install/image_processing/share/image_processing/cmake/image_processingConfig-version.cmake
[0.651s] -- Up-to-date: /home/ram-user/ASDFR/install/image_processing/share/image_processing/package.xml
[0.652s] Invoked command in '/home/ram-user/ASDFR/build/image_processing' returned '0': CMAKE_PREFIX_PATH=${CMAKE_PREFIX_PATH}:/opt/ros/humble /usr/bin/cmake --install /home/ram-user/ASDFR/build/image_processing
