[0.322s] DEBUG:colcon:Command line arguments: ['/usr/bin/colcon', 'build']
[0.322s] DEBUG:colcon:Parsed command line arguments: Namespace(log_base=None, log_level=None, verb_name='build', build_base='build', install_base='install', merge_install=False, symlink_install=False, test_result_base=None, continue_on_error=False, executor='parallel', parallel_workers=2, event_handlers=None, ignore_user_meta=False, metas=['./colcon.meta'], base_paths=['.'], packages_ignore=None, packages_ignore_regex=None, paths=None, packages_up_to=None, packages_up_to_regex=None, packages_above=None, packages_above_and_dependencies=None, packages_above_depth=None, packages_select_by_dep=None, packages_skip_by_dep=None, packages_skip_up_to=None, packages_select_build_failed=False, packages_skip_build_finished=False, packages_select_test_failures=False, packages_skip_test_passed=False, packages_select=None, packages_skip=None, packages_select_regex=None, packages_skip_regex=None, packages_start=None, packages_end=None, allow_overriding=[], cmake_args=None, cmake_target=None, cmake_target_skip_unavailable=False, cmake_clean_cache=False, cmake_clean_first=False, cmake_force_configure=False, ament_cmake_args=None, catkin_cmake_args=None, catkin_skip_building_tests=False, verb_parser=<colcon_defaults.argument_parser.defaults.DefaultArgumentsDecorator object at 0x7f5d662f8880>, verb_extension=<colcon_core.verb.build.BuildVerb object at 0x7f5d66c1f370>, main=<bound method BuildVerb.main of <colcon_core.verb.build.BuildVerb object at 0x7f5d66c1f370>>)
[0.346s] Level 1:colcon.colcon_core.package_discovery:discover_packages(colcon_meta) check parameters
[0.346s] Level 1:colcon.colcon_core.package_discovery:discover_packages(recursive) check parameters
[0.346s] Level 1:colcon.colcon_core.package_discovery:discover_packages(ignore) check parameters
[0.346s] Level 1:colcon.colcon_core.package_discovery:discover_packages(path) check parameters
[0.346s] Level 1:colcon.colcon_core.package_discovery:discover_packages(colcon_meta) discover
[0.346s] Level 1:colcon.colcon_core.package_discovery:discover_packages(recursive) discover
[0.346s] INFO:colcon.colcon_core.package_discovery:Crawling recursively for packages in '/home/ram-user/ASDFR'
[0.346s] Level 1:colcon.colcon_core.package_identification:_identify(.) by extensions ['ignore', 'ignore_ament_install']
[0.346s] Level 1:colcon.colcon_core.package_identification:_identify(.) by extension 'ignore'
[0.346s] Level 1:colcon.colcon_core.package_identification:_identify(.) by extension 'ignore_ament_install'
[0.346s] Level 1:colcon.colcon_core.package_identification:_identify(.) by extensions ['colcon_pkg']
[0.346s] Level 1:colcon.colcon_core.package_identification:_identify(.) by extension 'colcon_pkg'
[0.346s] Level 1:colcon.colcon_core.package_identification:_identify(.) by extensions ['colcon_meta']
[0.347s] Level 1:colcon.colcon_core.package_identification:_identify(.) by extension 'colcon_meta'
[0.347s] Level 1:colcon.colcon_core.package_identification:_identify(.) by extensions ['ros']
[0.347s] Level 1:colcon.colcon_core.package_identification:_identify(.) by extension 'ros'
[0.357s] Level 1:colcon.colcon_core.package_identification:_identify(.) by extensions ['cmake', 'python']
[0.357s] Level 1:colcon.colcon_core.package_identification:_identify(.) by extension 'cmake'
[0.357s] Level 1:colcon.colcon_core.package_identification:_identify(.) by extension 'python'
[0.357s] Level 1:colcon.colcon_core.package_identification:_identify(.) by extensions ['python_setup_py']
[0.357s] Level 1:colcon.colcon_core.package_identification:_identify(.) by extension 'python_setup_py'
[0.357s] Level 1:colcon.colcon_core.package_identification:_identify(build) by extensions ['ignore', 'ignore_ament_install']
[0.358s] Level 1:colcon.colcon_core.package_identification:_identify(build) by extension 'ignore'
[0.358s] Level 1:colcon.colcon_core.package_identification:_identify(build) ignored
[0.358s] Level 1:colcon.colcon_core.package_identification:_identify(install) by extensions ['ignore', 'ignore_ament_install']
[0.358s] Level 1:colcon.colcon_core.package_identification:_identify(install) by extension 'ignore'
[0.358s] Level 1:colcon.colcon_core.package_identification:_identify(install) ignored
[0.358s] Level 1:colcon.colcon_core.package_identification:_identify(log) by extensions ['ignore', 'ignore_ament_install']
[0.358s] Level 1:colcon.colcon_core.package_identification:_identify(log) by extension 'ignore'
[0.358s] Level 1:colcon.colcon_core.package_identification:_identify(log) ignored
[0.358s] Level 1:colcon.colcon_core.package_identification:_identify(src) by extensions ['ignore', 'ignore_ament_install']
[0.358s] Level 1:colcon.colcon_core.package_identification:_identify(src) by extension 'ignore'
[0.358s] Level 1:colcon.colcon_core.package_identification:_identify(src) by extension 'ignore_ament_install'
[0.358s] Level 1:colcon.colcon_core.package_identification:_identify(src) by extensions ['colcon_pkg']
[0.359s] Level 1:colcon.colcon_core.package_identification:_identify(src) by extension 'colcon_pkg'
[0.359s] Level 1:colcon.colcon_core.package_identification:_identify(src) by extensions ['colcon_meta']
[0.359s] Level 1:colcon.colcon_core.package_identification:_identify(src) by extension 'colcon_meta'
[0.359s] Level 1:colcon.colcon_core.package_identification:_identify(src) by extensions ['ros']
[0.359s] Level 1:colcon.colcon_core.package_identification:_identify(src) by extension 'ros'
[0.359s] Level 1:colcon.colcon_core.package_identification:_identify(src) by extensions ['cmake', 'python']
[0.359s] Level 1:colcon.colcon_core.package_identification:_identify(src) by extension 'cmake'
[0.359s] Level 1:colcon.colcon_core.package_identification:_identify(src) by extension 'python'
[0.359s] Level 1:colcon.colcon_core.package_identification:_identify(src) by extensions ['python_setup_py']
[0.359s] Level 1:colcon.colcon_core.package_identification:_identify(src) by extension 'python_setup_py'
[0.359s] Level 1:colcon.colcon_core.package_identification:_identify(src/build) by extensions ['ignore', 'ignore_ament_install']
[0.359s] Level 1:colcon.colcon_core.package_identification:_identify(src/build) by extension 'ignore'
[0.359s] Level 1:colcon.colcon_core.package_identification:_identify(src/build) by extension 'ignore_ament_install'
[0.359s] Level 1:colcon.colcon_core.package_identification:_identify(src/build) by extensions ['colcon_pkg']
[0.359s] Level 1:colcon.colcon_core.package_identification:_identify(src/build) by extension 'colcon_pkg'
[0.359s] Level 1:colcon.colcon_core.package_identification:_identify(src/build) by extensions ['colcon_meta']
[0.359s] Level 1:colcon.colcon_core.package_identification:_identify(src/build) by extension 'colcon_meta'
[0.359s] Level 1:colcon.colcon_core.package_identification:_identify(src/build) by extensions ['ros']
[0.359s] Level 1:colcon.colcon_core.package_identification:_identify(src/build) by extension 'ros'
[0.360s] Level 1:colcon.colcon_core.package_identification:_identify(src/build) by extensions ['cmake', 'python']
[0.360s] Level 1:colcon.colcon_core.package_identification:_identify(src/build) by extension 'cmake'
[0.360s] Level 1:colcon.colcon_core.package_identification:_identify(src/build) by extension 'python'
[0.360s] Level 1:colcon.colcon_core.package_identification:_identify(src/build) by extensions ['python_setup_py']
[0.360s] Level 1:colcon.colcon_core.package_identification:_identify(src/build) by extension 'python_setup_py'
[0.360s] Level 1:colcon.colcon_core.package_identification:_identify(src/image_processing) by extensions ['ignore', 'ignore_ament_install']
[0.360s] Level 1:colcon.colcon_core.package_identification:_identify(src/image_processing) by extension 'ignore'
[0.360s] Level 1:colcon.colcon_core.package_identification:_identify(src/image_processing) by extension 'ignore_ament_install'
[0.360s] Level 1:colcon.colcon_core.package_identification:_identify(src/image_processing) by extensions ['colcon_pkg']
[0.360s] Level 1:colcon.colcon_core.package_identification:_identify(src/image_processing) by extension 'colcon_pkg'
[0.360s] Level 1:colcon.colcon_core.package_identification:_identify(src/image_processing) by extensions ['colcon_meta']
[0.360s] Level 1:colcon.colcon_core.package_identification:_identify(src/image_processing) by extension 'colcon_meta'
[0.360s] Level 1:colcon.colcon_core.package_identification:_identify(src/image_processing) by extensions ['ros']
[0.360s] Level 1:colcon.colcon_core.package_identification:_identify(src/image_processing) by extension 'ros'
[0.363s] DEBUG:colcon.colcon_core.package_identification:Package 'src/image_processing' with type 'ros.ament_cmake' and name 'image_processing'
[0.363s] Level 1:colcon.colcon_core.package_identification:_identify(src/install) by extensions ['ignore', 'ignore_ament_install']
[0.363s] Level 1:colcon.colcon_core.package_identification:_identify(src/install) by extension 'ignore'
[0.363s] Level 1:colcon.colcon_core.package_identification:_identify(src/install) by extension 'ignore_ament_install'
[0.363s] Level 1:colcon.colcon_core.package_identification:_identify(src/install) by extensions ['colcon_pkg']
[0.363s] Level 1:colcon.colcon_core.package_identification:_identify(src/install) by extension 'colcon_pkg'
[0.363s] Level 1:colcon.colcon_core.package_identification:_identify(src/install) by extensions ['colcon_meta']
[0.363s] Level 1:colcon.colcon_core.package_identification:_identify(src/install) by extension 'colcon_meta'
[0.363s] Level 1:colcon.colcon_core.package_identification:_identify(src/install) by extensions ['ros']
[0.363s] Level 1:colcon.colcon_core.package_identification:_identify(src/install) by extension 'ros'
[0.363s] Level 1:colcon.colcon_core.package_identification:_identify(src/install) by extensions ['cmake', 'python']
[0.363s] Level 1:colcon.colcon_core.package_identification:_identify(src/install) by extension 'cmake'
[0.363s] Level 1:colcon.colcon_core.package_identification:_identify(src/install) by extension 'python'
[0.363s] Level 1:colcon.colcon_core.package_identification:_identify(src/install) by extensions ['python_setup_py']
[0.363s] Level 1:colcon.colcon_core.package_identification:_identify(src/install) by extension 'python_setup_py'
[0.364s] Level 1:colcon.colcon_core.package_identification:_identify(src/log) by extensions ['ignore', 'ignore_ament_install']
[0.364s] Level 1:colcon.colcon_core.package_identification:_identify(src/log) by extension 'ignore'
[0.364s] Level 1:colcon.colcon_core.package_identification:_identify(src/log) ignored
[0.364s] Level 1:colcon.colcon_core.package_identification:_identify(src/ros2_nodes) by extensions ['ignore', 'ignore_ament_install']
[0.364s] Level 1:colcon.colcon_core.package_identification:_identify(src/ros2_nodes) by extension 'ignore'
[0.364s] Level 1:colcon.colcon_core.package_identification:_identify(src/ros2_nodes) by extension 'ignore_ament_install'
[0.364s] Level 1:colcon.colcon_core.package_identification:_identify(src/ros2_nodes) by extensions ['colcon_pkg']
[0.364s] Level 1:colcon.colcon_core.package_identification:_identify(src/ros2_nodes) by extension 'colcon_pkg'
[0.364s] Level 1:colcon.colcon_core.package_identification:_identify(src/ros2_nodes) by extensions ['colcon_meta']
[0.364s] Level 1:colcon.colcon_core.package_identification:_identify(src/ros2_nodes) by extension 'colcon_meta'
[0.364s] Level 1:colcon.colcon_core.package_identification:_identify(src/ros2_nodes) by extensions ['ros']
[0.364s] Level 1:colcon.colcon_core.package_identification:_identify(src/ros2_nodes) by extension 'ros'
[0.364s] Level 1:colcon.colcon_core.package_identification:_identify(src/ros2_nodes) by extensions ['cmake', 'python']
[0.364s] Level 1:colcon.colcon_core.package_identification:_identify(src/ros2_nodes) by extension 'cmake'
[0.364s] Level 1:colcon.colcon_core.package_identification:_identify(src/ros2_nodes) by extension 'python'
[0.364s] Level 1:colcon.colcon_core.package_identification:_identify(src/ros2_nodes) by extensions ['python_setup_py']
[0.364s] Level 1:colcon.colcon_core.package_identification:_identify(src/ros2_nodes) by extension 'python_setup_py'
[0.364s] Level 1:colcon.colcon_core.package_identification:_identify(src/ros2_nodes/build) by extensions ['ignore', 'ignore_ament_install']
[0.365s] Level 1:colcon.colcon_core.package_identification:_identify(src/ros2_nodes/build) by extension 'ignore'
[0.365s] Level 1:colcon.colcon_core.package_identification:_identify(src/ros2_nodes/build) ignored
[0.365s] Level 1:colcon.colcon_core.package_identification:_identify(src/ros2_nodes/install) by extensions ['ignore', 'ignore_ament_install']
[0.365s] Level 1:colcon.colcon_core.package_identification:_identify(src/ros2_nodes/install) by extension 'ignore'
[0.365s] Level 1:colcon.colcon_core.package_identification:_identify(src/ros2_nodes/install) ignored
[0.365s] Level 1:colcon.colcon_core.package_identification:_identify(src/ros2_nodes/launch) by extensions ['ignore', 'ignore_ament_install']
[0.365s] Level 1:colcon.colcon_core.package_identification:_identify(src/ros2_nodes/launch) by extension 'ignore'
[0.365s] Level 1:colcon.colcon_core.package_identification:_identify(src/ros2_nodes/launch) by extension 'ignore_ament_install'
[0.365s] Level 1:colcon.colcon_core.package_identification:_identify(src/ros2_nodes/launch) by extensions ['colcon_pkg']
[0.365s] Level 1:colcon.colcon_core.package_identification:_identify(src/ros2_nodes/launch) by extension 'colcon_pkg'
[0.365s] Level 1:colcon.colcon_core.package_identification:_identify(src/ros2_nodes/launch) by extensions ['colcon_meta']
[0.365s] Level 1:colcon.colcon_core.package_identification:_identify(src/ros2_nodes/launch) by extension 'colcon_meta'
[0.365s] Level 1:colcon.colcon_core.package_identification:_identify(src/ros2_nodes/launch) by extensions ['ros']
[0.365s] Level 1:colcon.colcon_core.package_identification:_identify(src/ros2_nodes/launch) by extension 'ros'
[0.365s] Level 1:colcon.colcon_core.package_identification:_identify(src/ros2_nodes/launch) by extensions ['cmake', 'python']
[0.365s] Level 1:colcon.colcon_core.package_identification:_identify(src/ros2_nodes/launch) by extension 'cmake'
[0.365s] Level 1:colcon.colcon_core.package_identification:_identify(src/ros2_nodes/launch) by extension 'python'
[0.366s] Level 1:colcon.colcon_core.package_identification:_identify(src/ros2_nodes/launch) by extensions ['python_setup_py']
[0.366s] Level 1:colcon.colcon_core.package_identification:_identify(src/ros2_nodes/launch) by extension 'python_setup_py'
[0.366s] Level 1:colcon.colcon_core.package_identification:_identify(src/ros2_nodes/launch/__pycache__) by extensions ['ignore', 'ignore_ament_install']
[0.366s] Level 1:colcon.colcon_core.package_identification:_identify(src/ros2_nodes/launch/__pycache__) by extension 'ignore'
[0.366s] Level 1:colcon.colcon_core.package_identification:_identify(src/ros2_nodes/launch/__pycache__) by extension 'ignore_ament_install'
[0.366s] Level 1:colcon.colcon_core.package_identification:_identify(src/ros2_nodes/launch/__pycache__) by extensions ['colcon_pkg']
[0.366s] Level 1:colcon.colcon_core.package_identification:_identify(src/ros2_nodes/launch/__pycache__) by extension 'colcon_pkg'
[0.366s] Level 1:colcon.colcon_core.package_identification:_identify(src/ros2_nodes/launch/__pycache__) by extensions ['colcon_meta']
[0.366s] Level 1:colcon.colcon_core.package_identification:_identify(src/ros2_nodes/launch/__pycache__) by extension 'colcon_meta'
[0.366s] Level 1:colcon.colcon_core.package_identification:_identify(src/ros2_nodes/launch/__pycache__) by extensions ['ros']
[0.366s] Level 1:colcon.colcon_core.package_identification:_identify(src/ros2_nodes/launch/__pycache__) by extension 'ros'
[0.366s] Level 1:colcon.colcon_core.package_identification:_identify(src/ros2_nodes/launch/__pycache__) by extensions ['cmake', 'python']
[0.366s] Level 1:colcon.colcon_core.package_identification:_identify(src/ros2_nodes/launch/__pycache__) by extension 'cmake'
[0.366s] Level 1:colcon.colcon_core.package_identification:_identify(src/ros2_nodes/launch/__pycache__) by extension 'python'
[0.366s] Level 1:colcon.colcon_core.package_identification:_identify(src/ros2_nodes/launch/__pycache__) by extensions ['python_setup_py']
[0.366s] Level 1:colcon.colcon_core.package_identification:_identify(src/ros2_nodes/launch/__pycache__) by extension 'python_setup_py'
[0.366s] Level 1:colcon.colcon_core.package_identification:_identify(src/ros2_nodes/launch/build) by extensions ['ignore', 'ignore_ament_install']
[0.366s] Level 1:colcon.colcon_core.package_identification:_identify(src/ros2_nodes/launch/build) by extension 'ignore'
[0.366s] Level 1:colcon.colcon_core.package_identification:_identify(src/ros2_nodes/launch/build) ignored
[0.367s] Level 1:colcon.colcon_core.package_identification:_identify(src/ros2_nodes/launch/install) by extensions ['ignore', 'ignore_ament_install']
[0.367s] Level 1:colcon.colcon_core.package_identification:_identify(src/ros2_nodes/launch/install) by extension 'ignore'
[0.367s] Level 1:colcon.colcon_core.package_identification:_identify(src/ros2_nodes/launch/install) ignored
[0.367s] Level 1:colcon.colcon_core.package_identification:_identify(src/ros2_nodes/launch/log) by extensions ['ignore', 'ignore_ament_install']
[0.367s] Level 1:colcon.colcon_core.package_identification:_identify(src/ros2_nodes/launch/log) by extension 'ignore'
[0.367s] Level 1:colcon.colcon_core.package_identification:_identify(src/ros2_nodes/launch/log) ignored
[0.367s] Level 1:colcon.colcon_core.package_identification:_identify(src/ros2_nodes/log) by extensions ['ignore', 'ignore_ament_install']
[0.367s] Level 1:colcon.colcon_core.package_identification:_identify(src/ros2_nodes/log) by extension 'ignore'
[0.367s] Level 1:colcon.colcon_core.package_identification:_identify(src/ros2_nodes/log) ignored
[0.367s] Level 1:colcon.colcon_core.package_identification:_identify(src/ros2_nodes/src) by extensions ['ignore', 'ignore_ament_install']
[0.367s] Level 1:colcon.colcon_core.package_identification:_identify(src/ros2_nodes/src) by extension 'ignore'
[0.367s] Level 1:colcon.colcon_core.package_identification:_identify(src/ros2_nodes/src) by extension 'ignore_ament_install'
[0.367s] Level 1:colcon.colcon_core.package_identification:_identify(src/ros2_nodes/src) by extensions ['colcon_pkg']
[0.367s] Level 1:colcon.colcon_core.package_identification:_identify(src/ros2_nodes/src) by extension 'colcon_pkg'
[0.367s] Level 1:colcon.colcon_core.package_identification:_identify(src/ros2_nodes/src) by extensions ['colcon_meta']
[0.367s] Level 1:colcon.colcon_core.package_identification:_identify(src/ros2_nodes/src) by extension 'colcon_meta'
[0.367s] Level 1:colcon.colcon_core.package_identification:_identify(src/ros2_nodes/src) by extensions ['ros']
[0.368s] Level 1:colcon.colcon_core.package_identification:_identify(src/ros2_nodes/src) by extension 'ros'
[0.368s] Level 1:colcon.colcon_core.package_identification:_identify(src/ros2_nodes/src) by extensions ['cmake', 'python']
[0.368s] Level 1:colcon.colcon_core.package_identification:_identify(src/ros2_nodes/src) by extension 'cmake'
[0.368s] Level 1:colcon.colcon_core.package_identification:_identify(src/ros2_nodes/src) by extension 'python'
[0.368s] Level 1:colcon.colcon_core.package_identification:_identify(src/ros2_nodes/src) by extensions ['python_setup_py']
[0.368s] Level 1:colcon.colcon_core.package_identification:_identify(src/ros2_nodes/src) by extension 'python_setup_py'
[0.368s] Level 1:colcon.colcon_core.package_identification:_identify(src/ros2_nodes/src/asdfr_interfaces) by extensions ['ignore', 'ignore_ament_install']
[0.368s] Level 1:colcon.colcon_core.package_identification:_identify(src/ros2_nodes/src/asdfr_interfaces) by extension 'ignore'
[0.368s] Level 1:colcon.colcon_core.package_identification:_identify(src/ros2_nodes/src/asdfr_interfaces) by extension 'ignore_ament_install'
[0.368s] Level 1:colcon.colcon_core.package_identification:_identify(src/ros2_nodes/src/asdfr_interfaces) by extensions ['colcon_pkg']
[0.368s] Level 1:colcon.colcon_core.package_identification:_identify(src/ros2_nodes/src/asdfr_interfaces) by extension 'colcon_pkg'
[0.368s] Level 1:colcon.colcon_core.package_identification:_identify(src/ros2_nodes/src/asdfr_interfaces) by extensions ['colcon_meta']
[0.368s] Level 1:colcon.colcon_core.package_identification:_identify(src/ros2_nodes/src/asdfr_interfaces) by extension 'colcon_meta'
[0.368s] Level 1:colcon.colcon_core.package_identification:_identify(src/ros2_nodes/src/asdfr_interfaces) by extensions ['ros']
[0.368s] Level 1:colcon.colcon_core.package_identification:_identify(src/ros2_nodes/src/asdfr_interfaces) by extension 'ros'
[0.369s] DEBUG:colcon.colcon_core.package_identification:Package 'src/ros2_nodes/src/asdfr_interfaces' with type 'ros.ament_cmake' and name 'asdfr_interfaces'
[0.369s] Level 1:colcon.colcon_core.package_identification:_identify(src/ros2_nodes/src/build) by extensions ['ignore', 'ignore_ament_install']
[0.369s] Level 1:colcon.colcon_core.package_identification:_identify(src/ros2_nodes/src/build) by extension 'ignore'
[0.369s] Level 1:colcon.colcon_core.package_identification:_identify(src/ros2_nodes/src/build) ignored
[0.369s] Level 1:colcon.colcon_core.package_identification:_identify(src/ros2_nodes/src/install) by extensions ['ignore', 'ignore_ament_install']
[0.369s] Level 1:colcon.colcon_core.package_identification:_identify(src/ros2_nodes/src/install) by extension 'ignore'
[0.369s] Level 1:colcon.colcon_core.package_identification:_identify(src/ros2_nodes/src/install) ignored
[0.369s] Level 1:colcon.colcon_core.package_identification:_identify(src/ros2_nodes/src/jiwy_controller) by extensions ['ignore', 'ignore_ament_install']
[0.369s] Level 1:colcon.colcon_core.package_identification:_identify(src/ros2_nodes/src/jiwy_controller) by extension 'ignore'
[0.369s] Level 1:colcon.colcon_core.package_identification:_identify(src/ros2_nodes/src/jiwy_controller) by extension 'ignore_ament_install'
[0.369s] Level 1:colcon.colcon_core.package_identification:_identify(src/ros2_nodes/src/jiwy_controller) by extensions ['colcon_pkg']
[0.370s] Level 1:colcon.colcon_core.package_identification:_identify(src/ros2_nodes/src/jiwy_controller) by extension 'colcon_pkg'
[0.370s] Level 1:colcon.colcon_core.package_identification:_identify(src/ros2_nodes/src/jiwy_controller) by extensions ['colcon_meta']
[0.370s] Level 1:colcon.colcon_core.package_identification:_identify(src/ros2_nodes/src/jiwy_controller) by extension 'colcon_meta'
[0.370s] Level 1:colcon.colcon_core.package_identification:_identify(src/ros2_nodes/src/jiwy_controller) by extensions ['ros']
[0.370s] Level 1:colcon.colcon_core.package_identification:_identify(src/ros2_nodes/src/jiwy_controller) by extension 'ros'
[0.371s] DEBUG:colcon.colcon_core.package_identification:Package 'src/ros2_nodes/src/jiwy_controller' with type 'ros.ament_cmake' and name 'jiwy_controller'
[0.371s] Level 1:colcon.colcon_core.package_identification:_identify(src/ros2_nodes/src/jiwy_simulator) by extensions ['ignore', 'ignore_ament_install']
[0.371s] Level 1:colcon.colcon_core.package_identification:_identify(src/ros2_nodes/src/jiwy_simulator) by extension 'ignore'
[0.371s] Level 1:colcon.colcon_core.package_identification:_identify(src/ros2_nodes/src/jiwy_simulator) by extension 'ignore_ament_install'
[0.371s] Level 1:colcon.colcon_core.package_identification:_identify(src/ros2_nodes/src/jiwy_simulator) by extensions ['colcon_pkg']
[0.371s] Level 1:colcon.colcon_core.package_identification:_identify(src/ros2_nodes/src/jiwy_simulator) by extension 'colcon_pkg'
[0.371s] Level 1:colcon.colcon_core.package_identification:_identify(src/ros2_nodes/src/jiwy_simulator) by extensions ['colcon_meta']
[0.371s] Level 1:colcon.colcon_core.package_identification:_identify(src/ros2_nodes/src/jiwy_simulator) by extension 'colcon_meta'
[0.371s] Level 1:colcon.colcon_core.package_identification:_identify(src/ros2_nodes/src/jiwy_simulator) by extensions ['ros']
[0.371s] Level 1:colcon.colcon_core.package_identification:_identify(src/ros2_nodes/src/jiwy_simulator) by extension 'ros'
[0.372s] DEBUG:colcon.colcon_core.package_identification:Package 'src/ros2_nodes/src/jiwy_simulator' with type 'ros.ament_cmake' and name 'jiwy_simulator'
[0.372s] Level 1:colcon.colcon_core.package_identification:_identify(src/ros2_nodes/src/log) by extensions ['ignore', 'ignore_ament_install']
[0.372s] Level 1:colcon.colcon_core.package_identification:_identify(src/ros2_nodes/src/log) by extension 'ignore'
[0.372s] Level 1:colcon.colcon_core.package_identification:_identify(src/ros2_nodes/src/log) ignored
[0.372s] Level 1:colcon.colcon_core.package_discovery:discover_packages(recursive) using defaults
[0.372s] Level 1:colcon.colcon_core.package_discovery:discover_packages(ignore) discover
[0.372s] Level 1:colcon.colcon_core.package_discovery:discover_packages(ignore) using defaults
[0.372s] Level 1:colcon.colcon_core.package_discovery:discover_packages(path) discover
[0.372s] Level 1:colcon.colcon_core.package_discovery:discover_packages(path) using defaults
[0.392s] Level 1:colcon.colcon_core.package_discovery:discover_packages(prefix_path) check parameters
[0.392s] Level 1:colcon.colcon_core.package_discovery:discover_packages(prefix_path) discover
[0.395s] DEBUG:colcon.colcon_installed_package_information.package_discovery:Found 4 installed packages in /home/ram-user/ASDFR/install
[0.396s] DEBUG:colcon.colcon_installed_package_information.package_discovery:Found 0 installed packages in /home/ram-user/.local/share/Trash/files/install
[0.397s] DEBUG:colcon.colcon_installed_package_information.package_discovery:Found 284 installed packages in /opt/ros/humble
[0.399s] Level 1:colcon.colcon_core.package_discovery:discover_packages(prefix_path) using defaults
[0.463s] Level 5:colcon.colcon_core.verb:set package 'asdfr_interfaces' build argument 'cmake_args' from command line to 'None'
[0.463s] Level 5:colcon.colcon_core.verb:set package 'asdfr_interfaces' build argument 'cmake_target' from command line to 'None'
[0.463s] Level 5:colcon.colcon_core.verb:set package 'asdfr_interfaces' build argument 'cmake_target_skip_unavailable' from command line to 'False'
[0.463s] Level 5:colcon.colcon_core.verb:set package 'asdfr_interfaces' build argument 'cmake_clean_cache' from command line to 'False'
[0.463s] Level 5:colcon.colcon_core.verb:set package 'asdfr_interfaces' build argument 'cmake_clean_first' from command line to 'False'
[0.463s] Level 5:colcon.colcon_core.verb:set package 'asdfr_interfaces' build argument 'cmake_force_configure' from command line to 'False'
[0.463s] Level 5:colcon.colcon_core.verb:set package 'asdfr_interfaces' build argument 'ament_cmake_args' from command line to 'None'
[0.463s] Level 5:colcon.colcon_core.verb:set package 'asdfr_interfaces' build argument 'catkin_cmake_args' from command line to 'None'
[0.463s] Level 5:colcon.colcon_core.verb:set package 'asdfr_interfaces' build argument 'catkin_skip_building_tests' from command line to 'False'
[0.463s] DEBUG:colcon.colcon_core.verb:Building package 'asdfr_interfaces' with the following arguments: {'ament_cmake_args': None, 'build_base': '/home/ram-user/ASDFR/build/asdfr_interfaces', 'catkin_cmake_args': None, 'catkin_skip_building_tests': False, 'cmake_args': None, 'cmake_clean_cache': False, 'cmake_clean_first': False, 'cmake_force_configure': False, 'cmake_target': None, 'cmake_target_skip_unavailable': False, 'install_base': '/home/ram-user/ASDFR/install/asdfr_interfaces', 'merge_install': False, 'path': '/home/ram-user/ASDFR/src/ros2_nodes/src/asdfr_interfaces', 'symlink_install': False, 'test_result_base': None}
[0.464s] Level 5:colcon.colcon_core.verb:set package 'image_processing' build argument 'cmake_args' from command line to 'None'
[0.464s] Level 5:colcon.colcon_core.verb:set package 'image_processing' build argument 'cmake_target' from command line to 'None'
[0.464s] Level 5:colcon.colcon_core.verb:set package 'image_processing' build argument 'cmake_target_skip_unavailable' from command line to 'False'
[0.464s] Level 5:colcon.colcon_core.verb:set package 'image_processing' build argument 'cmake_clean_cache' from command line to 'False'
[0.464s] Level 5:colcon.colcon_core.verb:set package 'image_processing' build argument 'cmake_clean_first' from command line to 'False'
[0.464s] Level 5:colcon.colcon_core.verb:set package 'image_processing' build argument 'cmake_force_configure' from command line to 'False'
[0.464s] Level 5:colcon.colcon_core.verb:set package 'image_processing' build argument 'ament_cmake_args' from command line to 'None'
[0.464s] Level 5:colcon.colcon_core.verb:set package 'image_processing' build argument 'catkin_cmake_args' from command line to 'None'
[0.464s] Level 5:colcon.colcon_core.verb:set package 'image_processing' build argument 'catkin_skip_building_tests' from command line to 'False'
[0.464s] DEBUG:colcon.colcon_core.verb:Building package 'image_processing' with the following arguments: {'ament_cmake_args': None, 'build_base': '/home/ram-user/ASDFR/build/image_processing', 'catkin_cmake_args': None, 'catkin_skip_building_tests': False, 'cmake_args': None, 'cmake_clean_cache': False, 'cmake_clean_first': False, 'cmake_force_configure': False, 'cmake_target': None, 'cmake_target_skip_unavailable': False, 'install_base': '/home/ram-user/ASDFR/install/image_processing', 'merge_install': False, 'path': '/home/ram-user/ASDFR/src/image_processing', 'symlink_install': False, 'test_result_base': None}
[0.465s] Level 5:colcon.colcon_core.verb:set package 'jiwy_controller' build argument 'cmake_args' from command line to 'None'
[0.465s] Level 5:colcon.colcon_core.verb:set package 'jiwy_controller' build argument 'cmake_target' from command line to 'None'
[0.465s] Level 5:colcon.colcon_core.verb:set package 'jiwy_controller' build argument 'cmake_target_skip_unavailable' from command line to 'False'
[0.465s] Level 5:colcon.colcon_core.verb:set package 'jiwy_controller' build argument 'cmake_clean_cache' from command line to 'False'
[0.465s] Level 5:colcon.colcon_core.verb:set package 'jiwy_controller' build argument 'cmake_clean_first' from command line to 'False'
[0.465s] Level 5:colcon.colcon_core.verb:set package 'jiwy_controller' build argument 'cmake_force_configure' from command line to 'False'
[0.465s] Level 5:colcon.colcon_core.verb:set package 'jiwy_controller' build argument 'ament_cmake_args' from command line to 'None'
[0.465s] Level 5:colcon.colcon_core.verb:set package 'jiwy_controller' build argument 'catkin_cmake_args' from command line to 'None'
[0.465s] Level 5:colcon.colcon_core.verb:set package 'jiwy_controller' build argument 'catkin_skip_building_tests' from command line to 'False'
[0.466s] DEBUG:colcon.colcon_core.verb:Building package 'jiwy_controller' with the following arguments: {'ament_cmake_args': None, 'build_base': '/home/ram-user/ASDFR/build/jiwy_controller', 'catkin_cmake_args': None, 'catkin_skip_building_tests': False, 'cmake_args': None, 'cmake_clean_cache': False, 'cmake_clean_first': False, 'cmake_force_configure': False, 'cmake_target': None, 'cmake_target_skip_unavailable': False, 'install_base': '/home/ram-user/ASDFR/install/jiwy_controller', 'merge_install': False, 'path': '/home/ram-user/ASDFR/src/ros2_nodes/src/jiwy_controller', 'symlink_install': False, 'test_result_base': None}
[0.466s] Level 5:colcon.colcon_core.verb:set package 'jiwy_simulator' build argument 'cmake_args' from command line to 'None'
[0.466s] Level 5:colcon.colcon_core.verb:set package 'jiwy_simulator' build argument 'cmake_target' from command line to 'None'
[0.466s] Level 5:colcon.colcon_core.verb:set package 'jiwy_simulator' build argument 'cmake_target_skip_unavailable' from command line to 'False'
[0.466s] Level 5:colcon.colcon_core.verb:set package 'jiwy_simulator' build argument 'cmake_clean_cache' from command line to 'False'
[0.466s] Level 5:colcon.colcon_core.verb:set package 'jiwy_simulator' build argument 'cmake_clean_first' from command line to 'False'
[0.466s] Level 5:colcon.colcon_core.verb:set package 'jiwy_simulator' build argument 'cmake_force_configure' from command line to 'False'
[0.466s] Level 5:colcon.colcon_core.verb:set package 'jiwy_simulator' build argument 'ament_cmake_args' from command line to 'None'
[0.466s] Level 5:colcon.colcon_core.verb:set package 'jiwy_simulator' build argument 'catkin_cmake_args' from command line to 'None'
[0.467s] Level 5:colcon.colcon_core.verb:set package 'jiwy_simulator' build argument 'catkin_skip_building_tests' from command line to 'False'
[0.467s] DEBUG:colcon.colcon_core.verb:Building package 'jiwy_simulator' with the following arguments: {'ament_cmake_args': None, 'build_base': '/home/ram-user/ASDFR/build/jiwy_simulator', 'catkin_cmake_args': None, 'catkin_skip_building_tests': False, 'cmake_args': None, 'cmake_clean_cache': False, 'cmake_clean_first': False, 'cmake_force_configure': False, 'cmake_target': None, 'cmake_target_skip_unavailable': False, 'install_base': '/home/ram-user/ASDFR/install/jiwy_simulator', 'merge_install': False, 'path': '/home/ram-user/ASDFR/src/ros2_nodes/src/jiwy_simulator', 'symlink_install': False, 'test_result_base': None}
[0.467s] INFO:colcon.colcon_core.executor:Executing jobs using 'parallel' executor
[0.470s] DEBUG:colcon.colcon_parallel_executor.executor.parallel:run_until_complete
[0.470s] INFO:colcon.colcon_ros.task.ament_cmake.build:Building ROS package in '/home/ram-user/ASDFR/src/ros2_nodes/src/asdfr_interfaces' with build type 'ament_cmake'
[0.470s] INFO:colcon.colcon_cmake.task.cmake.build:Building CMake package in '/home/ram-user/ASDFR/src/ros2_nodes/src/asdfr_interfaces'
[0.474s] INFO:colcon.colcon_core.plugin_system:Skipping extension 'colcon_core.shell.bat': Not used on non-Windows systems
[0.475s] INFO:colcon.colcon_core.shell:Skip shell extension 'powershell' for command environment: Not usable outside of PowerShell
[0.475s] DEBUG:colcon.colcon_core.shell:Skip shell extension 'dsv' for command environment
[0.480s] INFO:colcon.colcon_ros.task.ament_cmake.build:Building ROS package in '/home/ram-user/ASDFR/src/image_processing' with build type 'ament_cmake'
[0.480s] INFO:colcon.colcon_cmake.task.cmake.build:Building CMake package in '/home/ram-user/ASDFR/src/image_processing'
[0.481s] INFO:colcon.colcon_core.shell:Skip shell extension 'powershell' for command environment: Not usable outside of PowerShell
[0.487s] DEBUG:colcon.colcon_core.shell:Skip shell extension 'dsv' for command environment
[0.522s] DEBUG:colcon.colcon_core.event_handler.log_command:Invoking command in '/home/ram-user/ASDFR/build/asdfr_interfaces': CMAKE_PREFIX_PATH=${CMAKE_PREFIX_PATH}:/opt/ros/humble /usr/bin/cmake --build /home/ram-user/ASDFR/build/asdfr_interfaces -- -j2 -l2
[0.546s] DEBUG:colcon.colcon_core.event_handler.log_command:Invoking command in '/home/ram-user/ASDFR/build/image_processing': CMAKE_PREFIX_PATH=${CMAKE_PREFIX_PATH}:/opt/ros/humble /usr/bin/cmake --build /home/ram-user/ASDFR/build/image_processing -- -j2 -l2
[0.761s] DEBUG:colcon.colcon_core.event_handler.log_command:Invoked command in '/home/ram-user/ASDFR/build/image_processing' returned '0': CMAKE_PREFIX_PATH=${CMAKE_PREFIX_PATH}:/opt/ros/humble /usr/bin/cmake --build /home/ram-user/ASDFR/build/image_processing -- -j2 -l2
[0.832s] DEBUG:colcon.colcon_core.event_handler.log_command:Invoking command in '/home/ram-user/ASDFR/build/image_processing': CMAKE_PREFIX_PATH=${CMAKE_PREFIX_PATH}:/opt/ros/humble /usr/bin/cmake --install /home/ram-user/ASDFR/build/image_processing
[0.856s] Level 1:colcon.colcon_core.environment:create_environment_scripts_only(image_processing)
[0.856s] DEBUG:colcon.colcon_core.event_handler.log_command:Invoked command in '/home/ram-user/ASDFR/build/image_processing' returned '0': CMAKE_PREFIX_PATH=${CMAKE_PREFIX_PATH}:/opt/ros/humble /usr/bin/cmake --install /home/ram-user/ASDFR/build/image_processing
[0.862s] Level 1:colcon.colcon_core.environment:checking '/home/ram-user/ASDFR/install/image_processing' for CMake module files
[0.863s] Level 1:colcon.colcon_core.environment:checking '/home/ram-user/ASDFR/install/image_processing' for CMake config files
[0.863s] Level 1:colcon.colcon_core.shell:create_environment_hook('image_processing', 'cmake_prefix_path')
[0.864s] INFO:colcon.colcon_core.shell:Creating environment hook '/home/ram-user/ASDFR/install/image_processing/share/image_processing/hook/cmake_prefix_path.ps1'
[0.865s] INFO:colcon.colcon_core.shell:Creating environment descriptor '/home/ram-user/ASDFR/install/image_processing/share/image_processing/hook/cmake_prefix_path.dsv'
[0.866s] INFO:colcon.colcon_core.shell:Creating environment hook '/home/ram-user/ASDFR/install/image_processing/share/image_processing/hook/cmake_prefix_path.sh'
[0.867s] Level 1:colcon.colcon_core.environment:checking '/home/ram-user/ASDFR/install/image_processing/lib'
[0.868s] Level 1:colcon.colcon_core.environment:checking '/home/ram-user/ASDFR/install/image_processing/bin'
[0.868s] Level 1:colcon.colcon_core.environment:checking '/home/ram-user/ASDFR/install/image_processing/lib/pkgconfig/image_processing.pc'
[0.868s] Level 1:colcon.colcon_core.environment:checking '/home/ram-user/ASDFR/install/image_processing/lib/python3.10/site-packages'
[0.868s] Level 1:colcon.colcon_core.environment:checking '/home/ram-user/ASDFR/install/image_processing/bin'
[0.870s] INFO:colcon.colcon_core.shell:Creating package script '/home/ram-user/ASDFR/install/image_processing/share/image_processing/package.ps1'
[0.871s] INFO:colcon.colcon_core.shell:Creating package descriptor '/home/ram-user/ASDFR/install/image_processing/share/image_processing/package.dsv'
[0.872s] INFO:colcon.colcon_core.shell:Creating package script '/home/ram-user/ASDFR/install/image_processing/share/image_processing/package.sh'
[0.874s] INFO:colcon.colcon_core.shell:Creating package script '/home/ram-user/ASDFR/install/image_processing/share/image_processing/package.bash'
[0.875s] INFO:colcon.colcon_core.shell:Creating package script '/home/ram-user/ASDFR/install/image_processing/share/image_processing/package.zsh'
[0.876s] Level 1:colcon.colcon_core.environment:create_file_with_runtime_dependencies(/home/ram-user/ASDFR/install/image_processing/share/colcon-core/packages/image_processing)
[0.979s] Level 1:colcon.colcon_core.environment:create_environment_scripts_only(image_processing)
[0.980s] Level 1:colcon.colcon_core.environment:checking '/home/ram-user/ASDFR/install/image_processing' for CMake module files
[0.981s] Level 1:colcon.colcon_core.environment:checking '/home/ram-user/ASDFR/install/image_processing' for CMake config files
[0.981s] Level 1:colcon.colcon_core.shell:create_environment_hook('image_processing', 'cmake_prefix_path')
[0.982s] INFO:colcon.colcon_core.shell:Creating environment hook '/home/ram-user/ASDFR/install/image_processing/share/image_processing/hook/cmake_prefix_path.ps1'
[0.984s] INFO:colcon.colcon_core.shell:Creating environment descriptor '/home/ram-user/ASDFR/install/image_processing/share/image_processing/hook/cmake_prefix_path.dsv'
[0.984s] INFO:colcon.colcon_core.shell:Creating environment hook '/home/ram-user/ASDFR/install/image_processing/share/image_processing/hook/cmake_prefix_path.sh'
[0.990s] Level 1:colcon.colcon_core.environment:checking '/home/ram-user/ASDFR/install/image_processing/lib'
[0.990s] Level 1:colcon.colcon_core.environment:checking '/home/ram-user/ASDFR/install/image_processing/bin'
[0.990s] Level 1:colcon.colcon_core.environment:checking '/home/ram-user/ASDFR/install/image_processing/lib/pkgconfig/image_processing.pc'
[0.990s] Level 1:colcon.colcon_core.environment:checking '/home/ram-user/ASDFR/install/image_processing/lib/python3.10/site-packages'
[0.991s] Level 1:colcon.colcon_core.environment:checking '/home/ram-user/ASDFR/install/image_processing/bin'
[0.992s] INFO:colcon.colcon_core.shell:Creating package script '/home/ram-user/ASDFR/install/image_processing/share/image_processing/package.ps1'
[0.993s] INFO:colcon.colcon_core.shell:Creating package descriptor '/home/ram-user/ASDFR/install/image_processing/share/image_processing/package.dsv'
[0.994s] INFO:colcon.colcon_core.shell:Creating package script '/home/ram-user/ASDFR/install/image_processing/share/image_processing/package.sh'
[0.995s] INFO:colcon.colcon_core.shell:Creating package script '/home/ram-user/ASDFR/install/image_processing/share/image_processing/package.bash'
[0.995s] INFO:colcon.colcon_core.shell:Creating package script '/home/ram-user/ASDFR/install/image_processing/share/image_processing/package.zsh'
[0.998s] Level 1:colcon.colcon_core.environment:create_file_with_runtime_dependencies(/home/ram-user/ASDFR/install/image_processing/share/colcon-core/packages/image_processing)
[1.451s] DEBUG:colcon.colcon_core.event_handler.log_command:Invoked command in '/home/ram-user/ASDFR/build/asdfr_interfaces' returned '0': CMAKE_PREFIX_PATH=${CMAKE_PREFIX_PATH}:/opt/ros/humble /usr/bin/cmake --build /home/ram-user/ASDFR/build/asdfr_interfaces -- -j2 -l2
[1.542s] DEBUG:colcon.colcon_core.event_handler.log_command:Invoking command in '/home/ram-user/ASDFR/build/asdfr_interfaces': CMAKE_PREFIX_PATH=${CMAKE_PREFIX_PATH}:/opt/ros/humble /usr/bin/cmake --install /home/ram-user/ASDFR/build/asdfr_interfaces
[1.676s] Level 1:colcon.colcon_core.environment:create_environment_scripts_only(asdfr_interfaces)
[1.678s] Level 1:colcon.colcon_core.environment:checking '/home/ram-user/ASDFR/install/asdfr_interfaces' for CMake module files
[1.678s] Level 1:colcon.colcon_core.environment:checking '/home/ram-user/ASDFR/install/asdfr_interfaces' for CMake config files
[1.679s] Level 1:colcon.colcon_core.shell:create_environment_hook('asdfr_interfaces', 'cmake_prefix_path')
[1.680s] INFO:colcon.colcon_core.shell:Creating environment hook '/home/ram-user/ASDFR/install/asdfr_interfaces/share/asdfr_interfaces/hook/cmake_prefix_path.ps1'
[1.680s] INFO:colcon.colcon_core.shell:Creating environment descriptor '/home/ram-user/ASDFR/install/asdfr_interfaces/share/asdfr_interfaces/hook/cmake_prefix_path.dsv'
[1.681s] INFO:colcon.colcon_core.shell:Creating environment hook '/home/ram-user/ASDFR/install/asdfr_interfaces/share/asdfr_interfaces/hook/cmake_prefix_path.sh'
[1.682s] DEBUG:colcon.colcon_core.event_handler.log_command:Invoked command in '/home/ram-user/ASDFR/build/asdfr_interfaces' returned '0': CMAKE_PREFIX_PATH=${CMAKE_PREFIX_PATH}:/opt/ros/humble /usr/bin/cmake --install /home/ram-user/ASDFR/build/asdfr_interfaces
[1.682s] Level 1:colcon.colcon_core.environment:checking '/home/ram-user/ASDFR/install/asdfr_interfaces/lib'
[1.683s] Level 1:colcon.colcon_core.shell:create_environment_hook('asdfr_interfaces', 'ld_library_path_lib')
[1.684s] INFO:colcon.colcon_core.shell:Creating environment hook '/home/ram-user/ASDFR/install/asdfr_interfaces/share/asdfr_interfaces/hook/ld_library_path_lib.ps1'
[1.684s] INFO:colcon.colcon_core.shell:Creating environment descriptor '/home/ram-user/ASDFR/install/asdfr_interfaces/share/asdfr_interfaces/hook/ld_library_path_lib.dsv'
[1.684s] INFO:colcon.colcon_core.shell:Creating environment hook '/home/ram-user/ASDFR/install/asdfr_interfaces/share/asdfr_interfaces/hook/ld_library_path_lib.sh'
[1.685s] Level 1:colcon.colcon_core.environment:checking '/home/ram-user/ASDFR/install/asdfr_interfaces/bin'
[1.685s] Level 1:colcon.colcon_core.environment:checking '/home/ram-user/ASDFR/install/asdfr_interfaces/lib/pkgconfig/asdfr_interfaces.pc'
[1.685s] Level 1:colcon.colcon_core.environment:checking '/home/ram-user/ASDFR/install/asdfr_interfaces/lib/python3.10/site-packages'
[1.689s] Level 1:colcon.colcon_core.environment:checking '/home/ram-user/ASDFR/install/asdfr_interfaces/bin'
[1.691s] INFO:colcon.colcon_core.shell:Creating package script '/home/ram-user/ASDFR/install/asdfr_interfaces/share/asdfr_interfaces/package.ps1'
[1.691s] INFO:colcon.colcon_core.shell:Creating package descriptor '/home/ram-user/ASDFR/install/asdfr_interfaces/share/asdfr_interfaces/package.dsv'
[1.692s] INFO:colcon.colcon_core.shell:Creating package script '/home/ram-user/ASDFR/install/asdfr_interfaces/share/asdfr_interfaces/package.sh'
[1.692s] INFO:colcon.colcon_core.shell:Creating package script '/home/ram-user/ASDFR/install/asdfr_interfaces/share/asdfr_interfaces/package.bash'
[1.693s] INFO:colcon.colcon_core.shell:Creating package script '/home/ram-user/ASDFR/install/asdfr_interfaces/share/asdfr_interfaces/package.zsh'
[1.693s] Level 1:colcon.colcon_core.environment:create_file_with_runtime_dependencies(/home/ram-user/ASDFR/install/asdfr_interfaces/share/colcon-core/packages/asdfr_interfaces)
[1.814s] Level 1:colcon.colcon_core.environment:create_environment_scripts_only(asdfr_interfaces)
[1.816s] Level 1:colcon.colcon_core.environment:checking '/home/ram-user/ASDFR/install/asdfr_interfaces' for CMake module files
[1.816s] Level 1:colcon.colcon_core.environment:checking '/home/ram-user/ASDFR/install/asdfr_interfaces' for CMake config files
[1.816s] Level 1:colcon.colcon_core.shell:create_environment_hook('asdfr_interfaces', 'cmake_prefix_path')
[1.820s] INFO:colcon.colcon_core.shell:Creating environment hook '/home/ram-user/ASDFR/install/asdfr_interfaces/share/asdfr_interfaces/hook/cmake_prefix_path.ps1'
[1.821s] INFO:colcon.colcon_core.shell:Creating environment descriptor '/home/ram-user/ASDFR/install/asdfr_interfaces/share/asdfr_interfaces/hook/cmake_prefix_path.dsv'
[1.826s] INFO:colcon.colcon_core.shell:Creating environment hook '/home/ram-user/ASDFR/install/asdfr_interfaces/share/asdfr_interfaces/hook/cmake_prefix_path.sh'
[1.826s] Level 1:colcon.colcon_core.environment:checking '/home/ram-user/ASDFR/install/asdfr_interfaces/lib'
[1.826s] Level 1:colcon.colcon_core.shell:create_environment_hook('asdfr_interfaces', 'ld_library_path_lib')
[1.827s] INFO:colcon.colcon_core.shell:Creating environment hook '/home/ram-user/ASDFR/install/asdfr_interfaces/share/asdfr_interfaces/hook/ld_library_path_lib.ps1'
[1.828s] INFO:colcon.colcon_core.shell:Creating environment descriptor '/home/ram-user/ASDFR/install/asdfr_interfaces/share/asdfr_interfaces/hook/ld_library_path_lib.dsv'
[1.828s] INFO:colcon.colcon_core.shell:Creating environment hook '/home/ram-user/ASDFR/install/asdfr_interfaces/share/asdfr_interfaces/hook/ld_library_path_lib.sh'
[1.829s] Level 1:colcon.colcon_core.environment:checking '/home/ram-user/ASDFR/install/asdfr_interfaces/bin'
[1.829s] Level 1:colcon.colcon_core.environment:checking '/home/ram-user/ASDFR/install/asdfr_interfaces/lib/pkgconfig/asdfr_interfaces.pc'
[1.829s] Level 1:colcon.colcon_core.environment:checking '/home/ram-user/ASDFR/install/asdfr_interfaces/lib/python3.10/site-packages'
[1.829s] Level 1:colcon.colcon_core.environment:checking '/home/ram-user/ASDFR/install/asdfr_interfaces/bin'
[1.830s] INFO:colcon.colcon_core.shell:Creating package script '/home/ram-user/ASDFR/install/asdfr_interfaces/share/asdfr_interfaces/package.ps1'
[1.831s] INFO:colcon.colcon_core.shell:Creating package descriptor '/home/ram-user/ASDFR/install/asdfr_interfaces/share/asdfr_interfaces/package.dsv'
[1.838s] INFO:colcon.colcon_core.shell:Creating package script '/home/ram-user/ASDFR/install/asdfr_interfaces/share/asdfr_interfaces/package.sh'
[1.838s] INFO:colcon.colcon_core.shell:Creating package script '/home/ram-user/ASDFR/install/asdfr_interfaces/share/asdfr_interfaces/package.bash'
[1.839s] INFO:colcon.colcon_core.shell:Creating package script '/home/ram-user/ASDFR/install/asdfr_interfaces/share/asdfr_interfaces/package.zsh'
[1.840s] Level 1:colcon.colcon_core.environment:create_file_with_runtime_dependencies(/home/ram-user/ASDFR/install/asdfr_interfaces/share/colcon-core/packages/asdfr_interfaces)
[1.850s] INFO:colcon.colcon_ros.task.ament_cmake.build:Building ROS package in '/home/ram-user/ASDFR/src/ros2_nodes/src/jiwy_controller' with build type 'ament_cmake'
[1.850s] INFO:colcon.colcon_cmake.task.cmake.build:Building CMake package in '/home/ram-user/ASDFR/src/ros2_nodes/src/jiwy_controller'
[1.852s] INFO:colcon.colcon_core.shell:Skip shell extension 'powershell' for command environment: Not usable outside of PowerShell
[1.852s] DEBUG:colcon.colcon_core.shell:Skip shell extension 'dsv' for command environment
[1.858s] INFO:colcon.colcon_ros.task.ament_cmake.build:Building ROS package in '/home/ram-user/ASDFR/src/ros2_nodes/src/jiwy_simulator' with build type 'ament_cmake'
[1.858s] INFO:colcon.colcon_cmake.task.cmake.build:Building CMake package in '/home/ram-user/ASDFR/src/ros2_nodes/src/jiwy_simulator'
[1.860s] INFO:colcon.colcon_core.shell:Skip shell extension 'powershell' for command environment: Not usable outside of PowerShell
[1.860s] DEBUG:colcon.colcon_core.shell:Skip shell extension 'dsv' for command environment
[1.892s] DEBUG:colcon.colcon_core.event_handler.log_command:Invoking command in '/home/ram-user/ASDFR/build/jiwy_controller': CMAKE_PREFIX_PATH=/home/ram-user/ASDFR/install/asdfr_interfaces:/home/ram-user/ASDFR/install/jiwy_simulator:/home/ram-user/ASDFR/install/jiwy_controller:/home/ram-user/ASDFR/install/image_processing:/opt/ros/humble /usr/bin/cmake --build /home/ram-user/ASDFR/build/jiwy_controller -- -j2 -l2
[1.919s] DEBUG:colcon.colcon_core.event_handler.log_command:Invoking command in '/home/ram-user/ASDFR/build/jiwy_simulator': CMAKE_PREFIX_PATH=/home/ram-user/ASDFR/install/asdfr_interfaces:/home/ram-user/ASDFR/install/jiwy_simulator:/home/ram-user/ASDFR/install/jiwy_controller:/home/ram-user/ASDFR/install/image_processing:/opt/ros/humble /usr/bin/cmake --build /home/ram-user/ASDFR/build/jiwy_simulator -- -j2 -l2
[2.158s] DEBUG:colcon.colcon_core.event_handler.log_command:Invoked command in '/home/ram-user/ASDFR/build/jiwy_simulator' returned '0': CMAKE_PREFIX_PATH=/home/ram-user/ASDFR/install/asdfr_interfaces:/home/ram-user/ASDFR/install/jiwy_simulator:/home/ram-user/ASDFR/install/jiwy_controller:/home/ram-user/ASDFR/install/image_processing:/opt/ros/humble /usr/bin/cmake --build /home/ram-user/ASDFR/build/jiwy_simulator -- -j2 -l2
[2.280s] DEBUG:colcon.colcon_core.event_handler.log_command:Invoking command in '/home/ram-user/ASDFR/build/jiwy_simulator': CMAKE_PREFIX_PATH=/home/ram-user/ASDFR/install/asdfr_interfaces:/home/ram-user/ASDFR/install/jiwy_simulator:/home/ram-user/ASDFR/install/jiwy_controller:/home/ram-user/ASDFR/install/image_processing:/opt/ros/humble /usr/bin/cmake --install /home/ram-user/ASDFR/build/jiwy_simulator
[2.313s] Level 1:colcon.colcon_core.environment:create_environment_scripts_only(jiwy_simulator)
[2.315s] Level 1:colcon.colcon_core.environment:checking '/home/ram-user/ASDFR/install/jiwy_simulator' for CMake module files
[2.316s] Level 1:colcon.colcon_core.environment:checking '/home/ram-user/ASDFR/install/jiwy_simulator' for CMake config files
[2.316s] Level 1:colcon.colcon_core.shell:create_environment_hook('jiwy_simulator', 'cmake_prefix_path')
[2.326s] INFO:colcon.colcon_core.shell:Creating environment hook '/home/ram-user/ASDFR/install/jiwy_simulator/share/jiwy_simulator/hook/cmake_prefix_path.ps1'
[2.326s] DEBUG:colcon.colcon_core.event_handler.log_command:Invoked command in '/home/ram-user/ASDFR/build/jiwy_simulator' returned '0': CMAKE_PREFIX_PATH=/home/ram-user/ASDFR/install/asdfr_interfaces:/home/ram-user/ASDFR/install/jiwy_simulator:/home/ram-user/ASDFR/install/jiwy_controller:/home/ram-user/ASDFR/install/image_processing:/opt/ros/humble /usr/bin/cmake --install /home/ram-user/ASDFR/build/jiwy_simulator
[2.327s] INFO:colcon.colcon_core.shell:Creating environment descriptor '/home/ram-user/ASDFR/install/jiwy_simulator/share/jiwy_simulator/hook/cmake_prefix_path.dsv'
[2.327s] INFO:colcon.colcon_core.shell:Creating environment hook '/home/ram-user/ASDFR/install/jiwy_simulator/share/jiwy_simulator/hook/cmake_prefix_path.sh'
[2.327s] Level 1:colcon.colcon_core.environment:checking '/home/ram-user/ASDFR/install/jiwy_simulator/lib'
[2.328s] Level 1:colcon.colcon_core.environment:checking '/home/ram-user/ASDFR/install/jiwy_simulator/bin'
[2.328s] Level 1:colcon.colcon_core.environment:checking '/home/ram-user/ASDFR/install/jiwy_simulator/lib/pkgconfig/jiwy_simulator.pc'
[2.328s] Level 1:colcon.colcon_core.environment:checking '/home/ram-user/ASDFR/install/jiwy_simulator/lib/python3.10/site-packages'
[2.328s] Level 1:colcon.colcon_core.environment:checking '/home/ram-user/ASDFR/install/jiwy_simulator/bin'
[2.335s] INFO:colcon.colcon_core.shell:Creating package script '/home/ram-user/ASDFR/install/jiwy_simulator/share/jiwy_simulator/package.ps1'
[2.335s] INFO:colcon.colcon_core.shell:Creating package descriptor '/home/ram-user/ASDFR/install/jiwy_simulator/share/jiwy_simulator/package.dsv'
[2.336s] INFO:colcon.colcon_core.shell:Creating package script '/home/ram-user/ASDFR/install/jiwy_simulator/share/jiwy_simulator/package.sh'
[2.336s] INFO:colcon.colcon_core.shell:Creating package script '/home/ram-user/ASDFR/install/jiwy_simulator/share/jiwy_simulator/package.bash'
[2.336s] INFO:colcon.colcon_core.shell:Creating package script '/home/ram-user/ASDFR/install/jiwy_simulator/share/jiwy_simulator/package.zsh'
[2.337s] Level 1:colcon.colcon_core.environment:create_file_with_runtime_dependencies(/home/ram-user/ASDFR/install/jiwy_simulator/share/colcon-core/packages/jiwy_simulator)
[2.444s] Level 1:colcon.colcon_core.environment:create_environment_scripts_only(jiwy_simulator)
[2.446s] Level 1:colcon.colcon_core.environment:checking '/home/ram-user/ASDFR/install/jiwy_simulator' for CMake module files
[2.455s] Level 1:colcon.colcon_core.environment:checking '/home/ram-user/ASDFR/install/jiwy_simulator' for CMake config files
[2.455s] Level 1:colcon.colcon_core.shell:create_environment_hook('jiwy_simulator', 'cmake_prefix_path')
[2.457s] INFO:colcon.colcon_core.shell:Creating environment hook '/home/ram-user/ASDFR/install/jiwy_simulator/share/jiwy_simulator/hook/cmake_prefix_path.ps1'
[2.457s] INFO:colcon.colcon_core.shell:Creating environment descriptor '/home/ram-user/ASDFR/install/jiwy_simulator/share/jiwy_simulator/hook/cmake_prefix_path.dsv'
[2.470s] INFO:colcon.colcon_core.shell:Creating environment hook '/home/ram-user/ASDFR/install/jiwy_simulator/share/jiwy_simulator/hook/cmake_prefix_path.sh'
[2.471s] Level 1:colcon.colcon_core.environment:checking '/home/ram-user/ASDFR/install/jiwy_simulator/lib'
[2.471s] Level 1:colcon.colcon_core.environment:checking '/home/ram-user/ASDFR/install/jiwy_simulator/bin'
[2.471s] Level 1:colcon.colcon_core.environment:checking '/home/ram-user/ASDFR/install/jiwy_simulator/lib/pkgconfig/jiwy_simulator.pc'
[2.471s] Level 1:colcon.colcon_core.environment:checking '/home/ram-user/ASDFR/install/jiwy_simulator/lib/python3.10/site-packages'
[2.472s] Level 1:colcon.colcon_core.environment:checking '/home/ram-user/ASDFR/install/jiwy_simulator/bin'
[2.477s] INFO:colcon.colcon_core.shell:Creating package script '/home/ram-user/ASDFR/install/jiwy_simulator/share/jiwy_simulator/package.ps1'
[2.478s] INFO:colcon.colcon_core.shell:Creating package descriptor '/home/ram-user/ASDFR/install/jiwy_simulator/share/jiwy_simulator/package.dsv'
[2.478s] INFO:colcon.colcon_core.shell:Creating package script '/home/ram-user/ASDFR/install/jiwy_simulator/share/jiwy_simulator/package.sh'
[2.487s] INFO:colcon.colcon_core.shell:Creating package script '/home/ram-user/ASDFR/install/jiwy_simulator/share/jiwy_simulator/package.bash'
[2.490s] INFO:colcon.colcon_core.shell:Creating package script '/home/ram-user/ASDFR/install/jiwy_simulator/share/jiwy_simulator/package.zsh'
[2.496s] Level 1:colcon.colcon_core.environment:create_file_with_runtime_dependencies(/home/ram-user/ASDFR/install/jiwy_simulator/share/colcon-core/packages/jiwy_simulator)
[2.752s] DEBUG:colcon.colcon_core.event_handler.log_command:Invoked command in '/home/ram-user/ASDFR/build/jiwy_controller' returned '2': CMAKE_PREFIX_PATH=/home/ram-user/ASDFR/install/asdfr_interfaces:/home/ram-user/ASDFR/install/jiwy_simulator:/home/ram-user/ASDFR/install/jiwy_controller:/home/ram-user/ASDFR/install/image_processing:/opt/ros/humble /usr/bin/cmake --build /home/ram-user/ASDFR/build/jiwy_controller -- -j2 -l2
[2.827s] Level 1:colcon.colcon_core.environment:create_environment_scripts_only(jiwy_controller)
[2.831s] Level 1:colcon.colcon_core.environment:checking '/home/ram-user/ASDFR/install/jiwy_controller' for CMake module files
[2.835s] Level 1:colcon.colcon_core.environment:checking '/home/ram-user/ASDFR/install/jiwy_controller' for CMake config files
[2.835s] Level 1:colcon.colcon_core.shell:create_environment_hook('jiwy_controller', 'cmake_prefix_path')
[2.836s] INFO:colcon.colcon_core.shell:Creating environment hook '/home/ram-user/ASDFR/install/jiwy_controller/share/jiwy_controller/hook/cmake_prefix_path.ps1'
[2.841s] INFO:colcon.colcon_core.shell:Creating environment descriptor '/home/ram-user/ASDFR/install/jiwy_controller/share/jiwy_controller/hook/cmake_prefix_path.dsv'
[2.842s] INFO:colcon.colcon_core.shell:Creating environment hook '/home/ram-user/ASDFR/install/jiwy_controller/share/jiwy_controller/hook/cmake_prefix_path.sh'
[2.844s] Level 1:colcon.colcon_core.environment:checking '/home/ram-user/ASDFR/install/jiwy_controller/lib'
[2.844s] Level 1:colcon.colcon_core.environment:checking '/home/ram-user/ASDFR/install/jiwy_controller/bin'
[2.844s] Level 1:colcon.colcon_core.environment:checking '/home/ram-user/ASDFR/install/jiwy_controller/lib/pkgconfig/jiwy_controller.pc'
[2.846s] Level 1:colcon.colcon_core.environment:checking '/home/ram-user/ASDFR/install/jiwy_controller/lib/python3.10/site-packages'
[2.846s] Level 1:colcon.colcon_core.environment:checking '/home/ram-user/ASDFR/install/jiwy_controller/bin'
[2.848s] INFO:colcon.colcon_core.shell:Creating package script '/home/ram-user/ASDFR/install/jiwy_controller/share/jiwy_controller/package.ps1'
[2.850s] INFO:colcon.colcon_core.shell:Creating package descriptor '/home/ram-user/ASDFR/install/jiwy_controller/share/jiwy_controller/package.dsv'
[2.852s] INFO:colcon.colcon_core.shell:Creating package script '/home/ram-user/ASDFR/install/jiwy_controller/share/jiwy_controller/package.sh'
[2.853s] INFO:colcon.colcon_core.shell:Creating package script '/home/ram-user/ASDFR/install/jiwy_controller/share/jiwy_controller/package.bash'
[2.854s] INFO:colcon.colcon_core.shell:Creating package script '/home/ram-user/ASDFR/install/jiwy_controller/share/jiwy_controller/package.zsh'
[2.856s] Level 1:colcon.colcon_core.environment:create_file_with_runtime_dependencies(/home/ram-user/ASDFR/install/jiwy_controller/share/colcon-core/packages/jiwy_controller)
[2.861s] DEBUG:colcon.colcon_parallel_executor.executor.parallel:closing loop
[2.862s] DEBUG:colcon.colcon_parallel_executor.executor.parallel:loop closed
[2.862s] DEBUG:colcon.colcon_parallel_executor.executor.parallel:run_until_complete finished with '2'
[2.862s] DEBUG:colcon.colcon_core.event_reactor:joining thread
[2.868s] INFO:colcon.colcon_core.plugin_system:Skipping extension 'colcon_notification.desktop_notification.terminal_notifier': Not used on non-Darwin systems
[2.876s] INFO:colcon.colcon_core.plugin_system:Skipping extension 'colcon_notification.desktop_notification.win32': Not used on non-Windows systems
[2.876s] INFO:colcon.colcon_notification.desktop_notification:Sending desktop notification using 'notify2'
[2.914s] DEBUG:colcon.colcon_core.event_reactor:joined thread
[2.916s] INFO:colcon.colcon_core.shell:Creating prefix script '/home/ram-user/ASDFR/install/local_setup.ps1'
[2.917s] INFO:colcon.colcon_core.shell:Creating prefix util module '/home/ram-user/ASDFR/install/_local_setup_util_ps1.py'
[2.918s] INFO:colcon.colcon_core.shell:Creating prefix chain script '/home/ram-user/ASDFR/install/setup.ps1'
[2.919s] INFO:colcon.colcon_core.shell:Creating prefix script '/home/ram-user/ASDFR/install/local_setup.sh'
[2.920s] INFO:colcon.colcon_core.shell:Creating prefix util module '/home/ram-user/ASDFR/install/_local_setup_util_sh.py'
[2.921s] INFO:colcon.colcon_core.shell:Creating prefix chain script '/home/ram-user/ASDFR/install/setup.sh'
[2.923s] INFO:colcon.colcon_core.shell:Creating prefix script '/home/ram-user/ASDFR/install/local_setup.bash'
[2.923s] INFO:colcon.colcon_core.shell:Creating prefix chain script '/home/ram-user/ASDFR/install/setup.bash'
[2.925s] INFO:colcon.colcon_core.shell:Creating prefix script '/home/ram-user/ASDFR/install/local_setup.zsh'
[2.925s] INFO:colcon.colcon_core.shell:Creating prefix chain script '/home/ram-user/ASDFR/install/setup.zsh'
