[0.012s] Invoking command in '/home/ram-user/ASDFR/build/image_processing': CMAKE_PREFIX_PATH=/opt/ros/humble /usr/bin/cmake --build /home/ram-user/ASDFR/build/image_processing -- -j2 -l2
[0.068s] [ 50%] Built target brightness_check
[0.068s] [ 50%] Built target grayscaler
[0.080s] [35m[1mConsolidate compiler generated dependencies of target light_tracker[0m
[0.092s] [ 75%] Built target brightmask
[0.097s] [ 87%] [32mBuilding CXX object CMakeFiles/light_tracker.dir/src/light_tracker.cpp.o[0m
[10.491s] [100%] [32m[1mLinking CXX executable light_tracker[0m
[15.328s] [100%] Built target light_tracker
[15.340s] Invoked command in '/home/ram-user/ASDFR/build/image_processing' returned '0': CMAKE_PREFIX_PATH=/opt/ros/humble /usr/bin/cmake --build /home/ram-user/ASDFR/build/image_processing -- -j2 -l2
[15.378s] Invoking command in '/home/ram-user/ASDFR/build/image_processing': CMAKE_PREFIX_PATH=/opt/ros/humble /usr/bin/cmake --install /home/ram-user/ASDFR/build/image_processing
[15.384s] -- Install configuration: ""
[15.417s] -- Up-to-date: /home/ram-user/ASDFR/install/image_processing/lib/image_processing/brightness_check
[15.468s] -- Up-to-date: /home/ram-user/ASDFR/install/image_processing/lib/image_processing/grayscaler
[15.498s] -- Up-to-date: /home/ram-user/ASDFR/install/image_processing/lib/image_processing/brightmask
[15.529s] -- Installing: /home/ram-user/ASDFR/install/image_processing/lib/image_processing/light_tracker
[15.545s] -- Set runtime path of "/home/ram-user/ASDFR/install/image_processing/lib/image_processing/light_tracker" to ""
[15.560s] -- Installing: /home/ram-user/ASDFR/install/image_processing/share/ament_index/resource_index/package_run_dependencies/image_processing
[15.571s] -- Installing: /home/ram-user/ASDFR/install/image_processing/share/ament_index/resource_index/parent_prefix_path/image_processing
[15.583s] -- Up-to-date: /home/ram-user/ASDFR/install/image_processing/share/image_processing/environment/ament_prefix_path.sh
[15.583s] -- Installing: /home/ram-user/ASDFR/install/image_processing/share/image_processing/environment/ament_prefix_path.dsv
[15.584s] -- Up-to-date: /home/ram-user/ASDFR/install/image_processing/share/image_processing/environment/path.sh
[15.584s] -- Installing: /home/ram-user/ASDFR/install/image_processing/share/image_processing/environment/path.dsv
[15.592s] -- Up-to-date: /home/ram-user/ASDFR/install/image_processing/share/image_processing/local_setup.bash
[15.593s] -- Up-to-date: /home/ram-user/ASDFR/install/image_processing/share/image_processing/local_setup.sh
[15.593s] -- Up-to-date: /home/ram-user/ASDFR/install/image_processing/share/image_processing/local_setup.zsh
[15.593s] -- Installing: /home/ram-user/ASDFR/install/image_processing/share/image_processing/local_setup.dsv
[15.594s] -- Installing: /home/ram-user/ASDFR/install/image_processing/share/image_processing/package.dsv
[15.605s] -- Up-to-date: /home/ram-user/ASDFR/install/image_processing/share/ament_index/resource_index/packages/image_processing
[15.605s] -- Up-to-date: /home/ram-user/ASDFR/install/image_processing/share/image_processing/cmake/image_processingConfig.cmake
[15.605s] -- Up-to-date: /home/ram-user/ASDFR/install/image_processing/share/image_processing/cmake/image_processingConfig-version.cmake
[15.605s] -- Installing: /home/ram-user/ASDFR/install/image_processing/share/image_processing/package.xml
[15.608s] Invoked command in '/home/ram-user/ASDFR/build/image_processing' returned '0': CMAKE_PREFIX_PATH=/opt/ros/humble /usr/bin/cmake --install /home/ram-user/ASDFR/build/image_processing
