[0.027s] Invoking command in '/home/ram-user/ASDFR/build/image_processing': CMAKE_PREFIX_PATH=${CMAKE_PREFIX_PATH}:/opt/ros/humble /usr/bin/cmake --build /home/ram-user/ASDFR/build/image_processing -- -j2 -l2
[0.047s] -- Found ament_cmake: 1.3.3 (/opt/ros/humble/share/ament_cmake/cmake)
[0.196s] -- Found rclcpp: 16.0.3 (/opt/ros/humble/share/rclcpp/cmake)
[0.227s] -- Found rosidl_generator_c: 3.1.4 (/opt/ros/humble/share/rosidl_generator_c/cmake)
[0.230s] -- Found rosidl_adapter: 3.1.4 (/opt/ros/humble/share/rosidl_adapter/cmake)
[0.240s] -- Found rosidl_generator_cpp: 3.1.4 (/opt/ros/humble/share/rosidl_generator_cpp/cmake)
[0.251s] -- Using all available rosidl_typesupport_c: rosidl_typesupport_fastrtps_c;rosidl_typesupport_introspection_c
[0.268s] -- Using all available rosidl_typesupport_cpp: rosidl_typesupport_fastrtps_cpp;rosidl_typesupport_introspection_cpp
[0.336s] -- Found rmw_implementation_cmake: 6.1.1 (/opt/ros/humble/share/rmw_implementation_cmake/cmake)
[0.337s] -- Found rmw_fastrtps_cpp: 6.2.2 (/opt/ros/humble/share/rmw_fastrtps_cpp/cmake)
[0.460s] -- Using RMW implementation 'rmw_fastrtps_cpp' as default
[0.631s] -- Found geometry_msgs: 4.2.3 (/opt/ros/humble/share/geometry_msgs/cmake)
[0.685s] -- Found sensor_msgs: 4.2.3 (/opt/ros/humble/share/sensor_msgs/cmake)
[0.779s] -- Found cv_bridge: 3.2.1 (/opt/ros/humble/share/cv_bridge/cmake)
[0.789s] -- Found image_tools: 0.20.3 (/opt/ros/humble/share/image_tools/cmake)
[0.945s] -- Configuring done
[0.981s] -- Generating done
[0.983s] -- Build files have been written to: /home/ram-user/ASDFR/build/image_processing
[1.010s] [35m[1mConsolidate compiler generated dependencies of target grayscaler[0m
[1.010s] [35m[1mConsolidate compiler generated dependencies of target brightness_check[0m
[1.032s] [ 20%] Built target brightness_check
[1.039s] [ 40%] Built target grayscaler
[1.044s] [35m[1mConsolidate compiler generated dependencies of target brightmask[0m
[1.061s] [35m[1mConsolidate compiler generated dependencies of target light_tracker[0m
[1.071s] [ 60%] Built target brightmask
[1.079s] [ 80%] Built target light_tracker
[1.080s] [35m[1mConsolidate compiler generated dependencies of target SimpleSub[0m
[1.097s] [ 90%] [32mBuilding CXX object CMakeFiles/SimpleSub.dir/src/SimpleSub.cpp.o[0m
[3.541s] In file included from [01m[K/opt/ros/humble/include/rclcpp/rclcpp/logging.hpp:24[m[K,
[3.541s]                  from [01m[K/opt/ros/humble/include/rclcpp/rclcpp/client.hpp:40[m[K,
[3.541s]                  from [01m[K/opt/ros/humble/include/rclcpp/rclcpp/callback_group.hpp:24[m[K,
[3.541s]                  from [01m[K/opt/ros/humble/include/rclcpp/rclcpp/any_executable.hpp:20[m[K,
[3.541s]                  from [01m[K/opt/ros/humble/include/rclcpp/rclcpp/memory_strategy.hpp:25[m[K,
[3.541s]                  from [01m[K/opt/ros/humble/include/rclcpp/rclcpp/memory_strategies.hpp:18[m[K,
[3.542s]                  from [01m[K/opt/ros/humble/include/rclcpp/rclcpp/executor_options.hpp:20[m[K,
[3.542s]                  from [01m[K/opt/ros/humble/include/rclcpp/rclcpp/executor.hpp:37[m[K,
[3.542s]                  from [01m[K/opt/ros/humble/include/rclcpp/rclcpp/executors/multi_threaded_executor.hpp:25[m[K,
[3.542s]                  from [01m[K/opt/ros/humble/include/rclcpp/rclcpp/executors.hpp:21[m[K,
[3.542s]                  from [01m[K/opt/ros/humble/include/rclcpp/rclcpp/rclcpp.hpp:155[m[K,
[3.542s]                  from [01m[K/home/ram-user/ASDFR/src/image_processing/src/SimpleSub.cpp:3[m[K:
[3.542s] [01m[K/home/ram-user/ASDFR/src/image_processing/src/SimpleSub.cpp:[m[K In member function ‘[01m[Kvoid MinimalSubscriber::topic_callback(geometry_msgs::msg::Pose2D_<std::allocator<void> >::SharedPtr) const[m[K’:
[3.542s] [01m[K/home/ram-user/ASDFR/src/image_processing/src/SimpleSub.cpp:22:61:[m[K [01;31m[Kerror: [m[K‘[01m[Kusing element_type = struct geometry_msgs::msg::Pose2D_<std::allocator<void> >[m[K’ {aka ‘[01m[Kstruct geometry_msgs::msg::Pose2D_<std::allocator<void> >[m[K’} has no member named ‘[01m[Kdata[m[K’
[3.542s]    22 |       RCLCPP_INFO(this->get_logger(), "I heard: '%s'", msg->[01;31m[Kdata[m[K.c_str());
[3.542s]       |                                                             [01;31m[K^~~~[m[K
[6.152s] gmake[2]: *** [CMakeFiles/SimpleSub.dir/build.make:76: CMakeFiles/SimpleSub.dir/src/SimpleSub.cpp.o] Error 1
[6.153s] gmake[1]: *** [CMakeFiles/Makefile2:249: CMakeFiles/SimpleSub.dir/all] Error 2
[6.153s] gmake: *** [Makefile:146: all] Error 2
[6.158s] Invoked command in '/home/ram-user/ASDFR/build/image_processing' returned '2': CMAKE_PREFIX_PATH=${CMAKE_PREFIX_PATH}:/opt/ros/humble /usr/bin/cmake --build /home/ram-user/ASDFR/build/image_processing -- -j2 -l2
