[0.075s] Invoking command in '/home/ram-user/ASDFR/build/jiwy_controller': AMENT_PREFIX_PATH=/home/ram-user/ASDFR/install/asdfr_interfaces:${AMENT_PREFIX_PATH} CMAKE_PREFIX_PATH=/home/ram-user/ASDFR/install/asdfr_interfaces:/opt/ros/humble LD_LIBRARY_PATH=/home/ram-user/ASDFR/install/asdfr_interfaces/lib:${LD_LIBRARY_PATH} PYTHONPATH=/home/ram-user/ASDFR/install/asdfr_interfaces/local/lib/python3.10/dist-packages:${PYTHONPATH} /usr/bin/cmake --build /home/ram-user/ASDFR/build/jiwy_controller -- -j2 -l2
[0.181s] [35m[1mConsolidate compiler generated dependencies of target jiwy_controller[0m
[0.203s] [35m[1mConsolidate compiler generated dependencies of target jc_lighttracker[0m
[0.245s] [ 16%] [32mBuilding CXX object CMakeFiles/jc_lighttracker.dir/src/jc_light_tracker.cpp.o[0m
[0.258s] [ 50%] Built target jiwy_controller
[0.363s] [35m[1mConsolidate compiler generated dependencies of target simplesub[0m
[0.442s] [ 83%] Built target simplesub
[3.608s] [01m[K/home/ram-user/ASDFR/src/ros2_nodes/src/jiwy_controller/src/jc_light_tracker.cpp:27:62:[m[K [01;31m[Kerror: [m[Ktemplate argument 1 is invalid
[3.608s]    27 |   rclcpp::Subscription<geometry_msgs::msg::Pose2D::SharedPtr [01;31m[Ksubscription_[m[K;
[3.609s]       |                                                              [01;31m[K^~~~~~~~~~~~~[m[K
[3.609s] [01m[K/home/ram-user/ASDFR/src/ros2_nodes/src/jiwy_controller/src/jc_light_tracker.cpp:27:62:[m[K [01;31m[Kerror: [m[Ktemplate argument 3 is invalid
[3.609s] [01m[K/home/ram-user/ASDFR/src/ros2_nodes/src/jiwy_controller/src/jc_light_tracker.cpp:27:62:[m[K [01;31m[Kerror: [m[Ktemplate argument 4 is invalid
[3.609s] [01m[K/home/ram-user/ASDFR/src/ros2_nodes/src/jiwy_controller/src/jc_light_tracker.cpp:27:62:[m[K [01;31m[Kerror: [m[Ktemplate argument 5 is invalid
[3.617s] [01m[K/home/ram-user/ASDFR/src/ros2_nodes/src/jiwy_controller/src/jc_light_tracker.cpp:[m[K In constructor ‘[01m[KJCLightTrackerNode::JCLightTrackerNode()[m[K’:
[3.617s] [01m[K/home/ram-user/ASDFR/src/ros2_nodes/src/jiwy_controller/src/jc_light_tracker.cpp:32:5:[m[K [01;31m[Kerror: [m[K‘[01m[Ksubscription_[m[K’ was not declared in this scope; did you mean ‘[01m[Krmw_subscription_t[m[K’?
[3.617s]    32 |     [01;31m[Ksubscription_[m[K = this->create_subscription<geometry_msgs::msg::Pose2D>("COGL", 10, std::bind(&JCLightTrackerNode::image_callback, this, std::placeholders::_1));
[3.618s]       |     [01;31m[K^~~~~~~~~~~~~[m[K
[3.618s]       |     [32m[Krmw_subscription_t[m[K
[3.619s] In file included from [01m[K/home/ram-user/ASDFR/src/ros2_nodes/src/jiwy_controller/src/jc_light_tracker.cpp:3[m[K:
[3.619s] /usr/include/c++/11/functional: In instantiation of ‘[01m[Kstruct std::_Bind_check_arity<void (JCLightTrackerNode::*)(), JCLightTrackerNode*, const std::_Placeholder<1>&>[m[K’:
[3.619s] [01m[K/usr/include/c++/11/functional:768:12:[m[K   required from ‘[01m[Kstruct std::_Bind_helper<false, void (JCLightTrackerNode::*)(), JCLightTrackerNode*, const std::_Placeholder<1>&>[m[K’
[3.619s] [01m[K/usr/include/c++/11/functional:789:5:[m[K   required by substitution of ‘[01m[Ktemplate<class _Func, class ... _BoundArgs> typename std::_Bind_helper<std::__is_socketlike<_Func>::value, _Func, _BoundArgs ...>::type std::bind(_Func&&, _BoundArgs&& ...) [with _Func = void (JCLightTrackerNode::*)(); _BoundArgs = {JCLightTrackerNode*, const std::_Placeholder<1>&}][m[K’
[3.619s] [01m[K/home/ram-user/ASDFR/src/ros2_nodes/src/jiwy_controller/src/jc_light_tracker.cpp:32:96:[m[K   required from here
[3.619s] [01m[K/usr/include/c++/11/functional:756:21:[m[K [01;31m[Kerror: [m[Kstatic assertion failed: Wrong number of arguments for pointer-to-member
[3.619s]   755 |       static_assert(_Varargs::[01;31m[Kvalue[m[K
[3.619s]       |                               [01;31m[K~~~~~[m[K
[3.620s]   756 | [01;31m[K                    ? sizeof...(_BoundArgs) >= _Arity::value + 1[m[K
[3.620s]       |                     [01;31m[K^~~~~~~~~~~~~~~~~~~~~~~~~~~~~~~~~~~~~~~~~~~~[m[K
[3.620s]   757 | [01;31m[K                    : sizeof...(_BoundArgs) == _Arity::value + 1[m[K,
[3.620s]       |                     [01;31m[K~~~~~~~~~~~~~~~~~~~~~~~~~~~~~~~~~~~~~~~~~~~~[m[K
[3.620s] [01m[K/usr/include/c++/11/functional:756:21:[m[K [01;36m[Knote: [m[K‘[01m[K(false ? (2 >= (((long unsigned int)std::integral_constant<long unsigned int, 0>::value) + 1)) : (2 == (((long unsigned int)std::integral_constant<long unsigned int, 0>::value) + 1)))[m[K’ evaluates to false
[4.188s] In file included from [01m[K/opt/ros/humble/include/rclcpp/rclcpp/subscription_base.hpp:32[m[K,
[4.188s]                  from [01m[K/opt/ros/humble/include/rclcpp/rclcpp/callback_group.hpp:29[m[K,
[4.188s]                  from [01m[K/opt/ros/humble/include/rclcpp/rclcpp/any_executable.hpp:20[m[K,
[4.188s]                  from [01m[K/opt/ros/humble/include/rclcpp/rclcpp/memory_strategy.hpp:25[m[K,
[4.188s]                  from [01m[K/opt/ros/humble/include/rclcpp/rclcpp/memory_strategies.hpp:18[m[K,
[4.188s]                  from [01m[K/opt/ros/humble/include/rclcpp/rclcpp/executor_options.hpp:20[m[K,
[4.189s]                  from [01m[K/opt/ros/humble/include/rclcpp/rclcpp/executor.hpp:37[m[K,
[4.189s]                  from [01m[K/opt/ros/humble/include/rclcpp/rclcpp/executors/multi_threaded_executor.hpp:25[m[K,
[4.189s]                  from [01m[K/opt/ros/humble/include/rclcpp/rclcpp/executors.hpp:21[m[K,
[4.189s]                  from [01m[K/opt/ros/humble/include/rclcpp/rclcpp/rclcpp.hpp:155[m[K,
[4.189s]                  from [01m[K/home/ram-user/ASDFR/src/ros2_nodes/src/jiwy_controller/src/jc_light_tracker.cpp:7[m[K:
[4.189s] /opt/ros/humble/include/rclcpp/rclcpp/any_subscription_callback.hpp: In instantiation of ‘[01m[Krclcpp::AnySubscriptionCallback<MessageT, AllocatorT> rclcpp::AnySubscriptionCallback<MessageT, AllocatorT>::set(CallbackT) [with CallbackT = std::_Bind<void (JCLightTrackerNode::*(JCLightTrackerNode*, std::_Placeholder<1>))()>; MessageT = geometry_msgs::msg::Pose2D_<std::allocator<void> >; AllocatorT = std::allocator<void>][m[K’:
[4.189s] [01m[K/opt/ros/humble/include/rclcpp/rclcpp/subscription_factory.hpp:94:32:[m[K   required from ‘[01m[Krclcpp::SubscriptionFactory rclcpp::create_subscription_factory(CallbackT&&, const rclcpp::SubscriptionOptionsWithAllocator<AllocatorT>&, typename MessageMemoryStrategyT::SharedPtr, std::shared_ptr<rclcpp::topic_statistics::SubscriptionTopicStatistics<ROSMessageType> >) [with MessageT = geometry_msgs::msg::Pose2D_<std::allocator<void> >; CallbackT = std::_Bind<void (JCLightTrackerNode::*(JCLightTrackerNode*, std::_Placeholder<1>))()>; AllocatorT = std::allocator<void>; SubscriptionT = rclcpp::Subscription<geometry_msgs::msg::Pose2D_<std::allocator<void> >, std::allocator<void>, geometry_msgs::msg::Pose2D_<std::allocator<void> >, geometry_msgs::msg::Pose2D_<std::allocator<void> >, rclcpp::message_memory_strategy::MessageMemoryStrategy<geometry_msgs::msg::Pose2D_<std::allocator<void> >, std::allocator<void> > >; MessageMemoryStrategyT = rclcpp::message_memory_strategy::MessageMemoryStrategy<geometry_msgs::msg::Pose2D_<std::allocator<void> >, std::allocator<void> >; ROSMessageType = geometry_msgs::msg::Pose2D_<std::allocator<void> >; typename MessageMemoryStrategyT::SharedPtr = std::shared_ptr<rclcpp::message_memory_strategy::MessageMemoryStrategy<geometry_msgs::msg::Pose2D_<std::allocator<void> >, std::allocator<void> > >][m[K’
[4.189s] [01m[K/opt/ros/humble/include/rclcpp/rclcpp/create_subscription.hpp:122:63:[m[K   required from ‘[01m[Kstd::shared_ptr<ROSMessageT> rclcpp::detail::create_subscription(NodeParametersT&, NodeTopicsT&, const string&, const rclcpp::QoS&, CallbackT&&, const rclcpp::SubscriptionOptionsWithAllocator<AllocatorT>&, typename MessageMemoryStrategyT::SharedPtr) [with MessageT = geometry_msgs::msg::Pose2D_<std::allocator<void> >; CallbackT = std::_Bind<void (JCLightTrackerNode::*(JCLightTrackerNode*, std::_Placeholder<1>))()>; AllocatorT = std::allocator<void>; SubscriptionT = rclcpp::Subscription<geometry_msgs::msg::Pose2D_<std::allocator<void> >, std::allocator<void>, geometry_msgs::msg::Pose2D_<std::allocator<void> >, geometry_msgs::msg::Pose2D_<std::allocator<void> >, rclcpp::message_memory_strategy::MessageMemoryStrategy<geometry_msgs::msg::Pose2D_<std::allocator<void> >, std::allocator<void> > >; MessageMemoryStrategyT = rclcpp::message_memory_strategy::MessageMemoryStrategy<geometry_msgs::msg::Pose2D_<std::allocator<void> >, std::allocator<void> >; NodeParametersT = rclcpp::Node; NodeTopicsT = rclcpp::Node; ROSMessageType = geometry_msgs::msg::Pose2D_<std::allocator<void> >; std::string = std::__cxx11::basic_string<char>; typename MessageMemoryStrategyT::SharedPtr = std::shared_ptr<rclcpp::message_memory_strategy::MessageMemoryStrategy<geometry_msgs::msg::Pose2D_<std::allocator<void> >, std::allocator<void> > >][m[K’
[4.189s] [01m[K/opt/ros/humble/include/rclcpp/rclcpp/create_subscription.hpp:191:76:[m[K   required from ‘[01m[Kstd::shared_ptr<ROSMessageT> rclcpp::create_subscription(NodeT&, const string&, const rclcpp::QoS&, CallbackT&&, const rclcpp::SubscriptionOptionsWithAllocator<AllocatorT>&, typename MessageMemoryStrategyT::SharedPtr) [with MessageT = geometry_msgs::msg::Pose2D_<std::allocator<void> >; CallbackT = std::_Bind<void (JCLightTrackerNode::*(JCLightTrackerNode*, std::_Placeholder<1>))()>; AllocatorT = std::allocator<void>; SubscriptionT = rclcpp::Subscription<geometry_msgs::msg::Pose2D_<std::allocator<void> >, std::allocator<void>, geometry_msgs::msg::Pose2D_<std::allocator<void> >, geometry_msgs::msg::Pose2D_<std::allocator<void> >, rclcpp::message_memory_strategy::MessageMemoryStrategy<geometry_msgs::msg::Pose2D_<std::allocator<void> >, std::allocator<void> > >; MessageMemoryStrategyT = rclcpp::message_memory_strategy::MessageMemoryStrategy<geometry_msgs::msg::Pose2D_<std::allocator<void> >, std::allocator<void> >; NodeT = rclcpp::Node; std::string = std::__cxx11::basic_string<char>; typename MessageMemoryStrategyT::SharedPtr = std::shared_ptr<rclcpp::message_memory_strategy::MessageMemoryStrategy<geometry_msgs::msg::Pose2D_<std::allocator<void> >, std::allocator<void> > >][m[K’
[4.189s] [01m[K/opt/ros/humble/include/rclcpp/rclcpp/node_impl.hpp:99:47:[m[K   required from ‘[01m[Kstd::shared_ptr<ROSMessageT> rclcpp::Node::create_subscription(const string&, const rclcpp::QoS&, CallbackT&&, const rclcpp::SubscriptionOptionsWithAllocator<AllocatorT>&, typename MessageMemoryStrategyT::SharedPtr) [with MessageT = geometry_msgs::msg::Pose2D_<std::allocator<void> >; CallbackT = std::_Bind<void (JCLightTrackerNode::*(JCLightTrackerNode*, std::_Placeholder<1>))()>; AllocatorT = std::allocator<void>; SubscriptionT = rclcpp::Subscription<geometry_msgs::msg::Pose2D_<std::allocator<void> >, std::allocator<void>, geometry_msgs::msg::Pose2D_<std::allocator<void> >, geometry_msgs::msg::Pose2D_<std::allocator<void> >, rclcpp::message_memory_strategy::MessageMemoryStrategy<geometry_msgs::msg::Pose2D_<std::allocator<void> >, std::allocator<void> > >; MessageMemoryStrategyT = rclcpp::message_memory_strategy::MessageMemoryStrategy<geometry_msgs::msg::Pose2D_<std::allocator<void> >, std::allocator<void> >; std::string = std::__cxx11::basic_string<char>; typename MessageMemoryStrategyT::SharedPtr = std::shared_ptr<rclcpp::message_memory_strategy::MessageMemoryStrategy<geometry_msgs::msg::Pose2D_<std::allocator<void> >, std::allocator<void> > >][m[K’
[4.189s] [01m[K/home/ram-user/ASDFR/src/ros2_nodes/src/jiwy_controller/src/jc_light_tracker.cpp:32:74:[m[K   required from here
[4.189s] [01m[K/opt/ros/humble/include/rclcpp/rclcpp/any_subscription_callback.hpp:394:27:[m[K [01;31m[Kerror: [m[Kno matching function for call to ‘[01m[Kstd::function<void()>::function(std::_Bind<void (JCLightTrackerNode::*(JCLightTrackerNode*, std::_Placeholder<1>))()>&)[m[K’
[4.190s]   394 |       callback_variant_ = [01;31m[Kstatic_cast<typename scbth::callback_type>(callback)[m[K;
[4.190s]       |                           [01;31m[K^~~~~~~~~~~~~~~~~~~~~~~~~~~~~~~~~~~~~~~~~~~~~~~~~~~~[m[K
[4.190s] In file included from [01m[K/usr/include/c++/11/functional:59[m[K,
[4.190s]                  from [01m[K/home/ram-user/ASDFR/src/ros2_nodes/src/jiwy_controller/src/jc_light_tracker.cpp:3[m[K:
[4.190s] [01m[K/usr/include/c++/11/bits/std_function.h:435:9:[m[K [01;36m[Knote: [m[Kcandidate: ‘[01m[Ktemplate<class _Functor, class _Constraints> std::function<_Res(_ArgTypes ...)>::function(_Functor&&) [with _Functor = _Functor; _Constraints = _Constraints; _Res = void; _ArgTypes = {}][m[K’
[4.190s]   435 |         [01;36m[Kfunction[m[K(_Functor&& __f)
[4.190s]       |         [01;36m[K^~~~~~~~[m[K
[4.190s] [01m[K/usr/include/c++/11/bits/std_function.h:435:9:[m[K [01;36m[Knote: [m[K  template argument deduction/substitution failed:
[4.192s] In file included from [01m[K/usr/include/c++/11/ratio:39[m[K,
[4.192s]                  from [01m[K/usr/include/c++/11/chrono:39[m[K,
[4.192s]                  from [01m[K/home/ram-user/ASDFR/src/ros2_nodes/src/jiwy_controller/src/jc_light_tracker.cpp:2[m[K:
[4.192s] /usr/include/c++/11/type_traits: In substitution of ‘[01m[Ktemplate<bool _Cond, class _Tp> using __enable_if_t = typename std::enable_if::type [with bool _Cond = false; _Tp = void][m[K’:
[4.193s] [01m[K/usr/include/c++/11/bits/std_function.h:353:8:[m[K   required by substitution of ‘[01m[Ktemplate<class _Res, class ... _ArgTypes> template<class _Cond, class _Tp> using _Requires = std::__enable_if_t<_Cond::value, _Tp> [with _Cond = std::function<void()>::_Callable<std::_Bind<void (JCLightTrackerNode::*(JCLightTrackerNode*, std::_Placeholder<1>))()>&, std::_Bind<void (JCLightTrackerNode::*(JCLightTrackerNode*, std::_Placeholder<1>))()>, std::__invoke_result<std::_Bind<void (JCLightTrackerNode::*(JCLightTrackerNode*, std::_Placeholder<1>))()>&> >; _Tp = void; _Res = void; _ArgTypes = {}][m[K’
[4.193s] [01m[K/usr/include/c++/11/bits/std_function.h:434:9:[m[K   required from ‘[01m[Krclcpp::AnySubscriptionCallback<MessageT, AllocatorT> rclcpp::AnySubscriptionCallback<MessageT, AllocatorT>::set(CallbackT) [with CallbackT = std::_Bind<void (JCLightTrackerNode::*(JCLightTrackerNode*, std::_Placeholder<1>))()>; MessageT = geometry_msgs::msg::Pose2D_<std::allocator<void> >; AllocatorT = std::allocator<void>][m[K’
[4.193s] [01m[K/opt/ros/humble/include/rclcpp/rclcpp/subscription_factory.hpp:94:32:[m[K   required from ‘[01m[Krclcpp::SubscriptionFactory rclcpp::create_subscription_factory(CallbackT&&, const rclcpp::SubscriptionOptionsWithAllocator<AllocatorT>&, typename MessageMemoryStrategyT::SharedPtr, std::shared_ptr<rclcpp::topic_statistics::SubscriptionTopicStatistics<ROSMessageType> >) [with MessageT = geometry_msgs::msg::Pose2D_<std::allocator<void> >; CallbackT = std::_Bind<void (JCLightTrackerNode::*(JCLightTrackerNode*, std::_Placeholder<1>))()>; AllocatorT = std::allocator<void>; SubscriptionT = rclcpp::Subscription<geometry_msgs::msg::Pose2D_<std::allocator<void> >, std::allocator<void>, geometry_msgs::msg::Pose2D_<std::allocator<void> >, geometry_msgs::msg::Pose2D_<std::allocator<void> >, rclcpp::message_memory_strategy::MessageMemoryStrategy<geometry_msgs::msg::Pose2D_<std::allocator<void> >, std::allocator<void> > >; MessageMemoryStrategyT = rclcpp::message_memory_strategy::MessageMemoryStrategy<geometry_msgs::msg::Pose2D_<std::allocator<void> >, std::allocator<void> >; ROSMessageType = geometry_msgs::msg::Pose2D_<std::allocator<void> >; typename MessageMemoryStrategyT::SharedPtr = std::shared_ptr<rclcpp::message_memory_strategy::MessageMemoryStrategy<geometry_msgs::msg::Pose2D_<std::allocator<void> >, std::allocator<void> > >][m[K’
[4.193s] [01m[K/opt/ros/humble/include/rclcpp/rclcpp/create_subscription.hpp:122:63:[m[K   required from ‘[01m[Kstd::shared_ptr<ROSMessageT> rclcpp::detail::create_subscription(NodeParametersT&, NodeTopicsT&, const string&, const rclcpp::QoS&, CallbackT&&, const rclcpp::SubscriptionOptionsWithAllocator<AllocatorT>&, typename MessageMemoryStrategyT::SharedPtr) [with MessageT = geometry_msgs::msg::Pose2D_<std::allocator<void> >; CallbackT = std::_Bind<void (JCLightTrackerNode::*(JCLightTrackerNode*, std::_Placeholder<1>))()>; AllocatorT = std::allocator<void>; SubscriptionT = rclcpp::Subscription<geometry_msgs::msg::Pose2D_<std::allocator<void> >, std::allocator<void>, geometry_msgs::msg::Pose2D_<std::allocator<void> >, geometry_msgs::msg::Pose2D_<std::allocator<void> >, rclcpp::message_memory_strategy::MessageMemoryStrategy<geometry_msgs::msg::Pose2D_<std::allocator<void> >, std::allocator<void> > >; MessageMemoryStrategyT = rclcpp::message_memory_strategy::MessageMemoryStrategy<geometry_msgs::msg::Pose2D_<std::allocator<void> >, std::allocator<void> >; NodeParametersT = rclcpp::Node; NodeTopicsT = rclcpp::Node; ROSMessageType = geometry_msgs::msg::Pose2D_<std::allocator<void> >; std::string = std::__cxx11::basic_string<char>; typename MessageMemoryStrategyT::SharedPtr = std::shared_ptr<rclcpp::message_memory_strategy::MessageMemoryStrategy<geometry_msgs::msg::Pose2D_<std::allocator<void> >, std::allocator<void> > >][m[K’
[4.193s] [01m[K/opt/ros/humble/include/rclcpp/rclcpp/create_subscription.hpp:191:76:[m[K   required from ‘[01m[Kstd::shared_ptr<ROSMessageT> rclcpp::create_subscription(NodeT&, const string&, const rclcpp::QoS&, CallbackT&&, const rclcpp::SubscriptionOptionsWithAllocator<AllocatorT>&, typename MessageMemoryStrategyT::SharedPtr) [with MessageT = geometry_msgs::msg::Pose2D_<std::allocator<void> >; CallbackT = std::_Bind<void (JCLightTrackerNode::*(JCLightTrackerNode*, std::_Placeholder<1>))()>; AllocatorT = std::allocator<void>; SubscriptionT = rclcpp::Subscription<geometry_msgs::msg::Pose2D_<std::allocator<void> >, std::allocator<void>, geometry_msgs::msg::Pose2D_<std::allocator<void> >, geometry_msgs::msg::Pose2D_<std::allocator<void> >, rclcpp::message_memory_strategy::MessageMemoryStrategy<geometry_msgs::msg::Pose2D_<std::allocator<void> >, std::allocator<void> > >; MessageMemoryStrategyT = rclcpp::message_memory_strategy::MessageMemoryStrategy<geometry_msgs::msg::Pose2D_<std::allocator<void> >, std::allocator<void> >; NodeT = rclcpp::Node; std::string = std::__cxx11::basic_string<char>; typename MessageMemoryStrategyT::SharedPtr = std::shared_ptr<rclcpp::message_memory_strategy::MessageMemoryStrategy<geometry_msgs::msg::Pose2D_<std::allocator<void> >, std::allocator<void> > >][m[K’
[4.193s] [01m[K/opt/ros/humble/include/rclcpp/rclcpp/node_impl.hpp:99:47:[m[K   required from ‘[01m[Kstd::shared_ptr<ROSMessageT> rclcpp::Node::create_subscription(const string&, const rclcpp::QoS&, CallbackT&&, const rclcpp::SubscriptionOptionsWithAllocator<AllocatorT>&, typename MessageMemoryStrategyT::SharedPtr) [with MessageT = geometry_msgs::msg::Pose2D_<std::allocator<void> >; CallbackT = std::_Bind<void (JCLightTrackerNode::*(JCLightTrackerNode*, std::_Placeholder<1>))()>; AllocatorT = std::allocator<void>; SubscriptionT = rclcpp::Subscription<geometry_msgs::msg::Pose2D_<std::allocator<void> >, std::allocator<void>, geometry_msgs::msg::Pose2D_<std::allocator<void> >, geometry_msgs::msg::Pose2D_<std::allocator<void> >, rclcpp::message_memory_strategy::MessageMemoryStrategy<geometry_msgs::msg::Pose2D_<std::allocator<void> >, std::allocator<void> > >; MessageMemoryStrategyT = rclcpp::message_memory_strategy::MessageMemoryStrategy<geometry_msgs::msg::Pose2D_<std::allocator<void> >, std::allocator<void> >; std::string = std::__cxx11::basic_string<char>; typename MessageMemoryStrategyT::SharedPtr = std::shared_ptr<rclcpp::message_memory_strategy::MessageMemoryStrategy<geometry_msgs::msg::Pose2D_<std::allocator<void> >, std::allocator<void> > >][m[K’
[4.193s] [01m[K/home/ram-user/ASDFR/src/ros2_nodes/src/jiwy_controller/src/jc_light_tracker.cpp:32:74:[m[K   required from here
[4.193s] [01m[K/usr/include/c++/11/type_traits:2211:11:[m[K [01;31m[Kerror: [m[Kno type named ‘[01m[Ktype[m[K’ in ‘[01m[Kstruct std::enable_if<false, void>[m[K’
[4.193s]  2211 |     using [01;31m[K__enable_if_t[m[K = typename enable_if<_Cond, _Tp>::type;
[4.193s]       |           [01;31m[K^~~~~~~~~~~~~[m[K
[4.193s] In file included from [01m[K/usr/include/c++/11/functional:59[m[K,
[4.193s]                  from [01m[K/home/ram-user/ASDFR/src/ros2_nodes/src/jiwy_controller/src/jc_light_tracker.cpp:3[m[K:
[4.193s] /opt/ros/humble/include/rclcpp/rclcpp/any_subscription_callback.hpp: In instantiation of ‘[01m[Krclcpp::AnySubscriptionCallback<MessageT, AllocatorT> rclcpp::AnySubscriptionCallback<MessageT, AllocatorT>::set(CallbackT) [with CallbackT = std::_Bind<void (JCLightTrackerNode::*(JCLightTrackerNode*, std::_Placeholder<1>))()>; MessageT = geometry_msgs::msg::Pose2D_<std::allocator<void> >; AllocatorT = std::allocator<void>][m[K’:
[4.193s] [01m[K/opt/ros/humble/include/rclcpp/rclcpp/subscription_factory.hpp:94:32:[m[K   required from ‘[01m[Krclcpp::SubscriptionFactory rclcpp::create_subscription_factory(CallbackT&&, const rclcpp::SubscriptionOptionsWithAllocator<AllocatorT>&, typename MessageMemoryStrategyT::SharedPtr, std::shared_ptr<rclcpp::topic_statistics::SubscriptionTopicStatistics<ROSMessageType> >) [with MessageT = geometry_msgs::msg::Pose2D_<std::allocator<void> >; CallbackT = std::_Bind<void (JCLightTrackerNode::*(JCLightTrackerNode*, std::_Placeholder<1>))()>; AllocatorT = std::allocator<void>; SubscriptionT = rclcpp::Subscription<geometry_msgs::msg::Pose2D_<std::allocator<void> >, std::allocator<void>, geometry_msgs::msg::Pose2D_<std::allocator<void> >, geometry_msgs::msg::Pose2D_<std::allocator<void> >, rclcpp::message_memory_strategy::MessageMemoryStrategy<geometry_msgs::msg::Pose2D_<std::allocator<void> >, std::allocator<void> > >; MessageMemoryStrategyT = rclcpp::message_memory_strategy::MessageMemoryStrategy<geometry_msgs::msg::Pose2D_<std::allocator<void> >, std::allocator<void> >; ROSMessageType = geometry_msgs::msg::Pose2D_<std::allocator<void> >; typename MessageMemoryStrategyT::SharedPtr = std::shared_ptr<rclcpp::message_memory_strategy::MessageMemoryStrategy<geometry_msgs::msg::Pose2D_<std::allocator<void> >, std::allocator<void> > >][m[K’
[4.193s] [01m[K/opt/ros/humble/include/rclcpp/rclcpp/create_subscription.hpp:122:63:[m[K   required from ‘[01m[Kstd::shared_ptr<ROSMessageT> rclcpp::detail::create_subscription(NodeParametersT&, NodeTopicsT&, const string&, const rclcpp::QoS&, CallbackT&&, const rclcpp::SubscriptionOptionsWithAllocator<AllocatorT>&, typename MessageMemoryStrategyT::SharedPtr) [with MessageT = geometry_msgs::msg::Pose2D_<std::allocator<void> >; CallbackT = std::_Bind<void (JCLightTrackerNode::*(JCLightTrackerNode*, std::_Placeholder<1>))()>; AllocatorT = std::allocator<void>; SubscriptionT = rclcpp::Subscription<geometry_msgs::msg::Pose2D_<std::allocator<void> >, std::allocator<void>, geometry_msgs::msg::Pose2D_<std::allocator<void> >, geometry_msgs::msg::Pose2D_<std::allocator<void> >, rclcpp::message_memory_strategy::MessageMemoryStrategy<geometry_msgs::msg::Pose2D_<std::allocator<void> >, std::allocator<void> > >; MessageMemoryStrategyT = rclcpp::message_memory_strategy::MessageMemoryStrategy<geometry_msgs::msg::Pose2D_<std::allocator<void> >, std::allocator<void> >; NodeParametersT = rclcpp::Node; NodeTopicsT = rclcpp::Node; ROSMessageType = geometry_msgs::msg::Pose2D_<std::allocator<void> >; std::string = std::__cxx11::basic_string<char>; typename MessageMemoryStrategyT::SharedPtr = std::shared_ptr<rclcpp::message_memory_strategy::MessageMemoryStrategy<geometry_msgs::msg::Pose2D_<std::allocator<void> >, std::allocator<void> > >][m[K’
[4.194s] [01m[K/opt/ros/humble/include/rclcpp/rclcpp/create_subscription.hpp:191:76:[m[K   required from ‘[01m[Kstd::shared_ptr<ROSMessageT> rclcpp::create_subscription(NodeT&, const string&, const rclcpp::QoS&, CallbackT&&, const rclcpp::SubscriptionOptionsWithAllocator<AllocatorT>&, typename MessageMemoryStrategyT::SharedPtr) [with MessageT = geometry_msgs::msg::Pose2D_<std::allocator<void> >; CallbackT = std::_Bind<void (JCLightTrackerNode::*(JCLightTrackerNode*, std::_Placeholder<1>))()>; AllocatorT = std::allocator<void>; SubscriptionT = rclcpp::Subscription<geometry_msgs::msg::Pose2D_<std::allocator<void> >, std::allocator<void>, geometry_msgs::msg::Pose2D_<std::allocator<void> >, geometry_msgs::msg::Pose2D_<std::allocator<void> >, rclcpp::message_memory_strategy::MessageMemoryStrategy<geometry_msgs::msg::Pose2D_<std::allocator<void> >, std::allocator<void> > >; MessageMemoryStrategyT = rclcpp::message_memory_strategy::MessageMemoryStrategy<geometry_msgs::msg::Pose2D_<std::allocator<void> >, std::allocator<void> >; NodeT = rclcpp::Node; std::string = std::__cxx11::basic_string<char>; typename MessageMemoryStrategyT::SharedPtr = std::shared_ptr<rclcpp::message_memory_strategy::MessageMemoryStrategy<geometry_msgs::msg::Pose2D_<std::allocator<void> >, std::allocator<void> > >][m[K’
[4.194s] [01m[K/opt/ros/humble/include/rclcpp/rclcpp/node_impl.hpp:99:47:[m[K   required from ‘[01m[Kstd::shared_ptr<ROSMessageT> rclcpp::Node::create_subscription(const string&, const rclcpp::QoS&, CallbackT&&, const rclcpp::SubscriptionOptionsWithAllocator<AllocatorT>&, typename MessageMemoryStrategyT::SharedPtr) [with MessageT = geometry_msgs::msg::Pose2D_<std::allocator<void> >; CallbackT = std::_Bind<void (JCLightTrackerNode::*(JCLightTrackerNode*, std::_Placeholder<1>))()>; AllocatorT = std::allocator<void>; SubscriptionT = rclcpp::Subscription<geometry_msgs::msg::Pose2D_<std::allocator<void> >, std::allocator<void>, geometry_msgs::msg::Pose2D_<std::allocator<void> >, geometry_msgs::msg::Pose2D_<std::allocator<void> >, rclcpp::message_memory_strategy::MessageMemoryStrategy<geometry_msgs::msg::Pose2D_<std::allocator<void> >, std::allocator<void> > >; MessageMemoryStrategyT = rclcpp::message_memory_strategy::MessageMemoryStrategy<geometry_msgs::msg::Pose2D_<std::allocator<void> >, std::allocator<void> >; std::string = std::__cxx11::basic_string<char>; typename MessageMemoryStrategyT::SharedPtr = std::shared_ptr<rclcpp::message_memory_strategy::MessageMemoryStrategy<geometry_msgs::msg::Pose2D_<std::allocator<void> >, std::allocator<void> > >][m[K’
[4.194s] [01m[K/home/ram-user/ASDFR/src/ros2_nodes/src/jiwy_controller/src/jc_light_tracker.cpp:32:74:[m[K   required from here
[4.194s] [01m[K/usr/include/c++/11/bits/std_function.h:404:7:[m[K [01;36m[Knote: [m[Kcandidate: ‘[01m[Kstd::function<_Res(_ArgTypes ...)>::function(std::function<_Res(_ArgTypes ...)>&&) [with _Res = void; _ArgTypes = {}][m[K’
[4.194s]   404 |       [01;36m[Kfunction[m[K(function&& __x) noexcept
[4.194s]       |       [01;36m[K^~~~~~~~[m[K
[4.194s] [01m[K/usr/include/c++/11/bits/std_function.h:404:27:[m[K [01;36m[Knote: [m[K  no known conversion for argument 1 from ‘[01m[Kstd::_Bind<void (JCLightTrackerNode::*(JCLightTrackerNode*, std::_Placeholder<1>))()>[m[K’ to ‘[01m[Kstd::function<void()>&&[m[K’
[4.194s]   404 |       function([01;36m[Kfunction&& __x[m[K) noexcept
[4.194s]       |                [01;36m[K~~~~~~~~~~~^~~[m[K
[4.199s] [01m[K/usr/include/c++/11/bits/std_function.h:386:7:[m[K [01;36m[Knote: [m[Kcandidate: ‘[01m[Kstd::function<_Res(_ArgTypes ...)>::function(const std::function<_Res(_ArgTypes ...)>&) [with _Res = void; _ArgTypes = {}][m[K’
[4.200s]   386 |       [01;36m[Kfunction[m[K(const function& __x)
[4.200s]       |       [01;36m[K^~~~~~~~[m[K
[4.200s] [01m[K/usr/include/c++/11/bits/std_function.h:386:32:[m[K [01;36m[Knote: [m[K  no known conversion for argument 1 from ‘[01m[Kstd::_Bind<void (JCLightTrackerNode::*(JCLightTrackerNode*, std::_Placeholder<1>))()>[m[K’ to ‘[01m[Kconst std::function<void()>&[m[K’
[4.200s]   386 |       function([01;36m[Kconst function& __x[m[K)
[4.200s]       |                [01;36m[K~~~~~~~~~~~~~~~~^~~[m[K
[4.200s] [01m[K/usr/include/c++/11/bits/std_function.h:375:7:[m[K [01;36m[Knote: [m[Kcandidate: ‘[01m[Kstd::function<_Res(_ArgTypes ...)>::function(std::nullptr_t) [with _Res = void; _ArgTypes = {}; std::nullptr_t = std::nullptr_t][m[K’
[4.200s]   375 |       [01;36m[Kfunction[m[K(nullptr_t) noexcept
[4.200s]       |       [01;36m[K^~~~~~~~[m[K
[4.200s] [01m[K/usr/include/c++/11/bits/std_function.h:375:16:[m[K [01;36m[Knote: [m[K  no known conversion for argument 1 from ‘[01m[Kstd::_Bind<void (JCLightTrackerNode::*(JCLightTrackerNode*, std::_Placeholder<1>))()>[m[K’ to ‘[01m[Kstd::nullptr_t[m[K’
[4.200s]   375 |       function([01;36m[Knullptr_t[m[K) noexcept
[4.200s]       |                [01;36m[K^~~~~~~~~[m[K
[4.200s] [01m[K/usr/include/c++/11/bits/std_function.h:368:7:[m[K [01;36m[Knote: [m[Kcandidate: ‘[01m[Kstd::function<_Res(_ArgTypes ...)>::function() [with _Res = void; _ArgTypes = {}][m[K’
[4.201s]   368 |       [01;36m[Kfunction[m[K() noexcept
[4.201s]       |       [01;36m[K^~~~~~~~[m[K
[4.201s] [01m[K/usr/include/c++/11/bits/std_function.h:368:7:[m[K [01;36m[Knote: [m[K  candidate expects 0 arguments, 1 provided
[6.422s] gmake[2]: *** [CMakeFiles/jc_lighttracker.dir/build.make:76: CMakeFiles/jc_lighttracker.dir/src/jc_light_tracker.cpp.o] Error 1
[6.422s] gmake[1]: *** [CMakeFiles/Makefile2:167: CMakeFiles/jc_lighttracker.dir/all] Error 2
[6.423s] gmake: *** [Makefile:146: all] Error 2
[6.424s] Invoked command in '/home/ram-user/ASDFR/build/jiwy_controller' returned '2': AMENT_PREFIX_PATH=/home/ram-user/ASDFR/install/asdfr_interfaces:${AMENT_PREFIX_PATH} CMAKE_PREFIX_PATH=/home/ram-user/ASDFR/install/asdfr_interfaces:/opt/ros/humble LD_LIBRARY_PATH=/home/ram-user/ASDFR/install/asdfr_interfaces/lib:${LD_LIBRARY_PATH} PYTHONPATH=/home/ram-user/ASDFR/install/asdfr_interfaces/local/lib/python3.10/dist-packages:${PYTHONPATH} /usr/bin/cmake --build /home/ram-user/ASDFR/build/jiwy_controller -- -j2 -l2
