[0.018s] Invoking command in '/home/ram-user/ASDFR/src/ros2_nodes/src/build/asdfr_interfaces': CMAKE_PREFIX_PATH=${CMAKE_PREFIX_PATH}:/opt/ros/humble /usr/bin/cmake --build /home/ram-user/ASDFR/src/ros2_nodes/src/build/asdfr_interfaces -- -j2 -l2
[0.088s] [  9%] Built target asdfr_interfaces__rosidl_generator_c
[0.093s] [ 12%] Built target asdfr_interfaces__cpp
[0.123s] [ 22%] Built target asdfr_interfaces__rosidl_typesupport_cpp
[0.131s] [ 22%] Built target ament_cmake_python_copy_asdfr_interfaces
[0.158s] [ 32%] Built target asdfr_interfaces__rosidl_typesupport_introspection_c
[0.175s] [ 41%] Built target asdfr_interfaces__rosidl_typesupport_fastrtps_c
[0.191s] [ 51%] Built target asdfr_interfaces__rosidl_typesupport_c
[0.198s] [ 61%] Built target asdfr_interfaces__rosidl_typesupport_fastrtps_cpp
[0.217s] [ 70%] Built target asdfr_interfaces__rosidl_typesupport_introspection_cpp
[0.250s] [ 70%] Built target asdfr_interfaces
[0.272s] [ 74%] Built target asdfr_interfaces__py
[0.295s] [ 80%] Built target asdfr_interfaces__rosidl_generator_py
[0.358s] [ 87%] Built target asdfr_interfaces__rosidl_typesupport_fastrtps_c__pyext
[0.393s] [ 93%] Built target asdfr_interfaces__rosidl_typesupport_introspection_c__pyext
[0.472s] [100%] Built target asdfr_interfaces__rosidl_typesupport_c__pyext
[0.520s] running egg_info
[0.522s] writing asdfr_interfaces.egg-info/PKG-INFO
[0.523s] writing dependency_links to asdfr_interfaces.egg-info/dependency_links.txt
[0.524s] writing top-level names to asdfr_interfaces.egg-info/top_level.txt
[0.528s] reading manifest file 'asdfr_interfaces.egg-info/SOURCES.txt'
[0.536s] writing manifest file 'asdfr_interfaces.egg-info/SOURCES.txt'
[0.590s] [100%] Built target ament_cmake_python_build_asdfr_interfaces_egg
[0.611s] Invoked command in '/home/ram-user/ASDFR/src/ros2_nodes/src/build/asdfr_interfaces' returned '0': CMAKE_PREFIX_PATH=${CMAKE_PREFIX_PATH}:/opt/ros/humble /usr/bin/cmake --build /home/ram-user/ASDFR/src/ros2_nodes/src/build/asdfr_interfaces -- -j2 -l2
[0.730s] Invoking command in '/home/ram-user/ASDFR/src/ros2_nodes/src/build/asdfr_interfaces': CMAKE_PREFIX_PATH=${CMAKE_PREFIX_PATH}:/opt/ros/humble /usr/bin/cmake --install /home/ram-user/ASDFR/src/ros2_nodes/src/build/asdfr_interfaces
[0.755s] -- Install configuration: ""
[0.756s] -- Up-to-date: /home/ram-user/ASDFR/src/ros2_nodes/src/install/asdfr_interfaces/share/ament_index/resource_index/rosidl_interfaces/asdfr_interfaces
[0.756s] -- Up-to-date: /home/ram-user/ASDFR/src/ros2_nodes/src/install/asdfr_interfaces/include/asdfr_interfaces/asdfr_interfaces
[0.757s] -- Up-to-date: /home/ram-user/ASDFR/src/ros2_nodes/src/install/asdfr_interfaces/include/asdfr_interfaces/asdfr_interfaces/msg
[0.758s] -- Up-to-date: /home/ram-user/ASDFR/src/ros2_nodes/src/install/asdfr_interfaces/include/asdfr_interfaces/asdfr_interfaces/msg/detail
[0.759s] -- Up-to-date: /home/ram-user/ASDFR/src/ros2_nodes/src/install/asdfr_interfaces/include/asdfr_interfaces/asdfr_interfaces/msg/detail/point2__functions.c
[0.759s] -- Up-to-date: /home/ram-user/ASDFR/src/ros2_nodes/src/install/asdfr_interfaces/include/asdfr_interfaces/asdfr_interfaces/msg/detail/point2__struct.h
[0.760s] -- Up-to-date: /home/ram-user/ASDFR/src/ros2_nodes/src/install/asdfr_interfaces/include/asdfr_interfaces/asdfr_interfaces/msg/detail/point2__functions.h
[0.761s] -- Up-to-date: /home/ram-user/ASDFR/src/ros2_nodes/src/install/asdfr_interfaces/include/asdfr_interfaces/asdfr_interfaces/msg/detail/point2__type_support.h
[0.761s] -- Up-to-date: /home/ram-user/ASDFR/src/ros2_nodes/src/install/asdfr_interfaces/include/asdfr_interfaces/asdfr_interfaces/msg/rosidl_generator_c__visibility_control.h
[0.761s] -- Up-to-date: /home/ram-user/ASDFR/src/ros2_nodes/src/install/asdfr_interfaces/include/asdfr_interfaces/asdfr_interfaces/msg/point2.h
[0.762s] -- Up-to-date: /home/ram-user/ASDFR/src/ros2_nodes/src/install/asdfr_interfaces/share/asdfr_interfaces/environment/library_path.sh
[0.764s] -- Up-to-date: /home/ram-user/ASDFR/src/ros2_nodes/src/install/asdfr_interfaces/share/asdfr_interfaces/environment/library_path.dsv
[0.765s] -- Up-to-date: /home/ram-user/ASDFR/src/ros2_nodes/src/install/asdfr_interfaces/lib/libasdfr_interfaces__rosidl_generator_c.so
[0.765s] -- Up-to-date: /home/ram-user/ASDFR/src/ros2_nodes/src/install/asdfr_interfaces/include/asdfr_interfaces/asdfr_interfaces
[0.765s] -- Up-to-date: /home/ram-user/ASDFR/src/ros2_nodes/src/install/asdfr_interfaces/include/asdfr_interfaces/asdfr_interfaces/msg
[0.766s] -- Up-to-date: /home/ram-user/ASDFR/src/ros2_nodes/src/install/asdfr_interfaces/include/asdfr_interfaces/asdfr_interfaces/msg/rosidl_typesupport_fastrtps_c__visibility_control.h
[0.766s] -- Up-to-date: /home/ram-user/ASDFR/src/ros2_nodes/src/install/asdfr_interfaces/include/asdfr_interfaces/asdfr_interfaces/msg/detail
[0.766s] -- Up-to-date: /home/ram-user/ASDFR/src/ros2_nodes/src/install/asdfr_interfaces/include/asdfr_interfaces/asdfr_interfaces/msg/detail/point2__rosidl_typesupport_fastrtps_c.h
[0.766s] -- Up-to-date: /home/ram-user/ASDFR/src/ros2_nodes/src/install/asdfr_interfaces/lib/libasdfr_interfaces__rosidl_typesupport_fastrtps_c.so
[0.767s] -- Up-to-date: /home/ram-user/ASDFR/src/ros2_nodes/src/install/asdfr_interfaces/include/asdfr_interfaces/asdfr_interfaces
[0.767s] -- Up-to-date: /home/ram-user/ASDFR/src/ros2_nodes/src/install/asdfr_interfaces/include/asdfr_interfaces/asdfr_interfaces/msg
[0.770s] -- Up-to-date: /home/ram-user/ASDFR/src/ros2_nodes/src/install/asdfr_interfaces/include/asdfr_interfaces/asdfr_interfaces/msg/rosidl_typesupport_introspection_c__visibility_control.h
[0.770s] -- Up-to-date: /home/ram-user/ASDFR/src/ros2_nodes/src/install/asdfr_interfaces/include/asdfr_interfaces/asdfr_interfaces/msg/detail
[0.770s] -- Up-to-date: /home/ram-user/ASDFR/src/ros2_nodes/src/install/asdfr_interfaces/include/asdfr_interfaces/asdfr_interfaces/msg/detail/point2__rosidl_typesupport_introspection_c.h
[0.770s] -- Up-to-date: /home/ram-user/ASDFR/src/ros2_nodes/src/install/asdfr_interfaces/include/asdfr_interfaces/asdfr_interfaces/msg/detail/point2__type_support.c
[0.771s] -- Up-to-date: /home/ram-user/ASDFR/src/ros2_nodes/src/install/asdfr_interfaces/lib/libasdfr_interfaces__rosidl_typesupport_introspection_c.so
[0.771s] -- Up-to-date: /home/ram-user/ASDFR/src/ros2_nodes/src/install/asdfr_interfaces/lib/libasdfr_interfaces__rosidl_typesupport_c.so
[0.771s] -- Up-to-date: /home/ram-user/ASDFR/src/ros2_nodes/src/install/asdfr_interfaces/include/asdfr_interfaces/asdfr_interfaces
[0.772s] -- Up-to-date: /home/ram-user/ASDFR/src/ros2_nodes/src/install/asdfr_interfaces/include/asdfr_interfaces/asdfr_interfaces/msg
[0.772s] -- Up-to-date: /home/ram-user/ASDFR/src/ros2_nodes/src/install/asdfr_interfaces/include/asdfr_interfaces/asdfr_interfaces/msg/point2.hpp
[0.772s] -- Up-to-date: /home/ram-user/ASDFR/src/ros2_nodes/src/install/asdfr_interfaces/include/asdfr_interfaces/asdfr_interfaces/msg/detail
[0.772s] -- Up-to-date: /home/ram-user/ASDFR/src/ros2_nodes/src/install/asdfr_interfaces/include/asdfr_interfaces/asdfr_interfaces/msg/detail/point2__traits.hpp
[0.772s] -- Up-to-date: /home/ram-user/ASDFR/src/ros2_nodes/src/install/asdfr_interfaces/include/asdfr_interfaces/asdfr_interfaces/msg/detail/point2__builder.hpp
[0.772s] -- Up-to-date: /home/ram-user/ASDFR/src/ros2_nodes/src/install/asdfr_interfaces/include/asdfr_interfaces/asdfr_interfaces/msg/detail/point2__struct.hpp
[0.773s] -- Up-to-date: /home/ram-user/ASDFR/src/ros2_nodes/src/install/asdfr_interfaces/include/asdfr_interfaces/asdfr_interfaces
[0.773s] -- Up-to-date: /home/ram-user/ASDFR/src/ros2_nodes/src/install/asdfr_interfaces/include/asdfr_interfaces/asdfr_interfaces/msg
[0.773s] -- Up-to-date: /home/ram-user/ASDFR/src/ros2_nodes/src/install/asdfr_interfaces/include/asdfr_interfaces/asdfr_interfaces/msg/detail
[0.773s] -- Up-to-date: /home/ram-user/ASDFR/src/ros2_nodes/src/install/asdfr_interfaces/include/asdfr_interfaces/asdfr_interfaces/msg/detail/point2__rosidl_typesupport_fastrtps_cpp.hpp
[0.773s] -- Up-to-date: /home/ram-user/ASDFR/src/ros2_nodes/src/install/asdfr_interfaces/include/asdfr_interfaces/asdfr_interfaces/msg/detail/dds_fastrtps
[0.778s] -- Up-to-date: /home/ram-user/ASDFR/src/ros2_nodes/src/install/asdfr_interfaces/include/asdfr_interfaces/asdfr_interfaces/msg/rosidl_typesupport_fastrtps_cpp__visibility_control.h
[0.779s] -- Up-to-date: /home/ram-user/ASDFR/src/ros2_nodes/src/install/asdfr_interfaces/lib/libasdfr_interfaces__rosidl_typesupport_fastrtps_cpp.so
[0.779s] -- Up-to-date: /home/ram-user/ASDFR/src/ros2_nodes/src/install/asdfr_interfaces/include/asdfr_interfaces/asdfr_interfaces
[0.779s] -- Up-to-date: /home/ram-user/ASDFR/src/ros2_nodes/src/install/asdfr_interfaces/include/asdfr_interfaces/asdfr_interfaces/msg
[0.780s] -- Up-to-date: /home/ram-user/ASDFR/src/ros2_nodes/src/install/asdfr_interfaces/include/asdfr_interfaces/asdfr_interfaces/msg/detail
[0.780s] -- Up-to-date: /home/ram-user/ASDFR/src/ros2_nodes/src/install/asdfr_interfaces/include/asdfr_interfaces/asdfr_interfaces/msg/detail/point2__rosidl_typesupport_introspection_cpp.hpp
[0.780s] -- Up-to-date: /home/ram-user/ASDFR/src/ros2_nodes/src/install/asdfr_interfaces/include/asdfr_interfaces/asdfr_interfaces/msg/detail/point2__type_support.cpp
[0.781s] -- Up-to-date: /home/ram-user/ASDFR/src/ros2_nodes/src/install/asdfr_interfaces/lib/libasdfr_interfaces__rosidl_typesupport_introspection_cpp.so
[0.781s] -- Up-to-date: /home/ram-user/ASDFR/src/ros2_nodes/src/install/asdfr_interfaces/lib/libasdfr_interfaces__rosidl_typesupport_cpp.so
[0.782s] -- Up-to-date: /home/ram-user/ASDFR/src/ros2_nodes/src/install/asdfr_interfaces/share/asdfr_interfaces/environment/pythonpath.sh
[0.782s] -- Up-to-date: /home/ram-user/ASDFR/src/ros2_nodes/src/install/asdfr_interfaces/share/asdfr_interfaces/environment/pythonpath.dsv
[0.782s] -- Up-to-date: /home/ram-user/ASDFR/src/ros2_nodes/src/install/asdfr_interfaces/local/lib/python3.10/dist-packages/asdfr_interfaces-0.0.0-py3.10.egg-info
[0.782s] -- Installing: /home/ram-user/ASDFR/src/ros2_nodes/src/install/asdfr_interfaces/local/lib/python3.10/dist-packages/asdfr_interfaces-0.0.0-py3.10.egg-info/dependency_links.txt
[0.782s] -- Installing: /home/ram-user/ASDFR/src/ros2_nodes/src/install/asdfr_interfaces/local/lib/python3.10/dist-packages/asdfr_interfaces-0.0.0-py3.10.egg-info/top_level.txt
[0.783s] -- Installing: /home/ram-user/ASDFR/src/ros2_nodes/src/install/asdfr_interfaces/local/lib/python3.10/dist-packages/asdfr_interfaces-0.0.0-py3.10.egg-info/PKG-INFO
[0.783s] -- Installing: /home/ram-user/ASDFR/src/ros2_nodes/src/install/asdfr_interfaces/local/lib/python3.10/dist-packages/asdfr_interfaces-0.0.0-py3.10.egg-info/SOURCES.txt
[0.783s] -- Up-to-date: /home/ram-user/ASDFR/src/ros2_nodes/src/install/asdfr_interfaces/local/lib/python3.10/dist-packages/asdfr_interfaces
[0.784s] -- Up-to-date: /home/ram-user/ASDFR/src/ros2_nodes/src/install/asdfr_interfaces/local/lib/python3.10/dist-packages/asdfr_interfaces/__init__.py
[0.784s] -- Up-to-date: /home/ram-user/ASDFR/src/ros2_nodes/src/install/asdfr_interfaces/local/lib/python3.10/dist-packages/asdfr_interfaces/_asdfr_interfaces_s.ep.rosidl_typesupport_fastrtps_c.c
[0.784s] -- Up-to-date: /home/ram-user/ASDFR/src/ros2_nodes/src/install/asdfr_interfaces/local/lib/python3.10/dist-packages/asdfr_interfaces/asdfr_interfaces_s__rosidl_typesupport_introspection_c.cpython-310-x86_64-linux-gnu.so
[0.784s] -- Up-to-date: /home/ram-user/ASDFR/src/ros2_nodes/src/install/asdfr_interfaces/local/lib/python3.10/dist-packages/asdfr_interfaces/libasdfr_interfaces__rosidl_generator_py.so
[0.784s] -- Up-to-date: /home/ram-user/ASDFR/src/ros2_nodes/src/install/asdfr_interfaces/local/lib/python3.10/dist-packages/asdfr_interfaces/asdfr_interfaces_s__rosidl_typesupport_c.cpython-310-x86_64-linux-gnu.so
[0.784s] -- Up-to-date: /home/ram-user/ASDFR/src/ros2_nodes/src/install/asdfr_interfaces/local/lib/python3.10/dist-packages/asdfr_interfaces/_asdfr_interfaces_s.ep.rosidl_typesupport_introspection_c.c
[0.784s] -- Up-to-date: /home/ram-user/ASDFR/src/ros2_nodes/src/install/asdfr_interfaces/local/lib/python3.10/dist-packages/asdfr_interfaces/_asdfr_interfaces_s.ep.rosidl_typesupport_c.c
[0.785s] -- Up-to-date: /home/ram-user/ASDFR/src/ros2_nodes/src/install/asdfr_interfaces/local/lib/python3.10/dist-packages/asdfr_interfaces/msg
[0.785s] -- Up-to-date: /home/ram-user/ASDFR/src/ros2_nodes/src/install/asdfr_interfaces/local/lib/python3.10/dist-packages/asdfr_interfaces/msg/__init__.py
[0.785s] -- Up-to-date: /home/ram-user/ASDFR/src/ros2_nodes/src/install/asdfr_interfaces/local/lib/python3.10/dist-packages/asdfr_interfaces/msg/_point2.py
[0.785s] -- Up-to-date: /home/ram-user/ASDFR/src/ros2_nodes/src/install/asdfr_interfaces/local/lib/python3.10/dist-packages/asdfr_interfaces/msg/_point2_s.c
[0.785s] -- Up-to-date: /home/ram-user/ASDFR/src/ros2_nodes/src/install/asdfr_interfaces/local/lib/python3.10/dist-packages/asdfr_interfaces/asdfr_interfaces_s__rosidl_typesupport_fastrtps_c.cpython-310-x86_64-linux-gnu.so
[0.831s] Listing '/home/ram-user/ASDFR/src/ros2_nodes/src/install/asdfr_interfaces/local/lib/python3.10/dist-packages/asdfr_interfaces'...
[0.831s] Listing '/home/ram-user/ASDFR/src/ros2_nodes/src/install/asdfr_interfaces/local/lib/python3.10/dist-packages/asdfr_interfaces/msg'...
[0.840s] -- Up-to-date: /home/ram-user/ASDFR/src/ros2_nodes/src/install/asdfr_interfaces/local/lib/python3.10/dist-packages/asdfr_interfaces/asdfr_interfaces_s__rosidl_typesupport_fastrtps_c.cpython-310-x86_64-linux-gnu.so
[0.840s] -- Up-to-date: /home/ram-user/ASDFR/src/ros2_nodes/src/install/asdfr_interfaces/local/lib/python3.10/dist-packages/asdfr_interfaces/asdfr_interfaces_s__rosidl_typesupport_introspection_c.cpython-310-x86_64-linux-gnu.so
[0.840s] -- Up-to-date: /home/ram-user/ASDFR/src/ros2_nodes/src/install/asdfr_interfaces/local/lib/python3.10/dist-packages/asdfr_interfaces/asdfr_interfaces_s__rosidl_typesupport_c.cpython-310-x86_64-linux-gnu.so
[0.840s] -- Up-to-date: /home/ram-user/ASDFR/src/ros2_nodes/src/install/asdfr_interfaces/lib/libasdfr_interfaces__rosidl_generator_py.so
[0.840s] -- Up-to-date: /home/ram-user/ASDFR/src/ros2_nodes/src/install/asdfr_interfaces/share/asdfr_interfaces/msg/Point2.idl
[0.840s] -- Up-to-date: /home/ram-user/ASDFR/src/ros2_nodes/src/install/asdfr_interfaces/share/asdfr_interfaces/msg/Point2.msg
[0.840s] -- Up-to-date: /home/ram-user/ASDFR/src/ros2_nodes/src/install/asdfr_interfaces/share/ament_index/resource_index/package_run_dependencies/asdfr_interfaces
[0.840s] -- Up-to-date: /home/ram-user/ASDFR/src/ros2_nodes/src/install/asdfr_interfaces/share/ament_index/resource_index/parent_prefix_path/asdfr_interfaces
[0.840s] -- Up-to-date: /home/ram-user/ASDFR/src/ros2_nodes/src/install/asdfr_interfaces/share/asdfr_interfaces/environment/ament_prefix_path.sh
[0.841s] -- Up-to-date: /home/ram-user/ASDFR/src/ros2_nodes/src/install/asdfr_interfaces/share/asdfr_interfaces/environment/ament_prefix_path.dsv
[0.841s] -- Up-to-date: /home/ram-user/ASDFR/src/ros2_nodes/src/install/asdfr_interfaces/share/asdfr_interfaces/environment/path.sh
[0.841s] -- Up-to-date: /home/ram-user/ASDFR/src/ros2_nodes/src/install/asdfr_interfaces/share/asdfr_interfaces/environment/path.dsv
[0.841s] -- Up-to-date: /home/ram-user/ASDFR/src/ros2_nodes/src/install/asdfr_interfaces/share/asdfr_interfaces/local_setup.bash
[0.841s] -- Up-to-date: /home/ram-user/ASDFR/src/ros2_nodes/src/install/asdfr_interfaces/share/asdfr_interfaces/local_setup.sh
[0.841s] -- Up-to-date: /home/ram-user/ASDFR/src/ros2_nodes/src/install/asdfr_interfaces/share/asdfr_interfaces/local_setup.zsh
[0.841s] -- Up-to-date: /home/ram-user/ASDFR/src/ros2_nodes/src/install/asdfr_interfaces/share/asdfr_interfaces/local_setup.dsv
[0.841s] -- Installing: /home/ram-user/ASDFR/src/ros2_nodes/src/install/asdfr_interfaces/share/asdfr_interfaces/package.dsv
[0.841s] -- Up-to-date: /home/ram-user/ASDFR/src/ros2_nodes/src/install/asdfr_interfaces/share/ament_index/resource_index/packages/asdfr_interfaces
[0.841s] -- Up-to-date: /home/ram-user/ASDFR/src/ros2_nodes/src/install/asdfr_interfaces/share/asdfr_interfaces/cmake/export_asdfr_interfaces__rosidl_generator_cExport.cmake
[0.841s] -- Up-to-date: /home/ram-user/ASDFR/src/ros2_nodes/src/install/asdfr_interfaces/share/asdfr_interfaces/cmake/export_asdfr_interfaces__rosidl_generator_cExport-noconfig.cmake
[0.842s] -- Up-to-date: /home/ram-user/ASDFR/src/ros2_nodes/src/install/asdfr_interfaces/share/asdfr_interfaces/cmake/export_asdfr_interfaces__rosidl_typesupport_fastrtps_cExport.cmake
[0.842s] -- Up-to-date: /home/ram-user/ASDFR/src/ros2_nodes/src/install/asdfr_interfaces/share/asdfr_interfaces/cmake/export_asdfr_interfaces__rosidl_typesupport_fastrtps_cExport-noconfig.cmake
[0.842s] -- Up-to-date: /home/ram-user/ASDFR/src/ros2_nodes/src/install/asdfr_interfaces/share/asdfr_interfaces/cmake/asdfr_interfaces__rosidl_typesupport_introspection_cExport.cmake
[0.842s] -- Up-to-date: /home/ram-user/ASDFR/src/ros2_nodes/src/install/asdfr_interfaces/share/asdfr_interfaces/cmake/asdfr_interfaces__rosidl_typesupport_introspection_cExport-noconfig.cmake
[0.842s] -- Up-to-date: /home/ram-user/ASDFR/src/ros2_nodes/src/install/asdfr_interfaces/share/asdfr_interfaces/cmake/asdfr_interfaces__rosidl_typesupport_cExport.cmake
[0.842s] -- Up-to-date: /home/ram-user/ASDFR/src/ros2_nodes/src/install/asdfr_interfaces/share/asdfr_interfaces/cmake/asdfr_interfaces__rosidl_typesupport_cExport-noconfig.cmake
[0.842s] -- Up-to-date: /home/ram-user/ASDFR/src/ros2_nodes/src/install/asdfr_interfaces/share/asdfr_interfaces/cmake/export_asdfr_interfaces__rosidl_generator_cppExport.cmake
[0.842s] -- Up-to-date: /home/ram-user/ASDFR/src/ros2_nodes/src/install/asdfr_interfaces/share/asdfr_interfaces/cmake/export_asdfr_interfaces__rosidl_typesupport_fastrtps_cppExport.cmake
[0.842s] -- Up-to-date: /home/ram-user/ASDFR/src/ros2_nodes/src/install/asdfr_interfaces/share/asdfr_interfaces/cmake/export_asdfr_interfaces__rosidl_typesupport_fastrtps_cppExport-noconfig.cmake
[0.842s] -- Up-to-date: /home/ram-user/ASDFR/src/ros2_nodes/src/install/asdfr_interfaces/share/asdfr_interfaces/cmake/asdfr_interfaces__rosidl_typesupport_introspection_cppExport.cmake
[0.842s] -- Up-to-date: /home/ram-user/ASDFR/src/ros2_nodes/src/install/asdfr_interfaces/share/asdfr_interfaces/cmake/asdfr_interfaces__rosidl_typesupport_introspection_cppExport-noconfig.cmake
[0.842s] -- Up-to-date: /home/ram-user/ASDFR/src/ros2_nodes/src/install/asdfr_interfaces/share/asdfr_interfaces/cmake/asdfr_interfaces__rosidl_typesupport_cppExport.cmake
[0.842s] -- Up-to-date: /home/ram-user/ASDFR/src/ros2_nodes/src/install/asdfr_interfaces/share/asdfr_interfaces/cmake/asdfr_interfaces__rosidl_typesupport_cppExport-noconfig.cmake
[0.843s] -- Up-to-date: /home/ram-user/ASDFR/src/ros2_nodes/src/install/asdfr_interfaces/share/asdfr_interfaces/cmake/export_asdfr_interfaces__rosidl_generator_pyExport.cmake
[0.843s] -- Up-to-date: /home/ram-user/ASDFR/src/ros2_nodes/src/install/asdfr_interfaces/share/asdfr_interfaces/cmake/export_asdfr_interfaces__rosidl_generator_pyExport-noconfig.cmake
[0.843s] -- Up-to-date: /home/ram-user/ASDFR/src/ros2_nodes/src/install/asdfr_interfaces/share/asdfr_interfaces/cmake/rosidl_cmake-extras.cmake
[0.843s] -- Up-to-date: /home/ram-user/ASDFR/src/ros2_nodes/src/install/asdfr_interfaces/share/asdfr_interfaces/cmake/ament_cmake_export_include_directories-extras.cmake
[0.843s] -- Up-to-date: /home/ram-user/ASDFR/src/ros2_nodes/src/install/asdfr_interfaces/share/asdfr_interfaces/cmake/ament_cmake_export_libraries-extras.cmake
[0.850s] -- Up-to-date: /home/ram-user/ASDFR/src/ros2_nodes/src/install/asdfr_interfaces/share/asdfr_interfaces/cmake/ament_cmake_export_targets-extras.cmake
[0.850s] -- Up-to-date: /home/ram-user/ASDFR/src/ros2_nodes/src/install/asdfr_interfaces/share/asdfr_interfaces/cmake/rosidl_cmake_export_typesupport_targets-extras.cmake
[0.851s] -- Up-to-date: /home/ram-user/ASDFR/src/ros2_nodes/src/install/asdfr_interfaces/share/asdfr_interfaces/cmake/ament_cmake_export_dependencies-extras.cmake
[0.851s] -- Up-to-date: /home/ram-user/ASDFR/src/ros2_nodes/src/install/asdfr_interfaces/share/asdfr_interfaces/cmake/rosidl_cmake_export_typesupport_libraries-extras.cmake
[0.851s] -- Up-to-date: /home/ram-user/ASDFR/src/ros2_nodes/src/install/asdfr_interfaces/share/asdfr_interfaces/cmake/asdfr_interfacesConfig.cmake
[0.851s] -- Up-to-date: /home/ram-user/ASDFR/src/ros2_nodes/src/install/asdfr_interfaces/share/asdfr_interfaces/cmake/asdfr_interfacesConfig-version.cmake
[0.852s] -- Up-to-date: /home/ram-user/ASDFR/src/ros2_nodes/src/install/asdfr_interfaces/share/asdfr_interfaces/package.xml
[0.862s] Invoked command in '/home/ram-user/ASDFR/src/ros2_nodes/src/build/asdfr_interfaces' returned '0': CMAKE_PREFIX_PATH=${CMAKE_PREFIX_PATH}:/opt/ros/humble /usr/bin/cmake --install /home/ram-user/ASDFR/src/ros2_nodes/src/build/asdfr_interfaces
