[ 20%] Built target brightness_check
[ 40%] Built target grayscaler
[35m[1mConsolidate compiler generated dependencies of target brightmask[0m
[ 60%] Built target brightmask
[ 70%] [32mBuilding CXX object CMakeFiles/light_tracker.dir/src/light_tracker.cpp.o[0m
[ 80%] [32m[1mLinking CXX executable light_tracker[0m
[ 80%] Built target light_tracker
[35m[1mConsolidate compiler generated dependencies of target SimpleSub[0m
[100%] Built target SimpleSub
-- Install configuration: ""
-- Up-to-date: /home/ram-user/ASDFR/install/image_processing/lib/image_processing/brightness_check
-- Up-to-date: /home/ram-user/ASDFR/install/image_processing/lib/image_processing/grayscaler
-- Installing: /home/ram-user/ASDFR/install/image_processing/lib/image_processing/brightmask
-- Set runtime path of "/home/ram-user/ASDFR/install/image_processing/lib/image_processing/brightmask" to ""
-- Installing: /home/ram-user/ASDFR/install/image_processing/lib/image_processing/light_tracker
-- Set runtime path of "/home/ram-user/ASDFR/install/image_processing/lib/image_processing/light_tracker" to ""
-- Up-to-date: /home/ram-user/ASDFR/install/image_processing/lib/image_processing/SimpleSub
-- Up-to-date: /home/ram-user/ASDFR/install/image_processing/share/ament_index/resource_index/package_run_dependencies/image_processing
-- Up-to-date: /home/ram-user/ASDFR/install/image_processing/share/ament_index/resource_index/parent_prefix_path/image_processing
-- Up-to-date: /home/ram-user/ASDFR/install/image_processing/share/image_processing/environment/ament_prefix_path.sh
-- Up-to-date: /home/ram-user/ASDFR/install/image_processing/share/image_processing/environment/ament_prefix_path.dsv
-- Up-to-date: /home/ram-user/ASDFR/install/image_processing/share/image_processing/environment/path.sh
-- Up-to-date: /home/ram-user/ASDFR/install/image_processing/share/image_processing/environment/path.dsv
-- Up-to-date: /home/ram-user/ASDFR/install/image_processing/share/image_processing/local_setup.bash
-- Up-to-date: /home/ram-user/ASDFR/install/image_processing/share/image_processing/local_setup.sh
-- Up-to-date: /home/ram-user/ASDFR/install/image_processing/share/image_processing/local_setup.zsh
-- Up-to-date: /home/ram-user/ASDFR/install/image_processing/share/image_processing/local_setup.dsv
-- Installing: /home/ram-user/ASDFR/install/image_processing/share/image_processing/package.dsv
-- Up-to-date: /home/ram-user/ASDFR/install/image_processing/share/ament_index/resource_index/packages/image_processing
-- Up-to-date: /home/ram-user/ASDFR/install/image_processing/share/image_processing/cmake/image_processingConfig.cmake
-- Up-to-date: /home/ram-user/ASDFR/install/image_processing/share/image_processing/cmake/image_processingConfig-version.cmake
-- Up-to-date: /home/ram-user/ASDFR/install/image_processing/share/image_processing/package.xml
