In file included from [01m[K/opt/ros/humble/include/rclcpp/rclcpp/logging.hpp:24[m[K,
                 from [01m[K/opt/ros/humble/include/rclcpp/rclcpp/client.hpp:40[m[K,
                 from [01m[K/opt/ros/humble/include/rclcpp/rclcpp/callback_group.hpp:24[m[K,
                 from [01m[K/opt/ros/humble/include/rclcpp/rclcpp/any_executable.hpp:20[m[K,
                 from [01m[K/opt/ros/humble/include/rclcpp/rclcpp/memory_strategy.hpp:25[m[K,
                 from [01m[K/opt/ros/humble/include/rclcpp/rclcpp/memory_strategies.hpp:18[m[K,
                 from [01m[K/opt/ros/humble/include/rclcpp/rclcpp/executor_options.hpp:20[m[K,
                 from [01m[K/opt/ros/humble/include/rclcpp/rclcpp/executor.hpp:37[m[K,
                 from [01m[K/opt/ros/humble/include/rclcpp/rclcpp/executors/multi_threaded_executor.hpp:25[m[K,
                 from [01m[K/opt/ros/humble/include/rclcpp/rclcpp/executors.hpp:21[m[K,
                 from [01m[K/opt/ros/humble/include/rclcpp/rclcpp/rclcpp.hpp:155[m[K,
                 from [01m[K/home/ram-user/ASDFR/src/ros2_nodes/src/jiwy_controller/src/SimpleSub.cpp:7[m[K:
[01m[K/home/ram-user/ASDFR/src/ros2_nodes/src/jiwy_controller/src/SimpleSub.cpp:[m[K In member function ‘[01m[Kvoid MinimalSubscriber::pos_callback(asdfr_interfaces::msg::Point2_<std::allocator<void> >::SharedPtr)[m[K’:
[01m[K/home/ram-user/ASDFR/src/ros2_nodes/src/jiwy_controller/src/SimpleSub.cpp:41:63:[m[K [01;31m[Kerror: [m[K‘[01m[Kconst SharedPtr[m[K’ {aka ‘[01m[Kconst class std::shared_ptr<asdfr_interfaces::msg::Point2_<std::allocator<void> > >[m[K’} has no member named ‘[01m[Kx[m[K’
   41 |       RCLCPP_INFO(this->get_logger(), "x y: '%f and %f'", pos.[01;31m[Kx[m[K, pos.y);
      |                                                               [01;31m[K^[m[K
[01m[K/home/ram-user/ASDFR/src/ros2_nodes/src/jiwy_controller/src/SimpleSub.cpp:41:70:[m[K [01;31m[Kerror: [m[K‘[01m[Kconst SharedPtr[m[K’ {aka ‘[01m[Kconst class std::shared_ptr<asdfr_interfaces::msg::Point2_<std::allocator<void> > >[m[K’} has no member named ‘[01m[Ky[m[K’
   41 |       RCLCPP_INFO(this->get_logger(), "x y: '%f and %f'", pos.x, pos.[01;31m[Ky[m[K);
      |                                                                      [01;31m[K^[m[K
gmake[2]: *** [CMakeFiles/simplesub.dir/build.make:76: CMakeFiles/simplesub.dir/src/SimpleSub.cpp.o] Error 1
gmake[1]: *** [CMakeFiles/Makefile2:165: CMakeFiles/simplesub.dir/all] Error 2
gmake: *** [Makefile:146: all] Error 2
