[0.066s] Invoking command in '/home/ram-user/ASDFR/src/ros2_nodes/src/build/jiwy_controller': CMAKE_PREFIX_PATH=/home/ram-user/ASDFR/src/ros2_nodes/src/install/asdfr_interfaces:/home/ram-user/ASDFR/src/ros2_nodes/src/install/jiwy_simulator:/home/ram-user/ASDFR/src/ros2_nodes/src/install/jiwy_controller:/opt/ros/humble /usr/bin/cmake --build /home/ram-user/ASDFR/src/ros2_nodes/src/build/jiwy_controller -- -j2 -l2
[0.191s] -- Found ament_cmake: 1.3.3 (/opt/ros/humble/share/ament_cmake/cmake)
[0.428s] -- Found rclcpp: 16.0.3 (/opt/ros/humble/share/rclcpp/cmake)
[0.474s] -- Found rosidl_generator_c: 3.1.4 (/opt/ros/humble/share/rosidl_generator_c/cmake)
[0.480s] -- Found rosidl_adapter: 3.1.4 (/opt/ros/humble/share/rosidl_adapter/cmake)
[0.502s] -- Found rosidl_generator_cpp: 3.1.4 (/opt/ros/humble/share/rosidl_generator_cpp/cmake)
[0.517s] -- Using all available rosidl_typesupport_c: rosidl_typesupport_fastrtps_c;rosidl_typesupport_introspection_c
[0.543s] -- Using all available rosidl_typesupport_cpp: rosidl_typesupport_fastrtps_cpp;rosidl_typesupport_introspection_cpp
[0.621s] -- Found rmw_implementation_cmake: 6.1.1 (/opt/ros/humble/share/rmw_implementation_cmake/cmake)
[0.623s] -- Found rmw_fastrtps_cpp: 6.2.2 (/opt/ros/humble/share/rmw_fastrtps_cpp/cmake)
[0.759s] -- Using RMW implementation 'rmw_fastrtps_cpp' as default
[0.994s] -- Found sensor_msgs: 4.2.3 (/opt/ros/humble/share/sensor_msgs/cmake)
[1.146s] -- Found asdfr_interfaces: 0.0.0 (/home/ram-user/ASDFR/src/ros2_nodes/src/install/asdfr_interfaces/share/asdfr_interfaces/cmake)
[1.268s] -- Found OpenCV: /usr (found version "4.5.4") 
[1.278s] -- Found cv_bridge: 3.2.1 (/opt/ros/humble/share/cv_bridge/cmake)
[1.296s] -- Found ament_lint_auto: 0.12.5 (/opt/ros/humble/share/ament_lint_auto/cmake)
[1.390s] -- Added test 'cppcheck' to perform static code analysis on C / C++ code
[1.390s] -- Configured cppcheck include dirs: $<BUILD_INTERFACE:/home/ram-user/ASDFR/src/ros2_nodes/src/jiwy_controller/include>
[1.390s] -- Configured cppcheck exclude dirs and/or files: 
[1.392s] -- Added test 'lint_cmake' to check CMake code style
[1.393s] -- Added test 'uncrustify' to check C / C++ code style
[1.393s] -- Configured uncrustify additional arguments: 
[1.394s] -- Added test 'xmllint' to check XML markup files
[1.397s] -- Configuring done
[1.432s] -- Generating done
[1.435s] -- Build files have been written to: /home/ram-user/ASDFR/src/ros2_nodes/src/build/jiwy_controller
[1.495s] [35m[1mConsolidate compiler generated dependencies of target jiwy_controller[0m
[1.514s] [ 50%] Built target jiwy_controller
[1.527s] [35m[1mConsolidate compiler generated dependencies of target simplesub[0m
[1.543s] [ 75%] [32mBuilding CXX object CMakeFiles/simplesub.dir/src/SimpleSub.cpp.o[0m
[5.461s] In file included from [01m[K/opt/ros/humble/include/rclcpp/rclcpp/logging.hpp:24[m[K,
[5.461s]                  from [01m[K/opt/ros/humble/include/rclcpp/rclcpp/client.hpp:40[m[K,
[5.461s]                  from [01m[K/opt/ros/humble/include/rclcpp/rclcpp/callback_group.hpp:24[m[K,
[5.461s]                  from [01m[K/opt/ros/humble/include/rclcpp/rclcpp/any_executable.hpp:20[m[K,
[5.461s]                  from [01m[K/opt/ros/humble/include/rclcpp/rclcpp/memory_strategy.hpp:25[m[K,
[5.461s]                  from [01m[K/opt/ros/humble/include/rclcpp/rclcpp/memory_strategies.hpp:18[m[K,
[5.461s]                  from [01m[K/opt/ros/humble/include/rclcpp/rclcpp/executor_options.hpp:20[m[K,
[5.461s]                  from [01m[K/opt/ros/humble/include/rclcpp/rclcpp/executor.hpp:37[m[K,
[5.461s]                  from [01m[K/opt/ros/humble/include/rclcpp/rclcpp/executors/multi_threaded_executor.hpp:25[m[K,
[5.461s]                  from [01m[K/opt/ros/humble/include/rclcpp/rclcpp/executors.hpp:21[m[K,
[5.461s]                  from [01m[K/opt/ros/humble/include/rclcpp/rclcpp/rclcpp.hpp:155[m[K,
[5.461s]                  from [01m[K/home/ram-user/ASDFR/src/ros2_nodes/src/jiwy_controller/src/SimpleSub.cpp:7[m[K:
[5.461s] [01m[K/home/ram-user/ASDFR/src/ros2_nodes/src/jiwy_controller/src/SimpleSub.cpp:[m[K In member function ‘[01m[Kvoid MinimalSubscriber::pos_callback(asdfr_interfaces::msg::Point2_<std::allocator<void> >::SharedPtr)[m[K’:
[5.461s] [01m[K/home/ram-user/ASDFR/src/ros2_nodes/src/jiwy_controller/src/SimpleSub.cpp:41:63:[m[K [01;31m[Kerror: [m[K‘[01m[Kconst SharedPtr[m[K’ {aka ‘[01m[Kconst class std::shared_ptr<asdfr_interfaces::msg::Point2_<std::allocator<void> > >[m[K’} has no member named ‘[01m[Kx[m[K’
[5.461s]    41 |       RCLCPP_INFO(this->get_logger(), "x y: '%f and %f'", pos.[01;31m[Kx[m[K, pos.y);
[5.461s]       |                                                               [01;31m[K^[m[K
[5.461s] [01m[K/home/ram-user/ASDFR/src/ros2_nodes/src/jiwy_controller/src/SimpleSub.cpp:41:70:[m[K [01;31m[Kerror: [m[K‘[01m[Kconst SharedPtr[m[K’ {aka ‘[01m[Kconst class std::shared_ptr<asdfr_interfaces::msg::Point2_<std::allocator<void> > >[m[K’} has no member named ‘[01m[Ky[m[K’
[5.462s]    41 |       RCLCPP_INFO(this->get_logger(), "x y: '%f and %f'", pos.x, pos.[01;31m[Ky[m[K);
[5.462s]       |                                                                      [01;31m[K^[m[K
[9.574s] gmake[2]: *** [CMakeFiles/simplesub.dir/build.make:76: CMakeFiles/simplesub.dir/src/SimpleSub.cpp.o] Error 1
[9.575s] gmake[1]: *** [CMakeFiles/Makefile2:165: CMakeFiles/simplesub.dir/all] Error 2
[9.575s] gmake: *** [Makefile:146: all] Error 2
[9.577s] Invoked command in '/home/ram-user/ASDFR/src/ros2_nodes/src/build/jiwy_controller' returned '2': CMAKE_PREFIX_PATH=/home/ram-user/ASDFR/src/ros2_nodes/src/install/asdfr_interfaces:/home/ram-user/ASDFR/src/ros2_nodes/src/install/jiwy_simulator:/home/ram-user/ASDFR/src/ros2_nodes/src/install/jiwy_controller:/opt/ros/humble /usr/bin/cmake --build /home/ram-user/ASDFR/src/ros2_nodes/src/build/jiwy_controller -- -j2 -l2
