[0.054s] Invoking command in '/home/ram-user/ASDFR/build/jiwy_simulator': CMAKE_PREFIX_PATH=/home/ram-user/ASDFR/install/asdfr_interfaces:/home/ram-user/ASDFR/install/jiwy_simulator:/home/ram-user/ASDFR/install/jiwy_controller:/home/ram-user/ASDFR/install/image_processing:/home/ram-user/ASDFR/src/ros2_nodes/src/install/jiwy_simulator:/home/ram-user/ASDFR/src/ros2_nodes/src/install/jiwy_controller:/home/ram-user/ASDFR/src/ros2_nodes/src/install/asdfr_interfaces:/opt/ros/humble /usr/bin/cmake --build /home/ram-user/ASDFR/build/jiwy_simulator -- -j2 -l2
[0.275s] [100%] Built target jiwy_simulator
[0.314s] Invoked command in '/home/ram-user/ASDFR/build/jiwy_simulator' returned '0': CMAKE_PREFIX_PATH=/home/ram-user/ASDFR/install/asdfr_interfaces:/home/ram-user/ASDFR/install/jiwy_simulator:/home/ram-user/ASDFR/install/jiwy_controller:/home/ram-user/ASDFR/install/image_processing:/home/ram-user/ASDFR/src/ros2_nodes/src/install/jiwy_simulator:/home/ram-user/ASDFR/src/ros2_nodes/src/install/jiwy_controller:/home/ram-user/ASDFR/src/ros2_nodes/src/install/asdfr_interfaces:/opt/ros/humble /usr/bin/cmake --build /home/ram-user/ASDFR/build/jiwy_simulator -- -j2 -l2
[0.482s] Invoking command in '/home/ram-user/ASDFR/build/jiwy_simulator': CMAKE_PREFIX_PATH=/home/ram-user/ASDFR/install/asdfr_interfaces:/home/ram-user/ASDFR/install/jiwy_simulator:/home/ram-user/ASDFR/install/jiwy_controller:/home/ram-user/ASDFR/install/image_processing:/home/ram-user/ASDFR/src/ros2_nodes/src/install/jiwy_simulator:/home/ram-user/ASDFR/src/ros2_nodes/src/install/jiwy_controller:/home/ram-user/ASDFR/src/ros2_nodes/src/install/asdfr_interfaces:/opt/ros/humble /usr/bin/cmake --install /home/ram-user/ASDFR/build/jiwy_simulator
[0.509s] -- Install configuration: ""
[0.513s] -- Up-to-date: /home/ram-user/ASDFR/install/jiwy_simulator/lib/jiwy_simulator/jiwy_simulator
[0.514s] -- Up-to-date: /home/ram-user/ASDFR/install/jiwy_simulator/share/ament_index/resource_index/package_run_dependencies/jiwy_simulator
[0.514s] -- Up-to-date: /home/ram-user/ASDFR/install/jiwy_simulator/share/ament_index/resource_index/parent_prefix_path/jiwy_simulator
[0.522s] -- Up-to-date: /home/ram-user/ASDFR/install/jiwy_simulator/share/jiwy_simulator/environment/ament_prefix_path.sh
[0.522s] -- Up-to-date: /home/ram-user/ASDFR/install/jiwy_simulator/share/jiwy_simulator/environment/ament_prefix_path.dsv
[0.523s] -- Up-to-date: /home/ram-user/ASDFR/install/jiwy_simulator/share/jiwy_simulator/environment/path.sh
[0.523s] -- Up-to-date: /home/ram-user/ASDFR/install/jiwy_simulator/share/jiwy_simulator/environment/path.dsv
[0.523s] -- Up-to-date: /home/ram-user/ASDFR/install/jiwy_simulator/share/jiwy_simulator/local_setup.bash
[0.523s] -- Up-to-date: /home/ram-user/ASDFR/install/jiwy_simulator/share/jiwy_simulator/local_setup.sh
[0.524s] -- Up-to-date: /home/ram-user/ASDFR/install/jiwy_simulator/share/jiwy_simulator/local_setup.zsh
[0.524s] -- Up-to-date: /home/ram-user/ASDFR/install/jiwy_simulator/share/jiwy_simulator/local_setup.dsv
[0.524s] -- Installing: /home/ram-user/ASDFR/install/jiwy_simulator/share/jiwy_simulator/package.dsv
[0.529s] -- Up-to-date: /home/ram-user/ASDFR/install/jiwy_simulator/share/ament_index/resource_index/packages/jiwy_simulator
[0.529s] -- Up-to-date: /home/ram-user/ASDFR/install/jiwy_simulator/share/jiwy_simulator/cmake/jiwy_simulatorConfig.cmake
[0.529s] -- Up-to-date: /home/ram-user/ASDFR/install/jiwy_simulator/share/jiwy_simulator/cmake/jiwy_simulatorConfig-version.cmake
[0.530s] -- Up-to-date: /home/ram-user/ASDFR/install/jiwy_simulator/share/jiwy_simulator/package.xml
[0.530s] -- Up-to-date: /home/ram-user/ASDFR/install/jiwy_simulator/share/jiwy_simulator/
[0.536s] Invoked command in '/home/ram-user/ASDFR/build/jiwy_simulator' returned '0': CMAKE_PREFIX_PATH=/home/ram-user/ASDFR/install/asdfr_interfaces:/home/ram-user/ASDFR/install/jiwy_simulator:/home/ram-user/ASDFR/install/jiwy_controller:/home/ram-user/ASDFR/install/image_processing:/home/ram-user/ASDFR/src/ros2_nodes/src/install/jiwy_simulator:/home/ram-user/ASDFR/src/ros2_nodes/src/install/jiwy_controller:/home/ram-user/ASDFR/src/ros2_nodes/src/install/asdfr_interfaces:/opt/ros/humble /usr/bin/cmake --install /home/ram-user/ASDFR/build/jiwy_simulator
