[0.028s] Invoking command in '/home/ram-user/ASDFR/src/ros2_nodes/build/jiwy_simulator': AMENT_PREFIX_PATH=/home/ram-user/ASDFR/src/ros2_nodes/install/asdfr_interfaces:${AMENT_PREFIX_PATH} CMAKE_PREFIX_PATH=/home/ram-user/ASDFR/src/ros2_nodes/install/asdfr_interfaces:/home/ram-user/ASDFR/src/ros2_nodes/src/install/jiwy_simulator:/home/ram-user/ASDFR/src/ros2_nodes/src/install/jiwy_controller:/home/ram-user/ASDFR/src/ros2_nodes/src/install/asdfr_interfaces:/opt/ros/humble LD_LIBRARY_PATH=/home/ram-user/ASDFR/src/ros2_nodes/install/asdfr_interfaces/lib:${LD_LIBRARY_PATH} PYTHONPATH=/home/ram-user/ASDFR/src/ros2_nodes/install/asdfr_interfaces/local/lib/python3.10/dist-packages:${PYTHONPATH} /usr/bin/cmake /home/ram-user/ASDFR/src/ros2_nodes/src/jiwy_simulator -DCMAKE_INSTALL_PREFIX=/home/ram-user/ASDFR/src/ros2_nodes/install/jiwy_simulator
[0.094s] -- The C compiler identification is GNU 11.3.0
[0.163s] -- The CXX compiler identification is GNU 11.3.0
[0.172s] -- Detecting C compiler ABI info
[0.267s] -- Detecting C compiler ABI info - done
[0.275s] -- Check for working C compiler: /usr/bin/cc - skipped
[0.275s] -- Detecting C compile features
[0.275s] -- Detecting C compile features - done
[0.279s] -- Detecting CXX compiler ABI info
[0.404s] -- Detecting CXX compiler ABI info - done
[0.422s] -- Check for working CXX compiler: /usr/bin/c++ - skipped
[0.423s] -- Detecting CXX compile features
[0.423s] -- Detecting CXX compile features - done
[0.427s] -- Found ament_cmake: 1.3.3 (/opt/ros/humble/share/ament_cmake/cmake)
[0.686s] -- Found Python3: /usr/bin/python3.10 (found version "3.10.6") found components: Interpreter 
[1.221s] -- Found rclcpp: 16.0.3 (/opt/ros/humble/share/rclcpp/cmake)
[1.378s] -- Found rosidl_generator_c: 3.1.4 (/opt/ros/humble/share/rosidl_generator_c/cmake)
[1.400s] -- Found rosidl_adapter: 3.1.4 (/opt/ros/humble/share/rosidl_adapter/cmake)
[1.408s] -- Found rosidl_generator_cpp: 3.1.4 (/opt/ros/humble/share/rosidl_generator_cpp/cmake)
[1.434s] -- Using all available rosidl_typesupport_c: rosidl_typesupport_fastrtps_c;rosidl_typesupport_introspection_c
[1.454s] -- Using all available rosidl_typesupport_cpp: rosidl_typesupport_fastrtps_cpp;rosidl_typesupport_introspection_cpp
[1.549s] -- Found rmw_implementation_cmake: 6.1.1 (/opt/ros/humble/share/rmw_implementation_cmake/cmake)
[1.553s] -- Found rmw_fastrtps_cpp: 6.2.2 (/opt/ros/humble/share/rmw_fastrtps_cpp/cmake)
[1.878s] -- Found OpenSSL: /usr/lib/x86_64-linux-gnu/libcrypto.so (found version "3.0.2")  
[1.902s] -- Found FastRTPS: /opt/ros/humble/include  
[1.958s] -- Using RMW implementation 'rmw_fastrtps_cpp' as default
[1.986s] -- Looking for pthread.h
[2.107s] -- Looking for pthread.h - found
[2.107s] -- Performing Test CMAKE_HAVE_LIBC_PTHREAD
[2.205s] -- Performing Test CMAKE_HAVE_LIBC_PTHREAD - Success
[2.205s] -- Found Threads: TRUE  
[2.512s] -- Found sensor_msgs: 4.2.3 (/opt/ros/humble/share/sensor_msgs/cmake)
[2.751s] -- Found asdfr_interfaces: 0.0.0 (/home/ram-user/ASDFR/src/ros2_nodes/install/asdfr_interfaces/share/asdfr_interfaces/cmake)
[2.769s] -- Found ament_lint_auto: 0.12.5 (/opt/ros/humble/share/ament_lint_auto/cmake)
[2.864s] -- Added test 'copyright' to check source files copyright and LICENSE
[2.864s] -- Added test 'cppcheck' to perform static code analysis on C / C++ code
[2.864s] -- Configured cppcheck include dirs: $<BUILD_INTERFACE:/home/ram-user/ASDFR/src/ros2_nodes/src/jiwy_simulator/include>
[2.864s] -- Configured cppcheck exclude dirs and/or files: 
[2.864s] -- Added test 'cpplint' to check C / C++ code against the Google style
[2.864s] -- Configured cpplint exclude dirs and/or files: 
[2.864s] -- Added test 'lint_cmake' to check CMake code style
[2.864s] -- Added test 'uncrustify' to check C / C++ code style
[2.864s] -- Configured uncrustify additional arguments: 
[2.865s] -- Added test 'xmllint' to check XML markup files
[2.872s] -- Configuring done
[2.895s] -- Generating done
[2.895s] -- Build files have been written to: /home/ram-user/ASDFR/src/ros2_nodes/build/jiwy_simulator
[2.912s] Invoked command in '/home/ram-user/ASDFR/src/ros2_nodes/build/jiwy_simulator' returned '0': AMENT_PREFIX_PATH=/home/ram-user/ASDFR/src/ros2_nodes/install/asdfr_interfaces:${AMENT_PREFIX_PATH} CMAKE_PREFIX_PATH=/home/ram-user/ASDFR/src/ros2_nodes/install/asdfr_interfaces:/home/ram-user/ASDFR/src/ros2_nodes/src/install/jiwy_simulator:/home/ram-user/ASDFR/src/ros2_nodes/src/install/jiwy_controller:/home/ram-user/ASDFR/src/ros2_nodes/src/install/asdfr_interfaces:/opt/ros/humble LD_LIBRARY_PATH=/home/ram-user/ASDFR/src/ros2_nodes/install/asdfr_interfaces/lib:${LD_LIBRARY_PATH} PYTHONPATH=/home/ram-user/ASDFR/src/ros2_nodes/install/asdfr_interfaces/local/lib/python3.10/dist-packages:${PYTHONPATH} /usr/bin/cmake /home/ram-user/ASDFR/src/ros2_nodes/src/jiwy_simulator -DCMAKE_INSTALL_PREFIX=/home/ram-user/ASDFR/src/ros2_nodes/install/jiwy_simulator
[2.913s] Invoking command in '/home/ram-user/ASDFR/src/ros2_nodes/build/jiwy_simulator': AMENT_PREFIX_PATH=/home/ram-user/ASDFR/src/ros2_nodes/install/asdfr_interfaces:${AMENT_PREFIX_PATH} CMAKE_PREFIX_PATH=/home/ram-user/ASDFR/src/ros2_nodes/install/asdfr_interfaces:/home/ram-user/ASDFR/src/ros2_nodes/src/install/jiwy_simulator:/home/ram-user/ASDFR/src/ros2_nodes/src/install/jiwy_controller:/home/ram-user/ASDFR/src/ros2_nodes/src/install/asdfr_interfaces:/opt/ros/humble LD_LIBRARY_PATH=/home/ram-user/ASDFR/src/ros2_nodes/install/asdfr_interfaces/lib:${LD_LIBRARY_PATH} PYTHONPATH=/home/ram-user/ASDFR/src/ros2_nodes/install/asdfr_interfaces/local/lib/python3.10/dist-packages:${PYTHONPATH} /usr/bin/cmake --build /home/ram-user/ASDFR/src/ros2_nodes/build/jiwy_simulator -- -j2 -l2
[2.991s] [ 50%] [32mBuilding CXX object CMakeFiles/jiwy_simulator.dir/src/jiwy_simulator.cpp.o[0m
[25.536s] [100%] [32m[1mLinking CXX executable jiwy_simulator[0m
[26.483s] [100%] Built target jiwy_simulator
[26.518s] Invoked command in '/home/ram-user/ASDFR/src/ros2_nodes/build/jiwy_simulator' returned '0': AMENT_PREFIX_PATH=/home/ram-user/ASDFR/src/ros2_nodes/install/asdfr_interfaces:${AMENT_PREFIX_PATH} CMAKE_PREFIX_PATH=/home/ram-user/ASDFR/src/ros2_nodes/install/asdfr_interfaces:/home/ram-user/ASDFR/src/ros2_nodes/src/install/jiwy_simulator:/home/ram-user/ASDFR/src/ros2_nodes/src/install/jiwy_controller:/home/ram-user/ASDFR/src/ros2_nodes/src/install/asdfr_interfaces:/opt/ros/humble LD_LIBRARY_PATH=/home/ram-user/ASDFR/src/ros2_nodes/install/asdfr_interfaces/lib:${LD_LIBRARY_PATH} PYTHONPATH=/home/ram-user/ASDFR/src/ros2_nodes/install/asdfr_interfaces/local/lib/python3.10/dist-packages:${PYTHONPATH} /usr/bin/cmake --build /home/ram-user/ASDFR/src/ros2_nodes/build/jiwy_simulator -- -j2 -l2
[26.607s] Invoking command in '/home/ram-user/ASDFR/src/ros2_nodes/build/jiwy_simulator': AMENT_PREFIX_PATH=/home/ram-user/ASDFR/src/ros2_nodes/install/asdfr_interfaces:${AMENT_PREFIX_PATH} CMAKE_PREFIX_PATH=/home/ram-user/ASDFR/src/ros2_nodes/install/asdfr_interfaces:/home/ram-user/ASDFR/src/ros2_nodes/src/install/jiwy_simulator:/home/ram-user/ASDFR/src/ros2_nodes/src/install/jiwy_controller:/home/ram-user/ASDFR/src/ros2_nodes/src/install/asdfr_interfaces:/opt/ros/humble LD_LIBRARY_PATH=/home/ram-user/ASDFR/src/ros2_nodes/install/asdfr_interfaces/lib:${LD_LIBRARY_PATH} PYTHONPATH=/home/ram-user/ASDFR/src/ros2_nodes/install/asdfr_interfaces/local/lib/python3.10/dist-packages:${PYTHONPATH} /usr/bin/cmake --install /home/ram-user/ASDFR/src/ros2_nodes/build/jiwy_simulator
[26.622s] -- Install configuration: ""
[26.634s] -- Installing: /home/ram-user/ASDFR/src/ros2_nodes/install/jiwy_simulator/lib/jiwy_simulator/jiwy_simulator
[26.646s] -- Set runtime path of "/home/ram-user/ASDFR/src/ros2_nodes/install/jiwy_simulator/lib/jiwy_simulator/jiwy_simulator" to ""
[26.646s] -- Installing: /home/ram-user/ASDFR/src/ros2_nodes/install/jiwy_simulator/share/ament_index/resource_index/package_run_dependencies/jiwy_simulator
[26.655s] -- Installing: /home/ram-user/ASDFR/src/ros2_nodes/install/jiwy_simulator/share/ament_index/resource_index/parent_prefix_path/jiwy_simulator
[26.665s] -- Installing: /home/ram-user/ASDFR/src/ros2_nodes/install/jiwy_simulator/share/jiwy_simulator/environment/ament_prefix_path.sh
[26.667s] -- Installing: /home/ram-user/ASDFR/src/ros2_nodes/install/jiwy_simulator/share/jiwy_simulator/environment/ament_prefix_path.dsv
[26.681s] -- Installing: /home/ram-user/ASDFR/src/ros2_nodes/install/jiwy_simulator/share/jiwy_simulator/environment/path.sh
[26.682s] -- Installing: /home/ram-user/ASDFR/src/ros2_nodes/install/jiwy_simulator/share/jiwy_simulator/environment/path.dsv
[26.698s] -- Installing: /home/ram-user/ASDFR/src/ros2_nodes/install/jiwy_simulator/share/jiwy_simulator/local_setup.bash
[26.708s] -- Installing: /home/ram-user/ASDFR/src/ros2_nodes/install/jiwy_simulator/share/jiwy_simulator/local_setup.sh
[26.723s] -- Installing: /home/ram-user/ASDFR/src/ros2_nodes/install/jiwy_simulator/share/jiwy_simulator/local_setup.zsh
[26.746s] -- Installing: /home/ram-user/ASDFR/src/ros2_nodes/install/jiwy_simulator/share/jiwy_simulator/local_setup.dsv
[26.747s] -- Installing: /home/ram-user/ASDFR/src/ros2_nodes/install/jiwy_simulator/share/jiwy_simulator/package.dsv
[26.750s] -- Installing: /home/ram-user/ASDFR/src/ros2_nodes/install/jiwy_simulator/share/ament_index/resource_index/packages/jiwy_simulator
[26.750s] -- Installing: /home/ram-user/ASDFR/src/ros2_nodes/install/jiwy_simulator/share/jiwy_simulator/cmake/jiwy_simulatorConfig.cmake
[26.769s] -- Installing: /home/ram-user/ASDFR/src/ros2_nodes/install/jiwy_simulator/share/jiwy_simulator/cmake/jiwy_simulatorConfig-version.cmake
[26.770s] -- Installing: /home/ram-user/ASDFR/src/ros2_nodes/install/jiwy_simulator/share/jiwy_simulator/package.xml
[26.771s] -- Up-to-date: /home/ram-user/ASDFR/src/ros2_nodes/install/jiwy_simulator/share/jiwy_simulator/
[26.785s] Invoked command in '/home/ram-user/ASDFR/src/ros2_nodes/build/jiwy_simulator' returned '0': AMENT_PREFIX_PATH=/home/ram-user/ASDFR/src/ros2_nodes/install/asdfr_interfaces:${AMENT_PREFIX_PATH} CMAKE_PREFIX_PATH=/home/ram-user/ASDFR/src/ros2_nodes/install/asdfr_interfaces:/home/ram-user/ASDFR/src/ros2_nodes/src/install/jiwy_simulator:/home/ram-user/ASDFR/src/ros2_nodes/src/install/jiwy_controller:/home/ram-user/ASDFR/src/ros2_nodes/src/install/asdfr_interfaces:/opt/ros/humble LD_LIBRARY_PATH=/home/ram-user/ASDFR/src/ros2_nodes/install/asdfr_interfaces/lib:${LD_LIBRARY_PATH} PYTHONPATH=/home/ram-user/ASDFR/src/ros2_nodes/install/asdfr_interfaces/local/lib/python3.10/dist-packages:${PYTHONPATH} /usr/bin/cmake --install /home/ram-user/ASDFR/src/ros2_nodes/build/jiwy_simulator
