[0.033s] Invoking command in '/home/ram-user/ASDFR/src/ros2_nodes/build/jiwy_controller': CMAKE_PREFIX_PATH=/home/ram-user/ASDFR/src/ros2_nodes/install/asdfr_interfaces:/home/ram-user/ASDFR/src/ros2_nodes/install/jiwy_simulator:/home/ram-user/ASDFR/src/ros2_nodes/install/jiwy_controller:/home/ram-user/ASDFR/install/jiwy_simulator:/home/ram-user/ASDFR/install/jiwy_controller:/home/ram-user/ASDFR/install/image_processing:/home/ram-user/ASDFR/install/asdfr_interfaces:/opt/ros/humble /usr/bin/cmake --build /home/ram-user/ASDFR/src/ros2_nodes/build/jiwy_controller -- -j2 -l2
[0.228s] [35m[1mConsolidate compiler generated dependencies of target jc_lighttracker[0m
[0.274s] [ 33%] Built target jiwy_controller
[0.300s] [ 50%] [32mBuilding CXX object CMakeFiles/jc_lighttracker.dir/src/jc_light_tracker.cpp.o[0m
[0.352s] [ 83%] Built target simplesub
[14.424s] [100%] [32m[1mLinking CXX executable jc_lighttracker[0m
[15.372s] [100%] Built target jc_lighttracker
[15.385s] Invoked command in '/home/ram-user/ASDFR/src/ros2_nodes/build/jiwy_controller' returned '0': CMAKE_PREFIX_PATH=/home/ram-user/ASDFR/src/ros2_nodes/install/asdfr_interfaces:/home/ram-user/ASDFR/src/ros2_nodes/install/jiwy_simulator:/home/ram-user/ASDFR/src/ros2_nodes/install/jiwy_controller:/home/ram-user/ASDFR/install/jiwy_simulator:/home/ram-user/ASDFR/install/jiwy_controller:/home/ram-user/ASDFR/install/image_processing:/home/ram-user/ASDFR/install/asdfr_interfaces:/opt/ros/humble /usr/bin/cmake --build /home/ram-user/ASDFR/src/ros2_nodes/build/jiwy_controller -- -j2 -l2
[15.417s] Invoking command in '/home/ram-user/ASDFR/src/ros2_nodes/build/jiwy_controller': CMAKE_PREFIX_PATH=/home/ram-user/ASDFR/src/ros2_nodes/install/asdfr_interfaces:/home/ram-user/ASDFR/src/ros2_nodes/install/jiwy_simulator:/home/ram-user/ASDFR/src/ros2_nodes/install/jiwy_controller:/home/ram-user/ASDFR/install/jiwy_simulator:/home/ram-user/ASDFR/install/jiwy_controller:/home/ram-user/ASDFR/install/image_processing:/home/ram-user/ASDFR/install/asdfr_interfaces:/opt/ros/humble /usr/bin/cmake --install /home/ram-user/ASDFR/src/ros2_nodes/build/jiwy_controller
[15.425s] -- Install configuration: ""
[15.432s] -- Up-to-date: /home/ram-user/ASDFR/src/ros2_nodes/install/jiwy_controller/lib/jiwy_controller/jiwy_controller
[15.432s] -- Installing: /home/ram-user/ASDFR/src/ros2_nodes/install/jiwy_controller/lib/jiwy_controller/jc_lighttracker
[15.432s] -- Set runtime path of "/home/ram-user/ASDFR/src/ros2_nodes/install/jiwy_controller/lib/jiwy_controller/jc_lighttracker" to ""
[15.432s] -- Up-to-date: /home/ram-user/ASDFR/src/ros2_nodes/install/jiwy_controller/lib/jiwy_controller/simplesub
[15.434s] -- Up-to-date: /home/ram-user/ASDFR/src/ros2_nodes/install/jiwy_controller/share/ament_index/resource_index/package_run_dependencies/jiwy_controller
[15.434s] -- Up-to-date: /home/ram-user/ASDFR/src/ros2_nodes/install/jiwy_controller/share/ament_index/resource_index/parent_prefix_path/jiwy_controller
[15.435s] -- Up-to-date: /home/ram-user/ASDFR/src/ros2_nodes/install/jiwy_controller/share/jiwy_controller/environment/ament_prefix_path.sh
[15.435s] -- Up-to-date: /home/ram-user/ASDFR/src/ros2_nodes/install/jiwy_controller/share/jiwy_controller/environment/ament_prefix_path.dsv
[15.435s] -- Up-to-date: /home/ram-user/ASDFR/src/ros2_nodes/install/jiwy_controller/share/jiwy_controller/environment/path.sh
[15.435s] -- Up-to-date: /home/ram-user/ASDFR/src/ros2_nodes/install/jiwy_controller/share/jiwy_controller/environment/path.dsv
[15.435s] -- Up-to-date: /home/ram-user/ASDFR/src/ros2_nodes/install/jiwy_controller/share/jiwy_controller/local_setup.bash
[15.435s] -- Up-to-date: /home/ram-user/ASDFR/src/ros2_nodes/install/jiwy_controller/share/jiwy_controller/local_setup.sh
[15.435s] -- Up-to-date: /home/ram-user/ASDFR/src/ros2_nodes/install/jiwy_controller/share/jiwy_controller/local_setup.zsh
[15.435s] -- Up-to-date: /home/ram-user/ASDFR/src/ros2_nodes/install/jiwy_controller/share/jiwy_controller/local_setup.dsv
[15.435s] -- Installing: /home/ram-user/ASDFR/src/ros2_nodes/install/jiwy_controller/share/jiwy_controller/package.dsv
[15.435s] -- Up-to-date: /home/ram-user/ASDFR/src/ros2_nodes/install/jiwy_controller/share/ament_index/resource_index/packages/jiwy_controller
[15.435s] -- Up-to-date: /home/ram-user/ASDFR/src/ros2_nodes/install/jiwy_controller/share/jiwy_controller/cmake/jiwy_controllerConfig.cmake
[15.435s] -- Up-to-date: /home/ram-user/ASDFR/src/ros2_nodes/install/jiwy_controller/share/jiwy_controller/cmake/jiwy_controllerConfig-version.cmake
[15.436s] -- Up-to-date: /home/ram-user/ASDFR/src/ros2_nodes/install/jiwy_controller/share/jiwy_controller/package.xml
[15.444s] Invoked command in '/home/ram-user/ASDFR/src/ros2_nodes/build/jiwy_controller' returned '0': CMAKE_PREFIX_PATH=/home/ram-user/ASDFR/src/ros2_nodes/install/asdfr_interfaces:/home/ram-user/ASDFR/src/ros2_nodes/install/jiwy_simulator:/home/ram-user/ASDFR/src/ros2_nodes/install/jiwy_controller:/home/ram-user/ASDFR/install/jiwy_simulator:/home/ram-user/ASDFR/install/jiwy_controller:/home/ram-user/ASDFR/install/image_processing:/home/ram-user/ASDFR/install/asdfr_interfaces:/opt/ros/humble /usr/bin/cmake --install /home/ram-user/ASDFR/src/ros2_nodes/build/jiwy_controller
