[0.350s] DEBUG:colcon:Command line arguments: ['/usr/bin/colcon', 'build']
[0.350s] DEBUG:colcon:Parsed command line arguments: Namespace(log_base=None, log_level=None, verb_name='build', build_base='build', install_base='install', merge_install=False, symlink_install=False, test_result_base=None, continue_on_error=False, executor='parallel', parallel_workers=2, event_handlers=None, ignore_user_meta=False, metas=['./colcon.meta'], base_paths=['.'], packages_ignore=None, packages_ignore_regex=None, paths=None, packages_up_to=None, packages_up_to_regex=None, packages_above=None, packages_above_and_dependencies=None, packages_above_depth=None, packages_select_by_dep=None, packages_skip_by_dep=None, packages_skip_up_to=None, packages_select_build_failed=False, packages_skip_build_finished=False, packages_select_test_failures=False, packages_skip_test_passed=False, packages_select=None, packages_skip=None, packages_select_regex=None, packages_skip_regex=None, packages_start=None, packages_end=None, allow_overriding=[], cmake_args=None, cmake_target=None, cmake_target_skip_unavailable=False, cmake_clean_cache=False, cmake_clean_first=False, cmake_force_configure=False, ament_cmake_args=None, catkin_cmake_args=None, catkin_skip_building_tests=False, verb_parser=<colcon_defaults.argument_parser.defaults.DefaultArgumentsDecorator object at 0x7f54d2ab7a30>, verb_extension=<colcon_core.verb.build.BuildVerb object at 0x7f54d2b0fc40>, main=<bound method BuildVerb.main of <colcon_core.verb.build.BuildVerb object at 0x7f54d2b0fc40>>)
[0.373s] Level 1:colcon.colcon_core.package_discovery:discover_packages(colcon_meta) check parameters
[0.373s] Level 1:colcon.colcon_core.package_discovery:discover_packages(recursive) check parameters
[0.373s] Level 1:colcon.colcon_core.package_discovery:discover_packages(ignore) check parameters
[0.373s] Level 1:colcon.colcon_core.package_discovery:discover_packages(path) check parameters
[0.373s] Level 1:colcon.colcon_core.package_discovery:discover_packages(colcon_meta) discover
[0.373s] Level 1:colcon.colcon_core.package_discovery:discover_packages(recursive) discover
[0.373s] INFO:colcon.colcon_core.package_discovery:Crawling recursively for packages in '/home/ram-user/ASDFR/src/ros2_nodes/src'
[0.373s] Level 1:colcon.colcon_core.package_identification:_identify(.) by extensions ['ignore', 'ignore_ament_install']
[0.373s] Level 1:colcon.colcon_core.package_identification:_identify(.) by extension 'ignore'
[0.373s] Level 1:colcon.colcon_core.package_identification:_identify(.) by extension 'ignore_ament_install'
[0.373s] Level 1:colcon.colcon_core.package_identification:_identify(.) by extensions ['colcon_pkg']
[0.374s] Level 1:colcon.colcon_core.package_identification:_identify(.) by extension 'colcon_pkg'
[0.374s] Level 1:colcon.colcon_core.package_identification:_identify(.) by extensions ['colcon_meta']
[0.374s] Level 1:colcon.colcon_core.package_identification:_identify(.) by extension 'colcon_meta'
[0.374s] Level 1:colcon.colcon_core.package_identification:_identify(.) by extensions ['ros']
[0.374s] Level 1:colcon.colcon_core.package_identification:_identify(.) by extension 'ros'
[0.384s] Level 1:colcon.colcon_core.package_identification:_identify(.) by extensions ['cmake', 'python']
[0.384s] Level 1:colcon.colcon_core.package_identification:_identify(.) by extension 'cmake'
[0.384s] Level 1:colcon.colcon_core.package_identification:_identify(.) by extension 'python'
[0.384s] Level 1:colcon.colcon_core.package_identification:_identify(.) by extensions ['python_setup_py']
[0.384s] Level 1:colcon.colcon_core.package_identification:_identify(.) by extension 'python_setup_py'
[0.385s] Level 1:colcon.colcon_core.package_identification:_identify(asdfr_interfaces) by extensions ['ignore', 'ignore_ament_install']
[0.385s] Level 1:colcon.colcon_core.package_identification:_identify(asdfr_interfaces) by extension 'ignore'
[0.385s] Level 1:colcon.colcon_core.package_identification:_identify(asdfr_interfaces) by extension 'ignore_ament_install'
[0.385s] Level 1:colcon.colcon_core.package_identification:_identify(asdfr_interfaces) by extensions ['colcon_pkg']
[0.385s] Level 1:colcon.colcon_core.package_identification:_identify(asdfr_interfaces) by extension 'colcon_pkg'
[0.385s] Level 1:colcon.colcon_core.package_identification:_identify(asdfr_interfaces) by extensions ['colcon_meta']
[0.385s] Level 1:colcon.colcon_core.package_identification:_identify(asdfr_interfaces) by extension 'colcon_meta'
[0.385s] Level 1:colcon.colcon_core.package_identification:_identify(asdfr_interfaces) by extensions ['ros']
[0.385s] Level 1:colcon.colcon_core.package_identification:_identify(asdfr_interfaces) by extension 'ros'
[0.387s] DEBUG:colcon.colcon_core.package_identification:Package 'asdfr_interfaces' with type 'ros.ament_cmake' and name 'asdfr_interfaces'
[0.387s] Level 1:colcon.colcon_core.package_identification:_identify(build) by extensions ['ignore', 'ignore_ament_install']
[0.387s] Level 1:colcon.colcon_core.package_identification:_identify(build) by extension 'ignore'
[0.387s] Level 1:colcon.colcon_core.package_identification:_identify(build) ignored
[0.387s] Level 1:colcon.colcon_core.package_identification:_identify(install) by extensions ['ignore', 'ignore_ament_install']
[0.388s] Level 1:colcon.colcon_core.package_identification:_identify(install) by extension 'ignore'
[0.388s] Level 1:colcon.colcon_core.package_identification:_identify(install) ignored
[0.388s] Level 1:colcon.colcon_core.package_identification:_identify(jiwy_controller) by extensions ['ignore', 'ignore_ament_install']
[0.388s] Level 1:colcon.colcon_core.package_identification:_identify(jiwy_controller) by extension 'ignore'
[0.388s] Level 1:colcon.colcon_core.package_identification:_identify(jiwy_controller) by extension 'ignore_ament_install'
[0.388s] Level 1:colcon.colcon_core.package_identification:_identify(jiwy_controller) by extensions ['colcon_pkg']
[0.388s] Level 1:colcon.colcon_core.package_identification:_identify(jiwy_controller) by extension 'colcon_pkg'
[0.388s] Level 1:colcon.colcon_core.package_identification:_identify(jiwy_controller) by extensions ['colcon_meta']
[0.388s] Level 1:colcon.colcon_core.package_identification:_identify(jiwy_controller) by extension 'colcon_meta'
[0.388s] Level 1:colcon.colcon_core.package_identification:_identify(jiwy_controller) by extensions ['ros']
[0.388s] Level 1:colcon.colcon_core.package_identification:_identify(jiwy_controller) by extension 'ros'
[0.389s] DEBUG:colcon.colcon_core.package_identification:Package 'jiwy_controller' with type 'ros.ament_cmake' and name 'jiwy_controller'
[0.389s] Level 1:colcon.colcon_core.package_identification:_identify(jiwy_simulator) by extensions ['ignore', 'ignore_ament_install']
[0.389s] Level 1:colcon.colcon_core.package_identification:_identify(jiwy_simulator) by extension 'ignore'
[0.389s] Level 1:colcon.colcon_core.package_identification:_identify(jiwy_simulator) by extension 'ignore_ament_install'
[0.389s] Level 1:colcon.colcon_core.package_identification:_identify(jiwy_simulator) by extensions ['colcon_pkg']
[0.389s] Level 1:colcon.colcon_core.package_identification:_identify(jiwy_simulator) by extension 'colcon_pkg'
[0.389s] Level 1:colcon.colcon_core.package_identification:_identify(jiwy_simulator) by extensions ['colcon_meta']
[0.389s] Level 1:colcon.colcon_core.package_identification:_identify(jiwy_simulator) by extension 'colcon_meta'
[0.389s] Level 1:colcon.colcon_core.package_identification:_identify(jiwy_simulator) by extensions ['ros']
[0.389s] Level 1:colcon.colcon_core.package_identification:_identify(jiwy_simulator) by extension 'ros'
[0.390s] DEBUG:colcon.colcon_core.package_identification:Package 'jiwy_simulator' with type 'ros.ament_cmake' and name 'jiwy_simulator'
[0.390s] Level 1:colcon.colcon_core.package_identification:_identify(log) by extensions ['ignore', 'ignore_ament_install']
[0.390s] Level 1:colcon.colcon_core.package_identification:_identify(log) by extension 'ignore'
[0.390s] Level 1:colcon.colcon_core.package_identification:_identify(log) ignored
[0.390s] Level 1:colcon.colcon_core.package_discovery:discover_packages(recursive) using defaults
[0.390s] Level 1:colcon.colcon_core.package_discovery:discover_packages(ignore) discover
[0.390s] Level 1:colcon.colcon_core.package_discovery:discover_packages(ignore) using defaults
[0.390s] Level 1:colcon.colcon_core.package_discovery:discover_packages(path) discover
[0.390s] Level 1:colcon.colcon_core.package_discovery:discover_packages(path) using defaults
[0.410s] Level 1:colcon.colcon_core.package_discovery:discover_packages(prefix_path) check parameters
[0.410s] Level 1:colcon.colcon_core.package_discovery:discover_packages(prefix_path) discover
[0.413s] DEBUG:colcon.colcon_installed_package_information.package_discovery:Found 3 installed packages in /home/ram-user/ASDFR/src/ros2_nodes/src/install
[0.414s] DEBUG:colcon.colcon_installed_package_information.package_discovery:Found 3 installed packages in /home/ram-user/ASDFR/install
[0.415s] DEBUG:colcon.colcon_installed_package_information.package_discovery:Found 270 installed packages in /opt/ros/humble
[0.417s] Level 1:colcon.colcon_core.package_discovery:discover_packages(prefix_path) using defaults
[0.472s] Level 5:colcon.colcon_core.verb:set package 'asdfr_interfaces' build argument 'cmake_args' from command line to 'None'
[0.472s] Level 5:colcon.colcon_core.verb:set package 'asdfr_interfaces' build argument 'cmake_target' from command line to 'None'
[0.472s] Level 5:colcon.colcon_core.verb:set package 'asdfr_interfaces' build argument 'cmake_target_skip_unavailable' from command line to 'False'
[0.472s] Level 5:colcon.colcon_core.verb:set package 'asdfr_interfaces' build argument 'cmake_clean_cache' from command line to 'False'
[0.472s] Level 5:colcon.colcon_core.verb:set package 'asdfr_interfaces' build argument 'cmake_clean_first' from command line to 'False'
[0.473s] Level 5:colcon.colcon_core.verb:set package 'asdfr_interfaces' build argument 'cmake_force_configure' from command line to 'False'
[0.473s] Level 5:colcon.colcon_core.verb:set package 'asdfr_interfaces' build argument 'ament_cmake_args' from command line to 'None'
[0.473s] Level 5:colcon.colcon_core.verb:set package 'asdfr_interfaces' build argument 'catkin_cmake_args' from command line to 'None'
[0.473s] Level 5:colcon.colcon_core.verb:set package 'asdfr_interfaces' build argument 'catkin_skip_building_tests' from command line to 'False'
[0.473s] DEBUG:colcon.colcon_core.verb:Building package 'asdfr_interfaces' with the following arguments: {'ament_cmake_args': None, 'build_base': '/home/ram-user/ASDFR/src/ros2_nodes/src/build/asdfr_interfaces', 'catkin_cmake_args': None, 'catkin_skip_building_tests': False, 'cmake_args': None, 'cmake_clean_cache': False, 'cmake_clean_first': False, 'cmake_force_configure': False, 'cmake_target': None, 'cmake_target_skip_unavailable': False, 'install_base': '/home/ram-user/ASDFR/src/ros2_nodes/src/install/asdfr_interfaces', 'merge_install': False, 'path': '/home/ram-user/ASDFR/src/ros2_nodes/src/asdfr_interfaces', 'symlink_install': False, 'test_result_base': None}
[0.473s] Level 5:colcon.colcon_core.verb:set package 'jiwy_controller' build argument 'cmake_args' from command line to 'None'
[0.474s] Level 5:colcon.colcon_core.verb:set package 'jiwy_controller' build argument 'cmake_target' from command line to 'None'
[0.474s] Level 5:colcon.colcon_core.verb:set package 'jiwy_controller' build argument 'cmake_target_skip_unavailable' from command line to 'False'
[0.474s] Level 5:colcon.colcon_core.verb:set package 'jiwy_controller' build argument 'cmake_clean_cache' from command line to 'False'
[0.474s] Level 5:colcon.colcon_core.verb:set package 'jiwy_controller' build argument 'cmake_clean_first' from command line to 'False'
[0.474s] Level 5:colcon.colcon_core.verb:set package 'jiwy_controller' build argument 'cmake_force_configure' from command line to 'False'
[0.474s] Level 5:colcon.colcon_core.verb:set package 'jiwy_controller' build argument 'ament_cmake_args' from command line to 'None'
[0.474s] Level 5:colcon.colcon_core.verb:set package 'jiwy_controller' build argument 'catkin_cmake_args' from command line to 'None'
[0.474s] Level 5:colcon.colcon_core.verb:set package 'jiwy_controller' build argument 'catkin_skip_building_tests' from command line to 'False'
[0.474s] DEBUG:colcon.colcon_core.verb:Building package 'jiwy_controller' with the following arguments: {'ament_cmake_args': None, 'build_base': '/home/ram-user/ASDFR/src/ros2_nodes/src/build/jiwy_controller', 'catkin_cmake_args': None, 'catkin_skip_building_tests': False, 'cmake_args': None, 'cmake_clean_cache': False, 'cmake_clean_first': False, 'cmake_force_configure': False, 'cmake_target': None, 'cmake_target_skip_unavailable': False, 'install_base': '/home/ram-user/ASDFR/src/ros2_nodes/src/install/jiwy_controller', 'merge_install': False, 'path': '/home/ram-user/ASDFR/src/ros2_nodes/src/jiwy_controller', 'symlink_install': False, 'test_result_base': None}
[0.475s] Level 5:colcon.colcon_core.verb:set package 'jiwy_simulator' build argument 'cmake_args' from command line to 'None'
[0.475s] Level 5:colcon.colcon_core.verb:set package 'jiwy_simulator' build argument 'cmake_target' from command line to 'None'
[0.475s] Level 5:colcon.colcon_core.verb:set package 'jiwy_simulator' build argument 'cmake_target_skip_unavailable' from command line to 'False'
[0.475s] Level 5:colcon.colcon_core.verb:set package 'jiwy_simulator' build argument 'cmake_clean_cache' from command line to 'False'
[0.475s] Level 5:colcon.colcon_core.verb:set package 'jiwy_simulator' build argument 'cmake_clean_first' from command line to 'False'
[0.475s] Level 5:colcon.colcon_core.verb:set package 'jiwy_simulator' build argument 'cmake_force_configure' from command line to 'False'
[0.475s] Level 5:colcon.colcon_core.verb:set package 'jiwy_simulator' build argument 'ament_cmake_args' from command line to 'None'
[0.475s] Level 5:colcon.colcon_core.verb:set package 'jiwy_simulator' build argument 'catkin_cmake_args' from command line to 'None'
[0.475s] Level 5:colcon.colcon_core.verb:set package 'jiwy_simulator' build argument 'catkin_skip_building_tests' from command line to 'False'
[0.475s] DEBUG:colcon.colcon_core.verb:Building package 'jiwy_simulator' with the following arguments: {'ament_cmake_args': None, 'build_base': '/home/ram-user/ASDFR/src/ros2_nodes/src/build/jiwy_simulator', 'catkin_cmake_args': None, 'catkin_skip_building_tests': False, 'cmake_args': None, 'cmake_clean_cache': False, 'cmake_clean_first': False, 'cmake_force_configure': False, 'cmake_target': None, 'cmake_target_skip_unavailable': False, 'install_base': '/home/ram-user/ASDFR/src/ros2_nodes/src/install/jiwy_simulator', 'merge_install': False, 'path': '/home/ram-user/ASDFR/src/ros2_nodes/src/jiwy_simulator', 'symlink_install': False, 'test_result_base': None}
[0.475s] INFO:colcon.colcon_core.executor:Executing jobs using 'parallel' executor
[0.478s] DEBUG:colcon.colcon_parallel_executor.executor.parallel:run_until_complete
[0.478s] INFO:colcon.colcon_ros.task.ament_cmake.build:Building ROS package in '/home/ram-user/ASDFR/src/ros2_nodes/src/asdfr_interfaces' with build type 'ament_cmake'
[0.478s] INFO:colcon.colcon_cmake.task.cmake.build:Building CMake package in '/home/ram-user/ASDFR/src/ros2_nodes/src/asdfr_interfaces'
[0.482s] INFO:colcon.colcon_core.plugin_system:Skipping extension 'colcon_core.shell.bat': Not used on non-Windows systems
[0.483s] INFO:colcon.colcon_core.shell:Skip shell extension 'powershell' for command environment: Not usable outside of PowerShell
[0.483s] DEBUG:colcon.colcon_core.shell:Skip shell extension 'dsv' for command environment
[0.501s] DEBUG:colcon.colcon_core.event_handler.log_command:Invoking command in '/home/ram-user/ASDFR/src/ros2_nodes/src/build/asdfr_interfaces': CMAKE_PREFIX_PATH=${CMAKE_PREFIX_PATH}:/opt/ros/humble /usr/bin/cmake --build /home/ram-user/ASDFR/src/ros2_nodes/src/build/asdfr_interfaces -- -j2 -l2
[1.121s] DEBUG:colcon.colcon_core.event_handler.log_command:Invoked command in '/home/ram-user/ASDFR/src/ros2_nodes/src/build/asdfr_interfaces' returned '0': CMAKE_PREFIX_PATH=${CMAKE_PREFIX_PATH}:/opt/ros/humble /usr/bin/cmake --build /home/ram-user/ASDFR/src/ros2_nodes/src/build/asdfr_interfaces -- -j2 -l2
[1.200s] DEBUG:colcon.colcon_core.event_handler.log_command:Invoking command in '/home/ram-user/ASDFR/src/ros2_nodes/src/build/asdfr_interfaces': CMAKE_PREFIX_PATH=${CMAKE_PREFIX_PATH}:/opt/ros/humble /usr/bin/cmake --install /home/ram-user/ASDFR/src/ros2_nodes/src/build/asdfr_interfaces
[1.294s] Level 1:colcon.colcon_core.environment:create_environment_scripts_only(asdfr_interfaces)
[1.300s] DEBUG:colcon.colcon_core.event_handler.log_command:Invoked command in '/home/ram-user/ASDFR/src/ros2_nodes/src/build/asdfr_interfaces' returned '0': CMAKE_PREFIX_PATH=${CMAKE_PREFIX_PATH}:/opt/ros/humble /usr/bin/cmake --install /home/ram-user/ASDFR/src/ros2_nodes/src/build/asdfr_interfaces
[1.302s] Level 1:colcon.colcon_core.environment:checking '/home/ram-user/ASDFR/src/ros2_nodes/src/install/asdfr_interfaces' for CMake module files
[1.302s] Level 1:colcon.colcon_core.environment:checking '/home/ram-user/ASDFR/src/ros2_nodes/src/install/asdfr_interfaces' for CMake config files
[1.303s] Level 1:colcon.colcon_core.shell:create_environment_hook('asdfr_interfaces', 'cmake_prefix_path')
[1.304s] INFO:colcon.colcon_core.shell:Creating environment hook '/home/ram-user/ASDFR/src/ros2_nodes/src/install/asdfr_interfaces/share/asdfr_interfaces/hook/cmake_prefix_path.ps1'
[1.304s] INFO:colcon.colcon_core.shell:Creating environment descriptor '/home/ram-user/ASDFR/src/ros2_nodes/src/install/asdfr_interfaces/share/asdfr_interfaces/hook/cmake_prefix_path.dsv'
[1.305s] INFO:colcon.colcon_core.shell:Creating environment hook '/home/ram-user/ASDFR/src/ros2_nodes/src/install/asdfr_interfaces/share/asdfr_interfaces/hook/cmake_prefix_path.sh'
[1.306s] Level 1:colcon.colcon_core.environment:checking '/home/ram-user/ASDFR/src/ros2_nodes/src/install/asdfr_interfaces/lib'
[1.306s] Level 1:colcon.colcon_core.shell:create_environment_hook('asdfr_interfaces', 'ld_library_path_lib')
[1.307s] INFO:colcon.colcon_core.shell:Creating environment hook '/home/ram-user/ASDFR/src/ros2_nodes/src/install/asdfr_interfaces/share/asdfr_interfaces/hook/ld_library_path_lib.ps1'
[1.307s] INFO:colcon.colcon_core.shell:Creating environment descriptor '/home/ram-user/ASDFR/src/ros2_nodes/src/install/asdfr_interfaces/share/asdfr_interfaces/hook/ld_library_path_lib.dsv'
[1.308s] INFO:colcon.colcon_core.shell:Creating environment hook '/home/ram-user/ASDFR/src/ros2_nodes/src/install/asdfr_interfaces/share/asdfr_interfaces/hook/ld_library_path_lib.sh'
[1.308s] Level 1:colcon.colcon_core.environment:checking '/home/ram-user/ASDFR/src/ros2_nodes/src/install/asdfr_interfaces/bin'
[1.308s] Level 1:colcon.colcon_core.environment:checking '/home/ram-user/ASDFR/src/ros2_nodes/src/install/asdfr_interfaces/lib/pkgconfig/asdfr_interfaces.pc'
[1.308s] Level 1:colcon.colcon_core.environment:checking '/home/ram-user/ASDFR/src/ros2_nodes/src/install/asdfr_interfaces/lib/python3.10/site-packages'
[1.318s] Level 1:colcon.colcon_core.environment:checking '/home/ram-user/ASDFR/src/ros2_nodes/src/install/asdfr_interfaces/bin'
[1.319s] INFO:colcon.colcon_core.shell:Creating package script '/home/ram-user/ASDFR/src/ros2_nodes/src/install/asdfr_interfaces/share/asdfr_interfaces/package.ps1'
[1.320s] INFO:colcon.colcon_core.shell:Creating package descriptor '/home/ram-user/ASDFR/src/ros2_nodes/src/install/asdfr_interfaces/share/asdfr_interfaces/package.dsv'
[1.326s] INFO:colcon.colcon_core.shell:Creating package script '/home/ram-user/ASDFR/src/ros2_nodes/src/install/asdfr_interfaces/share/asdfr_interfaces/package.sh'
[1.327s] INFO:colcon.colcon_core.shell:Creating package script '/home/ram-user/ASDFR/src/ros2_nodes/src/install/asdfr_interfaces/share/asdfr_interfaces/package.bash'
[1.328s] INFO:colcon.colcon_core.shell:Creating package script '/home/ram-user/ASDFR/src/ros2_nodes/src/install/asdfr_interfaces/share/asdfr_interfaces/package.zsh'
[1.328s] Level 1:colcon.colcon_core.environment:create_file_with_runtime_dependencies(/home/ram-user/ASDFR/src/ros2_nodes/src/install/asdfr_interfaces/share/colcon-core/packages/asdfr_interfaces)
[1.395s] Level 1:colcon.colcon_core.environment:create_environment_scripts_only(asdfr_interfaces)
[1.397s] Level 1:colcon.colcon_core.environment:checking '/home/ram-user/ASDFR/src/ros2_nodes/src/install/asdfr_interfaces' for CMake module files
[1.398s] Level 1:colcon.colcon_core.environment:checking '/home/ram-user/ASDFR/src/ros2_nodes/src/install/asdfr_interfaces' for CMake config files
[1.398s] Level 1:colcon.colcon_core.shell:create_environment_hook('asdfr_interfaces', 'cmake_prefix_path')
[1.399s] INFO:colcon.colcon_core.shell:Creating environment hook '/home/ram-user/ASDFR/src/ros2_nodes/src/install/asdfr_interfaces/share/asdfr_interfaces/hook/cmake_prefix_path.ps1'
[1.400s] INFO:colcon.colcon_core.shell:Creating environment descriptor '/home/ram-user/ASDFR/src/ros2_nodes/src/install/asdfr_interfaces/share/asdfr_interfaces/hook/cmake_prefix_path.dsv'
[1.400s] INFO:colcon.colcon_core.shell:Creating environment hook '/home/ram-user/ASDFR/src/ros2_nodes/src/install/asdfr_interfaces/share/asdfr_interfaces/hook/cmake_prefix_path.sh'
[1.401s] Level 1:colcon.colcon_core.environment:checking '/home/ram-user/ASDFR/src/ros2_nodes/src/install/asdfr_interfaces/lib'
[1.401s] Level 1:colcon.colcon_core.shell:create_environment_hook('asdfr_interfaces', 'ld_library_path_lib')
[1.402s] INFO:colcon.colcon_core.shell:Creating environment hook '/home/ram-user/ASDFR/src/ros2_nodes/src/install/asdfr_interfaces/share/asdfr_interfaces/hook/ld_library_path_lib.ps1'
[1.402s] INFO:colcon.colcon_core.shell:Creating environment descriptor '/home/ram-user/ASDFR/src/ros2_nodes/src/install/asdfr_interfaces/share/asdfr_interfaces/hook/ld_library_path_lib.dsv'
[1.403s] INFO:colcon.colcon_core.shell:Creating environment hook '/home/ram-user/ASDFR/src/ros2_nodes/src/install/asdfr_interfaces/share/asdfr_interfaces/hook/ld_library_path_lib.sh'
[1.403s] Level 1:colcon.colcon_core.environment:checking '/home/ram-user/ASDFR/src/ros2_nodes/src/install/asdfr_interfaces/bin'
[1.403s] Level 1:colcon.colcon_core.environment:checking '/home/ram-user/ASDFR/src/ros2_nodes/src/install/asdfr_interfaces/lib/pkgconfig/asdfr_interfaces.pc'
[1.403s] Level 1:colcon.colcon_core.environment:checking '/home/ram-user/ASDFR/src/ros2_nodes/src/install/asdfr_interfaces/lib/python3.10/site-packages'
[1.403s] Level 1:colcon.colcon_core.environment:checking '/home/ram-user/ASDFR/src/ros2_nodes/src/install/asdfr_interfaces/bin'
[1.404s] INFO:colcon.colcon_core.shell:Creating package script '/home/ram-user/ASDFR/src/ros2_nodes/src/install/asdfr_interfaces/share/asdfr_interfaces/package.ps1'
[1.405s] INFO:colcon.colcon_core.shell:Creating package descriptor '/home/ram-user/ASDFR/src/ros2_nodes/src/install/asdfr_interfaces/share/asdfr_interfaces/package.dsv'
[1.405s] INFO:colcon.colcon_core.shell:Creating package script '/home/ram-user/ASDFR/src/ros2_nodes/src/install/asdfr_interfaces/share/asdfr_interfaces/package.sh'
[1.406s] INFO:colcon.colcon_core.shell:Creating package script '/home/ram-user/ASDFR/src/ros2_nodes/src/install/asdfr_interfaces/share/asdfr_interfaces/package.bash'
[1.406s] INFO:colcon.colcon_core.shell:Creating package script '/home/ram-user/ASDFR/src/ros2_nodes/src/install/asdfr_interfaces/share/asdfr_interfaces/package.zsh'
[1.407s] Level 1:colcon.colcon_core.environment:create_file_with_runtime_dependencies(/home/ram-user/ASDFR/src/ros2_nodes/src/install/asdfr_interfaces/share/colcon-core/packages/asdfr_interfaces)
[1.408s] INFO:colcon.colcon_ros.task.ament_cmake.build:Building ROS package in '/home/ram-user/ASDFR/src/ros2_nodes/src/jiwy_controller' with build type 'ament_cmake'
[1.408s] INFO:colcon.colcon_cmake.task.cmake.build:Building CMake package in '/home/ram-user/ASDFR/src/ros2_nodes/src/jiwy_controller'
[1.409s] INFO:colcon.colcon_core.shell:Skip shell extension 'powershell' for command environment: Not usable outside of PowerShell
[1.409s] DEBUG:colcon.colcon_core.shell:Skip shell extension 'dsv' for command environment
[1.417s] INFO:colcon.colcon_ros.task.ament_cmake.build:Building ROS package in '/home/ram-user/ASDFR/src/ros2_nodes/src/jiwy_simulator' with build type 'ament_cmake'
[1.417s] INFO:colcon.colcon_cmake.task.cmake.build:Building CMake package in '/home/ram-user/ASDFR/src/ros2_nodes/src/jiwy_simulator'
[1.419s] INFO:colcon.colcon_core.shell:Skip shell extension 'powershell' for command environment: Not usable outside of PowerShell
[1.419s] DEBUG:colcon.colcon_core.shell:Skip shell extension 'dsv' for command environment
[1.444s] DEBUG:colcon.colcon_core.event_handler.log_command:Invoking command in '/home/ram-user/ASDFR/src/ros2_nodes/src/build/jiwy_controller': CMAKE_PREFIX_PATH=/home/ram-user/ASDFR/src/ros2_nodes/src/install/asdfr_interfaces:/home/ram-user/ASDFR/src/ros2_nodes/src/install/jiwy_simulator:/home/ram-user/ASDFR/src/ros2_nodes/src/install/jiwy_controller:/home/ram-user/ASDFR/install/jiwy_simulator:/home/ram-user/ASDFR/install/image_processing:/home/ram-user/ASDFR/install/asdfr_interfaces:/opt/ros/humble /usr/bin/cmake --build /home/ram-user/ASDFR/src/ros2_nodes/src/build/jiwy_controller -- -j2 -l2
[1.483s] DEBUG:colcon.colcon_core.event_handler.log_command:Invoking command in '/home/ram-user/ASDFR/src/ros2_nodes/src/build/jiwy_simulator': CMAKE_PREFIX_PATH=/home/ram-user/ASDFR/src/ros2_nodes/src/install/asdfr_interfaces:/home/ram-user/ASDFR/src/ros2_nodes/src/install/jiwy_simulator:/home/ram-user/ASDFR/src/ros2_nodes/src/install/jiwy_controller:/home/ram-user/ASDFR/install/jiwy_simulator:/home/ram-user/ASDFR/install/image_processing:/home/ram-user/ASDFR/install/asdfr_interfaces:/opt/ros/humble /usr/bin/cmake --build /home/ram-user/ASDFR/src/ros2_nodes/src/build/jiwy_simulator -- -j2 -l2
[1.684s] DEBUG:colcon.colcon_core.event_handler.log_command:Invoked command in '/home/ram-user/ASDFR/src/ros2_nodes/src/build/jiwy_simulator' returned '0': CMAKE_PREFIX_PATH=/home/ram-user/ASDFR/src/ros2_nodes/src/install/asdfr_interfaces:/home/ram-user/ASDFR/src/ros2_nodes/src/install/jiwy_simulator:/home/ram-user/ASDFR/src/ros2_nodes/src/install/jiwy_controller:/home/ram-user/ASDFR/install/jiwy_simulator:/home/ram-user/ASDFR/install/image_processing:/home/ram-user/ASDFR/install/asdfr_interfaces:/opt/ros/humble /usr/bin/cmake --build /home/ram-user/ASDFR/src/ros2_nodes/src/build/jiwy_simulator -- -j2 -l2
[1.811s] DEBUG:colcon.colcon_core.event_handler.log_command:Invoking command in '/home/ram-user/ASDFR/src/ros2_nodes/src/build/jiwy_simulator': CMAKE_PREFIX_PATH=/home/ram-user/ASDFR/src/ros2_nodes/src/install/asdfr_interfaces:/home/ram-user/ASDFR/src/ros2_nodes/src/install/jiwy_simulator:/home/ram-user/ASDFR/src/ros2_nodes/src/install/jiwy_controller:/home/ram-user/ASDFR/install/jiwy_simulator:/home/ram-user/ASDFR/install/image_processing:/home/ram-user/ASDFR/install/asdfr_interfaces:/opt/ros/humble /usr/bin/cmake --install /home/ram-user/ASDFR/src/ros2_nodes/src/build/jiwy_simulator
[1.837s] Level 1:colcon.colcon_core.environment:create_environment_scripts_only(jiwy_simulator)
[1.847s] Level 1:colcon.colcon_core.environment:checking '/home/ram-user/ASDFR/src/ros2_nodes/src/install/jiwy_simulator' for CMake module files
[1.849s] DEBUG:colcon.colcon_core.event_handler.log_command:Invoked command in '/home/ram-user/ASDFR/src/ros2_nodes/src/build/jiwy_simulator' returned '0': CMAKE_PREFIX_PATH=/home/ram-user/ASDFR/src/ros2_nodes/src/install/asdfr_interfaces:/home/ram-user/ASDFR/src/ros2_nodes/src/install/jiwy_simulator:/home/ram-user/ASDFR/src/ros2_nodes/src/install/jiwy_controller:/home/ram-user/ASDFR/install/jiwy_simulator:/home/ram-user/ASDFR/install/image_processing:/home/ram-user/ASDFR/install/asdfr_interfaces:/opt/ros/humble /usr/bin/cmake --install /home/ram-user/ASDFR/src/ros2_nodes/src/build/jiwy_simulator
[1.854s] Level 1:colcon.colcon_core.environment:checking '/home/ram-user/ASDFR/src/ros2_nodes/src/install/jiwy_simulator' for CMake config files
[1.854s] Level 1:colcon.colcon_core.shell:create_environment_hook('jiwy_simulator', 'cmake_prefix_path')
[1.856s] INFO:colcon.colcon_core.shell:Creating environment hook '/home/ram-user/ASDFR/src/ros2_nodes/src/install/jiwy_simulator/share/jiwy_simulator/hook/cmake_prefix_path.ps1'
[1.856s] INFO:colcon.colcon_core.shell:Creating environment descriptor '/home/ram-user/ASDFR/src/ros2_nodes/src/install/jiwy_simulator/share/jiwy_simulator/hook/cmake_prefix_path.dsv'
[1.859s] INFO:colcon.colcon_core.shell:Creating environment hook '/home/ram-user/ASDFR/src/ros2_nodes/src/install/jiwy_simulator/share/jiwy_simulator/hook/cmake_prefix_path.sh'
[1.863s] Level 1:colcon.colcon_core.environment:checking '/home/ram-user/ASDFR/src/ros2_nodes/src/install/jiwy_simulator/lib'
[1.863s] Level 1:colcon.colcon_core.environment:checking '/home/ram-user/ASDFR/src/ros2_nodes/src/install/jiwy_simulator/bin'
[1.864s] Level 1:colcon.colcon_core.environment:checking '/home/ram-user/ASDFR/src/ros2_nodes/src/install/jiwy_simulator/lib/pkgconfig/jiwy_simulator.pc'
[1.864s] Level 1:colcon.colcon_core.environment:checking '/home/ram-user/ASDFR/src/ros2_nodes/src/install/jiwy_simulator/lib/python3.10/site-packages'
[1.864s] Level 1:colcon.colcon_core.environment:checking '/home/ram-user/ASDFR/src/ros2_nodes/src/install/jiwy_simulator/bin'
[1.871s] INFO:colcon.colcon_core.shell:Creating package script '/home/ram-user/ASDFR/src/ros2_nodes/src/install/jiwy_simulator/share/jiwy_simulator/package.ps1'
[1.871s] INFO:colcon.colcon_core.shell:Creating package descriptor '/home/ram-user/ASDFR/src/ros2_nodes/src/install/jiwy_simulator/share/jiwy_simulator/package.dsv'
[1.879s] INFO:colcon.colcon_core.shell:Creating package script '/home/ram-user/ASDFR/src/ros2_nodes/src/install/jiwy_simulator/share/jiwy_simulator/package.sh'
[1.880s] INFO:colcon.colcon_core.shell:Creating package script '/home/ram-user/ASDFR/src/ros2_nodes/src/install/jiwy_simulator/share/jiwy_simulator/package.bash'
[1.880s] INFO:colcon.colcon_core.shell:Creating package script '/home/ram-user/ASDFR/src/ros2_nodes/src/install/jiwy_simulator/share/jiwy_simulator/package.zsh'
[1.880s] Level 1:colcon.colcon_core.environment:create_file_with_runtime_dependencies(/home/ram-user/ASDFR/src/ros2_nodes/src/install/jiwy_simulator/share/colcon-core/packages/jiwy_simulator)
[1.911s] Level 1:colcon.colcon_core.environment:create_environment_scripts_only(jiwy_simulator)
[1.918s] Level 1:colcon.colcon_core.environment:checking '/home/ram-user/ASDFR/src/ros2_nodes/src/install/jiwy_simulator' for CMake module files
[1.919s] Level 1:colcon.colcon_core.environment:checking '/home/ram-user/ASDFR/src/ros2_nodes/src/install/jiwy_simulator' for CMake config files
[1.919s] Level 1:colcon.colcon_core.shell:create_environment_hook('jiwy_simulator', 'cmake_prefix_path')
[1.920s] INFO:colcon.colcon_core.shell:Creating environment hook '/home/ram-user/ASDFR/src/ros2_nodes/src/install/jiwy_simulator/share/jiwy_simulator/hook/cmake_prefix_path.ps1'
[1.920s] INFO:colcon.colcon_core.shell:Creating environment descriptor '/home/ram-user/ASDFR/src/ros2_nodes/src/install/jiwy_simulator/share/jiwy_simulator/hook/cmake_prefix_path.dsv'
[1.921s] INFO:colcon.colcon_core.shell:Creating environment hook '/home/ram-user/ASDFR/src/ros2_nodes/src/install/jiwy_simulator/share/jiwy_simulator/hook/cmake_prefix_path.sh'
[1.921s] Level 1:colcon.colcon_core.environment:checking '/home/ram-user/ASDFR/src/ros2_nodes/src/install/jiwy_simulator/lib'
[1.921s] Level 1:colcon.colcon_core.environment:checking '/home/ram-user/ASDFR/src/ros2_nodes/src/install/jiwy_simulator/bin'
[1.922s] Level 1:colcon.colcon_core.environment:checking '/home/ram-user/ASDFR/src/ros2_nodes/src/install/jiwy_simulator/lib/pkgconfig/jiwy_simulator.pc'
[1.922s] Level 1:colcon.colcon_core.environment:checking '/home/ram-user/ASDFR/src/ros2_nodes/src/install/jiwy_simulator/lib/python3.10/site-packages'
[1.922s] Level 1:colcon.colcon_core.environment:checking '/home/ram-user/ASDFR/src/ros2_nodes/src/install/jiwy_simulator/bin'
[1.923s] INFO:colcon.colcon_core.shell:Creating package script '/home/ram-user/ASDFR/src/ros2_nodes/src/install/jiwy_simulator/share/jiwy_simulator/package.ps1'
[1.923s] INFO:colcon.colcon_core.shell:Creating package descriptor '/home/ram-user/ASDFR/src/ros2_nodes/src/install/jiwy_simulator/share/jiwy_simulator/package.dsv'
[1.924s] INFO:colcon.colcon_core.shell:Creating package script '/home/ram-user/ASDFR/src/ros2_nodes/src/install/jiwy_simulator/share/jiwy_simulator/package.sh'
[1.924s] INFO:colcon.colcon_core.shell:Creating package script '/home/ram-user/ASDFR/src/ros2_nodes/src/install/jiwy_simulator/share/jiwy_simulator/package.bash'
[1.925s] INFO:colcon.colcon_core.shell:Creating package script '/home/ram-user/ASDFR/src/ros2_nodes/src/install/jiwy_simulator/share/jiwy_simulator/package.zsh'
[1.925s] Level 1:colcon.colcon_core.environment:create_file_with_runtime_dependencies(/home/ram-user/ASDFR/src/ros2_nodes/src/install/jiwy_simulator/share/colcon-core/packages/jiwy_simulator)
[4.965s] DEBUG:colcon.colcon_core.event_handler.log_command:Invoked command in '/home/ram-user/ASDFR/src/ros2_nodes/src/build/jiwy_controller' returned '2': CMAKE_PREFIX_PATH=/home/ram-user/ASDFR/src/ros2_nodes/src/install/asdfr_interfaces:/home/ram-user/ASDFR/src/ros2_nodes/src/install/jiwy_simulator:/home/ram-user/ASDFR/src/ros2_nodes/src/install/jiwy_controller:/home/ram-user/ASDFR/install/jiwy_simulator:/home/ram-user/ASDFR/install/image_processing:/home/ram-user/ASDFR/install/asdfr_interfaces:/opt/ros/humble /usr/bin/cmake --build /home/ram-user/ASDFR/src/ros2_nodes/src/build/jiwy_controller -- -j2 -l2
[4.990s] Level 1:colcon.colcon_core.environment:create_environment_scripts_only(jiwy_controller)
[4.992s] Level 1:colcon.colcon_core.environment:checking '/home/ram-user/ASDFR/src/ros2_nodes/src/install/jiwy_controller' for CMake module files
[4.992s] Level 1:colcon.colcon_core.environment:checking '/home/ram-user/ASDFR/src/ros2_nodes/src/install/jiwy_controller' for CMake config files
[4.992s] Level 1:colcon.colcon_core.shell:create_environment_hook('jiwy_controller', 'cmake_prefix_path')
[4.993s] INFO:colcon.colcon_core.shell:Creating environment hook '/home/ram-user/ASDFR/src/ros2_nodes/src/install/jiwy_controller/share/jiwy_controller/hook/cmake_prefix_path.ps1'
[4.994s] INFO:colcon.colcon_core.shell:Creating environment descriptor '/home/ram-user/ASDFR/src/ros2_nodes/src/install/jiwy_controller/share/jiwy_controller/hook/cmake_prefix_path.dsv'
[4.994s] INFO:colcon.colcon_core.shell:Creating environment hook '/home/ram-user/ASDFR/src/ros2_nodes/src/install/jiwy_controller/share/jiwy_controller/hook/cmake_prefix_path.sh'
[4.995s] Level 1:colcon.colcon_core.environment:checking '/home/ram-user/ASDFR/src/ros2_nodes/src/install/jiwy_controller/lib'
[4.995s] Level 1:colcon.colcon_core.environment:checking '/home/ram-user/ASDFR/src/ros2_nodes/src/install/jiwy_controller/bin'
[4.995s] Level 1:colcon.colcon_core.environment:checking '/home/ram-user/ASDFR/src/ros2_nodes/src/install/jiwy_controller/lib/pkgconfig/jiwy_controller.pc'
[4.995s] Level 1:colcon.colcon_core.environment:checking '/home/ram-user/ASDFR/src/ros2_nodes/src/install/jiwy_controller/lib/python3.10/site-packages'
[4.996s] Level 1:colcon.colcon_core.environment:checking '/home/ram-user/ASDFR/src/ros2_nodes/src/install/jiwy_controller/bin'
[4.997s] INFO:colcon.colcon_core.shell:Creating package script '/home/ram-user/ASDFR/src/ros2_nodes/src/install/jiwy_controller/share/jiwy_controller/package.ps1'
[4.998s] INFO:colcon.colcon_core.shell:Creating package descriptor '/home/ram-user/ASDFR/src/ros2_nodes/src/install/jiwy_controller/share/jiwy_controller/package.dsv'
[4.998s] INFO:colcon.colcon_core.shell:Creating package script '/home/ram-user/ASDFR/src/ros2_nodes/src/install/jiwy_controller/share/jiwy_controller/package.sh'
[4.999s] INFO:colcon.colcon_core.shell:Creating package script '/home/ram-user/ASDFR/src/ros2_nodes/src/install/jiwy_controller/share/jiwy_controller/package.bash'
[4.999s] INFO:colcon.colcon_core.shell:Creating package script '/home/ram-user/ASDFR/src/ros2_nodes/src/install/jiwy_controller/share/jiwy_controller/package.zsh'
[4.999s] Level 1:colcon.colcon_core.environment:create_file_with_runtime_dependencies(/home/ram-user/ASDFR/src/ros2_nodes/src/install/jiwy_controller/share/colcon-core/packages/jiwy_controller)
[5.011s] DEBUG:colcon.colcon_parallel_executor.executor.parallel:closing loop
[5.012s] DEBUG:colcon.colcon_parallel_executor.executor.parallel:loop closed
[5.012s] DEBUG:colcon.colcon_parallel_executor.executor.parallel:run_until_complete finished with '2'
[5.012s] DEBUG:colcon.colcon_core.event_reactor:joining thread
[5.017s] INFO:colcon.colcon_core.plugin_system:Skipping extension 'colcon_notification.desktop_notification.terminal_notifier': Not used on non-Darwin systems
[5.017s] INFO:colcon.colcon_core.plugin_system:Skipping extension 'colcon_notification.desktop_notification.win32': Not used on non-Windows systems
[5.017s] INFO:colcon.colcon_notification.desktop_notification:Sending desktop notification using 'notify2'
[5.027s] DEBUG:colcon.colcon_core.event_reactor:joined thread
[5.029s] INFO:colcon.colcon_core.shell:Creating prefix script '/home/ram-user/ASDFR/src/ros2_nodes/src/install/local_setup.ps1'
[5.030s] INFO:colcon.colcon_core.shell:Creating prefix util module '/home/ram-user/ASDFR/src/ros2_nodes/src/install/_local_setup_util_ps1.py'
[5.032s] INFO:colcon.colcon_core.shell:Creating prefix chain script '/home/ram-user/ASDFR/src/ros2_nodes/src/install/setup.ps1'
[5.034s] INFO:colcon.colcon_core.shell:Creating prefix script '/home/ram-user/ASDFR/src/ros2_nodes/src/install/local_setup.sh'
[5.034s] INFO:colcon.colcon_core.shell:Creating prefix util module '/home/ram-user/ASDFR/src/ros2_nodes/src/install/_local_setup_util_sh.py'
[5.035s] INFO:colcon.colcon_core.shell:Creating prefix chain script '/home/ram-user/ASDFR/src/ros2_nodes/src/install/setup.sh'
[5.037s] INFO:colcon.colcon_core.shell:Creating prefix script '/home/ram-user/ASDFR/src/ros2_nodes/src/install/local_setup.bash'
[5.038s] INFO:colcon.colcon_core.shell:Creating prefix chain script '/home/ram-user/ASDFR/src/ros2_nodes/src/install/setup.bash'
[5.039s] INFO:colcon.colcon_core.shell:Creating prefix script '/home/ram-user/ASDFR/src/ros2_nodes/src/install/local_setup.zsh'
[5.040s] INFO:colcon.colcon_core.shell:Creating prefix chain script '/home/ram-user/ASDFR/src/ros2_nodes/src/install/setup.zsh'
