[0.041s] Invoking command in '/home/ram-user/ASDFR/build/jiwy_controller': CMAKE_PREFIX_PATH=/home/ram-user/ASDFR/install/asdfr_interfaces:/home/ram-user/ASDFR/install/jiwy_simulator:/home/ram-user/ASDFR/install/jiwy_controller:/home/ram-user/ASDFR/install/image_processing:/opt/ros/humble /usr/bin/cmake --build /home/ram-user/ASDFR/build/jiwy_controller -- -j2 -l2
[0.347s] -- Found ament_cmake: 1.3.3 (/opt/ros/humble/share/ament_cmake/cmake)
[0.911s] -- Found rclcpp: 16.0.3 (/opt/ros/humble/share/rclcpp/cmake)
[1.360s] -- Found rosidl_generator_c: 3.1.4 (/opt/ros/humble/share/rosidl_generator_c/cmake)
[1.369s] -- Found rosidl_adapter: 3.1.4 (/opt/ros/humble/share/rosidl_adapter/cmake)
[1.386s] -- Found rosidl_generator_cpp: 3.1.4 (/opt/ros/humble/share/rosidl_generator_cpp/cmake)
[1.468s] -- Using all available rosidl_typesupport_c: rosidl_typesupport_fastrtps_c;rosidl_typesupport_introspection_c
[1.549s] -- Using all available rosidl_typesupport_cpp: rosidl_typesupport_fastrtps_cpp;rosidl_typesupport_introspection_cpp
[1.721s] -- Found rmw_implementation_cmake: 6.1.1 (/opt/ros/humble/share/rmw_implementation_cmake/cmake)
[1.748s] -- Found rmw_fastrtps_cpp: 6.2.2 (/opt/ros/humble/share/rmw_fastrtps_cpp/cmake)
[2.037s] -- Using RMW implementation 'rmw_fastrtps_cpp' as default
[2.499s] -- Found sensor_msgs: 4.2.3 (/opt/ros/humble/share/sensor_msgs/cmake)
[2.729s] -- Found asdfr_interfaces: 0.0.0 (/home/ram-user/ASDFR/install/asdfr_interfaces/share/asdfr_interfaces/cmake)
[2.796s] -- Found cv_bridge: 3.2.1 (/opt/ros/humble/share/cv_bridge/cmake)
[2.840s] -- Found ament_lint_auto: 0.12.5 (/opt/ros/humble/share/ament_lint_auto/cmake)
[3.025s] -- Added test 'cppcheck' to perform static code analysis on C / C++ code
[3.025s] -- Configured cppcheck include dirs: $<BUILD_INTERFACE:/home/ram-user/ASDFR/src/ros2_nodes/src/jiwy_controller/include>
[3.025s] -- Configured cppcheck exclude dirs and/or files: 
[3.027s] -- Added test 'lint_cmake' to check CMake code style
[3.029s] -- Added test 'uncrustify' to check C / C++ code style
[3.029s] -- Configured uncrustify additional arguments: 
[3.034s] -- Added test 'xmllint' to check XML markup files
[3.034s] -- Configuring done
[3.180s] -- Generating done
[3.184s] -- Build files have been written to: /home/ram-user/ASDFR/build/jiwy_controller
[3.223s] [35m[1mConsolidate compiler generated dependencies of target jiwy_controller[0m
[3.247s] [35m[1mConsolidate compiler generated dependencies of target jc_lighttracker[0m
[3.270s] [ 33%] Built target jiwy_controller
[3.285s] [ 50%] [32mBuilding CXX object CMakeFiles/jc_lighttracker.dir/src/jc_light_tracker.cpp.o[0m
[3.306s] [35m[1mConsolidate compiler generated dependencies of target simplesub[0m
[3.353s] [ 83%] Built target simplesub
[6.958s] [01m[K/home/ram-user/ASDFR/src/ros2_nodes/src/jiwy_controller/src/jc_light_tracker.cpp:[m[K In constructor ‘[01m[KJCLightTrackerNode::JCLightTrackerNode()[m[K’:
[6.958s] [01m[K/home/ram-user/ASDFR/src/ros2_nodes/src/jiwy_controller/src/jc_light_tracker.cpp:36:33:[m[K [01;31m[Kerror: [m[K‘[01m[KMinimalSubscriber[m[K’ has not been declared
[6.958s]    36 |       "im_COGL", 10, std::bind(&[01;31m[KMinimalSubscriber[m[K::image_callback, this, _1));
[6.958s]       |                                 [01;31m[K^~~~~~~~~~~~~~~~~[m[K
[9.873s] gmake[2]: *** [CMakeFiles/jc_lighttracker.dir/build.make:76: CMakeFiles/jc_lighttracker.dir/src/jc_light_tracker.cpp.o] Error 1
[9.882s] gmake[1]: *** [CMakeFiles/Makefile2:167: CMakeFiles/jc_lighttracker.dir/all] Error 2
[9.883s] gmake: *** [Makefile:146: all] Error 2
[9.888s] Invoked command in '/home/ram-user/ASDFR/build/jiwy_controller' returned '2': CMAKE_PREFIX_PATH=/home/ram-user/ASDFR/install/asdfr_interfaces:/home/ram-user/ASDFR/install/jiwy_simulator:/home/ram-user/ASDFR/install/jiwy_controller:/home/ram-user/ASDFR/install/image_processing:/opt/ros/humble /usr/bin/cmake --build /home/ram-user/ASDFR/build/jiwy_controller -- -j2 -l2
