[0.078s] Invoking command in '/home/ram-user/ASDFR/src/ros2_nodes/build/asdfr_interfaces': CMAKE_PREFIX_PATH=${CMAKE_PREFIX_PATH}:/opt/ros/humble /usr/bin/cmake --build /home/ram-user/ASDFR/src/ros2_nodes/build/asdfr_interfaces -- -j2 -l2
[0.205s] [35m[1mConsolidate compiler generated dependencies of target asdfr_interfaces__rosidl_generator_c[0m
[0.213s] [  3%] Built target asdfr_interfaces__cpp
[0.219s] [ 12%] Built target asdfr_interfaces__rosidl_generator_c
[0.283s] [ 12%] Built target ament_cmake_python_copy_asdfr_interfaces
[0.297s] [35m[1mConsolidate compiler generated dependencies of target asdfr_interfaces__rosidl_typesupport_cpp[0m
[0.310s] [35m[1mConsolidate compiler generated dependencies of target asdfr_interfaces__rosidl_typesupport_fastrtps_c[0m
[0.311s] [ 22%] Built target asdfr_interfaces__rosidl_typesupport_cpp
[0.320s] [ 32%] Built target asdfr_interfaces__rosidl_typesupport_fastrtps_c
[0.341s] [35m[1mConsolidate compiler generated dependencies of target asdfr_interfaces__rosidl_typesupport_introspection_c[0m
[0.341s] [35m[1mConsolidate compiler generated dependencies of target asdfr_interfaces__rosidl_typesupport_c[0m
[0.388s] [ 41%] Built target asdfr_interfaces__rosidl_typesupport_introspection_c
[0.392s] [ 51%] Built target asdfr_interfaces__rosidl_typesupport_c
[0.418s] [35m[1mConsolidate compiler generated dependencies of target asdfr_interfaces__rosidl_typesupport_introspection_cpp[0m
[0.434s] [35m[1mConsolidate compiler generated dependencies of target asdfr_interfaces__rosidl_typesupport_fastrtps_cpp[0m
[0.456s] [ 67%] Built target asdfr_interfaces__rosidl_typesupport_introspection_cpp
[0.457s] [ 70%] Built target asdfr_interfaces__rosidl_typesupport_fastrtps_cpp
[0.478s] [ 70%] Built target asdfr_interfaces
[0.498s] [ 74%] Built target asdfr_interfaces__py
[0.517s] [35m[1mConsolidate compiler generated dependencies of target asdfr_interfaces__rosidl_generator_py[0m
[0.539s] [ 80%] Built target asdfr_interfaces__rosidl_generator_py
[0.551s] [35m[1mConsolidate compiler generated dependencies of target asdfr_interfaces__rosidl_typesupport_fastrtps_c__pyext[0m
[0.570s] [ 87%] Built target asdfr_interfaces__rosidl_typesupport_fastrtps_c__pyext
[0.594s] [35m[1mConsolidate compiler generated dependencies of target asdfr_interfaces__rosidl_typesupport_introspection_c__pyext[0m
[0.613s] [ 93%] Built target asdfr_interfaces__rosidl_typesupport_introspection_c__pyext
[0.650s] [35m[1mConsolidate compiler generated dependencies of target asdfr_interfaces__rosidl_typesupport_c__pyext[0m
[0.668s] [100%] Built target asdfr_interfaces__rosidl_typesupport_c__pyext
[0.750s] running egg_info
[0.751s] writing asdfr_interfaces.egg-info/PKG-INFO
[0.752s] writing dependency_links to asdfr_interfaces.egg-info/dependency_links.txt
[0.752s] writing top-level names to asdfr_interfaces.egg-info/top_level.txt
[0.754s] reading manifest file 'asdfr_interfaces.egg-info/SOURCES.txt'
[0.763s] writing manifest file 'asdfr_interfaces.egg-info/SOURCES.txt'
[0.806s] [100%] Built target ament_cmake_python_build_asdfr_interfaces_egg
[0.818s] Invoked command in '/home/ram-user/ASDFR/src/ros2_nodes/build/asdfr_interfaces' returned '0': CMAKE_PREFIX_PATH=${CMAKE_PREFIX_PATH}:/opt/ros/humble /usr/bin/cmake --build /home/ram-user/ASDFR/src/ros2_nodes/build/asdfr_interfaces -- -j2 -l2
[0.900s] Invoking command in '/home/ram-user/ASDFR/src/ros2_nodes/build/asdfr_interfaces': CMAKE_PREFIX_PATH=${CMAKE_PREFIX_PATH}:/opt/ros/humble /usr/bin/cmake --install /home/ram-user/ASDFR/src/ros2_nodes/build/asdfr_interfaces
[0.912s] -- Install configuration: ""
[0.912s] -- Up-to-date: /home/ram-user/ASDFR/src/ros2_nodes/install/asdfr_interfaces/share/ament_index/resource_index/rosidl_interfaces/asdfr_interfaces
[0.912s] -- Up-to-date: /home/ram-user/ASDFR/src/ros2_nodes/install/asdfr_interfaces/include/asdfr_interfaces/asdfr_interfaces
[0.912s] -- Up-to-date: /home/ram-user/ASDFR/src/ros2_nodes/install/asdfr_interfaces/include/asdfr_interfaces/asdfr_interfaces/msg
[0.912s] -- Up-to-date: /home/ram-user/ASDFR/src/ros2_nodes/install/asdfr_interfaces/include/asdfr_interfaces/asdfr_interfaces/msg/detail
[0.912s] -- Up-to-date: /home/ram-user/ASDFR/src/ros2_nodes/install/asdfr_interfaces/include/asdfr_interfaces/asdfr_interfaces/msg/detail/point2__functions.c
[0.912s] -- Up-to-date: /home/ram-user/ASDFR/src/ros2_nodes/install/asdfr_interfaces/include/asdfr_interfaces/asdfr_interfaces/msg/detail/point2__struct.h
[0.912s] -- Up-to-date: /home/ram-user/ASDFR/src/ros2_nodes/install/asdfr_interfaces/include/asdfr_interfaces/asdfr_interfaces/msg/detail/point2__functions.h
[0.912s] -- Up-to-date: /home/ram-user/ASDFR/src/ros2_nodes/install/asdfr_interfaces/include/asdfr_interfaces/asdfr_interfaces/msg/detail/point2__type_support.h
[0.912s] -- Up-to-date: /home/ram-user/ASDFR/src/ros2_nodes/install/asdfr_interfaces/include/asdfr_interfaces/asdfr_interfaces/msg/rosidl_generator_c__visibility_control.h
[0.912s] -- Up-to-date: /home/ram-user/ASDFR/src/ros2_nodes/install/asdfr_interfaces/include/asdfr_interfaces/asdfr_interfaces/msg/point2.h
[0.912s] -- Up-to-date: /home/ram-user/ASDFR/src/ros2_nodes/install/asdfr_interfaces/share/asdfr_interfaces/environment/library_path.sh
[0.912s] -- Up-to-date: /home/ram-user/ASDFR/src/ros2_nodes/install/asdfr_interfaces/share/asdfr_interfaces/environment/library_path.dsv
[0.912s] -- Up-to-date: /home/ram-user/ASDFR/src/ros2_nodes/install/asdfr_interfaces/lib/libasdfr_interfaces__rosidl_generator_c.so
[0.912s] -- Up-to-date: /home/ram-user/ASDFR/src/ros2_nodes/install/asdfr_interfaces/include/asdfr_interfaces/asdfr_interfaces
[0.913s] -- Up-to-date: /home/ram-user/ASDFR/src/ros2_nodes/install/asdfr_interfaces/include/asdfr_interfaces/asdfr_interfaces/msg
[0.913s] -- Up-to-date: /home/ram-user/ASDFR/src/ros2_nodes/install/asdfr_interfaces/include/asdfr_interfaces/asdfr_interfaces/msg/rosidl_typesupport_fastrtps_c__visibility_control.h
[0.913s] -- Up-to-date: /home/ram-user/ASDFR/src/ros2_nodes/install/asdfr_interfaces/include/asdfr_interfaces/asdfr_interfaces/msg/detail
[0.913s] -- Up-to-date: /home/ram-user/ASDFR/src/ros2_nodes/install/asdfr_interfaces/include/asdfr_interfaces/asdfr_interfaces/msg/detail/point2__rosidl_typesupport_fastrtps_c.h
[0.913s] -- Up-to-date: /home/ram-user/ASDFR/src/ros2_nodes/install/asdfr_interfaces/lib/libasdfr_interfaces__rosidl_typesupport_fastrtps_c.so
[0.913s] -- Up-to-date: /home/ram-user/ASDFR/src/ros2_nodes/install/asdfr_interfaces/include/asdfr_interfaces/asdfr_interfaces
[0.913s] -- Up-to-date: /home/ram-user/ASDFR/src/ros2_nodes/install/asdfr_interfaces/include/asdfr_interfaces/asdfr_interfaces/msg
[0.913s] -- Up-to-date: /home/ram-user/ASDFR/src/ros2_nodes/install/asdfr_interfaces/include/asdfr_interfaces/asdfr_interfaces/msg/rosidl_typesupport_introspection_c__visibility_control.h
[0.913s] -- Up-to-date: /home/ram-user/ASDFR/src/ros2_nodes/install/asdfr_interfaces/include/asdfr_interfaces/asdfr_interfaces/msg/detail
[0.913s] -- Up-to-date: /home/ram-user/ASDFR/src/ros2_nodes/install/asdfr_interfaces/include/asdfr_interfaces/asdfr_interfaces/msg/detail/point2__rosidl_typesupport_introspection_c.h
[0.913s] -- Up-to-date: /home/ram-user/ASDFR/src/ros2_nodes/install/asdfr_interfaces/include/asdfr_interfaces/asdfr_interfaces/msg/detail/point2__type_support.c
[0.913s] -- Up-to-date: /home/ram-user/ASDFR/src/ros2_nodes/install/asdfr_interfaces/lib/libasdfr_interfaces__rosidl_typesupport_introspection_c.so
[0.913s] -- Up-to-date: /home/ram-user/ASDFR/src/ros2_nodes/install/asdfr_interfaces/lib/libasdfr_interfaces__rosidl_typesupport_c.so
[0.914s] -- Up-to-date: /home/ram-user/ASDFR/src/ros2_nodes/install/asdfr_interfaces/include/asdfr_interfaces/asdfr_interfaces
[0.914s] -- Up-to-date: /home/ram-user/ASDFR/src/ros2_nodes/install/asdfr_interfaces/include/asdfr_interfaces/asdfr_interfaces/msg
[0.914s] -- Up-to-date: /home/ram-user/ASDFR/src/ros2_nodes/install/asdfr_interfaces/include/asdfr_interfaces/asdfr_interfaces/msg/point2.hpp
[0.914s] -- Up-to-date: /home/ram-user/ASDFR/src/ros2_nodes/install/asdfr_interfaces/include/asdfr_interfaces/asdfr_interfaces/msg/detail
[0.915s] -- Up-to-date: /home/ram-user/ASDFR/src/ros2_nodes/install/asdfr_interfaces/include/asdfr_interfaces/asdfr_interfaces/msg/detail/point2__traits.hpp
[0.915s] -- Up-to-date: /home/ram-user/ASDFR/src/ros2_nodes/install/asdfr_interfaces/include/asdfr_interfaces/asdfr_interfaces/msg/detail/point2__builder.hpp
[0.915s] -- Up-to-date: /home/ram-user/ASDFR/src/ros2_nodes/install/asdfr_interfaces/include/asdfr_interfaces/asdfr_interfaces/msg/detail/point2__struct.hpp
[0.915s] -- Up-to-date: /home/ram-user/ASDFR/src/ros2_nodes/install/asdfr_interfaces/include/asdfr_interfaces/asdfr_interfaces
[0.915s] -- Up-to-date: /home/ram-user/ASDFR/src/ros2_nodes/install/asdfr_interfaces/include/asdfr_interfaces/asdfr_interfaces/msg
[0.915s] -- Up-to-date: /home/ram-user/ASDFR/src/ros2_nodes/install/asdfr_interfaces/include/asdfr_interfaces/asdfr_interfaces/msg/detail
[0.915s] -- Up-to-date: /home/ram-user/ASDFR/src/ros2_nodes/install/asdfr_interfaces/include/asdfr_interfaces/asdfr_interfaces/msg/detail/point2__rosidl_typesupport_fastrtps_cpp.hpp
[0.915s] -- Up-to-date: /home/ram-user/ASDFR/src/ros2_nodes/install/asdfr_interfaces/include/asdfr_interfaces/asdfr_interfaces/msg/detail/dds_fastrtps
[0.915s] -- Up-to-date: /home/ram-user/ASDFR/src/ros2_nodes/install/asdfr_interfaces/include/asdfr_interfaces/asdfr_interfaces/msg/rosidl_typesupport_fastrtps_cpp__visibility_control.h
[0.916s] -- Up-to-date: /home/ram-user/ASDFR/src/ros2_nodes/install/asdfr_interfaces/lib/libasdfr_interfaces__rosidl_typesupport_fastrtps_cpp.so
[0.916s] -- Up-to-date: /home/ram-user/ASDFR/src/ros2_nodes/install/asdfr_interfaces/include/asdfr_interfaces/asdfr_interfaces
[0.916s] -- Up-to-date: /home/ram-user/ASDFR/src/ros2_nodes/install/asdfr_interfaces/include/asdfr_interfaces/asdfr_interfaces/msg
[0.916s] -- Up-to-date: /home/ram-user/ASDFR/src/ros2_nodes/install/asdfr_interfaces/include/asdfr_interfaces/asdfr_interfaces/msg/detail
[0.916s] -- Up-to-date: /home/ram-user/ASDFR/src/ros2_nodes/install/asdfr_interfaces/include/asdfr_interfaces/asdfr_interfaces/msg/detail/point2__rosidl_typesupport_introspection_cpp.hpp
[0.916s] -- Up-to-date: /home/ram-user/ASDFR/src/ros2_nodes/install/asdfr_interfaces/include/asdfr_interfaces/asdfr_interfaces/msg/detail/point2__type_support.cpp
[0.917s] -- Up-to-date: /home/ram-user/ASDFR/src/ros2_nodes/install/asdfr_interfaces/lib/libasdfr_interfaces__rosidl_typesupport_introspection_cpp.so
[0.917s] -- Up-to-date: /home/ram-user/ASDFR/src/ros2_nodes/install/asdfr_interfaces/lib/libasdfr_interfaces__rosidl_typesupport_cpp.so
[0.917s] -- Up-to-date: /home/ram-user/ASDFR/src/ros2_nodes/install/asdfr_interfaces/share/asdfr_interfaces/environment/pythonpath.sh
[0.918s] -- Up-to-date: /home/ram-user/ASDFR/src/ros2_nodes/install/asdfr_interfaces/share/asdfr_interfaces/environment/pythonpath.dsv
[0.918s] -- Up-to-date: /home/ram-user/ASDFR/src/ros2_nodes/install/asdfr_interfaces/local/lib/python3.10/dist-packages/asdfr_interfaces-0.0.0-py3.10.egg-info
[0.918s] -- Installing: /home/ram-user/ASDFR/src/ros2_nodes/install/asdfr_interfaces/local/lib/python3.10/dist-packages/asdfr_interfaces-0.0.0-py3.10.egg-info/dependency_links.txt
[0.918s] -- Installing: /home/ram-user/ASDFR/src/ros2_nodes/install/asdfr_interfaces/local/lib/python3.10/dist-packages/asdfr_interfaces-0.0.0-py3.10.egg-info/top_level.txt
[0.918s] -- Installing: /home/ram-user/ASDFR/src/ros2_nodes/install/asdfr_interfaces/local/lib/python3.10/dist-packages/asdfr_interfaces-0.0.0-py3.10.egg-info/PKG-INFO
[0.919s] -- Installing: /home/ram-user/ASDFR/src/ros2_nodes/install/asdfr_interfaces/local/lib/python3.10/dist-packages/asdfr_interfaces-0.0.0-py3.10.egg-info/SOURCES.txt
[0.919s] -- Up-to-date: /home/ram-user/ASDFR/src/ros2_nodes/install/asdfr_interfaces/local/lib/python3.10/dist-packages/asdfr_interfaces
[0.919s] -- Up-to-date: /home/ram-user/ASDFR/src/ros2_nodes/install/asdfr_interfaces/local/lib/python3.10/dist-packages/asdfr_interfaces/__init__.py
[0.919s] -- Up-to-date: /home/ram-user/ASDFR/src/ros2_nodes/install/asdfr_interfaces/local/lib/python3.10/dist-packages/asdfr_interfaces/_asdfr_interfaces_s.ep.rosidl_typesupport_fastrtps_c.c
[0.919s] -- Up-to-date: /home/ram-user/ASDFR/src/ros2_nodes/install/asdfr_interfaces/local/lib/python3.10/dist-packages/asdfr_interfaces/asdfr_interfaces_s__rosidl_typesupport_introspection_c.cpython-310-x86_64-linux-gnu.so
[0.920s] -- Up-to-date: /home/ram-user/ASDFR/src/ros2_nodes/install/asdfr_interfaces/local/lib/python3.10/dist-packages/asdfr_interfaces/libasdfr_interfaces__rosidl_generator_py.so
[0.920s] -- Up-to-date: /home/ram-user/ASDFR/src/ros2_nodes/install/asdfr_interfaces/local/lib/python3.10/dist-packages/asdfr_interfaces/asdfr_interfaces_s__rosidl_typesupport_c.cpython-310-x86_64-linux-gnu.so
[0.920s] -- Up-to-date: /home/ram-user/ASDFR/src/ros2_nodes/install/asdfr_interfaces/local/lib/python3.10/dist-packages/asdfr_interfaces/_asdfr_interfaces_s.ep.rosidl_typesupport_introspection_c.c
[0.920s] -- Up-to-date: /home/ram-user/ASDFR/src/ros2_nodes/install/asdfr_interfaces/local/lib/python3.10/dist-packages/asdfr_interfaces/_asdfr_interfaces_s.ep.rosidl_typesupport_c.c
[0.920s] -- Up-to-date: /home/ram-user/ASDFR/src/ros2_nodes/install/asdfr_interfaces/local/lib/python3.10/dist-packages/asdfr_interfaces/msg
[0.920s] -- Up-to-date: /home/ram-user/ASDFR/src/ros2_nodes/install/asdfr_interfaces/local/lib/python3.10/dist-packages/asdfr_interfaces/msg/__init__.py
[0.920s] -- Up-to-date: /home/ram-user/ASDFR/src/ros2_nodes/install/asdfr_interfaces/local/lib/python3.10/dist-packages/asdfr_interfaces/msg/_point2.py
[0.920s] -- Up-to-date: /home/ram-user/ASDFR/src/ros2_nodes/install/asdfr_interfaces/local/lib/python3.10/dist-packages/asdfr_interfaces/msg/_point2_s.c
[0.921s] -- Up-to-date: /home/ram-user/ASDFR/src/ros2_nodes/install/asdfr_interfaces/local/lib/python3.10/dist-packages/asdfr_interfaces/asdfr_interfaces_s__rosidl_typesupport_fastrtps_c.cpython-310-x86_64-linux-gnu.so
[1.027s] Listing '/home/ram-user/ASDFR/src/ros2_nodes/install/asdfr_interfaces/local/lib/python3.10/dist-packages/asdfr_interfaces'...
[1.028s] Listing '/home/ram-user/ASDFR/src/ros2_nodes/install/asdfr_interfaces/local/lib/python3.10/dist-packages/asdfr_interfaces/msg'...
[1.066s] -- Up-to-date: /home/ram-user/ASDFR/src/ros2_nodes/install/asdfr_interfaces/local/lib/python3.10/dist-packages/asdfr_interfaces/asdfr_interfaces_s__rosidl_typesupport_fastrtps_c.cpython-310-x86_64-linux-gnu.so
[1.066s] -- Up-to-date: /home/ram-user/ASDFR/src/ros2_nodes/install/asdfr_interfaces/local/lib/python3.10/dist-packages/asdfr_interfaces/asdfr_interfaces_s__rosidl_typesupport_introspection_c.cpython-310-x86_64-linux-gnu.so
[1.066s] -- Up-to-date: /home/ram-user/ASDFR/src/ros2_nodes/install/asdfr_interfaces/local/lib/python3.10/dist-packages/asdfr_interfaces/asdfr_interfaces_s__rosidl_typesupport_c.cpython-310-x86_64-linux-gnu.so
[1.066s] -- Up-to-date: /home/ram-user/ASDFR/src/ros2_nodes/install/asdfr_interfaces/lib/libasdfr_interfaces__rosidl_generator_py.so
[1.066s] -- Up-to-date: /home/ram-user/ASDFR/src/ros2_nodes/install/asdfr_interfaces/share/asdfr_interfaces/msg/Point2.idl
[1.066s] -- Up-to-date: /home/ram-user/ASDFR/src/ros2_nodes/install/asdfr_interfaces/share/asdfr_interfaces/msg/Point2.msg
[1.066s] -- Up-to-date: /home/ram-user/ASDFR/src/ros2_nodes/install/asdfr_interfaces/share/ament_index/resource_index/package_run_dependencies/asdfr_interfaces
[1.066s] -- Up-to-date: /home/ram-user/ASDFR/src/ros2_nodes/install/asdfr_interfaces/share/ament_index/resource_index/parent_prefix_path/asdfr_interfaces
[1.066s] -- Up-to-date: /home/ram-user/ASDFR/src/ros2_nodes/install/asdfr_interfaces/share/asdfr_interfaces/environment/ament_prefix_path.sh
[1.067s] -- Up-to-date: /home/ram-user/ASDFR/src/ros2_nodes/install/asdfr_interfaces/share/asdfr_interfaces/environment/ament_prefix_path.dsv
[1.067s] -- Up-to-date: /home/ram-user/ASDFR/src/ros2_nodes/install/asdfr_interfaces/share/asdfr_interfaces/environment/path.sh
[1.067s] -- Up-to-date: /home/ram-user/ASDFR/src/ros2_nodes/install/asdfr_interfaces/share/asdfr_interfaces/environment/path.dsv
[1.067s] -- Up-to-date: /home/ram-user/ASDFR/src/ros2_nodes/install/asdfr_interfaces/share/asdfr_interfaces/local_setup.bash
[1.067s] -- Up-to-date: /home/ram-user/ASDFR/src/ros2_nodes/install/asdfr_interfaces/share/asdfr_interfaces/local_setup.sh
[1.067s] -- Up-to-date: /home/ram-user/ASDFR/src/ros2_nodes/install/asdfr_interfaces/share/asdfr_interfaces/local_setup.zsh
[1.067s] -- Up-to-date: /home/ram-user/ASDFR/src/ros2_nodes/install/asdfr_interfaces/share/asdfr_interfaces/local_setup.dsv
[1.067s] -- Installing: /home/ram-user/ASDFR/src/ros2_nodes/install/asdfr_interfaces/share/asdfr_interfaces/package.dsv
[1.071s] -- Up-to-date: /home/ram-user/ASDFR/src/ros2_nodes/install/asdfr_interfaces/share/ament_index/resource_index/packages/asdfr_interfaces
[1.072s] -- Up-to-date: /home/ram-user/ASDFR/src/ros2_nodes/install/asdfr_interfaces/share/asdfr_interfaces/cmake/export_asdfr_interfaces__rosidl_generator_cExport.cmake
[1.072s] -- Up-to-date: /home/ram-user/ASDFR/src/ros2_nodes/install/asdfr_interfaces/share/asdfr_interfaces/cmake/export_asdfr_interfaces__rosidl_generator_cExport-noconfig.cmake
[1.072s] -- Up-to-date: /home/ram-user/ASDFR/src/ros2_nodes/install/asdfr_interfaces/share/asdfr_interfaces/cmake/export_asdfr_interfaces__rosidl_typesupport_fastrtps_cExport.cmake
[1.072s] -- Up-to-date: /home/ram-user/ASDFR/src/ros2_nodes/install/asdfr_interfaces/share/asdfr_interfaces/cmake/export_asdfr_interfaces__rosidl_typesupport_fastrtps_cExport-noconfig.cmake
[1.073s] -- Up-to-date: /home/ram-user/ASDFR/src/ros2_nodes/install/asdfr_interfaces/share/asdfr_interfaces/cmake/asdfr_interfaces__rosidl_typesupport_introspection_cExport.cmake
[1.073s] -- Up-to-date: /home/ram-user/ASDFR/src/ros2_nodes/install/asdfr_interfaces/share/asdfr_interfaces/cmake/asdfr_interfaces__rosidl_typesupport_introspection_cExport-noconfig.cmake
[1.073s] -- Up-to-date: /home/ram-user/ASDFR/src/ros2_nodes/install/asdfr_interfaces/share/asdfr_interfaces/cmake/asdfr_interfaces__rosidl_typesupport_cExport.cmake
[1.074s] -- Up-to-date: /home/ram-user/ASDFR/src/ros2_nodes/install/asdfr_interfaces/share/asdfr_interfaces/cmake/asdfr_interfaces__rosidl_typesupport_cExport-noconfig.cmake
[1.074s] -- Up-to-date: /home/ram-user/ASDFR/src/ros2_nodes/install/asdfr_interfaces/share/asdfr_interfaces/cmake/export_asdfr_interfaces__rosidl_generator_cppExport.cmake
[1.075s] -- Up-to-date: /home/ram-user/ASDFR/src/ros2_nodes/install/asdfr_interfaces/share/asdfr_interfaces/cmake/export_asdfr_interfaces__rosidl_typesupport_fastrtps_cppExport.cmake
[1.075s] -- Up-to-date: /home/ram-user/ASDFR/src/ros2_nodes/install/asdfr_interfaces/share/asdfr_interfaces/cmake/export_asdfr_interfaces__rosidl_typesupport_fastrtps_cppExport-noconfig.cmake
[1.075s] -- Up-to-date: /home/ram-user/ASDFR/src/ros2_nodes/install/asdfr_interfaces/share/asdfr_interfaces/cmake/asdfr_interfaces__rosidl_typesupport_introspection_cppExport.cmake
[1.075s] -- Up-to-date: /home/ram-user/ASDFR/src/ros2_nodes/install/asdfr_interfaces/share/asdfr_interfaces/cmake/asdfr_interfaces__rosidl_typesupport_introspection_cppExport-noconfig.cmake
[1.076s] -- Up-to-date: /home/ram-user/ASDFR/src/ros2_nodes/install/asdfr_interfaces/share/asdfr_interfaces/cmake/asdfr_interfaces__rosidl_typesupport_cppExport.cmake
[1.076s] -- Up-to-date: /home/ram-user/ASDFR/src/ros2_nodes/install/asdfr_interfaces/share/asdfr_interfaces/cmake/asdfr_interfaces__rosidl_typesupport_cppExport-noconfig.cmake
[1.077s] -- Up-to-date: /home/ram-user/ASDFR/src/ros2_nodes/install/asdfr_interfaces/share/asdfr_interfaces/cmake/export_asdfr_interfaces__rosidl_generator_pyExport.cmake
[1.077s] -- Up-to-date: /home/ram-user/ASDFR/src/ros2_nodes/install/asdfr_interfaces/share/asdfr_interfaces/cmake/export_asdfr_interfaces__rosidl_generator_pyExport-noconfig.cmake
[1.077s] -- Up-to-date: /home/ram-user/ASDFR/src/ros2_nodes/install/asdfr_interfaces/share/asdfr_interfaces/cmake/rosidl_cmake-extras.cmake
[1.077s] -- Up-to-date: /home/ram-user/ASDFR/src/ros2_nodes/install/asdfr_interfaces/share/asdfr_interfaces/cmake/ament_cmake_export_include_directories-extras.cmake
[1.077s] -- Up-to-date: /home/ram-user/ASDFR/src/ros2_nodes/install/asdfr_interfaces/share/asdfr_interfaces/cmake/ament_cmake_export_libraries-extras.cmake
[1.077s] -- Up-to-date: /home/ram-user/ASDFR/src/ros2_nodes/install/asdfr_interfaces/share/asdfr_interfaces/cmake/ament_cmake_export_targets-extras.cmake
[1.077s] -- Up-to-date: /home/ram-user/ASDFR/src/ros2_nodes/install/asdfr_interfaces/share/asdfr_interfaces/cmake/rosidl_cmake_export_typesupport_targets-extras.cmake
[1.077s] -- Up-to-date: /home/ram-user/ASDFR/src/ros2_nodes/install/asdfr_interfaces/share/asdfr_interfaces/cmake/ament_cmake_export_dependencies-extras.cmake
[1.077s] -- Up-to-date: /home/ram-user/ASDFR/src/ros2_nodes/install/asdfr_interfaces/share/asdfr_interfaces/cmake/rosidl_cmake_export_typesupport_libraries-extras.cmake
[1.077s] -- Up-to-date: /home/ram-user/ASDFR/src/ros2_nodes/install/asdfr_interfaces/share/asdfr_interfaces/cmake/asdfr_interfacesConfig.cmake
[1.077s] -- Up-to-date: /home/ram-user/ASDFR/src/ros2_nodes/install/asdfr_interfaces/share/asdfr_interfaces/cmake/asdfr_interfacesConfig-version.cmake
[1.077s] -- Up-to-date: /home/ram-user/ASDFR/src/ros2_nodes/install/asdfr_interfaces/share/asdfr_interfaces/package.xml
[1.095s] Invoked command in '/home/ram-user/ASDFR/src/ros2_nodes/build/asdfr_interfaces' returned '0': CMAKE_PREFIX_PATH=${CMAKE_PREFIX_PATH}:/opt/ros/humble /usr/bin/cmake --install /home/ram-user/ASDFR/src/ros2_nodes/build/asdfr_interfaces
