[0.015s] Invoking command in '/home/ram-user/ASDFR/build/image_processing': CMAKE_PREFIX_PATH=/opt/ros/humble /usr/bin/cmake --build /home/ram-user/ASDFR/build/image_processing -- -j2 -l2
[0.278s] -- Found ament_cmake: 1.3.3 (/opt/ros/humble/share/ament_cmake/cmake)
[0.712s] -- Found rclcpp: 16.0.3 (/opt/ros/humble/share/rclcpp/cmake)
[0.985s] -- Found rosidl_generator_c: 3.1.4 (/opt/ros/humble/share/rosidl_generator_c/cmake)
[1.000s] -- Found rosidl_adapter: 3.1.4 (/opt/ros/humble/share/rosidl_adapter/cmake)
[1.026s] -- Found rosidl_generator_cpp: 3.1.4 (/opt/ros/humble/share/rosidl_generator_cpp/cmake)
[1.103s] -- Using all available rosidl_typesupport_c: rosidl_typesupport_fastrtps_c;rosidl_typesupport_introspection_c
[1.163s] -- Using all available rosidl_typesupport_cpp: rosidl_typesupport_fastrtps_cpp;rosidl_typesupport_introspection_cpp
[1.333s] -- Found rmw_implementation_cmake: 6.1.1 (/opt/ros/humble/share/rmw_implementation_cmake/cmake)
[1.361s] -- Found rmw_fastrtps_cpp: 6.2.2 (/opt/ros/humble/share/rmw_fastrtps_cpp/cmake)
[1.697s] -- Using RMW implementation 'rmw_fastrtps_cpp' as default
[2.075s] -- Found geometry_msgs: 4.2.3 (/opt/ros/humble/share/geometry_msgs/cmake)
[2.185s] -- Found sensor_msgs: 4.2.3 (/opt/ros/humble/share/sensor_msgs/cmake)
[2.300s] -- Found cv_bridge: 3.2.1 (/opt/ros/humble/share/cv_bridge/cmake)
[2.331s] -- Found image_tools: 0.20.3 (/opt/ros/humble/share/image_tools/cmake)
[2.584s] -- Configuring done
[2.731s] -- Generating done
[2.734s] -- Build files have been written to: /home/ram-user/ASDFR/build/image_processing
[2.798s] [35m[1mConsolidate compiler generated dependencies of target grayscaler[0m
[2.799s] [35m[1mConsolidate compiler generated dependencies of target brightness_check[0m
[2.816s] [ 37%] Built target brightness_check
[2.816s] [ 50%] Built target grayscaler
[2.825s] [35m[1mConsolidate compiler generated dependencies of target light_tracker[0m
[2.841s] [35m[1mConsolidate compiler generated dependencies of target brightmask[0m
[2.844s] [ 62%] [32mBuilding CXX object CMakeFiles/light_tracker.dir/src/light_tracker.cpp.o[0m
[2.862s] [ 87%] Built target brightmask
[3.152s] [01m[K/home/ram-user/ASDFR/src/image_processing/src/light_tracker.cpp:6:10:[m[K [01;31m[Kfatal error: [m[Kgeometry_msgs/Pose2D.hpp: No such file or directory
[3.152s]     6 | #include [01;31m[K"geometry_msgs/Pose2D.hpp"[m[K
[3.152s]       |          [01;31m[K^~~~~~~~~~~~~~~~~~~~~~~~~~[m[K
[3.152s] compilation terminated.
[3.163s] gmake[2]: *** [CMakeFiles/light_tracker.dir/build.make:76: CMakeFiles/light_tracker.dir/src/light_tracker.cpp.o] Error 1
[3.164s] gmake[1]: *** [CMakeFiles/Makefile2:221: CMakeFiles/light_tracker.dir/all] Error 2
[3.164s] gmake: *** [Makefile:146: all] Error 2
[3.167s] Invoked command in '/home/ram-user/ASDFR/build/image_processing' returned '2': CMAKE_PREFIX_PATH=/opt/ros/humble /usr/bin/cmake --build /home/ram-user/ASDFR/build/image_processing -- -j2 -l2
