[0.023s] Invoking command in '/home/ram-user/ASDFR/src/build/image_processing': CMAKE_PREFIX_PATH=${CMAKE_PREFIX_PATH}:/opt/ros/humble /usr/bin/cmake /home/ram-user/ASDFR/src/image_processing -DCMAKE_INSTALL_PREFIX=/home/ram-user/ASDFR/src/install/image_processing
[1.327s] -- The C compiler identification is GNU 11.3.0
[1.476s] -- The CXX compiler identification is GNU 11.3.0
[1.484s] -- Detecting C compiler ABI info
[1.618s] -- Detecting C compiler ABI info - done
[1.618s] -- Check for working C compiler: /usr/bin/cc - skipped
[1.618s] -- Detecting C compile features
[1.627s] -- Detecting C compile features - done
[1.634s] -- Detecting CXX compiler ABI info
[1.788s] -- Detecting CXX compiler ABI info - done
[1.801s] -- Check for working CXX compiler: /usr/bin/c++ - skipped
[1.803s] -- Detecting CXX compile features
[1.804s] -- Detecting CXX compile features - done
[1.862s] -- Found ament_cmake: 1.3.3 (/opt/ros/humble/share/ament_cmake/cmake)
[2.265s] -- Found Python3: /usr/bin/python3.10 (found version "3.10.6") found components: Interpreter 
[2.517s] -- Found rclcpp: 16.0.3 (/opt/ros/humble/share/rclcpp/cmake)
[2.617s] -- Found rosidl_generator_c: 3.1.4 (/opt/ros/humble/share/rosidl_generator_c/cmake)
[2.622s] -- Found rosidl_adapter: 3.1.4 (/opt/ros/humble/share/rosidl_adapter/cmake)
[2.634s] -- Found rosidl_generator_cpp: 3.1.4 (/opt/ros/humble/share/rosidl_generator_cpp/cmake)
[2.667s] -- Using all available rosidl_typesupport_c: rosidl_typesupport_fastrtps_c;rosidl_typesupport_introspection_c
[2.693s] -- Using all available rosidl_typesupport_cpp: rosidl_typesupport_fastrtps_cpp;rosidl_typesupport_introspection_cpp
[2.783s] -- Found rmw_implementation_cmake: 6.1.1 (/opt/ros/humble/share/rmw_implementation_cmake/cmake)
[2.787s] -- Found rmw_fastrtps_cpp: 6.2.2 (/opt/ros/humble/share/rmw_fastrtps_cpp/cmake)
[3.154s] -- Found OpenSSL: /usr/lib/x86_64-linux-gnu/libcrypto.so (found version "3.0.2")  
[3.194s] -- Found FastRTPS: /opt/ros/humble/include  
[3.258s] -- Using RMW implementation 'rmw_fastrtps_cpp' as default
[3.326s] -- Looking for pthread.h
[3.465s] -- Looking for pthread.h - found
[3.465s] -- Performing Test CMAKE_HAVE_LIBC_PTHREAD
[3.578s] -- Performing Test CMAKE_HAVE_LIBC_PTHREAD - Success
[3.578s] -- Found Threads: TRUE  
[3.942s] -- Found geometry_msgs: 4.2.3 (/opt/ros/humble/share/geometry_msgs/cmake)
[4.044s] -- Found OpenCV: /usr (found version "4.5.4") 
[4.046s] -- Found sensor_msgs: 4.2.3 (/opt/ros/humble/share/sensor_msgs/cmake)
[4.179s] -- Found cv_bridge: 3.2.1 (/opt/ros/humble/share/cv_bridge/cmake)
[4.239s] -- Found image_tools: 0.20.3 (/opt/ros/humble/share/image_tools/cmake)
[4.788s] -- Configuring done
[4.918s] -- Generating done
[4.918s] -- Build files have been written to: /home/ram-user/ASDFR/src/build/image_processing
[4.964s] Invoked command in '/home/ram-user/ASDFR/src/build/image_processing' returned '0': CMAKE_PREFIX_PATH=${CMAKE_PREFIX_PATH}:/opt/ros/humble /usr/bin/cmake /home/ram-user/ASDFR/src/image_processing -DCMAKE_INSTALL_PREFIX=/home/ram-user/ASDFR/src/install/image_processing
[4.964s] Invoking command in '/home/ram-user/ASDFR/src/build/image_processing': CMAKE_PREFIX_PATH=${CMAKE_PREFIX_PATH}:/opt/ros/humble /usr/bin/cmake --build /home/ram-user/ASDFR/src/build/image_processing -- -j2 -l2
[5.226s] [ 10%] [32mBuilding CXX object CMakeFiles/brightness_check.dir/src/brightness_check.cpp.o[0m
[5.227s] [ 20%] [32mBuilding CXX object CMakeFiles/grayscaler.dir/src/grayscale_converter.cpp.o[0m
[28.822s] [ 30%] [32m[1mLinking CXX executable brightness_check[0m
[28.922s] [ 40%] [32m[1mLinking CXX executable grayscaler[0m
[30.438s] [ 40%] Built target grayscaler
[30.559s] [ 40%] Built target brightness_check
[30.581s] [ 50%] [32mBuilding CXX object CMakeFiles/brightmask.dir/src/brightness_mask.cpp.o[0m
[43.882s] [ 60%] [32m[1mLinking CXX executable brightmask[0m
[44.818s] [ 60%] Built target brightmask
[44.846s] [ 70%] [32mBuilding CXX object CMakeFiles/light_tracker.dir/src/light_tracker.cpp.o[0m
[73.454s] [ 80%] [32m[1mLinking CXX executable light_tracker[0m
[75.185s] [ 80%] Built target light_tracker
[75.295s] [ 90%] [32mBuilding CXX object CMakeFiles/SimpleSub.dir/src/SimpleSub.cpp.o[0m
[86.997s] [100%] [32m[1mLinking CXX executable SimpleSub[0m
[87.567s] [100%] Built target SimpleSub
[88.625s] Invoked command in '/home/ram-user/ASDFR/src/build/image_processing' returned '0': CMAKE_PREFIX_PATH=${CMAKE_PREFIX_PATH}:/opt/ros/humble /usr/bin/cmake --build /home/ram-user/ASDFR/src/build/image_processing -- -j2 -l2
[88.707s] Invoking command in '/home/ram-user/ASDFR/src/build/image_processing': CMAKE_PREFIX_PATH=${CMAKE_PREFIX_PATH}:/opt/ros/humble /usr/bin/cmake --install /home/ram-user/ASDFR/src/build/image_processing
[88.725s] -- Install configuration: ""
[88.725s] -- Installing: /home/ram-user/ASDFR/src/install/image_processing/lib/image_processing/brightness_check
[88.895s] -- Set runtime path of "/home/ram-user/ASDFR/src/install/image_processing/lib/image_processing/brightness_check" to ""
[88.895s] -- Installing: /home/ram-user/ASDFR/src/install/image_processing/lib/image_processing/grayscaler
[89.163s] -- Set runtime path of "/home/ram-user/ASDFR/src/install/image_processing/lib/image_processing/grayscaler" to ""
[89.164s] -- Installing: /home/ram-user/ASDFR/src/install/image_processing/lib/image_processing/brightmask
[89.168s] -- Set runtime path of "/home/ram-user/ASDFR/src/install/image_processing/lib/image_processing/brightmask" to ""
[89.168s] -- Installing: /home/ram-user/ASDFR/src/install/image_processing/lib/image_processing/light_tracker
[89.176s] -- Set runtime path of "/home/ram-user/ASDFR/src/install/image_processing/lib/image_processing/light_tracker" to ""
[89.176s] -- Installing: /home/ram-user/ASDFR/src/install/image_processing/lib/image_processing/SimpleSub
[89.179s] -- Set runtime path of "/home/ram-user/ASDFR/src/install/image_processing/lib/image_processing/SimpleSub" to ""
[89.179s] -- Installing: /home/ram-user/ASDFR/src/install/image_processing/share/ament_index/resource_index/package_run_dependencies/image_processing
[89.208s] -- Installing: /home/ram-user/ASDFR/src/install/image_processing/share/ament_index/resource_index/parent_prefix_path/image_processing
[89.211s] -- Installing: /home/ram-user/ASDFR/src/install/image_processing/share/image_processing/environment/ament_prefix_path.sh
[89.211s] -- Installing: /home/ram-user/ASDFR/src/install/image_processing/share/image_processing/environment/ament_prefix_path.dsv
[89.218s] -- Installing: /home/ram-user/ASDFR/src/install/image_processing/share/image_processing/environment/path.sh
[89.230s] -- Installing: /home/ram-user/ASDFR/src/install/image_processing/share/image_processing/environment/path.dsv
[89.230s] -- Installing: /home/ram-user/ASDFR/src/install/image_processing/share/image_processing/local_setup.bash
[89.230s] -- Installing: /home/ram-user/ASDFR/src/install/image_processing/share/image_processing/local_setup.sh
[89.230s] -- Installing: /home/ram-user/ASDFR/src/install/image_processing/share/image_processing/local_setup.zsh
[89.231s] -- Installing: /home/ram-user/ASDFR/src/install/image_processing/share/image_processing/local_setup.dsv
[89.231s] -- Installing: /home/ram-user/ASDFR/src/install/image_processing/share/image_processing/package.dsv
[89.231s] -- Installing: /home/ram-user/ASDFR/src/install/image_processing/share/ament_index/resource_index/packages/image_processing
[89.231s] -- Installing: /home/ram-user/ASDFR/src/install/image_processing/share/image_processing/cmake/image_processingConfig.cmake
[89.231s] -- Installing: /home/ram-user/ASDFR/src/install/image_processing/share/image_processing/cmake/image_processingConfig-version.cmake
[89.235s] -- Installing: /home/ram-user/ASDFR/src/install/image_processing/share/image_processing/package.xml
[89.331s] Invoked command in '/home/ram-user/ASDFR/src/build/image_processing' returned '0': CMAKE_PREFIX_PATH=${CMAKE_PREFIX_PATH}:/opt/ros/humble /usr/bin/cmake --install /home/ram-user/ASDFR/src/build/image_processing
