[0.035s] Invoking command in '/home/ram-user/ASDFR/src/ros2_nodes/build/jiwy_controller': AMENT_PREFIX_PATH=/home/ram-user/ASDFR/src/ros2_nodes/install/asdfr_interfaces:${AMENT_PREFIX_PATH} CMAKE_PREFIX_PATH=/home/ram-user/ASDFR/src/ros2_nodes/install/asdfr_interfaces:/home/ram-user/ASDFR/install/jiwy_simulator:/home/ram-user/ASDFR/install/jiwy_controller:/home/ram-user/ASDFR/install/image_processing:/home/ram-user/ASDFR/install/asdfr_interfaces:/home/ram-user/ASDFR/src/ros2_nodes/src/install/jiwy_simulator:/home/ram-user/ASDFR/src/ros2_nodes/src/install/jiwy_controller:/home/ram-user/ASDFR/src/ros2_nodes/src/install/asdfr_interfaces:/opt/ros/humble LD_LIBRARY_PATH=/home/ram-user/ASDFR/src/ros2_nodes/install/asdfr_interfaces/lib:${LD_LIBRARY_PATH} PYTHONPATH=/home/ram-user/ASDFR/src/ros2_nodes/install/asdfr_interfaces/local/lib/python3.10/dist-packages:${PYTHONPATH} /usr/bin/cmake --build /home/ram-user/ASDFR/src/ros2_nodes/build/jiwy_controller -- -j2 -l2
[0.128s] [35m[1mConsolidate compiler generated dependencies of target jiwy_controller[0m
[0.202s] [ 25%] [32mBuilding CXX object CMakeFiles/jiwy_controller.dir/src/jiwy_controller.cpp.o[0m
[0.214s] [ 75%] Built target simplesub
[5.696s] [100%] [32m[1mLinking CXX executable jiwy_controller[0m
[5.919s] [100%] Built target jiwy_controller
[5.942s] Invoked command in '/home/ram-user/ASDFR/src/ros2_nodes/build/jiwy_controller' returned '0': AMENT_PREFIX_PATH=/home/ram-user/ASDFR/src/ros2_nodes/install/asdfr_interfaces:${AMENT_PREFIX_PATH} CMAKE_PREFIX_PATH=/home/ram-user/ASDFR/src/ros2_nodes/install/asdfr_interfaces:/home/ram-user/ASDFR/install/jiwy_simulator:/home/ram-user/ASDFR/install/jiwy_controller:/home/ram-user/ASDFR/install/image_processing:/home/ram-user/ASDFR/install/asdfr_interfaces:/home/ram-user/ASDFR/src/ros2_nodes/src/install/jiwy_simulator:/home/ram-user/ASDFR/src/ros2_nodes/src/install/jiwy_controller:/home/ram-user/ASDFR/src/ros2_nodes/src/install/asdfr_interfaces:/opt/ros/humble LD_LIBRARY_PATH=/home/ram-user/ASDFR/src/ros2_nodes/install/asdfr_interfaces/lib:${LD_LIBRARY_PATH} PYTHONPATH=/home/ram-user/ASDFR/src/ros2_nodes/install/asdfr_interfaces/local/lib/python3.10/dist-packages:${PYTHONPATH} /usr/bin/cmake --build /home/ram-user/ASDFR/src/ros2_nodes/build/jiwy_controller -- -j2 -l2
[5.979s] Invoking command in '/home/ram-user/ASDFR/src/ros2_nodes/build/jiwy_controller': AMENT_PREFIX_PATH=/home/ram-user/ASDFR/src/ros2_nodes/install/asdfr_interfaces:${AMENT_PREFIX_PATH} CMAKE_PREFIX_PATH=/home/ram-user/ASDFR/src/ros2_nodes/install/asdfr_interfaces:/home/ram-user/ASDFR/install/jiwy_simulator:/home/ram-user/ASDFR/install/jiwy_controller:/home/ram-user/ASDFR/install/image_processing:/home/ram-user/ASDFR/install/asdfr_interfaces:/home/ram-user/ASDFR/src/ros2_nodes/src/install/jiwy_simulator:/home/ram-user/ASDFR/src/ros2_nodes/src/install/jiwy_controller:/home/ram-user/ASDFR/src/ros2_nodes/src/install/asdfr_interfaces:/opt/ros/humble LD_LIBRARY_PATH=/home/ram-user/ASDFR/src/ros2_nodes/install/asdfr_interfaces/lib:${LD_LIBRARY_PATH} PYTHONPATH=/home/ram-user/ASDFR/src/ros2_nodes/install/asdfr_interfaces/local/lib/python3.10/dist-packages:${PYTHONPATH} /usr/bin/cmake --install /home/ram-user/ASDFR/src/ros2_nodes/build/jiwy_controller
[5.988s] -- Install configuration: ""
[5.988s] -- Installing: /home/ram-user/ASDFR/src/ros2_nodes/install/jiwy_controller/lib/jiwy_controller/jiwy_controller
[5.998s] -- Set runtime path of "/home/ram-user/ASDFR/src/ros2_nodes/install/jiwy_controller/lib/jiwy_controller/jiwy_controller" to ""
[5.998s] -- Up-to-date: /home/ram-user/ASDFR/src/ros2_nodes/install/jiwy_controller/lib/jiwy_controller/simplesub
[5.998s] -- Up-to-date: /home/ram-user/ASDFR/src/ros2_nodes/install/jiwy_controller/share/ament_index/resource_index/package_run_dependencies/jiwy_controller
[5.998s] -- Up-to-date: /home/ram-user/ASDFR/src/ros2_nodes/install/jiwy_controller/share/ament_index/resource_index/parent_prefix_path/jiwy_controller
[6.005s] -- Up-to-date: /home/ram-user/ASDFR/src/ros2_nodes/install/jiwy_controller/share/jiwy_controller/environment/ament_prefix_path.sh
[6.005s] -- Up-to-date: /home/ram-user/ASDFR/src/ros2_nodes/install/jiwy_controller/share/jiwy_controller/environment/ament_prefix_path.dsv
[6.005s] -- Up-to-date: /home/ram-user/ASDFR/src/ros2_nodes/install/jiwy_controller/share/jiwy_controller/environment/path.sh
[6.005s] -- Up-to-date: /home/ram-user/ASDFR/src/ros2_nodes/install/jiwy_controller/share/jiwy_controller/environment/path.dsv
[6.005s] -- Up-to-date: /home/ram-user/ASDFR/src/ros2_nodes/install/jiwy_controller/share/jiwy_controller/local_setup.bash
[6.005s] -- Up-to-date: /home/ram-user/ASDFR/src/ros2_nodes/install/jiwy_controller/share/jiwy_controller/local_setup.sh
[6.005s] -- Up-to-date: /home/ram-user/ASDFR/src/ros2_nodes/install/jiwy_controller/share/jiwy_controller/local_setup.zsh
[6.006s] -- Up-to-date: /home/ram-user/ASDFR/src/ros2_nodes/install/jiwy_controller/share/jiwy_controller/local_setup.dsv
[6.006s] -- Installing: /home/ram-user/ASDFR/src/ros2_nodes/install/jiwy_controller/share/jiwy_controller/package.dsv
[6.006s] -- Up-to-date: /home/ram-user/ASDFR/src/ros2_nodes/install/jiwy_controller/share/ament_index/resource_index/packages/jiwy_controller
[6.006s] -- Up-to-date: /home/ram-user/ASDFR/src/ros2_nodes/install/jiwy_controller/share/jiwy_controller/cmake/jiwy_controllerConfig.cmake
[6.006s] -- Up-to-date: /home/ram-user/ASDFR/src/ros2_nodes/install/jiwy_controller/share/jiwy_controller/cmake/jiwy_controllerConfig-version.cmake
[6.006s] -- Up-to-date: /home/ram-user/ASDFR/src/ros2_nodes/install/jiwy_controller/share/jiwy_controller/package.xml
[6.011s] Invoked command in '/home/ram-user/ASDFR/src/ros2_nodes/build/jiwy_controller' returned '0': AMENT_PREFIX_PATH=/home/ram-user/ASDFR/src/ros2_nodes/install/asdfr_interfaces:${AMENT_PREFIX_PATH} CMAKE_PREFIX_PATH=/home/ram-user/ASDFR/src/ros2_nodes/install/asdfr_interfaces:/home/ram-user/ASDFR/install/jiwy_simulator:/home/ram-user/ASDFR/install/jiwy_controller:/home/ram-user/ASDFR/install/image_processing:/home/ram-user/ASDFR/install/asdfr_interfaces:/home/ram-user/ASDFR/src/ros2_nodes/src/install/jiwy_simulator:/home/ram-user/ASDFR/src/ros2_nodes/src/install/jiwy_controller:/home/ram-user/ASDFR/src/ros2_nodes/src/install/asdfr_interfaces:/opt/ros/humble LD_LIBRARY_PATH=/home/ram-user/ASDFR/src/ros2_nodes/install/asdfr_interfaces/lib:${LD_LIBRARY_PATH} PYTHONPATH=/home/ram-user/ASDFR/src/ros2_nodes/install/asdfr_interfaces/local/lib/python3.10/dist-packages:${PYTHONPATH} /usr/bin/cmake --install /home/ram-user/ASDFR/src/ros2_nodes/build/jiwy_controller
