[0.017s] Invoking command in '/home/ram-user/ASDFR/src/ros2_nodes/build/asdfr_interfaces': CMAKE_PREFIX_PATH=${CMAKE_PREFIX_PATH}:/opt/ros/humble /usr/bin/cmake --build /home/ram-user/ASDFR/src/ros2_nodes/build/asdfr_interfaces -- -j2 -l2
[0.093s] [ 12%] Built target asdfr_interfaces__rosidl_generator_c
[0.094s] [ 12%] Built target asdfr_interfaces__cpp
[0.124s] [ 22%] Built target asdfr_interfaces__rosidl_typesupport_cpp
[0.146s] [ 22%] Built target ament_cmake_python_copy_asdfr_interfaces
[0.170s] [ 32%] Built target asdfr_interfaces__rosidl_typesupport_fastrtps_c
[0.176s] [ 41%] Built target asdfr_interfaces__rosidl_typesupport_introspection_c
[0.192s] [ 51%] Built target asdfr_interfaces__rosidl_typesupport_c
[0.197s] [ 61%] Built target asdfr_interfaces__rosidl_typesupport_fastrtps_cpp
[0.214s] [ 70%] Built target asdfr_interfaces__rosidl_typesupport_introspection_cpp
[0.248s] [ 70%] Built target asdfr_interfaces
[0.268s] [ 74%] Built target asdfr_interfaces__py
[0.289s] [ 80%] Built target asdfr_interfaces__rosidl_generator_py
[0.311s] [ 87%] Built target asdfr_interfaces__rosidl_typesupport_fastrtps_c__pyext
[0.340s] [ 93%] Built target asdfr_interfaces__rosidl_typesupport_introspection_c__pyext
[0.362s] [100%] Built target asdfr_interfaces__rosidl_typesupport_c__pyext
[0.461s] running egg_info
[0.463s] writing asdfr_interfaces.egg-info/PKG-INFO
[0.463s] writing dependency_links to asdfr_interfaces.egg-info/dependency_links.txt
[0.464s] writing top-level names to asdfr_interfaces.egg-info/top_level.txt
[0.466s] reading manifest file 'asdfr_interfaces.egg-info/SOURCES.txt'
[0.467s] writing manifest file 'asdfr_interfaces.egg-info/SOURCES.txt'
[0.499s] [100%] Built target ament_cmake_python_build_asdfr_interfaces_egg
[0.511s] Invoked command in '/home/ram-user/ASDFR/src/ros2_nodes/build/asdfr_interfaces' returned '0': CMAKE_PREFIX_PATH=${CMAKE_PREFIX_PATH}:/opt/ros/humble /usr/bin/cmake --build /home/ram-user/ASDFR/src/ros2_nodes/build/asdfr_interfaces -- -j2 -l2
[0.625s] Invoking command in '/home/ram-user/ASDFR/src/ros2_nodes/build/asdfr_interfaces': CMAKE_PREFIX_PATH=${CMAKE_PREFIX_PATH}:/opt/ros/humble /usr/bin/cmake --install /home/ram-user/ASDFR/src/ros2_nodes/build/asdfr_interfaces
[0.642s] -- Install configuration: ""
[0.642s] -- Up-to-date: /home/ram-user/ASDFR/src/ros2_nodes/install/asdfr_interfaces/share/ament_index/resource_index/rosidl_interfaces/asdfr_interfaces
[0.643s] -- Up-to-date: /home/ram-user/ASDFR/src/ros2_nodes/install/asdfr_interfaces/include/asdfr_interfaces/asdfr_interfaces
[0.643s] -- Up-to-date: /home/ram-user/ASDFR/src/ros2_nodes/install/asdfr_interfaces/include/asdfr_interfaces/asdfr_interfaces/msg
[0.643s] -- Up-to-date: /home/ram-user/ASDFR/src/ros2_nodes/install/asdfr_interfaces/include/asdfr_interfaces/asdfr_interfaces/msg/detail
[0.643s] -- Up-to-date: /home/ram-user/ASDFR/src/ros2_nodes/install/asdfr_interfaces/include/asdfr_interfaces/asdfr_interfaces/msg/detail/point2__functions.c
[0.643s] -- Up-to-date: /home/ram-user/ASDFR/src/ros2_nodes/install/asdfr_interfaces/include/asdfr_interfaces/asdfr_interfaces/msg/detail/point2__struct.h
[0.643s] -- Up-to-date: /home/ram-user/ASDFR/src/ros2_nodes/install/asdfr_interfaces/include/asdfr_interfaces/asdfr_interfaces/msg/detail/point2__functions.h
[0.643s] -- Up-to-date: /home/ram-user/ASDFR/src/ros2_nodes/install/asdfr_interfaces/include/asdfr_interfaces/asdfr_interfaces/msg/detail/point2__type_support.h
[0.644s] -- Up-to-date: /home/ram-user/ASDFR/src/ros2_nodes/install/asdfr_interfaces/include/asdfr_interfaces/asdfr_interfaces/msg/rosidl_generator_c__visibility_control.h
[0.644s] -- Up-to-date: /home/ram-user/ASDFR/src/ros2_nodes/install/asdfr_interfaces/include/asdfr_interfaces/asdfr_interfaces/msg/point2.h
[0.644s] -- Up-to-date: /home/ram-user/ASDFR/src/ros2_nodes/install/asdfr_interfaces/share/asdfr_interfaces/environment/library_path.sh
[0.644s] -- Up-to-date: /home/ram-user/ASDFR/src/ros2_nodes/install/asdfr_interfaces/share/asdfr_interfaces/environment/library_path.dsv
[0.645s] -- Up-to-date: /home/ram-user/ASDFR/src/ros2_nodes/install/asdfr_interfaces/lib/libasdfr_interfaces__rosidl_generator_c.so
[0.645s] -- Up-to-date: /home/ram-user/ASDFR/src/ros2_nodes/install/asdfr_interfaces/include/asdfr_interfaces/asdfr_interfaces
[0.645s] -- Up-to-date: /home/ram-user/ASDFR/src/ros2_nodes/install/asdfr_interfaces/include/asdfr_interfaces/asdfr_interfaces/msg
[0.646s] -- Up-to-date: /home/ram-user/ASDFR/src/ros2_nodes/install/asdfr_interfaces/include/asdfr_interfaces/asdfr_interfaces/msg/rosidl_typesupport_fastrtps_c__visibility_control.h
[0.646s] -- Up-to-date: /home/ram-user/ASDFR/src/ros2_nodes/install/asdfr_interfaces/include/asdfr_interfaces/asdfr_interfaces/msg/detail
[0.646s] -- Up-to-date: /home/ram-user/ASDFR/src/ros2_nodes/install/asdfr_interfaces/include/asdfr_interfaces/asdfr_interfaces/msg/detail/point2__rosidl_typesupport_fastrtps_c.h
[0.646s] -- Up-to-date: /home/ram-user/ASDFR/src/ros2_nodes/install/asdfr_interfaces/lib/libasdfr_interfaces__rosidl_typesupport_fastrtps_c.so
[0.648s] -- Up-to-date: /home/ram-user/ASDFR/src/ros2_nodes/install/asdfr_interfaces/include/asdfr_interfaces/asdfr_interfaces
[0.648s] -- Up-to-date: /home/ram-user/ASDFR/src/ros2_nodes/install/asdfr_interfaces/include/asdfr_interfaces/asdfr_interfaces/msg
[0.648s] -- Up-to-date: /home/ram-user/ASDFR/src/ros2_nodes/install/asdfr_interfaces/include/asdfr_interfaces/asdfr_interfaces/msg/rosidl_typesupport_introspection_c__visibility_control.h
[0.649s] -- Up-to-date: /home/ram-user/ASDFR/src/ros2_nodes/install/asdfr_interfaces/include/asdfr_interfaces/asdfr_interfaces/msg/detail
[0.649s] -- Up-to-date: /home/ram-user/ASDFR/src/ros2_nodes/install/asdfr_interfaces/include/asdfr_interfaces/asdfr_interfaces/msg/detail/point2__rosidl_typesupport_introspection_c.h
[0.649s] -- Up-to-date: /home/ram-user/ASDFR/src/ros2_nodes/install/asdfr_interfaces/include/asdfr_interfaces/asdfr_interfaces/msg/detail/point2__type_support.c
[0.649s] -- Up-to-date: /home/ram-user/ASDFR/src/ros2_nodes/install/asdfr_interfaces/lib/libasdfr_interfaces__rosidl_typesupport_introspection_c.so
[0.650s] -- Up-to-date: /home/ram-user/ASDFR/src/ros2_nodes/install/asdfr_interfaces/lib/libasdfr_interfaces__rosidl_typesupport_c.so
[0.650s] -- Up-to-date: /home/ram-user/ASDFR/src/ros2_nodes/install/asdfr_interfaces/include/asdfr_interfaces/asdfr_interfaces
[0.650s] -- Up-to-date: /home/ram-user/ASDFR/src/ros2_nodes/install/asdfr_interfaces/include/asdfr_interfaces/asdfr_interfaces/msg
[0.650s] -- Up-to-date: /home/ram-user/ASDFR/src/ros2_nodes/install/asdfr_interfaces/include/asdfr_interfaces/asdfr_interfaces/msg/point2.hpp
[0.651s] -- Up-to-date: /home/ram-user/ASDFR/src/ros2_nodes/install/asdfr_interfaces/include/asdfr_interfaces/asdfr_interfaces/msg/detail
[0.651s] -- Up-to-date: /home/ram-user/ASDFR/src/ros2_nodes/install/asdfr_interfaces/include/asdfr_interfaces/asdfr_interfaces/msg/detail/point2__traits.hpp
[0.651s] -- Up-to-date: /home/ram-user/ASDFR/src/ros2_nodes/install/asdfr_interfaces/include/asdfr_interfaces/asdfr_interfaces/msg/detail/point2__builder.hpp
[0.651s] -- Up-to-date: /home/ram-user/ASDFR/src/ros2_nodes/install/asdfr_interfaces/include/asdfr_interfaces/asdfr_interfaces/msg/detail/point2__struct.hpp
[0.651s] -- Up-to-date: /home/ram-user/ASDFR/src/ros2_nodes/install/asdfr_interfaces/include/asdfr_interfaces/asdfr_interfaces
[0.651s] -- Up-to-date: /home/ram-user/ASDFR/src/ros2_nodes/install/asdfr_interfaces/include/asdfr_interfaces/asdfr_interfaces/msg
[0.651s] -- Up-to-date: /home/ram-user/ASDFR/src/ros2_nodes/install/asdfr_interfaces/include/asdfr_interfaces/asdfr_interfaces/msg/detail
[0.651s] -- Up-to-date: /home/ram-user/ASDFR/src/ros2_nodes/install/asdfr_interfaces/include/asdfr_interfaces/asdfr_interfaces/msg/detail/point2__rosidl_typesupport_fastrtps_cpp.hpp
[0.651s] -- Up-to-date: /home/ram-user/ASDFR/src/ros2_nodes/install/asdfr_interfaces/include/asdfr_interfaces/asdfr_interfaces/msg/detail/dds_fastrtps
[0.651s] -- Up-to-date: /home/ram-user/ASDFR/src/ros2_nodes/install/asdfr_interfaces/include/asdfr_interfaces/asdfr_interfaces/msg/rosidl_typesupport_fastrtps_cpp__visibility_control.h
[0.652s] -- Up-to-date: /home/ram-user/ASDFR/src/ros2_nodes/install/asdfr_interfaces/lib/libasdfr_interfaces__rosidl_typesupport_fastrtps_cpp.so
[0.652s] -- Up-to-date: /home/ram-user/ASDFR/src/ros2_nodes/install/asdfr_interfaces/include/asdfr_interfaces/asdfr_interfaces
[0.652s] -- Up-to-date: /home/ram-user/ASDFR/src/ros2_nodes/install/asdfr_interfaces/include/asdfr_interfaces/asdfr_interfaces/msg
[0.652s] -- Up-to-date: /home/ram-user/ASDFR/src/ros2_nodes/install/asdfr_interfaces/include/asdfr_interfaces/asdfr_interfaces/msg/detail
[0.652s] -- Up-to-date: /home/ram-user/ASDFR/src/ros2_nodes/install/asdfr_interfaces/include/asdfr_interfaces/asdfr_interfaces/msg/detail/point2__rosidl_typesupport_introspection_cpp.hpp
[0.653s] -- Up-to-date: /home/ram-user/ASDFR/src/ros2_nodes/install/asdfr_interfaces/include/asdfr_interfaces/asdfr_interfaces/msg/detail/point2__type_support.cpp
[0.653s] -- Up-to-date: /home/ram-user/ASDFR/src/ros2_nodes/install/asdfr_interfaces/lib/libasdfr_interfaces__rosidl_typesupport_introspection_cpp.so
[0.653s] -- Up-to-date: /home/ram-user/ASDFR/src/ros2_nodes/install/asdfr_interfaces/lib/libasdfr_interfaces__rosidl_typesupport_cpp.so
[0.654s] -- Up-to-date: /home/ram-user/ASDFR/src/ros2_nodes/install/asdfr_interfaces/share/asdfr_interfaces/environment/pythonpath.sh
[0.654s] -- Up-to-date: /home/ram-user/ASDFR/src/ros2_nodes/install/asdfr_interfaces/share/asdfr_interfaces/environment/pythonpath.dsv
[0.654s] -- Up-to-date: /home/ram-user/ASDFR/src/ros2_nodes/install/asdfr_interfaces/local/lib/python3.10/dist-packages/asdfr_interfaces-0.0.0-py3.10.egg-info
[0.655s] -- Installing: /home/ram-user/ASDFR/src/ros2_nodes/install/asdfr_interfaces/local/lib/python3.10/dist-packages/asdfr_interfaces-0.0.0-py3.10.egg-info/dependency_links.txt
[0.655s] -- Installing: /home/ram-user/ASDFR/src/ros2_nodes/install/asdfr_interfaces/local/lib/python3.10/dist-packages/asdfr_interfaces-0.0.0-py3.10.egg-info/top_level.txt
[0.655s] -- Installing: /home/ram-user/ASDFR/src/ros2_nodes/install/asdfr_interfaces/local/lib/python3.10/dist-packages/asdfr_interfaces-0.0.0-py3.10.egg-info/PKG-INFO
[0.655s] -- Installing: /home/ram-user/ASDFR/src/ros2_nodes/install/asdfr_interfaces/local/lib/python3.10/dist-packages/asdfr_interfaces-0.0.0-py3.10.egg-info/SOURCES.txt
[0.656s] -- Up-to-date: /home/ram-user/ASDFR/src/ros2_nodes/install/asdfr_interfaces/local/lib/python3.10/dist-packages/asdfr_interfaces
[0.656s] -- Up-to-date: /home/ram-user/ASDFR/src/ros2_nodes/install/asdfr_interfaces/local/lib/python3.10/dist-packages/asdfr_interfaces/__init__.py
[0.656s] -- Up-to-date: /home/ram-user/ASDFR/src/ros2_nodes/install/asdfr_interfaces/local/lib/python3.10/dist-packages/asdfr_interfaces/_asdfr_interfaces_s.ep.rosidl_typesupport_fastrtps_c.c
[0.657s] -- Up-to-date: /home/ram-user/ASDFR/src/ros2_nodes/install/asdfr_interfaces/local/lib/python3.10/dist-packages/asdfr_interfaces/asdfr_interfaces_s__rosidl_typesupport_introspection_c.cpython-310-x86_64-linux-gnu.so
[0.657s] -- Up-to-date: /home/ram-user/ASDFR/src/ros2_nodes/install/asdfr_interfaces/local/lib/python3.10/dist-packages/asdfr_interfaces/libasdfr_interfaces__rosidl_generator_py.so
[0.657s] -- Up-to-date: /home/ram-user/ASDFR/src/ros2_nodes/install/asdfr_interfaces/local/lib/python3.10/dist-packages/asdfr_interfaces/asdfr_interfaces_s__rosidl_typesupport_c.cpython-310-x86_64-linux-gnu.so
[0.657s] -- Up-to-date: /home/ram-user/ASDFR/src/ros2_nodes/install/asdfr_interfaces/local/lib/python3.10/dist-packages/asdfr_interfaces/_asdfr_interfaces_s.ep.rosidl_typesupport_introspection_c.c
[0.657s] -- Up-to-date: /home/ram-user/ASDFR/src/ros2_nodes/install/asdfr_interfaces/local/lib/python3.10/dist-packages/asdfr_interfaces/_asdfr_interfaces_s.ep.rosidl_typesupport_c.c
[0.658s] -- Up-to-date: /home/ram-user/ASDFR/src/ros2_nodes/install/asdfr_interfaces/local/lib/python3.10/dist-packages/asdfr_interfaces/msg
[0.658s] -- Up-to-date: /home/ram-user/ASDFR/src/ros2_nodes/install/asdfr_interfaces/local/lib/python3.10/dist-packages/asdfr_interfaces/msg/__init__.py
[0.658s] -- Up-to-date: /home/ram-user/ASDFR/src/ros2_nodes/install/asdfr_interfaces/local/lib/python3.10/dist-packages/asdfr_interfaces/msg/_point2.py
[0.658s] -- Up-to-date: /home/ram-user/ASDFR/src/ros2_nodes/install/asdfr_interfaces/local/lib/python3.10/dist-packages/asdfr_interfaces/msg/_point2_s.c
[0.664s] -- Up-to-date: /home/ram-user/ASDFR/src/ros2_nodes/install/asdfr_interfaces/local/lib/python3.10/dist-packages/asdfr_interfaces/asdfr_interfaces_s__rosidl_typesupport_fastrtps_c.cpython-310-x86_64-linux-gnu.so
[0.701s] Listing '/home/ram-user/ASDFR/src/ros2_nodes/install/asdfr_interfaces/local/lib/python3.10/dist-packages/asdfr_interfaces'...
[0.701s] Listing '/home/ram-user/ASDFR/src/ros2_nodes/install/asdfr_interfaces/local/lib/python3.10/dist-packages/asdfr_interfaces/msg'...
[0.711s] -- Up-to-date: /home/ram-user/ASDFR/src/ros2_nodes/install/asdfr_interfaces/local/lib/python3.10/dist-packages/asdfr_interfaces/asdfr_interfaces_s__rosidl_typesupport_fastrtps_c.cpython-310-x86_64-linux-gnu.so
[0.711s] -- Up-to-date: /home/ram-user/ASDFR/src/ros2_nodes/install/asdfr_interfaces/local/lib/python3.10/dist-packages/asdfr_interfaces/asdfr_interfaces_s__rosidl_typesupport_introspection_c.cpython-310-x86_64-linux-gnu.so
[0.711s] -- Up-to-date: /home/ram-user/ASDFR/src/ros2_nodes/install/asdfr_interfaces/local/lib/python3.10/dist-packages/asdfr_interfaces/asdfr_interfaces_s__rosidl_typesupport_c.cpython-310-x86_64-linux-gnu.so
[0.711s] -- Up-to-date: /home/ram-user/ASDFR/src/ros2_nodes/install/asdfr_interfaces/lib/libasdfr_interfaces__rosidl_generator_py.so
[0.712s] -- Up-to-date: /home/ram-user/ASDFR/src/ros2_nodes/install/asdfr_interfaces/share/asdfr_interfaces/msg/Point2.idl
[0.712s] -- Up-to-date: /home/ram-user/ASDFR/src/ros2_nodes/install/asdfr_interfaces/share/asdfr_interfaces/msg/Point2.msg
[0.712s] -- Up-to-date: /home/ram-user/ASDFR/src/ros2_nodes/install/asdfr_interfaces/share/ament_index/resource_index/package_run_dependencies/asdfr_interfaces
[0.712s] -- Up-to-date: /home/ram-user/ASDFR/src/ros2_nodes/install/asdfr_interfaces/share/ament_index/resource_index/parent_prefix_path/asdfr_interfaces
[0.712s] -- Up-to-date: /home/ram-user/ASDFR/src/ros2_nodes/install/asdfr_interfaces/share/asdfr_interfaces/environment/ament_prefix_path.sh
[0.712s] -- Up-to-date: /home/ram-user/ASDFR/src/ros2_nodes/install/asdfr_interfaces/share/asdfr_interfaces/environment/ament_prefix_path.dsv
[0.712s] -- Up-to-date: /home/ram-user/ASDFR/src/ros2_nodes/install/asdfr_interfaces/share/asdfr_interfaces/environment/path.sh
[0.712s] -- Up-to-date: /home/ram-user/ASDFR/src/ros2_nodes/install/asdfr_interfaces/share/asdfr_interfaces/environment/path.dsv
[0.712s] -- Up-to-date: /home/ram-user/ASDFR/src/ros2_nodes/install/asdfr_interfaces/share/asdfr_interfaces/local_setup.bash
[0.712s] -- Up-to-date: /home/ram-user/ASDFR/src/ros2_nodes/install/asdfr_interfaces/share/asdfr_interfaces/local_setup.sh
[0.712s] -- Up-to-date: /home/ram-user/ASDFR/src/ros2_nodes/install/asdfr_interfaces/share/asdfr_interfaces/local_setup.zsh
[0.712s] -- Up-to-date: /home/ram-user/ASDFR/src/ros2_nodes/install/asdfr_interfaces/share/asdfr_interfaces/local_setup.dsv
[0.720s] -- Installing: /home/ram-user/ASDFR/src/ros2_nodes/install/asdfr_interfaces/share/asdfr_interfaces/package.dsv
[0.720s] -- Up-to-date: /home/ram-user/ASDFR/src/ros2_nodes/install/asdfr_interfaces/share/ament_index/resource_index/packages/asdfr_interfaces
[0.720s] -- Up-to-date: /home/ram-user/ASDFR/src/ros2_nodes/install/asdfr_interfaces/share/asdfr_interfaces/cmake/export_asdfr_interfaces__rosidl_generator_cExport.cmake
[0.721s] -- Up-to-date: /home/ram-user/ASDFR/src/ros2_nodes/install/asdfr_interfaces/share/asdfr_interfaces/cmake/export_asdfr_interfaces__rosidl_generator_cExport-noconfig.cmake
[0.721s] -- Up-to-date: /home/ram-user/ASDFR/src/ros2_nodes/install/asdfr_interfaces/share/asdfr_interfaces/cmake/export_asdfr_interfaces__rosidl_typesupport_fastrtps_cExport.cmake
[0.721s] -- Up-to-date: /home/ram-user/ASDFR/src/ros2_nodes/install/asdfr_interfaces/share/asdfr_interfaces/cmake/export_asdfr_interfaces__rosidl_typesupport_fastrtps_cExport-noconfig.cmake
[0.721s] -- Up-to-date: /home/ram-user/ASDFR/src/ros2_nodes/install/asdfr_interfaces/share/asdfr_interfaces/cmake/asdfr_interfaces__rosidl_typesupport_introspection_cExport.cmake
[0.721s] -- Up-to-date: /home/ram-user/ASDFR/src/ros2_nodes/install/asdfr_interfaces/share/asdfr_interfaces/cmake/asdfr_interfaces__rosidl_typesupport_introspection_cExport-noconfig.cmake
[0.721s] -- Up-to-date: /home/ram-user/ASDFR/src/ros2_nodes/install/asdfr_interfaces/share/asdfr_interfaces/cmake/asdfr_interfaces__rosidl_typesupport_cExport.cmake
[0.721s] -- Up-to-date: /home/ram-user/ASDFR/src/ros2_nodes/install/asdfr_interfaces/share/asdfr_interfaces/cmake/asdfr_interfaces__rosidl_typesupport_cExport-noconfig.cmake
[0.721s] -- Up-to-date: /home/ram-user/ASDFR/src/ros2_nodes/install/asdfr_interfaces/share/asdfr_interfaces/cmake/export_asdfr_interfaces__rosidl_generator_cppExport.cmake
[0.721s] -- Up-to-date: /home/ram-user/ASDFR/src/ros2_nodes/install/asdfr_interfaces/share/asdfr_interfaces/cmake/export_asdfr_interfaces__rosidl_typesupport_fastrtps_cppExport.cmake
[0.721s] -- Up-to-date: /home/ram-user/ASDFR/src/ros2_nodes/install/asdfr_interfaces/share/asdfr_interfaces/cmake/export_asdfr_interfaces__rosidl_typesupport_fastrtps_cppExport-noconfig.cmake
[0.721s] -- Up-to-date: /home/ram-user/ASDFR/src/ros2_nodes/install/asdfr_interfaces/share/asdfr_interfaces/cmake/asdfr_interfaces__rosidl_typesupport_introspection_cppExport.cmake
[0.721s] -- Up-to-date: /home/ram-user/ASDFR/src/ros2_nodes/install/asdfr_interfaces/share/asdfr_interfaces/cmake/asdfr_interfaces__rosidl_typesupport_introspection_cppExport-noconfig.cmake
[0.721s] -- Up-to-date: /home/ram-user/ASDFR/src/ros2_nodes/install/asdfr_interfaces/share/asdfr_interfaces/cmake/asdfr_interfaces__rosidl_typesupport_cppExport.cmake
[0.721s] -- Up-to-date: /home/ram-user/ASDFR/src/ros2_nodes/install/asdfr_interfaces/share/asdfr_interfaces/cmake/asdfr_interfaces__rosidl_typesupport_cppExport-noconfig.cmake
[0.721s] -- Up-to-date: /home/ram-user/ASDFR/src/ros2_nodes/install/asdfr_interfaces/share/asdfr_interfaces/cmake/export_asdfr_interfaces__rosidl_generator_pyExport.cmake
[0.721s] -- Up-to-date: /home/ram-user/ASDFR/src/ros2_nodes/install/asdfr_interfaces/share/asdfr_interfaces/cmake/export_asdfr_interfaces__rosidl_generator_pyExport-noconfig.cmake
[0.722s] -- Up-to-date: /home/ram-user/ASDFR/src/ros2_nodes/install/asdfr_interfaces/share/asdfr_interfaces/cmake/rosidl_cmake-extras.cmake
[0.722s] -- Up-to-date: /home/ram-user/ASDFR/src/ros2_nodes/install/asdfr_interfaces/share/asdfr_interfaces/cmake/ament_cmake_export_include_directories-extras.cmake
[0.722s] -- Up-to-date: /home/ram-user/ASDFR/src/ros2_nodes/install/asdfr_interfaces/share/asdfr_interfaces/cmake/ament_cmake_export_libraries-extras.cmake
[0.722s] -- Up-to-date: /home/ram-user/ASDFR/src/ros2_nodes/install/asdfr_interfaces/share/asdfr_interfaces/cmake/ament_cmake_export_targets-extras.cmake
[0.722s] -- Up-to-date: /home/ram-user/ASDFR/src/ros2_nodes/install/asdfr_interfaces/share/asdfr_interfaces/cmake/rosidl_cmake_export_typesupport_targets-extras.cmake
[0.722s] -- Up-to-date: /home/ram-user/ASDFR/src/ros2_nodes/install/asdfr_interfaces/share/asdfr_interfaces/cmake/ament_cmake_export_dependencies-extras.cmake
[0.722s] -- Up-to-date: /home/ram-user/ASDFR/src/ros2_nodes/install/asdfr_interfaces/share/asdfr_interfaces/cmake/rosidl_cmake_export_typesupport_libraries-extras.cmake
[0.722s] -- Up-to-date: /home/ram-user/ASDFR/src/ros2_nodes/install/asdfr_interfaces/share/asdfr_interfaces/cmake/asdfr_interfacesConfig.cmake
[0.722s] -- Up-to-date: /home/ram-user/ASDFR/src/ros2_nodes/install/asdfr_interfaces/share/asdfr_interfaces/cmake/asdfr_interfacesConfig-version.cmake
[0.722s] -- Up-to-date: /home/ram-user/ASDFR/src/ros2_nodes/install/asdfr_interfaces/share/asdfr_interfaces/package.xml
[0.731s] Invoked command in '/home/ram-user/ASDFR/src/ros2_nodes/build/asdfr_interfaces' returned '0': CMAKE_PREFIX_PATH=${CMAKE_PREFIX_PATH}:/opt/ros/humble /usr/bin/cmake --install /home/ram-user/ASDFR/src/ros2_nodes/build/asdfr_interfaces
