[0.356s] DEBUG:colcon:Command line arguments: ['/usr/bin/colcon', 'build']
[0.356s] DEBUG:colcon:Parsed command line arguments: Namespace(log_base=None, log_level=None, verb_name='build', build_base='build', install_base='install', merge_install=False, symlink_install=False, test_result_base=None, continue_on_error=False, executor='parallel', parallel_workers=2, event_handlers=None, ignore_user_meta=False, metas=['./colcon.meta'], base_paths=['.'], packages_ignore=None, packages_ignore_regex=None, paths=None, packages_up_to=None, packages_up_to_regex=None, packages_above=None, packages_above_and_dependencies=None, packages_above_depth=None, packages_select_by_dep=None, packages_skip_by_dep=None, packages_skip_up_to=None, packages_select_build_failed=False, packages_skip_build_finished=False, packages_select_test_failures=False, packages_skip_test_passed=False, packages_select=None, packages_skip=None, packages_select_regex=None, packages_skip_regex=None, packages_start=None, packages_end=None, allow_overriding=[], cmake_args=None, cmake_target=None, cmake_target_skip_unavailable=False, cmake_clean_cache=False, cmake_clean_first=False, cmake_force_configure=False, ament_cmake_args=None, catkin_cmake_args=None, catkin_skip_building_tests=False, verb_parser=<colcon_defaults.argument_parser.defaults.DefaultArgumentsDecorator object at 0x7f94938b7f70>, verb_extension=<colcon_core.verb.build.BuildVerb object at 0x7f9493a9b4c0>, main=<bound method BuildVerb.main of <colcon_core.verb.build.BuildVerb object at 0x7f9493a9b4c0>>)
[0.380s] Level 1:colcon.colcon_core.package_discovery:discover_packages(colcon_meta) check parameters
[0.381s] Level 1:colcon.colcon_core.package_discovery:discover_packages(recursive) check parameters
[0.381s] Level 1:colcon.colcon_core.package_discovery:discover_packages(ignore) check parameters
[0.381s] Level 1:colcon.colcon_core.package_discovery:discover_packages(path) check parameters
[0.381s] Level 1:colcon.colcon_core.package_discovery:discover_packages(colcon_meta) discover
[0.381s] Level 1:colcon.colcon_core.package_discovery:discover_packages(recursive) discover
[0.381s] INFO:colcon.colcon_core.package_discovery:Crawling recursively for packages in '/home/ram-user/ASDFR'
[0.381s] Level 1:colcon.colcon_core.package_identification:_identify(.) by extensions ['ignore', 'ignore_ament_install']
[0.381s] Level 1:colcon.colcon_core.package_identification:_identify(.) by extension 'ignore'
[0.381s] Level 1:colcon.colcon_core.package_identification:_identify(.) by extension 'ignore_ament_install'
[0.381s] Level 1:colcon.colcon_core.package_identification:_identify(.) by extensions ['colcon_pkg']
[0.381s] Level 1:colcon.colcon_core.package_identification:_identify(.) by extension 'colcon_pkg'
[0.381s] Level 1:colcon.colcon_core.package_identification:_identify(.) by extensions ['colcon_meta']
[0.381s] Level 1:colcon.colcon_core.package_identification:_identify(.) by extension 'colcon_meta'
[0.381s] Level 1:colcon.colcon_core.package_identification:_identify(.) by extensions ['ros']
[0.381s] Level 1:colcon.colcon_core.package_identification:_identify(.) by extension 'ros'
[0.392s] Level 1:colcon.colcon_core.package_identification:_identify(.) by extensions ['cmake', 'python']
[0.392s] Level 1:colcon.colcon_core.package_identification:_identify(.) by extension 'cmake'
[0.393s] Level 1:colcon.colcon_core.package_identification:_identify(.) by extension 'python'
[0.393s] Level 1:colcon.colcon_core.package_identification:_identify(.) by extensions ['python_setup_py']
[0.393s] Level 1:colcon.colcon_core.package_identification:_identify(.) by extension 'python_setup_py'
[0.393s] Level 1:colcon.colcon_core.package_identification:_identify(build) by extensions ['ignore', 'ignore_ament_install']
[0.393s] Level 1:colcon.colcon_core.package_identification:_identify(build) by extension 'ignore'
[0.393s] Level 1:colcon.colcon_core.package_identification:_identify(build) ignored
[0.393s] Level 1:colcon.colcon_core.package_identification:_identify(install) by extensions ['ignore', 'ignore_ament_install']
[0.393s] Level 1:colcon.colcon_core.package_identification:_identify(install) by extension 'ignore'
[0.393s] Level 1:colcon.colcon_core.package_identification:_identify(install) ignored
[0.394s] Level 1:colcon.colcon_core.package_identification:_identify(log) by extensions ['ignore', 'ignore_ament_install']
[0.394s] Level 1:colcon.colcon_core.package_identification:_identify(log) by extension 'ignore'
[0.394s] Level 1:colcon.colcon_core.package_identification:_identify(log) ignored
[0.394s] Level 1:colcon.colcon_core.package_identification:_identify(src) by extensions ['ignore', 'ignore_ament_install']
[0.394s] Level 1:colcon.colcon_core.package_identification:_identify(src) by extension 'ignore'
[0.394s] Level 1:colcon.colcon_core.package_identification:_identify(src) by extension 'ignore_ament_install'
[0.394s] Level 1:colcon.colcon_core.package_identification:_identify(src) by extensions ['colcon_pkg']
[0.394s] Level 1:colcon.colcon_core.package_identification:_identify(src) by extension 'colcon_pkg'
[0.394s] Level 1:colcon.colcon_core.package_identification:_identify(src) by extensions ['colcon_meta']
[0.394s] Level 1:colcon.colcon_core.package_identification:_identify(src) by extension 'colcon_meta'
[0.394s] Level 1:colcon.colcon_core.package_identification:_identify(src) by extensions ['ros']
[0.394s] Level 1:colcon.colcon_core.package_identification:_identify(src) by extension 'ros'
[0.394s] Level 1:colcon.colcon_core.package_identification:_identify(src) by extensions ['cmake', 'python']
[0.394s] Level 1:colcon.colcon_core.package_identification:_identify(src) by extension 'cmake'
[0.394s] Level 1:colcon.colcon_core.package_identification:_identify(src) by extension 'python'
[0.395s] Level 1:colcon.colcon_core.package_identification:_identify(src) by extensions ['python_setup_py']
[0.395s] Level 1:colcon.colcon_core.package_identification:_identify(src) by extension 'python_setup_py'
[0.395s] Level 1:colcon.colcon_core.package_identification:_identify(src/build) by extensions ['ignore', 'ignore_ament_install']
[0.395s] Level 1:colcon.colcon_core.package_identification:_identify(src/build) by extension 'ignore'
[0.395s] Level 1:colcon.colcon_core.package_identification:_identify(src/build) by extension 'ignore_ament_install'
[0.395s] Level 1:colcon.colcon_core.package_identification:_identify(src/build) by extensions ['colcon_pkg']
[0.395s] Level 1:colcon.colcon_core.package_identification:_identify(src/build) by extension 'colcon_pkg'
[0.395s] Level 1:colcon.colcon_core.package_identification:_identify(src/build) by extensions ['colcon_meta']
[0.395s] Level 1:colcon.colcon_core.package_identification:_identify(src/build) by extension 'colcon_meta'
[0.395s] Level 1:colcon.colcon_core.package_identification:_identify(src/build) by extensions ['ros']
[0.395s] Level 1:colcon.colcon_core.package_identification:_identify(src/build) by extension 'ros'
[0.395s] Level 1:colcon.colcon_core.package_identification:_identify(src/build) by extensions ['cmake', 'python']
[0.395s] Level 1:colcon.colcon_core.package_identification:_identify(src/build) by extension 'cmake'
[0.395s] Level 1:colcon.colcon_core.package_identification:_identify(src/build) by extension 'python'
[0.395s] Level 1:colcon.colcon_core.package_identification:_identify(src/build) by extensions ['python_setup_py']
[0.395s] Level 1:colcon.colcon_core.package_identification:_identify(src/build) by extension 'python_setup_py'
[0.395s] Level 1:colcon.colcon_core.package_identification:_identify(src/image_processing) by extensions ['ignore', 'ignore_ament_install']
[0.395s] Level 1:colcon.colcon_core.package_identification:_identify(src/image_processing) by extension 'ignore'
[0.396s] Level 1:colcon.colcon_core.package_identification:_identify(src/image_processing) by extension 'ignore_ament_install'
[0.396s] Level 1:colcon.colcon_core.package_identification:_identify(src/image_processing) by extensions ['colcon_pkg']
[0.396s] Level 1:colcon.colcon_core.package_identification:_identify(src/image_processing) by extension 'colcon_pkg'
[0.396s] Level 1:colcon.colcon_core.package_identification:_identify(src/image_processing) by extensions ['colcon_meta']
[0.396s] Level 1:colcon.colcon_core.package_identification:_identify(src/image_processing) by extension 'colcon_meta'
[0.396s] Level 1:colcon.colcon_core.package_identification:_identify(src/image_processing) by extensions ['ros']
[0.396s] Level 1:colcon.colcon_core.package_identification:_identify(src/image_processing) by extension 'ros'
[0.399s] DEBUG:colcon.colcon_core.package_identification:Package 'src/image_processing' with type 'ros.ament_cmake' and name 'image_processing'
[0.399s] Level 1:colcon.colcon_core.package_identification:_identify(src/install) by extensions ['ignore', 'ignore_ament_install']
[0.399s] Level 1:colcon.colcon_core.package_identification:_identify(src/install) by extension 'ignore'
[0.399s] Level 1:colcon.colcon_core.package_identification:_identify(src/install) by extension 'ignore_ament_install'
[0.399s] Level 1:colcon.colcon_core.package_identification:_identify(src/install) by extensions ['colcon_pkg']
[0.399s] Level 1:colcon.colcon_core.package_identification:_identify(src/install) by extension 'colcon_pkg'
[0.399s] Level 1:colcon.colcon_core.package_identification:_identify(src/install) by extensions ['colcon_meta']
[0.399s] Level 1:colcon.colcon_core.package_identification:_identify(src/install) by extension 'colcon_meta'
[0.399s] Level 1:colcon.colcon_core.package_identification:_identify(src/install) by extensions ['ros']
[0.399s] Level 1:colcon.colcon_core.package_identification:_identify(src/install) by extension 'ros'
[0.399s] Level 1:colcon.colcon_core.package_identification:_identify(src/install) by extensions ['cmake', 'python']
[0.399s] Level 1:colcon.colcon_core.package_identification:_identify(src/install) by extension 'cmake'
[0.399s] Level 1:colcon.colcon_core.package_identification:_identify(src/install) by extension 'python'
[0.399s] Level 1:colcon.colcon_core.package_identification:_identify(src/install) by extensions ['python_setup_py']
[0.399s] Level 1:colcon.colcon_core.package_identification:_identify(src/install) by extension 'python_setup_py'
[0.400s] Level 1:colcon.colcon_core.package_identification:_identify(src/log) by extensions ['ignore', 'ignore_ament_install']
[0.400s] Level 1:colcon.colcon_core.package_identification:_identify(src/log) by extension 'ignore'
[0.400s] Level 1:colcon.colcon_core.package_identification:_identify(src/log) ignored
[0.400s] Level 1:colcon.colcon_core.package_identification:_identify(src/ros2_nodes) by extensions ['ignore', 'ignore_ament_install']
[0.400s] Level 1:colcon.colcon_core.package_identification:_identify(src/ros2_nodes) by extension 'ignore'
[0.400s] Level 1:colcon.colcon_core.package_identification:_identify(src/ros2_nodes) by extension 'ignore_ament_install'
[0.400s] Level 1:colcon.colcon_core.package_identification:_identify(src/ros2_nodes) by extensions ['colcon_pkg']
[0.400s] Level 1:colcon.colcon_core.package_identification:_identify(src/ros2_nodes) by extension 'colcon_pkg'
[0.400s] Level 1:colcon.colcon_core.package_identification:_identify(src/ros2_nodes) by extensions ['colcon_meta']
[0.400s] Level 1:colcon.colcon_core.package_identification:_identify(src/ros2_nodes) by extension 'colcon_meta'
[0.400s] Level 1:colcon.colcon_core.package_identification:_identify(src/ros2_nodes) by extensions ['ros']
[0.400s] Level 1:colcon.colcon_core.package_identification:_identify(src/ros2_nodes) by extension 'ros'
[0.400s] Level 1:colcon.colcon_core.package_identification:_identify(src/ros2_nodes) by extensions ['cmake', 'python']
[0.400s] Level 1:colcon.colcon_core.package_identification:_identify(src/ros2_nodes) by extension 'cmake'
[0.400s] Level 1:colcon.colcon_core.package_identification:_identify(src/ros2_nodes) by extension 'python'
[0.400s] Level 1:colcon.colcon_core.package_identification:_identify(src/ros2_nodes) by extensions ['python_setup_py']
[0.400s] Level 1:colcon.colcon_core.package_identification:_identify(src/ros2_nodes) by extension 'python_setup_py'
[0.401s] Level 1:colcon.colcon_core.package_identification:_identify(src/ros2_nodes/build) by extensions ['ignore', 'ignore_ament_install']
[0.401s] Level 1:colcon.colcon_core.package_identification:_identify(src/ros2_nodes/build) by extension 'ignore'
[0.401s] Level 1:colcon.colcon_core.package_identification:_identify(src/ros2_nodes/build) ignored
[0.401s] Level 1:colcon.colcon_core.package_identification:_identify(src/ros2_nodes/install) by extensions ['ignore', 'ignore_ament_install']
[0.401s] Level 1:colcon.colcon_core.package_identification:_identify(src/ros2_nodes/install) by extension 'ignore'
[0.401s] Level 1:colcon.colcon_core.package_identification:_identify(src/ros2_nodes/install) ignored
[0.401s] Level 1:colcon.colcon_core.package_identification:_identify(src/ros2_nodes/launch) by extensions ['ignore', 'ignore_ament_install']
[0.402s] Level 1:colcon.colcon_core.package_identification:_identify(src/ros2_nodes/launch) by extension 'ignore'
[0.402s] Level 1:colcon.colcon_core.package_identification:_identify(src/ros2_nodes/launch) by extension 'ignore_ament_install'
[0.402s] Level 1:colcon.colcon_core.package_identification:_identify(src/ros2_nodes/launch) by extensions ['colcon_pkg']
[0.402s] Level 1:colcon.colcon_core.package_identification:_identify(src/ros2_nodes/launch) by extension 'colcon_pkg'
[0.402s] Level 1:colcon.colcon_core.package_identification:_identify(src/ros2_nodes/launch) by extensions ['colcon_meta']
[0.402s] Level 1:colcon.colcon_core.package_identification:_identify(src/ros2_nodes/launch) by extension 'colcon_meta'
[0.402s] Level 1:colcon.colcon_core.package_identification:_identify(src/ros2_nodes/launch) by extensions ['ros']
[0.402s] Level 1:colcon.colcon_core.package_identification:_identify(src/ros2_nodes/launch) by extension 'ros'
[0.402s] Level 1:colcon.colcon_core.package_identification:_identify(src/ros2_nodes/launch) by extensions ['cmake', 'python']
[0.402s] Level 1:colcon.colcon_core.package_identification:_identify(src/ros2_nodes/launch) by extension 'cmake'
[0.402s] Level 1:colcon.colcon_core.package_identification:_identify(src/ros2_nodes/launch) by extension 'python'
[0.402s] Level 1:colcon.colcon_core.package_identification:_identify(src/ros2_nodes/launch) by extensions ['python_setup_py']
[0.402s] Level 1:colcon.colcon_core.package_identification:_identify(src/ros2_nodes/launch) by extension 'python_setup_py'
[0.402s] Level 1:colcon.colcon_core.package_identification:_identify(src/ros2_nodes/launch/__pycache__) by extensions ['ignore', 'ignore_ament_install']
[0.402s] Level 1:colcon.colcon_core.package_identification:_identify(src/ros2_nodes/launch/__pycache__) by extension 'ignore'
[0.402s] Level 1:colcon.colcon_core.package_identification:_identify(src/ros2_nodes/launch/__pycache__) by extension 'ignore_ament_install'
[0.402s] Level 1:colcon.colcon_core.package_identification:_identify(src/ros2_nodes/launch/__pycache__) by extensions ['colcon_pkg']
[0.402s] Level 1:colcon.colcon_core.package_identification:_identify(src/ros2_nodes/launch/__pycache__) by extension 'colcon_pkg'
[0.402s] Level 1:colcon.colcon_core.package_identification:_identify(src/ros2_nodes/launch/__pycache__) by extensions ['colcon_meta']
[0.402s] Level 1:colcon.colcon_core.package_identification:_identify(src/ros2_nodes/launch/__pycache__) by extension 'colcon_meta'
[0.403s] Level 1:colcon.colcon_core.package_identification:_identify(src/ros2_nodes/launch/__pycache__) by extensions ['ros']
[0.403s] Level 1:colcon.colcon_core.package_identification:_identify(src/ros2_nodes/launch/__pycache__) by extension 'ros'
[0.403s] Level 1:colcon.colcon_core.package_identification:_identify(src/ros2_nodes/launch/__pycache__) by extensions ['cmake', 'python']
[0.403s] Level 1:colcon.colcon_core.package_identification:_identify(src/ros2_nodes/launch/__pycache__) by extension 'cmake'
[0.403s] Level 1:colcon.colcon_core.package_identification:_identify(src/ros2_nodes/launch/__pycache__) by extension 'python'
[0.403s] Level 1:colcon.colcon_core.package_identification:_identify(src/ros2_nodes/launch/__pycache__) by extensions ['python_setup_py']
[0.403s] Level 1:colcon.colcon_core.package_identification:_identify(src/ros2_nodes/launch/__pycache__) by extension 'python_setup_py'
[0.403s] Level 1:colcon.colcon_core.package_identification:_identify(src/ros2_nodes/launch/build) by extensions ['ignore', 'ignore_ament_install']
[0.403s] Level 1:colcon.colcon_core.package_identification:_identify(src/ros2_nodes/launch/build) by extension 'ignore'
[0.403s] Level 1:colcon.colcon_core.package_identification:_identify(src/ros2_nodes/launch/build) ignored
[0.403s] Level 1:colcon.colcon_core.package_identification:_identify(src/ros2_nodes/launch/install) by extensions ['ignore', 'ignore_ament_install']
[0.403s] Level 1:colcon.colcon_core.package_identification:_identify(src/ros2_nodes/launch/install) by extension 'ignore'
[0.403s] Level 1:colcon.colcon_core.package_identification:_identify(src/ros2_nodes/launch/install) ignored
[0.403s] Level 1:colcon.colcon_core.package_identification:_identify(src/ros2_nodes/launch/log) by extensions ['ignore', 'ignore_ament_install']
[0.403s] Level 1:colcon.colcon_core.package_identification:_identify(src/ros2_nodes/launch/log) by extension 'ignore'
[0.403s] Level 1:colcon.colcon_core.package_identification:_identify(src/ros2_nodes/launch/log) ignored
[0.404s] Level 1:colcon.colcon_core.package_identification:_identify(src/ros2_nodes/log) by extensions ['ignore', 'ignore_ament_install']
[0.404s] Level 1:colcon.colcon_core.package_identification:_identify(src/ros2_nodes/log) by extension 'ignore'
[0.404s] Level 1:colcon.colcon_core.package_identification:_identify(src/ros2_nodes/log) ignored
[0.404s] Level 1:colcon.colcon_core.package_identification:_identify(src/ros2_nodes/src) by extensions ['ignore', 'ignore_ament_install']
[0.404s] Level 1:colcon.colcon_core.package_identification:_identify(src/ros2_nodes/src) by extension 'ignore'
[0.404s] Level 1:colcon.colcon_core.package_identification:_identify(src/ros2_nodes/src) by extension 'ignore_ament_install'
[0.404s] Level 1:colcon.colcon_core.package_identification:_identify(src/ros2_nodes/src) by extensions ['colcon_pkg']
[0.404s] Level 1:colcon.colcon_core.package_identification:_identify(src/ros2_nodes/src) by extension 'colcon_pkg'
[0.405s] Level 1:colcon.colcon_core.package_identification:_identify(src/ros2_nodes/src) by extensions ['colcon_meta']
[0.405s] Level 1:colcon.colcon_core.package_identification:_identify(src/ros2_nodes/src) by extension 'colcon_meta'
[0.405s] Level 1:colcon.colcon_core.package_identification:_identify(src/ros2_nodes/src) by extensions ['ros']
[0.405s] Level 1:colcon.colcon_core.package_identification:_identify(src/ros2_nodes/src) by extension 'ros'
[0.405s] Level 1:colcon.colcon_core.package_identification:_identify(src/ros2_nodes/src) by extensions ['cmake', 'python']
[0.405s] Level 1:colcon.colcon_core.package_identification:_identify(src/ros2_nodes/src) by extension 'cmake'
[0.405s] Level 1:colcon.colcon_core.package_identification:_identify(src/ros2_nodes/src) by extension 'python'
[0.405s] Level 1:colcon.colcon_core.package_identification:_identify(src/ros2_nodes/src) by extensions ['python_setup_py']
[0.405s] Level 1:colcon.colcon_core.package_identification:_identify(src/ros2_nodes/src) by extension 'python_setup_py'
[0.405s] Level 1:colcon.colcon_core.package_identification:_identify(src/ros2_nodes/src/asdfr_interfaces) by extensions ['ignore', 'ignore_ament_install']
[0.405s] Level 1:colcon.colcon_core.package_identification:_identify(src/ros2_nodes/src/asdfr_interfaces) by extension 'ignore'
[0.405s] Level 1:colcon.colcon_core.package_identification:_identify(src/ros2_nodes/src/asdfr_interfaces) by extension 'ignore_ament_install'
[0.405s] Level 1:colcon.colcon_core.package_identification:_identify(src/ros2_nodes/src/asdfr_interfaces) by extensions ['colcon_pkg']
[0.405s] Level 1:colcon.colcon_core.package_identification:_identify(src/ros2_nodes/src/asdfr_interfaces) by extension 'colcon_pkg'
[0.405s] Level 1:colcon.colcon_core.package_identification:_identify(src/ros2_nodes/src/asdfr_interfaces) by extensions ['colcon_meta']
[0.405s] Level 1:colcon.colcon_core.package_identification:_identify(src/ros2_nodes/src/asdfr_interfaces) by extension 'colcon_meta'
[0.405s] Level 1:colcon.colcon_core.package_identification:_identify(src/ros2_nodes/src/asdfr_interfaces) by extensions ['ros']
[0.405s] Level 1:colcon.colcon_core.package_identification:_identify(src/ros2_nodes/src/asdfr_interfaces) by extension 'ros'
[0.406s] DEBUG:colcon.colcon_core.package_identification:Package 'src/ros2_nodes/src/asdfr_interfaces' with type 'ros.ament_cmake' and name 'asdfr_interfaces'
[0.406s] Level 1:colcon.colcon_core.package_identification:_identify(src/ros2_nodes/src/build) by extensions ['ignore', 'ignore_ament_install']
[0.406s] Level 1:colcon.colcon_core.package_identification:_identify(src/ros2_nodes/src/build) by extension 'ignore'
[0.406s] Level 1:colcon.colcon_core.package_identification:_identify(src/ros2_nodes/src/build) ignored
[0.406s] Level 1:colcon.colcon_core.package_identification:_identify(src/ros2_nodes/src/install) by extensions ['ignore', 'ignore_ament_install']
[0.406s] Level 1:colcon.colcon_core.package_identification:_identify(src/ros2_nodes/src/install) by extension 'ignore'
[0.406s] Level 1:colcon.colcon_core.package_identification:_identify(src/ros2_nodes/src/install) ignored
[0.406s] Level 1:colcon.colcon_core.package_identification:_identify(src/ros2_nodes/src/jiwy_controller) by extensions ['ignore', 'ignore_ament_install']
[0.406s] Level 1:colcon.colcon_core.package_identification:_identify(src/ros2_nodes/src/jiwy_controller) by extension 'ignore'
[0.407s] Level 1:colcon.colcon_core.package_identification:_identify(src/ros2_nodes/src/jiwy_controller) by extension 'ignore_ament_install'
[0.407s] Level 1:colcon.colcon_core.package_identification:_identify(src/ros2_nodes/src/jiwy_controller) by extensions ['colcon_pkg']
[0.407s] Level 1:colcon.colcon_core.package_identification:_identify(src/ros2_nodes/src/jiwy_controller) by extension 'colcon_pkg'
[0.407s] Level 1:colcon.colcon_core.package_identification:_identify(src/ros2_nodes/src/jiwy_controller) by extensions ['colcon_meta']
[0.407s] Level 1:colcon.colcon_core.package_identification:_identify(src/ros2_nodes/src/jiwy_controller) by extension 'colcon_meta'
[0.407s] Level 1:colcon.colcon_core.package_identification:_identify(src/ros2_nodes/src/jiwy_controller) by extensions ['ros']
[0.407s] Level 1:colcon.colcon_core.package_identification:_identify(src/ros2_nodes/src/jiwy_controller) by extension 'ros'
[0.408s] DEBUG:colcon.colcon_core.package_identification:Package 'src/ros2_nodes/src/jiwy_controller' with type 'ros.ament_cmake' and name 'jiwy_controller'
[0.408s] Level 1:colcon.colcon_core.package_identification:_identify(src/ros2_nodes/src/jiwy_simulator) by extensions ['ignore', 'ignore_ament_install']
[0.408s] Level 1:colcon.colcon_core.package_identification:_identify(src/ros2_nodes/src/jiwy_simulator) by extension 'ignore'
[0.408s] Level 1:colcon.colcon_core.package_identification:_identify(src/ros2_nodes/src/jiwy_simulator) by extension 'ignore_ament_install'
[0.408s] Level 1:colcon.colcon_core.package_identification:_identify(src/ros2_nodes/src/jiwy_simulator) by extensions ['colcon_pkg']
[0.408s] Level 1:colcon.colcon_core.package_identification:_identify(src/ros2_nodes/src/jiwy_simulator) by extension 'colcon_pkg'
[0.408s] Level 1:colcon.colcon_core.package_identification:_identify(src/ros2_nodes/src/jiwy_simulator) by extensions ['colcon_meta']
[0.408s] Level 1:colcon.colcon_core.package_identification:_identify(src/ros2_nodes/src/jiwy_simulator) by extension 'colcon_meta'
[0.408s] Level 1:colcon.colcon_core.package_identification:_identify(src/ros2_nodes/src/jiwy_simulator) by extensions ['ros']
[0.408s] Level 1:colcon.colcon_core.package_identification:_identify(src/ros2_nodes/src/jiwy_simulator) by extension 'ros'
[0.409s] DEBUG:colcon.colcon_core.package_identification:Package 'src/ros2_nodes/src/jiwy_simulator' with type 'ros.ament_cmake' and name 'jiwy_simulator'
[0.409s] Level 1:colcon.colcon_core.package_identification:_identify(src/ros2_nodes/src/log) by extensions ['ignore', 'ignore_ament_install']
[0.409s] Level 1:colcon.colcon_core.package_identification:_identify(src/ros2_nodes/src/log) by extension 'ignore'
[0.409s] Level 1:colcon.colcon_core.package_identification:_identify(src/ros2_nodes/src/log) ignored
[0.409s] Level 1:colcon.colcon_core.package_discovery:discover_packages(recursive) using defaults
[0.410s] Level 1:colcon.colcon_core.package_discovery:discover_packages(ignore) discover
[0.410s] Level 1:colcon.colcon_core.package_discovery:discover_packages(ignore) using defaults
[0.410s] Level 1:colcon.colcon_core.package_discovery:discover_packages(path) discover
[0.410s] Level 1:colcon.colcon_core.package_discovery:discover_packages(path) using defaults
[0.430s] Level 1:colcon.colcon_core.package_discovery:discover_packages(prefix_path) check parameters
[0.430s] Level 1:colcon.colcon_core.package_discovery:discover_packages(prefix_path) discover
[0.433s] DEBUG:colcon.colcon_installed_package_information.package_discovery:Found 284 installed packages in /opt/ros/humble
[0.435s] Level 1:colcon.colcon_core.package_discovery:discover_packages(prefix_path) using defaults
[0.496s] Level 5:colcon.colcon_core.verb:set package 'asdfr_interfaces' build argument 'cmake_args' from command line to 'None'
[0.496s] Level 5:colcon.colcon_core.verb:set package 'asdfr_interfaces' build argument 'cmake_target' from command line to 'None'
[0.496s] Level 5:colcon.colcon_core.verb:set package 'asdfr_interfaces' build argument 'cmake_target_skip_unavailable' from command line to 'False'
[0.496s] Level 5:colcon.colcon_core.verb:set package 'asdfr_interfaces' build argument 'cmake_clean_cache' from command line to 'False'
[0.496s] Level 5:colcon.colcon_core.verb:set package 'asdfr_interfaces' build argument 'cmake_clean_first' from command line to 'False'
[0.496s] Level 5:colcon.colcon_core.verb:set package 'asdfr_interfaces' build argument 'cmake_force_configure' from command line to 'False'
[0.496s] Level 5:colcon.colcon_core.verb:set package 'asdfr_interfaces' build argument 'ament_cmake_args' from command line to 'None'
[0.496s] Level 5:colcon.colcon_core.verb:set package 'asdfr_interfaces' build argument 'catkin_cmake_args' from command line to 'None'
[0.496s] Level 5:colcon.colcon_core.verb:set package 'asdfr_interfaces' build argument 'catkin_skip_building_tests' from command line to 'False'
[0.496s] DEBUG:colcon.colcon_core.verb:Building package 'asdfr_interfaces' with the following arguments: {'ament_cmake_args': None, 'build_base': '/home/ram-user/ASDFR/build/asdfr_interfaces', 'catkin_cmake_args': None, 'catkin_skip_building_tests': False, 'cmake_args': None, 'cmake_clean_cache': False, 'cmake_clean_first': False, 'cmake_force_configure': False, 'cmake_target': None, 'cmake_target_skip_unavailable': False, 'install_base': '/home/ram-user/ASDFR/install/asdfr_interfaces', 'merge_install': False, 'path': '/home/ram-user/ASDFR/src/ros2_nodes/src/asdfr_interfaces', 'symlink_install': False, 'test_result_base': None}
[0.497s] Level 5:colcon.colcon_core.verb:set package 'image_processing' build argument 'cmake_args' from command line to 'None'
[0.497s] Level 5:colcon.colcon_core.verb:set package 'image_processing' build argument 'cmake_target' from command line to 'None'
[0.497s] Level 5:colcon.colcon_core.verb:set package 'image_processing' build argument 'cmake_target_skip_unavailable' from command line to 'False'
[0.497s] Level 5:colcon.colcon_core.verb:set package 'image_processing' build argument 'cmake_clean_cache' from command line to 'False'
[0.498s] Level 5:colcon.colcon_core.verb:set package 'image_processing' build argument 'cmake_clean_first' from command line to 'False'
[0.498s] Level 5:colcon.colcon_core.verb:set package 'image_processing' build argument 'cmake_force_configure' from command line to 'False'
[0.498s] Level 5:colcon.colcon_core.verb:set package 'image_processing' build argument 'ament_cmake_args' from command line to 'None'
[0.498s] Level 5:colcon.colcon_core.verb:set package 'image_processing' build argument 'catkin_cmake_args' from command line to 'None'
[0.498s] Level 5:colcon.colcon_core.verb:set package 'image_processing' build argument 'catkin_skip_building_tests' from command line to 'False'
[0.498s] DEBUG:colcon.colcon_core.verb:Building package 'image_processing' with the following arguments: {'ament_cmake_args': None, 'build_base': '/home/ram-user/ASDFR/build/image_processing', 'catkin_cmake_args': None, 'catkin_skip_building_tests': False, 'cmake_args': None, 'cmake_clean_cache': False, 'cmake_clean_first': False, 'cmake_force_configure': False, 'cmake_target': None, 'cmake_target_skip_unavailable': False, 'install_base': '/home/ram-user/ASDFR/install/image_processing', 'merge_install': False, 'path': '/home/ram-user/ASDFR/src/image_processing', 'symlink_install': False, 'test_result_base': None}
[0.498s] Level 5:colcon.colcon_core.verb:set package 'jiwy_controller' build argument 'cmake_args' from command line to 'None'
[0.498s] Level 5:colcon.colcon_core.verb:set package 'jiwy_controller' build argument 'cmake_target' from command line to 'None'
[0.499s] Level 5:colcon.colcon_core.verb:set package 'jiwy_controller' build argument 'cmake_target_skip_unavailable' from command line to 'False'
[0.499s] Level 5:colcon.colcon_core.verb:set package 'jiwy_controller' build argument 'cmake_clean_cache' from command line to 'False'
[0.499s] Level 5:colcon.colcon_core.verb:set package 'jiwy_controller' build argument 'cmake_clean_first' from command line to 'False'
[0.499s] Level 5:colcon.colcon_core.verb:set package 'jiwy_controller' build argument 'cmake_force_configure' from command line to 'False'
[0.499s] Level 5:colcon.colcon_core.verb:set package 'jiwy_controller' build argument 'ament_cmake_args' from command line to 'None'
[0.499s] Level 5:colcon.colcon_core.verb:set package 'jiwy_controller' build argument 'catkin_cmake_args' from command line to 'None'
[0.499s] Level 5:colcon.colcon_core.verb:set package 'jiwy_controller' build argument 'catkin_skip_building_tests' from command line to 'False'
[0.499s] DEBUG:colcon.colcon_core.verb:Building package 'jiwy_controller' with the following arguments: {'ament_cmake_args': None, 'build_base': '/home/ram-user/ASDFR/build/jiwy_controller', 'catkin_cmake_args': None, 'catkin_skip_building_tests': False, 'cmake_args': None, 'cmake_clean_cache': False, 'cmake_clean_first': False, 'cmake_force_configure': False, 'cmake_target': None, 'cmake_target_skip_unavailable': False, 'install_base': '/home/ram-user/ASDFR/install/jiwy_controller', 'merge_install': False, 'path': '/home/ram-user/ASDFR/src/ros2_nodes/src/jiwy_controller', 'symlink_install': False, 'test_result_base': None}
[0.499s] Level 5:colcon.colcon_core.verb:set package 'jiwy_simulator' build argument 'cmake_args' from command line to 'None'
[0.500s] Level 5:colcon.colcon_core.verb:set package 'jiwy_simulator' build argument 'cmake_target' from command line to 'None'
[0.500s] Level 5:colcon.colcon_core.verb:set package 'jiwy_simulator' build argument 'cmake_target_skip_unavailable' from command line to 'False'
[0.500s] Level 5:colcon.colcon_core.verb:set package 'jiwy_simulator' build argument 'cmake_clean_cache' from command line to 'False'
[0.500s] Level 5:colcon.colcon_core.verb:set package 'jiwy_simulator' build argument 'cmake_clean_first' from command line to 'False'
[0.500s] Level 5:colcon.colcon_core.verb:set package 'jiwy_simulator' build argument 'cmake_force_configure' from command line to 'False'
[0.500s] Level 5:colcon.colcon_core.verb:set package 'jiwy_simulator' build argument 'ament_cmake_args' from command line to 'None'
[0.500s] Level 5:colcon.colcon_core.verb:set package 'jiwy_simulator' build argument 'catkin_cmake_args' from command line to 'None'
[0.500s] Level 5:colcon.colcon_core.verb:set package 'jiwy_simulator' build argument 'catkin_skip_building_tests' from command line to 'False'
[0.500s] DEBUG:colcon.colcon_core.verb:Building package 'jiwy_simulator' with the following arguments: {'ament_cmake_args': None, 'build_base': '/home/ram-user/ASDFR/build/jiwy_simulator', 'catkin_cmake_args': None, 'catkin_skip_building_tests': False, 'cmake_args': None, 'cmake_clean_cache': False, 'cmake_clean_first': False, 'cmake_force_configure': False, 'cmake_target': None, 'cmake_target_skip_unavailable': False, 'install_base': '/home/ram-user/ASDFR/install/jiwy_simulator', 'merge_install': False, 'path': '/home/ram-user/ASDFR/src/ros2_nodes/src/jiwy_simulator', 'symlink_install': False, 'test_result_base': None}
[0.500s] INFO:colcon.colcon_core.executor:Executing jobs using 'parallel' executor
[0.503s] DEBUG:colcon.colcon_parallel_executor.executor.parallel:run_until_complete
[0.503s] INFO:colcon.colcon_ros.task.ament_cmake.build:Building ROS package in '/home/ram-user/ASDFR/src/ros2_nodes/src/asdfr_interfaces' with build type 'ament_cmake'
[0.504s] INFO:colcon.colcon_cmake.task.cmake.build:Building CMake package in '/home/ram-user/ASDFR/src/ros2_nodes/src/asdfr_interfaces'
[0.507s] INFO:colcon.colcon_core.plugin_system:Skipping extension 'colcon_core.shell.bat': Not used on non-Windows systems
[0.508s] INFO:colcon.colcon_core.shell:Skip shell extension 'powershell' for command environment: Not usable outside of PowerShell
[0.508s] DEBUG:colcon.colcon_core.shell:Skip shell extension 'dsv' for command environment
[0.512s] INFO:colcon.colcon_ros.task.ament_cmake.build:Building ROS package in '/home/ram-user/ASDFR/src/image_processing' with build type 'ament_cmake'
[0.512s] INFO:colcon.colcon_cmake.task.cmake.build:Building CMake package in '/home/ram-user/ASDFR/src/image_processing'
[0.513s] INFO:colcon.colcon_core.shell:Skip shell extension 'powershell' for command environment: Not usable outside of PowerShell
[0.514s] DEBUG:colcon.colcon_core.shell:Skip shell extension 'dsv' for command environment
[0.542s] DEBUG:colcon.colcon_core.event_handler.log_command:Invoking command in '/home/ram-user/ASDFR/build/asdfr_interfaces': CMAKE_PREFIX_PATH=/opt/ros/humble /usr/bin/cmake --build /home/ram-user/ASDFR/build/asdfr_interfaces -- -j2 -l2
[0.552s] DEBUG:colcon.colcon_core.event_handler.log_command:Invoking command in '/home/ram-user/ASDFR/build/image_processing': CMAKE_PREFIX_PATH=/opt/ros/humble /usr/bin/cmake --build /home/ram-user/ASDFR/build/image_processing -- -j2 -l2
[0.819s] DEBUG:colcon.colcon_core.event_handler.log_command:Invoked command in '/home/ram-user/ASDFR/build/image_processing' returned '0': CMAKE_PREFIX_PATH=/opt/ros/humble /usr/bin/cmake --build /home/ram-user/ASDFR/build/image_processing -- -j2 -l2
[0.945s] DEBUG:colcon.colcon_core.event_handler.log_command:Invoking command in '/home/ram-user/ASDFR/build/image_processing': CMAKE_PREFIX_PATH=/opt/ros/humble /usr/bin/cmake --install /home/ram-user/ASDFR/build/image_processing
[0.989s] Level 1:colcon.colcon_core.environment:create_environment_scripts_only(image_processing)
[0.989s] DEBUG:colcon.colcon_core.event_handler.log_command:Invoked command in '/home/ram-user/ASDFR/build/image_processing' returned '0': CMAKE_PREFIX_PATH=/opt/ros/humble /usr/bin/cmake --install /home/ram-user/ASDFR/build/image_processing
[1.001s] Level 1:colcon.colcon_core.environment:checking '/home/ram-user/ASDFR/install/image_processing' for CMake module files
[1.001s] Level 1:colcon.colcon_core.environment:checking '/home/ram-user/ASDFR/install/image_processing' for CMake config files
[1.002s] Level 1:colcon.colcon_core.shell:create_environment_hook('image_processing', 'cmake_prefix_path')
[1.003s] INFO:colcon.colcon_core.shell:Creating environment hook '/home/ram-user/ASDFR/install/image_processing/share/image_processing/hook/cmake_prefix_path.ps1'
[1.003s] INFO:colcon.colcon_core.shell:Creating environment descriptor '/home/ram-user/ASDFR/install/image_processing/share/image_processing/hook/cmake_prefix_path.dsv'
[1.008s] INFO:colcon.colcon_core.shell:Creating environment hook '/home/ram-user/ASDFR/install/image_processing/share/image_processing/hook/cmake_prefix_path.sh'
[1.010s] Level 1:colcon.colcon_core.environment:checking '/home/ram-user/ASDFR/install/image_processing/lib'
[1.013s] Level 1:colcon.colcon_core.environment:checking '/home/ram-user/ASDFR/install/image_processing/bin'
[1.013s] Level 1:colcon.colcon_core.environment:checking '/home/ram-user/ASDFR/install/image_processing/lib/pkgconfig/image_processing.pc'
[1.014s] Level 1:colcon.colcon_core.environment:checking '/home/ram-user/ASDFR/install/image_processing/lib/python3.10/site-packages'
[1.014s] Level 1:colcon.colcon_core.environment:checking '/home/ram-user/ASDFR/install/image_processing/bin'
[1.015s] INFO:colcon.colcon_core.shell:Creating package script '/home/ram-user/ASDFR/install/image_processing/share/image_processing/package.ps1'
[1.019s] INFO:colcon.colcon_core.shell:Creating package descriptor '/home/ram-user/ASDFR/install/image_processing/share/image_processing/package.dsv'
[1.020s] INFO:colcon.colcon_core.shell:Creating package script '/home/ram-user/ASDFR/install/image_processing/share/image_processing/package.sh'
[1.021s] INFO:colcon.colcon_core.shell:Creating package script '/home/ram-user/ASDFR/install/image_processing/share/image_processing/package.bash'
[1.022s] INFO:colcon.colcon_core.shell:Creating package script '/home/ram-user/ASDFR/install/image_processing/share/image_processing/package.zsh'
[1.023s] Level 1:colcon.colcon_core.environment:create_file_with_runtime_dependencies(/home/ram-user/ASDFR/install/image_processing/share/colcon-core/packages/image_processing)
[1.099s] Level 1:colcon.colcon_core.environment:create_environment_scripts_only(image_processing)
[1.102s] Level 1:colcon.colcon_core.environment:checking '/home/ram-user/ASDFR/install/image_processing' for CMake module files
[1.103s] Level 1:colcon.colcon_core.environment:checking '/home/ram-user/ASDFR/install/image_processing' for CMake config files
[1.104s] Level 1:colcon.colcon_core.shell:create_environment_hook('image_processing', 'cmake_prefix_path')
[1.114s] INFO:colcon.colcon_core.shell:Creating environment hook '/home/ram-user/ASDFR/install/image_processing/share/image_processing/hook/cmake_prefix_path.ps1'
[1.115s] INFO:colcon.colcon_core.shell:Creating environment descriptor '/home/ram-user/ASDFR/install/image_processing/share/image_processing/hook/cmake_prefix_path.dsv'
[1.117s] INFO:colcon.colcon_core.shell:Creating environment hook '/home/ram-user/ASDFR/install/image_processing/share/image_processing/hook/cmake_prefix_path.sh'
[1.118s] Level 1:colcon.colcon_core.environment:checking '/home/ram-user/ASDFR/install/image_processing/lib'
[1.118s] Level 1:colcon.colcon_core.environment:checking '/home/ram-user/ASDFR/install/image_processing/bin'
[1.118s] Level 1:colcon.colcon_core.environment:checking '/home/ram-user/ASDFR/install/image_processing/lib/pkgconfig/image_processing.pc'
[1.118s] Level 1:colcon.colcon_core.environment:checking '/home/ram-user/ASDFR/install/image_processing/lib/python3.10/site-packages'
[1.118s] Level 1:colcon.colcon_core.environment:checking '/home/ram-user/ASDFR/install/image_processing/bin'
[1.121s] INFO:colcon.colcon_core.shell:Creating package script '/home/ram-user/ASDFR/install/image_processing/share/image_processing/package.ps1'
[1.123s] INFO:colcon.colcon_core.shell:Creating package descriptor '/home/ram-user/ASDFR/install/image_processing/share/image_processing/package.dsv'
[1.123s] INFO:colcon.colcon_core.shell:Creating package script '/home/ram-user/ASDFR/install/image_processing/share/image_processing/package.sh'
[1.124s] INFO:colcon.colcon_core.shell:Creating package script '/home/ram-user/ASDFR/install/image_processing/share/image_processing/package.bash'
[1.124s] INFO:colcon.colcon_core.shell:Creating package script '/home/ram-user/ASDFR/install/image_processing/share/image_processing/package.zsh'
[1.125s] Level 1:colcon.colcon_core.environment:create_file_with_runtime_dependencies(/home/ram-user/ASDFR/install/image_processing/share/colcon-core/packages/image_processing)
[1.379s] DEBUG:colcon.colcon_core.event_handler.log_command:Invoked command in '/home/ram-user/ASDFR/build/asdfr_interfaces' returned '0': CMAKE_PREFIX_PATH=/opt/ros/humble /usr/bin/cmake --build /home/ram-user/ASDFR/build/asdfr_interfaces -- -j2 -l2
[1.464s] DEBUG:colcon.colcon_core.event_handler.log_command:Invoking command in '/home/ram-user/ASDFR/build/asdfr_interfaces': CMAKE_PREFIX_PATH=/opt/ros/humble /usr/bin/cmake --install /home/ram-user/ASDFR/build/asdfr_interfaces
[1.529s] Level 1:colcon.colcon_core.environment:create_environment_scripts_only(asdfr_interfaces)
[1.531s] Level 1:colcon.colcon_core.environment:checking '/home/ram-user/ASDFR/install/asdfr_interfaces' for CMake module files
[1.535s] Level 1:colcon.colcon_core.environment:checking '/home/ram-user/ASDFR/install/asdfr_interfaces' for CMake config files
[1.535s] Level 1:colcon.colcon_core.shell:create_environment_hook('asdfr_interfaces', 'cmake_prefix_path')
[1.536s] INFO:colcon.colcon_core.shell:Creating environment hook '/home/ram-user/ASDFR/install/asdfr_interfaces/share/asdfr_interfaces/hook/cmake_prefix_path.ps1'
[1.536s] DEBUG:colcon.colcon_core.event_handler.log_command:Invoked command in '/home/ram-user/ASDFR/build/asdfr_interfaces' returned '0': CMAKE_PREFIX_PATH=/opt/ros/humble /usr/bin/cmake --install /home/ram-user/ASDFR/build/asdfr_interfaces
[1.537s] INFO:colcon.colcon_core.shell:Creating environment descriptor '/home/ram-user/ASDFR/install/asdfr_interfaces/share/asdfr_interfaces/hook/cmake_prefix_path.dsv'
[1.537s] INFO:colcon.colcon_core.shell:Creating environment hook '/home/ram-user/ASDFR/install/asdfr_interfaces/share/asdfr_interfaces/hook/cmake_prefix_path.sh'
[1.538s] Level 1:colcon.colcon_core.environment:checking '/home/ram-user/ASDFR/install/asdfr_interfaces/lib'
[1.538s] Level 1:colcon.colcon_core.shell:create_environment_hook('asdfr_interfaces', 'ld_library_path_lib')
[1.539s] INFO:colcon.colcon_core.shell:Creating environment hook '/home/ram-user/ASDFR/install/asdfr_interfaces/share/asdfr_interfaces/hook/ld_library_path_lib.ps1'
[1.539s] INFO:colcon.colcon_core.shell:Creating environment descriptor '/home/ram-user/ASDFR/install/asdfr_interfaces/share/asdfr_interfaces/hook/ld_library_path_lib.dsv'
[1.540s] INFO:colcon.colcon_core.shell:Creating environment hook '/home/ram-user/ASDFR/install/asdfr_interfaces/share/asdfr_interfaces/hook/ld_library_path_lib.sh'
[1.540s] Level 1:colcon.colcon_core.environment:checking '/home/ram-user/ASDFR/install/asdfr_interfaces/bin'
[1.540s] Level 1:colcon.colcon_core.environment:checking '/home/ram-user/ASDFR/install/asdfr_interfaces/lib/pkgconfig/asdfr_interfaces.pc'
[1.540s] Level 1:colcon.colcon_core.environment:checking '/home/ram-user/ASDFR/install/asdfr_interfaces/lib/python3.10/site-packages'
[1.541s] Level 1:colcon.colcon_core.environment:checking '/home/ram-user/ASDFR/install/asdfr_interfaces/bin'
[1.542s] INFO:colcon.colcon_core.shell:Creating package script '/home/ram-user/ASDFR/install/asdfr_interfaces/share/asdfr_interfaces/package.ps1'
[1.543s] INFO:colcon.colcon_core.shell:Creating package descriptor '/home/ram-user/ASDFR/install/asdfr_interfaces/share/asdfr_interfaces/package.dsv'
[1.543s] INFO:colcon.colcon_core.shell:Creating package script '/home/ram-user/ASDFR/install/asdfr_interfaces/share/asdfr_interfaces/package.sh'
[1.543s] INFO:colcon.colcon_core.shell:Creating package script '/home/ram-user/ASDFR/install/asdfr_interfaces/share/asdfr_interfaces/package.bash'
[1.544s] INFO:colcon.colcon_core.shell:Creating package script '/home/ram-user/ASDFR/install/asdfr_interfaces/share/asdfr_interfaces/package.zsh'
[1.560s] Level 1:colcon.colcon_core.environment:create_file_with_runtime_dependencies(/home/ram-user/ASDFR/install/asdfr_interfaces/share/colcon-core/packages/asdfr_interfaces)
[1.632s] Level 1:colcon.colcon_core.environment:create_environment_scripts_only(asdfr_interfaces)
[1.634s] Level 1:colcon.colcon_core.environment:checking '/home/ram-user/ASDFR/install/asdfr_interfaces' for CMake module files
[1.634s] Level 1:colcon.colcon_core.environment:checking '/home/ram-user/ASDFR/install/asdfr_interfaces' for CMake config files
[1.635s] Level 1:colcon.colcon_core.shell:create_environment_hook('asdfr_interfaces', 'cmake_prefix_path')
[1.636s] INFO:colcon.colcon_core.shell:Creating environment hook '/home/ram-user/ASDFR/install/asdfr_interfaces/share/asdfr_interfaces/hook/cmake_prefix_path.ps1'
[1.636s] INFO:colcon.colcon_core.shell:Creating environment descriptor '/home/ram-user/ASDFR/install/asdfr_interfaces/share/asdfr_interfaces/hook/cmake_prefix_path.dsv'
[1.637s] INFO:colcon.colcon_core.shell:Creating environment hook '/home/ram-user/ASDFR/install/asdfr_interfaces/share/asdfr_interfaces/hook/cmake_prefix_path.sh'
[1.637s] Level 1:colcon.colcon_core.environment:checking '/home/ram-user/ASDFR/install/asdfr_interfaces/lib'
[1.637s] Level 1:colcon.colcon_core.shell:create_environment_hook('asdfr_interfaces', 'ld_library_path_lib')
[1.638s] INFO:colcon.colcon_core.shell:Creating environment hook '/home/ram-user/ASDFR/install/asdfr_interfaces/share/asdfr_interfaces/hook/ld_library_path_lib.ps1'
[1.639s] INFO:colcon.colcon_core.shell:Creating environment descriptor '/home/ram-user/ASDFR/install/asdfr_interfaces/share/asdfr_interfaces/hook/ld_library_path_lib.dsv'
[1.639s] INFO:colcon.colcon_core.shell:Creating environment hook '/home/ram-user/ASDFR/install/asdfr_interfaces/share/asdfr_interfaces/hook/ld_library_path_lib.sh'
[1.639s] Level 1:colcon.colcon_core.environment:checking '/home/ram-user/ASDFR/install/asdfr_interfaces/bin'
[1.640s] Level 1:colcon.colcon_core.environment:checking '/home/ram-user/ASDFR/install/asdfr_interfaces/lib/pkgconfig/asdfr_interfaces.pc'
[1.640s] Level 1:colcon.colcon_core.environment:checking '/home/ram-user/ASDFR/install/asdfr_interfaces/lib/python3.10/site-packages'
[1.640s] Level 1:colcon.colcon_core.environment:checking '/home/ram-user/ASDFR/install/asdfr_interfaces/bin'
[1.642s] INFO:colcon.colcon_core.shell:Creating package script '/home/ram-user/ASDFR/install/asdfr_interfaces/share/asdfr_interfaces/package.ps1'
[1.642s] INFO:colcon.colcon_core.shell:Creating package descriptor '/home/ram-user/ASDFR/install/asdfr_interfaces/share/asdfr_interfaces/package.dsv'
[1.643s] INFO:colcon.colcon_core.shell:Creating package script '/home/ram-user/ASDFR/install/asdfr_interfaces/share/asdfr_interfaces/package.sh'
[1.643s] INFO:colcon.colcon_core.shell:Creating package script '/home/ram-user/ASDFR/install/asdfr_interfaces/share/asdfr_interfaces/package.bash'
[1.644s] INFO:colcon.colcon_core.shell:Creating package script '/home/ram-user/ASDFR/install/asdfr_interfaces/share/asdfr_interfaces/package.zsh'
[1.644s] Level 1:colcon.colcon_core.environment:create_file_with_runtime_dependencies(/home/ram-user/ASDFR/install/asdfr_interfaces/share/colcon-core/packages/asdfr_interfaces)
[1.654s] INFO:colcon.colcon_ros.task.ament_cmake.build:Building ROS package in '/home/ram-user/ASDFR/src/ros2_nodes/src/jiwy_controller' with build type 'ament_cmake'
[1.654s] INFO:colcon.colcon_cmake.task.cmake.build:Building CMake package in '/home/ram-user/ASDFR/src/ros2_nodes/src/jiwy_controller'
[1.656s] INFO:colcon.colcon_core.shell:Skip shell extension 'powershell' for command environment: Not usable outside of PowerShell
[1.656s] DEBUG:colcon.colcon_core.shell:Skip shell extension 'dsv' for command environment
[1.665s] INFO:colcon.colcon_ros.task.ament_cmake.build:Building ROS package in '/home/ram-user/ASDFR/src/ros2_nodes/src/jiwy_simulator' with build type 'ament_cmake'
[1.665s] INFO:colcon.colcon_cmake.task.cmake.build:Building CMake package in '/home/ram-user/ASDFR/src/ros2_nodes/src/jiwy_simulator'
[1.666s] INFO:colcon.colcon_core.shell:Skip shell extension 'powershell' for command environment: Not usable outside of PowerShell
[1.666s] DEBUG:colcon.colcon_core.shell:Skip shell extension 'dsv' for command environment
[1.706s] DEBUG:colcon.colcon_core.event_handler.log_command:Invoking command in '/home/ram-user/ASDFR/build/jiwy_simulator': AMENT_PREFIX_PATH=/home/ram-user/ASDFR/install/asdfr_interfaces:${AMENT_PREFIX_PATH} CMAKE_PREFIX_PATH=/home/ram-user/ASDFR/install/asdfr_interfaces:/opt/ros/humble LD_LIBRARY_PATH=/home/ram-user/ASDFR/install/asdfr_interfaces/lib:${LD_LIBRARY_PATH} PYTHONPATH=/home/ram-user/ASDFR/install/asdfr_interfaces/local/lib/python3.10/dist-packages:${PYTHONPATH} /usr/bin/cmake --build /home/ram-user/ASDFR/build/jiwy_simulator -- -j2 -l2
[1.713s] DEBUG:colcon.colcon_core.event_handler.log_command:Invoking command in '/home/ram-user/ASDFR/build/jiwy_controller': AMENT_PREFIX_PATH=/home/ram-user/ASDFR/install/asdfr_interfaces:${AMENT_PREFIX_PATH} CMAKE_PREFIX_PATH=/home/ram-user/ASDFR/install/asdfr_interfaces:/opt/ros/humble LD_LIBRARY_PATH=/home/ram-user/ASDFR/install/asdfr_interfaces/lib:${LD_LIBRARY_PATH} PYTHONPATH=/home/ram-user/ASDFR/install/asdfr_interfaces/local/lib/python3.10/dist-packages:${PYTHONPATH} /usr/bin/cmake --build /home/ram-user/ASDFR/build/jiwy_controller -- -j2 -l2
[1.915s] DEBUG:colcon.colcon_core.event_handler.log_command:Invoked command in '/home/ram-user/ASDFR/build/jiwy_simulator' returned '0': AMENT_PREFIX_PATH=/home/ram-user/ASDFR/install/asdfr_interfaces:${AMENT_PREFIX_PATH} CMAKE_PREFIX_PATH=/home/ram-user/ASDFR/install/asdfr_interfaces:/opt/ros/humble LD_LIBRARY_PATH=/home/ram-user/ASDFR/install/asdfr_interfaces/lib:${LD_LIBRARY_PATH} PYTHONPATH=/home/ram-user/ASDFR/install/asdfr_interfaces/local/lib/python3.10/dist-packages:${PYTHONPATH} /usr/bin/cmake --build /home/ram-user/ASDFR/build/jiwy_simulator -- -j2 -l2
[1.970s] DEBUG:colcon.colcon_core.event_handler.log_command:Invoking command in '/home/ram-user/ASDFR/build/jiwy_simulator': AMENT_PREFIX_PATH=/home/ram-user/ASDFR/install/asdfr_interfaces:${AMENT_PREFIX_PATH} CMAKE_PREFIX_PATH=/home/ram-user/ASDFR/install/asdfr_interfaces:/opt/ros/humble LD_LIBRARY_PATH=/home/ram-user/ASDFR/install/asdfr_interfaces/lib:${LD_LIBRARY_PATH} PYTHONPATH=/home/ram-user/ASDFR/install/asdfr_interfaces/local/lib/python3.10/dist-packages:${PYTHONPATH} /usr/bin/cmake --install /home/ram-user/ASDFR/build/jiwy_simulator
[1.992s] Level 1:colcon.colcon_core.environment:create_environment_scripts_only(jiwy_simulator)
[1.994s] Level 1:colcon.colcon_core.environment:checking '/home/ram-user/ASDFR/install/jiwy_simulator' for CMake module files
[1.994s] Level 1:colcon.colcon_core.environment:checking '/home/ram-user/ASDFR/install/jiwy_simulator' for CMake config files
[1.995s] Level 1:colcon.colcon_core.shell:create_environment_hook('jiwy_simulator', 'cmake_prefix_path')
[1.996s] INFO:colcon.colcon_core.shell:Creating environment hook '/home/ram-user/ASDFR/install/jiwy_simulator/share/jiwy_simulator/hook/cmake_prefix_path.ps1'
[1.997s] DEBUG:colcon.colcon_core.event_handler.log_command:Invoked command in '/home/ram-user/ASDFR/build/jiwy_simulator' returned '0': AMENT_PREFIX_PATH=/home/ram-user/ASDFR/install/asdfr_interfaces:${AMENT_PREFIX_PATH} CMAKE_PREFIX_PATH=/home/ram-user/ASDFR/install/asdfr_interfaces:/opt/ros/humble LD_LIBRARY_PATH=/home/ram-user/ASDFR/install/asdfr_interfaces/lib:${LD_LIBRARY_PATH} PYTHONPATH=/home/ram-user/ASDFR/install/asdfr_interfaces/local/lib/python3.10/dist-packages:${PYTHONPATH} /usr/bin/cmake --install /home/ram-user/ASDFR/build/jiwy_simulator
[1.997s] INFO:colcon.colcon_core.shell:Creating environment descriptor '/home/ram-user/ASDFR/install/jiwy_simulator/share/jiwy_simulator/hook/cmake_prefix_path.dsv'
[1.998s] INFO:colcon.colcon_core.shell:Creating environment hook '/home/ram-user/ASDFR/install/jiwy_simulator/share/jiwy_simulator/hook/cmake_prefix_path.sh'
[1.998s] Level 1:colcon.colcon_core.environment:checking '/home/ram-user/ASDFR/install/jiwy_simulator/lib'
[1.998s] Level 1:colcon.colcon_core.environment:checking '/home/ram-user/ASDFR/install/jiwy_simulator/bin'
[1.998s] Level 1:colcon.colcon_core.environment:checking '/home/ram-user/ASDFR/install/jiwy_simulator/lib/pkgconfig/jiwy_simulator.pc'
[1.999s] Level 1:colcon.colcon_core.environment:checking '/home/ram-user/ASDFR/install/jiwy_simulator/lib/python3.10/site-packages'
[1.999s] Level 1:colcon.colcon_core.environment:checking '/home/ram-user/ASDFR/install/jiwy_simulator/bin'
[2.000s] INFO:colcon.colcon_core.shell:Creating package script '/home/ram-user/ASDFR/install/jiwy_simulator/share/jiwy_simulator/package.ps1'
[2.002s] INFO:colcon.colcon_core.shell:Creating package descriptor '/home/ram-user/ASDFR/install/jiwy_simulator/share/jiwy_simulator/package.dsv'
[2.002s] INFO:colcon.colcon_core.shell:Creating package script '/home/ram-user/ASDFR/install/jiwy_simulator/share/jiwy_simulator/package.sh'
[2.003s] INFO:colcon.colcon_core.shell:Creating package script '/home/ram-user/ASDFR/install/jiwy_simulator/share/jiwy_simulator/package.bash'
[2.003s] INFO:colcon.colcon_core.shell:Creating package script '/home/ram-user/ASDFR/install/jiwy_simulator/share/jiwy_simulator/package.zsh'
[2.004s] Level 1:colcon.colcon_core.environment:create_file_with_runtime_dependencies(/home/ram-user/ASDFR/install/jiwy_simulator/share/colcon-core/packages/jiwy_simulator)
[2.011s] DEBUG:colcon.colcon_core.event_handler.log_command:Invoked command in '/home/ram-user/ASDFR/build/jiwy_controller' returned '0': AMENT_PREFIX_PATH=/home/ram-user/ASDFR/install/asdfr_interfaces:${AMENT_PREFIX_PATH} CMAKE_PREFIX_PATH=/home/ram-user/ASDFR/install/asdfr_interfaces:/opt/ros/humble LD_LIBRARY_PATH=/home/ram-user/ASDFR/install/asdfr_interfaces/lib:${LD_LIBRARY_PATH} PYTHONPATH=/home/ram-user/ASDFR/install/asdfr_interfaces/local/lib/python3.10/dist-packages:${PYTHONPATH} /usr/bin/cmake --build /home/ram-user/ASDFR/build/jiwy_controller -- -j2 -l2
[2.065s] Level 1:colcon.colcon_core.environment:create_environment_scripts_only(jiwy_simulator)
[2.067s] Level 1:colcon.colcon_core.environment:checking '/home/ram-user/ASDFR/install/jiwy_simulator' for CMake module files
[2.067s] Level 1:colcon.colcon_core.environment:checking '/home/ram-user/ASDFR/install/jiwy_simulator' for CMake config files
[2.068s] Level 1:colcon.colcon_core.shell:create_environment_hook('jiwy_simulator', 'cmake_prefix_path')
[2.084s] INFO:colcon.colcon_core.shell:Creating environment hook '/home/ram-user/ASDFR/install/jiwy_simulator/share/jiwy_simulator/hook/cmake_prefix_path.ps1'
[2.085s] INFO:colcon.colcon_core.shell:Creating environment descriptor '/home/ram-user/ASDFR/install/jiwy_simulator/share/jiwy_simulator/hook/cmake_prefix_path.dsv'
[2.086s] INFO:colcon.colcon_core.shell:Creating environment hook '/home/ram-user/ASDFR/install/jiwy_simulator/share/jiwy_simulator/hook/cmake_prefix_path.sh'
[2.087s] Level 1:colcon.colcon_core.environment:checking '/home/ram-user/ASDFR/install/jiwy_simulator/lib'
[2.087s] Level 1:colcon.colcon_core.environment:checking '/home/ram-user/ASDFR/install/jiwy_simulator/bin'
[2.087s] Level 1:colcon.colcon_core.environment:checking '/home/ram-user/ASDFR/install/jiwy_simulator/lib/pkgconfig/jiwy_simulator.pc'
[2.087s] Level 1:colcon.colcon_core.environment:checking '/home/ram-user/ASDFR/install/jiwy_simulator/lib/python3.10/site-packages'
[2.087s] Level 1:colcon.colcon_core.environment:checking '/home/ram-user/ASDFR/install/jiwy_simulator/bin'
[2.089s] INFO:colcon.colcon_core.shell:Creating package script '/home/ram-user/ASDFR/install/jiwy_simulator/share/jiwy_simulator/package.ps1'
[2.090s] INFO:colcon.colcon_core.shell:Creating package descriptor '/home/ram-user/ASDFR/install/jiwy_simulator/share/jiwy_simulator/package.dsv'
[2.091s] INFO:colcon.colcon_core.shell:Creating package script '/home/ram-user/ASDFR/install/jiwy_simulator/share/jiwy_simulator/package.sh'
[2.094s] INFO:colcon.colcon_core.shell:Creating package script '/home/ram-user/ASDFR/install/jiwy_simulator/share/jiwy_simulator/package.bash'
[2.097s] INFO:colcon.colcon_core.shell:Creating package script '/home/ram-user/ASDFR/install/jiwy_simulator/share/jiwy_simulator/package.zsh'
[2.097s] Level 1:colcon.colcon_core.environment:create_file_with_runtime_dependencies(/home/ram-user/ASDFR/install/jiwy_simulator/share/colcon-core/packages/jiwy_simulator)
[2.101s] DEBUG:colcon.colcon_core.event_handler.log_command:Invoking command in '/home/ram-user/ASDFR/build/jiwy_controller': AMENT_PREFIX_PATH=/home/ram-user/ASDFR/install/asdfr_interfaces:${AMENT_PREFIX_PATH} CMAKE_PREFIX_PATH=/home/ram-user/ASDFR/install/asdfr_interfaces:/opt/ros/humble LD_LIBRARY_PATH=/home/ram-user/ASDFR/install/asdfr_interfaces/lib:${LD_LIBRARY_PATH} PYTHONPATH=/home/ram-user/ASDFR/install/asdfr_interfaces/local/lib/python3.10/dist-packages:${PYTHONPATH} /usr/bin/cmake --install /home/ram-user/ASDFR/build/jiwy_controller
[2.135s] Level 1:colcon.colcon_core.environment:create_environment_scripts_only(jiwy_controller)
[2.135s] DEBUG:colcon.colcon_core.event_handler.log_command:Invoked command in '/home/ram-user/ASDFR/build/jiwy_controller' returned '0': AMENT_PREFIX_PATH=/home/ram-user/ASDFR/install/asdfr_interfaces:${AMENT_PREFIX_PATH} CMAKE_PREFIX_PATH=/home/ram-user/ASDFR/install/asdfr_interfaces:/opt/ros/humble LD_LIBRARY_PATH=/home/ram-user/ASDFR/install/asdfr_interfaces/lib:${LD_LIBRARY_PATH} PYTHONPATH=/home/ram-user/ASDFR/install/asdfr_interfaces/local/lib/python3.10/dist-packages:${PYTHONPATH} /usr/bin/cmake --install /home/ram-user/ASDFR/build/jiwy_controller
[2.137s] Level 1:colcon.colcon_core.environment:checking '/home/ram-user/ASDFR/install/jiwy_controller' for CMake module files
[2.141s] Level 1:colcon.colcon_core.environment:checking '/home/ram-user/ASDFR/install/jiwy_controller' for CMake config files
[2.141s] Level 1:colcon.colcon_core.shell:create_environment_hook('jiwy_controller', 'cmake_prefix_path')
[2.142s] INFO:colcon.colcon_core.shell:Creating environment hook '/home/ram-user/ASDFR/install/jiwy_controller/share/jiwy_controller/hook/cmake_prefix_path.ps1'
[2.143s] INFO:colcon.colcon_core.shell:Creating environment descriptor '/home/ram-user/ASDFR/install/jiwy_controller/share/jiwy_controller/hook/cmake_prefix_path.dsv'
[2.144s] INFO:colcon.colcon_core.shell:Creating environment hook '/home/ram-user/ASDFR/install/jiwy_controller/share/jiwy_controller/hook/cmake_prefix_path.sh'
[2.149s] Level 1:colcon.colcon_core.environment:checking '/home/ram-user/ASDFR/install/jiwy_controller/lib'
[2.149s] Level 1:colcon.colcon_core.environment:checking '/home/ram-user/ASDFR/install/jiwy_controller/bin'
[2.149s] Level 1:colcon.colcon_core.environment:checking '/home/ram-user/ASDFR/install/jiwy_controller/lib/pkgconfig/jiwy_controller.pc'
[2.149s] Level 1:colcon.colcon_core.environment:checking '/home/ram-user/ASDFR/install/jiwy_controller/lib/python3.10/site-packages'
[2.149s] Level 1:colcon.colcon_core.environment:checking '/home/ram-user/ASDFR/install/jiwy_controller/bin'
[2.151s] INFO:colcon.colcon_core.shell:Creating package script '/home/ram-user/ASDFR/install/jiwy_controller/share/jiwy_controller/package.ps1'
[2.151s] INFO:colcon.colcon_core.shell:Creating package descriptor '/home/ram-user/ASDFR/install/jiwy_controller/share/jiwy_controller/package.dsv'
[2.151s] INFO:colcon.colcon_core.shell:Creating package script '/home/ram-user/ASDFR/install/jiwy_controller/share/jiwy_controller/package.sh'
[2.152s] INFO:colcon.colcon_core.shell:Creating package script '/home/ram-user/ASDFR/install/jiwy_controller/share/jiwy_controller/package.bash'
[2.156s] INFO:colcon.colcon_core.shell:Creating package script '/home/ram-user/ASDFR/install/jiwy_controller/share/jiwy_controller/package.zsh'
[2.157s] Level 1:colcon.colcon_core.environment:create_file_with_runtime_dependencies(/home/ram-user/ASDFR/install/jiwy_controller/share/colcon-core/packages/jiwy_controller)
[2.217s] Level 1:colcon.colcon_core.environment:create_environment_scripts_only(jiwy_controller)
[2.219s] Level 1:colcon.colcon_core.environment:checking '/home/ram-user/ASDFR/install/jiwy_controller' for CMake module files
[2.219s] Level 1:colcon.colcon_core.environment:checking '/home/ram-user/ASDFR/install/jiwy_controller' for CMake config files
[2.219s] Level 1:colcon.colcon_core.shell:create_environment_hook('jiwy_controller', 'cmake_prefix_path')
[2.221s] INFO:colcon.colcon_core.shell:Creating environment hook '/home/ram-user/ASDFR/install/jiwy_controller/share/jiwy_controller/hook/cmake_prefix_path.ps1'
[2.221s] INFO:colcon.colcon_core.shell:Creating environment descriptor '/home/ram-user/ASDFR/install/jiwy_controller/share/jiwy_controller/hook/cmake_prefix_path.dsv'
[2.221s] INFO:colcon.colcon_core.shell:Creating environment hook '/home/ram-user/ASDFR/install/jiwy_controller/share/jiwy_controller/hook/cmake_prefix_path.sh'
[2.224s] Level 1:colcon.colcon_core.environment:checking '/home/ram-user/ASDFR/install/jiwy_controller/lib'
[2.225s] Level 1:colcon.colcon_core.environment:checking '/home/ram-user/ASDFR/install/jiwy_controller/bin'
[2.225s] Level 1:colcon.colcon_core.environment:checking '/home/ram-user/ASDFR/install/jiwy_controller/lib/pkgconfig/jiwy_controller.pc'
[2.225s] Level 1:colcon.colcon_core.environment:checking '/home/ram-user/ASDFR/install/jiwy_controller/lib/python3.10/site-packages'
[2.225s] Level 1:colcon.colcon_core.environment:checking '/home/ram-user/ASDFR/install/jiwy_controller/bin'
[2.227s] INFO:colcon.colcon_core.shell:Creating package script '/home/ram-user/ASDFR/install/jiwy_controller/share/jiwy_controller/package.ps1'
[2.227s] INFO:colcon.colcon_core.shell:Creating package descriptor '/home/ram-user/ASDFR/install/jiwy_controller/share/jiwy_controller/package.dsv'
[2.229s] INFO:colcon.colcon_core.shell:Creating package script '/home/ram-user/ASDFR/install/jiwy_controller/share/jiwy_controller/package.sh'
[2.233s] INFO:colcon.colcon_core.shell:Creating package script '/home/ram-user/ASDFR/install/jiwy_controller/share/jiwy_controller/package.bash'
[2.233s] INFO:colcon.colcon_core.shell:Creating package script '/home/ram-user/ASDFR/install/jiwy_controller/share/jiwy_controller/package.zsh'
[2.233s] Level 1:colcon.colcon_core.environment:create_file_with_runtime_dependencies(/home/ram-user/ASDFR/install/jiwy_controller/share/colcon-core/packages/jiwy_controller)
[2.234s] DEBUG:colcon.colcon_parallel_executor.executor.parallel:closing loop
[2.234s] DEBUG:colcon.colcon_parallel_executor.executor.parallel:loop closed
[2.234s] DEBUG:colcon.colcon_parallel_executor.executor.parallel:run_until_complete finished with '0'
[2.234s] DEBUG:colcon.colcon_core.event_reactor:joining thread
[2.240s] INFO:colcon.colcon_core.plugin_system:Skipping extension 'colcon_notification.desktop_notification.terminal_notifier': Not used on non-Darwin systems
[2.240s] INFO:colcon.colcon_core.plugin_system:Skipping extension 'colcon_notification.desktop_notification.win32': Not used on non-Windows systems
[2.240s] INFO:colcon.colcon_notification.desktop_notification:Sending desktop notification using 'notify2'
[2.256s] DEBUG:colcon.colcon_core.event_reactor:joined thread
[2.258s] INFO:colcon.colcon_core.shell:Creating prefix script '/home/ram-user/ASDFR/install/local_setup.ps1'
[2.259s] INFO:colcon.colcon_core.shell:Creating prefix util module '/home/ram-user/ASDFR/install/_local_setup_util_ps1.py'
[2.261s] INFO:colcon.colcon_core.shell:Creating prefix chain script '/home/ram-user/ASDFR/install/setup.ps1'
[2.262s] INFO:colcon.colcon_core.shell:Creating prefix script '/home/ram-user/ASDFR/install/local_setup.sh'
[2.263s] INFO:colcon.colcon_core.shell:Creating prefix util module '/home/ram-user/ASDFR/install/_local_setup_util_sh.py'
[2.264s] INFO:colcon.colcon_core.shell:Creating prefix chain script '/home/ram-user/ASDFR/install/setup.sh'
[2.265s] INFO:colcon.colcon_core.shell:Creating prefix script '/home/ram-user/ASDFR/install/local_setup.bash'
[2.265s] INFO:colcon.colcon_core.shell:Creating prefix chain script '/home/ram-user/ASDFR/install/setup.bash'
[2.273s] INFO:colcon.colcon_core.shell:Creating prefix script '/home/ram-user/ASDFR/install/local_setup.zsh'
[2.273s] INFO:colcon.colcon_core.shell:Creating prefix chain script '/home/ram-user/ASDFR/install/setup.zsh'
