[0.035s] Invoking command in '/home/ram-user/ASDFR/src/ros2_nodes/src/build/asdfr_interfaces': CMAKE_PREFIX_PATH=${CMAKE_PREFIX_PATH}:/opt/ros/humble /usr/bin/cmake --build /home/ram-user/ASDFR/src/ros2_nodes/src/build/asdfr_interfaces -- -j2 -l2
[0.101s] [  3%] Built target asdfr_interfaces__cpp
[0.145s] [ 12%] Built target asdfr_interfaces__rosidl_generator_c
[0.181s] [ 12%] Built target ament_cmake_python_copy_asdfr_interfaces
[0.203s] [ 22%] Built target asdfr_interfaces__rosidl_typesupport_cpp
[0.225s] [ 32%] Built target asdfr_interfaces__rosidl_typesupport_fastrtps_c
[0.255s] [ 41%] Built target asdfr_interfaces__rosidl_typesupport_introspection_c
[0.276s] [ 51%] Built target asdfr_interfaces__rosidl_typesupport_c
[0.297s] [ 61%] Built target asdfr_interfaces__rosidl_typesupport_fastrtps_cpp
[0.318s] [ 70%] Built target asdfr_interfaces__rosidl_typesupport_introspection_cpp
[0.645s] running egg_info
[0.646s] writing asdfr_interfaces.egg-info/PKG-INFO
[0.646s] writing dependency_links to asdfr_interfaces.egg-info/dependency_links.txt
[0.647s] writing top-level names to asdfr_interfaces.egg-info/top_level.txt
[0.655s] reading manifest file 'asdfr_interfaces.egg-info/SOURCES.txt'
[0.656s] writing manifest file 'asdfr_interfaces.egg-info/SOURCES.txt'
[0.696s] [ 70%] Built target ament_cmake_python_build_asdfr_interfaces_egg
[0.737s] [ 70%] Built target asdfr_interfaces
[0.769s] [ 74%] Built target asdfr_interfaces__py
[0.795s] [ 80%] Built target asdfr_interfaces__rosidl_generator_py
[0.829s] [ 87%] Built target asdfr_interfaces__rosidl_typesupport_fastrtps_c__pyext
[0.868s] [ 93%] Built target asdfr_interfaces__rosidl_typesupport_introspection_c__pyext
[0.890s] [100%] Built target asdfr_interfaces__rosidl_typesupport_c__pyext
[0.911s] Invoked command in '/home/ram-user/ASDFR/src/ros2_nodes/src/build/asdfr_interfaces' returned '0': CMAKE_PREFIX_PATH=${CMAKE_PREFIX_PATH}:/opt/ros/humble /usr/bin/cmake --build /home/ram-user/ASDFR/src/ros2_nodes/src/build/asdfr_interfaces -- -j2 -l2
[1.026s] Invoking command in '/home/ram-user/ASDFR/src/ros2_nodes/src/build/asdfr_interfaces': CMAKE_PREFIX_PATH=${CMAKE_PREFIX_PATH}:/opt/ros/humble /usr/bin/cmake --install /home/ram-user/ASDFR/src/ros2_nodes/src/build/asdfr_interfaces
[1.038s] -- Install configuration: ""
[1.039s] -- Up-to-date: /home/ram-user/ASDFR/src/ros2_nodes/src/install/asdfr_interfaces/share/ament_index/resource_index/rosidl_interfaces/asdfr_interfaces
[1.039s] -- Up-to-date: /home/ram-user/ASDFR/src/ros2_nodes/src/install/asdfr_interfaces/include/asdfr_interfaces/asdfr_interfaces
[1.039s] -- Up-to-date: /home/ram-user/ASDFR/src/ros2_nodes/src/install/asdfr_interfaces/include/asdfr_interfaces/asdfr_interfaces/msg
[1.039s] -- Up-to-date: /home/ram-user/ASDFR/src/ros2_nodes/src/install/asdfr_interfaces/include/asdfr_interfaces/asdfr_interfaces/msg/detail
[1.039s] -- Up-to-date: /home/ram-user/ASDFR/src/ros2_nodes/src/install/asdfr_interfaces/include/asdfr_interfaces/asdfr_interfaces/msg/detail/point2__functions.c
[1.039s] -- Up-to-date: /home/ram-user/ASDFR/src/ros2_nodes/src/install/asdfr_interfaces/include/asdfr_interfaces/asdfr_interfaces/msg/detail/point2__struct.h
[1.039s] -- Up-to-date: /home/ram-user/ASDFR/src/ros2_nodes/src/install/asdfr_interfaces/include/asdfr_interfaces/asdfr_interfaces/msg/detail/point2__functions.h
[1.039s] -- Up-to-date: /home/ram-user/ASDFR/src/ros2_nodes/src/install/asdfr_interfaces/include/asdfr_interfaces/asdfr_interfaces/msg/detail/point2__type_support.h
[1.039s] -- Up-to-date: /home/ram-user/ASDFR/src/ros2_nodes/src/install/asdfr_interfaces/include/asdfr_interfaces/asdfr_interfaces/msg/rosidl_generator_c__visibility_control.h
[1.039s] -- Up-to-date: /home/ram-user/ASDFR/src/ros2_nodes/src/install/asdfr_interfaces/include/asdfr_interfaces/asdfr_interfaces/msg/point2.h
[1.039s] -- Up-to-date: /home/ram-user/ASDFR/src/ros2_nodes/src/install/asdfr_interfaces/share/asdfr_interfaces/environment/library_path.sh
[1.039s] -- Up-to-date: /home/ram-user/ASDFR/src/ros2_nodes/src/install/asdfr_interfaces/share/asdfr_interfaces/environment/library_path.dsv
[1.039s] -- Up-to-date: /home/ram-user/ASDFR/src/ros2_nodes/src/install/asdfr_interfaces/lib/libasdfr_interfaces__rosidl_generator_c.so
[1.049s] -- Up-to-date: /home/ram-user/ASDFR/src/ros2_nodes/src/install/asdfr_interfaces/include/asdfr_interfaces/asdfr_interfaces
[1.049s] -- Up-to-date: /home/ram-user/ASDFR/src/ros2_nodes/src/install/asdfr_interfaces/include/asdfr_interfaces/asdfr_interfaces/msg
[1.049s] -- Up-to-date: /home/ram-user/ASDFR/src/ros2_nodes/src/install/asdfr_interfaces/include/asdfr_interfaces/asdfr_interfaces/msg/rosidl_typesupport_fastrtps_c__visibility_control.h
[1.049s] -- Up-to-date: /home/ram-user/ASDFR/src/ros2_nodes/src/install/asdfr_interfaces/include/asdfr_interfaces/asdfr_interfaces/msg/detail
[1.050s] -- Up-to-date: /home/ram-user/ASDFR/src/ros2_nodes/src/install/asdfr_interfaces/include/asdfr_interfaces/asdfr_interfaces/msg/detail/point2__rosidl_typesupport_fastrtps_c.h
[1.050s] -- Up-to-date: /home/ram-user/ASDFR/src/ros2_nodes/src/install/asdfr_interfaces/lib/libasdfr_interfaces__rosidl_typesupport_fastrtps_c.so
[1.050s] -- Up-to-date: /home/ram-user/ASDFR/src/ros2_nodes/src/install/asdfr_interfaces/include/asdfr_interfaces/asdfr_interfaces
[1.050s] -- Up-to-date: /home/ram-user/ASDFR/src/ros2_nodes/src/install/asdfr_interfaces/include/asdfr_interfaces/asdfr_interfaces/msg
[1.050s] -- Up-to-date: /home/ram-user/ASDFR/src/ros2_nodes/src/install/asdfr_interfaces/include/asdfr_interfaces/asdfr_interfaces/msg/rosidl_typesupport_introspection_c__visibility_control.h
[1.050s] -- Up-to-date: /home/ram-user/ASDFR/src/ros2_nodes/src/install/asdfr_interfaces/include/asdfr_interfaces/asdfr_interfaces/msg/detail
[1.050s] -- Up-to-date: /home/ram-user/ASDFR/src/ros2_nodes/src/install/asdfr_interfaces/include/asdfr_interfaces/asdfr_interfaces/msg/detail/point2__rosidl_typesupport_introspection_c.h
[1.050s] -- Up-to-date: /home/ram-user/ASDFR/src/ros2_nodes/src/install/asdfr_interfaces/include/asdfr_interfaces/asdfr_interfaces/msg/detail/point2__type_support.c
[1.051s] -- Up-to-date: /home/ram-user/ASDFR/src/ros2_nodes/src/install/asdfr_interfaces/lib/libasdfr_interfaces__rosidl_typesupport_introspection_c.so
[1.051s] -- Up-to-date: /home/ram-user/ASDFR/src/ros2_nodes/src/install/asdfr_interfaces/lib/libasdfr_interfaces__rosidl_typesupport_c.so
[1.051s] -- Up-to-date: /home/ram-user/ASDFR/src/ros2_nodes/src/install/asdfr_interfaces/include/asdfr_interfaces/asdfr_interfaces
[1.051s] -- Up-to-date: /home/ram-user/ASDFR/src/ros2_nodes/src/install/asdfr_interfaces/include/asdfr_interfaces/asdfr_interfaces/msg
[1.051s] -- Up-to-date: /home/ram-user/ASDFR/src/ros2_nodes/src/install/asdfr_interfaces/include/asdfr_interfaces/asdfr_interfaces/msg/point2.hpp
[1.051s] -- Up-to-date: /home/ram-user/ASDFR/src/ros2_nodes/src/install/asdfr_interfaces/include/asdfr_interfaces/asdfr_interfaces/msg/detail
[1.051s] -- Up-to-date: /home/ram-user/ASDFR/src/ros2_nodes/src/install/asdfr_interfaces/include/asdfr_interfaces/asdfr_interfaces/msg/detail/point2__traits.hpp
[1.051s] -- Up-to-date: /home/ram-user/ASDFR/src/ros2_nodes/src/install/asdfr_interfaces/include/asdfr_interfaces/asdfr_interfaces/msg/detail/point2__builder.hpp
[1.052s] -- Up-to-date: /home/ram-user/ASDFR/src/ros2_nodes/src/install/asdfr_interfaces/include/asdfr_interfaces/asdfr_interfaces/msg/detail/point2__struct.hpp
[1.052s] -- Up-to-date: /home/ram-user/ASDFR/src/ros2_nodes/src/install/asdfr_interfaces/include/asdfr_interfaces/asdfr_interfaces
[1.052s] -- Up-to-date: /home/ram-user/ASDFR/src/ros2_nodes/src/install/asdfr_interfaces/include/asdfr_interfaces/asdfr_interfaces/msg
[1.052s] -- Up-to-date: /home/ram-user/ASDFR/src/ros2_nodes/src/install/asdfr_interfaces/include/asdfr_interfaces/asdfr_interfaces/msg/detail
[1.052s] -- Up-to-date: /home/ram-user/ASDFR/src/ros2_nodes/src/install/asdfr_interfaces/include/asdfr_interfaces/asdfr_interfaces/msg/detail/point2__rosidl_typesupport_fastrtps_cpp.hpp
[1.052s] -- Up-to-date: /home/ram-user/ASDFR/src/ros2_nodes/src/install/asdfr_interfaces/include/asdfr_interfaces/asdfr_interfaces/msg/detail/dds_fastrtps
[1.052s] -- Up-to-date: /home/ram-user/ASDFR/src/ros2_nodes/src/install/asdfr_interfaces/include/asdfr_interfaces/asdfr_interfaces/msg/rosidl_typesupport_fastrtps_cpp__visibility_control.h
[1.052s] -- Up-to-date: /home/ram-user/ASDFR/src/ros2_nodes/src/install/asdfr_interfaces/lib/libasdfr_interfaces__rosidl_typesupport_fastrtps_cpp.so
[1.052s] -- Up-to-date: /home/ram-user/ASDFR/src/ros2_nodes/src/install/asdfr_interfaces/include/asdfr_interfaces/asdfr_interfaces
[1.052s] -- Up-to-date: /home/ram-user/ASDFR/src/ros2_nodes/src/install/asdfr_interfaces/include/asdfr_interfaces/asdfr_interfaces/msg
[1.052s] -- Up-to-date: /home/ram-user/ASDFR/src/ros2_nodes/src/install/asdfr_interfaces/include/asdfr_interfaces/asdfr_interfaces/msg/detail
[1.053s] -- Up-to-date: /home/ram-user/ASDFR/src/ros2_nodes/src/install/asdfr_interfaces/include/asdfr_interfaces/asdfr_interfaces/msg/detail/point2__rosidl_typesupport_introspection_cpp.hpp
[1.056s] -- Up-to-date: /home/ram-user/ASDFR/src/ros2_nodes/src/install/asdfr_interfaces/include/asdfr_interfaces/asdfr_interfaces/msg/detail/point2__type_support.cpp
[1.057s] -- Up-to-date: /home/ram-user/ASDFR/src/ros2_nodes/src/install/asdfr_interfaces/lib/libasdfr_interfaces__rosidl_typesupport_introspection_cpp.so
[1.057s] -- Up-to-date: /home/ram-user/ASDFR/src/ros2_nodes/src/install/asdfr_interfaces/lib/libasdfr_interfaces__rosidl_typesupport_cpp.so
[1.057s] -- Up-to-date: /home/ram-user/ASDFR/src/ros2_nodes/src/install/asdfr_interfaces/share/asdfr_interfaces/environment/pythonpath.sh
[1.057s] -- Up-to-date: /home/ram-user/ASDFR/src/ros2_nodes/src/install/asdfr_interfaces/share/asdfr_interfaces/environment/pythonpath.dsv
[1.057s] -- Up-to-date: /home/ram-user/ASDFR/src/ros2_nodes/src/install/asdfr_interfaces/local/lib/python3.10/dist-packages/asdfr_interfaces-0.0.0-py3.10.egg-info
[1.057s] -- Installing: /home/ram-user/ASDFR/src/ros2_nodes/src/install/asdfr_interfaces/local/lib/python3.10/dist-packages/asdfr_interfaces-0.0.0-py3.10.egg-info/dependency_links.txt
[1.057s] -- Installing: /home/ram-user/ASDFR/src/ros2_nodes/src/install/asdfr_interfaces/local/lib/python3.10/dist-packages/asdfr_interfaces-0.0.0-py3.10.egg-info/top_level.txt
[1.057s] -- Installing: /home/ram-user/ASDFR/src/ros2_nodes/src/install/asdfr_interfaces/local/lib/python3.10/dist-packages/asdfr_interfaces-0.0.0-py3.10.egg-info/PKG-INFO
[1.057s] -- Installing: /home/ram-user/ASDFR/src/ros2_nodes/src/install/asdfr_interfaces/local/lib/python3.10/dist-packages/asdfr_interfaces-0.0.0-py3.10.egg-info/SOURCES.txt
[1.057s] -- Up-to-date: /home/ram-user/ASDFR/src/ros2_nodes/src/install/asdfr_interfaces/local/lib/python3.10/dist-packages/asdfr_interfaces
[1.057s] -- Up-to-date: /home/ram-user/ASDFR/src/ros2_nodes/src/install/asdfr_interfaces/local/lib/python3.10/dist-packages/asdfr_interfaces/__init__.py
[1.057s] -- Up-to-date: /home/ram-user/ASDFR/src/ros2_nodes/src/install/asdfr_interfaces/local/lib/python3.10/dist-packages/asdfr_interfaces/_asdfr_interfaces_s.ep.rosidl_typesupport_fastrtps_c.c
[1.058s] -- Up-to-date: /home/ram-user/ASDFR/src/ros2_nodes/src/install/asdfr_interfaces/local/lib/python3.10/dist-packages/asdfr_interfaces/asdfr_interfaces_s__rosidl_typesupport_introspection_c.cpython-310-x86_64-linux-gnu.so
[1.058s] -- Up-to-date: /home/ram-user/ASDFR/src/ros2_nodes/src/install/asdfr_interfaces/local/lib/python3.10/dist-packages/asdfr_interfaces/libasdfr_interfaces__rosidl_generator_py.so
[1.058s] -- Up-to-date: /home/ram-user/ASDFR/src/ros2_nodes/src/install/asdfr_interfaces/local/lib/python3.10/dist-packages/asdfr_interfaces/asdfr_interfaces_s__rosidl_typesupport_c.cpython-310-x86_64-linux-gnu.so
[1.058s] -- Up-to-date: /home/ram-user/ASDFR/src/ros2_nodes/src/install/asdfr_interfaces/local/lib/python3.10/dist-packages/asdfr_interfaces/_asdfr_interfaces_s.ep.rosidl_typesupport_introspection_c.c
[1.058s] -- Up-to-date: /home/ram-user/ASDFR/src/ros2_nodes/src/install/asdfr_interfaces/local/lib/python3.10/dist-packages/asdfr_interfaces/_asdfr_interfaces_s.ep.rosidl_typesupport_c.c
[1.058s] -- Up-to-date: /home/ram-user/ASDFR/src/ros2_nodes/src/install/asdfr_interfaces/local/lib/python3.10/dist-packages/asdfr_interfaces/msg
[1.058s] -- Up-to-date: /home/ram-user/ASDFR/src/ros2_nodes/src/install/asdfr_interfaces/local/lib/python3.10/dist-packages/asdfr_interfaces/msg/__init__.py
[1.058s] -- Up-to-date: /home/ram-user/ASDFR/src/ros2_nodes/src/install/asdfr_interfaces/local/lib/python3.10/dist-packages/asdfr_interfaces/msg/_point2.py
[1.058s] -- Up-to-date: /home/ram-user/ASDFR/src/ros2_nodes/src/install/asdfr_interfaces/local/lib/python3.10/dist-packages/asdfr_interfaces/msg/_point2_s.c
[1.058s] -- Up-to-date: /home/ram-user/ASDFR/src/ros2_nodes/src/install/asdfr_interfaces/local/lib/python3.10/dist-packages/asdfr_interfaces/asdfr_interfaces_s__rosidl_typesupport_fastrtps_c.cpython-310-x86_64-linux-gnu.so
[1.097s] Listing '/home/ram-user/ASDFR/src/ros2_nodes/src/install/asdfr_interfaces/local/lib/python3.10/dist-packages/asdfr_interfaces'...
[1.097s] Listing '/home/ram-user/ASDFR/src/ros2_nodes/src/install/asdfr_interfaces/local/lib/python3.10/dist-packages/asdfr_interfaces/msg'...
[1.105s] -- Up-to-date: /home/ram-user/ASDFR/src/ros2_nodes/src/install/asdfr_interfaces/local/lib/python3.10/dist-packages/asdfr_interfaces/asdfr_interfaces_s__rosidl_typesupport_fastrtps_c.cpython-310-x86_64-linux-gnu.so
[1.106s] -- Up-to-date: /home/ram-user/ASDFR/src/ros2_nodes/src/install/asdfr_interfaces/local/lib/python3.10/dist-packages/asdfr_interfaces/asdfr_interfaces_s__rosidl_typesupport_introspection_c.cpython-310-x86_64-linux-gnu.so
[1.106s] -- Up-to-date: /home/ram-user/ASDFR/src/ros2_nodes/src/install/asdfr_interfaces/local/lib/python3.10/dist-packages/asdfr_interfaces/asdfr_interfaces_s__rosidl_typesupport_c.cpython-310-x86_64-linux-gnu.so
[1.106s] -- Up-to-date: /home/ram-user/ASDFR/src/ros2_nodes/src/install/asdfr_interfaces/lib/libasdfr_interfaces__rosidl_generator_py.so
[1.106s] -- Up-to-date: /home/ram-user/ASDFR/src/ros2_nodes/src/install/asdfr_interfaces/share/asdfr_interfaces/msg/Point2.idl
[1.106s] -- Up-to-date: /home/ram-user/ASDFR/src/ros2_nodes/src/install/asdfr_interfaces/share/asdfr_interfaces/msg/Point2.msg
[1.106s] -- Up-to-date: /home/ram-user/ASDFR/src/ros2_nodes/src/install/asdfr_interfaces/share/ament_index/resource_index/package_run_dependencies/asdfr_interfaces
[1.107s] -- Up-to-date: /home/ram-user/ASDFR/src/ros2_nodes/src/install/asdfr_interfaces/share/ament_index/resource_index/parent_prefix_path/asdfr_interfaces
[1.107s] -- Up-to-date: /home/ram-user/ASDFR/src/ros2_nodes/src/install/asdfr_interfaces/share/asdfr_interfaces/environment/ament_prefix_path.sh
[1.107s] -- Up-to-date: /home/ram-user/ASDFR/src/ros2_nodes/src/install/asdfr_interfaces/share/asdfr_interfaces/environment/ament_prefix_path.dsv
[1.107s] -- Up-to-date: /home/ram-user/ASDFR/src/ros2_nodes/src/install/asdfr_interfaces/share/asdfr_interfaces/environment/path.sh
[1.107s] -- Up-to-date: /home/ram-user/ASDFR/src/ros2_nodes/src/install/asdfr_interfaces/share/asdfr_interfaces/environment/path.dsv
[1.107s] -- Up-to-date: /home/ram-user/ASDFR/src/ros2_nodes/src/install/asdfr_interfaces/share/asdfr_interfaces/local_setup.bash
[1.107s] -- Up-to-date: /home/ram-user/ASDFR/src/ros2_nodes/src/install/asdfr_interfaces/share/asdfr_interfaces/local_setup.sh
[1.107s] -- Up-to-date: /home/ram-user/ASDFR/src/ros2_nodes/src/install/asdfr_interfaces/share/asdfr_interfaces/local_setup.zsh
[1.107s] -- Up-to-date: /home/ram-user/ASDFR/src/ros2_nodes/src/install/asdfr_interfaces/share/asdfr_interfaces/local_setup.dsv
[1.107s] -- Installing: /home/ram-user/ASDFR/src/ros2_nodes/src/install/asdfr_interfaces/share/asdfr_interfaces/package.dsv
[1.107s] -- Up-to-date: /home/ram-user/ASDFR/src/ros2_nodes/src/install/asdfr_interfaces/share/ament_index/resource_index/packages/asdfr_interfaces
[1.107s] -- Up-to-date: /home/ram-user/ASDFR/src/ros2_nodes/src/install/asdfr_interfaces/share/asdfr_interfaces/cmake/export_asdfr_interfaces__rosidl_generator_cExport.cmake
[1.107s] -- Up-to-date: /home/ram-user/ASDFR/src/ros2_nodes/src/install/asdfr_interfaces/share/asdfr_interfaces/cmake/export_asdfr_interfaces__rosidl_generator_cExport-noconfig.cmake
[1.108s] -- Up-to-date: /home/ram-user/ASDFR/src/ros2_nodes/src/install/asdfr_interfaces/share/asdfr_interfaces/cmake/export_asdfr_interfaces__rosidl_typesupport_fastrtps_cExport.cmake
[1.108s] -- Up-to-date: /home/ram-user/ASDFR/src/ros2_nodes/src/install/asdfr_interfaces/share/asdfr_interfaces/cmake/export_asdfr_interfaces__rosidl_typesupport_fastrtps_cExport-noconfig.cmake
[1.108s] -- Up-to-date: /home/ram-user/ASDFR/src/ros2_nodes/src/install/asdfr_interfaces/share/asdfr_interfaces/cmake/asdfr_interfaces__rosidl_typesupport_introspection_cExport.cmake
[1.108s] -- Up-to-date: /home/ram-user/ASDFR/src/ros2_nodes/src/install/asdfr_interfaces/share/asdfr_interfaces/cmake/asdfr_interfaces__rosidl_typesupport_introspection_cExport-noconfig.cmake
[1.108s] -- Up-to-date: /home/ram-user/ASDFR/src/ros2_nodes/src/install/asdfr_interfaces/share/asdfr_interfaces/cmake/asdfr_interfaces__rosidl_typesupport_cExport.cmake
[1.108s] -- Up-to-date: /home/ram-user/ASDFR/src/ros2_nodes/src/install/asdfr_interfaces/share/asdfr_interfaces/cmake/asdfr_interfaces__rosidl_typesupport_cExport-noconfig.cmake
[1.108s] -- Up-to-date: /home/ram-user/ASDFR/src/ros2_nodes/src/install/asdfr_interfaces/share/asdfr_interfaces/cmake/export_asdfr_interfaces__rosidl_generator_cppExport.cmake
[1.109s] -- Up-to-date: /home/ram-user/ASDFR/src/ros2_nodes/src/install/asdfr_interfaces/share/asdfr_interfaces/cmake/export_asdfr_interfaces__rosidl_typesupport_fastrtps_cppExport.cmake
[1.109s] -- Up-to-date: /home/ram-user/ASDFR/src/ros2_nodes/src/install/asdfr_interfaces/share/asdfr_interfaces/cmake/export_asdfr_interfaces__rosidl_typesupport_fastrtps_cppExport-noconfig.cmake
[1.109s] -- Up-to-date: /home/ram-user/ASDFR/src/ros2_nodes/src/install/asdfr_interfaces/share/asdfr_interfaces/cmake/asdfr_interfaces__rosidl_typesupport_introspection_cppExport.cmake
[1.109s] -- Up-to-date: /home/ram-user/ASDFR/src/ros2_nodes/src/install/asdfr_interfaces/share/asdfr_interfaces/cmake/asdfr_interfaces__rosidl_typesupport_introspection_cppExport-noconfig.cmake
[1.109s] -- Up-to-date: /home/ram-user/ASDFR/src/ros2_nodes/src/install/asdfr_interfaces/share/asdfr_interfaces/cmake/asdfr_interfaces__rosidl_typesupport_cppExport.cmake
[1.109s] -- Up-to-date: /home/ram-user/ASDFR/src/ros2_nodes/src/install/asdfr_interfaces/share/asdfr_interfaces/cmake/asdfr_interfaces__rosidl_typesupport_cppExport-noconfig.cmake
[1.109s] -- Up-to-date: /home/ram-user/ASDFR/src/ros2_nodes/src/install/asdfr_interfaces/share/asdfr_interfaces/cmake/export_asdfr_interfaces__rosidl_generator_pyExport.cmake
[1.109s] -- Up-to-date: /home/ram-user/ASDFR/src/ros2_nodes/src/install/asdfr_interfaces/share/asdfr_interfaces/cmake/export_asdfr_interfaces__rosidl_generator_pyExport-noconfig.cmake
[1.109s] -- Up-to-date: /home/ram-user/ASDFR/src/ros2_nodes/src/install/asdfr_interfaces/share/asdfr_interfaces/cmake/rosidl_cmake-extras.cmake
[1.109s] -- Up-to-date: /home/ram-user/ASDFR/src/ros2_nodes/src/install/asdfr_interfaces/share/asdfr_interfaces/cmake/ament_cmake_export_include_directories-extras.cmake
[1.109s] -- Up-to-date: /home/ram-user/ASDFR/src/ros2_nodes/src/install/asdfr_interfaces/share/asdfr_interfaces/cmake/ament_cmake_export_libraries-extras.cmake
[1.109s] -- Up-to-date: /home/ram-user/ASDFR/src/ros2_nodes/src/install/asdfr_interfaces/share/asdfr_interfaces/cmake/ament_cmake_export_targets-extras.cmake
[1.109s] -- Up-to-date: /home/ram-user/ASDFR/src/ros2_nodes/src/install/asdfr_interfaces/share/asdfr_interfaces/cmake/rosidl_cmake_export_typesupport_targets-extras.cmake
[1.109s] -- Up-to-date: /home/ram-user/ASDFR/src/ros2_nodes/src/install/asdfr_interfaces/share/asdfr_interfaces/cmake/ament_cmake_export_dependencies-extras.cmake
[1.109s] -- Up-to-date: /home/ram-user/ASDFR/src/ros2_nodes/src/install/asdfr_interfaces/share/asdfr_interfaces/cmake/rosidl_cmake_export_typesupport_libraries-extras.cmake
[1.109s] -- Up-to-date: /home/ram-user/ASDFR/src/ros2_nodes/src/install/asdfr_interfaces/share/asdfr_interfaces/cmake/asdfr_interfacesConfig.cmake
[1.109s] -- Up-to-date: /home/ram-user/ASDFR/src/ros2_nodes/src/install/asdfr_interfaces/share/asdfr_interfaces/cmake/asdfr_interfacesConfig-version.cmake
[1.110s] -- Up-to-date: /home/ram-user/ASDFR/src/ros2_nodes/src/install/asdfr_interfaces/share/asdfr_interfaces/package.xml
[1.128s] Invoked command in '/home/ram-user/ASDFR/src/ros2_nodes/src/build/asdfr_interfaces' returned '0': CMAKE_PREFIX_PATH=${CMAKE_PREFIX_PATH}:/opt/ros/humble /usr/bin/cmake --install /home/ram-user/ASDFR/src/ros2_nodes/src/build/asdfr_interfaces
