[24.613s] DEBUG:colcon:Command line arguments: ['/usr/bin/colcon', 'build']
[24.613s] DEBUG:colcon:Parsed command line arguments: Namespace(log_base=None, log_level=None, verb_name='build', build_base='build', install_base='install', merge_install=False, symlink_install=False, test_result_base=None, continue_on_error=False, executor='parallel', parallel_workers=2, event_handlers=None, ignore_user_meta=False, metas=['./colcon.meta'], base_paths=['.'], packages_ignore=None, packages_ignore_regex=None, paths=None, packages_up_to=None, packages_up_to_regex=None, packages_above=None, packages_above_and_dependencies=None, packages_above_depth=None, packages_select_by_dep=None, packages_skip_by_dep=None, packages_skip_up_to=None, packages_select_build_failed=False, packages_skip_build_finished=False, packages_select_test_failures=False, packages_skip_test_passed=False, packages_select=None, packages_skip=None, packages_select_regex=None, packages_skip_regex=None, packages_start=None, packages_end=None, allow_overriding=[], cmake_args=None, cmake_target=None, cmake_target_skip_unavailable=False, cmake_clean_cache=False, cmake_clean_first=False, cmake_force_configure=False, ament_cmake_args=None, catkin_cmake_args=None, catkin_skip_building_tests=False, verb_parser=<colcon_defaults.argument_parser.defaults.DefaultArgumentsDecorator object at 0x7f8dfc19b040>, verb_extension=<colcon_core.verb.build.BuildVerb object at 0x7f8dfcaa3220>, main=<bound method BuildVerb.main of <colcon_core.verb.build.BuildVerb object at 0x7f8dfcaa3220>>)
[25.292s] Level 1:colcon.colcon_core.package_discovery:discover_packages(colcon_meta) check parameters
[25.292s] Level 1:colcon.colcon_core.package_discovery:discover_packages(recursive) check parameters
[25.292s] Level 1:colcon.colcon_core.package_discovery:discover_packages(ignore) check parameters
[25.292s] Level 1:colcon.colcon_core.package_discovery:discover_packages(path) check parameters
[25.292s] Level 1:colcon.colcon_core.package_discovery:discover_packages(colcon_meta) discover
[25.292s] Level 1:colcon.colcon_core.package_discovery:discover_packages(recursive) discover
[25.292s] INFO:colcon.colcon_core.package_discovery:Crawling recursively for packages in '/home/ram-user/ASDFR'
[25.292s] Level 1:colcon.colcon_core.package_identification:_identify(.) by extensions ['ignore', 'ignore_ament_install']
[25.293s] Level 1:colcon.colcon_core.package_identification:_identify(.) by extension 'ignore'
[25.293s] Level 1:colcon.colcon_core.package_identification:_identify(.) by extension 'ignore_ament_install'
[25.293s] Level 1:colcon.colcon_core.package_identification:_identify(.) by extensions ['colcon_pkg']
[25.293s] Level 1:colcon.colcon_core.package_identification:_identify(.) by extension 'colcon_pkg'
[25.293s] Level 1:colcon.colcon_core.package_identification:_identify(.) by extensions ['colcon_meta']
[25.293s] Level 1:colcon.colcon_core.package_identification:_identify(.) by extension 'colcon_meta'
[25.293s] Level 1:colcon.colcon_core.package_identification:_identify(.) by extensions ['ros']
[25.293s] Level 1:colcon.colcon_core.package_identification:_identify(.) by extension 'ros'
[25.440s] Level 1:colcon.colcon_core.package_identification:_identify(.) by extensions ['cmake', 'python']
[25.440s] Level 1:colcon.colcon_core.package_identification:_identify(.) by extension 'cmake'
[25.440s] Level 1:colcon.colcon_core.package_identification:_identify(.) by extension 'python'
[25.440s] Level 1:colcon.colcon_core.package_identification:_identify(.) by extensions ['python_setup_py']
[25.440s] Level 1:colcon.colcon_core.package_identification:_identify(.) by extension 'python_setup_py'
[25.465s] Level 1:colcon.colcon_core.package_identification:_identify(build) by extensions ['ignore', 'ignore_ament_install']
[25.465s] Level 1:colcon.colcon_core.package_identification:_identify(build) by extension 'ignore'
[25.465s] Level 1:colcon.colcon_core.package_identification:_identify(build) ignored
[25.467s] Level 1:colcon.colcon_core.package_identification:_identify(install) by extensions ['ignore', 'ignore_ament_install']
[25.467s] Level 1:colcon.colcon_core.package_identification:_identify(install) by extension 'ignore'
[25.467s] Level 1:colcon.colcon_core.package_identification:_identify(install) ignored
[25.467s] Level 1:colcon.colcon_core.package_identification:_identify(log) by extensions ['ignore', 'ignore_ament_install']
[25.468s] Level 1:colcon.colcon_core.package_identification:_identify(log) by extension 'ignore'
[25.468s] Level 1:colcon.colcon_core.package_identification:_identify(log) ignored
[25.468s] Level 1:colcon.colcon_core.package_identification:_identify(src) by extensions ['ignore', 'ignore_ament_install']
[25.468s] Level 1:colcon.colcon_core.package_identification:_identify(src) by extension 'ignore'
[25.468s] Level 1:colcon.colcon_core.package_identification:_identify(src) by extension 'ignore_ament_install'
[25.468s] Level 1:colcon.colcon_core.package_identification:_identify(src) by extensions ['colcon_pkg']
[25.468s] Level 1:colcon.colcon_core.package_identification:_identify(src) by extension 'colcon_pkg'
[25.468s] Level 1:colcon.colcon_core.package_identification:_identify(src) by extensions ['colcon_meta']
[25.468s] Level 1:colcon.colcon_core.package_identification:_identify(src) by extension 'colcon_meta'
[25.468s] Level 1:colcon.colcon_core.package_identification:_identify(src) by extensions ['ros']
[25.468s] Level 1:colcon.colcon_core.package_identification:_identify(src) by extension 'ros'
[25.468s] Level 1:colcon.colcon_core.package_identification:_identify(src) by extensions ['cmake', 'python']
[25.468s] Level 1:colcon.colcon_core.package_identification:_identify(src) by extension 'cmake'
[25.468s] Level 1:colcon.colcon_core.package_identification:_identify(src) by extension 'python'
[25.468s] Level 1:colcon.colcon_core.package_identification:_identify(src) by extensions ['python_setup_py']
[25.469s] Level 1:colcon.colcon_core.package_identification:_identify(src) by extension 'python_setup_py'
[25.483s] Level 1:colcon.colcon_core.package_identification:_identify(src/build) by extensions ['ignore', 'ignore_ament_install']
[25.483s] Level 1:colcon.colcon_core.package_identification:_identify(src/build) by extension 'ignore'
[25.483s] Level 1:colcon.colcon_core.package_identification:_identify(src/build) by extension 'ignore_ament_install'
[25.484s] Level 1:colcon.colcon_core.package_identification:_identify(src/build) by extensions ['colcon_pkg']
[25.484s] Level 1:colcon.colcon_core.package_identification:_identify(src/build) by extension 'colcon_pkg'
[25.484s] Level 1:colcon.colcon_core.package_identification:_identify(src/build) by extensions ['colcon_meta']
[25.484s] Level 1:colcon.colcon_core.package_identification:_identify(src/build) by extension 'colcon_meta'
[25.484s] Level 1:colcon.colcon_core.package_identification:_identify(src/build) by extensions ['ros']
[25.484s] Level 1:colcon.colcon_core.package_identification:_identify(src/build) by extension 'ros'
[25.484s] Level 1:colcon.colcon_core.package_identification:_identify(src/build) by extensions ['cmake', 'python']
[25.484s] Level 1:colcon.colcon_core.package_identification:_identify(src/build) by extension 'cmake'
[25.484s] Level 1:colcon.colcon_core.package_identification:_identify(src/build) by extension 'python'
[25.484s] Level 1:colcon.colcon_core.package_identification:_identify(src/build) by extensions ['python_setup_py']
[25.484s] Level 1:colcon.colcon_core.package_identification:_identify(src/build) by extension 'python_setup_py'
[25.484s] Level 1:colcon.colcon_core.package_identification:_identify(src/image_processing) by extensions ['ignore', 'ignore_ament_install']
[25.484s] Level 1:colcon.colcon_core.package_identification:_identify(src/image_processing) by extension 'ignore'
[25.484s] Level 1:colcon.colcon_core.package_identification:_identify(src/image_processing) by extension 'ignore_ament_install'
[25.484s] Level 1:colcon.colcon_core.package_identification:_identify(src/image_processing) by extensions ['colcon_pkg']
[25.484s] Level 1:colcon.colcon_core.package_identification:_identify(src/image_processing) by extension 'colcon_pkg'
[25.484s] Level 1:colcon.colcon_core.package_identification:_identify(src/image_processing) by extensions ['colcon_meta']
[25.485s] Level 1:colcon.colcon_core.package_identification:_identify(src/image_processing) by extension 'colcon_meta'
[25.485s] Level 1:colcon.colcon_core.package_identification:_identify(src/image_processing) by extensions ['ros']
[25.485s] Level 1:colcon.colcon_core.package_identification:_identify(src/image_processing) by extension 'ros'
[25.514s] DEBUG:colcon.colcon_core.package_identification:Package 'src/image_processing' with type 'ros.ament_cmake' and name 'image_processing'
[25.517s] Level 1:colcon.colcon_core.package_identification:_identify(src/install) by extensions ['ignore', 'ignore_ament_install']
[25.517s] Level 1:colcon.colcon_core.package_identification:_identify(src/install) by extension 'ignore'
[25.517s] Level 1:colcon.colcon_core.package_identification:_identify(src/install) by extension 'ignore_ament_install'
[25.517s] Level 1:colcon.colcon_core.package_identification:_identify(src/install) by extensions ['colcon_pkg']
[25.517s] Level 1:colcon.colcon_core.package_identification:_identify(src/install) by extension 'colcon_pkg'
[25.517s] Level 1:colcon.colcon_core.package_identification:_identify(src/install) by extensions ['colcon_meta']
[25.517s] Level 1:colcon.colcon_core.package_identification:_identify(src/install) by extension 'colcon_meta'
[25.518s] Level 1:colcon.colcon_core.package_identification:_identify(src/install) by extensions ['ros']
[25.518s] Level 1:colcon.colcon_core.package_identification:_identify(src/install) by extension 'ros'
[25.518s] Level 1:colcon.colcon_core.package_identification:_identify(src/install) by extensions ['cmake', 'python']
[25.518s] Level 1:colcon.colcon_core.package_identification:_identify(src/install) by extension 'cmake'
[25.518s] Level 1:colcon.colcon_core.package_identification:_identify(src/install) by extension 'python'
[25.518s] Level 1:colcon.colcon_core.package_identification:_identify(src/install) by extensions ['python_setup_py']
[25.518s] Level 1:colcon.colcon_core.package_identification:_identify(src/install) by extension 'python_setup_py'
[25.549s] Level 1:colcon.colcon_core.package_identification:_identify(src/log) by extensions ['ignore', 'ignore_ament_install']
[25.549s] Level 1:colcon.colcon_core.package_identification:_identify(src/log) by extension 'ignore'
[25.549s] Level 1:colcon.colcon_core.package_identification:_identify(src/log) ignored
[25.549s] Level 1:colcon.colcon_core.package_discovery:discover_packages(recursive) using defaults
[25.549s] Level 1:colcon.colcon_core.package_discovery:discover_packages(ignore) discover
[25.549s] Level 1:colcon.colcon_core.package_discovery:discover_packages(ignore) using defaults
[25.549s] Level 1:colcon.colcon_core.package_discovery:discover_packages(path) discover
[25.549s] Level 1:colcon.colcon_core.package_discovery:discover_packages(path) using defaults
[26.133s] Level 1:colcon.colcon_core.package_discovery:discover_packages(prefix_path) check parameters
[26.133s] Level 1:colcon.colcon_core.package_discovery:discover_packages(prefix_path) discover
[26.251s] DEBUG:colcon.colcon_installed_package_information.package_discovery:Found 1 installed packages in /home/ram-user/ASDFR/install
[26.253s] DEBUG:colcon.colcon_installed_package_information.package_discovery:Found 270 installed packages in /opt/ros/humble
[26.254s] Level 1:colcon.colcon_core.package_discovery:discover_packages(prefix_path) using defaults
[26.433s] Level 5:colcon.colcon_core.verb:set package 'image_processing' build argument 'cmake_args' from command line to 'None'
[26.433s] Level 5:colcon.colcon_core.verb:set package 'image_processing' build argument 'cmake_target' from command line to 'None'
[26.433s] Level 5:colcon.colcon_core.verb:set package 'image_processing' build argument 'cmake_target_skip_unavailable' from command line to 'False'
[26.433s] Level 5:colcon.colcon_core.verb:set package 'image_processing' build argument 'cmake_clean_cache' from command line to 'False'
[26.433s] Level 5:colcon.colcon_core.verb:set package 'image_processing' build argument 'cmake_clean_first' from command line to 'False'
[26.433s] Level 5:colcon.colcon_core.verb:set package 'image_processing' build argument 'cmake_force_configure' from command line to 'False'
[26.433s] Level 5:colcon.colcon_core.verb:set package 'image_processing' build argument 'ament_cmake_args' from command line to 'None'
[26.433s] Level 5:colcon.colcon_core.verb:set package 'image_processing' build argument 'catkin_cmake_args' from command line to 'None'
[26.433s] Level 5:colcon.colcon_core.verb:set package 'image_processing' build argument 'catkin_skip_building_tests' from command line to 'False'
[26.433s] DEBUG:colcon.colcon_core.verb:Building package 'image_processing' with the following arguments: {'ament_cmake_args': None, 'build_base': '/home/ram-user/ASDFR/build/image_processing', 'catkin_cmake_args': None, 'catkin_skip_building_tests': False, 'cmake_args': None, 'cmake_clean_cache': False, 'cmake_clean_first': False, 'cmake_force_configure': False, 'cmake_target': None, 'cmake_target_skip_unavailable': False, 'install_base': '/home/ram-user/ASDFR/install/image_processing', 'merge_install': False, 'path': '/home/ram-user/ASDFR/src/image_processing', 'symlink_install': False, 'test_result_base': None}
[26.434s] INFO:colcon.colcon_core.executor:Executing jobs using 'parallel' executor
[26.437s] DEBUG:colcon.colcon_parallel_executor.executor.parallel:run_until_complete
[26.437s] INFO:colcon.colcon_ros.task.ament_cmake.build:Building ROS package in '/home/ram-user/ASDFR/src/image_processing' with build type 'ament_cmake'
[26.437s] INFO:colcon.colcon_cmake.task.cmake.build:Building CMake package in '/home/ram-user/ASDFR/src/image_processing'
[26.476s] INFO:colcon.colcon_core.plugin_system:Skipping extension 'colcon_core.shell.bat': Not used on non-Windows systems
[26.476s] INFO:colcon.colcon_core.shell:Skip shell extension 'powershell' for command environment: Not usable outside of PowerShell
[26.476s] DEBUG:colcon.colcon_core.shell:Skip shell extension 'dsv' for command environment
[26.609s] DEBUG:colcon.colcon_core.event_handler.log_command:Invoking command in '/home/ram-user/ASDFR/build/image_processing': CMAKE_PREFIX_PATH=${CMAKE_PREFIX_PATH}:/opt/ros/humble /usr/bin/cmake --build /home/ram-user/ASDFR/build/image_processing -- -j2 -l2
[42.055s] DEBUG:colcon.colcon_core.event_handler.log_command:Invoked command in '/home/ram-user/ASDFR/build/image_processing' returned '0': CMAKE_PREFIX_PATH=${CMAKE_PREFIX_PATH}:/opt/ros/humble /usr/bin/cmake --build /home/ram-user/ASDFR/build/image_processing -- -j2 -l2
[42.098s] DEBUG:colcon.colcon_core.event_handler.log_command:Invoking command in '/home/ram-user/ASDFR/build/image_processing': CMAKE_PREFIX_PATH=${CMAKE_PREFIX_PATH}:/opt/ros/humble /usr/bin/cmake --install /home/ram-user/ASDFR/build/image_processing
[42.794s] Level 1:colcon.colcon_core.environment:create_environment_scripts_only(image_processing)
[42.795s] DEBUG:colcon.colcon_core.event_handler.log_command:Invoked command in '/home/ram-user/ASDFR/build/image_processing' returned '0': CMAKE_PREFIX_PATH=${CMAKE_PREFIX_PATH}:/opt/ros/humble /usr/bin/cmake --install /home/ram-user/ASDFR/build/image_processing
[42.809s] Level 1:colcon.colcon_core.environment:checking '/home/ram-user/ASDFR/install/image_processing' for CMake module files
[42.810s] Level 1:colcon.colcon_core.environment:checking '/home/ram-user/ASDFR/install/image_processing' for CMake config files
[42.810s] Level 1:colcon.colcon_core.shell:create_environment_hook('image_processing', 'cmake_prefix_path')
[42.812s] INFO:colcon.colcon_core.shell:Creating environment hook '/home/ram-user/ASDFR/install/image_processing/share/image_processing/hook/cmake_prefix_path.ps1'
[42.813s] INFO:colcon.colcon_core.shell:Creating environment descriptor '/home/ram-user/ASDFR/install/image_processing/share/image_processing/hook/cmake_prefix_path.dsv'
[42.814s] INFO:colcon.colcon_core.shell:Creating environment hook '/home/ram-user/ASDFR/install/image_processing/share/image_processing/hook/cmake_prefix_path.sh'
[42.815s] Level 1:colcon.colcon_core.environment:checking '/home/ram-user/ASDFR/install/image_processing/lib'
[42.815s] Level 1:colcon.colcon_core.environment:checking '/home/ram-user/ASDFR/install/image_processing/bin'
[42.815s] Level 1:colcon.colcon_core.environment:checking '/home/ram-user/ASDFR/install/image_processing/lib/pkgconfig/image_processing.pc'
[42.817s] Level 1:colcon.colcon_core.environment:checking '/home/ram-user/ASDFR/install/image_processing/lib/python3.10/site-packages'
[42.818s] Level 1:colcon.colcon_core.environment:checking '/home/ram-user/ASDFR/install/image_processing/bin'
[42.819s] INFO:colcon.colcon_core.shell:Creating package script '/home/ram-user/ASDFR/install/image_processing/share/image_processing/package.ps1'
[42.820s] INFO:colcon.colcon_core.shell:Creating package descriptor '/home/ram-user/ASDFR/install/image_processing/share/image_processing/package.dsv'
[42.821s] INFO:colcon.colcon_core.shell:Creating package script '/home/ram-user/ASDFR/install/image_processing/share/image_processing/package.sh'
[42.822s] INFO:colcon.colcon_core.shell:Creating package script '/home/ram-user/ASDFR/install/image_processing/share/image_processing/package.bash'
[42.823s] INFO:colcon.colcon_core.shell:Creating package script '/home/ram-user/ASDFR/install/image_processing/share/image_processing/package.zsh'
[42.823s] Level 1:colcon.colcon_core.environment:create_file_with_runtime_dependencies(/home/ram-user/ASDFR/install/image_processing/share/colcon-core/packages/image_processing)
[42.862s] Level 1:colcon.colcon_core.environment:create_environment_scripts_only(image_processing)
[42.864s] Level 1:colcon.colcon_core.environment:checking '/home/ram-user/ASDFR/install/image_processing' for CMake module files
[42.864s] Level 1:colcon.colcon_core.environment:checking '/home/ram-user/ASDFR/install/image_processing' for CMake config files
[42.864s] Level 1:colcon.colcon_core.shell:create_environment_hook('image_processing', 'cmake_prefix_path')
[42.865s] INFO:colcon.colcon_core.shell:Creating environment hook '/home/ram-user/ASDFR/install/image_processing/share/image_processing/hook/cmake_prefix_path.ps1'
[42.866s] INFO:colcon.colcon_core.shell:Creating environment descriptor '/home/ram-user/ASDFR/install/image_processing/share/image_processing/hook/cmake_prefix_path.dsv'
[42.867s] INFO:colcon.colcon_core.shell:Creating environment hook '/home/ram-user/ASDFR/install/image_processing/share/image_processing/hook/cmake_prefix_path.sh'
[42.868s] Level 1:colcon.colcon_core.environment:checking '/home/ram-user/ASDFR/install/image_processing/lib'
[42.868s] Level 1:colcon.colcon_core.environment:checking '/home/ram-user/ASDFR/install/image_processing/bin'
[42.868s] Level 1:colcon.colcon_core.environment:checking '/home/ram-user/ASDFR/install/image_processing/lib/pkgconfig/image_processing.pc'
[42.868s] Level 1:colcon.colcon_core.environment:checking '/home/ram-user/ASDFR/install/image_processing/lib/python3.10/site-packages'
[42.869s] Level 1:colcon.colcon_core.environment:checking '/home/ram-user/ASDFR/install/image_processing/bin'
[42.870s] INFO:colcon.colcon_core.shell:Creating package script '/home/ram-user/ASDFR/install/image_processing/share/image_processing/package.ps1'
[42.870s] INFO:colcon.colcon_core.shell:Creating package descriptor '/home/ram-user/ASDFR/install/image_processing/share/image_processing/package.dsv'
[42.871s] INFO:colcon.colcon_core.shell:Creating package script '/home/ram-user/ASDFR/install/image_processing/share/image_processing/package.sh'
[42.871s] INFO:colcon.colcon_core.shell:Creating package script '/home/ram-user/ASDFR/install/image_processing/share/image_processing/package.bash'
[42.872s] INFO:colcon.colcon_core.shell:Creating package script '/home/ram-user/ASDFR/install/image_processing/share/image_processing/package.zsh'
[42.872s] Level 1:colcon.colcon_core.environment:create_file_with_runtime_dependencies(/home/ram-user/ASDFR/install/image_processing/share/colcon-core/packages/image_processing)
[42.872s] DEBUG:colcon.colcon_parallel_executor.executor.parallel:closing loop
[42.873s] DEBUG:colcon.colcon_parallel_executor.executor.parallel:loop closed
[42.873s] DEBUG:colcon.colcon_parallel_executor.executor.parallel:run_until_complete finished with '0'
[42.873s] DEBUG:colcon.colcon_core.event_reactor:joining thread
[43.249s] INFO:colcon.colcon_core.plugin_system:Skipping extension 'colcon_notification.desktop_notification.terminal_notifier': Not used on non-Darwin systems
[43.249s] INFO:colcon.colcon_core.plugin_system:Skipping extension 'colcon_notification.desktop_notification.win32': Not used on non-Windows systems
[43.249s] INFO:colcon.colcon_notification.desktop_notification:Sending desktop notification using 'notify2'
[43.271s] DEBUG:colcon.colcon_core.event_reactor:joined thread
[43.272s] INFO:colcon.colcon_core.shell:Creating prefix script '/home/ram-user/ASDFR/install/local_setup.ps1'
[43.273s] INFO:colcon.colcon_core.shell:Creating prefix util module '/home/ram-user/ASDFR/install/_local_setup_util_ps1.py'
[43.274s] INFO:colcon.colcon_core.shell:Creating prefix chain script '/home/ram-user/ASDFR/install/setup.ps1'
[43.276s] INFO:colcon.colcon_core.shell:Creating prefix script '/home/ram-user/ASDFR/install/local_setup.sh'
[43.276s] INFO:colcon.colcon_core.shell:Creating prefix util module '/home/ram-user/ASDFR/install/_local_setup_util_sh.py'
[43.277s] INFO:colcon.colcon_core.shell:Creating prefix chain script '/home/ram-user/ASDFR/install/setup.sh'
[43.278s] INFO:colcon.colcon_core.shell:Creating prefix script '/home/ram-user/ASDFR/install/local_setup.bash'
[43.279s] INFO:colcon.colcon_core.shell:Creating prefix chain script '/home/ram-user/ASDFR/install/setup.bash'
[43.281s] INFO:colcon.colcon_core.shell:Creating prefix script '/home/ram-user/ASDFR/install/local_setup.zsh'
[43.295s] INFO:colcon.colcon_core.shell:Creating prefix chain script '/home/ram-user/ASDFR/install/setup.zsh'
