[6.322s] DEBUG:colcon:Command line arguments: ['/usr/bin/colcon', 'build']
[6.322s] DEBUG:colcon:Parsed command line arguments: Namespace(log_base=None, log_level=None, verb_name='build', build_base='build', install_base='install', merge_install=False, symlink_install=False, test_result_base=None, continue_on_error=False, executor='parallel', parallel_workers=2, event_handlers=None, ignore_user_meta=False, metas=['./colcon.meta'], base_paths=['.'], packages_ignore=None, packages_ignore_regex=None, paths=None, packages_up_to=None, packages_up_to_regex=None, packages_above=None, packages_above_and_dependencies=None, packages_above_depth=None, packages_select_by_dep=None, packages_skip_by_dep=None, packages_skip_up_to=None, packages_select_build_failed=False, packages_skip_build_finished=False, packages_select_test_failures=False, packages_skip_test_passed=False, packages_select=None, packages_skip=None, packages_select_regex=None, packages_skip_regex=None, packages_start=None, packages_end=None, allow_overriding=[], cmake_args=None, cmake_target=None, cmake_target_skip_unavailable=False, cmake_clean_cache=False, cmake_clean_first=False, cmake_force_configure=False, ament_cmake_args=None, catkin_cmake_args=None, catkin_skip_building_tests=False, verb_parser=<colcon_defaults.argument_parser.defaults.DefaultArgumentsDecorator object at 0x7fd5bb89b1f0>, verb_extension=<colcon_core.verb.build.BuildVerb object at 0x7fd5bc1a74c0>, main=<bound method BuildVerb.main of <colcon_core.verb.build.BuildVerb object at 0x7fd5bc1a74c0>>)
[6.751s] Level 1:colcon.colcon_core.package_discovery:discover_packages(colcon_meta) check parameters
[6.752s] Level 1:colcon.colcon_core.package_discovery:discover_packages(recursive) check parameters
[6.752s] Level 1:colcon.colcon_core.package_discovery:discover_packages(ignore) check parameters
[6.752s] Level 1:colcon.colcon_core.package_discovery:discover_packages(path) check parameters
[6.752s] Level 1:colcon.colcon_core.package_discovery:discover_packages(colcon_meta) discover
[6.752s] Level 1:colcon.colcon_core.package_discovery:discover_packages(recursive) discover
[6.752s] INFO:colcon.colcon_core.package_discovery:Crawling recursively for packages in '/home/ram-user/ASDFR'
[6.753s] Level 1:colcon.colcon_core.package_identification:_identify(.) by extensions ['ignore', 'ignore_ament_install']
[6.753s] Level 1:colcon.colcon_core.package_identification:_identify(.) by extension 'ignore'
[6.753s] Level 1:colcon.colcon_core.package_identification:_identify(.) by extension 'ignore_ament_install'
[6.753s] Level 1:colcon.colcon_core.package_identification:_identify(.) by extensions ['colcon_pkg']
[6.753s] Level 1:colcon.colcon_core.package_identification:_identify(.) by extension 'colcon_pkg'
[6.754s] Level 1:colcon.colcon_core.package_identification:_identify(.) by extensions ['colcon_meta']
[6.754s] Level 1:colcon.colcon_core.package_identification:_identify(.) by extension 'colcon_meta'
[6.754s] Level 1:colcon.colcon_core.package_identification:_identify(.) by extensions ['ros']
[6.754s] Level 1:colcon.colcon_core.package_identification:_identify(.) by extension 'ros'
[6.877s] Level 1:colcon.colcon_core.package_identification:_identify(.) by extensions ['cmake', 'python']
[6.877s] Level 1:colcon.colcon_core.package_identification:_identify(.) by extension 'cmake'
[6.877s] Level 1:colcon.colcon_core.package_identification:_identify(.) by extension 'python'
[6.877s] Level 1:colcon.colcon_core.package_identification:_identify(.) by extensions ['python_setup_py']
[6.877s] Level 1:colcon.colcon_core.package_identification:_identify(.) by extension 'python_setup_py'
[6.889s] Level 1:colcon.colcon_core.package_identification:_identify(build) by extensions ['ignore', 'ignore_ament_install']
[6.890s] Level 1:colcon.colcon_core.package_identification:_identify(build) by extension 'ignore'
[6.890s] Level 1:colcon.colcon_core.package_identification:_identify(build) ignored
[6.891s] Level 1:colcon.colcon_core.package_identification:_identify(install) by extensions ['ignore', 'ignore_ament_install']
[6.891s] Level 1:colcon.colcon_core.package_identification:_identify(install) by extension 'ignore'
[6.891s] Level 1:colcon.colcon_core.package_identification:_identify(install) ignored
[6.891s] Level 1:colcon.colcon_core.package_identification:_identify(log) by extensions ['ignore', 'ignore_ament_install']
[6.891s] Level 1:colcon.colcon_core.package_identification:_identify(log) by extension 'ignore'
[6.892s] Level 1:colcon.colcon_core.package_identification:_identify(log) ignored
[6.892s] Level 1:colcon.colcon_core.package_identification:_identify(src) by extensions ['ignore', 'ignore_ament_install']
[6.892s] Level 1:colcon.colcon_core.package_identification:_identify(src) by extension 'ignore'
[6.892s] Level 1:colcon.colcon_core.package_identification:_identify(src) by extension 'ignore_ament_install'
[6.892s] Level 1:colcon.colcon_core.package_identification:_identify(src) by extensions ['colcon_pkg']
[6.892s] Level 1:colcon.colcon_core.package_identification:_identify(src) by extension 'colcon_pkg'
[6.892s] Level 1:colcon.colcon_core.package_identification:_identify(src) by extensions ['colcon_meta']
[6.892s] Level 1:colcon.colcon_core.package_identification:_identify(src) by extension 'colcon_meta'
[6.892s] Level 1:colcon.colcon_core.package_identification:_identify(src) by extensions ['ros']
[6.892s] Level 1:colcon.colcon_core.package_identification:_identify(src) by extension 'ros'
[6.892s] Level 1:colcon.colcon_core.package_identification:_identify(src) by extensions ['cmake', 'python']
[6.892s] Level 1:colcon.colcon_core.package_identification:_identify(src) by extension 'cmake'
[6.892s] Level 1:colcon.colcon_core.package_identification:_identify(src) by extension 'python'
[6.892s] Level 1:colcon.colcon_core.package_identification:_identify(src) by extensions ['python_setup_py']
[6.892s] Level 1:colcon.colcon_core.package_identification:_identify(src) by extension 'python_setup_py'
[6.908s] Level 1:colcon.colcon_core.package_identification:_identify(src/build) by extensions ['ignore', 'ignore_ament_install']
[6.908s] Level 1:colcon.colcon_core.package_identification:_identify(src/build) by extension 'ignore'
[6.908s] Level 1:colcon.colcon_core.package_identification:_identify(src/build) by extension 'ignore_ament_install'
[6.908s] Level 1:colcon.colcon_core.package_identification:_identify(src/build) by extensions ['colcon_pkg']
[6.908s] Level 1:colcon.colcon_core.package_identification:_identify(src/build) by extension 'colcon_pkg'
[6.908s] Level 1:colcon.colcon_core.package_identification:_identify(src/build) by extensions ['colcon_meta']
[6.908s] Level 1:colcon.colcon_core.package_identification:_identify(src/build) by extension 'colcon_meta'
[6.908s] Level 1:colcon.colcon_core.package_identification:_identify(src/build) by extensions ['ros']
[6.908s] Level 1:colcon.colcon_core.package_identification:_identify(src/build) by extension 'ros'
[6.908s] Level 1:colcon.colcon_core.package_identification:_identify(src/build) by extensions ['cmake', 'python']
[6.908s] Level 1:colcon.colcon_core.package_identification:_identify(src/build) by extension 'cmake'
[6.908s] Level 1:colcon.colcon_core.package_identification:_identify(src/build) by extension 'python'
[6.908s] Level 1:colcon.colcon_core.package_identification:_identify(src/build) by extensions ['python_setup_py']
[6.908s] Level 1:colcon.colcon_core.package_identification:_identify(src/build) by extension 'python_setup_py'
[6.908s] Level 1:colcon.colcon_core.package_identification:_identify(src/image_processing) by extensions ['ignore', 'ignore_ament_install']
[6.909s] Level 1:colcon.colcon_core.package_identification:_identify(src/image_processing) by extension 'ignore'
[6.909s] Level 1:colcon.colcon_core.package_identification:_identify(src/image_processing) by extension 'ignore_ament_install'
[6.909s] Level 1:colcon.colcon_core.package_identification:_identify(src/image_processing) by extensions ['colcon_pkg']
[6.909s] Level 1:colcon.colcon_core.package_identification:_identify(src/image_processing) by extension 'colcon_pkg'
[6.909s] Level 1:colcon.colcon_core.package_identification:_identify(src/image_processing) by extensions ['colcon_meta']
[6.909s] Level 1:colcon.colcon_core.package_identification:_identify(src/image_processing) by extension 'colcon_meta'
[6.909s] Level 1:colcon.colcon_core.package_identification:_identify(src/image_processing) by extensions ['ros']
[6.909s] Level 1:colcon.colcon_core.package_identification:_identify(src/image_processing) by extension 'ros'
[6.922s] DEBUG:colcon.colcon_core.package_identification:Package 'src/image_processing' with type 'ros.ament_cmake' and name 'image_processing'
[6.923s] Level 1:colcon.colcon_core.package_identification:_identify(src/install) by extensions ['ignore', 'ignore_ament_install']
[6.923s] Level 1:colcon.colcon_core.package_identification:_identify(src/install) by extension 'ignore'
[6.923s] Level 1:colcon.colcon_core.package_identification:_identify(src/install) by extension 'ignore_ament_install'
[6.923s] Level 1:colcon.colcon_core.package_identification:_identify(src/install) by extensions ['colcon_pkg']
[6.923s] Level 1:colcon.colcon_core.package_identification:_identify(src/install) by extension 'colcon_pkg'
[6.923s] Level 1:colcon.colcon_core.package_identification:_identify(src/install) by extensions ['colcon_meta']
[6.923s] Level 1:colcon.colcon_core.package_identification:_identify(src/install) by extension 'colcon_meta'
[6.923s] Level 1:colcon.colcon_core.package_identification:_identify(src/install) by extensions ['ros']
[6.923s] Level 1:colcon.colcon_core.package_identification:_identify(src/install) by extension 'ros'
[6.924s] Level 1:colcon.colcon_core.package_identification:_identify(src/install) by extensions ['cmake', 'python']
[6.924s] Level 1:colcon.colcon_core.package_identification:_identify(src/install) by extension 'cmake'
[6.924s] Level 1:colcon.colcon_core.package_identification:_identify(src/install) by extension 'python'
[6.924s] Level 1:colcon.colcon_core.package_identification:_identify(src/install) by extensions ['python_setup_py']
[6.924s] Level 1:colcon.colcon_core.package_identification:_identify(src/install) by extension 'python_setup_py'
[6.941s] Level 1:colcon.colcon_core.package_identification:_identify(src/log) by extensions ['ignore', 'ignore_ament_install']
[6.941s] Level 1:colcon.colcon_core.package_identification:_identify(src/log) by extension 'ignore'
[6.941s] Level 1:colcon.colcon_core.package_identification:_identify(src/log) ignored
[6.941s] Level 1:colcon.colcon_core.package_discovery:discover_packages(recursive) using defaults
[6.941s] Level 1:colcon.colcon_core.package_discovery:discover_packages(ignore) discover
[6.941s] Level 1:colcon.colcon_core.package_discovery:discover_packages(ignore) using defaults
[6.941s] Level 1:colcon.colcon_core.package_discovery:discover_packages(path) discover
[6.941s] Level 1:colcon.colcon_core.package_discovery:discover_packages(path) using defaults
[7.161s] Level 1:colcon.colcon_core.package_discovery:discover_packages(prefix_path) check parameters
[7.162s] Level 1:colcon.colcon_core.package_discovery:discover_packages(prefix_path) discover
[7.193s] DEBUG:colcon.colcon_installed_package_information.package_discovery:Found 270 installed packages in /opt/ros/humble
[7.194s] Level 1:colcon.colcon_core.package_discovery:discover_packages(prefix_path) using defaults
[7.318s] Level 5:colcon.colcon_core.verb:set package 'image_processing' build argument 'cmake_args' from command line to 'None'
[7.318s] Level 5:colcon.colcon_core.verb:set package 'image_processing' build argument 'cmake_target' from command line to 'None'
[7.318s] Level 5:colcon.colcon_core.verb:set package 'image_processing' build argument 'cmake_target_skip_unavailable' from command line to 'False'
[7.318s] Level 5:colcon.colcon_core.verb:set package 'image_processing' build argument 'cmake_clean_cache' from command line to 'False'
[7.318s] Level 5:colcon.colcon_core.verb:set package 'image_processing' build argument 'cmake_clean_first' from command line to 'False'
[7.318s] Level 5:colcon.colcon_core.verb:set package 'image_processing' build argument 'cmake_force_configure' from command line to 'False'
[7.318s] Level 5:colcon.colcon_core.verb:set package 'image_processing' build argument 'ament_cmake_args' from command line to 'None'
[7.318s] Level 5:colcon.colcon_core.verb:set package 'image_processing' build argument 'catkin_cmake_args' from command line to 'None'
[7.318s] Level 5:colcon.colcon_core.verb:set package 'image_processing' build argument 'catkin_skip_building_tests' from command line to 'False'
[7.318s] DEBUG:colcon.colcon_core.verb:Building package 'image_processing' with the following arguments: {'ament_cmake_args': None, 'build_base': '/home/ram-user/ASDFR/build/image_processing', 'catkin_cmake_args': None, 'catkin_skip_building_tests': False, 'cmake_args': None, 'cmake_clean_cache': False, 'cmake_clean_first': False, 'cmake_force_configure': False, 'cmake_target': None, 'cmake_target_skip_unavailable': False, 'install_base': '/home/ram-user/ASDFR/install/image_processing', 'merge_install': False, 'path': '/home/ram-user/ASDFR/src/image_processing', 'symlink_install': False, 'test_result_base': None}
[7.319s] INFO:colcon.colcon_core.executor:Executing jobs using 'parallel' executor
[7.322s] DEBUG:colcon.colcon_parallel_executor.executor.parallel:run_until_complete
[7.322s] INFO:colcon.colcon_ros.task.ament_cmake.build:Building ROS package in '/home/ram-user/ASDFR/src/image_processing' with build type 'ament_cmake'
[7.322s] INFO:colcon.colcon_cmake.task.cmake.build:Building CMake package in '/home/ram-user/ASDFR/src/image_processing'
[7.425s] INFO:colcon.colcon_core.plugin_system:Skipping extension 'colcon_core.shell.bat': Not used on non-Windows systems
[7.426s] INFO:colcon.colcon_core.shell:Skip shell extension 'powershell' for command environment: Not usable outside of PowerShell
[7.426s] DEBUG:colcon.colcon_core.shell:Skip shell extension 'dsv' for command environment
[7.495s] DEBUG:colcon.colcon_core.event_handler.log_command:Invoking command in '/home/ram-user/ASDFR/build/image_processing': CMAKE_PREFIX_PATH=/opt/ros/humble /usr/bin/cmake --build /home/ram-user/ASDFR/build/image_processing -- -j2 -l2
[1144.791s] DEBUG:colcon.colcon_core.event_handler.log_command:Invoked command in '/home/ram-user/ASDFR/build/image_processing' returned '0': CMAKE_PREFIX_PATH=/opt/ros/humble /usr/bin/cmake --build /home/ram-user/ASDFR/build/image_processing -- -j2 -l2
[1145.384s] DEBUG:colcon.colcon_core.event_handler.log_command:Invoking command in '/home/ram-user/ASDFR/build/image_processing': CMAKE_PREFIX_PATH=/opt/ros/humble /usr/bin/cmake --install /home/ram-user/ASDFR/build/image_processing
[1145.915s] DEBUG:colcon.colcon_core.event_handler.log_command:Invoked command in '/home/ram-user/ASDFR/build/image_processing' returned '0': CMAKE_PREFIX_PATH=/opt/ros/humble /usr/bin/cmake --install /home/ram-user/ASDFR/build/image_processing
[1145.937s] Level 1:colcon.colcon_core.environment:create_environment_scripts_only(image_processing)
[1147.147s] Level 1:colcon.colcon_core.environment:checking '/home/ram-user/ASDFR/install/image_processing' for CMake module files
[1147.192s] Level 1:colcon.colcon_core.environment:checking '/home/ram-user/ASDFR/install/image_processing' for CMake config files
[1147.215s] Level 1:colcon.colcon_core.shell:create_environment_hook('image_processing', 'cmake_prefix_path')
[1147.227s] INFO:colcon.colcon_core.shell:Creating environment hook '/home/ram-user/ASDFR/install/image_processing/share/image_processing/hook/cmake_prefix_path.ps1'
[1147.313s] INFO:colcon.colcon_core.shell:Creating environment descriptor '/home/ram-user/ASDFR/install/image_processing/share/image_processing/hook/cmake_prefix_path.dsv'
[1147.415s] INFO:colcon.colcon_core.shell:Creating environment hook '/home/ram-user/ASDFR/install/image_processing/share/image_processing/hook/cmake_prefix_path.sh'
[1147.507s] Level 1:colcon.colcon_core.environment:checking '/home/ram-user/ASDFR/install/image_processing/lib'
[1147.508s] Level 1:colcon.colcon_core.environment:checking '/home/ram-user/ASDFR/install/image_processing/bin'
[1147.508s] Level 1:colcon.colcon_core.environment:checking '/home/ram-user/ASDFR/install/image_processing/lib/pkgconfig/image_processing.pc'
[1147.547s] Level 1:colcon.colcon_core.environment:checking '/home/ram-user/ASDFR/install/image_processing/lib/python3.10/site-packages'
[1147.549s] Level 1:colcon.colcon_core.environment:checking '/home/ram-user/ASDFR/install/image_processing/bin'
[1147.560s] INFO:colcon.colcon_core.shell:Creating package script '/home/ram-user/ASDFR/install/image_processing/share/image_processing/package.ps1'
[1147.567s] INFO:colcon.colcon_core.shell:Creating package descriptor '/home/ram-user/ASDFR/install/image_processing/share/image_processing/package.dsv'
[1147.569s] INFO:colcon.colcon_core.shell:Creating package script '/home/ram-user/ASDFR/install/image_processing/share/image_processing/package.sh'
[1147.571s] INFO:colcon.colcon_core.shell:Creating package script '/home/ram-user/ASDFR/install/image_processing/share/image_processing/package.bash'
[1147.586s] INFO:colcon.colcon_core.shell:Creating package script '/home/ram-user/ASDFR/install/image_processing/share/image_processing/package.zsh'
[1147.588s] Level 1:colcon.colcon_core.environment:create_file_with_runtime_dependencies(/home/ram-user/ASDFR/install/image_processing/share/colcon-core/packages/image_processing)
[1147.649s] Level 1:colcon.colcon_core.environment:create_environment_scripts_only(image_processing)
[1147.652s] Level 1:colcon.colcon_core.environment:checking '/home/ram-user/ASDFR/install/image_processing' for CMake module files
[1147.653s] Level 1:colcon.colcon_core.environment:checking '/home/ram-user/ASDFR/install/image_processing' for CMake config files
[1147.653s] Level 1:colcon.colcon_core.shell:create_environment_hook('image_processing', 'cmake_prefix_path')
[1147.654s] INFO:colcon.colcon_core.shell:Creating environment hook '/home/ram-user/ASDFR/install/image_processing/share/image_processing/hook/cmake_prefix_path.ps1'
[1147.655s] INFO:colcon.colcon_core.shell:Creating environment descriptor '/home/ram-user/ASDFR/install/image_processing/share/image_processing/hook/cmake_prefix_path.dsv'
[1147.655s] INFO:colcon.colcon_core.shell:Creating environment hook '/home/ram-user/ASDFR/install/image_processing/share/image_processing/hook/cmake_prefix_path.sh'
[1147.656s] Level 1:colcon.colcon_core.environment:checking '/home/ram-user/ASDFR/install/image_processing/lib'
[1147.656s] Level 1:colcon.colcon_core.environment:checking '/home/ram-user/ASDFR/install/image_processing/bin'
[1147.656s] Level 1:colcon.colcon_core.environment:checking '/home/ram-user/ASDFR/install/image_processing/lib/pkgconfig/image_processing.pc'
[1147.656s] Level 1:colcon.colcon_core.environment:checking '/home/ram-user/ASDFR/install/image_processing/lib/python3.10/site-packages'
[1147.656s] Level 1:colcon.colcon_core.environment:checking '/home/ram-user/ASDFR/install/image_processing/bin'
[1147.658s] INFO:colcon.colcon_core.shell:Creating package script '/home/ram-user/ASDFR/install/image_processing/share/image_processing/package.ps1'
[1147.659s] INFO:colcon.colcon_core.shell:Creating package descriptor '/home/ram-user/ASDFR/install/image_processing/share/image_processing/package.dsv'
[1147.660s] INFO:colcon.colcon_core.shell:Creating package script '/home/ram-user/ASDFR/install/image_processing/share/image_processing/package.sh'
[1147.660s] INFO:colcon.colcon_core.shell:Creating package script '/home/ram-user/ASDFR/install/image_processing/share/image_processing/package.bash'
[1147.661s] INFO:colcon.colcon_core.shell:Creating package script '/home/ram-user/ASDFR/install/image_processing/share/image_processing/package.zsh'
[1147.661s] Level 1:colcon.colcon_core.environment:create_file_with_runtime_dependencies(/home/ram-user/ASDFR/install/image_processing/share/colcon-core/packages/image_processing)
[1147.669s] DEBUG:colcon.colcon_parallel_executor.executor.parallel:closing loop
[1147.678s] DEBUG:colcon.colcon_parallel_executor.executor.parallel:loop closed
[1147.703s] DEBUG:colcon.colcon_parallel_executor.executor.parallel:run_until_complete finished with '0'
[1147.703s] DEBUG:colcon.colcon_core.event_reactor:joining thread
[1148.455s] INFO:colcon.colcon_core.plugin_system:Skipping extension 'colcon_notification.desktop_notification.terminal_notifier': Not used on non-Darwin systems
[1148.456s] INFO:colcon.colcon_core.plugin_system:Skipping extension 'colcon_notification.desktop_notification.win32': Not used on non-Windows systems
[1148.457s] INFO:colcon.colcon_notification.desktop_notification:Sending desktop notification using 'notify2'
[1149.234s] DEBUG:colcon.colcon_core.event_reactor:joined thread
[1149.239s] INFO:colcon.colcon_core.shell:Creating prefix script '/home/ram-user/ASDFR/install/local_setup.ps1'
[1149.265s] INFO:colcon.colcon_core.shell:Creating prefix util module '/home/ram-user/ASDFR/install/_local_setup_util_ps1.py'
[1149.284s] INFO:colcon.colcon_core.shell:Creating prefix chain script '/home/ram-user/ASDFR/install/setup.ps1'
[1149.309s] INFO:colcon.colcon_core.shell:Creating prefix script '/home/ram-user/ASDFR/install/local_setup.sh'
[1149.343s] INFO:colcon.colcon_core.shell:Creating prefix util module '/home/ram-user/ASDFR/install/_local_setup_util_sh.py'
[1149.344s] INFO:colcon.colcon_core.shell:Creating prefix chain script '/home/ram-user/ASDFR/install/setup.sh'
[1149.350s] INFO:colcon.colcon_core.shell:Creating prefix script '/home/ram-user/ASDFR/install/local_setup.bash'
[1149.366s] INFO:colcon.colcon_core.shell:Creating prefix chain script '/home/ram-user/ASDFR/install/setup.bash'
[1149.368s] INFO:colcon.colcon_core.shell:Creating prefix script '/home/ram-user/ASDFR/install/local_setup.zsh'
[1149.369s] INFO:colcon.colcon_core.shell:Creating prefix chain script '/home/ram-user/ASDFR/install/setup.zsh'
