[0.321s] DEBUG:colcon:Command line arguments: ['/usr/bin/colcon', 'build']
[0.321s] DEBUG:colcon:Parsed command line arguments: Namespace(log_base=None, log_level=None, verb_name='build', build_base='build', install_base='install', merge_install=False, symlink_install=False, test_result_base=None, continue_on_error=False, executor='parallel', parallel_workers=2, event_handlers=None, ignore_user_meta=False, metas=['./colcon.meta'], base_paths=['.'], packages_ignore=None, packages_ignore_regex=None, paths=None, packages_up_to=None, packages_up_to_regex=None, packages_above=None, packages_above_and_dependencies=None, packages_above_depth=None, packages_select_by_dep=None, packages_skip_by_dep=None, packages_skip_up_to=None, packages_select_build_failed=False, packages_skip_build_finished=False, packages_select_test_failures=False, packages_skip_test_passed=False, packages_select=None, packages_skip=None, packages_select_regex=None, packages_skip_regex=None, packages_start=None, packages_end=None, allow_overriding=[], cmake_args=None, cmake_target=None, cmake_target_skip_unavailable=False, cmake_clean_cache=False, cmake_clean_first=False, cmake_force_configure=False, ament_cmake_args=None, catkin_cmake_args=None, catkin_skip_building_tests=False, verb_parser=<colcon_defaults.argument_parser.defaults.DefaultArgumentsDecorator object at 0x7fa5a8cf84f0>, verb_extension=<colcon_core.verb.build.BuildVerb object at 0x7fa5a95f5090>, main=<bound method BuildVerb.main of <colcon_core.verb.build.BuildVerb object at 0x7fa5a95f5090>>)
[0.345s] Level 1:colcon.colcon_core.package_discovery:discover_packages(colcon_meta) check parameters
[0.346s] Level 1:colcon.colcon_core.package_discovery:discover_packages(recursive) check parameters
[0.346s] Level 1:colcon.colcon_core.package_discovery:discover_packages(ignore) check parameters
[0.346s] Level 1:colcon.colcon_core.package_discovery:discover_packages(path) check parameters
[0.346s] Level 1:colcon.colcon_core.package_discovery:discover_packages(colcon_meta) discover
[0.346s] Level 1:colcon.colcon_core.package_discovery:discover_packages(recursive) discover
[0.346s] INFO:colcon.colcon_core.package_discovery:Crawling recursively for packages in '/home/ram-user/ASDFR/src/ros2_nodes'
[0.347s] Level 1:colcon.colcon_core.package_identification:_identify(.) by extensions ['ignore', 'ignore_ament_install']
[0.347s] Level 1:colcon.colcon_core.package_identification:_identify(.) by extension 'ignore'
[0.347s] Level 1:colcon.colcon_core.package_identification:_identify(.) by extension 'ignore_ament_install'
[0.347s] Level 1:colcon.colcon_core.package_identification:_identify(.) by extensions ['colcon_pkg']
[0.347s] Level 1:colcon.colcon_core.package_identification:_identify(.) by extension 'colcon_pkg'
[0.347s] Level 1:colcon.colcon_core.package_identification:_identify(.) by extensions ['colcon_meta']
[0.348s] Level 1:colcon.colcon_core.package_identification:_identify(.) by extension 'colcon_meta'
[0.348s] Level 1:colcon.colcon_core.package_identification:_identify(.) by extensions ['ros']
[0.348s] Level 1:colcon.colcon_core.package_identification:_identify(.) by extension 'ros'
[0.359s] Level 1:colcon.colcon_core.package_identification:_identify(.) by extensions ['cmake', 'python']
[0.359s] Level 1:colcon.colcon_core.package_identification:_identify(.) by extension 'cmake'
[0.360s] Level 1:colcon.colcon_core.package_identification:_identify(.) by extension 'python'
[0.360s] Level 1:colcon.colcon_core.package_identification:_identify(.) by extensions ['python_setup_py']
[0.360s] Level 1:colcon.colcon_core.package_identification:_identify(.) by extension 'python_setup_py'
[0.360s] Level 1:colcon.colcon_core.package_identification:_identify(build) by extensions ['ignore', 'ignore_ament_install']
[0.360s] Level 1:colcon.colcon_core.package_identification:_identify(build) by extension 'ignore'
[0.361s] Level 1:colcon.colcon_core.package_identification:_identify(build) ignored
[0.361s] Level 1:colcon.colcon_core.package_identification:_identify(install) by extensions ['ignore', 'ignore_ament_install']
[0.361s] Level 1:colcon.colcon_core.package_identification:_identify(install) by extension 'ignore'
[0.361s] Level 1:colcon.colcon_core.package_identification:_identify(install) ignored
[0.361s] Level 1:colcon.colcon_core.package_identification:_identify(launch) by extensions ['ignore', 'ignore_ament_install']
[0.362s] Level 1:colcon.colcon_core.package_identification:_identify(launch) by extension 'ignore'
[0.362s] Level 1:colcon.colcon_core.package_identification:_identify(launch) by extension 'ignore_ament_install'
[0.362s] Level 1:colcon.colcon_core.package_identification:_identify(launch) by extensions ['colcon_pkg']
[0.362s] Level 1:colcon.colcon_core.package_identification:_identify(launch) by extension 'colcon_pkg'
[0.362s] Level 1:colcon.colcon_core.package_identification:_identify(launch) by extensions ['colcon_meta']
[0.362s] Level 1:colcon.colcon_core.package_identification:_identify(launch) by extension 'colcon_meta'
[0.363s] Level 1:colcon.colcon_core.package_identification:_identify(launch) by extensions ['ros']
[0.363s] Level 1:colcon.colcon_core.package_identification:_identify(launch) by extension 'ros'
[0.363s] Level 1:colcon.colcon_core.package_identification:_identify(launch) by extensions ['cmake', 'python']
[0.363s] Level 1:colcon.colcon_core.package_identification:_identify(launch) by extension 'cmake'
[0.363s] Level 1:colcon.colcon_core.package_identification:_identify(launch) by extension 'python'
[0.363s] Level 1:colcon.colcon_core.package_identification:_identify(launch) by extensions ['python_setup_py']
[0.364s] Level 1:colcon.colcon_core.package_identification:_identify(launch) by extension 'python_setup_py'
[0.364s] Level 1:colcon.colcon_core.package_identification:_identify(launch/__pycache__) by extensions ['ignore', 'ignore_ament_install']
[0.364s] Level 1:colcon.colcon_core.package_identification:_identify(launch/__pycache__) by extension 'ignore'
[0.364s] Level 1:colcon.colcon_core.package_identification:_identify(launch/__pycache__) by extension 'ignore_ament_install'
[0.364s] Level 1:colcon.colcon_core.package_identification:_identify(launch/__pycache__) by extensions ['colcon_pkg']
[0.364s] Level 1:colcon.colcon_core.package_identification:_identify(launch/__pycache__) by extension 'colcon_pkg'
[0.365s] Level 1:colcon.colcon_core.package_identification:_identify(launch/__pycache__) by extensions ['colcon_meta']
[0.365s] Level 1:colcon.colcon_core.package_identification:_identify(launch/__pycache__) by extension 'colcon_meta'
[0.365s] Level 1:colcon.colcon_core.package_identification:_identify(launch/__pycache__) by extensions ['ros']
[0.365s] Level 1:colcon.colcon_core.package_identification:_identify(launch/__pycache__) by extension 'ros'
[0.365s] Level 1:colcon.colcon_core.package_identification:_identify(launch/__pycache__) by extensions ['cmake', 'python']
[0.365s] Level 1:colcon.colcon_core.package_identification:_identify(launch/__pycache__) by extension 'cmake'
[0.366s] Level 1:colcon.colcon_core.package_identification:_identify(launch/__pycache__) by extension 'python'
[0.366s] Level 1:colcon.colcon_core.package_identification:_identify(launch/__pycache__) by extensions ['python_setup_py']
[0.366s] Level 1:colcon.colcon_core.package_identification:_identify(launch/__pycache__) by extension 'python_setup_py'
[0.366s] Level 1:colcon.colcon_core.package_identification:_identify(launch/build) by extensions ['ignore', 'ignore_ament_install']
[0.366s] Level 1:colcon.colcon_core.package_identification:_identify(launch/build) by extension 'ignore'
[0.366s] Level 1:colcon.colcon_core.package_identification:_identify(launch/build) ignored
[0.367s] Level 1:colcon.colcon_core.package_identification:_identify(launch/install) by extensions ['ignore', 'ignore_ament_install']
[0.367s] Level 1:colcon.colcon_core.package_identification:_identify(launch/install) by extension 'ignore'
[0.367s] Level 1:colcon.colcon_core.package_identification:_identify(launch/install) ignored
[0.367s] Level 1:colcon.colcon_core.package_identification:_identify(launch/log) by extensions ['ignore', 'ignore_ament_install']
[0.367s] Level 1:colcon.colcon_core.package_identification:_identify(launch/log) by extension 'ignore'
[0.368s] Level 1:colcon.colcon_core.package_identification:_identify(launch/log) ignored
[0.368s] Level 1:colcon.colcon_core.package_identification:_identify(log) by extensions ['ignore', 'ignore_ament_install']
[0.368s] Level 1:colcon.colcon_core.package_identification:_identify(log) by extension 'ignore'
[0.368s] Level 1:colcon.colcon_core.package_identification:_identify(log) ignored
[0.368s] Level 1:colcon.colcon_core.package_identification:_identify(src) by extensions ['ignore', 'ignore_ament_install']
[0.369s] Level 1:colcon.colcon_core.package_identification:_identify(src) by extension 'ignore'
[0.369s] Level 1:colcon.colcon_core.package_identification:_identify(src) by extension 'ignore_ament_install'
[0.369s] Level 1:colcon.colcon_core.package_identification:_identify(src) by extensions ['colcon_pkg']
[0.369s] Level 1:colcon.colcon_core.package_identification:_identify(src) by extension 'colcon_pkg'
[0.369s] Level 1:colcon.colcon_core.package_identification:_identify(src) by extensions ['colcon_meta']
[0.369s] Level 1:colcon.colcon_core.package_identification:_identify(src) by extension 'colcon_meta'
[0.370s] Level 1:colcon.colcon_core.package_identification:_identify(src) by extensions ['ros']
[0.370s] Level 1:colcon.colcon_core.package_identification:_identify(src) by extension 'ros'
[0.370s] Level 1:colcon.colcon_core.package_identification:_identify(src) by extensions ['cmake', 'python']
[0.370s] Level 1:colcon.colcon_core.package_identification:_identify(src) by extension 'cmake'
[0.370s] Level 1:colcon.colcon_core.package_identification:_identify(src) by extension 'python'
[0.370s] Level 1:colcon.colcon_core.package_identification:_identify(src) by extensions ['python_setup_py']
[0.371s] Level 1:colcon.colcon_core.package_identification:_identify(src) by extension 'python_setup_py'
[0.371s] Level 1:colcon.colcon_core.package_identification:_identify(src/asdfr_interfaces) by extensions ['ignore', 'ignore_ament_install']
[0.371s] Level 1:colcon.colcon_core.package_identification:_identify(src/asdfr_interfaces) by extension 'ignore'
[0.371s] Level 1:colcon.colcon_core.package_identification:_identify(src/asdfr_interfaces) by extension 'ignore_ament_install'
[0.371s] Level 1:colcon.colcon_core.package_identification:_identify(src/asdfr_interfaces) by extensions ['colcon_pkg']
[0.371s] Level 1:colcon.colcon_core.package_identification:_identify(src/asdfr_interfaces) by extension 'colcon_pkg'
[0.371s] Level 1:colcon.colcon_core.package_identification:_identify(src/asdfr_interfaces) by extensions ['colcon_meta']
[0.371s] Level 1:colcon.colcon_core.package_identification:_identify(src/asdfr_interfaces) by extension 'colcon_meta'
[0.371s] Level 1:colcon.colcon_core.package_identification:_identify(src/asdfr_interfaces) by extensions ['ros']
[0.371s] Level 1:colcon.colcon_core.package_identification:_identify(src/asdfr_interfaces) by extension 'ros'
[0.374s] DEBUG:colcon.colcon_core.package_identification:Package 'src/asdfr_interfaces' with type 'ros.ament_cmake' and name 'asdfr_interfaces'
[0.374s] Level 1:colcon.colcon_core.package_identification:_identify(src/build) by extensions ['ignore', 'ignore_ament_install']
[0.374s] Level 1:colcon.colcon_core.package_identification:_identify(src/build) by extension 'ignore'
[0.374s] Level 1:colcon.colcon_core.package_identification:_identify(src/build) ignored
[0.374s] Level 1:colcon.colcon_core.package_identification:_identify(src/install) by extensions ['ignore', 'ignore_ament_install']
[0.374s] Level 1:colcon.colcon_core.package_identification:_identify(src/install) by extension 'ignore'
[0.374s] Level 1:colcon.colcon_core.package_identification:_identify(src/install) ignored
[0.374s] Level 1:colcon.colcon_core.package_identification:_identify(src/jiwy_controller) by extensions ['ignore', 'ignore_ament_install']
[0.375s] Level 1:colcon.colcon_core.package_identification:_identify(src/jiwy_controller) by extension 'ignore'
[0.375s] Level 1:colcon.colcon_core.package_identification:_identify(src/jiwy_controller) by extension 'ignore_ament_install'
[0.375s] Level 1:colcon.colcon_core.package_identification:_identify(src/jiwy_controller) by extensions ['colcon_pkg']
[0.375s] Level 1:colcon.colcon_core.package_identification:_identify(src/jiwy_controller) by extension 'colcon_pkg'
[0.375s] Level 1:colcon.colcon_core.package_identification:_identify(src/jiwy_controller) by extensions ['colcon_meta']
[0.375s] Level 1:colcon.colcon_core.package_identification:_identify(src/jiwy_controller) by extension 'colcon_meta'
[0.375s] Level 1:colcon.colcon_core.package_identification:_identify(src/jiwy_controller) by extensions ['ros']
[0.375s] Level 1:colcon.colcon_core.package_identification:_identify(src/jiwy_controller) by extension 'ros'
[0.376s] DEBUG:colcon.colcon_core.package_identification:Package 'src/jiwy_controller' with type 'ros.ament_cmake' and name 'jiwy_controller'
[0.376s] Level 1:colcon.colcon_core.package_identification:_identify(src/jiwy_simulator) by extensions ['ignore', 'ignore_ament_install']
[0.377s] Level 1:colcon.colcon_core.package_identification:_identify(src/jiwy_simulator) by extension 'ignore'
[0.377s] Level 1:colcon.colcon_core.package_identification:_identify(src/jiwy_simulator) by extension 'ignore_ament_install'
[0.377s] Level 1:colcon.colcon_core.package_identification:_identify(src/jiwy_simulator) by extensions ['colcon_pkg']
[0.377s] Level 1:colcon.colcon_core.package_identification:_identify(src/jiwy_simulator) by extension 'colcon_pkg'
[0.377s] Level 1:colcon.colcon_core.package_identification:_identify(src/jiwy_simulator) by extensions ['colcon_meta']
[0.377s] Level 1:colcon.colcon_core.package_identification:_identify(src/jiwy_simulator) by extension 'colcon_meta'
[0.377s] Level 1:colcon.colcon_core.package_identification:_identify(src/jiwy_simulator) by extensions ['ros']
[0.377s] Level 1:colcon.colcon_core.package_identification:_identify(src/jiwy_simulator) by extension 'ros'
[0.378s] DEBUG:colcon.colcon_core.package_identification:Package 'src/jiwy_simulator' with type 'ros.ament_cmake' and name 'jiwy_simulator'
[0.378s] Level 1:colcon.colcon_core.package_identification:_identify(src/log) by extensions ['ignore', 'ignore_ament_install']
[0.378s] Level 1:colcon.colcon_core.package_identification:_identify(src/log) by extension 'ignore'
[0.378s] Level 1:colcon.colcon_core.package_identification:_identify(src/log) ignored
[0.378s] Level 1:colcon.colcon_core.package_discovery:discover_packages(recursive) using defaults
[0.378s] Level 1:colcon.colcon_core.package_discovery:discover_packages(ignore) discover
[0.378s] Level 1:colcon.colcon_core.package_discovery:discover_packages(ignore) using defaults
[0.378s] Level 1:colcon.colcon_core.package_discovery:discover_packages(path) discover
[0.378s] Level 1:colcon.colcon_core.package_discovery:discover_packages(path) using defaults
[0.400s] Level 1:colcon.colcon_core.package_discovery:discover_packages(prefix_path) check parameters
[0.400s] Level 1:colcon.colcon_core.package_discovery:discover_packages(prefix_path) discover
[0.403s] DEBUG:colcon.colcon_installed_package_information.package_discovery:Found 3 installed packages in /home/ram-user/ASDFR/src/ros2_nodes/install
[0.403s] DEBUG:colcon.colcon_installed_package_information.package_discovery:Found 4 installed packages in /home/ram-user/ASDFR/install
[0.404s] DEBUG:colcon.colcon_installed_package_information.package_discovery:Found 0 installed packages in /home/ram-user/.local/share/Trash/files/install
[0.406s] DEBUG:colcon.colcon_installed_package_information.package_discovery:Found 284 installed packages in /opt/ros/humble
[0.408s] Level 1:colcon.colcon_core.package_discovery:discover_packages(prefix_path) using defaults
[0.466s] Level 5:colcon.colcon_core.verb:set package 'asdfr_interfaces' build argument 'cmake_args' from command line to 'None'
[0.467s] Level 5:colcon.colcon_core.verb:set package 'asdfr_interfaces' build argument 'cmake_target' from command line to 'None'
[0.467s] Level 5:colcon.colcon_core.verb:set package 'asdfr_interfaces' build argument 'cmake_target_skip_unavailable' from command line to 'False'
[0.467s] Level 5:colcon.colcon_core.verb:set package 'asdfr_interfaces' build argument 'cmake_clean_cache' from command line to 'False'
[0.467s] Level 5:colcon.colcon_core.verb:set package 'asdfr_interfaces' build argument 'cmake_clean_first' from command line to 'False'
[0.467s] Level 5:colcon.colcon_core.verb:set package 'asdfr_interfaces' build argument 'cmake_force_configure' from command line to 'False'
[0.467s] Level 5:colcon.colcon_core.verb:set package 'asdfr_interfaces' build argument 'ament_cmake_args' from command line to 'None'
[0.467s] Level 5:colcon.colcon_core.verb:set package 'asdfr_interfaces' build argument 'catkin_cmake_args' from command line to 'None'
[0.467s] Level 5:colcon.colcon_core.verb:set package 'asdfr_interfaces' build argument 'catkin_skip_building_tests' from command line to 'False'
[0.467s] DEBUG:colcon.colcon_core.verb:Building package 'asdfr_interfaces' with the following arguments: {'ament_cmake_args': None, 'build_base': '/home/ram-user/ASDFR/src/ros2_nodes/build/asdfr_interfaces', 'catkin_cmake_args': None, 'catkin_skip_building_tests': False, 'cmake_args': None, 'cmake_clean_cache': False, 'cmake_clean_first': False, 'cmake_force_configure': False, 'cmake_target': None, 'cmake_target_skip_unavailable': False, 'install_base': '/home/ram-user/ASDFR/src/ros2_nodes/install/asdfr_interfaces', 'merge_install': False, 'path': '/home/ram-user/ASDFR/src/ros2_nodes/src/asdfr_interfaces', 'symlink_install': False, 'test_result_base': None}
[0.468s] Level 5:colcon.colcon_core.verb:set package 'jiwy_controller' build argument 'cmake_args' from command line to 'None'
[0.468s] Level 5:colcon.colcon_core.verb:set package 'jiwy_controller' build argument 'cmake_target' from command line to 'None'
[0.468s] Level 5:colcon.colcon_core.verb:set package 'jiwy_controller' build argument 'cmake_target_skip_unavailable' from command line to 'False'
[0.468s] Level 5:colcon.colcon_core.verb:set package 'jiwy_controller' build argument 'cmake_clean_cache' from command line to 'False'
[0.468s] Level 5:colcon.colcon_core.verb:set package 'jiwy_controller' build argument 'cmake_clean_first' from command line to 'False'
[0.468s] Level 5:colcon.colcon_core.verb:set package 'jiwy_controller' build argument 'cmake_force_configure' from command line to 'False'
[0.468s] Level 5:colcon.colcon_core.verb:set package 'jiwy_controller' build argument 'ament_cmake_args' from command line to 'None'
[0.468s] Level 5:colcon.colcon_core.verb:set package 'jiwy_controller' build argument 'catkin_cmake_args' from command line to 'None'
[0.468s] Level 5:colcon.colcon_core.verb:set package 'jiwy_controller' build argument 'catkin_skip_building_tests' from command line to 'False'
[0.468s] DEBUG:colcon.colcon_core.verb:Building package 'jiwy_controller' with the following arguments: {'ament_cmake_args': None, 'build_base': '/home/ram-user/ASDFR/src/ros2_nodes/build/jiwy_controller', 'catkin_cmake_args': None, 'catkin_skip_building_tests': False, 'cmake_args': None, 'cmake_clean_cache': False, 'cmake_clean_first': False, 'cmake_force_configure': False, 'cmake_target': None, 'cmake_target_skip_unavailable': False, 'install_base': '/home/ram-user/ASDFR/src/ros2_nodes/install/jiwy_controller', 'merge_install': False, 'path': '/home/ram-user/ASDFR/src/ros2_nodes/src/jiwy_controller', 'symlink_install': False, 'test_result_base': None}
[0.469s] Level 5:colcon.colcon_core.verb:set package 'jiwy_simulator' build argument 'cmake_args' from command line to 'None'
[0.469s] Level 5:colcon.colcon_core.verb:set package 'jiwy_simulator' build argument 'cmake_target' from command line to 'None'
[0.469s] Level 5:colcon.colcon_core.verb:set package 'jiwy_simulator' build argument 'cmake_target_skip_unavailable' from command line to 'False'
[0.469s] Level 5:colcon.colcon_core.verb:set package 'jiwy_simulator' build argument 'cmake_clean_cache' from command line to 'False'
[0.469s] Level 5:colcon.colcon_core.verb:set package 'jiwy_simulator' build argument 'cmake_clean_first' from command line to 'False'
[0.469s] Level 5:colcon.colcon_core.verb:set package 'jiwy_simulator' build argument 'cmake_force_configure' from command line to 'False'
[0.469s] Level 5:colcon.colcon_core.verb:set package 'jiwy_simulator' build argument 'ament_cmake_args' from command line to 'None'
[0.469s] Level 5:colcon.colcon_core.verb:set package 'jiwy_simulator' build argument 'catkin_cmake_args' from command line to 'None'
[0.469s] Level 5:colcon.colcon_core.verb:set package 'jiwy_simulator' build argument 'catkin_skip_building_tests' from command line to 'False'
[0.469s] DEBUG:colcon.colcon_core.verb:Building package 'jiwy_simulator' with the following arguments: {'ament_cmake_args': None, 'build_base': '/home/ram-user/ASDFR/src/ros2_nodes/build/jiwy_simulator', 'catkin_cmake_args': None, 'catkin_skip_building_tests': False, 'cmake_args': None, 'cmake_clean_cache': False, 'cmake_clean_first': False, 'cmake_force_configure': False, 'cmake_target': None, 'cmake_target_skip_unavailable': False, 'install_base': '/home/ram-user/ASDFR/src/ros2_nodes/install/jiwy_simulator', 'merge_install': False, 'path': '/home/ram-user/ASDFR/src/ros2_nodes/src/jiwy_simulator', 'symlink_install': False, 'test_result_base': None}
[0.470s] INFO:colcon.colcon_core.executor:Executing jobs using 'parallel' executor
[0.472s] DEBUG:colcon.colcon_parallel_executor.executor.parallel:run_until_complete
[0.473s] INFO:colcon.colcon_ros.task.ament_cmake.build:Building ROS package in '/home/ram-user/ASDFR/src/ros2_nodes/src/asdfr_interfaces' with build type 'ament_cmake'
[0.473s] INFO:colcon.colcon_cmake.task.cmake.build:Building CMake package in '/home/ram-user/ASDFR/src/ros2_nodes/src/asdfr_interfaces'
[0.477s] INFO:colcon.colcon_core.plugin_system:Skipping extension 'colcon_core.shell.bat': Not used on non-Windows systems
[0.477s] INFO:colcon.colcon_core.shell:Skip shell extension 'powershell' for command environment: Not usable outside of PowerShell
[0.477s] DEBUG:colcon.colcon_core.shell:Skip shell extension 'dsv' for command environment
[0.488s] DEBUG:colcon.colcon_core.event_handler.log_command:Invoking command in '/home/ram-user/ASDFR/src/ros2_nodes/build/asdfr_interfaces': CMAKE_PREFIX_PATH=${CMAKE_PREFIX_PATH}:/opt/ros/humble /usr/bin/cmake --build /home/ram-user/ASDFR/src/ros2_nodes/build/asdfr_interfaces -- -j2 -l2
[1.031s] DEBUG:colcon.colcon_core.event_handler.log_command:Invoked command in '/home/ram-user/ASDFR/src/ros2_nodes/build/asdfr_interfaces' returned '0': CMAKE_PREFIX_PATH=${CMAKE_PREFIX_PATH}:/opt/ros/humble /usr/bin/cmake --build /home/ram-user/ASDFR/src/ros2_nodes/build/asdfr_interfaces -- -j2 -l2
[1.163s] DEBUG:colcon.colcon_core.event_handler.log_command:Invoking command in '/home/ram-user/ASDFR/src/ros2_nodes/build/asdfr_interfaces': CMAKE_PREFIX_PATH=${CMAKE_PREFIX_PATH}:/opt/ros/humble /usr/bin/cmake --install /home/ram-user/ASDFR/src/ros2_nodes/build/asdfr_interfaces
[1.231s] Level 1:colcon.colcon_core.environment:create_environment_scripts_only(asdfr_interfaces)
[1.241s] Level 1:colcon.colcon_core.environment:checking '/home/ram-user/ASDFR/src/ros2_nodes/install/asdfr_interfaces' for CMake module files
[1.242s] Level 1:colcon.colcon_core.environment:checking '/home/ram-user/ASDFR/src/ros2_nodes/install/asdfr_interfaces' for CMake config files
[1.242s] Level 1:colcon.colcon_core.shell:create_environment_hook('asdfr_interfaces', 'cmake_prefix_path')
[1.244s] INFO:colcon.colcon_core.shell:Creating environment hook '/home/ram-user/ASDFR/src/ros2_nodes/install/asdfr_interfaces/share/asdfr_interfaces/hook/cmake_prefix_path.ps1'
[1.245s] INFO:colcon.colcon_core.shell:Creating environment descriptor '/home/ram-user/ASDFR/src/ros2_nodes/install/asdfr_interfaces/share/asdfr_interfaces/hook/cmake_prefix_path.dsv'
[1.246s] DEBUG:colcon.colcon_core.event_handler.log_command:Invoked command in '/home/ram-user/ASDFR/src/ros2_nodes/build/asdfr_interfaces' returned '0': CMAKE_PREFIX_PATH=${CMAKE_PREFIX_PATH}:/opt/ros/humble /usr/bin/cmake --install /home/ram-user/ASDFR/src/ros2_nodes/build/asdfr_interfaces
[1.247s] INFO:colcon.colcon_core.shell:Creating environment hook '/home/ram-user/ASDFR/src/ros2_nodes/install/asdfr_interfaces/share/asdfr_interfaces/hook/cmake_prefix_path.sh'
[1.248s] Level 1:colcon.colcon_core.environment:checking '/home/ram-user/ASDFR/src/ros2_nodes/install/asdfr_interfaces/lib'
[1.248s] Level 1:colcon.colcon_core.shell:create_environment_hook('asdfr_interfaces', 'ld_library_path_lib')
[1.249s] INFO:colcon.colcon_core.shell:Creating environment hook '/home/ram-user/ASDFR/src/ros2_nodes/install/asdfr_interfaces/share/asdfr_interfaces/hook/ld_library_path_lib.ps1'
[1.249s] INFO:colcon.colcon_core.shell:Creating environment descriptor '/home/ram-user/ASDFR/src/ros2_nodes/install/asdfr_interfaces/share/asdfr_interfaces/hook/ld_library_path_lib.dsv'
[1.251s] INFO:colcon.colcon_core.shell:Creating environment hook '/home/ram-user/ASDFR/src/ros2_nodes/install/asdfr_interfaces/share/asdfr_interfaces/hook/ld_library_path_lib.sh'
[1.251s] Level 1:colcon.colcon_core.environment:checking '/home/ram-user/ASDFR/src/ros2_nodes/install/asdfr_interfaces/bin'
[1.251s] Level 1:colcon.colcon_core.environment:checking '/home/ram-user/ASDFR/src/ros2_nodes/install/asdfr_interfaces/lib/pkgconfig/asdfr_interfaces.pc'
[1.252s] Level 1:colcon.colcon_core.environment:checking '/home/ram-user/ASDFR/src/ros2_nodes/install/asdfr_interfaces/lib/python3.10/site-packages'
[1.252s] Level 1:colcon.colcon_core.environment:checking '/home/ram-user/ASDFR/src/ros2_nodes/install/asdfr_interfaces/bin'
[1.253s] INFO:colcon.colcon_core.shell:Creating package script '/home/ram-user/ASDFR/src/ros2_nodes/install/asdfr_interfaces/share/asdfr_interfaces/package.ps1'
[1.254s] INFO:colcon.colcon_core.shell:Creating package descriptor '/home/ram-user/ASDFR/src/ros2_nodes/install/asdfr_interfaces/share/asdfr_interfaces/package.dsv'
[1.254s] INFO:colcon.colcon_core.shell:Creating package script '/home/ram-user/ASDFR/src/ros2_nodes/install/asdfr_interfaces/share/asdfr_interfaces/package.sh'
[1.255s] INFO:colcon.colcon_core.shell:Creating package script '/home/ram-user/ASDFR/src/ros2_nodes/install/asdfr_interfaces/share/asdfr_interfaces/package.bash'
[1.256s] INFO:colcon.colcon_core.shell:Creating package script '/home/ram-user/ASDFR/src/ros2_nodes/install/asdfr_interfaces/share/asdfr_interfaces/package.zsh'
[1.256s] Level 1:colcon.colcon_core.environment:create_file_with_runtime_dependencies(/home/ram-user/ASDFR/src/ros2_nodes/install/asdfr_interfaces/share/colcon-core/packages/asdfr_interfaces)
[1.341s] Level 1:colcon.colcon_core.environment:create_environment_scripts_only(asdfr_interfaces)
[1.343s] Level 1:colcon.colcon_core.environment:checking '/home/ram-user/ASDFR/src/ros2_nodes/install/asdfr_interfaces' for CMake module files
[1.344s] Level 1:colcon.colcon_core.environment:checking '/home/ram-user/ASDFR/src/ros2_nodes/install/asdfr_interfaces' for CMake config files
[1.345s] Level 1:colcon.colcon_core.shell:create_environment_hook('asdfr_interfaces', 'cmake_prefix_path')
[1.346s] INFO:colcon.colcon_core.shell:Creating environment hook '/home/ram-user/ASDFR/src/ros2_nodes/install/asdfr_interfaces/share/asdfr_interfaces/hook/cmake_prefix_path.ps1'
[1.346s] INFO:colcon.colcon_core.shell:Creating environment descriptor '/home/ram-user/ASDFR/src/ros2_nodes/install/asdfr_interfaces/share/asdfr_interfaces/hook/cmake_prefix_path.dsv'
[1.347s] INFO:colcon.colcon_core.shell:Creating environment hook '/home/ram-user/ASDFR/src/ros2_nodes/install/asdfr_interfaces/share/asdfr_interfaces/hook/cmake_prefix_path.sh'
[1.347s] Level 1:colcon.colcon_core.environment:checking '/home/ram-user/ASDFR/src/ros2_nodes/install/asdfr_interfaces/lib'
[1.347s] Level 1:colcon.colcon_core.shell:create_environment_hook('asdfr_interfaces', 'ld_library_path_lib')
[1.348s] INFO:colcon.colcon_core.shell:Creating environment hook '/home/ram-user/ASDFR/src/ros2_nodes/install/asdfr_interfaces/share/asdfr_interfaces/hook/ld_library_path_lib.ps1'
[1.349s] INFO:colcon.colcon_core.shell:Creating environment descriptor '/home/ram-user/ASDFR/src/ros2_nodes/install/asdfr_interfaces/share/asdfr_interfaces/hook/ld_library_path_lib.dsv'
[1.349s] INFO:colcon.colcon_core.shell:Creating environment hook '/home/ram-user/ASDFR/src/ros2_nodes/install/asdfr_interfaces/share/asdfr_interfaces/hook/ld_library_path_lib.sh'
[1.349s] Level 1:colcon.colcon_core.environment:checking '/home/ram-user/ASDFR/src/ros2_nodes/install/asdfr_interfaces/bin'
[1.350s] Level 1:colcon.colcon_core.environment:checking '/home/ram-user/ASDFR/src/ros2_nodes/install/asdfr_interfaces/lib/pkgconfig/asdfr_interfaces.pc'
[1.350s] Level 1:colcon.colcon_core.environment:checking '/home/ram-user/ASDFR/src/ros2_nodes/install/asdfr_interfaces/lib/python3.10/site-packages'
[1.350s] Level 1:colcon.colcon_core.environment:checking '/home/ram-user/ASDFR/src/ros2_nodes/install/asdfr_interfaces/bin'
[1.351s] INFO:colcon.colcon_core.shell:Creating package script '/home/ram-user/ASDFR/src/ros2_nodes/install/asdfr_interfaces/share/asdfr_interfaces/package.ps1'
[1.352s] INFO:colcon.colcon_core.shell:Creating package descriptor '/home/ram-user/ASDFR/src/ros2_nodes/install/asdfr_interfaces/share/asdfr_interfaces/package.dsv'
[1.352s] INFO:colcon.colcon_core.shell:Creating package script '/home/ram-user/ASDFR/src/ros2_nodes/install/asdfr_interfaces/share/asdfr_interfaces/package.sh'
[1.353s] INFO:colcon.colcon_core.shell:Creating package script '/home/ram-user/ASDFR/src/ros2_nodes/install/asdfr_interfaces/share/asdfr_interfaces/package.bash'
[1.353s] INFO:colcon.colcon_core.shell:Creating package script '/home/ram-user/ASDFR/src/ros2_nodes/install/asdfr_interfaces/share/asdfr_interfaces/package.zsh'
[1.354s] Level 1:colcon.colcon_core.environment:create_file_with_runtime_dependencies(/home/ram-user/ASDFR/src/ros2_nodes/install/asdfr_interfaces/share/colcon-core/packages/asdfr_interfaces)
[1.355s] INFO:colcon.colcon_ros.task.ament_cmake.build:Building ROS package in '/home/ram-user/ASDFR/src/ros2_nodes/src/jiwy_controller' with build type 'ament_cmake'
[1.355s] INFO:colcon.colcon_cmake.task.cmake.build:Building CMake package in '/home/ram-user/ASDFR/src/ros2_nodes/src/jiwy_controller'
[1.356s] INFO:colcon.colcon_core.shell:Skip shell extension 'powershell' for command environment: Not usable outside of PowerShell
[1.356s] DEBUG:colcon.colcon_core.shell:Skip shell extension 'dsv' for command environment
[1.362s] INFO:colcon.colcon_ros.task.ament_cmake.build:Building ROS package in '/home/ram-user/ASDFR/src/ros2_nodes/src/jiwy_simulator' with build type 'ament_cmake'
[1.362s] INFO:colcon.colcon_cmake.task.cmake.build:Building CMake package in '/home/ram-user/ASDFR/src/ros2_nodes/src/jiwy_simulator'
[1.363s] INFO:colcon.colcon_core.shell:Skip shell extension 'powershell' for command environment: Not usable outside of PowerShell
[1.363s] DEBUG:colcon.colcon_core.shell:Skip shell extension 'dsv' for command environment
[1.407s] DEBUG:colcon.colcon_core.event_handler.log_command:Invoking command in '/home/ram-user/ASDFR/src/ros2_nodes/build/jiwy_simulator': CMAKE_PREFIX_PATH=/home/ram-user/ASDFR/src/ros2_nodes/install/asdfr_interfaces:/home/ram-user/ASDFR/src/ros2_nodes/install/jiwy_simulator:/home/ram-user/ASDFR/src/ros2_nodes/install/jiwy_controller:/home/ram-user/ASDFR/install/jiwy_simulator:/home/ram-user/ASDFR/install/jiwy_controller:/home/ram-user/ASDFR/install/image_processing:/home/ram-user/ASDFR/install/asdfr_interfaces:/opt/ros/humble /usr/bin/cmake --build /home/ram-user/ASDFR/src/ros2_nodes/build/jiwy_simulator -- -j2 -l2
[1.414s] DEBUG:colcon.colcon_core.event_handler.log_command:Invoking command in '/home/ram-user/ASDFR/src/ros2_nodes/build/jiwy_controller': CMAKE_PREFIX_PATH=/home/ram-user/ASDFR/src/ros2_nodes/install/asdfr_interfaces:/home/ram-user/ASDFR/src/ros2_nodes/install/jiwy_simulator:/home/ram-user/ASDFR/src/ros2_nodes/install/jiwy_controller:/home/ram-user/ASDFR/install/jiwy_simulator:/home/ram-user/ASDFR/install/jiwy_controller:/home/ram-user/ASDFR/install/image_processing:/home/ram-user/ASDFR/install/asdfr_interfaces:/opt/ros/humble /usr/bin/cmake --build /home/ram-user/ASDFR/src/ros2_nodes/build/jiwy_controller -- -j2 -l2
[1.662s] DEBUG:colcon.colcon_core.event_handler.log_command:Invoked command in '/home/ram-user/ASDFR/src/ros2_nodes/build/jiwy_simulator' returned '0': CMAKE_PREFIX_PATH=/home/ram-user/ASDFR/src/ros2_nodes/install/asdfr_interfaces:/home/ram-user/ASDFR/src/ros2_nodes/install/jiwy_simulator:/home/ram-user/ASDFR/src/ros2_nodes/install/jiwy_controller:/home/ram-user/ASDFR/install/jiwy_simulator:/home/ram-user/ASDFR/install/jiwy_controller:/home/ram-user/ASDFR/install/image_processing:/home/ram-user/ASDFR/install/asdfr_interfaces:/opt/ros/humble /usr/bin/cmake --build /home/ram-user/ASDFR/src/ros2_nodes/build/jiwy_simulator -- -j2 -l2
[1.779s] DEBUG:colcon.colcon_core.event_handler.log_command:Invoking command in '/home/ram-user/ASDFR/src/ros2_nodes/build/jiwy_simulator': CMAKE_PREFIX_PATH=/home/ram-user/ASDFR/src/ros2_nodes/install/asdfr_interfaces:/home/ram-user/ASDFR/src/ros2_nodes/install/jiwy_simulator:/home/ram-user/ASDFR/src/ros2_nodes/install/jiwy_controller:/home/ram-user/ASDFR/install/jiwy_simulator:/home/ram-user/ASDFR/install/jiwy_controller:/home/ram-user/ASDFR/install/image_processing:/home/ram-user/ASDFR/install/asdfr_interfaces:/opt/ros/humble /usr/bin/cmake --install /home/ram-user/ASDFR/src/ros2_nodes/build/jiwy_simulator
[1.797s] Level 1:colcon.colcon_core.environment:create_environment_scripts_only(jiwy_simulator)
[1.799s] Level 1:colcon.colcon_core.environment:checking '/home/ram-user/ASDFR/src/ros2_nodes/install/jiwy_simulator' for CMake module files
[1.799s] DEBUG:colcon.colcon_core.event_handler.log_command:Invoked command in '/home/ram-user/ASDFR/src/ros2_nodes/build/jiwy_simulator' returned '0': CMAKE_PREFIX_PATH=/home/ram-user/ASDFR/src/ros2_nodes/install/asdfr_interfaces:/home/ram-user/ASDFR/src/ros2_nodes/install/jiwy_simulator:/home/ram-user/ASDFR/src/ros2_nodes/install/jiwy_controller:/home/ram-user/ASDFR/install/jiwy_simulator:/home/ram-user/ASDFR/install/jiwy_controller:/home/ram-user/ASDFR/install/image_processing:/home/ram-user/ASDFR/install/asdfr_interfaces:/opt/ros/humble /usr/bin/cmake --install /home/ram-user/ASDFR/src/ros2_nodes/build/jiwy_simulator
[1.804s] Level 1:colcon.colcon_core.environment:checking '/home/ram-user/ASDFR/src/ros2_nodes/install/jiwy_simulator' for CMake config files
[1.804s] Level 1:colcon.colcon_core.shell:create_environment_hook('jiwy_simulator', 'cmake_prefix_path')
[1.805s] INFO:colcon.colcon_core.shell:Creating environment hook '/home/ram-user/ASDFR/src/ros2_nodes/install/jiwy_simulator/share/jiwy_simulator/hook/cmake_prefix_path.ps1'
[1.806s] INFO:colcon.colcon_core.shell:Creating environment descriptor '/home/ram-user/ASDFR/src/ros2_nodes/install/jiwy_simulator/share/jiwy_simulator/hook/cmake_prefix_path.dsv'
[1.806s] INFO:colcon.colcon_core.shell:Creating environment hook '/home/ram-user/ASDFR/src/ros2_nodes/install/jiwy_simulator/share/jiwy_simulator/hook/cmake_prefix_path.sh'
[1.807s] Level 1:colcon.colcon_core.environment:checking '/home/ram-user/ASDFR/src/ros2_nodes/install/jiwy_simulator/lib'
[1.807s] Level 1:colcon.colcon_core.environment:checking '/home/ram-user/ASDFR/src/ros2_nodes/install/jiwy_simulator/bin'
[1.807s] Level 1:colcon.colcon_core.environment:checking '/home/ram-user/ASDFR/src/ros2_nodes/install/jiwy_simulator/lib/pkgconfig/jiwy_simulator.pc'
[1.807s] Level 1:colcon.colcon_core.environment:checking '/home/ram-user/ASDFR/src/ros2_nodes/install/jiwy_simulator/lib/python3.10/site-packages'
[1.807s] Level 1:colcon.colcon_core.environment:checking '/home/ram-user/ASDFR/src/ros2_nodes/install/jiwy_simulator/bin'
[1.809s] INFO:colcon.colcon_core.shell:Creating package script '/home/ram-user/ASDFR/src/ros2_nodes/install/jiwy_simulator/share/jiwy_simulator/package.ps1'
[1.810s] INFO:colcon.colcon_core.shell:Creating package descriptor '/home/ram-user/ASDFR/src/ros2_nodes/install/jiwy_simulator/share/jiwy_simulator/package.dsv'
[1.826s] INFO:colcon.colcon_core.shell:Creating package script '/home/ram-user/ASDFR/src/ros2_nodes/install/jiwy_simulator/share/jiwy_simulator/package.sh'
[1.827s] INFO:colcon.colcon_core.shell:Creating package script '/home/ram-user/ASDFR/src/ros2_nodes/install/jiwy_simulator/share/jiwy_simulator/package.bash'
[1.827s] INFO:colcon.colcon_core.shell:Creating package script '/home/ram-user/ASDFR/src/ros2_nodes/install/jiwy_simulator/share/jiwy_simulator/package.zsh'
[1.827s] Level 1:colcon.colcon_core.environment:create_file_with_runtime_dependencies(/home/ram-user/ASDFR/src/ros2_nodes/install/jiwy_simulator/share/colcon-core/packages/jiwy_simulator)
[1.950s] Level 1:colcon.colcon_core.environment:create_environment_scripts_only(jiwy_simulator)
[1.953s] Level 1:colcon.colcon_core.environment:checking '/home/ram-user/ASDFR/src/ros2_nodes/install/jiwy_simulator' for CMake module files
[1.953s] Level 1:colcon.colcon_core.environment:checking '/home/ram-user/ASDFR/src/ros2_nodes/install/jiwy_simulator' for CMake config files
[1.953s] Level 1:colcon.colcon_core.shell:create_environment_hook('jiwy_simulator', 'cmake_prefix_path')
[1.959s] INFO:colcon.colcon_core.shell:Creating environment hook '/home/ram-user/ASDFR/src/ros2_nodes/install/jiwy_simulator/share/jiwy_simulator/hook/cmake_prefix_path.ps1'
[1.959s] INFO:colcon.colcon_core.shell:Creating environment descriptor '/home/ram-user/ASDFR/src/ros2_nodes/install/jiwy_simulator/share/jiwy_simulator/hook/cmake_prefix_path.dsv'
[1.974s] INFO:colcon.colcon_core.shell:Creating environment hook '/home/ram-user/ASDFR/src/ros2_nodes/install/jiwy_simulator/share/jiwy_simulator/hook/cmake_prefix_path.sh'
[1.975s] Level 1:colcon.colcon_core.environment:checking '/home/ram-user/ASDFR/src/ros2_nodes/install/jiwy_simulator/lib'
[1.975s] Level 1:colcon.colcon_core.environment:checking '/home/ram-user/ASDFR/src/ros2_nodes/install/jiwy_simulator/bin'
[1.976s] Level 1:colcon.colcon_core.environment:checking '/home/ram-user/ASDFR/src/ros2_nodes/install/jiwy_simulator/lib/pkgconfig/jiwy_simulator.pc'
[1.976s] Level 1:colcon.colcon_core.environment:checking '/home/ram-user/ASDFR/src/ros2_nodes/install/jiwy_simulator/lib/python3.10/site-packages'
[1.976s] Level 1:colcon.colcon_core.environment:checking '/home/ram-user/ASDFR/src/ros2_nodes/install/jiwy_simulator/bin'
[1.977s] INFO:colcon.colcon_core.shell:Creating package script '/home/ram-user/ASDFR/src/ros2_nodes/install/jiwy_simulator/share/jiwy_simulator/package.ps1'
[1.978s] INFO:colcon.colcon_core.shell:Creating package descriptor '/home/ram-user/ASDFR/src/ros2_nodes/install/jiwy_simulator/share/jiwy_simulator/package.dsv'
[1.979s] INFO:colcon.colcon_core.shell:Creating package script '/home/ram-user/ASDFR/src/ros2_nodes/install/jiwy_simulator/share/jiwy_simulator/package.sh'
[1.979s] INFO:colcon.colcon_core.shell:Creating package script '/home/ram-user/ASDFR/src/ros2_nodes/install/jiwy_simulator/share/jiwy_simulator/package.bash'
[1.979s] INFO:colcon.colcon_core.shell:Creating package script '/home/ram-user/ASDFR/src/ros2_nodes/install/jiwy_simulator/share/jiwy_simulator/package.zsh'
[1.990s] Level 1:colcon.colcon_core.environment:create_file_with_runtime_dependencies(/home/ram-user/ASDFR/src/ros2_nodes/install/jiwy_simulator/share/colcon-core/packages/jiwy_simulator)
[17.018s] DEBUG:colcon.colcon_core.event_handler.log_command:Invoked command in '/home/ram-user/ASDFR/src/ros2_nodes/build/jiwy_controller' returned '0': CMAKE_PREFIX_PATH=/home/ram-user/ASDFR/src/ros2_nodes/install/asdfr_interfaces:/home/ram-user/ASDFR/src/ros2_nodes/install/jiwy_simulator:/home/ram-user/ASDFR/src/ros2_nodes/install/jiwy_controller:/home/ram-user/ASDFR/install/jiwy_simulator:/home/ram-user/ASDFR/install/jiwy_controller:/home/ram-user/ASDFR/install/image_processing:/home/ram-user/ASDFR/install/asdfr_interfaces:/opt/ros/humble /usr/bin/cmake --build /home/ram-user/ASDFR/src/ros2_nodes/build/jiwy_controller -- -j2 -l2
[17.062s] DEBUG:colcon.colcon_core.event_handler.log_command:Invoking command in '/home/ram-user/ASDFR/src/ros2_nodes/build/jiwy_controller': CMAKE_PREFIX_PATH=/home/ram-user/ASDFR/src/ros2_nodes/install/asdfr_interfaces:/home/ram-user/ASDFR/src/ros2_nodes/install/jiwy_simulator:/home/ram-user/ASDFR/src/ros2_nodes/install/jiwy_controller:/home/ram-user/ASDFR/install/jiwy_simulator:/home/ram-user/ASDFR/install/jiwy_controller:/home/ram-user/ASDFR/install/image_processing:/home/ram-user/ASDFR/install/asdfr_interfaces:/opt/ros/humble /usr/bin/cmake --install /home/ram-user/ASDFR/src/ros2_nodes/build/jiwy_controller
[17.091s] Level 1:colcon.colcon_core.environment:create_environment_scripts_only(jiwy_controller)
[17.093s] Level 1:colcon.colcon_core.environment:checking '/home/ram-user/ASDFR/src/ros2_nodes/install/jiwy_controller' for CMake module files
[17.093s] Level 1:colcon.colcon_core.environment:checking '/home/ram-user/ASDFR/src/ros2_nodes/install/jiwy_controller' for CMake config files
[17.094s] Level 1:colcon.colcon_core.shell:create_environment_hook('jiwy_controller', 'cmake_prefix_path')
[17.095s] INFO:colcon.colcon_core.shell:Creating environment hook '/home/ram-user/ASDFR/src/ros2_nodes/install/jiwy_controller/share/jiwy_controller/hook/cmake_prefix_path.ps1'
[17.096s] INFO:colcon.colcon_core.shell:Creating environment descriptor '/home/ram-user/ASDFR/src/ros2_nodes/install/jiwy_controller/share/jiwy_controller/hook/cmake_prefix_path.dsv'
[17.097s] INFO:colcon.colcon_core.shell:Creating environment hook '/home/ram-user/ASDFR/src/ros2_nodes/install/jiwy_controller/share/jiwy_controller/hook/cmake_prefix_path.sh'
[17.098s] DEBUG:colcon.colcon_core.event_handler.log_command:Invoked command in '/home/ram-user/ASDFR/src/ros2_nodes/build/jiwy_controller' returned '0': CMAKE_PREFIX_PATH=/home/ram-user/ASDFR/src/ros2_nodes/install/asdfr_interfaces:/home/ram-user/ASDFR/src/ros2_nodes/install/jiwy_simulator:/home/ram-user/ASDFR/src/ros2_nodes/install/jiwy_controller:/home/ram-user/ASDFR/install/jiwy_simulator:/home/ram-user/ASDFR/install/jiwy_controller:/home/ram-user/ASDFR/install/image_processing:/home/ram-user/ASDFR/install/asdfr_interfaces:/opt/ros/humble /usr/bin/cmake --install /home/ram-user/ASDFR/src/ros2_nodes/build/jiwy_controller
[17.104s] Level 1:colcon.colcon_core.environment:checking '/home/ram-user/ASDFR/src/ros2_nodes/install/jiwy_controller/lib'
[17.104s] Level 1:colcon.colcon_core.environment:checking '/home/ram-user/ASDFR/src/ros2_nodes/install/jiwy_controller/bin'
[17.104s] Level 1:colcon.colcon_core.environment:checking '/home/ram-user/ASDFR/src/ros2_nodes/install/jiwy_controller/lib/pkgconfig/jiwy_controller.pc'
[17.104s] Level 1:colcon.colcon_core.environment:checking '/home/ram-user/ASDFR/src/ros2_nodes/install/jiwy_controller/lib/python3.10/site-packages'
[17.105s] Level 1:colcon.colcon_core.environment:checking '/home/ram-user/ASDFR/src/ros2_nodes/install/jiwy_controller/bin'
[17.118s] INFO:colcon.colcon_core.shell:Creating package script '/home/ram-user/ASDFR/src/ros2_nodes/install/jiwy_controller/share/jiwy_controller/package.ps1'
[17.118s] INFO:colcon.colcon_core.shell:Creating package descriptor '/home/ram-user/ASDFR/src/ros2_nodes/install/jiwy_controller/share/jiwy_controller/package.dsv'
[17.119s] INFO:colcon.colcon_core.shell:Creating package script '/home/ram-user/ASDFR/src/ros2_nodes/install/jiwy_controller/share/jiwy_controller/package.sh'
[17.119s] INFO:colcon.colcon_core.shell:Creating package script '/home/ram-user/ASDFR/src/ros2_nodes/install/jiwy_controller/share/jiwy_controller/package.bash'
[17.119s] INFO:colcon.colcon_core.shell:Creating package script '/home/ram-user/ASDFR/src/ros2_nodes/install/jiwy_controller/share/jiwy_controller/package.zsh'
[17.120s] Level 1:colcon.colcon_core.environment:create_file_with_runtime_dependencies(/home/ram-user/ASDFR/src/ros2_nodes/install/jiwy_controller/share/colcon-core/packages/jiwy_controller)
[17.158s] Level 1:colcon.colcon_core.environment:create_environment_scripts_only(jiwy_controller)
[17.160s] Level 1:colcon.colcon_core.environment:checking '/home/ram-user/ASDFR/src/ros2_nodes/install/jiwy_controller' for CMake module files
[17.161s] Level 1:colcon.colcon_core.environment:checking '/home/ram-user/ASDFR/src/ros2_nodes/install/jiwy_controller' for CMake config files
[17.161s] Level 1:colcon.colcon_core.shell:create_environment_hook('jiwy_controller', 'cmake_prefix_path')
[17.163s] INFO:colcon.colcon_core.shell:Creating environment hook '/home/ram-user/ASDFR/src/ros2_nodes/install/jiwy_controller/share/jiwy_controller/hook/cmake_prefix_path.ps1'
[17.164s] INFO:colcon.colcon_core.shell:Creating environment descriptor '/home/ram-user/ASDFR/src/ros2_nodes/install/jiwy_controller/share/jiwy_controller/hook/cmake_prefix_path.dsv'
[17.164s] INFO:colcon.colcon_core.shell:Creating environment hook '/home/ram-user/ASDFR/src/ros2_nodes/install/jiwy_controller/share/jiwy_controller/hook/cmake_prefix_path.sh'
[17.165s] Level 1:colcon.colcon_core.environment:checking '/home/ram-user/ASDFR/src/ros2_nodes/install/jiwy_controller/lib'
[17.165s] Level 1:colcon.colcon_core.environment:checking '/home/ram-user/ASDFR/src/ros2_nodes/install/jiwy_controller/bin'
[17.165s] Level 1:colcon.colcon_core.environment:checking '/home/ram-user/ASDFR/src/ros2_nodes/install/jiwy_controller/lib/pkgconfig/jiwy_controller.pc'
[17.165s] Level 1:colcon.colcon_core.environment:checking '/home/ram-user/ASDFR/src/ros2_nodes/install/jiwy_controller/lib/python3.10/site-packages'
[17.166s] Level 1:colcon.colcon_core.environment:checking '/home/ram-user/ASDFR/src/ros2_nodes/install/jiwy_controller/bin'
[17.170s] INFO:colcon.colcon_core.shell:Creating package script '/home/ram-user/ASDFR/src/ros2_nodes/install/jiwy_controller/share/jiwy_controller/package.ps1'
[17.170s] INFO:colcon.colcon_core.shell:Creating package descriptor '/home/ram-user/ASDFR/src/ros2_nodes/install/jiwy_controller/share/jiwy_controller/package.dsv'
[17.171s] INFO:colcon.colcon_core.shell:Creating package script '/home/ram-user/ASDFR/src/ros2_nodes/install/jiwy_controller/share/jiwy_controller/package.sh'
[17.171s] INFO:colcon.colcon_core.shell:Creating package script '/home/ram-user/ASDFR/src/ros2_nodes/install/jiwy_controller/share/jiwy_controller/package.bash'
[17.172s] INFO:colcon.colcon_core.shell:Creating package script '/home/ram-user/ASDFR/src/ros2_nodes/install/jiwy_controller/share/jiwy_controller/package.zsh'
[17.172s] Level 1:colcon.colcon_core.environment:create_file_with_runtime_dependencies(/home/ram-user/ASDFR/src/ros2_nodes/install/jiwy_controller/share/colcon-core/packages/jiwy_controller)
[17.173s] DEBUG:colcon.colcon_parallel_executor.executor.parallel:closing loop
[17.173s] DEBUG:colcon.colcon_parallel_executor.executor.parallel:loop closed
[17.173s] DEBUG:colcon.colcon_parallel_executor.executor.parallel:run_until_complete finished with '0'
[17.173s] DEBUG:colcon.colcon_core.event_reactor:joining thread
[17.180s] INFO:colcon.colcon_core.plugin_system:Skipping extension 'colcon_notification.desktop_notification.terminal_notifier': Not used on non-Darwin systems
[17.180s] INFO:colcon.colcon_core.plugin_system:Skipping extension 'colcon_notification.desktop_notification.win32': Not used on non-Windows systems
[17.180s] INFO:colcon.colcon_notification.desktop_notification:Sending desktop notification using 'notify2'
[17.198s] DEBUG:colcon.colcon_core.event_reactor:joined thread
[17.200s] INFO:colcon.colcon_core.shell:Creating prefix script '/home/ram-user/ASDFR/src/ros2_nodes/install/local_setup.ps1'
[17.201s] INFO:colcon.colcon_core.shell:Creating prefix util module '/home/ram-user/ASDFR/src/ros2_nodes/install/_local_setup_util_ps1.py'
[17.204s] INFO:colcon.colcon_core.shell:Creating prefix chain script '/home/ram-user/ASDFR/src/ros2_nodes/install/setup.ps1'
[17.216s] INFO:colcon.colcon_core.shell:Creating prefix script '/home/ram-user/ASDFR/src/ros2_nodes/install/local_setup.sh'
[17.217s] INFO:colcon.colcon_core.shell:Creating prefix util module '/home/ram-user/ASDFR/src/ros2_nodes/install/_local_setup_util_sh.py'
[17.219s] INFO:colcon.colcon_core.shell:Creating prefix chain script '/home/ram-user/ASDFR/src/ros2_nodes/install/setup.sh'
[17.233s] INFO:colcon.colcon_core.shell:Creating prefix script '/home/ram-user/ASDFR/src/ros2_nodes/install/local_setup.bash'
[17.234s] INFO:colcon.colcon_core.shell:Creating prefix chain script '/home/ram-user/ASDFR/src/ros2_nodes/install/setup.bash'
[17.246s] INFO:colcon.colcon_core.shell:Creating prefix script '/home/ram-user/ASDFR/src/ros2_nodes/install/local_setup.zsh'
[17.248s] INFO:colcon.colcon_core.shell:Creating prefix chain script '/home/ram-user/ASDFR/src/ros2_nodes/install/setup.zsh'
