[0.048s] Invoking command in '/home/ram-user/ASDFR/build/asdfr_interfaces': CMAKE_PREFIX_PATH=${CMAKE_PREFIX_PATH}:/opt/ros/humble /usr/bin/cmake --build /home/ram-user/ASDFR/build/asdfr_interfaces -- -j2 -l2
[0.182s] [  9%] Built target asdfr_interfaces__rosidl_generator_c
[0.188s] [ 12%] Built target asdfr_interfaces__cpp
[0.253s] [ 12%] Built target ament_cmake_python_copy_asdfr_interfaces
[0.259s] [ 22%] Built target asdfr_interfaces__rosidl_typesupport_cpp
[0.305s] [ 32%] Built target asdfr_interfaces__rosidl_typesupport_fastrtps_c
[0.305s] [ 41%] Built target asdfr_interfaces__rosidl_typesupport_introspection_c
[0.346s] [ 58%] Built target asdfr_interfaces__rosidl_typesupport_c
[0.347s] [ 61%] Built target asdfr_interfaces__rosidl_typesupport_fastrtps_cpp
[0.373s] [ 70%] Built target asdfr_interfaces__rosidl_typesupport_introspection_cpp
[0.395s] [ 70%] Built target asdfr_interfaces
[0.462s] [ 74%] Built target asdfr_interfaces__py
[0.515s] [ 80%] Built target asdfr_interfaces__rosidl_generator_py
[0.590s] [ 87%] Built target asdfr_interfaces__rosidl_typesupport_fastrtps_c__pyext
[0.700s] [ 93%] Built target asdfr_interfaces__rosidl_typesupport_introspection_c__pyext
[0.778s] [100%] Built target asdfr_interfaces__rosidl_typesupport_c__pyext
[0.855s] running egg_info
[0.856s] writing asdfr_interfaces.egg-info/PKG-INFO
[0.857s] writing dependency_links to asdfr_interfaces.egg-info/dependency_links.txt
[0.857s] writing top-level names to asdfr_interfaces.egg-info/top_level.txt
[0.859s] reading manifest file 'asdfr_interfaces.egg-info/SOURCES.txt'
[0.861s] writing manifest file 'asdfr_interfaces.egg-info/SOURCES.txt'
[0.894s] [100%] Built target ament_cmake_python_build_asdfr_interfaces_egg
[0.926s] Invoked command in '/home/ram-user/ASDFR/build/asdfr_interfaces' returned '0': CMAKE_PREFIX_PATH=${CMAKE_PREFIX_PATH}:/opt/ros/humble /usr/bin/cmake --build /home/ram-user/ASDFR/build/asdfr_interfaces -- -j2 -l2
[1.027s] Invoking command in '/home/ram-user/ASDFR/build/asdfr_interfaces': CMAKE_PREFIX_PATH=${CMAKE_PREFIX_PATH}:/opt/ros/humble /usr/bin/cmake --install /home/ram-user/ASDFR/build/asdfr_interfaces
[1.058s] -- Install configuration: ""
[1.059s] -- Up-to-date: /home/ram-user/ASDFR/install/asdfr_interfaces/share/ament_index/resource_index/rosidl_interfaces/asdfr_interfaces
[1.068s] -- Up-to-date: /home/ram-user/ASDFR/install/asdfr_interfaces/include/asdfr_interfaces/asdfr_interfaces
[1.068s] -- Up-to-date: /home/ram-user/ASDFR/install/asdfr_interfaces/include/asdfr_interfaces/asdfr_interfaces/msg
[1.068s] -- Up-to-date: /home/ram-user/ASDFR/install/asdfr_interfaces/include/asdfr_interfaces/asdfr_interfaces/msg/detail
[1.068s] -- Up-to-date: /home/ram-user/ASDFR/install/asdfr_interfaces/include/asdfr_interfaces/asdfr_interfaces/msg/detail/point2__functions.c
[1.068s] -- Up-to-date: /home/ram-user/ASDFR/install/asdfr_interfaces/include/asdfr_interfaces/asdfr_interfaces/msg/detail/point2__struct.h
[1.069s] -- Up-to-date: /home/ram-user/ASDFR/install/asdfr_interfaces/include/asdfr_interfaces/asdfr_interfaces/msg/detail/point2__functions.h
[1.069s] -- Up-to-date: /home/ram-user/ASDFR/install/asdfr_interfaces/include/asdfr_interfaces/asdfr_interfaces/msg/detail/point2__type_support.h
[1.069s] -- Up-to-date: /home/ram-user/ASDFR/install/asdfr_interfaces/include/asdfr_interfaces/asdfr_interfaces/msg/rosidl_generator_c__visibility_control.h
[1.069s] -- Up-to-date: /home/ram-user/ASDFR/install/asdfr_interfaces/include/asdfr_interfaces/asdfr_interfaces/msg/point2.h
[1.069s] -- Up-to-date: /home/ram-user/ASDFR/install/asdfr_interfaces/share/asdfr_interfaces/environment/library_path.sh
[1.069s] -- Up-to-date: /home/ram-user/ASDFR/install/asdfr_interfaces/share/asdfr_interfaces/environment/library_path.dsv
[1.069s] -- Up-to-date: /home/ram-user/ASDFR/install/asdfr_interfaces/lib/libasdfr_interfaces__rosidl_generator_c.so
[1.070s] -- Up-to-date: /home/ram-user/ASDFR/install/asdfr_interfaces/include/asdfr_interfaces/asdfr_interfaces
[1.070s] -- Up-to-date: /home/ram-user/ASDFR/install/asdfr_interfaces/include/asdfr_interfaces/asdfr_interfaces/msg
[1.070s] -- Up-to-date: /home/ram-user/ASDFR/install/asdfr_interfaces/include/asdfr_interfaces/asdfr_interfaces/msg/rosidl_typesupport_fastrtps_c__visibility_control.h
[1.070s] -- Up-to-date: /home/ram-user/ASDFR/install/asdfr_interfaces/include/asdfr_interfaces/asdfr_interfaces/msg/detail
[1.071s] -- Up-to-date: /home/ram-user/ASDFR/install/asdfr_interfaces/include/asdfr_interfaces/asdfr_interfaces/msg/detail/point2__rosidl_typesupport_fastrtps_c.h
[1.071s] -- Up-to-date: /home/ram-user/ASDFR/install/asdfr_interfaces/lib/libasdfr_interfaces__rosidl_typesupport_fastrtps_c.so
[1.071s] -- Up-to-date: /home/ram-user/ASDFR/install/asdfr_interfaces/include/asdfr_interfaces/asdfr_interfaces
[1.071s] -- Up-to-date: /home/ram-user/ASDFR/install/asdfr_interfaces/include/asdfr_interfaces/asdfr_interfaces/msg
[1.072s] -- Up-to-date: /home/ram-user/ASDFR/install/asdfr_interfaces/include/asdfr_interfaces/asdfr_interfaces/msg/rosidl_typesupport_introspection_c__visibility_control.h
[1.072s] -- Up-to-date: /home/ram-user/ASDFR/install/asdfr_interfaces/include/asdfr_interfaces/asdfr_interfaces/msg/detail
[1.072s] -- Up-to-date: /home/ram-user/ASDFR/install/asdfr_interfaces/include/asdfr_interfaces/asdfr_interfaces/msg/detail/point2__rosidl_typesupport_introspection_c.h
[1.072s] -- Up-to-date: /home/ram-user/ASDFR/install/asdfr_interfaces/include/asdfr_interfaces/asdfr_interfaces/msg/detail/point2__type_support.c
[1.072s] -- Up-to-date: /home/ram-user/ASDFR/install/asdfr_interfaces/lib/libasdfr_interfaces__rosidl_typesupport_introspection_c.so
[1.073s] -- Up-to-date: /home/ram-user/ASDFR/install/asdfr_interfaces/lib/libasdfr_interfaces__rosidl_typesupport_c.so
[1.073s] -- Up-to-date: /home/ram-user/ASDFR/install/asdfr_interfaces/include/asdfr_interfaces/asdfr_interfaces
[1.076s] -- Up-to-date: /home/ram-user/ASDFR/install/asdfr_interfaces/include/asdfr_interfaces/asdfr_interfaces/msg
[1.076s] -- Up-to-date: /home/ram-user/ASDFR/install/asdfr_interfaces/include/asdfr_interfaces/asdfr_interfaces/msg/point2.hpp
[1.076s] -- Up-to-date: /home/ram-user/ASDFR/install/asdfr_interfaces/include/asdfr_interfaces/asdfr_interfaces/msg/detail
[1.076s] -- Up-to-date: /home/ram-user/ASDFR/install/asdfr_interfaces/include/asdfr_interfaces/asdfr_interfaces/msg/detail/point2__traits.hpp
[1.077s] -- Up-to-date: /home/ram-user/ASDFR/install/asdfr_interfaces/include/asdfr_interfaces/asdfr_interfaces/msg/detail/point2__builder.hpp
[1.077s] -- Up-to-date: /home/ram-user/ASDFR/install/asdfr_interfaces/include/asdfr_interfaces/asdfr_interfaces/msg/detail/point2__struct.hpp
[1.077s] -- Up-to-date: /home/ram-user/ASDFR/install/asdfr_interfaces/include/asdfr_interfaces/asdfr_interfaces
[1.077s] -- Up-to-date: /home/ram-user/ASDFR/install/asdfr_interfaces/include/asdfr_interfaces/asdfr_interfaces/msg
[1.077s] -- Up-to-date: /home/ram-user/ASDFR/install/asdfr_interfaces/include/asdfr_interfaces/asdfr_interfaces/msg/detail
[1.078s] -- Up-to-date: /home/ram-user/ASDFR/install/asdfr_interfaces/include/asdfr_interfaces/asdfr_interfaces/msg/detail/point2__rosidl_typesupport_fastrtps_cpp.hpp
[1.078s] -- Up-to-date: /home/ram-user/ASDFR/install/asdfr_interfaces/include/asdfr_interfaces/asdfr_interfaces/msg/detail/dds_fastrtps
[1.082s] -- Up-to-date: /home/ram-user/ASDFR/install/asdfr_interfaces/include/asdfr_interfaces/asdfr_interfaces/msg/rosidl_typesupport_fastrtps_cpp__visibility_control.h
[1.082s] -- Up-to-date: /home/ram-user/ASDFR/install/asdfr_interfaces/lib/libasdfr_interfaces__rosidl_typesupport_fastrtps_cpp.so
[1.083s] -- Up-to-date: /home/ram-user/ASDFR/install/asdfr_interfaces/include/asdfr_interfaces/asdfr_interfaces
[1.083s] -- Up-to-date: /home/ram-user/ASDFR/install/asdfr_interfaces/include/asdfr_interfaces/asdfr_interfaces/msg
[1.083s] -- Up-to-date: /home/ram-user/ASDFR/install/asdfr_interfaces/include/asdfr_interfaces/asdfr_interfaces/msg/detail
[1.083s] -- Up-to-date: /home/ram-user/ASDFR/install/asdfr_interfaces/include/asdfr_interfaces/asdfr_interfaces/msg/detail/point2__rosidl_typesupport_introspection_cpp.hpp
[1.084s] -- Up-to-date: /home/ram-user/ASDFR/install/asdfr_interfaces/include/asdfr_interfaces/asdfr_interfaces/msg/detail/point2__type_support.cpp
[1.084s] -- Up-to-date: /home/ram-user/ASDFR/install/asdfr_interfaces/lib/libasdfr_interfaces__rosidl_typesupport_introspection_cpp.so
[1.085s] -- Up-to-date: /home/ram-user/ASDFR/install/asdfr_interfaces/lib/libasdfr_interfaces__rosidl_typesupport_cpp.so
[1.085s] -- Up-to-date: /home/ram-user/ASDFR/install/asdfr_interfaces/share/asdfr_interfaces/environment/pythonpath.sh
[1.085s] -- Up-to-date: /home/ram-user/ASDFR/install/asdfr_interfaces/share/asdfr_interfaces/environment/pythonpath.dsv
[1.085s] -- Up-to-date: /home/ram-user/ASDFR/install/asdfr_interfaces/local/lib/python3.10/dist-packages/asdfr_interfaces-0.0.0-py3.10.egg-info
[1.086s] -- Installing: /home/ram-user/ASDFR/install/asdfr_interfaces/local/lib/python3.10/dist-packages/asdfr_interfaces-0.0.0-py3.10.egg-info/dependency_links.txt
[1.086s] -- Installing: /home/ram-user/ASDFR/install/asdfr_interfaces/local/lib/python3.10/dist-packages/asdfr_interfaces-0.0.0-py3.10.egg-info/top_level.txt
[1.086s] -- Installing: /home/ram-user/ASDFR/install/asdfr_interfaces/local/lib/python3.10/dist-packages/asdfr_interfaces-0.0.0-py3.10.egg-info/PKG-INFO
[1.087s] -- Installing: /home/ram-user/ASDFR/install/asdfr_interfaces/local/lib/python3.10/dist-packages/asdfr_interfaces-0.0.0-py3.10.egg-info/SOURCES.txt
[1.087s] -- Up-to-date: /home/ram-user/ASDFR/install/asdfr_interfaces/local/lib/python3.10/dist-packages/asdfr_interfaces
[1.087s] -- Up-to-date: /home/ram-user/ASDFR/install/asdfr_interfaces/local/lib/python3.10/dist-packages/asdfr_interfaces/__init__.py
[1.087s] -- Up-to-date: /home/ram-user/ASDFR/install/asdfr_interfaces/local/lib/python3.10/dist-packages/asdfr_interfaces/_asdfr_interfaces_s.ep.rosidl_typesupport_fastrtps_c.c
[1.087s] -- Up-to-date: /home/ram-user/ASDFR/install/asdfr_interfaces/local/lib/python3.10/dist-packages/asdfr_interfaces/asdfr_interfaces_s__rosidl_typesupport_introspection_c.cpython-310-x86_64-linux-gnu.so
[1.088s] -- Up-to-date: /home/ram-user/ASDFR/install/asdfr_interfaces/local/lib/python3.10/dist-packages/asdfr_interfaces/libasdfr_interfaces__rosidl_generator_py.so
[1.088s] -- Up-to-date: /home/ram-user/ASDFR/install/asdfr_interfaces/local/lib/python3.10/dist-packages/asdfr_interfaces/asdfr_interfaces_s__rosidl_typesupport_c.cpython-310-x86_64-linux-gnu.so
[1.091s] -- Up-to-date: /home/ram-user/ASDFR/install/asdfr_interfaces/local/lib/python3.10/dist-packages/asdfr_interfaces/_asdfr_interfaces_s.ep.rosidl_typesupport_introspection_c.c
[1.092s] -- Up-to-date: /home/ram-user/ASDFR/install/asdfr_interfaces/local/lib/python3.10/dist-packages/asdfr_interfaces/_asdfr_interfaces_s.ep.rosidl_typesupport_c.c
[1.092s] -- Up-to-date: /home/ram-user/ASDFR/install/asdfr_interfaces/local/lib/python3.10/dist-packages/asdfr_interfaces/msg
[1.092s] -- Up-to-date: /home/ram-user/ASDFR/install/asdfr_interfaces/local/lib/python3.10/dist-packages/asdfr_interfaces/msg/__init__.py
[1.092s] -- Up-to-date: /home/ram-user/ASDFR/install/asdfr_interfaces/local/lib/python3.10/dist-packages/asdfr_interfaces/msg/_point2.py
[1.092s] -- Up-to-date: /home/ram-user/ASDFR/install/asdfr_interfaces/local/lib/python3.10/dist-packages/asdfr_interfaces/msg/_point2_s.c
[1.093s] -- Up-to-date: /home/ram-user/ASDFR/install/asdfr_interfaces/local/lib/python3.10/dist-packages/asdfr_interfaces/asdfr_interfaces_s__rosidl_typesupport_fastrtps_c.cpython-310-x86_64-linux-gnu.so
[1.140s] Listing '/home/ram-user/ASDFR/install/asdfr_interfaces/local/lib/python3.10/dist-packages/asdfr_interfaces'...
[1.140s] Listing '/home/ram-user/ASDFR/install/asdfr_interfaces/local/lib/python3.10/dist-packages/asdfr_interfaces/msg'...
[1.149s] -- Up-to-date: /home/ram-user/ASDFR/install/asdfr_interfaces/local/lib/python3.10/dist-packages/asdfr_interfaces/asdfr_interfaces_s__rosidl_typesupport_fastrtps_c.cpython-310-x86_64-linux-gnu.so
[1.149s] -- Up-to-date: /home/ram-user/ASDFR/install/asdfr_interfaces/local/lib/python3.10/dist-packages/asdfr_interfaces/asdfr_interfaces_s__rosidl_typesupport_introspection_c.cpython-310-x86_64-linux-gnu.so
[1.149s] -- Up-to-date: /home/ram-user/ASDFR/install/asdfr_interfaces/local/lib/python3.10/dist-packages/asdfr_interfaces/asdfr_interfaces_s__rosidl_typesupport_c.cpython-310-x86_64-linux-gnu.so
[1.150s] -- Up-to-date: /home/ram-user/ASDFR/install/asdfr_interfaces/lib/libasdfr_interfaces__rosidl_generator_py.so
[1.151s] -- Up-to-date: /home/ram-user/ASDFR/install/asdfr_interfaces/share/asdfr_interfaces/msg/Point2.idl
[1.151s] -- Up-to-date: /home/ram-user/ASDFR/install/asdfr_interfaces/share/asdfr_interfaces/msg/Point2.msg
[1.151s] -- Up-to-date: /home/ram-user/ASDFR/install/asdfr_interfaces/share/ament_index/resource_index/package_run_dependencies/asdfr_interfaces
[1.151s] -- Up-to-date: /home/ram-user/ASDFR/install/asdfr_interfaces/share/ament_index/resource_index/parent_prefix_path/asdfr_interfaces
[1.151s] -- Up-to-date: /home/ram-user/ASDFR/install/asdfr_interfaces/share/asdfr_interfaces/environment/ament_prefix_path.sh
[1.151s] -- Up-to-date: /home/ram-user/ASDFR/install/asdfr_interfaces/share/asdfr_interfaces/environment/ament_prefix_path.dsv
[1.152s] -- Up-to-date: /home/ram-user/ASDFR/install/asdfr_interfaces/share/asdfr_interfaces/environment/path.sh
[1.152s] -- Up-to-date: /home/ram-user/ASDFR/install/asdfr_interfaces/share/asdfr_interfaces/environment/path.dsv
[1.152s] -- Up-to-date: /home/ram-user/ASDFR/install/asdfr_interfaces/share/asdfr_interfaces/local_setup.bash
[1.152s] -- Up-to-date: /home/ram-user/ASDFR/install/asdfr_interfaces/share/asdfr_interfaces/local_setup.sh
[1.152s] -- Up-to-date: /home/ram-user/ASDFR/install/asdfr_interfaces/share/asdfr_interfaces/local_setup.zsh
[1.152s] -- Up-to-date: /home/ram-user/ASDFR/install/asdfr_interfaces/share/asdfr_interfaces/local_setup.dsv
[1.152s] -- Installing: /home/ram-user/ASDFR/install/asdfr_interfaces/share/asdfr_interfaces/package.dsv
[1.153s] -- Up-to-date: /home/ram-user/ASDFR/install/asdfr_interfaces/share/ament_index/resource_index/packages/asdfr_interfaces
[1.153s] -- Up-to-date: /home/ram-user/ASDFR/install/asdfr_interfaces/share/asdfr_interfaces/cmake/export_asdfr_interfaces__rosidl_generator_cExport.cmake
[1.153s] -- Up-to-date: /home/ram-user/ASDFR/install/asdfr_interfaces/share/asdfr_interfaces/cmake/export_asdfr_interfaces__rosidl_generator_cExport-noconfig.cmake
[1.154s] -- Up-to-date: /home/ram-user/ASDFR/install/asdfr_interfaces/share/asdfr_interfaces/cmake/export_asdfr_interfaces__rosidl_typesupport_fastrtps_cExport.cmake
[1.154s] -- Up-to-date: /home/ram-user/ASDFR/install/asdfr_interfaces/share/asdfr_interfaces/cmake/export_asdfr_interfaces__rosidl_typesupport_fastrtps_cExport-noconfig.cmake
[1.154s] -- Up-to-date: /home/ram-user/ASDFR/install/asdfr_interfaces/share/asdfr_interfaces/cmake/asdfr_interfaces__rosidl_typesupport_introspection_cExport.cmake
[1.155s] -- Up-to-date: /home/ram-user/ASDFR/install/asdfr_interfaces/share/asdfr_interfaces/cmake/asdfr_interfaces__rosidl_typesupport_introspection_cExport-noconfig.cmake
[1.155s] -- Up-to-date: /home/ram-user/ASDFR/install/asdfr_interfaces/share/asdfr_interfaces/cmake/asdfr_interfaces__rosidl_typesupport_cExport.cmake
[1.156s] -- Up-to-date: /home/ram-user/ASDFR/install/asdfr_interfaces/share/asdfr_interfaces/cmake/asdfr_interfaces__rosidl_typesupport_cExport-noconfig.cmake
[1.156s] -- Up-to-date: /home/ram-user/ASDFR/install/asdfr_interfaces/share/asdfr_interfaces/cmake/export_asdfr_interfaces__rosidl_generator_cppExport.cmake
[1.156s] -- Up-to-date: /home/ram-user/ASDFR/install/asdfr_interfaces/share/asdfr_interfaces/cmake/export_asdfr_interfaces__rosidl_typesupport_fastrtps_cppExport.cmake
[1.156s] -- Up-to-date: /home/ram-user/ASDFR/install/asdfr_interfaces/share/asdfr_interfaces/cmake/export_asdfr_interfaces__rosidl_typesupport_fastrtps_cppExport-noconfig.cmake
[1.157s] -- Up-to-date: /home/ram-user/ASDFR/install/asdfr_interfaces/share/asdfr_interfaces/cmake/asdfr_interfaces__rosidl_typesupport_introspection_cppExport.cmake
[1.157s] -- Up-to-date: /home/ram-user/ASDFR/install/asdfr_interfaces/share/asdfr_interfaces/cmake/asdfr_interfaces__rosidl_typesupport_introspection_cppExport-noconfig.cmake
[1.157s] -- Up-to-date: /home/ram-user/ASDFR/install/asdfr_interfaces/share/asdfr_interfaces/cmake/asdfr_interfaces__rosidl_typesupport_cppExport.cmake
[1.158s] -- Up-to-date: /home/ram-user/ASDFR/install/asdfr_interfaces/share/asdfr_interfaces/cmake/asdfr_interfaces__rosidl_typesupport_cppExport-noconfig.cmake
[1.158s] -- Up-to-date: /home/ram-user/ASDFR/install/asdfr_interfaces/share/asdfr_interfaces/cmake/export_asdfr_interfaces__rosidl_generator_pyExport.cmake
[1.162s] -- Up-to-date: /home/ram-user/ASDFR/install/asdfr_interfaces/share/asdfr_interfaces/cmake/export_asdfr_interfaces__rosidl_generator_pyExport-noconfig.cmake
[1.163s] -- Up-to-date: /home/ram-user/ASDFR/install/asdfr_interfaces/share/asdfr_interfaces/cmake/rosidl_cmake-extras.cmake
[1.163s] -- Up-to-date: /home/ram-user/ASDFR/install/asdfr_interfaces/share/asdfr_interfaces/cmake/ament_cmake_export_include_directories-extras.cmake
[1.163s] -- Up-to-date: /home/ram-user/ASDFR/install/asdfr_interfaces/share/asdfr_interfaces/cmake/ament_cmake_export_libraries-extras.cmake
[1.163s] -- Up-to-date: /home/ram-user/ASDFR/install/asdfr_interfaces/share/asdfr_interfaces/cmake/ament_cmake_export_targets-extras.cmake
[1.164s] -- Up-to-date: /home/ram-user/ASDFR/install/asdfr_interfaces/share/asdfr_interfaces/cmake/rosidl_cmake_export_typesupport_targets-extras.cmake
[1.164s] -- Up-to-date: /home/ram-user/ASDFR/install/asdfr_interfaces/share/asdfr_interfaces/cmake/ament_cmake_export_dependencies-extras.cmake
[1.164s] -- Up-to-date: /home/ram-user/ASDFR/install/asdfr_interfaces/share/asdfr_interfaces/cmake/rosidl_cmake_export_typesupport_libraries-extras.cmake
[1.165s] -- Up-to-date: /home/ram-user/ASDFR/install/asdfr_interfaces/share/asdfr_interfaces/cmake/asdfr_interfacesConfig.cmake
[1.165s] -- Up-to-date: /home/ram-user/ASDFR/install/asdfr_interfaces/share/asdfr_interfaces/cmake/asdfr_interfacesConfig-version.cmake
[1.165s] -- Up-to-date: /home/ram-user/ASDFR/install/asdfr_interfaces/share/asdfr_interfaces/package.xml
[1.182s] Invoked command in '/home/ram-user/ASDFR/build/asdfr_interfaces' returned '0': CMAKE_PREFIX_PATH=${CMAKE_PREFIX_PATH}:/opt/ros/humble /usr/bin/cmake --install /home/ram-user/ASDFR/build/asdfr_interfaces
