[0.037s] Invoking command in '/home/ram-user/ASDFR/src/ros2_nodes/src/build/jiwy_controller': AMENT_PREFIX_PATH=/home/ram-user/ASDFR/src/ros2_nodes/src/install/asdfr_interfaces:${AMENT_PREFIX_PATH} CMAKE_PREFIX_PATH=/home/ram-user/ASDFR/src/ros2_nodes/src/install/asdfr_interfaces:/opt/ros/humble LD_LIBRARY_PATH=/home/ram-user/ASDFR/src/ros2_nodes/src/install/asdfr_interfaces/lib:${LD_LIBRARY_PATH} PYTHONPATH=/home/ram-user/ASDFR/src/ros2_nodes/src/install/asdfr_interfaces/local/lib/python3.10/dist-packages:${PYTHONPATH} /usr/bin/cmake --build /home/ram-user/ASDFR/src/ros2_nodes/src/build/jiwy_controller -- -j2 -l2
[0.145s] [35m[1mConsolidate compiler generated dependencies of target simplesub[0m
[0.201s] [ 50%] Built target jiwy_controller
[0.201s] [100%] Built target simplesub
[0.217s] Invoked command in '/home/ram-user/ASDFR/src/ros2_nodes/src/build/jiwy_controller' returned '0': AMENT_PREFIX_PATH=/home/ram-user/ASDFR/src/ros2_nodes/src/install/asdfr_interfaces:${AMENT_PREFIX_PATH} CMAKE_PREFIX_PATH=/home/ram-user/ASDFR/src/ros2_nodes/src/install/asdfr_interfaces:/opt/ros/humble LD_LIBRARY_PATH=/home/ram-user/ASDFR/src/ros2_nodes/src/install/asdfr_interfaces/lib:${LD_LIBRARY_PATH} PYTHONPATH=/home/ram-user/ASDFR/src/ros2_nodes/src/install/asdfr_interfaces/local/lib/python3.10/dist-packages:${PYTHONPATH} /usr/bin/cmake --build /home/ram-user/ASDFR/src/ros2_nodes/src/build/jiwy_controller -- -j2 -l2
[0.260s] Invoking command in '/home/ram-user/ASDFR/src/ros2_nodes/src/build/jiwy_controller': AMENT_PREFIX_PATH=/home/ram-user/ASDFR/src/ros2_nodes/src/install/asdfr_interfaces:${AMENT_PREFIX_PATH} CMAKE_PREFIX_PATH=/home/ram-user/ASDFR/src/ros2_nodes/src/install/asdfr_interfaces:/opt/ros/humble LD_LIBRARY_PATH=/home/ram-user/ASDFR/src/ros2_nodes/src/install/asdfr_interfaces/lib:${LD_LIBRARY_PATH} PYTHONPATH=/home/ram-user/ASDFR/src/ros2_nodes/src/install/asdfr_interfaces/local/lib/python3.10/dist-packages:${PYTHONPATH} /usr/bin/cmake --install /home/ram-user/ASDFR/src/ros2_nodes/src/build/jiwy_controller
[0.272s] -- Install configuration: ""
[0.273s] -- Up-to-date: /home/ram-user/ASDFR/src/ros2_nodes/src/install/jiwy_controller/lib/jiwy_controller/jiwy_controller
[0.274s] -- Up-to-date: /home/ram-user/ASDFR/src/ros2_nodes/src/install/jiwy_controller/lib/jiwy_controller/simplesub
[0.275s] -- Up-to-date: /home/ram-user/ASDFR/src/ros2_nodes/src/install/jiwy_controller/share/ament_index/resource_index/package_run_dependencies/jiwy_controller
[0.276s] -- Up-to-date: /home/ram-user/ASDFR/src/ros2_nodes/src/install/jiwy_controller/share/ament_index/resource_index/parent_prefix_path/jiwy_controller
[0.277s] -- Up-to-date: /home/ram-user/ASDFR/src/ros2_nodes/src/install/jiwy_controller/share/jiwy_controller/environment/ament_prefix_path.sh
[0.278s] -- Up-to-date: /home/ram-user/ASDFR/src/ros2_nodes/src/install/jiwy_controller/share/jiwy_controller/environment/ament_prefix_path.dsv
[0.278s] -- Up-to-date: /home/ram-user/ASDFR/src/ros2_nodes/src/install/jiwy_controller/share/jiwy_controller/environment/path.sh
[0.279s] -- Up-to-date: /home/ram-user/ASDFR/src/ros2_nodes/src/install/jiwy_controller/share/jiwy_controller/environment/path.dsv
[0.280s] -- Up-to-date: /home/ram-user/ASDFR/src/ros2_nodes/src/install/jiwy_controller/share/jiwy_controller/local_setup.bash
[0.281s] -- Up-to-date: /home/ram-user/ASDFR/src/ros2_nodes/src/install/jiwy_controller/share/jiwy_controller/local_setup.sh
[0.281s] -- Up-to-date: /home/ram-user/ASDFR/src/ros2_nodes/src/install/jiwy_controller/share/jiwy_controller/local_setup.zsh
[0.281s] -- Up-to-date: /home/ram-user/ASDFR/src/ros2_nodes/src/install/jiwy_controller/share/jiwy_controller/local_setup.dsv
[0.281s] -- Installing: /home/ram-user/ASDFR/src/ros2_nodes/src/install/jiwy_controller/share/jiwy_controller/package.dsv
[0.282s] -- Up-to-date: /home/ram-user/ASDFR/src/ros2_nodes/src/install/jiwy_controller/share/ament_index/resource_index/packages/jiwy_controller
[0.282s] -- Up-to-date: /home/ram-user/ASDFR/src/ros2_nodes/src/install/jiwy_controller/share/jiwy_controller/cmake/jiwy_controllerConfig.cmake
[0.282s] -- Up-to-date: /home/ram-user/ASDFR/src/ros2_nodes/src/install/jiwy_controller/share/jiwy_controller/cmake/jiwy_controllerConfig-version.cmake
[0.282s] -- Up-to-date: /home/ram-user/ASDFR/src/ros2_nodes/src/install/jiwy_controller/share/jiwy_controller/package.xml
[0.289s] Invoked command in '/home/ram-user/ASDFR/src/ros2_nodes/src/build/jiwy_controller' returned '0': AMENT_PREFIX_PATH=/home/ram-user/ASDFR/src/ros2_nodes/src/install/asdfr_interfaces:${AMENT_PREFIX_PATH} CMAKE_PREFIX_PATH=/home/ram-user/ASDFR/src/ros2_nodes/src/install/asdfr_interfaces:/opt/ros/humble LD_LIBRARY_PATH=/home/ram-user/ASDFR/src/ros2_nodes/src/install/asdfr_interfaces/lib:${LD_LIBRARY_PATH} PYTHONPATH=/home/ram-user/ASDFR/src/ros2_nodes/src/install/asdfr_interfaces/local/lib/python3.10/dist-packages:${PYTHONPATH} /usr/bin/cmake --install /home/ram-user/ASDFR/src/ros2_nodes/src/build/jiwy_controller
