[0.413s] DEBUG:colcon:Command line arguments: ['/usr/bin/colcon', 'build']
[0.413s] DEBUG:colcon:Parsed command line arguments: Namespace(log_base=None, log_level=None, verb_name='build', build_base='build', install_base='install', merge_install=False, symlink_install=False, test_result_base=None, continue_on_error=False, executor='parallel', parallel_workers=2, event_handlers=None, ignore_user_meta=False, metas=['./colcon.meta'], base_paths=['.'], packages_ignore=None, packages_ignore_regex=None, paths=None, packages_up_to=None, packages_up_to_regex=None, packages_above=None, packages_above_and_dependencies=None, packages_above_depth=None, packages_select_by_dep=None, packages_skip_by_dep=None, packages_skip_up_to=None, packages_select_build_failed=False, packages_skip_build_finished=False, packages_select_test_failures=False, packages_skip_test_passed=False, packages_select=None, packages_skip=None, packages_select_regex=None, packages_skip_regex=None, packages_start=None, packages_end=None, allow_overriding=[], cmake_args=None, cmake_target=None, cmake_target_skip_unavailable=False, cmake_clean_cache=False, cmake_clean_first=False, cmake_force_configure=False, ament_cmake_args=None, catkin_cmake_args=None, catkin_skip_building_tests=False, verb_parser=<colcon_defaults.argument_parser.defaults.DefaultArgumentsDecorator object at 0x7fab11ef4610>, verb_extension=<colcon_core.verb.build.BuildVerb object at 0x7fab1281a560>, main=<bound method BuildVerb.main of <colcon_core.verb.build.BuildVerb object at 0x7fab1281a560>>)
[0.444s] Level 1:colcon.colcon_core.package_discovery:discover_packages(colcon_meta) check parameters
[0.444s] Level 1:colcon.colcon_core.package_discovery:discover_packages(recursive) check parameters
[0.444s] Level 1:colcon.colcon_core.package_discovery:discover_packages(ignore) check parameters
[0.445s] Level 1:colcon.colcon_core.package_discovery:discover_packages(path) check parameters
[0.445s] Level 1:colcon.colcon_core.package_discovery:discover_packages(colcon_meta) discover
[0.445s] Level 1:colcon.colcon_core.package_discovery:discover_packages(recursive) discover
[0.445s] INFO:colcon.colcon_core.package_discovery:Crawling recursively for packages in '/home/ram-user/ASDFR/src'
[0.445s] Level 1:colcon.colcon_core.package_identification:_identify(.) by extensions ['ignore', 'ignore_ament_install']
[0.446s] Level 1:colcon.colcon_core.package_identification:_identify(.) by extension 'ignore'
[0.446s] Level 1:colcon.colcon_core.package_identification:_identify(.) by extension 'ignore_ament_install'
[0.446s] Level 1:colcon.colcon_core.package_identification:_identify(.) by extensions ['colcon_pkg']
[0.446s] Level 1:colcon.colcon_core.package_identification:_identify(.) by extension 'colcon_pkg'
[0.446s] Level 1:colcon.colcon_core.package_identification:_identify(.) by extensions ['colcon_meta']
[0.447s] Level 1:colcon.colcon_core.package_identification:_identify(.) by extension 'colcon_meta'
[0.447s] Level 1:colcon.colcon_core.package_identification:_identify(.) by extensions ['ros']
[0.447s] Level 1:colcon.colcon_core.package_identification:_identify(.) by extension 'ros'
[0.462s] Level 1:colcon.colcon_core.package_identification:_identify(.) by extensions ['cmake', 'python']
[0.462s] Level 1:colcon.colcon_core.package_identification:_identify(.) by extension 'cmake'
[0.463s] Level 1:colcon.colcon_core.package_identification:_identify(.) by extension 'python'
[0.463s] Level 1:colcon.colcon_core.package_identification:_identify(.) by extensions ['python_setup_py']
[0.463s] Level 1:colcon.colcon_core.package_identification:_identify(.) by extension 'python_setup_py'
[0.463s] Level 1:colcon.colcon_core.package_identification:_identify(build) by extensions ['ignore', 'ignore_ament_install']
[0.463s] Level 1:colcon.colcon_core.package_identification:_identify(build) by extension 'ignore'
[0.464s] Level 1:colcon.colcon_core.package_identification:_identify(build) ignored
[0.464s] Level 1:colcon.colcon_core.package_identification:_identify(image_processing) by extensions ['ignore', 'ignore_ament_install']
[0.464s] Level 1:colcon.colcon_core.package_identification:_identify(image_processing) by extension 'ignore'
[0.464s] Level 1:colcon.colcon_core.package_identification:_identify(image_processing) by extension 'ignore_ament_install'
[0.465s] Level 1:colcon.colcon_core.package_identification:_identify(image_processing) by extensions ['colcon_pkg']
[0.465s] Level 1:colcon.colcon_core.package_identification:_identify(image_processing) by extension 'colcon_pkg'
[0.465s] Level 1:colcon.colcon_core.package_identification:_identify(image_processing) by extensions ['colcon_meta']
[0.465s] Level 1:colcon.colcon_core.package_identification:_identify(image_processing) by extension 'colcon_meta'
[0.465s] Level 1:colcon.colcon_core.package_identification:_identify(image_processing) by extensions ['ros']
[0.465s] Level 1:colcon.colcon_core.package_identification:_identify(image_processing) by extension 'ros'
[0.469s] DEBUG:colcon.colcon_core.package_identification:Package 'image_processing' with type 'ros.ament_cmake' and name 'image_processing'
[0.469s] Level 1:colcon.colcon_core.package_identification:_identify(install) by extensions ['ignore', 'ignore_ament_install']
[0.469s] Level 1:colcon.colcon_core.package_identification:_identify(install) by extension 'ignore'
[0.469s] Level 1:colcon.colcon_core.package_identification:_identify(install) ignored
[0.470s] Level 1:colcon.colcon_core.package_identification:_identify(log) by extensions ['ignore', 'ignore_ament_install']
[0.470s] Level 1:colcon.colcon_core.package_identification:_identify(log) by extension 'ignore'
[0.470s] Level 1:colcon.colcon_core.package_identification:_identify(log) ignored
[0.470s] Level 1:colcon.colcon_core.package_identification:_identify(ros2_nodes) by extensions ['ignore', 'ignore_ament_install']
[0.471s] Level 1:colcon.colcon_core.package_identification:_identify(ros2_nodes) by extension 'ignore'
[0.471s] Level 1:colcon.colcon_core.package_identification:_identify(ros2_nodes) by extension 'ignore_ament_install'
[0.471s] Level 1:colcon.colcon_core.package_identification:_identify(ros2_nodes) by extensions ['colcon_pkg']
[0.471s] Level 1:colcon.colcon_core.package_identification:_identify(ros2_nodes) by extension 'colcon_pkg'
[0.471s] Level 1:colcon.colcon_core.package_identification:_identify(ros2_nodes) by extensions ['colcon_meta']
[0.472s] Level 1:colcon.colcon_core.package_identification:_identify(ros2_nodes) by extension 'colcon_meta'
[0.472s] Level 1:colcon.colcon_core.package_identification:_identify(ros2_nodes) by extensions ['ros']
[0.472s] Level 1:colcon.colcon_core.package_identification:_identify(ros2_nodes) by extension 'ros'
[0.472s] Level 1:colcon.colcon_core.package_identification:_identify(ros2_nodes) by extensions ['cmake', 'python']
[0.472s] Level 1:colcon.colcon_core.package_identification:_identify(ros2_nodes) by extension 'cmake'
[0.472s] Level 1:colcon.colcon_core.package_identification:_identify(ros2_nodes) by extension 'python'
[0.472s] Level 1:colcon.colcon_core.package_identification:_identify(ros2_nodes) by extensions ['python_setup_py']
[0.473s] Level 1:colcon.colcon_core.package_identification:_identify(ros2_nodes) by extension 'python_setup_py'
[0.473s] Level 1:colcon.colcon_core.package_identification:_identify(ros2_nodes/build) by extensions ['ignore', 'ignore_ament_install']
[0.473s] Level 1:colcon.colcon_core.package_identification:_identify(ros2_nodes/build) by extension 'ignore'
[0.473s] Level 1:colcon.colcon_core.package_identification:_identify(ros2_nodes/build) ignored
[0.473s] Level 1:colcon.colcon_core.package_identification:_identify(ros2_nodes/install) by extensions ['ignore', 'ignore_ament_install']
[0.474s] Level 1:colcon.colcon_core.package_identification:_identify(ros2_nodes/install) by extension 'ignore'
[0.474s] Level 1:colcon.colcon_core.package_identification:_identify(ros2_nodes/install) ignored
[0.474s] Level 1:colcon.colcon_core.package_identification:_identify(ros2_nodes/launch) by extensions ['ignore', 'ignore_ament_install']
[0.474s] Level 1:colcon.colcon_core.package_identification:_identify(ros2_nodes/launch) by extension 'ignore'
[0.474s] Level 1:colcon.colcon_core.package_identification:_identify(ros2_nodes/launch) by extension 'ignore_ament_install'
[0.475s] Level 1:colcon.colcon_core.package_identification:_identify(ros2_nodes/launch) by extensions ['colcon_pkg']
[0.475s] Level 1:colcon.colcon_core.package_identification:_identify(ros2_nodes/launch) by extension 'colcon_pkg'
[0.475s] Level 1:colcon.colcon_core.package_identification:_identify(ros2_nodes/launch) by extensions ['colcon_meta']
[0.475s] Level 1:colcon.colcon_core.package_identification:_identify(ros2_nodes/launch) by extension 'colcon_meta'
[0.475s] Level 1:colcon.colcon_core.package_identification:_identify(ros2_nodes/launch) by extensions ['ros']
[0.475s] Level 1:colcon.colcon_core.package_identification:_identify(ros2_nodes/launch) by extension 'ros'
[0.476s] Level 1:colcon.colcon_core.package_identification:_identify(ros2_nodes/launch) by extensions ['cmake', 'python']
[0.476s] Level 1:colcon.colcon_core.package_identification:_identify(ros2_nodes/launch) by extension 'cmake'
[0.476s] Level 1:colcon.colcon_core.package_identification:_identify(ros2_nodes/launch) by extension 'python'
[0.476s] Level 1:colcon.colcon_core.package_identification:_identify(ros2_nodes/launch) by extensions ['python_setup_py']
[0.476s] Level 1:colcon.colcon_core.package_identification:_identify(ros2_nodes/launch) by extension 'python_setup_py'
[0.477s] Level 1:colcon.colcon_core.package_identification:_identify(ros2_nodes/launch/__pycache__) by extensions ['ignore', 'ignore_ament_install']
[0.477s] Level 1:colcon.colcon_core.package_identification:_identify(ros2_nodes/launch/__pycache__) by extension 'ignore'
[0.477s] Level 1:colcon.colcon_core.package_identification:_identify(ros2_nodes/launch/__pycache__) by extension 'ignore_ament_install'
[0.477s] Level 1:colcon.colcon_core.package_identification:_identify(ros2_nodes/launch/__pycache__) by extensions ['colcon_pkg']
[0.477s] Level 1:colcon.colcon_core.package_identification:_identify(ros2_nodes/launch/__pycache__) by extension 'colcon_pkg'
[0.477s] Level 1:colcon.colcon_core.package_identification:_identify(ros2_nodes/launch/__pycache__) by extensions ['colcon_meta']
[0.478s] Level 1:colcon.colcon_core.package_identification:_identify(ros2_nodes/launch/__pycache__) by extension 'colcon_meta'
[0.478s] Level 1:colcon.colcon_core.package_identification:_identify(ros2_nodes/launch/__pycache__) by extensions ['ros']
[0.478s] Level 1:colcon.colcon_core.package_identification:_identify(ros2_nodes/launch/__pycache__) by extension 'ros'
[0.478s] Level 1:colcon.colcon_core.package_identification:_identify(ros2_nodes/launch/__pycache__) by extensions ['cmake', 'python']
[0.478s] Level 1:colcon.colcon_core.package_identification:_identify(ros2_nodes/launch/__pycache__) by extension 'cmake'
[0.479s] Level 1:colcon.colcon_core.package_identification:_identify(ros2_nodes/launch/__pycache__) by extension 'python'
[0.479s] Level 1:colcon.colcon_core.package_identification:_identify(ros2_nodes/launch/__pycache__) by extensions ['python_setup_py']
[0.479s] Level 1:colcon.colcon_core.package_identification:_identify(ros2_nodes/launch/__pycache__) by extension 'python_setup_py'
[0.479s] Level 1:colcon.colcon_core.package_identification:_identify(ros2_nodes/launch/build) by extensions ['ignore', 'ignore_ament_install']
[0.479s] Level 1:colcon.colcon_core.package_identification:_identify(ros2_nodes/launch/build) by extension 'ignore'
[0.480s] Level 1:colcon.colcon_core.package_identification:_identify(ros2_nodes/launch/build) ignored
[0.480s] Level 1:colcon.colcon_core.package_identification:_identify(ros2_nodes/launch/install) by extensions ['ignore', 'ignore_ament_install']
[0.480s] Level 1:colcon.colcon_core.package_identification:_identify(ros2_nodes/launch/install) by extension 'ignore'
[0.480s] Level 1:colcon.colcon_core.package_identification:_identify(ros2_nodes/launch/install) ignored
[0.480s] Level 1:colcon.colcon_core.package_identification:_identify(ros2_nodes/launch/log) by extensions ['ignore', 'ignore_ament_install']
[0.481s] Level 1:colcon.colcon_core.package_identification:_identify(ros2_nodes/launch/log) by extension 'ignore'
[0.481s] Level 1:colcon.colcon_core.package_identification:_identify(ros2_nodes/launch/log) ignored
[0.481s] Level 1:colcon.colcon_core.package_identification:_identify(ros2_nodes/log) by extensions ['ignore', 'ignore_ament_install']
[0.481s] Level 1:colcon.colcon_core.package_identification:_identify(ros2_nodes/log) by extension 'ignore'
[0.481s] Level 1:colcon.colcon_core.package_identification:_identify(ros2_nodes/log) ignored
[0.482s] Level 1:colcon.colcon_core.package_identification:_identify(ros2_nodes/src) by extensions ['ignore', 'ignore_ament_install']
[0.482s] Level 1:colcon.colcon_core.package_identification:_identify(ros2_nodes/src) by extension 'ignore'
[0.482s] Level 1:colcon.colcon_core.package_identification:_identify(ros2_nodes/src) by extension 'ignore_ament_install'
[0.482s] Level 1:colcon.colcon_core.package_identification:_identify(ros2_nodes/src) by extensions ['colcon_pkg']
[0.482s] Level 1:colcon.colcon_core.package_identification:_identify(ros2_nodes/src) by extension 'colcon_pkg'
[0.483s] Level 1:colcon.colcon_core.package_identification:_identify(ros2_nodes/src) by extensions ['colcon_meta']
[0.483s] Level 1:colcon.colcon_core.package_identification:_identify(ros2_nodes/src) by extension 'colcon_meta'
[0.483s] Level 1:colcon.colcon_core.package_identification:_identify(ros2_nodes/src) by extensions ['ros']
[0.483s] Level 1:colcon.colcon_core.package_identification:_identify(ros2_nodes/src) by extension 'ros'
[0.483s] Level 1:colcon.colcon_core.package_identification:_identify(ros2_nodes/src) by extensions ['cmake', 'python']
[0.483s] Level 1:colcon.colcon_core.package_identification:_identify(ros2_nodes/src) by extension 'cmake'
[0.484s] Level 1:colcon.colcon_core.package_identification:_identify(ros2_nodes/src) by extension 'python'
[0.484s] Level 1:colcon.colcon_core.package_identification:_identify(ros2_nodes/src) by extensions ['python_setup_py']
[0.484s] Level 1:colcon.colcon_core.package_identification:_identify(ros2_nodes/src) by extension 'python_setup_py'
[0.484s] Level 1:colcon.colcon_core.package_identification:_identify(ros2_nodes/src/asdfr_interfaces) by extensions ['ignore', 'ignore_ament_install']
[0.484s] Level 1:colcon.colcon_core.package_identification:_identify(ros2_nodes/src/asdfr_interfaces) by extension 'ignore'
[0.484s] Level 1:colcon.colcon_core.package_identification:_identify(ros2_nodes/src/asdfr_interfaces) by extension 'ignore_ament_install'
[0.485s] Level 1:colcon.colcon_core.package_identification:_identify(ros2_nodes/src/asdfr_interfaces) by extensions ['colcon_pkg']
[0.485s] Level 1:colcon.colcon_core.package_identification:_identify(ros2_nodes/src/asdfr_interfaces) by extension 'colcon_pkg'
[0.485s] Level 1:colcon.colcon_core.package_identification:_identify(ros2_nodes/src/asdfr_interfaces) by extensions ['colcon_meta']
[0.485s] Level 1:colcon.colcon_core.package_identification:_identify(ros2_nodes/src/asdfr_interfaces) by extension 'colcon_meta'
[0.485s] Level 1:colcon.colcon_core.package_identification:_identify(ros2_nodes/src/asdfr_interfaces) by extensions ['ros']
[0.485s] Level 1:colcon.colcon_core.package_identification:_identify(ros2_nodes/src/asdfr_interfaces) by extension 'ros'
[0.486s] DEBUG:colcon.colcon_core.package_identification:Package 'ros2_nodes/src/asdfr_interfaces' with type 'ros.ament_cmake' and name 'asdfr_interfaces'
[0.486s] Level 1:colcon.colcon_core.package_identification:_identify(ros2_nodes/src/build) by extensions ['ignore', 'ignore_ament_install']
[0.487s] Level 1:colcon.colcon_core.package_identification:_identify(ros2_nodes/src/build) by extension 'ignore'
[0.487s] Level 1:colcon.colcon_core.package_identification:_identify(ros2_nodes/src/build) ignored
[0.487s] Level 1:colcon.colcon_core.package_identification:_identify(ros2_nodes/src/install) by extensions ['ignore', 'ignore_ament_install']
[0.487s] Level 1:colcon.colcon_core.package_identification:_identify(ros2_nodes/src/install) by extension 'ignore'
[0.488s] Level 1:colcon.colcon_core.package_identification:_identify(ros2_nodes/src/install) ignored
[0.488s] Level 1:colcon.colcon_core.package_identification:_identify(ros2_nodes/src/jiwy_controller) by extensions ['ignore', 'ignore_ament_install']
[0.488s] Level 1:colcon.colcon_core.package_identification:_identify(ros2_nodes/src/jiwy_controller) by extension 'ignore'
[0.488s] Level 1:colcon.colcon_core.package_identification:_identify(ros2_nodes/src/jiwy_controller) by extension 'ignore_ament_install'
[0.489s] Level 1:colcon.colcon_core.package_identification:_identify(ros2_nodes/src/jiwy_controller) by extensions ['colcon_pkg']
[0.489s] Level 1:colcon.colcon_core.package_identification:_identify(ros2_nodes/src/jiwy_controller) by extension 'colcon_pkg'
[0.490s] Level 1:colcon.colcon_core.package_identification:_identify(ros2_nodes/src/jiwy_controller) by extensions ['colcon_meta']
[0.490s] Level 1:colcon.colcon_core.package_identification:_identify(ros2_nodes/src/jiwy_controller) by extension 'colcon_meta'
[0.490s] Level 1:colcon.colcon_core.package_identification:_identify(ros2_nodes/src/jiwy_controller) by extensions ['ros']
[0.491s] Level 1:colcon.colcon_core.package_identification:_identify(ros2_nodes/src/jiwy_controller) by extension 'ros'
[0.492s] DEBUG:colcon.colcon_core.package_identification:Package 'ros2_nodes/src/jiwy_controller' with type 'ros.ament_cmake' and name 'jiwy_controller'
[0.492s] Level 1:colcon.colcon_core.package_identification:_identify(ros2_nodes/src/jiwy_simulator) by extensions ['ignore', 'ignore_ament_install']
[0.492s] Level 1:colcon.colcon_core.package_identification:_identify(ros2_nodes/src/jiwy_simulator) by extension 'ignore'
[0.493s] Level 1:colcon.colcon_core.package_identification:_identify(ros2_nodes/src/jiwy_simulator) by extension 'ignore_ament_install'
[0.493s] Level 1:colcon.colcon_core.package_identification:_identify(ros2_nodes/src/jiwy_simulator) by extensions ['colcon_pkg']
[0.493s] Level 1:colcon.colcon_core.package_identification:_identify(ros2_nodes/src/jiwy_simulator) by extension 'colcon_pkg'
[0.493s] Level 1:colcon.colcon_core.package_identification:_identify(ros2_nodes/src/jiwy_simulator) by extensions ['colcon_meta']
[0.493s] Level 1:colcon.colcon_core.package_identification:_identify(ros2_nodes/src/jiwy_simulator) by extension 'colcon_meta'
[0.494s] Level 1:colcon.colcon_core.package_identification:_identify(ros2_nodes/src/jiwy_simulator) by extensions ['ros']
[0.494s] Level 1:colcon.colcon_core.package_identification:_identify(ros2_nodes/src/jiwy_simulator) by extension 'ros'
[0.495s] DEBUG:colcon.colcon_core.package_identification:Package 'ros2_nodes/src/jiwy_simulator' with type 'ros.ament_cmake' and name 'jiwy_simulator'
[0.495s] Level 1:colcon.colcon_core.package_identification:_identify(ros2_nodes/src/log) by extensions ['ignore', 'ignore_ament_install']
[0.495s] Level 1:colcon.colcon_core.package_identification:_identify(ros2_nodes/src/log) by extension 'ignore'
[0.496s] Level 1:colcon.colcon_core.package_identification:_identify(ros2_nodes/src/log) ignored
[0.496s] Level 1:colcon.colcon_core.package_discovery:discover_packages(recursive) using defaults
[0.496s] Level 1:colcon.colcon_core.package_discovery:discover_packages(ignore) discover
[0.496s] Level 1:colcon.colcon_core.package_discovery:discover_packages(ignore) using defaults
[0.496s] Level 1:colcon.colcon_core.package_discovery:discover_packages(path) discover
[0.496s] Level 1:colcon.colcon_core.package_discovery:discover_packages(path) using defaults
[0.533s] Level 1:colcon.colcon_core.package_discovery:discover_packages(prefix_path) check parameters
[0.533s] Level 1:colcon.colcon_core.package_discovery:discover_packages(prefix_path) discover
[0.537s] DEBUG:colcon.colcon_installed_package_information.package_discovery:Found 4 installed packages in /home/ram-user/ASDFR/src/install
[0.539s] DEBUG:colcon.colcon_installed_package_information.package_discovery:Found 284 installed packages in /opt/ros/humble
[0.542s] Level 1:colcon.colcon_core.package_discovery:discover_packages(prefix_path) using defaults
[0.694s] Level 5:colcon.colcon_core.verb:set package 'asdfr_interfaces' build argument 'cmake_args' from command line to 'None'
[0.694s] Level 5:colcon.colcon_core.verb:set package 'asdfr_interfaces' build argument 'cmake_target' from command line to 'None'
[0.694s] Level 5:colcon.colcon_core.verb:set package 'asdfr_interfaces' build argument 'cmake_target_skip_unavailable' from command line to 'False'
[0.694s] Level 5:colcon.colcon_core.verb:set package 'asdfr_interfaces' build argument 'cmake_clean_cache' from command line to 'False'
[0.694s] Level 5:colcon.colcon_core.verb:set package 'asdfr_interfaces' build argument 'cmake_clean_first' from command line to 'False'
[0.694s] Level 5:colcon.colcon_core.verb:set package 'asdfr_interfaces' build argument 'cmake_force_configure' from command line to 'False'
[0.694s] Level 5:colcon.colcon_core.verb:set package 'asdfr_interfaces' build argument 'ament_cmake_args' from command line to 'None'
[0.694s] Level 5:colcon.colcon_core.verb:set package 'asdfr_interfaces' build argument 'catkin_cmake_args' from command line to 'None'
[0.694s] Level 5:colcon.colcon_core.verb:set package 'asdfr_interfaces' build argument 'catkin_skip_building_tests' from command line to 'False'
[0.694s] DEBUG:colcon.colcon_core.verb:Building package 'asdfr_interfaces' with the following arguments: {'ament_cmake_args': None, 'build_base': '/home/ram-user/ASDFR/src/build/asdfr_interfaces', 'catkin_cmake_args': None, 'catkin_skip_building_tests': False, 'cmake_args': None, 'cmake_clean_cache': False, 'cmake_clean_first': False, 'cmake_force_configure': False, 'cmake_target': None, 'cmake_target_skip_unavailable': False, 'install_base': '/home/ram-user/ASDFR/src/install/asdfr_interfaces', 'merge_install': False, 'path': '/home/ram-user/ASDFR/src/ros2_nodes/src/asdfr_interfaces', 'symlink_install': False, 'test_result_base': None}
[0.696s] Level 5:colcon.colcon_core.verb:set package 'image_processing' build argument 'cmake_args' from command line to 'None'
[0.696s] Level 5:colcon.colcon_core.verb:set package 'image_processing' build argument 'cmake_target' from command line to 'None'
[0.696s] Level 5:colcon.colcon_core.verb:set package 'image_processing' build argument 'cmake_target_skip_unavailable' from command line to 'False'
[0.696s] Level 5:colcon.colcon_core.verb:set package 'image_processing' build argument 'cmake_clean_cache' from command line to 'False'
[0.696s] Level 5:colcon.colcon_core.verb:set package 'image_processing' build argument 'cmake_clean_first' from command line to 'False'
[0.696s] Level 5:colcon.colcon_core.verb:set package 'image_processing' build argument 'cmake_force_configure' from command line to 'False'
[0.696s] Level 5:colcon.colcon_core.verb:set package 'image_processing' build argument 'ament_cmake_args' from command line to 'None'
[0.696s] Level 5:colcon.colcon_core.verb:set package 'image_processing' build argument 'catkin_cmake_args' from command line to 'None'
[0.696s] Level 5:colcon.colcon_core.verb:set package 'image_processing' build argument 'catkin_skip_building_tests' from command line to 'False'
[0.696s] DEBUG:colcon.colcon_core.verb:Building package 'image_processing' with the following arguments: {'ament_cmake_args': None, 'build_base': '/home/ram-user/ASDFR/src/build/image_processing', 'catkin_cmake_args': None, 'catkin_skip_building_tests': False, 'cmake_args': None, 'cmake_clean_cache': False, 'cmake_clean_first': False, 'cmake_force_configure': False, 'cmake_target': None, 'cmake_target_skip_unavailable': False, 'install_base': '/home/ram-user/ASDFR/src/install/image_processing', 'merge_install': False, 'path': '/home/ram-user/ASDFR/src/image_processing', 'symlink_install': False, 'test_result_base': None}
[0.697s] Level 5:colcon.colcon_core.verb:set package 'jiwy_controller' build argument 'cmake_args' from command line to 'None'
[0.697s] Level 5:colcon.colcon_core.verb:set package 'jiwy_controller' build argument 'cmake_target' from command line to 'None'
[0.699s] Level 5:colcon.colcon_core.verb:set package 'jiwy_controller' build argument 'cmake_target_skip_unavailable' from command line to 'False'
[0.699s] Level 5:colcon.colcon_core.verb:set package 'jiwy_controller' build argument 'cmake_clean_cache' from command line to 'False'
[0.699s] Level 5:colcon.colcon_core.verb:set package 'jiwy_controller' build argument 'cmake_clean_first' from command line to 'False'
[0.699s] Level 5:colcon.colcon_core.verb:set package 'jiwy_controller' build argument 'cmake_force_configure' from command line to 'False'
[0.699s] Level 5:colcon.colcon_core.verb:set package 'jiwy_controller' build argument 'ament_cmake_args' from command line to 'None'
[0.699s] Level 5:colcon.colcon_core.verb:set package 'jiwy_controller' build argument 'catkin_cmake_args' from command line to 'None'
[0.699s] Level 5:colcon.colcon_core.verb:set package 'jiwy_controller' build argument 'catkin_skip_building_tests' from command line to 'False'
[0.699s] DEBUG:colcon.colcon_core.verb:Building package 'jiwy_controller' with the following arguments: {'ament_cmake_args': None, 'build_base': '/home/ram-user/ASDFR/src/build/jiwy_controller', 'catkin_cmake_args': None, 'catkin_skip_building_tests': False, 'cmake_args': None, 'cmake_clean_cache': False, 'cmake_clean_first': False, 'cmake_force_configure': False, 'cmake_target': None, 'cmake_target_skip_unavailable': False, 'install_base': '/home/ram-user/ASDFR/src/install/jiwy_controller', 'merge_install': False, 'path': '/home/ram-user/ASDFR/src/ros2_nodes/src/jiwy_controller', 'symlink_install': False, 'test_result_base': None}
[0.700s] Level 5:colcon.colcon_core.verb:set package 'jiwy_simulator' build argument 'cmake_args' from command line to 'None'
[0.700s] Level 5:colcon.colcon_core.verb:set package 'jiwy_simulator' build argument 'cmake_target' from command line to 'None'
[0.700s] Level 5:colcon.colcon_core.verb:set package 'jiwy_simulator' build argument 'cmake_target_skip_unavailable' from command line to 'False'
[0.700s] Level 5:colcon.colcon_core.verb:set package 'jiwy_simulator' build argument 'cmake_clean_cache' from command line to 'False'
[0.701s] Level 5:colcon.colcon_core.verb:set package 'jiwy_simulator' build argument 'cmake_clean_first' from command line to 'False'
[0.701s] Level 5:colcon.colcon_core.verb:set package 'jiwy_simulator' build argument 'cmake_force_configure' from command line to 'False'
[0.701s] Level 5:colcon.colcon_core.verb:set package 'jiwy_simulator' build argument 'ament_cmake_args' from command line to 'None'
[0.701s] Level 5:colcon.colcon_core.verb:set package 'jiwy_simulator' build argument 'catkin_cmake_args' from command line to 'None'
[0.701s] Level 5:colcon.colcon_core.verb:set package 'jiwy_simulator' build argument 'catkin_skip_building_tests' from command line to 'False'
[0.701s] DEBUG:colcon.colcon_core.verb:Building package 'jiwy_simulator' with the following arguments: {'ament_cmake_args': None, 'build_base': '/home/ram-user/ASDFR/src/build/jiwy_simulator', 'catkin_cmake_args': None, 'catkin_skip_building_tests': False, 'cmake_args': None, 'cmake_clean_cache': False, 'cmake_clean_first': False, 'cmake_force_configure': False, 'cmake_target': None, 'cmake_target_skip_unavailable': False, 'install_base': '/home/ram-user/ASDFR/src/install/jiwy_simulator', 'merge_install': False, 'path': '/home/ram-user/ASDFR/src/ros2_nodes/src/jiwy_simulator', 'symlink_install': False, 'test_result_base': None}
[0.701s] INFO:colcon.colcon_core.executor:Executing jobs using 'parallel' executor
[0.706s] DEBUG:colcon.colcon_parallel_executor.executor.parallel:run_until_complete
[0.706s] INFO:colcon.colcon_ros.task.ament_cmake.build:Building ROS package in '/home/ram-user/ASDFR/src/ros2_nodes/src/asdfr_interfaces' with build type 'ament_cmake'
[0.706s] INFO:colcon.colcon_cmake.task.cmake.build:Building CMake package in '/home/ram-user/ASDFR/src/ros2_nodes/src/asdfr_interfaces'
[0.712s] INFO:colcon.colcon_core.plugin_system:Skipping extension 'colcon_core.shell.bat': Not used on non-Windows systems
[0.712s] INFO:colcon.colcon_core.shell:Skip shell extension 'powershell' for command environment: Not usable outside of PowerShell
[0.712s] DEBUG:colcon.colcon_core.shell:Skip shell extension 'dsv' for command environment
[0.721s] INFO:colcon.colcon_ros.task.ament_cmake.build:Building ROS package in '/home/ram-user/ASDFR/src/image_processing' with build type 'ament_cmake'
[0.721s] INFO:colcon.colcon_cmake.task.cmake.build:Building CMake package in '/home/ram-user/ASDFR/src/image_processing'
[0.723s] INFO:colcon.colcon_core.shell:Skip shell extension 'powershell' for command environment: Not usable outside of PowerShell
[0.723s] DEBUG:colcon.colcon_core.shell:Skip shell extension 'dsv' for command environment
[0.735s] DEBUG:colcon.colcon_core.event_handler.log_command:Invoking command in '/home/ram-user/ASDFR/src/build/asdfr_interfaces': CMAKE_PREFIX_PATH=${CMAKE_PREFIX_PATH}:/opt/ros/humble /usr/bin/cmake --build /home/ram-user/ASDFR/src/build/asdfr_interfaces -- -j2 -l2
[0.754s] DEBUG:colcon.colcon_core.event_handler.log_command:Invoking command in '/home/ram-user/ASDFR/src/build/image_processing': CMAKE_PREFIX_PATH=${CMAKE_PREFIX_PATH}:/opt/ros/humble /usr/bin/cmake --build /home/ram-user/ASDFR/src/build/image_processing -- -j2 -l2
[1.388s] DEBUG:colcon.colcon_core.event_handler.log_command:Invoked command in '/home/ram-user/ASDFR/src/build/image_processing' returned '0': CMAKE_PREFIX_PATH=${CMAKE_PREFIX_PATH}:/opt/ros/humble /usr/bin/cmake --build /home/ram-user/ASDFR/src/build/image_processing -- -j2 -l2
[1.569s] DEBUG:colcon.colcon_core.event_handler.log_command:Invoking command in '/home/ram-user/ASDFR/src/build/image_processing': CMAKE_PREFIX_PATH=${CMAKE_PREFIX_PATH}:/opt/ros/humble /usr/bin/cmake --install /home/ram-user/ASDFR/src/build/image_processing
[1.614s] Level 1:colcon.colcon_core.environment:create_environment_scripts_only(image_processing)
[1.615s] DEBUG:colcon.colcon_core.event_handler.log_command:Invoked command in '/home/ram-user/ASDFR/src/build/image_processing' returned '0': CMAKE_PREFIX_PATH=${CMAKE_PREFIX_PATH}:/opt/ros/humble /usr/bin/cmake --install /home/ram-user/ASDFR/src/build/image_processing
[1.623s] Level 1:colcon.colcon_core.environment:checking '/home/ram-user/ASDFR/src/install/image_processing' for CMake module files
[1.625s] Level 1:colcon.colcon_core.environment:checking '/home/ram-user/ASDFR/src/install/image_processing' for CMake config files
[1.625s] Level 1:colcon.colcon_core.shell:create_environment_hook('image_processing', 'cmake_prefix_path')
[1.629s] INFO:colcon.colcon_core.shell:Creating environment hook '/home/ram-user/ASDFR/src/install/image_processing/share/image_processing/hook/cmake_prefix_path.ps1'
[1.635s] INFO:colcon.colcon_core.shell:Creating environment descriptor '/home/ram-user/ASDFR/src/install/image_processing/share/image_processing/hook/cmake_prefix_path.dsv'
[1.636s] INFO:colcon.colcon_core.shell:Creating environment hook '/home/ram-user/ASDFR/src/install/image_processing/share/image_processing/hook/cmake_prefix_path.sh'
[1.638s] Level 1:colcon.colcon_core.environment:checking '/home/ram-user/ASDFR/src/install/image_processing/lib'
[1.638s] Level 1:colcon.colcon_core.environment:checking '/home/ram-user/ASDFR/src/install/image_processing/bin'
[1.638s] Level 1:colcon.colcon_core.environment:checking '/home/ram-user/ASDFR/src/install/image_processing/lib/pkgconfig/image_processing.pc'
[1.639s] Level 1:colcon.colcon_core.environment:checking '/home/ram-user/ASDFR/src/install/image_processing/lib/python3.10/site-packages'
[1.639s] Level 1:colcon.colcon_core.environment:checking '/home/ram-user/ASDFR/src/install/image_processing/bin'
[1.640s] INFO:colcon.colcon_core.shell:Creating package script '/home/ram-user/ASDFR/src/install/image_processing/share/image_processing/package.ps1'
[1.652s] INFO:colcon.colcon_core.shell:Creating package descriptor '/home/ram-user/ASDFR/src/install/image_processing/share/image_processing/package.dsv'
[1.652s] INFO:colcon.colcon_core.shell:Creating package script '/home/ram-user/ASDFR/src/install/image_processing/share/image_processing/package.sh'
[1.653s] INFO:colcon.colcon_core.shell:Creating package script '/home/ram-user/ASDFR/src/install/image_processing/share/image_processing/package.bash'
[1.654s] INFO:colcon.colcon_core.shell:Creating package script '/home/ram-user/ASDFR/src/install/image_processing/share/image_processing/package.zsh'
[1.654s] Level 1:colcon.colcon_core.environment:create_file_with_runtime_dependencies(/home/ram-user/ASDFR/src/install/image_processing/share/colcon-core/packages/image_processing)
[1.925s] Level 1:colcon.colcon_core.environment:create_environment_scripts_only(image_processing)
[1.926s] Level 1:colcon.colcon_core.environment:checking '/home/ram-user/ASDFR/src/install/image_processing' for CMake module files
[1.933s] Level 1:colcon.colcon_core.environment:checking '/home/ram-user/ASDFR/src/install/image_processing' for CMake config files
[1.933s] Level 1:colcon.colcon_core.shell:create_environment_hook('image_processing', 'cmake_prefix_path')
[1.936s] INFO:colcon.colcon_core.shell:Creating environment hook '/home/ram-user/ASDFR/src/install/image_processing/share/image_processing/hook/cmake_prefix_path.ps1'
[1.940s] INFO:colcon.colcon_core.shell:Creating environment descriptor '/home/ram-user/ASDFR/src/install/image_processing/share/image_processing/hook/cmake_prefix_path.dsv'
[1.941s] INFO:colcon.colcon_core.shell:Creating environment hook '/home/ram-user/ASDFR/src/install/image_processing/share/image_processing/hook/cmake_prefix_path.sh'
[1.943s] Level 1:colcon.colcon_core.environment:checking '/home/ram-user/ASDFR/src/install/image_processing/lib'
[1.945s] Level 1:colcon.colcon_core.environment:checking '/home/ram-user/ASDFR/src/install/image_processing/bin'
[1.945s] Level 1:colcon.colcon_core.environment:checking '/home/ram-user/ASDFR/src/install/image_processing/lib/pkgconfig/image_processing.pc'
[1.945s] Level 1:colcon.colcon_core.environment:checking '/home/ram-user/ASDFR/src/install/image_processing/lib/python3.10/site-packages'
[1.946s] Level 1:colcon.colcon_core.environment:checking '/home/ram-user/ASDFR/src/install/image_processing/bin'
[1.948s] INFO:colcon.colcon_core.shell:Creating package script '/home/ram-user/ASDFR/src/install/image_processing/share/image_processing/package.ps1'
[1.951s] INFO:colcon.colcon_core.shell:Creating package descriptor '/home/ram-user/ASDFR/src/install/image_processing/share/image_processing/package.dsv'
[1.955s] INFO:colcon.colcon_core.shell:Creating package script '/home/ram-user/ASDFR/src/install/image_processing/share/image_processing/package.sh'
[1.956s] INFO:colcon.colcon_core.shell:Creating package script '/home/ram-user/ASDFR/src/install/image_processing/share/image_processing/package.bash'
[1.957s] INFO:colcon.colcon_core.shell:Creating package script '/home/ram-user/ASDFR/src/install/image_processing/share/image_processing/package.zsh'
[1.958s] Level 1:colcon.colcon_core.environment:create_file_with_runtime_dependencies(/home/ram-user/ASDFR/src/install/image_processing/share/colcon-core/packages/image_processing)
[2.363s] DEBUG:colcon.colcon_core.event_handler.log_command:Invoked command in '/home/ram-user/ASDFR/src/build/asdfr_interfaces' returned '0': CMAKE_PREFIX_PATH=${CMAKE_PREFIX_PATH}:/opt/ros/humble /usr/bin/cmake --build /home/ram-user/ASDFR/src/build/asdfr_interfaces -- -j2 -l2
[2.432s] DEBUG:colcon.colcon_core.event_handler.log_command:Invoking command in '/home/ram-user/ASDFR/src/build/asdfr_interfaces': CMAKE_PREFIX_PATH=${CMAKE_PREFIX_PATH}:/opt/ros/humble /usr/bin/cmake --install /home/ram-user/ASDFR/src/build/asdfr_interfaces
[2.584s] Level 1:colcon.colcon_core.environment:create_environment_scripts_only(asdfr_interfaces)
[2.586s] Level 1:colcon.colcon_core.environment:checking '/home/ram-user/ASDFR/src/install/asdfr_interfaces' for CMake module files
[2.587s] Level 1:colcon.colcon_core.environment:checking '/home/ram-user/ASDFR/src/install/asdfr_interfaces' for CMake config files
[2.587s] Level 1:colcon.colcon_core.shell:create_environment_hook('asdfr_interfaces', 'cmake_prefix_path')
[2.588s] INFO:colcon.colcon_core.shell:Creating environment hook '/home/ram-user/ASDFR/src/install/asdfr_interfaces/share/asdfr_interfaces/hook/cmake_prefix_path.ps1'
[2.589s] INFO:colcon.colcon_core.shell:Creating environment descriptor '/home/ram-user/ASDFR/src/install/asdfr_interfaces/share/asdfr_interfaces/hook/cmake_prefix_path.dsv'
[2.589s] INFO:colcon.colcon_core.shell:Creating environment hook '/home/ram-user/ASDFR/src/install/asdfr_interfaces/share/asdfr_interfaces/hook/cmake_prefix_path.sh'
[2.590s] Level 1:colcon.colcon_core.environment:checking '/home/ram-user/ASDFR/src/install/asdfr_interfaces/lib'
[2.594s] Level 1:colcon.colcon_core.shell:create_environment_hook('asdfr_interfaces', 'ld_library_path_lib')
[2.595s] INFO:colcon.colcon_core.shell:Creating environment hook '/home/ram-user/ASDFR/src/install/asdfr_interfaces/share/asdfr_interfaces/hook/ld_library_path_lib.ps1'
[2.596s] DEBUG:colcon.colcon_core.event_handler.log_command:Invoked command in '/home/ram-user/ASDFR/src/build/asdfr_interfaces' returned '0': CMAKE_PREFIX_PATH=${CMAKE_PREFIX_PATH}:/opt/ros/humble /usr/bin/cmake --install /home/ram-user/ASDFR/src/build/asdfr_interfaces
[2.597s] INFO:colcon.colcon_core.shell:Creating environment descriptor '/home/ram-user/ASDFR/src/install/asdfr_interfaces/share/asdfr_interfaces/hook/ld_library_path_lib.dsv'
[2.597s] INFO:colcon.colcon_core.shell:Creating environment hook '/home/ram-user/ASDFR/src/install/asdfr_interfaces/share/asdfr_interfaces/hook/ld_library_path_lib.sh'
[2.598s] Level 1:colcon.colcon_core.environment:checking '/home/ram-user/ASDFR/src/install/asdfr_interfaces/bin'
[2.598s] Level 1:colcon.colcon_core.environment:checking '/home/ram-user/ASDFR/src/install/asdfr_interfaces/lib/pkgconfig/asdfr_interfaces.pc'
[2.598s] Level 1:colcon.colcon_core.environment:checking '/home/ram-user/ASDFR/src/install/asdfr_interfaces/lib/python3.10/site-packages'
[2.599s] Level 1:colcon.colcon_core.environment:checking '/home/ram-user/ASDFR/src/install/asdfr_interfaces/bin'
[2.600s] INFO:colcon.colcon_core.shell:Creating package script '/home/ram-user/ASDFR/src/install/asdfr_interfaces/share/asdfr_interfaces/package.ps1'
[2.601s] INFO:colcon.colcon_core.shell:Creating package descriptor '/home/ram-user/ASDFR/src/install/asdfr_interfaces/share/asdfr_interfaces/package.dsv'
[2.602s] INFO:colcon.colcon_core.shell:Creating package script '/home/ram-user/ASDFR/src/install/asdfr_interfaces/share/asdfr_interfaces/package.sh'
[2.602s] INFO:colcon.colcon_core.shell:Creating package script '/home/ram-user/ASDFR/src/install/asdfr_interfaces/share/asdfr_interfaces/package.bash'
[2.603s] INFO:colcon.colcon_core.shell:Creating package script '/home/ram-user/ASDFR/src/install/asdfr_interfaces/share/asdfr_interfaces/package.zsh'
[2.603s] Level 1:colcon.colcon_core.environment:create_file_with_runtime_dependencies(/home/ram-user/ASDFR/src/install/asdfr_interfaces/share/colcon-core/packages/asdfr_interfaces)
[2.669s] Level 1:colcon.colcon_core.environment:create_environment_scripts_only(asdfr_interfaces)
[2.671s] Level 1:colcon.colcon_core.environment:checking '/home/ram-user/ASDFR/src/install/asdfr_interfaces' for CMake module files
[2.672s] Level 1:colcon.colcon_core.environment:checking '/home/ram-user/ASDFR/src/install/asdfr_interfaces' for CMake config files
[2.673s] Level 1:colcon.colcon_core.shell:create_environment_hook('asdfr_interfaces', 'cmake_prefix_path')
[2.674s] INFO:colcon.colcon_core.shell:Creating environment hook '/home/ram-user/ASDFR/src/install/asdfr_interfaces/share/asdfr_interfaces/hook/cmake_prefix_path.ps1'
[2.675s] INFO:colcon.colcon_core.shell:Creating environment descriptor '/home/ram-user/ASDFR/src/install/asdfr_interfaces/share/asdfr_interfaces/hook/cmake_prefix_path.dsv'
[2.675s] INFO:colcon.colcon_core.shell:Creating environment hook '/home/ram-user/ASDFR/src/install/asdfr_interfaces/share/asdfr_interfaces/hook/cmake_prefix_path.sh'
[2.676s] Level 1:colcon.colcon_core.environment:checking '/home/ram-user/ASDFR/src/install/asdfr_interfaces/lib'
[2.676s] Level 1:colcon.colcon_core.shell:create_environment_hook('asdfr_interfaces', 'ld_library_path_lib')
[2.678s] INFO:colcon.colcon_core.shell:Creating environment hook '/home/ram-user/ASDFR/src/install/asdfr_interfaces/share/asdfr_interfaces/hook/ld_library_path_lib.ps1'
[2.679s] INFO:colcon.colcon_core.shell:Creating environment descriptor '/home/ram-user/ASDFR/src/install/asdfr_interfaces/share/asdfr_interfaces/hook/ld_library_path_lib.dsv'
[2.679s] INFO:colcon.colcon_core.shell:Creating environment hook '/home/ram-user/ASDFR/src/install/asdfr_interfaces/share/asdfr_interfaces/hook/ld_library_path_lib.sh'
[2.680s] Level 1:colcon.colcon_core.environment:checking '/home/ram-user/ASDFR/src/install/asdfr_interfaces/bin'
[2.680s] Level 1:colcon.colcon_core.environment:checking '/home/ram-user/ASDFR/src/install/asdfr_interfaces/lib/pkgconfig/asdfr_interfaces.pc'
[2.680s] Level 1:colcon.colcon_core.environment:checking '/home/ram-user/ASDFR/src/install/asdfr_interfaces/lib/python3.10/site-packages'
[2.681s] Level 1:colcon.colcon_core.environment:checking '/home/ram-user/ASDFR/src/install/asdfr_interfaces/bin'
[2.682s] INFO:colcon.colcon_core.shell:Creating package script '/home/ram-user/ASDFR/src/install/asdfr_interfaces/share/asdfr_interfaces/package.ps1'
[2.683s] INFO:colcon.colcon_core.shell:Creating package descriptor '/home/ram-user/ASDFR/src/install/asdfr_interfaces/share/asdfr_interfaces/package.dsv'
[2.684s] INFO:colcon.colcon_core.shell:Creating package script '/home/ram-user/ASDFR/src/install/asdfr_interfaces/share/asdfr_interfaces/package.sh'
[2.684s] INFO:colcon.colcon_core.shell:Creating package script '/home/ram-user/ASDFR/src/install/asdfr_interfaces/share/asdfr_interfaces/package.bash'
[2.685s] INFO:colcon.colcon_core.shell:Creating package script '/home/ram-user/ASDFR/src/install/asdfr_interfaces/share/asdfr_interfaces/package.zsh'
[2.686s] Level 1:colcon.colcon_core.environment:create_file_with_runtime_dependencies(/home/ram-user/ASDFR/src/install/asdfr_interfaces/share/colcon-core/packages/asdfr_interfaces)
[2.687s] INFO:colcon.colcon_ros.task.ament_cmake.build:Building ROS package in '/home/ram-user/ASDFR/src/ros2_nodes/src/jiwy_controller' with build type 'ament_cmake'
[2.688s] INFO:colcon.colcon_cmake.task.cmake.build:Building CMake package in '/home/ram-user/ASDFR/src/ros2_nodes/src/jiwy_controller'
[2.689s] INFO:colcon.colcon_core.shell:Skip shell extension 'powershell' for command environment: Not usable outside of PowerShell
[2.689s] DEBUG:colcon.colcon_core.shell:Skip shell extension 'dsv' for command environment
[2.694s] INFO:colcon.colcon_ros.task.ament_cmake.build:Building ROS package in '/home/ram-user/ASDFR/src/ros2_nodes/src/jiwy_simulator' with build type 'ament_cmake'
[2.695s] INFO:colcon.colcon_cmake.task.cmake.build:Building CMake package in '/home/ram-user/ASDFR/src/ros2_nodes/src/jiwy_simulator'
[2.696s] INFO:colcon.colcon_core.shell:Skip shell extension 'powershell' for command environment: Not usable outside of PowerShell
[2.696s] DEBUG:colcon.colcon_core.shell:Skip shell extension 'dsv' for command environment
[2.712s] DEBUG:colcon.colcon_core.event_handler.log_command:Invoking command in '/home/ram-user/ASDFR/src/build/jiwy_controller': CMAKE_PREFIX_PATH=/home/ram-user/ASDFR/src/install/asdfr_interfaces:/home/ram-user/ASDFR/src/install/jiwy_simulator:/home/ram-user/ASDFR/src/install/jiwy_controller:/home/ram-user/ASDFR/src/install/image_processing:/opt/ros/humble /usr/bin/cmake --build /home/ram-user/ASDFR/src/build/jiwy_controller -- -j2 -l2
[2.740s] DEBUG:colcon.colcon_core.event_handler.log_command:Invoking command in '/home/ram-user/ASDFR/src/build/jiwy_simulator': CMAKE_PREFIX_PATH=/home/ram-user/ASDFR/src/install/asdfr_interfaces:/home/ram-user/ASDFR/src/install/jiwy_simulator:/home/ram-user/ASDFR/src/install/jiwy_controller:/home/ram-user/ASDFR/src/install/image_processing:/opt/ros/humble /usr/bin/cmake --build /home/ram-user/ASDFR/src/build/jiwy_simulator -- -j2 -l2
[3.015s] DEBUG:colcon.colcon_core.event_handler.log_command:Invoked command in '/home/ram-user/ASDFR/src/build/jiwy_simulator' returned '0': CMAKE_PREFIX_PATH=/home/ram-user/ASDFR/src/install/asdfr_interfaces:/home/ram-user/ASDFR/src/install/jiwy_simulator:/home/ram-user/ASDFR/src/install/jiwy_controller:/home/ram-user/ASDFR/src/install/image_processing:/opt/ros/humble /usr/bin/cmake --build /home/ram-user/ASDFR/src/build/jiwy_simulator -- -j2 -l2
[3.144s] DEBUG:colcon.colcon_core.event_handler.log_command:Invoking command in '/home/ram-user/ASDFR/src/build/jiwy_simulator': CMAKE_PREFIX_PATH=/home/ram-user/ASDFR/src/install/asdfr_interfaces:/home/ram-user/ASDFR/src/install/jiwy_simulator:/home/ram-user/ASDFR/src/install/jiwy_controller:/home/ram-user/ASDFR/src/install/image_processing:/opt/ros/humble /usr/bin/cmake --install /home/ram-user/ASDFR/src/build/jiwy_simulator
[3.193s] Level 1:colcon.colcon_core.environment:create_environment_scripts_only(jiwy_simulator)
[3.195s] Level 1:colcon.colcon_core.environment:checking '/home/ram-user/ASDFR/src/install/jiwy_simulator' for CMake module files
[3.195s] Level 1:colcon.colcon_core.environment:checking '/home/ram-user/ASDFR/src/install/jiwy_simulator' for CMake config files
[3.196s] Level 1:colcon.colcon_core.shell:create_environment_hook('jiwy_simulator', 'cmake_prefix_path')
[3.197s] INFO:colcon.colcon_core.shell:Creating environment hook '/home/ram-user/ASDFR/src/install/jiwy_simulator/share/jiwy_simulator/hook/cmake_prefix_path.ps1'
[3.197s] INFO:colcon.colcon_core.shell:Creating environment descriptor '/home/ram-user/ASDFR/src/install/jiwy_simulator/share/jiwy_simulator/hook/cmake_prefix_path.dsv'
[3.198s] INFO:colcon.colcon_core.shell:Creating environment hook '/home/ram-user/ASDFR/src/install/jiwy_simulator/share/jiwy_simulator/hook/cmake_prefix_path.sh'
[3.198s] Level 1:colcon.colcon_core.environment:checking '/home/ram-user/ASDFR/src/install/jiwy_simulator/lib'
[3.198s] Level 1:colcon.colcon_core.environment:checking '/home/ram-user/ASDFR/src/install/jiwy_simulator/bin'
[3.198s] Level 1:colcon.colcon_core.environment:checking '/home/ram-user/ASDFR/src/install/jiwy_simulator/lib/pkgconfig/jiwy_simulator.pc'
[3.204s] Level 1:colcon.colcon_core.environment:checking '/home/ram-user/ASDFR/src/install/jiwy_simulator/lib/python3.10/site-packages'
[3.213s] Level 1:colcon.colcon_core.environment:checking '/home/ram-user/ASDFR/src/install/jiwy_simulator/bin'
[3.218s] INFO:colcon.colcon_core.shell:Creating package script '/home/ram-user/ASDFR/src/install/jiwy_simulator/share/jiwy_simulator/package.ps1'
[3.219s] INFO:colcon.colcon_core.shell:Creating package descriptor '/home/ram-user/ASDFR/src/install/jiwy_simulator/share/jiwy_simulator/package.dsv'
[3.221s] DEBUG:colcon.colcon_core.event_handler.log_command:Invoked command in '/home/ram-user/ASDFR/src/build/jiwy_simulator' returned '0': CMAKE_PREFIX_PATH=/home/ram-user/ASDFR/src/install/asdfr_interfaces:/home/ram-user/ASDFR/src/install/jiwy_simulator:/home/ram-user/ASDFR/src/install/jiwy_controller:/home/ram-user/ASDFR/src/install/image_processing:/opt/ros/humble /usr/bin/cmake --install /home/ram-user/ASDFR/src/build/jiwy_simulator
[3.223s] INFO:colcon.colcon_core.shell:Creating package script '/home/ram-user/ASDFR/src/install/jiwy_simulator/share/jiwy_simulator/package.sh'
[3.223s] INFO:colcon.colcon_core.shell:Creating package script '/home/ram-user/ASDFR/src/install/jiwy_simulator/share/jiwy_simulator/package.bash'
[3.224s] INFO:colcon.colcon_core.shell:Creating package script '/home/ram-user/ASDFR/src/install/jiwy_simulator/share/jiwy_simulator/package.zsh'
[3.227s] Level 1:colcon.colcon_core.environment:create_file_with_runtime_dependencies(/home/ram-user/ASDFR/src/install/jiwy_simulator/share/colcon-core/packages/jiwy_simulator)
[3.321s] Level 1:colcon.colcon_core.environment:create_environment_scripts_only(jiwy_simulator)
[3.328s] Level 1:colcon.colcon_core.environment:checking '/home/ram-user/ASDFR/src/install/jiwy_simulator' for CMake module files
[3.328s] Level 1:colcon.colcon_core.environment:checking '/home/ram-user/ASDFR/src/install/jiwy_simulator' for CMake config files
[3.329s] Level 1:colcon.colcon_core.shell:create_environment_hook('jiwy_simulator', 'cmake_prefix_path')
[3.339s] INFO:colcon.colcon_core.shell:Creating environment hook '/home/ram-user/ASDFR/src/install/jiwy_simulator/share/jiwy_simulator/hook/cmake_prefix_path.ps1'
[3.340s] INFO:colcon.colcon_core.shell:Creating environment descriptor '/home/ram-user/ASDFR/src/install/jiwy_simulator/share/jiwy_simulator/hook/cmake_prefix_path.dsv'
[3.340s] INFO:colcon.colcon_core.shell:Creating environment hook '/home/ram-user/ASDFR/src/install/jiwy_simulator/share/jiwy_simulator/hook/cmake_prefix_path.sh'
[3.343s] Level 1:colcon.colcon_core.environment:checking '/home/ram-user/ASDFR/src/install/jiwy_simulator/lib'
[3.343s] Level 1:colcon.colcon_core.environment:checking '/home/ram-user/ASDFR/src/install/jiwy_simulator/bin'
[3.343s] Level 1:colcon.colcon_core.environment:checking '/home/ram-user/ASDFR/src/install/jiwy_simulator/lib/pkgconfig/jiwy_simulator.pc'
[3.343s] Level 1:colcon.colcon_core.environment:checking '/home/ram-user/ASDFR/src/install/jiwy_simulator/lib/python3.10/site-packages'
[3.343s] Level 1:colcon.colcon_core.environment:checking '/home/ram-user/ASDFR/src/install/jiwy_simulator/bin'
[3.345s] INFO:colcon.colcon_core.shell:Creating package script '/home/ram-user/ASDFR/src/install/jiwy_simulator/share/jiwy_simulator/package.ps1'
[3.345s] INFO:colcon.colcon_core.shell:Creating package descriptor '/home/ram-user/ASDFR/src/install/jiwy_simulator/share/jiwy_simulator/package.dsv'
[3.350s] INFO:colcon.colcon_core.shell:Creating package script '/home/ram-user/ASDFR/src/install/jiwy_simulator/share/jiwy_simulator/package.sh'
[3.355s] INFO:colcon.colcon_core.shell:Creating package script '/home/ram-user/ASDFR/src/install/jiwy_simulator/share/jiwy_simulator/package.bash'
[3.355s] INFO:colcon.colcon_core.shell:Creating package script '/home/ram-user/ASDFR/src/install/jiwy_simulator/share/jiwy_simulator/package.zsh'
[3.356s] Level 1:colcon.colcon_core.environment:create_file_with_runtime_dependencies(/home/ram-user/ASDFR/src/install/jiwy_simulator/share/colcon-core/packages/jiwy_simulator)
[9.301s] DEBUG:colcon.colcon_core.event_handler.log_command:Invoked command in '/home/ram-user/ASDFR/src/build/jiwy_controller' returned '0': CMAKE_PREFIX_PATH=/home/ram-user/ASDFR/src/install/asdfr_interfaces:/home/ram-user/ASDFR/src/install/jiwy_simulator:/home/ram-user/ASDFR/src/install/jiwy_controller:/home/ram-user/ASDFR/src/install/image_processing:/opt/ros/humble /usr/bin/cmake --build /home/ram-user/ASDFR/src/build/jiwy_controller -- -j2 -l2
[9.398s] DEBUG:colcon.colcon_core.event_handler.log_command:Invoking command in '/home/ram-user/ASDFR/src/build/jiwy_controller': CMAKE_PREFIX_PATH=/home/ram-user/ASDFR/src/install/asdfr_interfaces:/home/ram-user/ASDFR/src/install/jiwy_simulator:/home/ram-user/ASDFR/src/install/jiwy_controller:/home/ram-user/ASDFR/src/install/image_processing:/opt/ros/humble /usr/bin/cmake --install /home/ram-user/ASDFR/src/build/jiwy_controller
[9.422s] Level 1:colcon.colcon_core.environment:create_environment_scripts_only(jiwy_controller)
[9.424s] Level 1:colcon.colcon_core.environment:checking '/home/ram-user/ASDFR/src/install/jiwy_controller' for CMake module files
[9.425s] Level 1:colcon.colcon_core.environment:checking '/home/ram-user/ASDFR/src/install/jiwy_controller' for CMake config files
[9.425s] Level 1:colcon.colcon_core.shell:create_environment_hook('jiwy_controller', 'cmake_prefix_path')
[9.426s] INFO:colcon.colcon_core.shell:Creating environment hook '/home/ram-user/ASDFR/src/install/jiwy_controller/share/jiwy_controller/hook/cmake_prefix_path.ps1'
[9.427s] DEBUG:colcon.colcon_core.event_handler.log_command:Invoked command in '/home/ram-user/ASDFR/src/build/jiwy_controller' returned '0': CMAKE_PREFIX_PATH=/home/ram-user/ASDFR/src/install/asdfr_interfaces:/home/ram-user/ASDFR/src/install/jiwy_simulator:/home/ram-user/ASDFR/src/install/jiwy_controller:/home/ram-user/ASDFR/src/install/image_processing:/opt/ros/humble /usr/bin/cmake --install /home/ram-user/ASDFR/src/build/jiwy_controller
[9.431s] INFO:colcon.colcon_core.shell:Creating environment descriptor '/home/ram-user/ASDFR/src/install/jiwy_controller/share/jiwy_controller/hook/cmake_prefix_path.dsv'
[9.432s] INFO:colcon.colcon_core.shell:Creating environment hook '/home/ram-user/ASDFR/src/install/jiwy_controller/share/jiwy_controller/hook/cmake_prefix_path.sh'
[9.433s] Level 1:colcon.colcon_core.environment:checking '/home/ram-user/ASDFR/src/install/jiwy_controller/lib'
[9.433s] Level 1:colcon.colcon_core.environment:checking '/home/ram-user/ASDFR/src/install/jiwy_controller/bin'
[9.433s] Level 1:colcon.colcon_core.environment:checking '/home/ram-user/ASDFR/src/install/jiwy_controller/lib/pkgconfig/jiwy_controller.pc'
[9.433s] Level 1:colcon.colcon_core.environment:checking '/home/ram-user/ASDFR/src/install/jiwy_controller/lib/python3.10/site-packages'
[9.433s] Level 1:colcon.colcon_core.environment:checking '/home/ram-user/ASDFR/src/install/jiwy_controller/bin'
[9.435s] INFO:colcon.colcon_core.shell:Creating package script '/home/ram-user/ASDFR/src/install/jiwy_controller/share/jiwy_controller/package.ps1'
[9.436s] INFO:colcon.colcon_core.shell:Creating package descriptor '/home/ram-user/ASDFR/src/install/jiwy_controller/share/jiwy_controller/package.dsv'
[9.447s] INFO:colcon.colcon_core.shell:Creating package script '/home/ram-user/ASDFR/src/install/jiwy_controller/share/jiwy_controller/package.sh'
[9.448s] INFO:colcon.colcon_core.shell:Creating package script '/home/ram-user/ASDFR/src/install/jiwy_controller/share/jiwy_controller/package.bash'
[9.451s] INFO:colcon.colcon_core.shell:Creating package script '/home/ram-user/ASDFR/src/install/jiwy_controller/share/jiwy_controller/package.zsh'
[9.452s] Level 1:colcon.colcon_core.environment:create_file_with_runtime_dependencies(/home/ram-user/ASDFR/src/install/jiwy_controller/share/colcon-core/packages/jiwy_controller)
[9.500s] Level 1:colcon.colcon_core.environment:create_environment_scripts_only(jiwy_controller)
[9.502s] Level 1:colcon.colcon_core.environment:checking '/home/ram-user/ASDFR/src/install/jiwy_controller' for CMake module files
[9.503s] Level 1:colcon.colcon_core.environment:checking '/home/ram-user/ASDFR/src/install/jiwy_controller' for CMake config files
[9.504s] Level 1:colcon.colcon_core.shell:create_environment_hook('jiwy_controller', 'cmake_prefix_path')
[9.505s] INFO:colcon.colcon_core.shell:Creating environment hook '/home/ram-user/ASDFR/src/install/jiwy_controller/share/jiwy_controller/hook/cmake_prefix_path.ps1'
[9.506s] INFO:colcon.colcon_core.shell:Creating environment descriptor '/home/ram-user/ASDFR/src/install/jiwy_controller/share/jiwy_controller/hook/cmake_prefix_path.dsv'
[9.507s] INFO:colcon.colcon_core.shell:Creating environment hook '/home/ram-user/ASDFR/src/install/jiwy_controller/share/jiwy_controller/hook/cmake_prefix_path.sh'
[9.508s] Level 1:colcon.colcon_core.environment:checking '/home/ram-user/ASDFR/src/install/jiwy_controller/lib'
[9.509s] Level 1:colcon.colcon_core.environment:checking '/home/ram-user/ASDFR/src/install/jiwy_controller/bin'
[9.509s] Level 1:colcon.colcon_core.environment:checking '/home/ram-user/ASDFR/src/install/jiwy_controller/lib/pkgconfig/jiwy_controller.pc'
[9.509s] Level 1:colcon.colcon_core.environment:checking '/home/ram-user/ASDFR/src/install/jiwy_controller/lib/python3.10/site-packages'
[9.509s] Level 1:colcon.colcon_core.environment:checking '/home/ram-user/ASDFR/src/install/jiwy_controller/bin'
[9.511s] INFO:colcon.colcon_core.shell:Creating package script '/home/ram-user/ASDFR/src/install/jiwy_controller/share/jiwy_controller/package.ps1'
[9.512s] INFO:colcon.colcon_core.shell:Creating package descriptor '/home/ram-user/ASDFR/src/install/jiwy_controller/share/jiwy_controller/package.dsv'
[9.513s] INFO:colcon.colcon_core.shell:Creating package script '/home/ram-user/ASDFR/src/install/jiwy_controller/share/jiwy_controller/package.sh'
[9.513s] INFO:colcon.colcon_core.shell:Creating package script '/home/ram-user/ASDFR/src/install/jiwy_controller/share/jiwy_controller/package.bash'
[9.515s] INFO:colcon.colcon_core.shell:Creating package script '/home/ram-user/ASDFR/src/install/jiwy_controller/share/jiwy_controller/package.zsh'
[9.515s] Level 1:colcon.colcon_core.environment:create_file_with_runtime_dependencies(/home/ram-user/ASDFR/src/install/jiwy_controller/share/colcon-core/packages/jiwy_controller)
[9.517s] DEBUG:colcon.colcon_parallel_executor.executor.parallel:closing loop
[9.517s] DEBUG:colcon.colcon_parallel_executor.executor.parallel:loop closed
[9.517s] DEBUG:colcon.colcon_parallel_executor.executor.parallel:run_until_complete finished with '0'
[9.517s] DEBUG:colcon.colcon_core.event_reactor:joining thread
[9.524s] INFO:colcon.colcon_core.plugin_system:Skipping extension 'colcon_notification.desktop_notification.terminal_notifier': Not used on non-Darwin systems
[9.524s] INFO:colcon.colcon_core.plugin_system:Skipping extension 'colcon_notification.desktop_notification.win32': Not used on non-Windows systems
[9.531s] INFO:colcon.colcon_notification.desktop_notification:Sending desktop notification using 'notify2'
[9.561s] DEBUG:colcon.colcon_core.event_reactor:joined thread
[9.563s] INFO:colcon.colcon_core.shell:Creating prefix script '/home/ram-user/ASDFR/src/install/local_setup.ps1'
[9.564s] INFO:colcon.colcon_core.shell:Creating prefix util module '/home/ram-user/ASDFR/src/install/_local_setup_util_ps1.py'
[9.565s] INFO:colcon.colcon_core.shell:Creating prefix chain script '/home/ram-user/ASDFR/src/install/setup.ps1'
[9.567s] INFO:colcon.colcon_core.shell:Creating prefix script '/home/ram-user/ASDFR/src/install/local_setup.sh'
[9.571s] INFO:colcon.colcon_core.shell:Creating prefix util module '/home/ram-user/ASDFR/src/install/_local_setup_util_sh.py'
[9.572s] INFO:colcon.colcon_core.shell:Creating prefix chain script '/home/ram-user/ASDFR/src/install/setup.sh'
[9.575s] INFO:colcon.colcon_core.shell:Creating prefix script '/home/ram-user/ASDFR/src/install/local_setup.bash'
[9.575s] INFO:colcon.colcon_core.shell:Creating prefix chain script '/home/ram-user/ASDFR/src/install/setup.bash'
[9.579s] INFO:colcon.colcon_core.shell:Creating prefix script '/home/ram-user/ASDFR/src/install/local_setup.zsh'
[9.580s] INFO:colcon.colcon_core.shell:Creating prefix chain script '/home/ram-user/ASDFR/src/install/setup.zsh'
