[0.033s] Invoking command in '/home/ram-user/ASDFR/src/ros2_nodes/src/build/jiwy_simulator': CMAKE_PREFIX_PATH=/home/ram-user/ASDFR/src/ros2_nodes/src/install/asdfr_interfaces:/home/ram-user/ASDFR/src/ros2_nodes/src/install/jiwy_simulator:/home/ram-user/ASDFR/src/ros2_nodes/src/install/jiwy_controller:/home/ram-user/ASDFR/install/jiwy_simulator:/home/ram-user/ASDFR/install/image_processing:/home/ram-user/ASDFR/install/asdfr_interfaces:/opt/ros/humble /usr/bin/cmake --build /home/ram-user/ASDFR/src/ros2_nodes/src/build/jiwy_simulator -- -j2 -l2
[0.175s] [100%] Built target jiwy_simulator
[0.193s] Invoked command in '/home/ram-user/ASDFR/src/ros2_nodes/src/build/jiwy_simulator' returned '0': CMAKE_PREFIX_PATH=/home/ram-user/ASDFR/src/ros2_nodes/src/install/asdfr_interfaces:/home/ram-user/ASDFR/src/ros2_nodes/src/install/jiwy_simulator:/home/ram-user/ASDFR/src/ros2_nodes/src/install/jiwy_controller:/home/ram-user/ASDFR/install/jiwy_simulator:/home/ram-user/ASDFR/install/image_processing:/home/ram-user/ASDFR/install/asdfr_interfaces:/opt/ros/humble /usr/bin/cmake --build /home/ram-user/ASDFR/src/ros2_nodes/src/build/jiwy_simulator -- -j2 -l2
[0.241s] Invoking command in '/home/ram-user/ASDFR/src/ros2_nodes/src/build/jiwy_simulator': CMAKE_PREFIX_PATH=/home/ram-user/ASDFR/src/ros2_nodes/src/install/asdfr_interfaces:/home/ram-user/ASDFR/src/ros2_nodes/src/install/jiwy_simulator:/home/ram-user/ASDFR/src/ros2_nodes/src/install/jiwy_controller:/home/ram-user/ASDFR/install/jiwy_simulator:/home/ram-user/ASDFR/install/image_processing:/home/ram-user/ASDFR/install/asdfr_interfaces:/opt/ros/humble /usr/bin/cmake --install /home/ram-user/ASDFR/src/ros2_nodes/src/build/jiwy_simulator
[0.249s] -- Install configuration: ""
[0.249s] -- Up-to-date: /home/ram-user/ASDFR/src/ros2_nodes/src/install/jiwy_simulator/lib/jiwy_simulator/jiwy_simulator
[0.250s] -- Up-to-date: /home/ram-user/ASDFR/src/ros2_nodes/src/install/jiwy_simulator/share/ament_index/resource_index/package_run_dependencies/jiwy_simulator
[0.250s] -- Up-to-date: /home/ram-user/ASDFR/src/ros2_nodes/src/install/jiwy_simulator/share/ament_index/resource_index/parent_prefix_path/jiwy_simulator
[0.251s] -- Up-to-date: /home/ram-user/ASDFR/src/ros2_nodes/src/install/jiwy_simulator/share/jiwy_simulator/environment/ament_prefix_path.sh
[0.252s] -- Up-to-date: /home/ram-user/ASDFR/src/ros2_nodes/src/install/jiwy_simulator/share/jiwy_simulator/environment/ament_prefix_path.dsv
[0.253s] -- Up-to-date: /home/ram-user/ASDFR/src/ros2_nodes/src/install/jiwy_simulator/share/jiwy_simulator/environment/path.sh
[0.253s] -- Up-to-date: /home/ram-user/ASDFR/src/ros2_nodes/src/install/jiwy_simulator/share/jiwy_simulator/environment/path.dsv
[0.254s] -- Up-to-date: /home/ram-user/ASDFR/src/ros2_nodes/src/install/jiwy_simulator/share/jiwy_simulator/local_setup.bash
[0.254s] -- Up-to-date: /home/ram-user/ASDFR/src/ros2_nodes/src/install/jiwy_simulator/share/jiwy_simulator/local_setup.sh
[0.255s] -- Up-to-date: /home/ram-user/ASDFR/src/ros2_nodes/src/install/jiwy_simulator/share/jiwy_simulator/local_setup.zsh
[0.256s] -- Up-to-date: /home/ram-user/ASDFR/src/ros2_nodes/src/install/jiwy_simulator/share/jiwy_simulator/local_setup.dsv
[0.256s] -- Installing: /home/ram-user/ASDFR/src/ros2_nodes/src/install/jiwy_simulator/share/jiwy_simulator/package.dsv
[0.258s] -- Up-to-date: /home/ram-user/ASDFR/src/ros2_nodes/src/install/jiwy_simulator/share/ament_index/resource_index/packages/jiwy_simulator
[0.258s] -- Up-to-date: /home/ram-user/ASDFR/src/ros2_nodes/src/install/jiwy_simulator/share/jiwy_simulator/cmake/jiwy_simulatorConfig.cmake
[0.259s] -- Up-to-date: /home/ram-user/ASDFR/src/ros2_nodes/src/install/jiwy_simulator/share/jiwy_simulator/cmake/jiwy_simulatorConfig-version.cmake
[0.260s] -- Up-to-date: /home/ram-user/ASDFR/src/ros2_nodes/src/install/jiwy_simulator/share/jiwy_simulator/package.xml
[0.260s] -- Up-to-date: /home/ram-user/ASDFR/src/ros2_nodes/src/install/jiwy_simulator/share/jiwy_simulator//launch
[0.261s] -- Up-to-date: /home/ram-user/ASDFR/src/ros2_nodes/src/install/jiwy_simulator/share/jiwy_simulator//launch/jiwy_simulator.launch.py
[0.264s] Invoked command in '/home/ram-user/ASDFR/src/ros2_nodes/src/build/jiwy_simulator' returned '0': CMAKE_PREFIX_PATH=/home/ram-user/ASDFR/src/ros2_nodes/src/install/asdfr_interfaces:/home/ram-user/ASDFR/src/ros2_nodes/src/install/jiwy_simulator:/home/ram-user/ASDFR/src/ros2_nodes/src/install/jiwy_controller:/home/ram-user/ASDFR/install/jiwy_simulator:/home/ram-user/ASDFR/install/image_processing:/home/ram-user/ASDFR/install/asdfr_interfaces:/opt/ros/humble /usr/bin/cmake --install /home/ram-user/ASDFR/src/ros2_nodes/src/build/jiwy_simulator
