-- The C compiler identification is GNU 11.3.0
-- The CXX compiler identification is GNU 11.3.0
-- Detecting C compiler ABI info
-- Detecting C compiler ABI info - done
-- Check for working C compiler: /usr/bin/cc - skipped
-- Detecting C compile features
-- Detecting C compile features - done
-- Detecting CXX compiler ABI info
-- Detecting CXX compiler ABI info - done
-- Check for working CXX compiler: /usr/bin/c++ - skipped
-- Detecting CXX compile features
-- Detecting CXX compile features - done
-- Found ament_cmake: 1.3.3 (/opt/ros/humble/share/ament_cmake/cmake)
-- Found Python3: /usr/bin/python3.10 (found version "3.10.6") found components: Interpreter 
-- Found rclcpp: 16.0.3 (/opt/ros/humble/share/rclcpp/cmake)
-- Found rosidl_generator_c: 3.1.4 (/opt/ros/humble/share/rosidl_generator_c/cmake)
-- Found rosidl_adapter: 3.1.4 (/opt/ros/humble/share/rosidl_adapter/cmake)
-- Found rosidl_generator_cpp: 3.1.4 (/opt/ros/humble/share/rosidl_generator_cpp/cmake)
-- Using all available rosidl_typesupport_c: rosidl_typesupport_fastrtps_c;rosidl_typesupport_introspection_c
-- Using all available rosidl_typesupport_cpp: rosidl_typesupport_fastrtps_cpp;rosidl_typesupport_introspection_cpp
-- Found rmw_implementation_cmake: 6.1.1 (/opt/ros/humble/share/rmw_implementation_cmake/cmake)
-- Found rmw_fastrtps_cpp: 6.2.2 (/opt/ros/humble/share/rmw_fastrtps_cpp/cmake)
-- Found OpenSSL: /usr/lib/x86_64-linux-gnu/libcrypto.so (found version "3.0.2")  
-- Found FastRTPS: /opt/ros/humble/include  
-- Using RMW implementation 'rmw_fastrtps_cpp' as default
-- Looking for pthread.h
-- Looking for pthread.h - found
-- Performing Test CMAKE_HAVE_LIBC_PTHREAD
-- Performing Test CMAKE_HAVE_LIBC_PTHREAD - Success
-- Found Threads: TRUE  
-- Found OpenCV: /usr (found version "4.5.4") 
-- Found sensor_msgs: 4.2.3 (/opt/ros/humble/share/sensor_msgs/cmake)
-- Found cv_bridge: 3.2.1 (/opt/ros/humble/share/cv_bridge/cmake)
-- Found image_tools: 0.20.3 (/opt/ros/humble/share/image_tools/cmake)
-- Configuring done
-- Generating done
-- Build files have been written to: /home/ram-user/ASDFR/build/image_processing
[ 50%] [32mBuilding CXX object CMakeFiles/brightness_check.dir/src/brightness_check.cpp.o[0m
[100%] [32m[1mLinking CXX executable brightness_check[0m
[100%] Built target brightness_check
-- Install configuration: ""
-- Installing: /home/ram-user/ASDFR/install/image_processing/lib/image_processing/brightness_check
-- Set runtime path of "/home/ram-user/ASDFR/install/image_processing/lib/image_processing/brightness_check" to ""
-- Installing: /home/ram-user/ASDFR/install/image_processing/share/ament_index/resource_index/package_run_dependencies/image_processing
-- Installing: /home/ram-user/ASDFR/install/image_processing/share/ament_index/resource_index/parent_prefix_path/image_processing
-- Installing: /home/ram-user/ASDFR/install/image_processing/share/image_processing/environment/ament_prefix_path.sh
-- Installing: /home/ram-user/ASDFR/install/image_processing/share/image_processing/environment/ament_prefix_path.dsv
-- Installing: /home/ram-user/ASDFR/install/image_processing/share/image_processing/environment/path.sh
-- Installing: /home/ram-user/ASDFR/install/image_processing/share/image_processing/environment/path.dsv
-- Installing: /home/ram-user/ASDFR/install/image_processing/share/image_processing/local_setup.bash
-- Installing: /home/ram-user/ASDFR/install/image_processing/share/image_processing/local_setup.sh
-- Installing: /home/ram-user/ASDFR/install/image_processing/share/image_processing/local_setup.zsh
-- Installing: /home/ram-user/ASDFR/install/image_processing/share/image_processing/local_setup.dsv
-- Installing: /home/ram-user/ASDFR/install/image_processing/share/image_processing/package.dsv
-- Installing: /home/ram-user/ASDFR/install/image_processing/share/ament_index/resource_index/packages/image_processing
-- Installing: /home/ram-user/ASDFR/install/image_processing/share/image_processing/cmake/image_processingConfig.cmake
-- Installing: /home/ram-user/ASDFR/install/image_processing/share/image_processing/cmake/image_processingConfig-version.cmake
-- Installing: /home/ram-user/ASDFR/install/image_processing/share/image_processing/package.xml
