[0.010s] Invoking command in '/home/ram-user/ASDFR/build/image_processing': CMAKE_PREFIX_PATH=/opt/ros/humble /usr/bin/cmake /home/ram-user/ASDFR/src/image_processing -DCMAKE_INSTALL_PREFIX=/home/ram-user/ASDFR/install/image_processing
[0.412s] -- The C compiler identification is GNU 11.3.0
[0.486s] -- The CXX compiler identification is GNU 11.3.0
[0.569s] -- Detecting C compiler ABI info
[0.682s] -- Detecting C compiler ABI info - done
[0.689s] -- Check for working C compiler: /usr/bin/cc - skipped
[0.693s] -- Detecting C compile features
[0.701s] -- Detecting C compile features - done
[0.710s] -- Detecting CXX compiler ABI info
[0.803s] -- Detecting CXX compiler ABI info - done
[0.807s] -- Check for working CXX compiler: /usr/bin/c++ - skipped
[0.808s] -- Detecting CXX compile features
[0.809s] -- Detecting CXX compile features - done
[0.962s] -- Found ament_cmake: 1.3.3 (/opt/ros/humble/share/ament_cmake/cmake)
[1.277s] -- Found Python3: /usr/bin/python3.10 (found version "3.10.6") found components: Interpreter 
[1.735s] -- Found rclcpp: 16.0.3 (/opt/ros/humble/share/rclcpp/cmake)
[2.085s] -- Found rosidl_generator_c: 3.1.4 (/opt/ros/humble/share/rosidl_generator_c/cmake)
[2.097s] -- Found rosidl_adapter: 3.1.4 (/opt/ros/humble/share/rosidl_adapter/cmake)
[2.117s] -- Found rosidl_generator_cpp: 3.1.4 (/opt/ros/humble/share/rosidl_generator_cpp/cmake)
[2.202s] -- Using all available rosidl_typesupport_c: rosidl_typesupport_fastrtps_c;rosidl_typesupport_introspection_c
[2.269s] -- Using all available rosidl_typesupport_cpp: rosidl_typesupport_fastrtps_cpp;rosidl_typesupport_introspection_cpp
[2.369s] -- Found rmw_implementation_cmake: 6.1.1 (/opt/ros/humble/share/rmw_implementation_cmake/cmake)
[2.380s] -- Found rmw_fastrtps_cpp: 6.2.2 (/opt/ros/humble/share/rmw_fastrtps_cpp/cmake)
[2.966s] -- Found OpenSSL: /usr/lib/x86_64-linux-gnu/libcrypto.so (found version "3.0.2")  
[3.023s] -- Found FastRTPS: /opt/ros/humble/include  
[3.064s] -- Using RMW implementation 'rmw_fastrtps_cpp' as default
[3.122s] -- Looking for pthread.h
[3.213s] -- Looking for pthread.h - found
[3.213s] -- Performing Test CMAKE_HAVE_LIBC_PTHREAD
[3.308s] -- Performing Test CMAKE_HAVE_LIBC_PTHREAD - Success
[3.309s] -- Found Threads: TRUE  
[3.574s] -- Found OpenCV: /usr (found version "4.5.4") 
[3.590s] -- Found sensor_msgs: 4.2.3 (/opt/ros/humble/share/sensor_msgs/cmake)
[3.758s] -- Found cv_bridge: 3.2.1 (/opt/ros/humble/share/cv_bridge/cmake)
[3.805s] -- Found image_tools: 0.20.3 (/opt/ros/humble/share/image_tools/cmake)
[3.999s] -- Configuring done
[4.026s] -- Generating done
[4.027s] -- Build files have been written to: /home/ram-user/ASDFR/build/image_processing
[4.038s] Invoked command in '/home/ram-user/ASDFR/build/image_processing' returned '0': CMAKE_PREFIX_PATH=/opt/ros/humble /usr/bin/cmake /home/ram-user/ASDFR/src/image_processing -DCMAKE_INSTALL_PREFIX=/home/ram-user/ASDFR/install/image_processing
[4.038s] Invoking command in '/home/ram-user/ASDFR/build/image_processing': CMAKE_PREFIX_PATH=/opt/ros/humble /usr/bin/cmake --build /home/ram-user/ASDFR/build/image_processing -- -j2 -l2
[4.084s] [ 50%] [32mBuilding CXX object CMakeFiles/brightness_check.dir/src/brightness_check.cpp.o[0m
[14.515s] [100%] [32m[1mLinking CXX executable brightness_check[0m
[15.377s] [100%] Built target brightness_check
[15.388s] Invoked command in '/home/ram-user/ASDFR/build/image_processing' returned '0': CMAKE_PREFIX_PATH=/opt/ros/humble /usr/bin/cmake --build /home/ram-user/ASDFR/build/image_processing -- -j2 -l2
[15.460s] Invoking command in '/home/ram-user/ASDFR/build/image_processing': CMAKE_PREFIX_PATH=/opt/ros/humble /usr/bin/cmake --install /home/ram-user/ASDFR/build/image_processing
[15.468s] -- Install configuration: ""
[15.468s] -- Installing: /home/ram-user/ASDFR/install/image_processing/lib/image_processing/brightness_check
[15.472s] -- Set runtime path of "/home/ram-user/ASDFR/install/image_processing/lib/image_processing/brightness_check" to ""
[15.473s] -- Installing: /home/ram-user/ASDFR/install/image_processing/share/ament_index/resource_index/package_run_dependencies/image_processing
[15.474s] -- Installing: /home/ram-user/ASDFR/install/image_processing/share/ament_index/resource_index/parent_prefix_path/image_processing
[15.474s] -- Installing: /home/ram-user/ASDFR/install/image_processing/share/image_processing/environment/ament_prefix_path.sh
[15.475s] -- Installing: /home/ram-user/ASDFR/install/image_processing/share/image_processing/environment/ament_prefix_path.dsv
[15.475s] -- Installing: /home/ram-user/ASDFR/install/image_processing/share/image_processing/environment/path.sh
[15.476s] -- Installing: /home/ram-user/ASDFR/install/image_processing/share/image_processing/environment/path.dsv
[15.476s] -- Installing: /home/ram-user/ASDFR/install/image_processing/share/image_processing/local_setup.bash
[15.477s] -- Installing: /home/ram-user/ASDFR/install/image_processing/share/image_processing/local_setup.sh
[15.478s] -- Installing: /home/ram-user/ASDFR/install/image_processing/share/image_processing/local_setup.zsh
[15.478s] -- Installing: /home/ram-user/ASDFR/install/image_processing/share/image_processing/local_setup.dsv
[15.479s] -- Installing: /home/ram-user/ASDFR/install/image_processing/share/image_processing/package.dsv
[15.479s] -- Installing: /home/ram-user/ASDFR/install/image_processing/share/ament_index/resource_index/packages/image_processing
[15.480s] -- Installing: /home/ram-user/ASDFR/install/image_processing/share/image_processing/cmake/image_processingConfig.cmake
[15.480s] -- Installing: /home/ram-user/ASDFR/install/image_processing/share/image_processing/cmake/image_processingConfig-version.cmake
[15.481s] -- Installing: /home/ram-user/ASDFR/install/image_processing/share/image_processing/package.xml
[15.484s] Invoked command in '/home/ram-user/ASDFR/build/image_processing' returned '0': CMAKE_PREFIX_PATH=/opt/ros/humble /usr/bin/cmake --install /home/ram-user/ASDFR/build/image_processing
