[4.585s] DEBUG:colcon:Command line arguments: ['/usr/bin/colcon', 'build']
[4.585s] DEBUG:colcon:Parsed command line arguments: Namespace(log_base=None, log_level=None, verb_name='build', build_base='build', install_base='install', merge_install=False, symlink_install=False, test_result_base=None, continue_on_error=False, executor='parallel', parallel_workers=2, event_handlers=None, ignore_user_meta=False, metas=['./colcon.meta'], base_paths=['.'], packages_ignore=None, packages_ignore_regex=None, paths=None, packages_up_to=None, packages_up_to_regex=None, packages_above=None, packages_above_and_dependencies=None, packages_above_depth=None, packages_select_by_dep=None, packages_skip_by_dep=None, packages_skip_up_to=None, packages_select_build_failed=False, packages_skip_build_finished=False, packages_select_test_failures=False, packages_skip_test_passed=False, packages_select=None, packages_skip=None, packages_select_regex=None, packages_skip_regex=None, packages_start=None, packages_end=None, allow_overriding=[], cmake_args=None, cmake_target=None, cmake_target_skip_unavailable=False, cmake_clean_cache=False, cmake_clean_first=False, cmake_force_configure=False, ament_cmake_args=None, catkin_cmake_args=None, catkin_skip_building_tests=False, verb_parser=<colcon_defaults.argument_parser.defaults.DefaultArgumentsDecorator object at 0x7f4dd9943400>, verb_extension=<colcon_core.verb.build.BuildVerb object at 0x7f4dda23e140>, main=<bound method BuildVerb.main of <colcon_core.verb.build.BuildVerb object at 0x7f4dda23e140>>)
[4.980s] Level 1:colcon.colcon_core.package_discovery:discover_packages(colcon_meta) check parameters
[4.980s] Level 1:colcon.colcon_core.package_discovery:discover_packages(recursive) check parameters
[4.980s] Level 1:colcon.colcon_core.package_discovery:discover_packages(ignore) check parameters
[4.980s] Level 1:colcon.colcon_core.package_discovery:discover_packages(path) check parameters
[4.980s] Level 1:colcon.colcon_core.package_discovery:discover_packages(colcon_meta) discover
[4.980s] Level 1:colcon.colcon_core.package_discovery:discover_packages(recursive) discover
[4.980s] INFO:colcon.colcon_core.package_discovery:Crawling recursively for packages in '/home/ram-user/ASDFR'
[4.980s] Level 1:colcon.colcon_core.package_identification:_identify(.) by extensions ['ignore', 'ignore_ament_install']
[4.980s] Level 1:colcon.colcon_core.package_identification:_identify(.) by extension 'ignore'
[4.980s] Level 1:colcon.colcon_core.package_identification:_identify(.) by extension 'ignore_ament_install'
[4.980s] Level 1:colcon.colcon_core.package_identification:_identify(.) by extensions ['colcon_pkg']
[4.981s] Level 1:colcon.colcon_core.package_identification:_identify(.) by extension 'colcon_pkg'
[4.981s] Level 1:colcon.colcon_core.package_identification:_identify(.) by extensions ['colcon_meta']
[4.981s] Level 1:colcon.colcon_core.package_identification:_identify(.) by extension 'colcon_meta'
[4.981s] Level 1:colcon.colcon_core.package_identification:_identify(.) by extensions ['ros']
[4.981s] Level 1:colcon.colcon_core.package_identification:_identify(.) by extension 'ros'
[5.083s] Level 1:colcon.colcon_core.package_identification:_identify(.) by extensions ['cmake', 'python']
[5.083s] Level 1:colcon.colcon_core.package_identification:_identify(.) by extension 'cmake'
[5.083s] Level 1:colcon.colcon_core.package_identification:_identify(.) by extension 'python'
[5.083s] Level 1:colcon.colcon_core.package_identification:_identify(.) by extensions ['python_setup_py']
[5.083s] Level 1:colcon.colcon_core.package_identification:_identify(.) by extension 'python_setup_py'
[5.083s] Level 1:colcon.colcon_core.package_identification:_identify(build) by extensions ['ignore', 'ignore_ament_install']
[5.083s] Level 1:colcon.colcon_core.package_identification:_identify(build) by extension 'ignore'
[5.083s] Level 1:colcon.colcon_core.package_identification:_identify(build) ignored
[5.083s] Level 1:colcon.colcon_core.package_identification:_identify(install) by extensions ['ignore', 'ignore_ament_install']
[5.084s] Level 1:colcon.colcon_core.package_identification:_identify(install) by extension 'ignore'
[5.084s] Level 1:colcon.colcon_core.package_identification:_identify(install) ignored
[5.084s] Level 1:colcon.colcon_core.package_identification:_identify(log) by extensions ['ignore', 'ignore_ament_install']
[5.084s] Level 1:colcon.colcon_core.package_identification:_identify(log) by extension 'ignore'
[5.084s] Level 1:colcon.colcon_core.package_identification:_identify(log) ignored
[5.084s] Level 1:colcon.colcon_core.package_identification:_identify(src) by extensions ['ignore', 'ignore_ament_install']
[5.084s] Level 1:colcon.colcon_core.package_identification:_identify(src) by extension 'ignore'
[5.084s] Level 1:colcon.colcon_core.package_identification:_identify(src) by extension 'ignore_ament_install'
[5.084s] Level 1:colcon.colcon_core.package_identification:_identify(src) by extensions ['colcon_pkg']
[5.084s] Level 1:colcon.colcon_core.package_identification:_identify(src) by extension 'colcon_pkg'
[5.084s] Level 1:colcon.colcon_core.package_identification:_identify(src) by extensions ['colcon_meta']
[5.084s] Level 1:colcon.colcon_core.package_identification:_identify(src) by extension 'colcon_meta'
[5.084s] Level 1:colcon.colcon_core.package_identification:_identify(src) by extensions ['ros']
[5.084s] Level 1:colcon.colcon_core.package_identification:_identify(src) by extension 'ros'
[5.084s] Level 1:colcon.colcon_core.package_identification:_identify(src) by extensions ['cmake', 'python']
[5.084s] Level 1:colcon.colcon_core.package_identification:_identify(src) by extension 'cmake'
[5.084s] Level 1:colcon.colcon_core.package_identification:_identify(src) by extension 'python'
[5.085s] Level 1:colcon.colcon_core.package_identification:_identify(src) by extensions ['python_setup_py']
[5.085s] Level 1:colcon.colcon_core.package_identification:_identify(src) by extension 'python_setup_py'
[5.105s] Level 1:colcon.colcon_core.package_identification:_identify(src/build) by extensions ['ignore', 'ignore_ament_install']
[5.105s] Level 1:colcon.colcon_core.package_identification:_identify(src/build) by extension 'ignore'
[5.105s] Level 1:colcon.colcon_core.package_identification:_identify(src/build) by extension 'ignore_ament_install'
[5.105s] Level 1:colcon.colcon_core.package_identification:_identify(src/build) by extensions ['colcon_pkg']
[5.105s] Level 1:colcon.colcon_core.package_identification:_identify(src/build) by extension 'colcon_pkg'
[5.105s] Level 1:colcon.colcon_core.package_identification:_identify(src/build) by extensions ['colcon_meta']
[5.105s] Level 1:colcon.colcon_core.package_identification:_identify(src/build) by extension 'colcon_meta'
[5.105s] Level 1:colcon.colcon_core.package_identification:_identify(src/build) by extensions ['ros']
[5.105s] Level 1:colcon.colcon_core.package_identification:_identify(src/build) by extension 'ros'
[5.106s] Level 1:colcon.colcon_core.package_identification:_identify(src/build) by extensions ['cmake', 'python']
[5.106s] Level 1:colcon.colcon_core.package_identification:_identify(src/build) by extension 'cmake'
[5.106s] Level 1:colcon.colcon_core.package_identification:_identify(src/build) by extension 'python'
[5.106s] Level 1:colcon.colcon_core.package_identification:_identify(src/build) by extensions ['python_setup_py']
[5.106s] Level 1:colcon.colcon_core.package_identification:_identify(src/build) by extension 'python_setup_py'
[5.106s] Level 1:colcon.colcon_core.package_identification:_identify(src/image_processing) by extensions ['ignore', 'ignore_ament_install']
[5.106s] Level 1:colcon.colcon_core.package_identification:_identify(src/image_processing) by extension 'ignore'
[5.106s] Level 1:colcon.colcon_core.package_identification:_identify(src/image_processing) by extension 'ignore_ament_install'
[5.106s] Level 1:colcon.colcon_core.package_identification:_identify(src/image_processing) by extensions ['colcon_pkg']
[5.106s] Level 1:colcon.colcon_core.package_identification:_identify(src/image_processing) by extension 'colcon_pkg'
[5.106s] Level 1:colcon.colcon_core.package_identification:_identify(src/image_processing) by extensions ['colcon_meta']
[5.106s] Level 1:colcon.colcon_core.package_identification:_identify(src/image_processing) by extension 'colcon_meta'
[5.106s] Level 1:colcon.colcon_core.package_identification:_identify(src/image_processing) by extensions ['ros']
[5.106s] Level 1:colcon.colcon_core.package_identification:_identify(src/image_processing) by extension 'ros'
[5.133s] DEBUG:colcon.colcon_core.package_identification:Package 'src/image_processing' with type 'ros.ament_cmake' and name 'image_processing'
[5.149s] Level 1:colcon.colcon_core.package_identification:_identify(src/install) by extensions ['ignore', 'ignore_ament_install']
[5.149s] Level 1:colcon.colcon_core.package_identification:_identify(src/install) by extension 'ignore'
[5.149s] Level 1:colcon.colcon_core.package_identification:_identify(src/install) by extension 'ignore_ament_install'
[5.149s] Level 1:colcon.colcon_core.package_identification:_identify(src/install) by extensions ['colcon_pkg']
[5.149s] Level 1:colcon.colcon_core.package_identification:_identify(src/install) by extension 'colcon_pkg'
[5.149s] Level 1:colcon.colcon_core.package_identification:_identify(src/install) by extensions ['colcon_meta']
[5.149s] Level 1:colcon.colcon_core.package_identification:_identify(src/install) by extension 'colcon_meta'
[5.149s] Level 1:colcon.colcon_core.package_identification:_identify(src/install) by extensions ['ros']
[5.149s] Level 1:colcon.colcon_core.package_identification:_identify(src/install) by extension 'ros'
[5.150s] Level 1:colcon.colcon_core.package_identification:_identify(src/install) by extensions ['cmake', 'python']
[5.150s] Level 1:colcon.colcon_core.package_identification:_identify(src/install) by extension 'cmake'
[5.150s] Level 1:colcon.colcon_core.package_identification:_identify(src/install) by extension 'python'
[5.150s] Level 1:colcon.colcon_core.package_identification:_identify(src/install) by extensions ['python_setup_py']
[5.150s] Level 1:colcon.colcon_core.package_identification:_identify(src/install) by extension 'python_setup_py'
[5.160s] Level 1:colcon.colcon_core.package_identification:_identify(src/log) by extensions ['ignore', 'ignore_ament_install']
[5.160s] Level 1:colcon.colcon_core.package_identification:_identify(src/log) by extension 'ignore'
[5.161s] Level 1:colcon.colcon_core.package_identification:_identify(src/log) ignored
[5.161s] Level 1:colcon.colcon_core.package_discovery:discover_packages(recursive) using defaults
[5.161s] Level 1:colcon.colcon_core.package_discovery:discover_packages(ignore) discover
[5.161s] Level 1:colcon.colcon_core.package_discovery:discover_packages(ignore) using defaults
[5.161s] Level 1:colcon.colcon_core.package_discovery:discover_packages(path) discover
[5.161s] Level 1:colcon.colcon_core.package_discovery:discover_packages(path) using defaults
[5.391s] Level 1:colcon.colcon_core.package_discovery:discover_packages(prefix_path) check parameters
[5.392s] Level 1:colcon.colcon_core.package_discovery:discover_packages(prefix_path) discover
[5.466s] DEBUG:colcon.colcon_installed_package_information.package_discovery:Found 270 installed packages in /opt/ros/humble
[5.467s] Level 1:colcon.colcon_core.package_discovery:discover_packages(prefix_path) using defaults
[5.669s] Level 5:colcon.colcon_core.verb:set package 'image_processing' build argument 'cmake_args' from command line to 'None'
[5.669s] Level 5:colcon.colcon_core.verb:set package 'image_processing' build argument 'cmake_target' from command line to 'None'
[5.669s] Level 5:colcon.colcon_core.verb:set package 'image_processing' build argument 'cmake_target_skip_unavailable' from command line to 'False'
[5.669s] Level 5:colcon.colcon_core.verb:set package 'image_processing' build argument 'cmake_clean_cache' from command line to 'False'
[5.669s] Level 5:colcon.colcon_core.verb:set package 'image_processing' build argument 'cmake_clean_first' from command line to 'False'
[5.669s] Level 5:colcon.colcon_core.verb:set package 'image_processing' build argument 'cmake_force_configure' from command line to 'False'
[5.669s] Level 5:colcon.colcon_core.verb:set package 'image_processing' build argument 'ament_cmake_args' from command line to 'None'
[5.669s] Level 5:colcon.colcon_core.verb:set package 'image_processing' build argument 'catkin_cmake_args' from command line to 'None'
[5.669s] Level 5:colcon.colcon_core.verb:set package 'image_processing' build argument 'catkin_skip_building_tests' from command line to 'False'
[5.669s] DEBUG:colcon.colcon_core.verb:Building package 'image_processing' with the following arguments: {'ament_cmake_args': None, 'build_base': '/home/ram-user/ASDFR/build/image_processing', 'catkin_cmake_args': None, 'catkin_skip_building_tests': False, 'cmake_args': None, 'cmake_clean_cache': False, 'cmake_clean_first': False, 'cmake_force_configure': False, 'cmake_target': None, 'cmake_target_skip_unavailable': False, 'install_base': '/home/ram-user/ASDFR/install/image_processing', 'merge_install': False, 'path': '/home/ram-user/ASDFR/src/image_processing', 'symlink_install': False, 'test_result_base': None}
[5.671s] INFO:colcon.colcon_core.executor:Executing jobs using 'parallel' executor
[5.678s] DEBUG:colcon.colcon_parallel_executor.executor.parallel:run_until_complete
[5.678s] INFO:colcon.colcon_ros.task.ament_cmake.build:Building ROS package in '/home/ram-user/ASDFR/src/image_processing' with build type 'ament_cmake'
[5.678s] INFO:colcon.colcon_cmake.task.cmake.build:Building CMake package in '/home/ram-user/ASDFR/src/image_processing'
[5.797s] INFO:colcon.colcon_core.plugin_system:Skipping extension 'colcon_core.shell.bat': Not used on non-Windows systems
[5.797s] INFO:colcon.colcon_core.shell:Skip shell extension 'powershell' for command environment: Not usable outside of PowerShell
[5.798s] DEBUG:colcon.colcon_core.shell:Skip shell extension 'dsv' for command environment
[5.869s] DEBUG:colcon.colcon_core.event_handler.log_command:Invoking command in '/home/ram-user/ASDFR/build/image_processing': CMAKE_PREFIX_PATH=/opt/ros/humble /usr/bin/cmake --build /home/ram-user/ASDFR/build/image_processing -- -j2 -l2
[36.239s] DEBUG:colcon.colcon_core.event_handler.log_command:Invoked command in '/home/ram-user/ASDFR/build/image_processing' returned '0': CMAKE_PREFIX_PATH=/opt/ros/humble /usr/bin/cmake --build /home/ram-user/ASDFR/build/image_processing -- -j2 -l2
[36.532s] DEBUG:colcon.colcon_core.event_handler.log_command:Invoking command in '/home/ram-user/ASDFR/build/image_processing': CMAKE_PREFIX_PATH=/opt/ros/humble /usr/bin/cmake --install /home/ram-user/ASDFR/build/image_processing
[36.960s] Level 1:colcon.colcon_core.environment:create_environment_scripts_only(image_processing)
[36.982s] DEBUG:colcon.colcon_core.event_handler.log_command:Invoked command in '/home/ram-user/ASDFR/build/image_processing' returned '0': CMAKE_PREFIX_PATH=/opt/ros/humble /usr/bin/cmake --install /home/ram-user/ASDFR/build/image_processing
[37.422s] Level 1:colcon.colcon_core.environment:checking '/home/ram-user/ASDFR/install/image_processing' for CMake module files
[37.454s] Level 1:colcon.colcon_core.environment:checking '/home/ram-user/ASDFR/install/image_processing' for CMake config files
[37.472s] Level 1:colcon.colcon_core.shell:create_environment_hook('image_processing', 'cmake_prefix_path')
[37.485s] INFO:colcon.colcon_core.shell:Creating environment hook '/home/ram-user/ASDFR/install/image_processing/share/image_processing/hook/cmake_prefix_path.ps1'
[37.551s] INFO:colcon.colcon_core.shell:Creating environment descriptor '/home/ram-user/ASDFR/install/image_processing/share/image_processing/hook/cmake_prefix_path.dsv'
[37.559s] INFO:colcon.colcon_core.shell:Creating environment hook '/home/ram-user/ASDFR/install/image_processing/share/image_processing/hook/cmake_prefix_path.sh'
[37.565s] Level 1:colcon.colcon_core.environment:checking '/home/ram-user/ASDFR/install/image_processing/lib'
[37.566s] Level 1:colcon.colcon_core.environment:checking '/home/ram-user/ASDFR/install/image_processing/bin'
[37.566s] Level 1:colcon.colcon_core.environment:checking '/home/ram-user/ASDFR/install/image_processing/lib/pkgconfig/image_processing.pc'
[37.577s] Level 1:colcon.colcon_core.environment:checking '/home/ram-user/ASDFR/install/image_processing/lib/python3.10/site-packages'
[37.577s] Level 1:colcon.colcon_core.environment:checking '/home/ram-user/ASDFR/install/image_processing/bin'
[37.584s] INFO:colcon.colcon_core.shell:Creating package script '/home/ram-user/ASDFR/install/image_processing/share/image_processing/package.ps1'
[37.591s] INFO:colcon.colcon_core.shell:Creating package descriptor '/home/ram-user/ASDFR/install/image_processing/share/image_processing/package.dsv'
[37.593s] INFO:colcon.colcon_core.shell:Creating package script '/home/ram-user/ASDFR/install/image_processing/share/image_processing/package.sh'
[37.598s] INFO:colcon.colcon_core.shell:Creating package script '/home/ram-user/ASDFR/install/image_processing/share/image_processing/package.bash'
[37.634s] INFO:colcon.colcon_core.shell:Creating package script '/home/ram-user/ASDFR/install/image_processing/share/image_processing/package.zsh'
[37.653s] Level 1:colcon.colcon_core.environment:create_file_with_runtime_dependencies(/home/ram-user/ASDFR/install/image_processing/share/colcon-core/packages/image_processing)
[37.815s] Level 1:colcon.colcon_core.environment:create_environment_scripts_only(image_processing)
[37.820s] Level 1:colcon.colcon_core.environment:checking '/home/ram-user/ASDFR/install/image_processing' for CMake module files
[37.822s] Level 1:colcon.colcon_core.environment:checking '/home/ram-user/ASDFR/install/image_processing' for CMake config files
[37.822s] Level 1:colcon.colcon_core.shell:create_environment_hook('image_processing', 'cmake_prefix_path')
[37.830s] INFO:colcon.colcon_core.shell:Creating environment hook '/home/ram-user/ASDFR/install/image_processing/share/image_processing/hook/cmake_prefix_path.ps1'
[37.832s] INFO:colcon.colcon_core.shell:Creating environment descriptor '/home/ram-user/ASDFR/install/image_processing/share/image_processing/hook/cmake_prefix_path.dsv'
[37.834s] INFO:colcon.colcon_core.shell:Creating environment hook '/home/ram-user/ASDFR/install/image_processing/share/image_processing/hook/cmake_prefix_path.sh'
[37.847s] Level 1:colcon.colcon_core.environment:checking '/home/ram-user/ASDFR/install/image_processing/lib'
[37.848s] Level 1:colcon.colcon_core.environment:checking '/home/ram-user/ASDFR/install/image_processing/bin'
[37.853s] Level 1:colcon.colcon_core.environment:checking '/home/ram-user/ASDFR/install/image_processing/lib/pkgconfig/image_processing.pc'
[37.853s] Level 1:colcon.colcon_core.environment:checking '/home/ram-user/ASDFR/install/image_processing/lib/python3.10/site-packages'
[37.853s] Level 1:colcon.colcon_core.environment:checking '/home/ram-user/ASDFR/install/image_processing/bin'
[37.856s] INFO:colcon.colcon_core.shell:Creating package script '/home/ram-user/ASDFR/install/image_processing/share/image_processing/package.ps1'
[37.858s] INFO:colcon.colcon_core.shell:Creating package descriptor '/home/ram-user/ASDFR/install/image_processing/share/image_processing/package.dsv'
[37.865s] INFO:colcon.colcon_core.shell:Creating package script '/home/ram-user/ASDFR/install/image_processing/share/image_processing/package.sh'
[37.867s] INFO:colcon.colcon_core.shell:Creating package script '/home/ram-user/ASDFR/install/image_processing/share/image_processing/package.bash'
[37.888s] INFO:colcon.colcon_core.shell:Creating package script '/home/ram-user/ASDFR/install/image_processing/share/image_processing/package.zsh'
[37.893s] Level 1:colcon.colcon_core.environment:create_file_with_runtime_dependencies(/home/ram-user/ASDFR/install/image_processing/share/colcon-core/packages/image_processing)
[37.896s] DEBUG:colcon.colcon_parallel_executor.executor.parallel:closing loop
[37.898s] DEBUG:colcon.colcon_parallel_executor.executor.parallel:loop closed
[37.899s] DEBUG:colcon.colcon_parallel_executor.executor.parallel:run_until_complete finished with '0'
[37.899s] DEBUG:colcon.colcon_core.event_reactor:joining thread
[38.204s] INFO:colcon.colcon_core.plugin_system:Skipping extension 'colcon_notification.desktop_notification.terminal_notifier': Not used on non-Darwin systems
[38.204s] INFO:colcon.colcon_core.plugin_system:Skipping extension 'colcon_notification.desktop_notification.win32': Not used on non-Windows systems
[38.204s] INFO:colcon.colcon_notification.desktop_notification:Sending desktop notification using 'notify2'
[38.354s] DEBUG:colcon.colcon_core.event_reactor:joined thread
[38.365s] INFO:colcon.colcon_core.shell:Creating prefix script '/home/ram-user/ASDFR/install/local_setup.ps1'
[38.380s] INFO:colcon.colcon_core.shell:Creating prefix util module '/home/ram-user/ASDFR/install/_local_setup_util_ps1.py'
[38.383s] INFO:colcon.colcon_core.shell:Creating prefix chain script '/home/ram-user/ASDFR/install/setup.ps1'
[38.395s] INFO:colcon.colcon_core.shell:Creating prefix script '/home/ram-user/ASDFR/install/local_setup.sh'
[38.397s] INFO:colcon.colcon_core.shell:Creating prefix util module '/home/ram-user/ASDFR/install/_local_setup_util_sh.py'
[38.400s] INFO:colcon.colcon_core.shell:Creating prefix chain script '/home/ram-user/ASDFR/install/setup.sh'
[38.403s] INFO:colcon.colcon_core.shell:Creating prefix script '/home/ram-user/ASDFR/install/local_setup.bash'
[38.404s] INFO:colcon.colcon_core.shell:Creating prefix chain script '/home/ram-user/ASDFR/install/setup.bash'
[38.407s] INFO:colcon.colcon_core.shell:Creating prefix script '/home/ram-user/ASDFR/install/local_setup.zsh'
[38.408s] INFO:colcon.colcon_core.shell:Creating prefix chain script '/home/ram-user/ASDFR/install/setup.zsh'
