[0.317s] DEBUG:colcon:Command line arguments: ['/usr/bin/colcon', 'build']
[0.317s] DEBUG:colcon:Parsed command line arguments: Namespace(log_base=None, log_level=None, verb_name='build', build_base='build', install_base='install', merge_install=False, symlink_install=False, test_result_base=None, continue_on_error=False, executor='parallel', parallel_workers=2, event_handlers=None, ignore_user_meta=False, metas=['./colcon.meta'], base_paths=['.'], packages_ignore=None, packages_ignore_regex=None, paths=None, packages_up_to=None, packages_up_to_regex=None, packages_above=None, packages_above_and_dependencies=None, packages_above_depth=None, packages_select_by_dep=None, packages_skip_by_dep=None, packages_skip_up_to=None, packages_select_build_failed=False, packages_skip_build_finished=False, packages_select_test_failures=False, packages_skip_test_passed=False, packages_select=None, packages_skip=None, packages_select_regex=None, packages_skip_regex=None, packages_start=None, packages_end=None, allow_overriding=[], cmake_args=None, cmake_target=None, cmake_target_skip_unavailable=False, cmake_clean_cache=False, cmake_clean_first=False, cmake_force_configure=False, ament_cmake_args=None, catkin_cmake_args=None, catkin_skip_building_tests=False, verb_parser=<colcon_defaults.argument_parser.defaults.DefaultArgumentsDecorator object at 0x7ff2ad2d8610>, verb_extension=<colcon_core.verb.build.BuildVerb object at 0x7ff2adbb0df0>, main=<bound method BuildVerb.main of <colcon_core.verb.build.BuildVerb object at 0x7ff2adbb0df0>>)
[0.340s] Level 1:colcon.colcon_core.package_discovery:discover_packages(colcon_meta) check parameters
[0.340s] Level 1:colcon.colcon_core.package_discovery:discover_packages(recursive) check parameters
[0.340s] Level 1:colcon.colcon_core.package_discovery:discover_packages(ignore) check parameters
[0.340s] Level 1:colcon.colcon_core.package_discovery:discover_packages(path) check parameters
[0.340s] Level 1:colcon.colcon_core.package_discovery:discover_packages(colcon_meta) discover
[0.340s] Level 1:colcon.colcon_core.package_discovery:discover_packages(recursive) discover
[0.340s] INFO:colcon.colcon_core.package_discovery:Crawling recursively for packages in '/home/ram-user/ASDFR/src/ros2_nodes'
[0.340s] Level 1:colcon.colcon_core.package_identification:_identify(.) by extensions ['ignore', 'ignore_ament_install']
[0.340s] Level 1:colcon.colcon_core.package_identification:_identify(.) by extension 'ignore'
[0.340s] Level 1:colcon.colcon_core.package_identification:_identify(.) by extension 'ignore_ament_install'
[0.340s] Level 1:colcon.colcon_core.package_identification:_identify(.) by extensions ['colcon_pkg']
[0.340s] Level 1:colcon.colcon_core.package_identification:_identify(.) by extension 'colcon_pkg'
[0.340s] Level 1:colcon.colcon_core.package_identification:_identify(.) by extensions ['colcon_meta']
[0.340s] Level 1:colcon.colcon_core.package_identification:_identify(.) by extension 'colcon_meta'
[0.341s] Level 1:colcon.colcon_core.package_identification:_identify(.) by extensions ['ros']
[0.341s] Level 1:colcon.colcon_core.package_identification:_identify(.) by extension 'ros'
[0.351s] Level 1:colcon.colcon_core.package_identification:_identify(.) by extensions ['cmake', 'python']
[0.351s] Level 1:colcon.colcon_core.package_identification:_identify(.) by extension 'cmake'
[0.351s] Level 1:colcon.colcon_core.package_identification:_identify(.) by extension 'python'
[0.351s] Level 1:colcon.colcon_core.package_identification:_identify(.) by extensions ['python_setup_py']
[0.351s] Level 1:colcon.colcon_core.package_identification:_identify(.) by extension 'python_setup_py'
[0.351s] Level 1:colcon.colcon_core.package_identification:_identify(build) by extensions ['ignore', 'ignore_ament_install']
[0.352s] Level 1:colcon.colcon_core.package_identification:_identify(build) by extension 'ignore'
[0.352s] Level 1:colcon.colcon_core.package_identification:_identify(build) ignored
[0.352s] Level 1:colcon.colcon_core.package_identification:_identify(install) by extensions ['ignore', 'ignore_ament_install']
[0.352s] Level 1:colcon.colcon_core.package_identification:_identify(install) by extension 'ignore'
[0.352s] Level 1:colcon.colcon_core.package_identification:_identify(install) ignored
[0.352s] Level 1:colcon.colcon_core.package_identification:_identify(launch) by extensions ['ignore', 'ignore_ament_install']
[0.352s] Level 1:colcon.colcon_core.package_identification:_identify(launch) by extension 'ignore'
[0.352s] Level 1:colcon.colcon_core.package_identification:_identify(launch) by extension 'ignore_ament_install'
[0.352s] Level 1:colcon.colcon_core.package_identification:_identify(launch) by extensions ['colcon_pkg']
[0.352s] Level 1:colcon.colcon_core.package_identification:_identify(launch) by extension 'colcon_pkg'
[0.352s] Level 1:colcon.colcon_core.package_identification:_identify(launch) by extensions ['colcon_meta']
[0.352s] Level 1:colcon.colcon_core.package_identification:_identify(launch) by extension 'colcon_meta'
[0.352s] Level 1:colcon.colcon_core.package_identification:_identify(launch) by extensions ['ros']
[0.352s] Level 1:colcon.colcon_core.package_identification:_identify(launch) by extension 'ros'
[0.352s] Level 1:colcon.colcon_core.package_identification:_identify(launch) by extensions ['cmake', 'python']
[0.352s] Level 1:colcon.colcon_core.package_identification:_identify(launch) by extension 'cmake'
[0.353s] Level 1:colcon.colcon_core.package_identification:_identify(launch) by extension 'python'
[0.353s] Level 1:colcon.colcon_core.package_identification:_identify(launch) by extensions ['python_setup_py']
[0.353s] Level 1:colcon.colcon_core.package_identification:_identify(launch) by extension 'python_setup_py'
[0.353s] Level 1:colcon.colcon_core.package_identification:_identify(launch/__pycache__) by extensions ['ignore', 'ignore_ament_install']
[0.353s] Level 1:colcon.colcon_core.package_identification:_identify(launch/__pycache__) by extension 'ignore'
[0.353s] Level 1:colcon.colcon_core.package_identification:_identify(launch/__pycache__) by extension 'ignore_ament_install'
[0.353s] Level 1:colcon.colcon_core.package_identification:_identify(launch/__pycache__) by extensions ['colcon_pkg']
[0.353s] Level 1:colcon.colcon_core.package_identification:_identify(launch/__pycache__) by extension 'colcon_pkg'
[0.353s] Level 1:colcon.colcon_core.package_identification:_identify(launch/__pycache__) by extensions ['colcon_meta']
[0.353s] Level 1:colcon.colcon_core.package_identification:_identify(launch/__pycache__) by extension 'colcon_meta'
[0.353s] Level 1:colcon.colcon_core.package_identification:_identify(launch/__pycache__) by extensions ['ros']
[0.353s] Level 1:colcon.colcon_core.package_identification:_identify(launch/__pycache__) by extension 'ros'
[0.353s] Level 1:colcon.colcon_core.package_identification:_identify(launch/__pycache__) by extensions ['cmake', 'python']
[0.353s] Level 1:colcon.colcon_core.package_identification:_identify(launch/__pycache__) by extension 'cmake'
[0.353s] Level 1:colcon.colcon_core.package_identification:_identify(launch/__pycache__) by extension 'python'
[0.353s] Level 1:colcon.colcon_core.package_identification:_identify(launch/__pycache__) by extensions ['python_setup_py']
[0.353s] Level 1:colcon.colcon_core.package_identification:_identify(launch/__pycache__) by extension 'python_setup_py'
[0.353s] Level 1:colcon.colcon_core.package_identification:_identify(launch/build) by extensions ['ignore', 'ignore_ament_install']
[0.353s] Level 1:colcon.colcon_core.package_identification:_identify(launch/build) by extension 'ignore'
[0.353s] Level 1:colcon.colcon_core.package_identification:_identify(launch/build) ignored
[0.354s] Level 1:colcon.colcon_core.package_identification:_identify(launch/install) by extensions ['ignore', 'ignore_ament_install']
[0.354s] Level 1:colcon.colcon_core.package_identification:_identify(launch/install) by extension 'ignore'
[0.354s] Level 1:colcon.colcon_core.package_identification:_identify(launch/install) ignored
[0.354s] Level 1:colcon.colcon_core.package_identification:_identify(launch/log) by extensions ['ignore', 'ignore_ament_install']
[0.354s] Level 1:colcon.colcon_core.package_identification:_identify(launch/log) by extension 'ignore'
[0.354s] Level 1:colcon.colcon_core.package_identification:_identify(launch/log) ignored
[0.354s] Level 1:colcon.colcon_core.package_identification:_identify(log) by extensions ['ignore', 'ignore_ament_install']
[0.354s] Level 1:colcon.colcon_core.package_identification:_identify(log) by extension 'ignore'
[0.354s] Level 1:colcon.colcon_core.package_identification:_identify(log) ignored
[0.354s] Level 1:colcon.colcon_core.package_identification:_identify(src) by extensions ['ignore', 'ignore_ament_install']
[0.354s] Level 1:colcon.colcon_core.package_identification:_identify(src) by extension 'ignore'
[0.354s] Level 1:colcon.colcon_core.package_identification:_identify(src) by extension 'ignore_ament_install'
[0.354s] Level 1:colcon.colcon_core.package_identification:_identify(src) by extensions ['colcon_pkg']
[0.354s] Level 1:colcon.colcon_core.package_identification:_identify(src) by extension 'colcon_pkg'
[0.354s] Level 1:colcon.colcon_core.package_identification:_identify(src) by extensions ['colcon_meta']
[0.355s] Level 1:colcon.colcon_core.package_identification:_identify(src) by extension 'colcon_meta'
[0.355s] Level 1:colcon.colcon_core.package_identification:_identify(src) by extensions ['ros']
[0.355s] Level 1:colcon.colcon_core.package_identification:_identify(src) by extension 'ros'
[0.355s] Level 1:colcon.colcon_core.package_identification:_identify(src) by extensions ['cmake', 'python']
[0.355s] Level 1:colcon.colcon_core.package_identification:_identify(src) by extension 'cmake'
[0.355s] Level 1:colcon.colcon_core.package_identification:_identify(src) by extension 'python'
[0.355s] Level 1:colcon.colcon_core.package_identification:_identify(src) by extensions ['python_setup_py']
[0.355s] Level 1:colcon.colcon_core.package_identification:_identify(src) by extension 'python_setup_py'
[0.355s] Level 1:colcon.colcon_core.package_identification:_identify(src/asdfr_interfaces) by extensions ['ignore', 'ignore_ament_install']
[0.355s] Level 1:colcon.colcon_core.package_identification:_identify(src/asdfr_interfaces) by extension 'ignore'
[0.355s] Level 1:colcon.colcon_core.package_identification:_identify(src/asdfr_interfaces) by extension 'ignore_ament_install'
[0.355s] Level 1:colcon.colcon_core.package_identification:_identify(src/asdfr_interfaces) by extensions ['colcon_pkg']
[0.355s] Level 1:colcon.colcon_core.package_identification:_identify(src/asdfr_interfaces) by extension 'colcon_pkg'
[0.355s] Level 1:colcon.colcon_core.package_identification:_identify(src/asdfr_interfaces) by extensions ['colcon_meta']
[0.355s] Level 1:colcon.colcon_core.package_identification:_identify(src/asdfr_interfaces) by extension 'colcon_meta'
[0.355s] Level 1:colcon.colcon_core.package_identification:_identify(src/asdfr_interfaces) by extensions ['ros']
[0.355s] Level 1:colcon.colcon_core.package_identification:_identify(src/asdfr_interfaces) by extension 'ros'
[0.357s] DEBUG:colcon.colcon_core.package_identification:Package 'src/asdfr_interfaces' with type 'ros.ament_cmake' and name 'asdfr_interfaces'
[0.357s] Level 1:colcon.colcon_core.package_identification:_identify(src/build) by extensions ['ignore', 'ignore_ament_install']
[0.358s] Level 1:colcon.colcon_core.package_identification:_identify(src/build) by extension 'ignore'
[0.358s] Level 1:colcon.colcon_core.package_identification:_identify(src/build) ignored
[0.358s] Level 1:colcon.colcon_core.package_identification:_identify(src/install) by extensions ['ignore', 'ignore_ament_install']
[0.358s] Level 1:colcon.colcon_core.package_identification:_identify(src/install) by extension 'ignore'
[0.358s] Level 1:colcon.colcon_core.package_identification:_identify(src/install) ignored
[0.358s] Level 1:colcon.colcon_core.package_identification:_identify(src/jiwy_controller) by extensions ['ignore', 'ignore_ament_install']
[0.358s] Level 1:colcon.colcon_core.package_identification:_identify(src/jiwy_controller) by extension 'ignore'
[0.358s] Level 1:colcon.colcon_core.package_identification:_identify(src/jiwy_controller) by extension 'ignore_ament_install'
[0.358s] Level 1:colcon.colcon_core.package_identification:_identify(src/jiwy_controller) by extensions ['colcon_pkg']
[0.358s] Level 1:colcon.colcon_core.package_identification:_identify(src/jiwy_controller) by extension 'colcon_pkg'
[0.358s] Level 1:colcon.colcon_core.package_identification:_identify(src/jiwy_controller) by extensions ['colcon_meta']
[0.358s] Level 1:colcon.colcon_core.package_identification:_identify(src/jiwy_controller) by extension 'colcon_meta'
[0.358s] Level 1:colcon.colcon_core.package_identification:_identify(src/jiwy_controller) by extensions ['ros']
[0.358s] Level 1:colcon.colcon_core.package_identification:_identify(src/jiwy_controller) by extension 'ros'
[0.359s] DEBUG:colcon.colcon_core.package_identification:Package 'src/jiwy_controller' with type 'ros.ament_cmake' and name 'jiwy_controller'
[0.359s] Level 1:colcon.colcon_core.package_identification:_identify(src/jiwy_simulator) by extensions ['ignore', 'ignore_ament_install']
[0.359s] Level 1:colcon.colcon_core.package_identification:_identify(src/jiwy_simulator) by extension 'ignore'
[0.359s] Level 1:colcon.colcon_core.package_identification:_identify(src/jiwy_simulator) by extension 'ignore_ament_install'
[0.359s] Level 1:colcon.colcon_core.package_identification:_identify(src/jiwy_simulator) by extensions ['colcon_pkg']
[0.360s] Level 1:colcon.colcon_core.package_identification:_identify(src/jiwy_simulator) by extension 'colcon_pkg'
[0.360s] Level 1:colcon.colcon_core.package_identification:_identify(src/jiwy_simulator) by extensions ['colcon_meta']
[0.360s] Level 1:colcon.colcon_core.package_identification:_identify(src/jiwy_simulator) by extension 'colcon_meta'
[0.360s] Level 1:colcon.colcon_core.package_identification:_identify(src/jiwy_simulator) by extensions ['ros']
[0.360s] Level 1:colcon.colcon_core.package_identification:_identify(src/jiwy_simulator) by extension 'ros'
[0.360s] DEBUG:colcon.colcon_core.package_identification:Package 'src/jiwy_simulator' with type 'ros.ament_cmake' and name 'jiwy_simulator'
[0.361s] Level 1:colcon.colcon_core.package_identification:_identify(src/log) by extensions ['ignore', 'ignore_ament_install']
[0.361s] Level 1:colcon.colcon_core.package_identification:_identify(src/log) by extension 'ignore'
[0.361s] Level 1:colcon.colcon_core.package_identification:_identify(src/log) ignored
[0.361s] Level 1:colcon.colcon_core.package_discovery:discover_packages(recursive) using defaults
[0.361s] Level 1:colcon.colcon_core.package_discovery:discover_packages(ignore) discover
[0.361s] Level 1:colcon.colcon_core.package_discovery:discover_packages(ignore) using defaults
[0.361s] Level 1:colcon.colcon_core.package_discovery:discover_packages(path) discover
[0.361s] Level 1:colcon.colcon_core.package_discovery:discover_packages(path) using defaults
[0.381s] Level 1:colcon.colcon_core.package_discovery:discover_packages(prefix_path) check parameters
[0.381s] Level 1:colcon.colcon_core.package_discovery:discover_packages(prefix_path) discover
[0.384s] DEBUG:colcon.colcon_installed_package_information.package_discovery:Found 3 installed packages in /home/ram-user/ASDFR/src/ros2_nodes/install
[0.385s] DEBUG:colcon.colcon_installed_package_information.package_discovery:Found 4 installed packages in /home/ram-user/ASDFR/install
[0.385s] DEBUG:colcon.colcon_installed_package_information.package_discovery:Found 0 installed packages in /home/ram-user/.local/share/Trash/files/install
[0.387s] DEBUG:colcon.colcon_installed_package_information.package_discovery:Found 284 installed packages in /opt/ros/humble
[0.389s] Level 1:colcon.colcon_core.package_discovery:discover_packages(prefix_path) using defaults
[0.449s] Level 5:colcon.colcon_core.verb:set package 'asdfr_interfaces' build argument 'cmake_args' from command line to 'None'
[0.449s] Level 5:colcon.colcon_core.verb:set package 'asdfr_interfaces' build argument 'cmake_target' from command line to 'None'
[0.449s] Level 5:colcon.colcon_core.verb:set package 'asdfr_interfaces' build argument 'cmake_target_skip_unavailable' from command line to 'False'
[0.449s] Level 5:colcon.colcon_core.verb:set package 'asdfr_interfaces' build argument 'cmake_clean_cache' from command line to 'False'
[0.449s] Level 5:colcon.colcon_core.verb:set package 'asdfr_interfaces' build argument 'cmake_clean_first' from command line to 'False'
[0.449s] Level 5:colcon.colcon_core.verb:set package 'asdfr_interfaces' build argument 'cmake_force_configure' from command line to 'False'
[0.449s] Level 5:colcon.colcon_core.verb:set package 'asdfr_interfaces' build argument 'ament_cmake_args' from command line to 'None'
[0.449s] Level 5:colcon.colcon_core.verb:set package 'asdfr_interfaces' build argument 'catkin_cmake_args' from command line to 'None'
[0.449s] Level 5:colcon.colcon_core.verb:set package 'asdfr_interfaces' build argument 'catkin_skip_building_tests' from command line to 'False'
[0.449s] DEBUG:colcon.colcon_core.verb:Building package 'asdfr_interfaces' with the following arguments: {'ament_cmake_args': None, 'build_base': '/home/ram-user/ASDFR/src/ros2_nodes/build/asdfr_interfaces', 'catkin_cmake_args': None, 'catkin_skip_building_tests': False, 'cmake_args': None, 'cmake_clean_cache': False, 'cmake_clean_first': False, 'cmake_force_configure': False, 'cmake_target': None, 'cmake_target_skip_unavailable': False, 'install_base': '/home/ram-user/ASDFR/src/ros2_nodes/install/asdfr_interfaces', 'merge_install': False, 'path': '/home/ram-user/ASDFR/src/ros2_nodes/src/asdfr_interfaces', 'symlink_install': False, 'test_result_base': None}
[0.450s] Level 5:colcon.colcon_core.verb:set package 'jiwy_controller' build argument 'cmake_args' from command line to 'None'
[0.450s] Level 5:colcon.colcon_core.verb:set package 'jiwy_controller' build argument 'cmake_target' from command line to 'None'
[0.450s] Level 5:colcon.colcon_core.verb:set package 'jiwy_controller' build argument 'cmake_target_skip_unavailable' from command line to 'False'
[0.450s] Level 5:colcon.colcon_core.verb:set package 'jiwy_controller' build argument 'cmake_clean_cache' from command line to 'False'
[0.450s] Level 5:colcon.colcon_core.verb:set package 'jiwy_controller' build argument 'cmake_clean_first' from command line to 'False'
[0.450s] Level 5:colcon.colcon_core.verb:set package 'jiwy_controller' build argument 'cmake_force_configure' from command line to 'False'
[0.450s] Level 5:colcon.colcon_core.verb:set package 'jiwy_controller' build argument 'ament_cmake_args' from command line to 'None'
[0.450s] Level 5:colcon.colcon_core.verb:set package 'jiwy_controller' build argument 'catkin_cmake_args' from command line to 'None'
[0.450s] Level 5:colcon.colcon_core.verb:set package 'jiwy_controller' build argument 'catkin_skip_building_tests' from command line to 'False'
[0.450s] DEBUG:colcon.colcon_core.verb:Building package 'jiwy_controller' with the following arguments: {'ament_cmake_args': None, 'build_base': '/home/ram-user/ASDFR/src/ros2_nodes/build/jiwy_controller', 'catkin_cmake_args': None, 'catkin_skip_building_tests': False, 'cmake_args': None, 'cmake_clean_cache': False, 'cmake_clean_first': False, 'cmake_force_configure': False, 'cmake_target': None, 'cmake_target_skip_unavailable': False, 'install_base': '/home/ram-user/ASDFR/src/ros2_nodes/install/jiwy_controller', 'merge_install': False, 'path': '/home/ram-user/ASDFR/src/ros2_nodes/src/jiwy_controller', 'symlink_install': False, 'test_result_base': None}
[0.451s] Level 5:colcon.colcon_core.verb:set package 'jiwy_simulator' build argument 'cmake_args' from command line to 'None'
[0.451s] Level 5:colcon.colcon_core.verb:set package 'jiwy_simulator' build argument 'cmake_target' from command line to 'None'
[0.451s] Level 5:colcon.colcon_core.verb:set package 'jiwy_simulator' build argument 'cmake_target_skip_unavailable' from command line to 'False'
[0.451s] Level 5:colcon.colcon_core.verb:set package 'jiwy_simulator' build argument 'cmake_clean_cache' from command line to 'False'
[0.451s] Level 5:colcon.colcon_core.verb:set package 'jiwy_simulator' build argument 'cmake_clean_first' from command line to 'False'
[0.451s] Level 5:colcon.colcon_core.verb:set package 'jiwy_simulator' build argument 'cmake_force_configure' from command line to 'False'
[0.451s] Level 5:colcon.colcon_core.verb:set package 'jiwy_simulator' build argument 'ament_cmake_args' from command line to 'None'
[0.451s] Level 5:colcon.colcon_core.verb:set package 'jiwy_simulator' build argument 'catkin_cmake_args' from command line to 'None'
[0.451s] Level 5:colcon.colcon_core.verb:set package 'jiwy_simulator' build argument 'catkin_skip_building_tests' from command line to 'False'
[0.451s] DEBUG:colcon.colcon_core.verb:Building package 'jiwy_simulator' with the following arguments: {'ament_cmake_args': None, 'build_base': '/home/ram-user/ASDFR/src/ros2_nodes/build/jiwy_simulator', 'catkin_cmake_args': None, 'catkin_skip_building_tests': False, 'cmake_args': None, 'cmake_clean_cache': False, 'cmake_clean_first': False, 'cmake_force_configure': False, 'cmake_target': None, 'cmake_target_skip_unavailable': False, 'install_base': '/home/ram-user/ASDFR/src/ros2_nodes/install/jiwy_simulator', 'merge_install': False, 'path': '/home/ram-user/ASDFR/src/ros2_nodes/src/jiwy_simulator', 'symlink_install': False, 'test_result_base': None}
[0.452s] INFO:colcon.colcon_core.executor:Executing jobs using 'parallel' executor
[0.455s] DEBUG:colcon.colcon_parallel_executor.executor.parallel:run_until_complete
[0.455s] INFO:colcon.colcon_ros.task.ament_cmake.build:Building ROS package in '/home/ram-user/ASDFR/src/ros2_nodes/src/asdfr_interfaces' with build type 'ament_cmake'
[0.455s] INFO:colcon.colcon_cmake.task.cmake.build:Building CMake package in '/home/ram-user/ASDFR/src/ros2_nodes/src/asdfr_interfaces'
[0.459s] INFO:colcon.colcon_core.plugin_system:Skipping extension 'colcon_core.shell.bat': Not used on non-Windows systems
[0.459s] INFO:colcon.colcon_core.shell:Skip shell extension 'powershell' for command environment: Not usable outside of PowerShell
[0.459s] DEBUG:colcon.colcon_core.shell:Skip shell extension 'dsv' for command environment
[0.470s] DEBUG:colcon.colcon_core.event_handler.log_command:Invoking command in '/home/ram-user/ASDFR/src/ros2_nodes/build/asdfr_interfaces': CMAKE_PREFIX_PATH=${CMAKE_PREFIX_PATH}:/opt/ros/humble /usr/bin/cmake --build /home/ram-user/ASDFR/src/ros2_nodes/build/asdfr_interfaces -- -j2 -l2
[1.025s] DEBUG:colcon.colcon_core.event_handler.log_command:Invoked command in '/home/ram-user/ASDFR/src/ros2_nodes/build/asdfr_interfaces' returned '0': CMAKE_PREFIX_PATH=${CMAKE_PREFIX_PATH}:/opt/ros/humble /usr/bin/cmake --build /home/ram-user/ASDFR/src/ros2_nodes/build/asdfr_interfaces -- -j2 -l2
[1.125s] DEBUG:colcon.colcon_core.event_handler.log_command:Invoking command in '/home/ram-user/ASDFR/src/ros2_nodes/build/asdfr_interfaces': CMAKE_PREFIX_PATH=${CMAKE_PREFIX_PATH}:/opt/ros/humble /usr/bin/cmake --install /home/ram-user/ASDFR/src/ros2_nodes/build/asdfr_interfaces
[1.264s] Level 1:colcon.colcon_core.environment:create_environment_scripts_only(asdfr_interfaces)
[1.268s] DEBUG:colcon.colcon_core.event_handler.log_command:Invoked command in '/home/ram-user/ASDFR/src/ros2_nodes/build/asdfr_interfaces' returned '0': CMAKE_PREFIX_PATH=${CMAKE_PREFIX_PATH}:/opt/ros/humble /usr/bin/cmake --install /home/ram-user/ASDFR/src/ros2_nodes/build/asdfr_interfaces
[1.271s] Level 1:colcon.colcon_core.environment:checking '/home/ram-user/ASDFR/src/ros2_nodes/install/asdfr_interfaces' for CMake module files
[1.272s] Level 1:colcon.colcon_core.environment:checking '/home/ram-user/ASDFR/src/ros2_nodes/install/asdfr_interfaces' for CMake config files
[1.272s] Level 1:colcon.colcon_core.shell:create_environment_hook('asdfr_interfaces', 'cmake_prefix_path')
[1.277s] INFO:colcon.colcon_core.shell:Creating environment hook '/home/ram-user/ASDFR/src/ros2_nodes/install/asdfr_interfaces/share/asdfr_interfaces/hook/cmake_prefix_path.ps1'
[1.278s] INFO:colcon.colcon_core.shell:Creating environment descriptor '/home/ram-user/ASDFR/src/ros2_nodes/install/asdfr_interfaces/share/asdfr_interfaces/hook/cmake_prefix_path.dsv'
[1.278s] INFO:colcon.colcon_core.shell:Creating environment hook '/home/ram-user/ASDFR/src/ros2_nodes/install/asdfr_interfaces/share/asdfr_interfaces/hook/cmake_prefix_path.sh'
[1.279s] Level 1:colcon.colcon_core.environment:checking '/home/ram-user/ASDFR/src/ros2_nodes/install/asdfr_interfaces/lib'
[1.280s] Level 1:colcon.colcon_core.shell:create_environment_hook('asdfr_interfaces', 'ld_library_path_lib')
[1.281s] INFO:colcon.colcon_core.shell:Creating environment hook '/home/ram-user/ASDFR/src/ros2_nodes/install/asdfr_interfaces/share/asdfr_interfaces/hook/ld_library_path_lib.ps1'
[1.281s] INFO:colcon.colcon_core.shell:Creating environment descriptor '/home/ram-user/ASDFR/src/ros2_nodes/install/asdfr_interfaces/share/asdfr_interfaces/hook/ld_library_path_lib.dsv'
[1.286s] INFO:colcon.colcon_core.shell:Creating environment hook '/home/ram-user/ASDFR/src/ros2_nodes/install/asdfr_interfaces/share/asdfr_interfaces/hook/ld_library_path_lib.sh'
[1.287s] Level 1:colcon.colcon_core.environment:checking '/home/ram-user/ASDFR/src/ros2_nodes/install/asdfr_interfaces/bin'
[1.292s] Level 1:colcon.colcon_core.environment:checking '/home/ram-user/ASDFR/src/ros2_nodes/install/asdfr_interfaces/lib/pkgconfig/asdfr_interfaces.pc'
[1.293s] Level 1:colcon.colcon_core.environment:checking '/home/ram-user/ASDFR/src/ros2_nodes/install/asdfr_interfaces/lib/python3.10/site-packages'
[1.298s] Level 1:colcon.colcon_core.environment:checking '/home/ram-user/ASDFR/src/ros2_nodes/install/asdfr_interfaces/bin'
[1.299s] INFO:colcon.colcon_core.shell:Creating package script '/home/ram-user/ASDFR/src/ros2_nodes/install/asdfr_interfaces/share/asdfr_interfaces/package.ps1'
[1.300s] INFO:colcon.colcon_core.shell:Creating package descriptor '/home/ram-user/ASDFR/src/ros2_nodes/install/asdfr_interfaces/share/asdfr_interfaces/package.dsv'
[1.301s] INFO:colcon.colcon_core.shell:Creating package script '/home/ram-user/ASDFR/src/ros2_nodes/install/asdfr_interfaces/share/asdfr_interfaces/package.sh'
[1.302s] INFO:colcon.colcon_core.shell:Creating package script '/home/ram-user/ASDFR/src/ros2_nodes/install/asdfr_interfaces/share/asdfr_interfaces/package.bash'
[1.307s] INFO:colcon.colcon_core.shell:Creating package script '/home/ram-user/ASDFR/src/ros2_nodes/install/asdfr_interfaces/share/asdfr_interfaces/package.zsh'
[1.308s] Level 1:colcon.colcon_core.environment:create_file_with_runtime_dependencies(/home/ram-user/ASDFR/src/ros2_nodes/install/asdfr_interfaces/share/colcon-core/packages/asdfr_interfaces)
[1.406s] Level 1:colcon.colcon_core.environment:create_environment_scripts_only(asdfr_interfaces)
[1.407s] Level 1:colcon.colcon_core.environment:checking '/home/ram-user/ASDFR/src/ros2_nodes/install/asdfr_interfaces' for CMake module files
[1.408s] Level 1:colcon.colcon_core.environment:checking '/home/ram-user/ASDFR/src/ros2_nodes/install/asdfr_interfaces' for CMake config files
[1.412s] Level 1:colcon.colcon_core.shell:create_environment_hook('asdfr_interfaces', 'cmake_prefix_path')
[1.414s] INFO:colcon.colcon_core.shell:Creating environment hook '/home/ram-user/ASDFR/src/ros2_nodes/install/asdfr_interfaces/share/asdfr_interfaces/hook/cmake_prefix_path.ps1'
[1.414s] INFO:colcon.colcon_core.shell:Creating environment descriptor '/home/ram-user/ASDFR/src/ros2_nodes/install/asdfr_interfaces/share/asdfr_interfaces/hook/cmake_prefix_path.dsv'
[1.414s] INFO:colcon.colcon_core.shell:Creating environment hook '/home/ram-user/ASDFR/src/ros2_nodes/install/asdfr_interfaces/share/asdfr_interfaces/hook/cmake_prefix_path.sh'
[1.415s] Level 1:colcon.colcon_core.environment:checking '/home/ram-user/ASDFR/src/ros2_nodes/install/asdfr_interfaces/lib'
[1.415s] Level 1:colcon.colcon_core.shell:create_environment_hook('asdfr_interfaces', 'ld_library_path_lib')
[1.417s] INFO:colcon.colcon_core.shell:Creating environment hook '/home/ram-user/ASDFR/src/ros2_nodes/install/asdfr_interfaces/share/asdfr_interfaces/hook/ld_library_path_lib.ps1'
[1.417s] INFO:colcon.colcon_core.shell:Creating environment descriptor '/home/ram-user/ASDFR/src/ros2_nodes/install/asdfr_interfaces/share/asdfr_interfaces/hook/ld_library_path_lib.dsv'
[1.419s] INFO:colcon.colcon_core.shell:Creating environment hook '/home/ram-user/ASDFR/src/ros2_nodes/install/asdfr_interfaces/share/asdfr_interfaces/hook/ld_library_path_lib.sh'
[1.419s] Level 1:colcon.colcon_core.environment:checking '/home/ram-user/ASDFR/src/ros2_nodes/install/asdfr_interfaces/bin'
[1.419s] Level 1:colcon.colcon_core.environment:checking '/home/ram-user/ASDFR/src/ros2_nodes/install/asdfr_interfaces/lib/pkgconfig/asdfr_interfaces.pc'
[1.420s] Level 1:colcon.colcon_core.environment:checking '/home/ram-user/ASDFR/src/ros2_nodes/install/asdfr_interfaces/lib/python3.10/site-packages'
[1.420s] Level 1:colcon.colcon_core.environment:checking '/home/ram-user/ASDFR/src/ros2_nodes/install/asdfr_interfaces/bin'
[1.421s] INFO:colcon.colcon_core.shell:Creating package script '/home/ram-user/ASDFR/src/ros2_nodes/install/asdfr_interfaces/share/asdfr_interfaces/package.ps1'
[1.421s] INFO:colcon.colcon_core.shell:Creating package descriptor '/home/ram-user/ASDFR/src/ros2_nodes/install/asdfr_interfaces/share/asdfr_interfaces/package.dsv'
[1.425s] INFO:colcon.colcon_core.shell:Creating package script '/home/ram-user/ASDFR/src/ros2_nodes/install/asdfr_interfaces/share/asdfr_interfaces/package.sh'
[1.425s] INFO:colcon.colcon_core.shell:Creating package script '/home/ram-user/ASDFR/src/ros2_nodes/install/asdfr_interfaces/share/asdfr_interfaces/package.bash'
[1.426s] INFO:colcon.colcon_core.shell:Creating package script '/home/ram-user/ASDFR/src/ros2_nodes/install/asdfr_interfaces/share/asdfr_interfaces/package.zsh'
[1.426s] Level 1:colcon.colcon_core.environment:create_file_with_runtime_dependencies(/home/ram-user/ASDFR/src/ros2_nodes/install/asdfr_interfaces/share/colcon-core/packages/asdfr_interfaces)
[1.427s] INFO:colcon.colcon_ros.task.ament_cmake.build:Building ROS package in '/home/ram-user/ASDFR/src/ros2_nodes/src/jiwy_controller' with build type 'ament_cmake'
[1.427s] INFO:colcon.colcon_cmake.task.cmake.build:Building CMake package in '/home/ram-user/ASDFR/src/ros2_nodes/src/jiwy_controller'
[1.428s] INFO:colcon.colcon_core.shell:Skip shell extension 'powershell' for command environment: Not usable outside of PowerShell
[1.428s] DEBUG:colcon.colcon_core.shell:Skip shell extension 'dsv' for command environment
[1.457s] INFO:colcon.colcon_ros.task.ament_cmake.build:Building ROS package in '/home/ram-user/ASDFR/src/ros2_nodes/src/jiwy_simulator' with build type 'ament_cmake'
[1.457s] INFO:colcon.colcon_cmake.task.cmake.build:Building CMake package in '/home/ram-user/ASDFR/src/ros2_nodes/src/jiwy_simulator'
[1.459s] INFO:colcon.colcon_core.shell:Skip shell extension 'powershell' for command environment: Not usable outside of PowerShell
[1.459s] DEBUG:colcon.colcon_core.shell:Skip shell extension 'dsv' for command environment
[1.486s] DEBUG:colcon.colcon_core.event_handler.log_command:Invoking command in '/home/ram-user/ASDFR/src/ros2_nodes/build/jiwy_controller': CMAKE_PREFIX_PATH=/home/ram-user/ASDFR/src/ros2_nodes/install/asdfr_interfaces:/home/ram-user/ASDFR/src/ros2_nodes/install/jiwy_simulator:/home/ram-user/ASDFR/src/ros2_nodes/install/jiwy_controller:/home/ram-user/ASDFR/install/jiwy_simulator:/home/ram-user/ASDFR/install/jiwy_controller:/home/ram-user/ASDFR/install/image_processing:/home/ram-user/ASDFR/install/asdfr_interfaces:/opt/ros/humble /usr/bin/cmake --build /home/ram-user/ASDFR/src/ros2_nodes/build/jiwy_controller -- -j2 -l2
[1.532s] DEBUG:colcon.colcon_core.event_handler.log_command:Invoking command in '/home/ram-user/ASDFR/src/ros2_nodes/build/jiwy_simulator': CMAKE_PREFIX_PATH=/home/ram-user/ASDFR/src/ros2_nodes/install/asdfr_interfaces:/home/ram-user/ASDFR/src/ros2_nodes/install/jiwy_simulator:/home/ram-user/ASDFR/src/ros2_nodes/install/jiwy_controller:/home/ram-user/ASDFR/install/jiwy_simulator:/home/ram-user/ASDFR/install/jiwy_controller:/home/ram-user/ASDFR/install/image_processing:/home/ram-user/ASDFR/install/asdfr_interfaces:/opt/ros/humble /usr/bin/cmake --build /home/ram-user/ASDFR/src/ros2_nodes/build/jiwy_simulator -- -j2 -l2
[1.846s] DEBUG:colcon.colcon_core.event_handler.log_command:Invoked command in '/home/ram-user/ASDFR/src/ros2_nodes/build/jiwy_simulator' returned '0': CMAKE_PREFIX_PATH=/home/ram-user/ASDFR/src/ros2_nodes/install/asdfr_interfaces:/home/ram-user/ASDFR/src/ros2_nodes/install/jiwy_simulator:/home/ram-user/ASDFR/src/ros2_nodes/install/jiwy_controller:/home/ram-user/ASDFR/install/jiwy_simulator:/home/ram-user/ASDFR/install/jiwy_controller:/home/ram-user/ASDFR/install/image_processing:/home/ram-user/ASDFR/install/asdfr_interfaces:/opt/ros/humble /usr/bin/cmake --build /home/ram-user/ASDFR/src/ros2_nodes/build/jiwy_simulator -- -j2 -l2
[2.119s] DEBUG:colcon.colcon_core.event_handler.log_command:Invoking command in '/home/ram-user/ASDFR/src/ros2_nodes/build/jiwy_simulator': CMAKE_PREFIX_PATH=/home/ram-user/ASDFR/src/ros2_nodes/install/asdfr_interfaces:/home/ram-user/ASDFR/src/ros2_nodes/install/jiwy_simulator:/home/ram-user/ASDFR/src/ros2_nodes/install/jiwy_controller:/home/ram-user/ASDFR/install/jiwy_simulator:/home/ram-user/ASDFR/install/jiwy_controller:/home/ram-user/ASDFR/install/image_processing:/home/ram-user/ASDFR/install/asdfr_interfaces:/opt/ros/humble /usr/bin/cmake --install /home/ram-user/ASDFR/src/ros2_nodes/build/jiwy_simulator
[2.141s] Level 1:colcon.colcon_core.environment:create_environment_scripts_only(jiwy_simulator)
[2.143s] Level 1:colcon.colcon_core.environment:checking '/home/ram-user/ASDFR/src/ros2_nodes/install/jiwy_simulator' for CMake module files
[2.144s] Level 1:colcon.colcon_core.environment:checking '/home/ram-user/ASDFR/src/ros2_nodes/install/jiwy_simulator' for CMake config files
[2.146s] Level 1:colcon.colcon_core.shell:create_environment_hook('jiwy_simulator', 'cmake_prefix_path')
[2.153s] INFO:colcon.colcon_core.shell:Creating environment hook '/home/ram-user/ASDFR/src/ros2_nodes/install/jiwy_simulator/share/jiwy_simulator/hook/cmake_prefix_path.ps1'
[2.153s] INFO:colcon.colcon_core.shell:Creating environment descriptor '/home/ram-user/ASDFR/src/ros2_nodes/install/jiwy_simulator/share/jiwy_simulator/hook/cmake_prefix_path.dsv'
[2.157s] INFO:colcon.colcon_core.shell:Creating environment hook '/home/ram-user/ASDFR/src/ros2_nodes/install/jiwy_simulator/share/jiwy_simulator/hook/cmake_prefix_path.sh'
[2.162s] Level 1:colcon.colcon_core.environment:checking '/home/ram-user/ASDFR/src/ros2_nodes/install/jiwy_simulator/lib'
[2.163s] Level 1:colcon.colcon_core.environment:checking '/home/ram-user/ASDFR/src/ros2_nodes/install/jiwy_simulator/bin'
[2.163s] Level 1:colcon.colcon_core.environment:checking '/home/ram-user/ASDFR/src/ros2_nodes/install/jiwy_simulator/lib/pkgconfig/jiwy_simulator.pc'
[2.163s] Level 1:colcon.colcon_core.environment:checking '/home/ram-user/ASDFR/src/ros2_nodes/install/jiwy_simulator/lib/python3.10/site-packages'
[2.163s] Level 1:colcon.colcon_core.environment:checking '/home/ram-user/ASDFR/src/ros2_nodes/install/jiwy_simulator/bin'
[2.165s] INFO:colcon.colcon_core.shell:Creating package script '/home/ram-user/ASDFR/src/ros2_nodes/install/jiwy_simulator/share/jiwy_simulator/package.ps1'
[2.165s] INFO:colcon.colcon_core.shell:Creating package descriptor '/home/ram-user/ASDFR/src/ros2_nodes/install/jiwy_simulator/share/jiwy_simulator/package.dsv'
[2.166s] INFO:colcon.colcon_core.shell:Creating package script '/home/ram-user/ASDFR/src/ros2_nodes/install/jiwy_simulator/share/jiwy_simulator/package.sh'
[2.166s] INFO:colcon.colcon_core.shell:Creating package script '/home/ram-user/ASDFR/src/ros2_nodes/install/jiwy_simulator/share/jiwy_simulator/package.bash'
[2.170s] DEBUG:colcon.colcon_core.event_handler.log_command:Invoked command in '/home/ram-user/ASDFR/src/ros2_nodes/build/jiwy_simulator' returned '0': CMAKE_PREFIX_PATH=/home/ram-user/ASDFR/src/ros2_nodes/install/asdfr_interfaces:/home/ram-user/ASDFR/src/ros2_nodes/install/jiwy_simulator:/home/ram-user/ASDFR/src/ros2_nodes/install/jiwy_controller:/home/ram-user/ASDFR/install/jiwy_simulator:/home/ram-user/ASDFR/install/jiwy_controller:/home/ram-user/ASDFR/install/image_processing:/home/ram-user/ASDFR/install/asdfr_interfaces:/opt/ros/humble /usr/bin/cmake --install /home/ram-user/ASDFR/src/ros2_nodes/build/jiwy_simulator
[2.173s] INFO:colcon.colcon_core.shell:Creating package script '/home/ram-user/ASDFR/src/ros2_nodes/install/jiwy_simulator/share/jiwy_simulator/package.zsh'
[2.181s] Level 1:colcon.colcon_core.environment:create_file_with_runtime_dependencies(/home/ram-user/ASDFR/src/ros2_nodes/install/jiwy_simulator/share/colcon-core/packages/jiwy_simulator)
[2.364s] Level 1:colcon.colcon_core.environment:create_environment_scripts_only(jiwy_simulator)
[2.366s] Level 1:colcon.colcon_core.environment:checking '/home/ram-user/ASDFR/src/ros2_nodes/install/jiwy_simulator' for CMake module files
[2.366s] Level 1:colcon.colcon_core.environment:checking '/home/ram-user/ASDFR/src/ros2_nodes/install/jiwy_simulator' for CMake config files
[2.367s] Level 1:colcon.colcon_core.shell:create_environment_hook('jiwy_simulator', 'cmake_prefix_path')
[2.368s] INFO:colcon.colcon_core.shell:Creating environment hook '/home/ram-user/ASDFR/src/ros2_nodes/install/jiwy_simulator/share/jiwy_simulator/hook/cmake_prefix_path.ps1'
[2.369s] INFO:colcon.colcon_core.shell:Creating environment descriptor '/home/ram-user/ASDFR/src/ros2_nodes/install/jiwy_simulator/share/jiwy_simulator/hook/cmake_prefix_path.dsv'
[2.371s] INFO:colcon.colcon_core.shell:Creating environment hook '/home/ram-user/ASDFR/src/ros2_nodes/install/jiwy_simulator/share/jiwy_simulator/hook/cmake_prefix_path.sh'
[2.377s] Level 1:colcon.colcon_core.environment:checking '/home/ram-user/ASDFR/src/ros2_nodes/install/jiwy_simulator/lib'
[2.377s] Level 1:colcon.colcon_core.environment:checking '/home/ram-user/ASDFR/src/ros2_nodes/install/jiwy_simulator/bin'
[2.377s] Level 1:colcon.colcon_core.environment:checking '/home/ram-user/ASDFR/src/ros2_nodes/install/jiwy_simulator/lib/pkgconfig/jiwy_simulator.pc'
[2.377s] Level 1:colcon.colcon_core.environment:checking '/home/ram-user/ASDFR/src/ros2_nodes/install/jiwy_simulator/lib/python3.10/site-packages'
[2.378s] Level 1:colcon.colcon_core.environment:checking '/home/ram-user/ASDFR/src/ros2_nodes/install/jiwy_simulator/bin'
[2.380s] INFO:colcon.colcon_core.shell:Creating package script '/home/ram-user/ASDFR/src/ros2_nodes/install/jiwy_simulator/share/jiwy_simulator/package.ps1'
[2.389s] INFO:colcon.colcon_core.shell:Creating package descriptor '/home/ram-user/ASDFR/src/ros2_nodes/install/jiwy_simulator/share/jiwy_simulator/package.dsv'
[2.393s] INFO:colcon.colcon_core.shell:Creating package script '/home/ram-user/ASDFR/src/ros2_nodes/install/jiwy_simulator/share/jiwy_simulator/package.sh'
[2.393s] INFO:colcon.colcon_core.shell:Creating package script '/home/ram-user/ASDFR/src/ros2_nodes/install/jiwy_simulator/share/jiwy_simulator/package.bash'
[2.395s] INFO:colcon.colcon_core.shell:Creating package script '/home/ram-user/ASDFR/src/ros2_nodes/install/jiwy_simulator/share/jiwy_simulator/package.zsh'
[2.396s] Level 1:colcon.colcon_core.environment:create_file_with_runtime_dependencies(/home/ram-user/ASDFR/src/ros2_nodes/install/jiwy_simulator/share/colcon-core/packages/jiwy_simulator)
[26.246s] DEBUG:colcon.colcon_core.event_handler.log_command:Invoked command in '/home/ram-user/ASDFR/src/ros2_nodes/build/jiwy_controller' returned '0': CMAKE_PREFIX_PATH=/home/ram-user/ASDFR/src/ros2_nodes/install/asdfr_interfaces:/home/ram-user/ASDFR/src/ros2_nodes/install/jiwy_simulator:/home/ram-user/ASDFR/src/ros2_nodes/install/jiwy_controller:/home/ram-user/ASDFR/install/jiwy_simulator:/home/ram-user/ASDFR/install/jiwy_controller:/home/ram-user/ASDFR/install/image_processing:/home/ram-user/ASDFR/install/asdfr_interfaces:/opt/ros/humble /usr/bin/cmake --build /home/ram-user/ASDFR/src/ros2_nodes/build/jiwy_controller -- -j2 -l2
[26.300s] DEBUG:colcon.colcon_core.event_handler.log_command:Invoking command in '/home/ram-user/ASDFR/src/ros2_nodes/build/jiwy_controller': CMAKE_PREFIX_PATH=/home/ram-user/ASDFR/src/ros2_nodes/install/asdfr_interfaces:/home/ram-user/ASDFR/src/ros2_nodes/install/jiwy_simulator:/home/ram-user/ASDFR/src/ros2_nodes/install/jiwy_controller:/home/ram-user/ASDFR/install/jiwy_simulator:/home/ram-user/ASDFR/install/jiwy_controller:/home/ram-user/ASDFR/install/image_processing:/home/ram-user/ASDFR/install/asdfr_interfaces:/opt/ros/humble /usr/bin/cmake --install /home/ram-user/ASDFR/src/ros2_nodes/build/jiwy_controller
[26.415s] Level 1:colcon.colcon_core.environment:create_environment_scripts_only(jiwy_controller)
[26.417s] Level 1:colcon.colcon_core.environment:checking '/home/ram-user/ASDFR/src/ros2_nodes/install/jiwy_controller' for CMake module files
[26.417s] Level 1:colcon.colcon_core.environment:checking '/home/ram-user/ASDFR/src/ros2_nodes/install/jiwy_controller' for CMake config files
[26.418s] Level 1:colcon.colcon_core.shell:create_environment_hook('jiwy_controller', 'cmake_prefix_path')
[26.419s] INFO:colcon.colcon_core.shell:Creating environment hook '/home/ram-user/ASDFR/src/ros2_nodes/install/jiwy_controller/share/jiwy_controller/hook/cmake_prefix_path.ps1'
[26.419s] DEBUG:colcon.colcon_core.event_handler.log_command:Invoked command in '/home/ram-user/ASDFR/src/ros2_nodes/build/jiwy_controller' returned '0': CMAKE_PREFIX_PATH=/home/ram-user/ASDFR/src/ros2_nodes/install/asdfr_interfaces:/home/ram-user/ASDFR/src/ros2_nodes/install/jiwy_simulator:/home/ram-user/ASDFR/src/ros2_nodes/install/jiwy_controller:/home/ram-user/ASDFR/install/jiwy_simulator:/home/ram-user/ASDFR/install/jiwy_controller:/home/ram-user/ASDFR/install/image_processing:/home/ram-user/ASDFR/install/asdfr_interfaces:/opt/ros/humble /usr/bin/cmake --install /home/ram-user/ASDFR/src/ros2_nodes/build/jiwy_controller
[26.437s] INFO:colcon.colcon_core.shell:Creating environment descriptor '/home/ram-user/ASDFR/src/ros2_nodes/install/jiwy_controller/share/jiwy_controller/hook/cmake_prefix_path.dsv'
[26.464s] INFO:colcon.colcon_core.shell:Creating environment hook '/home/ram-user/ASDFR/src/ros2_nodes/install/jiwy_controller/share/jiwy_controller/hook/cmake_prefix_path.sh'
[26.473s] Level 1:colcon.colcon_core.environment:checking '/home/ram-user/ASDFR/src/ros2_nodes/install/jiwy_controller/lib'
[26.473s] Level 1:colcon.colcon_core.environment:checking '/home/ram-user/ASDFR/src/ros2_nodes/install/jiwy_controller/bin'
[26.473s] Level 1:colcon.colcon_core.environment:checking '/home/ram-user/ASDFR/src/ros2_nodes/install/jiwy_controller/lib/pkgconfig/jiwy_controller.pc'
[26.473s] Level 1:colcon.colcon_core.environment:checking '/home/ram-user/ASDFR/src/ros2_nodes/install/jiwy_controller/lib/python3.10/site-packages'
[26.474s] Level 1:colcon.colcon_core.environment:checking '/home/ram-user/ASDFR/src/ros2_nodes/install/jiwy_controller/bin'
[26.475s] INFO:colcon.colcon_core.shell:Creating package script '/home/ram-user/ASDFR/src/ros2_nodes/install/jiwy_controller/share/jiwy_controller/package.ps1'
[26.479s] INFO:colcon.colcon_core.shell:Creating package descriptor '/home/ram-user/ASDFR/src/ros2_nodes/install/jiwy_controller/share/jiwy_controller/package.dsv'
[26.481s] INFO:colcon.colcon_core.shell:Creating package script '/home/ram-user/ASDFR/src/ros2_nodes/install/jiwy_controller/share/jiwy_controller/package.sh'
[26.484s] INFO:colcon.colcon_core.shell:Creating package script '/home/ram-user/ASDFR/src/ros2_nodes/install/jiwy_controller/share/jiwy_controller/package.bash'
[26.514s] INFO:colcon.colcon_core.shell:Creating package script '/home/ram-user/ASDFR/src/ros2_nodes/install/jiwy_controller/share/jiwy_controller/package.zsh'
[26.535s] Level 1:colcon.colcon_core.environment:create_file_with_runtime_dependencies(/home/ram-user/ASDFR/src/ros2_nodes/install/jiwy_controller/share/colcon-core/packages/jiwy_controller)
[26.576s] Level 1:colcon.colcon_core.environment:create_environment_scripts_only(jiwy_controller)
[26.578s] Level 1:colcon.colcon_core.environment:checking '/home/ram-user/ASDFR/src/ros2_nodes/install/jiwy_controller' for CMake module files
[26.579s] Level 1:colcon.colcon_core.environment:checking '/home/ram-user/ASDFR/src/ros2_nodes/install/jiwy_controller' for CMake config files
[26.579s] Level 1:colcon.colcon_core.shell:create_environment_hook('jiwy_controller', 'cmake_prefix_path')
[26.580s] INFO:colcon.colcon_core.shell:Creating environment hook '/home/ram-user/ASDFR/src/ros2_nodes/install/jiwy_controller/share/jiwy_controller/hook/cmake_prefix_path.ps1'
[26.581s] INFO:colcon.colcon_core.shell:Creating environment descriptor '/home/ram-user/ASDFR/src/ros2_nodes/install/jiwy_controller/share/jiwy_controller/hook/cmake_prefix_path.dsv'
[26.582s] INFO:colcon.colcon_core.shell:Creating environment hook '/home/ram-user/ASDFR/src/ros2_nodes/install/jiwy_controller/share/jiwy_controller/hook/cmake_prefix_path.sh'
[26.583s] Level 1:colcon.colcon_core.environment:checking '/home/ram-user/ASDFR/src/ros2_nodes/install/jiwy_controller/lib'
[26.583s] Level 1:colcon.colcon_core.environment:checking '/home/ram-user/ASDFR/src/ros2_nodes/install/jiwy_controller/bin'
[26.583s] Level 1:colcon.colcon_core.environment:checking '/home/ram-user/ASDFR/src/ros2_nodes/install/jiwy_controller/lib/pkgconfig/jiwy_controller.pc'
[26.583s] Level 1:colcon.colcon_core.environment:checking '/home/ram-user/ASDFR/src/ros2_nodes/install/jiwy_controller/lib/python3.10/site-packages'
[26.584s] Level 1:colcon.colcon_core.environment:checking '/home/ram-user/ASDFR/src/ros2_nodes/install/jiwy_controller/bin'
[26.585s] INFO:colcon.colcon_core.shell:Creating package script '/home/ram-user/ASDFR/src/ros2_nodes/install/jiwy_controller/share/jiwy_controller/package.ps1'
[26.586s] INFO:colcon.colcon_core.shell:Creating package descriptor '/home/ram-user/ASDFR/src/ros2_nodes/install/jiwy_controller/share/jiwy_controller/package.dsv'
[26.587s] INFO:colcon.colcon_core.shell:Creating package script '/home/ram-user/ASDFR/src/ros2_nodes/install/jiwy_controller/share/jiwy_controller/package.sh'
[26.587s] INFO:colcon.colcon_core.shell:Creating package script '/home/ram-user/ASDFR/src/ros2_nodes/install/jiwy_controller/share/jiwy_controller/package.bash'
[26.588s] INFO:colcon.colcon_core.shell:Creating package script '/home/ram-user/ASDFR/src/ros2_nodes/install/jiwy_controller/share/jiwy_controller/package.zsh'
[26.589s] Level 1:colcon.colcon_core.environment:create_file_with_runtime_dependencies(/home/ram-user/ASDFR/src/ros2_nodes/install/jiwy_controller/share/colcon-core/packages/jiwy_controller)
[26.591s] DEBUG:colcon.colcon_parallel_executor.executor.parallel:closing loop
[26.591s] DEBUG:colcon.colcon_parallel_executor.executor.parallel:loop closed
[26.592s] DEBUG:colcon.colcon_parallel_executor.executor.parallel:run_until_complete finished with '0'
[26.592s] DEBUG:colcon.colcon_core.event_reactor:joining thread
[26.727s] INFO:colcon.colcon_core.plugin_system:Skipping extension 'colcon_notification.desktop_notification.terminal_notifier': Not used on non-Darwin systems
[26.728s] INFO:colcon.colcon_core.plugin_system:Skipping extension 'colcon_notification.desktop_notification.win32': Not used on non-Windows systems
[26.728s] INFO:colcon.colcon_notification.desktop_notification:Sending desktop notification using 'notify2'
[26.821s] DEBUG:colcon.colcon_core.event_reactor:joined thread
[26.822s] INFO:colcon.colcon_core.shell:Creating prefix script '/home/ram-user/ASDFR/src/ros2_nodes/install/local_setup.ps1'
[26.833s] INFO:colcon.colcon_core.shell:Creating prefix util module '/home/ram-user/ASDFR/src/ros2_nodes/install/_local_setup_util_ps1.py'
[26.835s] INFO:colcon.colcon_core.shell:Creating prefix chain script '/home/ram-user/ASDFR/src/ros2_nodes/install/setup.ps1'
[26.837s] INFO:colcon.colcon_core.shell:Creating prefix script '/home/ram-user/ASDFR/src/ros2_nodes/install/local_setup.sh'
[26.838s] INFO:colcon.colcon_core.shell:Creating prefix util module '/home/ram-user/ASDFR/src/ros2_nodes/install/_local_setup_util_sh.py'
[26.839s] INFO:colcon.colcon_core.shell:Creating prefix chain script '/home/ram-user/ASDFR/src/ros2_nodes/install/setup.sh'
[26.841s] INFO:colcon.colcon_core.shell:Creating prefix script '/home/ram-user/ASDFR/src/ros2_nodes/install/local_setup.bash'
[26.844s] INFO:colcon.colcon_core.shell:Creating prefix chain script '/home/ram-user/ASDFR/src/ros2_nodes/install/setup.bash'
[26.846s] INFO:colcon.colcon_core.shell:Creating prefix script '/home/ram-user/ASDFR/src/ros2_nodes/install/local_setup.zsh'
[26.847s] INFO:colcon.colcon_core.shell:Creating prefix chain script '/home/ram-user/ASDFR/src/ros2_nodes/install/setup.zsh'
