[0.081s] Invoking command in '/home/ram-user/ASDFR/build/image_processing': CMAKE_PREFIX_PATH=${CMAKE_PREFIX_PATH}:/opt/ros/humble /usr/bin/cmake --build /home/ram-user/ASDFR/build/image_processing -- -j2 -l2
[0.219s] [ 25%] Built target grayscaler
[0.220s] [ 50%] Built target brightness_check
[0.267s] [35m[1mConsolidate compiler generated dependencies of target light_tracker[0m
[0.276s] [ 62%] [32mBuilding CXX object CMakeFiles/brightmask.dir/src/brightness_mask.cpp.o[0m
[0.287s] [ 87%] Built target light_tracker
[16.360s] [100%] [32m[1mLinking CXX executable brightmask[0m
[17.463s] [100%] Built target brightmask
[17.525s] Invoked command in '/home/ram-user/ASDFR/build/image_processing' returned '0': CMAKE_PREFIX_PATH=${CMAKE_PREFIX_PATH}:/opt/ros/humble /usr/bin/cmake --build /home/ram-user/ASDFR/build/image_processing -- -j2 -l2
[17.635s] Invoking command in '/home/ram-user/ASDFR/build/image_processing': CMAKE_PREFIX_PATH=${CMAKE_PREFIX_PATH}:/opt/ros/humble /usr/bin/cmake --install /home/ram-user/ASDFR/build/image_processing
[17.636s] -- Install configuration: ""
[17.636s] -- Up-to-date: /home/ram-user/ASDFR/install/image_processing/lib/image_processing/brightness_check
[17.636s] -- Up-to-date: /home/ram-user/ASDFR/install/image_processing/lib/image_processing/grayscaler
[17.636s] -- Installing: /home/ram-user/ASDFR/install/image_processing/lib/image_processing/brightmask
[17.636s] -- Set runtime path of "/home/ram-user/ASDFR/install/image_processing/lib/image_processing/brightmask" to ""
[17.636s] -- Up-to-date: /home/ram-user/ASDFR/install/image_processing/lib/image_processing/light_tracker
[17.636s] -- Up-to-date: /home/ram-user/ASDFR/install/image_processing/share/ament_index/resource_index/package_run_dependencies/image_processing
[17.636s] -- Up-to-date: /home/ram-user/ASDFR/install/image_processing/share/ament_index/resource_index/parent_prefix_path/image_processing
[17.636s] -- Up-to-date: /home/ram-user/ASDFR/install/image_processing/share/image_processing/environment/ament_prefix_path.sh
[17.636s] -- Up-to-date: /home/ram-user/ASDFR/install/image_processing/share/image_processing/environment/ament_prefix_path.dsv
[17.636s] -- Up-to-date: /home/ram-user/ASDFR/install/image_processing/share/image_processing/environment/path.sh
[17.636s] -- Up-to-date: /home/ram-user/ASDFR/install/image_processing/share/image_processing/environment/path.dsv
[17.636s] -- Up-to-date: /home/ram-user/ASDFR/install/image_processing/share/image_processing/local_setup.bash
[17.637s] -- Up-to-date: /home/ram-user/ASDFR/install/image_processing/share/image_processing/local_setup.sh
[17.637s] -- Up-to-date: /home/ram-user/ASDFR/install/image_processing/share/image_processing/local_setup.zsh
[17.637s] -- Up-to-date: /home/ram-user/ASDFR/install/image_processing/share/image_processing/local_setup.dsv
[17.638s] -- Installing: /home/ram-user/ASDFR/install/image_processing/share/image_processing/package.dsv
[17.639s] -- Up-to-date: /home/ram-user/ASDFR/install/image_processing/share/ament_index/resource_index/packages/image_processing
[17.639s] -- Up-to-date: /home/ram-user/ASDFR/install/image_processing/share/image_processing/cmake/image_processingConfig.cmake
[17.639s] -- Up-to-date: /home/ram-user/ASDFR/install/image_processing/share/image_processing/cmake/image_processingConfig-version.cmake
[17.639s] -- Up-to-date: /home/ram-user/ASDFR/install/image_processing/share/image_processing/package.xml
[17.639s] Invoked command in '/home/ram-user/ASDFR/build/image_processing' returned '0': CMAKE_PREFIX_PATH=${CMAKE_PREFIX_PATH}:/opt/ros/humble /usr/bin/cmake --install /home/ram-user/ASDFR/build/image_processing
