[0.100s] Invoking command in '/home/ram-user/ASDFR/src/ros2_nodes/src/build/jiwy_simulator': AMENT_PREFIX_PATH=/home/ram-user/ASDFR/src/ros2_nodes/src/install/asdfr_interfaces:${AMENT_PREFIX_PATH} CMAKE_PREFIX_PATH=/home/ram-user/ASDFR/src/ros2_nodes/src/install/asdfr_interfaces:/opt/ros/humble LD_LIBRARY_PATH=/home/ram-user/ASDFR/src/ros2_nodes/src/install/asdfr_interfaces/lib:${LD_LIBRARY_PATH} PYTHONPATH=/home/ram-user/ASDFR/src/ros2_nodes/src/install/asdfr_interfaces/local/lib/python3.10/dist-packages:${PYTHONPATH} /usr/bin/cmake --build /home/ram-user/ASDFR/src/ros2_nodes/src/build/jiwy_simulator -- -j2 -l2
[0.227s] -- Found ament_cmake: 1.3.3 (/opt/ros/humble/share/ament_cmake/cmake)
[0.834s] -- Found rclcpp: 16.0.3 (/opt/ros/humble/share/rclcpp/cmake)
[0.967s] -- Found rosidl_generator_c: 3.1.4 (/opt/ros/humble/share/rosidl_generator_c/cmake)
[0.979s] -- Found rosidl_adapter: 3.1.4 (/opt/ros/humble/share/rosidl_adapter/cmake)
[1.004s] -- Found rosidl_generator_cpp: 3.1.4 (/opt/ros/humble/share/rosidl_generator_cpp/cmake)
[1.037s] -- Using all available rosidl_typesupport_c: rosidl_typesupport_fastrtps_c;rosidl_typesupport_introspection_c
[1.114s] -- Using all available rosidl_typesupport_cpp: rosidl_typesupport_fastrtps_cpp;rosidl_typesupport_introspection_cpp
[1.364s] -- Found rmw_implementation_cmake: 6.1.1 (/opt/ros/humble/share/rmw_implementation_cmake/cmake)
[1.370s] -- Found rmw_fastrtps_cpp: 6.2.2 (/opt/ros/humble/share/rmw_fastrtps_cpp/cmake)
[1.817s] -- Using RMW implementation 'rmw_fastrtps_cpp' as default
[2.387s] -- Found sensor_msgs: 4.2.3 (/opt/ros/humble/share/sensor_msgs/cmake)
[2.788s] -- Found asdfr_interfaces: 0.0.0 (/home/ram-user/ASDFR/src/ros2_nodes/src/install/asdfr_interfaces/share/asdfr_interfaces/cmake)
[2.826s] -- Found ament_lint_auto: 0.12.5 (/opt/ros/humble/share/ament_lint_auto/cmake)
[3.015s] -- Added test 'copyright' to check source files copyright and LICENSE
[3.023s] -- Added test 'cppcheck' to perform static code analysis on C / C++ code
[3.023s] -- Configured cppcheck include dirs: $<BUILD_INTERFACE:/home/ram-user/ASDFR/src/ros2_nodes/src/jiwy_simulator/include>
[3.023s] -- Configured cppcheck exclude dirs and/or files: 
[3.034s] -- Added test 'cpplint' to check C / C++ code against the Google style
[3.034s] -- Configured cpplint exclude dirs and/or files: 
[3.034s] -- Added test 'lint_cmake' to check CMake code style
[3.034s] -- Added test 'uncrustify' to check C / C++ code style
[3.034s] -- Configured uncrustify additional arguments: 
[3.035s] -- Added test 'xmllint' to check XML markup files
[3.044s] -- Configuring done
[3.145s] -- Generating done
[3.150s] -- Build files have been written to: /home/ram-user/ASDFR/src/ros2_nodes/src/build/jiwy_simulator
[3.486s] [35m[1mConsolidate compiler generated dependencies of target jiwy_simulator[0m
[3.568s] [100%] Built target jiwy_simulator
[3.615s] Invoked command in '/home/ram-user/ASDFR/src/ros2_nodes/src/build/jiwy_simulator' returned '0': AMENT_PREFIX_PATH=/home/ram-user/ASDFR/src/ros2_nodes/src/install/asdfr_interfaces:${AMENT_PREFIX_PATH} CMAKE_PREFIX_PATH=/home/ram-user/ASDFR/src/ros2_nodes/src/install/asdfr_interfaces:/opt/ros/humble LD_LIBRARY_PATH=/home/ram-user/ASDFR/src/ros2_nodes/src/install/asdfr_interfaces/lib:${LD_LIBRARY_PATH} PYTHONPATH=/home/ram-user/ASDFR/src/ros2_nodes/src/install/asdfr_interfaces/local/lib/python3.10/dist-packages:${PYTHONPATH} /usr/bin/cmake --build /home/ram-user/ASDFR/src/ros2_nodes/src/build/jiwy_simulator -- -j2 -l2
[3.750s] Invoking command in '/home/ram-user/ASDFR/src/ros2_nodes/src/build/jiwy_simulator': AMENT_PREFIX_PATH=/home/ram-user/ASDFR/src/ros2_nodes/src/install/asdfr_interfaces:${AMENT_PREFIX_PATH} CMAKE_PREFIX_PATH=/home/ram-user/ASDFR/src/ros2_nodes/src/install/asdfr_interfaces:/opt/ros/humble LD_LIBRARY_PATH=/home/ram-user/ASDFR/src/ros2_nodes/src/install/asdfr_interfaces/lib:${LD_LIBRARY_PATH} PYTHONPATH=/home/ram-user/ASDFR/src/ros2_nodes/src/install/asdfr_interfaces/local/lib/python3.10/dist-packages:${PYTHONPATH} /usr/bin/cmake --install /home/ram-user/ASDFR/src/ros2_nodes/src/build/jiwy_simulator
[3.784s] -- Install configuration: ""
[3.784s] -- Up-to-date: /home/ram-user/ASDFR/src/ros2_nodes/src/install/jiwy_simulator/lib/jiwy_simulator/jiwy_simulator
[3.785s] -- Up-to-date: /home/ram-user/ASDFR/src/ros2_nodes/src/install/jiwy_simulator/share/ament_index/resource_index/package_run_dependencies/jiwy_simulator
[3.786s] -- Installing: /home/ram-user/ASDFR/src/ros2_nodes/src/install/jiwy_simulator/share/ament_index/resource_index/parent_prefix_path/jiwy_simulator
[3.786s] -- Up-to-date: /home/ram-user/ASDFR/src/ros2_nodes/src/install/jiwy_simulator/share/jiwy_simulator/environment/ament_prefix_path.sh
[3.787s] -- Installing: /home/ram-user/ASDFR/src/ros2_nodes/src/install/jiwy_simulator/share/jiwy_simulator/environment/ament_prefix_path.dsv
[3.792s] -- Up-to-date: /home/ram-user/ASDFR/src/ros2_nodes/src/install/jiwy_simulator/share/jiwy_simulator/environment/path.sh
[3.793s] -- Installing: /home/ram-user/ASDFR/src/ros2_nodes/src/install/jiwy_simulator/share/jiwy_simulator/environment/path.dsv
[3.798s] -- Up-to-date: /home/ram-user/ASDFR/src/ros2_nodes/src/install/jiwy_simulator/share/jiwy_simulator/local_setup.bash
[3.800s] -- Up-to-date: /home/ram-user/ASDFR/src/ros2_nodes/src/install/jiwy_simulator/share/jiwy_simulator/local_setup.sh
[3.800s] -- Up-to-date: /home/ram-user/ASDFR/src/ros2_nodes/src/install/jiwy_simulator/share/jiwy_simulator/local_setup.zsh
[3.800s] -- Installing: /home/ram-user/ASDFR/src/ros2_nodes/src/install/jiwy_simulator/share/jiwy_simulator/local_setup.dsv
[3.801s] -- Installing: /home/ram-user/ASDFR/src/ros2_nodes/src/install/jiwy_simulator/share/jiwy_simulator/package.dsv
[3.806s] -- Up-to-date: /home/ram-user/ASDFR/src/ros2_nodes/src/install/jiwy_simulator/share/ament_index/resource_index/packages/jiwy_simulator
[3.806s] -- Up-to-date: /home/ram-user/ASDFR/src/ros2_nodes/src/install/jiwy_simulator/share/jiwy_simulator/cmake/jiwy_simulatorConfig.cmake
[3.807s] -- Up-to-date: /home/ram-user/ASDFR/src/ros2_nodes/src/install/jiwy_simulator/share/jiwy_simulator/cmake/jiwy_simulatorConfig-version.cmake
[3.807s] -- Up-to-date: /home/ram-user/ASDFR/src/ros2_nodes/src/install/jiwy_simulator/share/jiwy_simulator/package.xml
[3.807s] -- Up-to-date: /home/ram-user/ASDFR/src/ros2_nodes/src/install/jiwy_simulator/share/jiwy_simulator/
[3.815s] Invoked command in '/home/ram-user/ASDFR/src/ros2_nodes/src/build/jiwy_simulator' returned '0': AMENT_PREFIX_PATH=/home/ram-user/ASDFR/src/ros2_nodes/src/install/asdfr_interfaces:${AMENT_PREFIX_PATH} CMAKE_PREFIX_PATH=/home/ram-user/ASDFR/src/ros2_nodes/src/install/asdfr_interfaces:/opt/ros/humble LD_LIBRARY_PATH=/home/ram-user/ASDFR/src/ros2_nodes/src/install/asdfr_interfaces/lib:${LD_LIBRARY_PATH} PYTHONPATH=/home/ram-user/ASDFR/src/ros2_nodes/src/install/asdfr_interfaces/local/lib/python3.10/dist-packages:${PYTHONPATH} /usr/bin/cmake --install /home/ram-user/ASDFR/src/ros2_nodes/src/build/jiwy_simulator
