[0.046s] Invoking command in '/home/ram-user/ASDFR/src/build/jiwy_simulator': CMAKE_PREFIX_PATH=/home/ram-user/ASDFR/src/install/asdfr_interfaces:/home/ram-user/ASDFR/src/install/jiwy_simulator:/home/ram-user/ASDFR/src/install/jiwy_controller:/home/ram-user/ASDFR/src/install/image_processing:/opt/ros/humble /usr/bin/cmake --build /home/ram-user/ASDFR/src/build/jiwy_simulator -- -j2 -l2
[0.261s] [100%] Built target jiwy_simulator
[0.321s] Invoked command in '/home/ram-user/ASDFR/src/build/jiwy_simulator' returned '0': CMAKE_PREFIX_PATH=/home/ram-user/ASDFR/src/install/asdfr_interfaces:/home/ram-user/ASDFR/src/install/jiwy_simulator:/home/ram-user/ASDFR/src/install/jiwy_controller:/home/ram-user/ASDFR/src/install/image_processing:/opt/ros/humble /usr/bin/cmake --build /home/ram-user/ASDFR/src/build/jiwy_simulator -- -j2 -l2
[0.449s] Invoking command in '/home/ram-user/ASDFR/src/build/jiwy_simulator': CMAKE_PREFIX_PATH=/home/ram-user/ASDFR/src/install/asdfr_interfaces:/home/ram-user/ASDFR/src/install/jiwy_simulator:/home/ram-user/ASDFR/src/install/jiwy_controller:/home/ram-user/ASDFR/src/install/image_processing:/opt/ros/humble /usr/bin/cmake --install /home/ram-user/ASDFR/src/build/jiwy_simulator
[0.469s] -- Install configuration: ""
[0.470s] -- Up-to-date: /home/ram-user/ASDFR/src/install/jiwy_simulator/lib/jiwy_simulator/jiwy_simulator
[0.471s] -- Up-to-date: /home/ram-user/ASDFR/src/install/jiwy_simulator/share/ament_index/resource_index/package_run_dependencies/jiwy_simulator
[0.471s] -- Up-to-date: /home/ram-user/ASDFR/src/install/jiwy_simulator/share/ament_index/resource_index/parent_prefix_path/jiwy_simulator
[0.472s] -- Up-to-date: /home/ram-user/ASDFR/src/install/jiwy_simulator/share/jiwy_simulator/environment/ament_prefix_path.sh
[0.473s] -- Up-to-date: /home/ram-user/ASDFR/src/install/jiwy_simulator/share/jiwy_simulator/environment/ament_prefix_path.dsv
[0.474s] -- Up-to-date: /home/ram-user/ASDFR/src/install/jiwy_simulator/share/jiwy_simulator/environment/path.sh
[0.474s] -- Up-to-date: /home/ram-user/ASDFR/src/install/jiwy_simulator/share/jiwy_simulator/environment/path.dsv
[0.475s] -- Up-to-date: /home/ram-user/ASDFR/src/install/jiwy_simulator/share/jiwy_simulator/local_setup.bash
[0.476s] -- Up-to-date: /home/ram-user/ASDFR/src/install/jiwy_simulator/share/jiwy_simulator/local_setup.sh
[0.476s] -- Up-to-date: /home/ram-user/ASDFR/src/install/jiwy_simulator/share/jiwy_simulator/local_setup.zsh
[0.482s] -- Up-to-date: /home/ram-user/ASDFR/src/install/jiwy_simulator/share/jiwy_simulator/local_setup.dsv
[0.482s] -- Installing: /home/ram-user/ASDFR/src/install/jiwy_simulator/share/jiwy_simulator/package.dsv
[0.483s] -- Up-to-date: /home/ram-user/ASDFR/src/install/jiwy_simulator/share/ament_index/resource_index/packages/jiwy_simulator
[0.483s] -- Up-to-date: /home/ram-user/ASDFR/src/install/jiwy_simulator/share/jiwy_simulator/cmake/jiwy_simulatorConfig.cmake
[0.483s] -- Up-to-date: /home/ram-user/ASDFR/src/install/jiwy_simulator/share/jiwy_simulator/cmake/jiwy_simulatorConfig-version.cmake
[0.483s] -- Up-to-date: /home/ram-user/ASDFR/src/install/jiwy_simulator/share/jiwy_simulator/package.xml
[0.483s] -- Up-to-date: /home/ram-user/ASDFR/src/install/jiwy_simulator/share/jiwy_simulator/
[0.527s] Invoked command in '/home/ram-user/ASDFR/src/build/jiwy_simulator' returned '0': CMAKE_PREFIX_PATH=/home/ram-user/ASDFR/src/install/asdfr_interfaces:/home/ram-user/ASDFR/src/install/jiwy_simulator:/home/ram-user/ASDFR/src/install/jiwy_controller:/home/ram-user/ASDFR/src/install/image_processing:/opt/ros/humble /usr/bin/cmake --install /home/ram-user/ASDFR/src/build/jiwy_simulator
