[ 25%] Built target grayscaler
[ 50%] Built target brightness_check
[ 75%] Built target brightmask
[35m[1mConsolidate compiler generated dependencies of target light_tracker[0m
[100%] Built target light_tracker
-- Install configuration: ""
-- Up-to-date: /home/ram-user/ASDFR/install/image_processing/lib/image_processing/brightness_check
-- Up-to-date: /home/ram-user/ASDFR/install/image_processing/lib/image_processing/grayscaler
-- Up-to-date: /home/ram-user/ASDFR/install/image_processing/lib/image_processing/brightmask
-- Up-to-date: /home/ram-user/ASDFR/install/image_processing/lib/image_processing/light_tracker
-- Up-to-date: /home/ram-user/ASDFR/install/image_processing/share/ament_index/resource_index/package_run_dependencies/image_processing
-- Up-to-date: /home/ram-user/ASDFR/install/image_processing/share/ament_index/resource_index/parent_prefix_path/image_processing
-- Up-to-date: /home/ram-user/ASDFR/install/image_processing/share/image_processing/environment/ament_prefix_path.sh
-- Up-to-date: /home/ram-user/ASDFR/install/image_processing/share/image_processing/environment/ament_prefix_path.dsv
-- Up-to-date: /home/ram-user/ASDFR/install/image_processing/share/image_processing/environment/path.sh
-- Up-to-date: /home/ram-user/ASDFR/install/image_processing/share/image_processing/environment/path.dsv
-- Up-to-date: /home/ram-user/ASDFR/install/image_processing/share/image_processing/local_setup.bash
-- Up-to-date: /home/ram-user/ASDFR/install/image_processing/share/image_processing/local_setup.sh
-- Up-to-date: /home/ram-user/ASDFR/install/image_processing/share/image_processing/local_setup.zsh
-- Up-to-date: /home/ram-user/ASDFR/install/image_processing/share/image_processing/local_setup.dsv
-- Installing: /home/ram-user/ASDFR/install/image_processing/share/image_processing/package.dsv
-- Up-to-date: /home/ram-user/ASDFR/install/image_processing/share/ament_index/resource_index/packages/image_processing
-- Up-to-date: /home/ram-user/ASDFR/install/image_processing/share/image_processing/cmake/image_processingConfig.cmake
-- Up-to-date: /home/ram-user/ASDFR/install/image_processing/share/image_processing/cmake/image_processingConfig-version.cmake
-- Up-to-date: /home/ram-user/ASDFR/install/image_processing/share/image_processing/package.xml
