[0.013s] Invoking command in '/home/ram-user/ASDFR/build/image_processing': CMAKE_PREFIX_PATH=${CMAKE_PREFIX_PATH}:/opt/ros/humble /usr/bin/cmake --build /home/ram-user/ASDFR/build/image_processing -- -j2 -l2
[0.072s] [ 20%] Built target grayscaler
[0.073s] [ 40%] Built target brightness_check
[0.101s] [ 60%] Built target light_tracker
[0.103s] [ 80%] Built target brightmask
[0.112s] [35m[1mConsolidate compiler generated dependencies of target SimpleSub[0m
[0.139s] [ 90%] [32mBuilding CXX object CMakeFiles/SimpleSub.dir/src/SimpleSub.cpp.o[0m
[2.583s] In file included from [01m[K/opt/ros/humble/include/rclcpp/rclcpp/logging.hpp:24[m[K,
[2.583s]                  from [01m[K/opt/ros/humble/include/rclcpp/rclcpp/client.hpp:40[m[K,
[2.583s]                  from [01m[K/opt/ros/humble/include/rclcpp/rclcpp/callback_group.hpp:24[m[K,
[2.583s]                  from [01m[K/opt/ros/humble/include/rclcpp/rclcpp/any_executable.hpp:20[m[K,
[2.584s]                  from [01m[K/opt/ros/humble/include/rclcpp/rclcpp/memory_strategy.hpp:25[m[K,
[2.584s]                  from [01m[K/opt/ros/humble/include/rclcpp/rclcpp/memory_strategies.hpp:18[m[K,
[2.584s]                  from [01m[K/opt/ros/humble/include/rclcpp/rclcpp/executor_options.hpp:20[m[K,
[2.584s]                  from [01m[K/opt/ros/humble/include/rclcpp/rclcpp/executor.hpp:37[m[K,
[2.584s]                  from [01m[K/opt/ros/humble/include/rclcpp/rclcpp/executors/multi_threaded_executor.hpp:25[m[K,
[2.584s]                  from [01m[K/opt/ros/humble/include/rclcpp/rclcpp/executors.hpp:21[m[K,
[2.584s]                  from [01m[K/opt/ros/humble/include/rclcpp/rclcpp/rclcpp.hpp:155[m[K,
[2.584s]                  from [01m[K/home/ram-user/ASDFR/src/image_processing/src/SimpleSub.cpp:3[m[K:
[2.584s] [01m[K/home/ram-user/ASDFR/src/image_processing/src/SimpleSub.cpp:[m[K In member function ‘[01m[Kvoid MinimalSubscriber::topic_callback(geometry_msgs::msg::Pose2D_<std::allocator<void> >::SharedPtr) const[m[K’:
[2.584s] [01m[K/home/ram-user/ASDFR/src/image_processing/src/SimpleSub.cpp:22:39:[m[K [01;31m[Kerror: [m[Kcannot convert ‘[01m[Kconst SharedPtr[m[K’ {aka ‘[01m[Kconst std::shared_ptr<geometry_msgs::msg::Pose2D_<std::allocator<void> > >[m[K’} to ‘[01m[Kconst char*[m[K’
[2.584s]    22 |       RCLCPP_INFO(this->get_logger(), [01;31m[Kmsg[m[K);
[2.584s]       |                                       [01;31m[K^~~[m[K
[2.584s]       |                                       [01;31m[K|[m[K
[2.585s]       |                                       [01;31m[Kconst SharedPtr {aka const std::shared_ptr<geometry_msgs::msg::Pose2D_<std::allocator<void> > >}[m[K
[2.585s] In file included from [01m[K/opt/ros/humble/include/rmw/rmw/types.h:28[m[K,
[2.585s]                  from [01m[K/opt/ros/humble/include/rcl/rcl/types.h:20[m[K,
[2.585s]                  from [01m[K/opt/ros/humble/include/rcl/rcl/log_level.h:22[m[K,
[2.585s]                  from [01m[K/opt/ros/humble/include/rcl/rcl/arguments.h:21[m[K,
[2.585s]                  from [01m[K/opt/ros/humble/include/rcl/rcl/context.h:28[m[K,
[2.585s]                  from [01m[K/opt/ros/humble/include/rcl/rcl/guard_condition.h:26[m[K,
[2.585s]                  from [01m[K/opt/ros/humble/include/rclcpp/rclcpp/executor.hpp:30[m[K,
[2.585s]                  from [01m[K/opt/ros/humble/include/rclcpp/rclcpp/executors/multi_threaded_executor.hpp:25[m[K,
[2.586s]                  from [01m[K/opt/ros/humble/include/rclcpp/rclcpp/executors.hpp:21[m[K,
[2.586s]                  from [01m[K/opt/ros/humble/include/rclcpp/rclcpp/rclcpp.hpp:155[m[K,
[2.586s]                  from [01m[K/home/ram-user/ASDFR/src/image_processing/src/SimpleSub.cpp:3[m[K:
[2.586s] [01m[K/opt/ros/humble/include/rcutils/rcutils/logging.h:479:16:[m[K [01;36m[Knote: [m[K  initializing argument 4 of ‘[01m[Kvoid rcutils_log(const rcutils_log_location_t*, int, const char*, const char*, ...)[m[K’
[2.586s]   479 |   [01;36m[Kconst char * format[m[K,
[2.586s]       |   [01;36m[K~~~~~~~~~~~~~^~~~~~[m[K
[5.194s] gmake[2]: *** [CMakeFiles/SimpleSub.dir/build.make:76: CMakeFiles/SimpleSub.dir/src/SimpleSub.cpp.o] Error 1
[5.196s] gmake[1]: *** [CMakeFiles/Makefile2:249: CMakeFiles/SimpleSub.dir/all] Error 2
[5.197s] gmake: *** [Makefile:146: all] Error 2
[5.198s] Invoked command in '/home/ram-user/ASDFR/build/image_processing' returned '2': CMAKE_PREFIX_PATH=${CMAKE_PREFIX_PATH}:/opt/ros/humble /usr/bin/cmake --build /home/ram-user/ASDFR/build/image_processing -- -j2 -l2
