[0.255s] Invoking command in '/home/ram-user/ASDFR/src/ros2_nodes/src/build/asdfr_interfaces': CMAKE_PREFIX_PATH=${CMAKE_PREFIX_PATH}:/opt/ros/humble /usr/bin/cmake /home/ram-user/ASDFR/src/ros2_nodes/src/asdfr_interfaces -DCMAKE_INSTALL_PREFIX=/home/ram-user/ASDFR/src/ros2_nodes/src/install/asdfr_interfaces
[3.707s] -- The C compiler identification is GNU 11.3.0
[4.420s] -- The CXX compiler identification is GNU 11.3.0
[4.526s] -- Detecting C compiler ABI info
[4.788s] -- Detecting C compiler ABI info - done
[4.793s] -- Check for working C compiler: /usr/bin/cc - skipped
[4.795s] -- Detecting C compile features
[4.805s] -- Detecting C compile features - done
[4.814s] -- Detecting CXX compiler ABI info
[4.962s] -- Detecting CXX compiler ABI info - done
[4.968s] -- Check for working CXX compiler: /usr/bin/c++ - skipped
[4.968s] -- Detecting CXX compile features
[4.969s] -- Detecting CXX compile features - done
[5.163s] -- Found ament_cmake: 1.3.3 (/opt/ros/humble/share/ament_cmake/cmake)
[5.652s] -- Found Python3: /usr/bin/python3.10 (found version "3.10.6") found components: Interpreter 
[6.105s] -- Found rosidl_default_generators: 1.2.0 (/opt/ros/humble/share/rosidl_default_generators/cmake)
[6.249s] -- Using all available rosidl_typesupport_c: rosidl_typesupport_fastrtps_c;rosidl_typesupport_introspection_c
[6.294s] -- Found rosidl_adapter: 3.1.4 (/opt/ros/humble/share/rosidl_adapter/cmake)
[6.591s] -- Using all available rosidl_typesupport_cpp: rosidl_typesupport_fastrtps_cpp;rosidl_typesupport_introspection_cpp
[7.203s] -- Found ament_cmake_ros: 0.10.0 (/opt/ros/humble/share/ament_cmake_ros/cmake)
[7.446s] -- Using all available rosidl_typesupport_c: rosidl_typesupport_fastrtps_c;rosidl_typesupport_introspection_c
[7.724s] -- Using all available rosidl_typesupport_cpp: rosidl_typesupport_fastrtps_cpp;rosidl_typesupport_introspection_cpp
[7.776s] -- Found PythonInterp: /usr/bin/python3 (found suitable version "3.10.6", minimum required is "3.6") 
[7.782s] -- Found python_cmake_module: 0.10.0 (/opt/ros/humble/share/python_cmake_module/cmake)
[7.931s] -- Found PythonLibs: /usr/lib/x86_64-linux-gnu/libpython3.10.so (found suitable version "3.10.6", minimum required is "3.5") 
[7.931s] -- Using PYTHON_EXECUTABLE: /usr/bin/python3
[7.931s] -- Using PYTHON_INCLUDE_DIRS: /usr/include/python3.10
[7.932s] -- Using PYTHON_LIBRARIES: /usr/lib/x86_64-linux-gnu/libpython3.10.so
[7.951s] -- Found PythonExtra: .so  
[7.996s] -- Found ament_lint_auto: 0.12.5 (/opt/ros/humble/share/ament_lint_auto/cmake)
[8.158s] -- Added test 'copyright' to check source files copyright and LICENSE
[8.172s] -- Added test 'lint_cmake' to check CMake code style
[8.175s] -- Added test 'xmllint' to check XML markup files
[8.180s] -- Configuring done
[8.301s] -- Generating done
[8.304s] -- Build files have been written to: /home/ram-user/ASDFR/src/ros2_nodes/src/build/asdfr_interfaces
[8.317s] Invoked command in '/home/ram-user/ASDFR/src/ros2_nodes/src/build/asdfr_interfaces' returned '0': CMAKE_PREFIX_PATH=${CMAKE_PREFIX_PATH}:/opt/ros/humble /usr/bin/cmake /home/ram-user/ASDFR/src/ros2_nodes/src/asdfr_interfaces -DCMAKE_INSTALL_PREFIX=/home/ram-user/ASDFR/src/ros2_nodes/src/install/asdfr_interfaces
[8.317s] Invoking command in '/home/ram-user/ASDFR/src/ros2_nodes/src/build/asdfr_interfaces': CMAKE_PREFIX_PATH=${CMAKE_PREFIX_PATH}:/opt/ros/humble /usr/bin/cmake --build /home/ram-user/ASDFR/src/ros2_nodes/src/build/asdfr_interfaces -- -j2 -l2
[8.387s] [  3%] [34m[1mGenerating C++ code for ROS interfaces[0m
[8.885s] [  3%] Built target asdfr_interfaces__cpp
[8.904s] [  6%] [34m[1mGenerating C code for ROS interfaces[0m
[9.386s] [  9%] [32mBuilding C object CMakeFiles/asdfr_interfaces__rosidl_generator_c.dir/rosidl_generator_c/asdfr_interfaces/msg/detail/point2__functions.c.o[0m
[10.426s] [ 12%] [32m[1mLinking C shared library libasdfr_interfaces__rosidl_generator_c.so[0m
[10.650s] [ 12%] Built target asdfr_interfaces__rosidl_generator_c
[10.676s] [ 12%] Built target ament_cmake_python_copy_asdfr_interfaces
[10.697s] [ 16%] [34m[1mGenerating C++ type support dispatch for ROS interfaces[0m
[11.029s] [ 19%] [32mBuilding CXX object CMakeFiles/asdfr_interfaces__rosidl_typesupport_cpp.dir/rosidl_typesupport_cpp/asdfr_interfaces/msg/point2__type_support.cpp.o[0m
[12.249s] [ 22%] [32m[1mLinking CXX shared library libasdfr_interfaces__rosidl_typesupport_cpp.so[0m
[12.367s] [ 22%] Built target asdfr_interfaces__rosidl_typesupport_cpp
[12.376s] [ 25%] [34m[1mGenerating C type support for eProsima Fast-RTPS[0m
[12.747s] [ 29%] [32mBuilding CXX object CMakeFiles/asdfr_interfaces__rosidl_typesupport_fastrtps_c.dir/rosidl_typesupport_fastrtps_c/asdfr_interfaces/msg/detail/point2__type_support_c.cpp.o[0m
[13.229s] [ 32%] [32m[1mLinking CXX shared library libasdfr_interfaces__rosidl_typesupport_fastrtps_c.so[0m
[13.339s] [ 32%] Built target asdfr_interfaces__rosidl_typesupport_fastrtps_c
[13.349s] [ 35%] [34m[1mGenerating C introspection for ROS interfaces[0m
[13.679s] [ 38%] [32mBuilding C object CMakeFiles/asdfr_interfaces__rosidl_typesupport_introspection_c.dir/rosidl_typesupport_introspection_c/asdfr_interfaces/msg/detail/point2__type_support.c.o[0m
[13.724s] [ 41%] [32m[1mLinking C shared library libasdfr_interfaces__rosidl_typesupport_introspection_c.so[0m
[13.765s] [ 41%] Built target asdfr_interfaces__rosidl_typesupport_introspection_c
[13.775s] [ 45%] [34m[1mGenerating C type support dispatch for ROS interfaces[0m
[14.013s] [ 48%] [32mBuilding CXX object CMakeFiles/asdfr_interfaces__rosidl_typesupport_c.dir/rosidl_typesupport_c/asdfr_interfaces/msg/point2__type_support.cpp.o[0m
[14.043s] [ 51%] [32m[1mLinking CXX shared library libasdfr_interfaces__rosidl_typesupport_c.so[0m
[14.083s] [ 51%] Built target asdfr_interfaces__rosidl_typesupport_c
[14.093s] [ 54%] [34m[1mGenerating C++ type support for eProsima Fast-RTPS[0m
[14.375s] [ 58%] [32mBuilding CXX object CMakeFiles/asdfr_interfaces__rosidl_typesupport_fastrtps_cpp.dir/rosidl_typesupport_fastrtps_cpp/asdfr_interfaces/msg/detail/dds_fastrtps/point2__type_support.cpp.o[0m
[14.945s] [ 61%] [32m[1mLinking CXX shared library libasdfr_interfaces__rosidl_typesupport_fastrtps_cpp.so[0m
[15.068s] [ 61%] Built target asdfr_interfaces__rosidl_typesupport_fastrtps_cpp
[15.084s] [ 64%] [34m[1mGenerating C++ introspection for ROS interfaces[0m
[15.492s] [ 67%] [32mBuilding CXX object CMakeFiles/asdfr_interfaces__rosidl_typesupport_introspection_cpp.dir/rosidl_typesupport_introspection_cpp/asdfr_interfaces/msg/detail/point2__type_support.cpp.o[0m
[16.204s] [ 70%] [32m[1mLinking CXX shared library libasdfr_interfaces__rosidl_typesupport_introspection_cpp.so[0m
[16.256s] [ 70%] Built target asdfr_interfaces__rosidl_typesupport_introspection_cpp
[19.038s] running egg_info
[19.038s] creating asdfr_interfaces.egg-info
[19.039s] writing asdfr_interfaces.egg-info/PKG-INFO
[19.039s] writing dependency_links to asdfr_interfaces.egg-info/dependency_links.txt
[19.039s] writing top-level names to asdfr_interfaces.egg-info/top_level.txt
[19.039s] writing manifest file 'asdfr_interfaces.egg-info/SOURCES.txt'
[19.103s] reading manifest file 'asdfr_interfaces.egg-info/SOURCES.txt'
[19.104s] writing manifest file 'asdfr_interfaces.egg-info/SOURCES.txt'
[19.130s] [ 70%] Built target ament_cmake_python_build_asdfr_interfaces_egg
[19.162s] [ 70%] Built target asdfr_interfaces
[19.188s] [ 74%] [34m[1mGenerating Python code for ROS interfaces[0m
[20.566s] [ 74%] Built target asdfr_interfaces__py
[20.598s] [ 77%] [32mBuilding C object CMakeFiles/asdfr_interfaces__rosidl_generator_py.dir/rosidl_generator_py/asdfr_interfaces/msg/_point2_s.c.o[0m
[21.550s] [ 80%] [32m[1mLinking C shared library rosidl_generator_py/asdfr_interfaces/libasdfr_interfaces__rosidl_generator_py.so[0m
[21.636s] [ 80%] Built target asdfr_interfaces__rosidl_generator_py
[21.678s] [ 83%] [32mBuilding C object CMakeFiles/asdfr_interfaces__rosidl_typesupport_fastrtps_c__pyext.dir/rosidl_generator_py/asdfr_interfaces/_asdfr_interfaces_s.ep.rosidl_typesupport_fastrtps_c.c.o[0m
[21.803s] [ 87%] [32m[1mLinking C shared library rosidl_generator_py/asdfr_interfaces/asdfr_interfaces_s__rosidl_typesupport_fastrtps_c.cpython-310-x86_64-linux-gnu.so[0m
[21.838s] [ 87%] Built target asdfr_interfaces__rosidl_typesupport_fastrtps_c__pyext
[21.857s] [ 90%] [32mBuilding C object CMakeFiles/asdfr_interfaces__rosidl_typesupport_introspection_c__pyext.dir/rosidl_generator_py/asdfr_interfaces/_asdfr_interfaces_s.ep.rosidl_typesupport_introspection_c.c.o[0m
[21.957s] [ 93%] [32m[1mLinking C shared library rosidl_generator_py/asdfr_interfaces/asdfr_interfaces_s__rosidl_typesupport_introspection_c.cpython-310-x86_64-linux-gnu.so[0m
[22.010s] [ 93%] Built target asdfr_interfaces__rosidl_typesupport_introspection_c__pyext
[22.039s] [ 96%] [32mBuilding C object CMakeFiles/asdfr_interfaces__rosidl_typesupport_c__pyext.dir/rosidl_generator_py/asdfr_interfaces/_asdfr_interfaces_s.ep.rosidl_typesupport_c.c.o[0m
[22.141s] [100%] [32m[1mLinking C shared library rosidl_generator_py/asdfr_interfaces/asdfr_interfaces_s__rosidl_typesupport_c.cpython-310-x86_64-linux-gnu.so[0m
[22.180s] [100%] Built target asdfr_interfaces__rosidl_typesupport_c__pyext
[22.210s] Invoked command in '/home/ram-user/ASDFR/src/ros2_nodes/src/build/asdfr_interfaces' returned '0': CMAKE_PREFIX_PATH=${CMAKE_PREFIX_PATH}:/opt/ros/humble /usr/bin/cmake --build /home/ram-user/ASDFR/src/ros2_nodes/src/build/asdfr_interfaces -- -j2 -l2
[22.290s] Invoking command in '/home/ram-user/ASDFR/src/ros2_nodes/src/build/asdfr_interfaces': CMAKE_PREFIX_PATH=${CMAKE_PREFIX_PATH}:/opt/ros/humble /usr/bin/cmake --install /home/ram-user/ASDFR/src/ros2_nodes/src/build/asdfr_interfaces
[22.300s] -- Install configuration: ""
[22.300s] -- Installing: /home/ram-user/ASDFR/src/ros2_nodes/src/install/asdfr_interfaces/share/ament_index/resource_index/rosidl_interfaces/asdfr_interfaces
[22.301s] -- Installing: /home/ram-user/ASDFR/src/ros2_nodes/src/install/asdfr_interfaces/include/asdfr_interfaces/asdfr_interfaces
[22.302s] -- Installing: /home/ram-user/ASDFR/src/ros2_nodes/src/install/asdfr_interfaces/include/asdfr_interfaces/asdfr_interfaces/msg
[22.302s] -- Installing: /home/ram-user/ASDFR/src/ros2_nodes/src/install/asdfr_interfaces/include/asdfr_interfaces/asdfr_interfaces/msg/detail
[22.303s] -- Installing: /home/ram-user/ASDFR/src/ros2_nodes/src/install/asdfr_interfaces/include/asdfr_interfaces/asdfr_interfaces/msg/detail/point2__functions.c
[22.304s] -- Installing: /home/ram-user/ASDFR/src/ros2_nodes/src/install/asdfr_interfaces/include/asdfr_interfaces/asdfr_interfaces/msg/detail/point2__struct.h
[22.305s] -- Installing: /home/ram-user/ASDFR/src/ros2_nodes/src/install/asdfr_interfaces/include/asdfr_interfaces/asdfr_interfaces/msg/detail/point2__functions.h
[22.306s] -- Installing: /home/ram-user/ASDFR/src/ros2_nodes/src/install/asdfr_interfaces/include/asdfr_interfaces/asdfr_interfaces/msg/detail/point2__type_support.h
[22.306s] -- Installing: /home/ram-user/ASDFR/src/ros2_nodes/src/install/asdfr_interfaces/include/asdfr_interfaces/asdfr_interfaces/msg/rosidl_generator_c__visibility_control.h
[22.306s] -- Installing: /home/ram-user/ASDFR/src/ros2_nodes/src/install/asdfr_interfaces/include/asdfr_interfaces/asdfr_interfaces/msg/point2.h
[22.308s] -- Installing: /home/ram-user/ASDFR/src/ros2_nodes/src/install/asdfr_interfaces/share/asdfr_interfaces/environment/library_path.sh
[22.308s] -- Installing: /home/ram-user/ASDFR/src/ros2_nodes/src/install/asdfr_interfaces/share/asdfr_interfaces/environment/library_path.dsv
[22.308s] -- Installing: /home/ram-user/ASDFR/src/ros2_nodes/src/install/asdfr_interfaces/lib/libasdfr_interfaces__rosidl_generator_c.so
[22.309s] -- Set runtime path of "/home/ram-user/ASDFR/src/ros2_nodes/src/install/asdfr_interfaces/lib/libasdfr_interfaces__rosidl_generator_c.so" to ""
[22.310s] -- Up-to-date: /home/ram-user/ASDFR/src/ros2_nodes/src/install/asdfr_interfaces/include/asdfr_interfaces/asdfr_interfaces
[22.311s] -- Up-to-date: /home/ram-user/ASDFR/src/ros2_nodes/src/install/asdfr_interfaces/include/asdfr_interfaces/asdfr_interfaces/msg
[22.311s] -- Installing: /home/ram-user/ASDFR/src/ros2_nodes/src/install/asdfr_interfaces/include/asdfr_interfaces/asdfr_interfaces/msg/rosidl_typesupport_fastrtps_c__visibility_control.h
[22.311s] -- Up-to-date: /home/ram-user/ASDFR/src/ros2_nodes/src/install/asdfr_interfaces/include/asdfr_interfaces/asdfr_interfaces/msg/detail
[22.311s] -- Installing: /home/ram-user/ASDFR/src/ros2_nodes/src/install/asdfr_interfaces/include/asdfr_interfaces/asdfr_interfaces/msg/detail/point2__rosidl_typesupport_fastrtps_c.h
[22.312s] -- Installing: /home/ram-user/ASDFR/src/ros2_nodes/src/install/asdfr_interfaces/lib/libasdfr_interfaces__rosidl_typesupport_fastrtps_c.so
[22.312s] -- Set runtime path of "/home/ram-user/ASDFR/src/ros2_nodes/src/install/asdfr_interfaces/lib/libasdfr_interfaces__rosidl_typesupport_fastrtps_c.so" to ""
[22.312s] -- Up-to-date: /home/ram-user/ASDFR/src/ros2_nodes/src/install/asdfr_interfaces/include/asdfr_interfaces/asdfr_interfaces
[22.312s] -- Up-to-date: /home/ram-user/ASDFR/src/ros2_nodes/src/install/asdfr_interfaces/include/asdfr_interfaces/asdfr_interfaces/msg
[22.313s] -- Installing: /home/ram-user/ASDFR/src/ros2_nodes/src/install/asdfr_interfaces/include/asdfr_interfaces/asdfr_interfaces/msg/rosidl_typesupport_introspection_c__visibility_control.h
[22.313s] -- Up-to-date: /home/ram-user/ASDFR/src/ros2_nodes/src/install/asdfr_interfaces/include/asdfr_interfaces/asdfr_interfaces/msg/detail
[22.313s] -- Installing: /home/ram-user/ASDFR/src/ros2_nodes/src/install/asdfr_interfaces/include/asdfr_interfaces/asdfr_interfaces/msg/detail/point2__rosidl_typesupport_introspection_c.h
[22.319s] -- Installing: /home/ram-user/ASDFR/src/ros2_nodes/src/install/asdfr_interfaces/include/asdfr_interfaces/asdfr_interfaces/msg/detail/point2__type_support.c
[22.320s] -- Installing: /home/ram-user/ASDFR/src/ros2_nodes/src/install/asdfr_interfaces/lib/libasdfr_interfaces__rosidl_typesupport_introspection_c.so
[22.320s] -- Set runtime path of "/home/ram-user/ASDFR/src/ros2_nodes/src/install/asdfr_interfaces/lib/libasdfr_interfaces__rosidl_typesupport_introspection_c.so" to ""
[22.321s] -- Installing: /home/ram-user/ASDFR/src/ros2_nodes/src/install/asdfr_interfaces/lib/libasdfr_interfaces__rosidl_typesupport_c.so
[22.321s] -- Set runtime path of "/home/ram-user/ASDFR/src/ros2_nodes/src/install/asdfr_interfaces/lib/libasdfr_interfaces__rosidl_typesupport_c.so" to ""
[22.321s] -- Up-to-date: /home/ram-user/ASDFR/src/ros2_nodes/src/install/asdfr_interfaces/include/asdfr_interfaces/asdfr_interfaces
[22.321s] -- Up-to-date: /home/ram-user/ASDFR/src/ros2_nodes/src/install/asdfr_interfaces/include/asdfr_interfaces/asdfr_interfaces/msg
[22.322s] -- Installing: /home/ram-user/ASDFR/src/ros2_nodes/src/install/asdfr_interfaces/include/asdfr_interfaces/asdfr_interfaces/msg/point2.hpp
[22.322s] -- Up-to-date: /home/ram-user/ASDFR/src/ros2_nodes/src/install/asdfr_interfaces/include/asdfr_interfaces/asdfr_interfaces/msg/detail
[22.322s] -- Installing: /home/ram-user/ASDFR/src/ros2_nodes/src/install/asdfr_interfaces/include/asdfr_interfaces/asdfr_interfaces/msg/detail/point2__traits.hpp
[22.322s] -- Installing: /home/ram-user/ASDFR/src/ros2_nodes/src/install/asdfr_interfaces/include/asdfr_interfaces/asdfr_interfaces/msg/detail/point2__builder.hpp
[22.323s] -- Installing: /home/ram-user/ASDFR/src/ros2_nodes/src/install/asdfr_interfaces/include/asdfr_interfaces/asdfr_interfaces/msg/detail/point2__struct.hpp
[22.323s] -- Up-to-date: /home/ram-user/ASDFR/src/ros2_nodes/src/install/asdfr_interfaces/include/asdfr_interfaces/asdfr_interfaces
[22.323s] -- Up-to-date: /home/ram-user/ASDFR/src/ros2_nodes/src/install/asdfr_interfaces/include/asdfr_interfaces/asdfr_interfaces/msg
[22.323s] -- Up-to-date: /home/ram-user/ASDFR/src/ros2_nodes/src/install/asdfr_interfaces/include/asdfr_interfaces/asdfr_interfaces/msg/detail
[22.323s] -- Installing: /home/ram-user/ASDFR/src/ros2_nodes/src/install/asdfr_interfaces/include/asdfr_interfaces/asdfr_interfaces/msg/detail/point2__rosidl_typesupport_fastrtps_cpp.hpp
[22.324s] -- Installing: /home/ram-user/ASDFR/src/ros2_nodes/src/install/asdfr_interfaces/include/asdfr_interfaces/asdfr_interfaces/msg/detail/dds_fastrtps
[22.324s] -- Installing: /home/ram-user/ASDFR/src/ros2_nodes/src/install/asdfr_interfaces/include/asdfr_interfaces/asdfr_interfaces/msg/rosidl_typesupport_fastrtps_cpp__visibility_control.h
[22.324s] -- Installing: /home/ram-user/ASDFR/src/ros2_nodes/src/install/asdfr_interfaces/lib/libasdfr_interfaces__rosidl_typesupport_fastrtps_cpp.so
[22.325s] -- Set runtime path of "/home/ram-user/ASDFR/src/ros2_nodes/src/install/asdfr_interfaces/lib/libasdfr_interfaces__rosidl_typesupport_fastrtps_cpp.so" to ""
[22.325s] -- Up-to-date: /home/ram-user/ASDFR/src/ros2_nodes/src/install/asdfr_interfaces/include/asdfr_interfaces/asdfr_interfaces
[22.325s] -- Up-to-date: /home/ram-user/ASDFR/src/ros2_nodes/src/install/asdfr_interfaces/include/asdfr_interfaces/asdfr_interfaces/msg
[22.325s] -- Up-to-date: /home/ram-user/ASDFR/src/ros2_nodes/src/install/asdfr_interfaces/include/asdfr_interfaces/asdfr_interfaces/msg/detail
[22.325s] -- Installing: /home/ram-user/ASDFR/src/ros2_nodes/src/install/asdfr_interfaces/include/asdfr_interfaces/asdfr_interfaces/msg/detail/point2__rosidl_typesupport_introspection_cpp.hpp
[22.326s] -- Installing: /home/ram-user/ASDFR/src/ros2_nodes/src/install/asdfr_interfaces/include/asdfr_interfaces/asdfr_interfaces/msg/detail/point2__type_support.cpp
[22.326s] -- Installing: /home/ram-user/ASDFR/src/ros2_nodes/src/install/asdfr_interfaces/lib/libasdfr_interfaces__rosidl_typesupport_introspection_cpp.so
[22.326s] -- Set runtime path of "/home/ram-user/ASDFR/src/ros2_nodes/src/install/asdfr_interfaces/lib/libasdfr_interfaces__rosidl_typesupport_introspection_cpp.so" to ""
[22.327s] -- Installing: /home/ram-user/ASDFR/src/ros2_nodes/src/install/asdfr_interfaces/lib/libasdfr_interfaces__rosidl_typesupport_cpp.so
[22.327s] -- Set runtime path of "/home/ram-user/ASDFR/src/ros2_nodes/src/install/asdfr_interfaces/lib/libasdfr_interfaces__rosidl_typesupport_cpp.so" to ""
[22.327s] -- Installing: /home/ram-user/ASDFR/src/ros2_nodes/src/install/asdfr_interfaces/share/asdfr_interfaces/environment/pythonpath.sh
[22.328s] -- Installing: /home/ram-user/ASDFR/src/ros2_nodes/src/install/asdfr_interfaces/share/asdfr_interfaces/environment/pythonpath.dsv
[22.328s] -- Installing: /home/ram-user/ASDFR/src/ros2_nodes/src/install/asdfr_interfaces/local/lib/python3.10/dist-packages/asdfr_interfaces-0.0.0-py3.10.egg-info
[22.328s] -- Installing: /home/ram-user/ASDFR/src/ros2_nodes/src/install/asdfr_interfaces/local/lib/python3.10/dist-packages/asdfr_interfaces-0.0.0-py3.10.egg-info/dependency_links.txt
[22.328s] -- Installing: /home/ram-user/ASDFR/src/ros2_nodes/src/install/asdfr_interfaces/local/lib/python3.10/dist-packages/asdfr_interfaces-0.0.0-py3.10.egg-info/top_level.txt
[22.329s] -- Installing: /home/ram-user/ASDFR/src/ros2_nodes/src/install/asdfr_interfaces/local/lib/python3.10/dist-packages/asdfr_interfaces-0.0.0-py3.10.egg-info/PKG-INFO
[22.329s] -- Installing: /home/ram-user/ASDFR/src/ros2_nodes/src/install/asdfr_interfaces/local/lib/python3.10/dist-packages/asdfr_interfaces-0.0.0-py3.10.egg-info/SOURCES.txt
[22.329s] -- Installing: /home/ram-user/ASDFR/src/ros2_nodes/src/install/asdfr_interfaces/local/lib/python3.10/dist-packages/asdfr_interfaces
[22.330s] -- Installing: /home/ram-user/ASDFR/src/ros2_nodes/src/install/asdfr_interfaces/local/lib/python3.10/dist-packages/asdfr_interfaces/__init__.py
[22.330s] -- Installing: /home/ram-user/ASDFR/src/ros2_nodes/src/install/asdfr_interfaces/local/lib/python3.10/dist-packages/asdfr_interfaces/_asdfr_interfaces_s.ep.rosidl_typesupport_fastrtps_c.c
[22.330s] -- Installing: /home/ram-user/ASDFR/src/ros2_nodes/src/install/asdfr_interfaces/local/lib/python3.10/dist-packages/asdfr_interfaces/asdfr_interfaces_s__rosidl_typesupport_introspection_c.cpython-310-x86_64-linux-gnu.so
[22.332s] -- Installing: /home/ram-user/ASDFR/src/ros2_nodes/src/install/asdfr_interfaces/local/lib/python3.10/dist-packages/asdfr_interfaces/libasdfr_interfaces__rosidl_generator_py.so
[22.332s] -- Installing: /home/ram-user/ASDFR/src/ros2_nodes/src/install/asdfr_interfaces/local/lib/python3.10/dist-packages/asdfr_interfaces/asdfr_interfaces_s__rosidl_typesupport_c.cpython-310-x86_64-linux-gnu.so
[22.332s] -- Installing: /home/ram-user/ASDFR/src/ros2_nodes/src/install/asdfr_interfaces/local/lib/python3.10/dist-packages/asdfr_interfaces/_asdfr_interfaces_s.ep.rosidl_typesupport_introspection_c.c
[22.333s] -- Installing: /home/ram-user/ASDFR/src/ros2_nodes/src/install/asdfr_interfaces/local/lib/python3.10/dist-packages/asdfr_interfaces/_asdfr_interfaces_s.ep.rosidl_typesupport_c.c
[22.333s] -- Installing: /home/ram-user/ASDFR/src/ros2_nodes/src/install/asdfr_interfaces/local/lib/python3.10/dist-packages/asdfr_interfaces/msg
[22.333s] -- Installing: /home/ram-user/ASDFR/src/ros2_nodes/src/install/asdfr_interfaces/local/lib/python3.10/dist-packages/asdfr_interfaces/msg/__init__.py
[22.333s] -- Installing: /home/ram-user/ASDFR/src/ros2_nodes/src/install/asdfr_interfaces/local/lib/python3.10/dist-packages/asdfr_interfaces/msg/_point2.py
[22.334s] -- Installing: /home/ram-user/ASDFR/src/ros2_nodes/src/install/asdfr_interfaces/local/lib/python3.10/dist-packages/asdfr_interfaces/msg/_point2_s.c
[22.335s] -- Installing: /home/ram-user/ASDFR/src/ros2_nodes/src/install/asdfr_interfaces/local/lib/python3.10/dist-packages/asdfr_interfaces/asdfr_interfaces_s__rosidl_typesupport_fastrtps_c.cpython-310-x86_64-linux-gnu.so
[22.724s] Listing '/home/ram-user/ASDFR/src/ros2_nodes/src/install/asdfr_interfaces/local/lib/python3.10/dist-packages/asdfr_interfaces'...
[22.724s] Compiling '/home/ram-user/ASDFR/src/ros2_nodes/src/install/asdfr_interfaces/local/lib/python3.10/dist-packages/asdfr_interfaces/__init__.py'...
[22.724s] Listing '/home/ram-user/ASDFR/src/ros2_nodes/src/install/asdfr_interfaces/local/lib/python3.10/dist-packages/asdfr_interfaces/msg'...
[22.724s] Compiling '/home/ram-user/ASDFR/src/ros2_nodes/src/install/asdfr_interfaces/local/lib/python3.10/dist-packages/asdfr_interfaces/msg/__init__.py'...
[22.724s] Compiling '/home/ram-user/ASDFR/src/ros2_nodes/src/install/asdfr_interfaces/local/lib/python3.10/dist-packages/asdfr_interfaces/msg/_point2.py'...
[22.740s] -- Installing: /home/ram-user/ASDFR/src/ros2_nodes/src/install/asdfr_interfaces/local/lib/python3.10/dist-packages/asdfr_interfaces/asdfr_interfaces_s__rosidl_typesupport_fastrtps_c.cpython-310-x86_64-linux-gnu.so
[22.740s] -- Set runtime path of "/home/ram-user/ASDFR/src/ros2_nodes/src/install/asdfr_interfaces/local/lib/python3.10/dist-packages/asdfr_interfaces/asdfr_interfaces_s__rosidl_typesupport_fastrtps_c.cpython-310-x86_64-linux-gnu.so" to ""
[22.740s] -- Installing: /home/ram-user/ASDFR/src/ros2_nodes/src/install/asdfr_interfaces/local/lib/python3.10/dist-packages/asdfr_interfaces/asdfr_interfaces_s__rosidl_typesupport_introspection_c.cpython-310-x86_64-linux-gnu.so
[22.740s] -- Set runtime path of "/home/ram-user/ASDFR/src/ros2_nodes/src/install/asdfr_interfaces/local/lib/python3.10/dist-packages/asdfr_interfaces/asdfr_interfaces_s__rosidl_typesupport_introspection_c.cpython-310-x86_64-linux-gnu.so" to ""
[22.740s] -- Installing: /home/ram-user/ASDFR/src/ros2_nodes/src/install/asdfr_interfaces/local/lib/python3.10/dist-packages/asdfr_interfaces/asdfr_interfaces_s__rosidl_typesupport_c.cpython-310-x86_64-linux-gnu.so
[22.740s] -- Set runtime path of "/home/ram-user/ASDFR/src/ros2_nodes/src/install/asdfr_interfaces/local/lib/python3.10/dist-packages/asdfr_interfaces/asdfr_interfaces_s__rosidl_typesupport_c.cpython-310-x86_64-linux-gnu.so" to ""
[22.740s] -- Installing: /home/ram-user/ASDFR/src/ros2_nodes/src/install/asdfr_interfaces/lib/libasdfr_interfaces__rosidl_generator_py.so
[22.740s] -- Set runtime path of "/home/ram-user/ASDFR/src/ros2_nodes/src/install/asdfr_interfaces/lib/libasdfr_interfaces__rosidl_generator_py.so" to ""
[22.740s] -- Installing: /home/ram-user/ASDFR/src/ros2_nodes/src/install/asdfr_interfaces/share/asdfr_interfaces/msg/Point2.idl
[22.740s] -- Installing: /home/ram-user/ASDFR/src/ros2_nodes/src/install/asdfr_interfaces/share/asdfr_interfaces/msg/Point2.msg
[22.740s] -- Installing: /home/ram-user/ASDFR/src/ros2_nodes/src/install/asdfr_interfaces/share/ament_index/resource_index/package_run_dependencies/asdfr_interfaces
[22.740s] -- Installing: /home/ram-user/ASDFR/src/ros2_nodes/src/install/asdfr_interfaces/share/ament_index/resource_index/parent_prefix_path/asdfr_interfaces
[22.740s] -- Installing: /home/ram-user/ASDFR/src/ros2_nodes/src/install/asdfr_interfaces/share/asdfr_interfaces/environment/ament_prefix_path.sh
[22.741s] -- Installing: /home/ram-user/ASDFR/src/ros2_nodes/src/install/asdfr_interfaces/share/asdfr_interfaces/environment/ament_prefix_path.dsv
[22.741s] -- Installing: /home/ram-user/ASDFR/src/ros2_nodes/src/install/asdfr_interfaces/share/asdfr_interfaces/environment/path.sh
[22.741s] -- Installing: /home/ram-user/ASDFR/src/ros2_nodes/src/install/asdfr_interfaces/share/asdfr_interfaces/environment/path.dsv
[22.741s] -- Installing: /home/ram-user/ASDFR/src/ros2_nodes/src/install/asdfr_interfaces/share/asdfr_interfaces/local_setup.bash
[22.741s] -- Installing: /home/ram-user/ASDFR/src/ros2_nodes/src/install/asdfr_interfaces/share/asdfr_interfaces/local_setup.sh
[22.741s] -- Installing: /home/ram-user/ASDFR/src/ros2_nodes/src/install/asdfr_interfaces/share/asdfr_interfaces/local_setup.zsh
[22.741s] -- Installing: /home/ram-user/ASDFR/src/ros2_nodes/src/install/asdfr_interfaces/share/asdfr_interfaces/local_setup.dsv
[22.741s] -- Installing: /home/ram-user/ASDFR/src/ros2_nodes/src/install/asdfr_interfaces/share/asdfr_interfaces/package.dsv
[22.741s] -- Installing: /home/ram-user/ASDFR/src/ros2_nodes/src/install/asdfr_interfaces/share/ament_index/resource_index/packages/asdfr_interfaces
[22.741s] -- Installing: /home/ram-user/ASDFR/src/ros2_nodes/src/install/asdfr_interfaces/share/asdfr_interfaces/cmake/export_asdfr_interfaces__rosidl_generator_cExport.cmake
[22.742s] -- Installing: /home/ram-user/ASDFR/src/ros2_nodes/src/install/asdfr_interfaces/share/asdfr_interfaces/cmake/export_asdfr_interfaces__rosidl_generator_cExport-noconfig.cmake
[22.742s] -- Installing: /home/ram-user/ASDFR/src/ros2_nodes/src/install/asdfr_interfaces/share/asdfr_interfaces/cmake/export_asdfr_interfaces__rosidl_typesupport_fastrtps_cExport.cmake
[22.742s] -- Installing: /home/ram-user/ASDFR/src/ros2_nodes/src/install/asdfr_interfaces/share/asdfr_interfaces/cmake/export_asdfr_interfaces__rosidl_typesupport_fastrtps_cExport-noconfig.cmake
[22.742s] -- Installing: /home/ram-user/ASDFR/src/ros2_nodes/src/install/asdfr_interfaces/share/asdfr_interfaces/cmake/asdfr_interfaces__rosidl_typesupport_introspection_cExport.cmake
[22.742s] -- Installing: /home/ram-user/ASDFR/src/ros2_nodes/src/install/asdfr_interfaces/share/asdfr_interfaces/cmake/asdfr_interfaces__rosidl_typesupport_introspection_cExport-noconfig.cmake
[22.743s] -- Installing: /home/ram-user/ASDFR/src/ros2_nodes/src/install/asdfr_interfaces/share/asdfr_interfaces/cmake/asdfr_interfaces__rosidl_typesupport_cExport.cmake
[22.743s] -- Installing: /home/ram-user/ASDFR/src/ros2_nodes/src/install/asdfr_interfaces/share/asdfr_interfaces/cmake/asdfr_interfaces__rosidl_typesupport_cExport-noconfig.cmake
[22.743s] -- Installing: /home/ram-user/ASDFR/src/ros2_nodes/src/install/asdfr_interfaces/share/asdfr_interfaces/cmake/export_asdfr_interfaces__rosidl_generator_cppExport.cmake
[22.744s] -- Installing: /home/ram-user/ASDFR/src/ros2_nodes/src/install/asdfr_interfaces/share/asdfr_interfaces/cmake/export_asdfr_interfaces__rosidl_typesupport_fastrtps_cppExport.cmake
[22.745s] -- Installing: /home/ram-user/ASDFR/src/ros2_nodes/src/install/asdfr_interfaces/share/asdfr_interfaces/cmake/export_asdfr_interfaces__rosidl_typesupport_fastrtps_cppExport-noconfig.cmake
[22.745s] -- Installing: /home/ram-user/ASDFR/src/ros2_nodes/src/install/asdfr_interfaces/share/asdfr_interfaces/cmake/asdfr_interfaces__rosidl_typesupport_introspection_cppExport.cmake
[22.745s] -- Installing: /home/ram-user/ASDFR/src/ros2_nodes/src/install/asdfr_interfaces/share/asdfr_interfaces/cmake/asdfr_interfaces__rosidl_typesupport_introspection_cppExport-noconfig.cmake
[22.745s] -- Installing: /home/ram-user/ASDFR/src/ros2_nodes/src/install/asdfr_interfaces/share/asdfr_interfaces/cmake/asdfr_interfaces__rosidl_typesupport_cppExport.cmake
[22.745s] -- Installing: /home/ram-user/ASDFR/src/ros2_nodes/src/install/asdfr_interfaces/share/asdfr_interfaces/cmake/asdfr_interfaces__rosidl_typesupport_cppExport-noconfig.cmake
[22.746s] -- Installing: /home/ram-user/ASDFR/src/ros2_nodes/src/install/asdfr_interfaces/share/asdfr_interfaces/cmake/export_asdfr_interfaces__rosidl_generator_pyExport.cmake
[22.746s] -- Installing: /home/ram-user/ASDFR/src/ros2_nodes/src/install/asdfr_interfaces/share/asdfr_interfaces/cmake/export_asdfr_interfaces__rosidl_generator_pyExport-noconfig.cmake
[22.746s] -- Installing: /home/ram-user/ASDFR/src/ros2_nodes/src/install/asdfr_interfaces/share/asdfr_interfaces/cmake/rosidl_cmake-extras.cmake
[22.746s] -- Installing: /home/ram-user/ASDFR/src/ros2_nodes/src/install/asdfr_interfaces/share/asdfr_interfaces/cmake/ament_cmake_export_include_directories-extras.cmake
[22.746s] -- Installing: /home/ram-user/ASDFR/src/ros2_nodes/src/install/asdfr_interfaces/share/asdfr_interfaces/cmake/ament_cmake_export_libraries-extras.cmake
[22.747s] -- Installing: /home/ram-user/ASDFR/src/ros2_nodes/src/install/asdfr_interfaces/share/asdfr_interfaces/cmake/ament_cmake_export_targets-extras.cmake
[22.747s] -- Installing: /home/ram-user/ASDFR/src/ros2_nodes/src/install/asdfr_interfaces/share/asdfr_interfaces/cmake/rosidl_cmake_export_typesupport_targets-extras.cmake
[22.747s] -- Installing: /home/ram-user/ASDFR/src/ros2_nodes/src/install/asdfr_interfaces/share/asdfr_interfaces/cmake/ament_cmake_export_dependencies-extras.cmake
[22.747s] -- Installing: /home/ram-user/ASDFR/src/ros2_nodes/src/install/asdfr_interfaces/share/asdfr_interfaces/cmake/rosidl_cmake_export_typesupport_libraries-extras.cmake
[22.747s] -- Installing: /home/ram-user/ASDFR/src/ros2_nodes/src/install/asdfr_interfaces/share/asdfr_interfaces/cmake/asdfr_interfacesConfig.cmake
[22.747s] -- Installing: /home/ram-user/ASDFR/src/ros2_nodes/src/install/asdfr_interfaces/share/asdfr_interfaces/cmake/asdfr_interfacesConfig-version.cmake
[22.748s] -- Installing: /home/ram-user/ASDFR/src/ros2_nodes/src/install/asdfr_interfaces/share/asdfr_interfaces/package.xml
[22.752s] Invoked command in '/home/ram-user/ASDFR/src/ros2_nodes/src/build/asdfr_interfaces' returned '0': CMAKE_PREFIX_PATH=${CMAKE_PREFIX_PATH}:/opt/ros/humble /usr/bin/cmake --install /home/ram-user/ASDFR/src/ros2_nodes/src/build/asdfr_interfaces
