[0.038s] Invoking command in '/home/ram-user/ASDFR/build/jiwy_controller': CMAKE_PREFIX_PATH=/home/ram-user/ASDFR/install/asdfr_interfaces:/home/ram-user/ASDFR/install/jiwy_simulator:/home/ram-user/ASDFR/install/jiwy_controller:/home/ram-user/ASDFR/install/image_processing:/opt/ros/humble /usr/bin/cmake --build /home/ram-user/ASDFR/build/jiwy_controller -- -j2 -l2
[0.193s] [35m[1mConsolidate compiler generated dependencies of target jc_lighttracker[0m
[0.271s] [ 33%] Built target jiwy_controller
[0.272s] [ 50%] [32mBuilding CXX object CMakeFiles/jc_lighttracker.dir/src/jc_light_tracker.cpp.o[0m
[0.369s] [ 83%] Built target simplesub
[13.392s] [100%] [32m[1mLinking CXX executable jc_lighttracker[0m
[14.609s] [100%] Built target jc_lighttracker
[14.657s] Invoked command in '/home/ram-user/ASDFR/build/jiwy_controller' returned '0': CMAKE_PREFIX_PATH=/home/ram-user/ASDFR/install/asdfr_interfaces:/home/ram-user/ASDFR/install/jiwy_simulator:/home/ram-user/ASDFR/install/jiwy_controller:/home/ram-user/ASDFR/install/image_processing:/opt/ros/humble /usr/bin/cmake --build /home/ram-user/ASDFR/build/jiwy_controller -- -j2 -l2
[14.674s] Invoking command in '/home/ram-user/ASDFR/build/jiwy_controller': CMAKE_PREFIX_PATH=/home/ram-user/ASDFR/install/asdfr_interfaces:/home/ram-user/ASDFR/install/jiwy_simulator:/home/ram-user/ASDFR/install/jiwy_controller:/home/ram-user/ASDFR/install/image_processing:/opt/ros/humble /usr/bin/cmake --install /home/ram-user/ASDFR/build/jiwy_controller
[14.682s] -- Install configuration: ""
[14.682s] -- Up-to-date: /home/ram-user/ASDFR/install/jiwy_controller/lib/jiwy_controller/jiwy_controller
[14.683s] -- Installing: /home/ram-user/ASDFR/install/jiwy_controller/lib/jiwy_controller/jc_lighttracker
[14.713s] -- Set runtime path of "/home/ram-user/ASDFR/install/jiwy_controller/lib/jiwy_controller/jc_lighttracker" to ""
[14.714s] -- Up-to-date: /home/ram-user/ASDFR/install/jiwy_controller/lib/jiwy_controller/simplesub
[14.715s] -- Up-to-date: /home/ram-user/ASDFR/install/jiwy_controller/share/ament_index/resource_index/package_run_dependencies/jiwy_controller
[14.715s] -- Up-to-date: /home/ram-user/ASDFR/install/jiwy_controller/share/ament_index/resource_index/parent_prefix_path/jiwy_controller
[14.716s] -- Up-to-date: /home/ram-user/ASDFR/install/jiwy_controller/share/jiwy_controller/environment/ament_prefix_path.sh
[14.716s] -- Up-to-date: /home/ram-user/ASDFR/install/jiwy_controller/share/jiwy_controller/environment/ament_prefix_path.dsv
[14.717s] -- Up-to-date: /home/ram-user/ASDFR/install/jiwy_controller/share/jiwy_controller/environment/path.sh
[14.717s] -- Up-to-date: /home/ram-user/ASDFR/install/jiwy_controller/share/jiwy_controller/environment/path.dsv
[14.718s] -- Up-to-date: /home/ram-user/ASDFR/install/jiwy_controller/share/jiwy_controller/local_setup.bash
[14.719s] -- Up-to-date: /home/ram-user/ASDFR/install/jiwy_controller/share/jiwy_controller/local_setup.sh
[14.719s] -- Up-to-date: /home/ram-user/ASDFR/install/jiwy_controller/share/jiwy_controller/local_setup.zsh
[14.720s] -- Up-to-date: /home/ram-user/ASDFR/install/jiwy_controller/share/jiwy_controller/local_setup.dsv
[14.720s] -- Installing: /home/ram-user/ASDFR/install/jiwy_controller/share/jiwy_controller/package.dsv
[14.721s] -- Up-to-date: /home/ram-user/ASDFR/install/jiwy_controller/share/ament_index/resource_index/packages/jiwy_controller
[14.722s] -- Up-to-date: /home/ram-user/ASDFR/install/jiwy_controller/share/jiwy_controller/cmake/jiwy_controllerConfig.cmake
[14.723s] -- Up-to-date: /home/ram-user/ASDFR/install/jiwy_controller/share/jiwy_controller/cmake/jiwy_controllerConfig-version.cmake
[14.723s] -- Up-to-date: /home/ram-user/ASDFR/install/jiwy_controller/share/jiwy_controller/package.xml
[14.728s] Invoked command in '/home/ram-user/ASDFR/build/jiwy_controller' returned '0': CMAKE_PREFIX_PATH=/home/ram-user/ASDFR/install/asdfr_interfaces:/home/ram-user/ASDFR/install/jiwy_simulator:/home/ram-user/ASDFR/install/jiwy_controller:/home/ram-user/ASDFR/install/image_processing:/opt/ros/humble /usr/bin/cmake --install /home/ram-user/ASDFR/build/jiwy_controller
