[0.048s] Invoking command in '/home/ram-user/ASDFR/build/asdfr_interfaces': CMAKE_PREFIX_PATH=${CMAKE_PREFIX_PATH}:/opt/ros/humble /usr/bin/cmake --build /home/ram-user/ASDFR/build/asdfr_interfaces -- -j2 -l2
[0.173s] [  3%] Built target asdfr_interfaces__cpp
[0.188s] [ 12%] Built target asdfr_interfaces__rosidl_generator_c
[0.219s] [ 22%] Built target asdfr_interfaces__rosidl_typesupport_cpp
[0.243s] [ 22%] Built target ament_cmake_python_copy_asdfr_interfaces
[0.306s] [ 32%] Built target asdfr_interfaces__rosidl_typesupport_fastrtps_c
[0.309s] [ 41%] Built target asdfr_interfaces__rosidl_typesupport_introspection_c
[0.381s] [ 51%] Built target asdfr_interfaces__rosidl_typesupport_fastrtps_cpp
[0.397s] [ 61%] Built target asdfr_interfaces__rosidl_typesupport_c
[0.444s] [ 70%] Built target asdfr_interfaces__rosidl_typesupport_introspection_cpp
[0.517s] [ 70%] Built target asdfr_interfaces
[0.615s] [ 74%] Built target asdfr_interfaces__py
[0.713s] [ 80%] Built target asdfr_interfaces__rosidl_generator_py
[0.787s] [ 87%] Built target asdfr_interfaces__rosidl_typesupport_fastrtps_c__pyext
[0.873s] [ 93%] Built target asdfr_interfaces__rosidl_typesupport_introspection_c__pyext
[0.937s] [100%] Built target asdfr_interfaces__rosidl_typesupport_c__pyext
[0.968s] running egg_info
[0.986s] writing asdfr_interfaces.egg-info/PKG-INFO
[0.986s] writing dependency_links to asdfr_interfaces.egg-info/dependency_links.txt
[0.986s] writing top-level names to asdfr_interfaces.egg-info/top_level.txt
[0.986s] reading manifest file 'asdfr_interfaces.egg-info/SOURCES.txt'
[0.986s] writing manifest file 'asdfr_interfaces.egg-info/SOURCES.txt'
[1.061s] [100%] Built target ament_cmake_python_build_asdfr_interfaces_egg
[1.095s] Invoked command in '/home/ram-user/ASDFR/build/asdfr_interfaces' returned '0': CMAKE_PREFIX_PATH=${CMAKE_PREFIX_PATH}:/opt/ros/humble /usr/bin/cmake --build /home/ram-user/ASDFR/build/asdfr_interfaces -- -j2 -l2
[1.189s] Invoking command in '/home/ram-user/ASDFR/build/asdfr_interfaces': CMAKE_PREFIX_PATH=${CMAKE_PREFIX_PATH}:/opt/ros/humble /usr/bin/cmake --install /home/ram-user/ASDFR/build/asdfr_interfaces
[1.197s] -- Install configuration: ""
[1.197s] -- Up-to-date: /home/ram-user/ASDFR/install/asdfr_interfaces/share/ament_index/resource_index/rosidl_interfaces/asdfr_interfaces
[1.197s] -- Up-to-date: /home/ram-user/ASDFR/install/asdfr_interfaces/include/asdfr_interfaces/asdfr_interfaces
[1.197s] -- Up-to-date: /home/ram-user/ASDFR/install/asdfr_interfaces/include/asdfr_interfaces/asdfr_interfaces/msg
[1.197s] -- Up-to-date: /home/ram-user/ASDFR/install/asdfr_interfaces/include/asdfr_interfaces/asdfr_interfaces/msg/detail
[1.197s] -- Up-to-date: /home/ram-user/ASDFR/install/asdfr_interfaces/include/asdfr_interfaces/asdfr_interfaces/msg/detail/point2__functions.c
[1.197s] -- Up-to-date: /home/ram-user/ASDFR/install/asdfr_interfaces/include/asdfr_interfaces/asdfr_interfaces/msg/detail/point2__struct.h
[1.198s] -- Up-to-date: /home/ram-user/ASDFR/install/asdfr_interfaces/include/asdfr_interfaces/asdfr_interfaces/msg/detail/point2__functions.h
[1.198s] -- Up-to-date: /home/ram-user/ASDFR/install/asdfr_interfaces/include/asdfr_interfaces/asdfr_interfaces/msg/detail/point2__type_support.h
[1.198s] -- Up-to-date: /home/ram-user/ASDFR/install/asdfr_interfaces/include/asdfr_interfaces/asdfr_interfaces/msg/rosidl_generator_c__visibility_control.h
[1.198s] -- Up-to-date: /home/ram-user/ASDFR/install/asdfr_interfaces/include/asdfr_interfaces/asdfr_interfaces/msg/point2.h
[1.198s] -- Up-to-date: /home/ram-user/ASDFR/install/asdfr_interfaces/share/asdfr_interfaces/environment/library_path.sh
[1.198s] -- Up-to-date: /home/ram-user/ASDFR/install/asdfr_interfaces/share/asdfr_interfaces/environment/library_path.dsv
[1.198s] -- Up-to-date: /home/ram-user/ASDFR/install/asdfr_interfaces/lib/libasdfr_interfaces__rosidl_generator_c.so
[1.198s] -- Up-to-date: /home/ram-user/ASDFR/install/asdfr_interfaces/include/asdfr_interfaces/asdfr_interfaces
[1.198s] -- Up-to-date: /home/ram-user/ASDFR/install/asdfr_interfaces/include/asdfr_interfaces/asdfr_interfaces/msg
[1.198s] -- Up-to-date: /home/ram-user/ASDFR/install/asdfr_interfaces/include/asdfr_interfaces/asdfr_interfaces/msg/rosidl_typesupport_fastrtps_c__visibility_control.h
[1.198s] -- Up-to-date: /home/ram-user/ASDFR/install/asdfr_interfaces/include/asdfr_interfaces/asdfr_interfaces/msg/detail
[1.199s] -- Up-to-date: /home/ram-user/ASDFR/install/asdfr_interfaces/include/asdfr_interfaces/asdfr_interfaces/msg/detail/point2__rosidl_typesupport_fastrtps_c.h
[1.199s] -- Up-to-date: /home/ram-user/ASDFR/install/asdfr_interfaces/lib/libasdfr_interfaces__rosidl_typesupport_fastrtps_c.so
[1.199s] -- Up-to-date: /home/ram-user/ASDFR/install/asdfr_interfaces/include/asdfr_interfaces/asdfr_interfaces
[1.199s] -- Up-to-date: /home/ram-user/ASDFR/install/asdfr_interfaces/include/asdfr_interfaces/asdfr_interfaces/msg
[1.199s] -- Up-to-date: /home/ram-user/ASDFR/install/asdfr_interfaces/include/asdfr_interfaces/asdfr_interfaces/msg/rosidl_typesupport_introspection_c__visibility_control.h
[1.199s] -- Up-to-date: /home/ram-user/ASDFR/install/asdfr_interfaces/include/asdfr_interfaces/asdfr_interfaces/msg/detail
[1.199s] -- Up-to-date: /home/ram-user/ASDFR/install/asdfr_interfaces/include/asdfr_interfaces/asdfr_interfaces/msg/detail/point2__rosidl_typesupport_introspection_c.h
[1.199s] -- Up-to-date: /home/ram-user/ASDFR/install/asdfr_interfaces/include/asdfr_interfaces/asdfr_interfaces/msg/detail/point2__type_support.c
[1.199s] -- Up-to-date: /home/ram-user/ASDFR/install/asdfr_interfaces/lib/libasdfr_interfaces__rosidl_typesupport_introspection_c.so
[1.200s] -- Up-to-date: /home/ram-user/ASDFR/install/asdfr_interfaces/lib/libasdfr_interfaces__rosidl_typesupport_c.so
[1.200s] -- Up-to-date: /home/ram-user/ASDFR/install/asdfr_interfaces/include/asdfr_interfaces/asdfr_interfaces
[1.200s] -- Up-to-date: /home/ram-user/ASDFR/install/asdfr_interfaces/include/asdfr_interfaces/asdfr_interfaces/msg
[1.200s] -- Up-to-date: /home/ram-user/ASDFR/install/asdfr_interfaces/include/asdfr_interfaces/asdfr_interfaces/msg/point2.hpp
[1.200s] -- Up-to-date: /home/ram-user/ASDFR/install/asdfr_interfaces/include/asdfr_interfaces/asdfr_interfaces/msg/detail
[1.200s] -- Up-to-date: /home/ram-user/ASDFR/install/asdfr_interfaces/include/asdfr_interfaces/asdfr_interfaces/msg/detail/point2__traits.hpp
[1.200s] -- Up-to-date: /home/ram-user/ASDFR/install/asdfr_interfaces/include/asdfr_interfaces/asdfr_interfaces/msg/detail/point2__builder.hpp
[1.201s] -- Up-to-date: /home/ram-user/ASDFR/install/asdfr_interfaces/include/asdfr_interfaces/asdfr_interfaces/msg/detail/point2__struct.hpp
[1.201s] -- Up-to-date: /home/ram-user/ASDFR/install/asdfr_interfaces/include/asdfr_interfaces/asdfr_interfaces
[1.201s] -- Up-to-date: /home/ram-user/ASDFR/install/asdfr_interfaces/include/asdfr_interfaces/asdfr_interfaces/msg
[1.201s] -- Up-to-date: /home/ram-user/ASDFR/install/asdfr_interfaces/include/asdfr_interfaces/asdfr_interfaces/msg/detail
[1.201s] -- Up-to-date: /home/ram-user/ASDFR/install/asdfr_interfaces/include/asdfr_interfaces/asdfr_interfaces/msg/detail/point2__rosidl_typesupport_fastrtps_cpp.hpp
[1.201s] -- Up-to-date: /home/ram-user/ASDFR/install/asdfr_interfaces/include/asdfr_interfaces/asdfr_interfaces/msg/detail/dds_fastrtps
[1.201s] -- Up-to-date: /home/ram-user/ASDFR/install/asdfr_interfaces/include/asdfr_interfaces/asdfr_interfaces/msg/rosidl_typesupport_fastrtps_cpp__visibility_control.h
[1.201s] -- Up-to-date: /home/ram-user/ASDFR/install/asdfr_interfaces/lib/libasdfr_interfaces__rosidl_typesupport_fastrtps_cpp.so
[1.201s] -- Up-to-date: /home/ram-user/ASDFR/install/asdfr_interfaces/include/asdfr_interfaces/asdfr_interfaces
[1.201s] -- Up-to-date: /home/ram-user/ASDFR/install/asdfr_interfaces/include/asdfr_interfaces/asdfr_interfaces/msg
[1.202s] -- Up-to-date: /home/ram-user/ASDFR/install/asdfr_interfaces/include/asdfr_interfaces/asdfr_interfaces/msg/detail
[1.202s] -- Up-to-date: /home/ram-user/ASDFR/install/asdfr_interfaces/include/asdfr_interfaces/asdfr_interfaces/msg/detail/point2__rosidl_typesupport_introspection_cpp.hpp
[1.202s] -- Up-to-date: /home/ram-user/ASDFR/install/asdfr_interfaces/include/asdfr_interfaces/asdfr_interfaces/msg/detail/point2__type_support.cpp
[1.202s] -- Up-to-date: /home/ram-user/ASDFR/install/asdfr_interfaces/lib/libasdfr_interfaces__rosidl_typesupport_introspection_cpp.so
[1.202s] -- Up-to-date: /home/ram-user/ASDFR/install/asdfr_interfaces/lib/libasdfr_interfaces__rosidl_typesupport_cpp.so
[1.202s] -- Up-to-date: /home/ram-user/ASDFR/install/asdfr_interfaces/share/asdfr_interfaces/environment/pythonpath.sh
[1.202s] -- Up-to-date: /home/ram-user/ASDFR/install/asdfr_interfaces/share/asdfr_interfaces/environment/pythonpath.dsv
[1.202s] -- Up-to-date: /home/ram-user/ASDFR/install/asdfr_interfaces/local/lib/python3.10/dist-packages/asdfr_interfaces-0.0.0-py3.10.egg-info
[1.202s] -- Installing: /home/ram-user/ASDFR/install/asdfr_interfaces/local/lib/python3.10/dist-packages/asdfr_interfaces-0.0.0-py3.10.egg-info/dependency_links.txt
[1.202s] -- Installing: /home/ram-user/ASDFR/install/asdfr_interfaces/local/lib/python3.10/dist-packages/asdfr_interfaces-0.0.0-py3.10.egg-info/top_level.txt
[1.202s] -- Installing: /home/ram-user/ASDFR/install/asdfr_interfaces/local/lib/python3.10/dist-packages/asdfr_interfaces-0.0.0-py3.10.egg-info/PKG-INFO
[1.203s] -- Installing: /home/ram-user/ASDFR/install/asdfr_interfaces/local/lib/python3.10/dist-packages/asdfr_interfaces-0.0.0-py3.10.egg-info/SOURCES.txt
[1.203s] -- Up-to-date: /home/ram-user/ASDFR/install/asdfr_interfaces/local/lib/python3.10/dist-packages/asdfr_interfaces
[1.203s] -- Up-to-date: /home/ram-user/ASDFR/install/asdfr_interfaces/local/lib/python3.10/dist-packages/asdfr_interfaces/__init__.py
[1.203s] -- Up-to-date: /home/ram-user/ASDFR/install/asdfr_interfaces/local/lib/python3.10/dist-packages/asdfr_interfaces/_asdfr_interfaces_s.ep.rosidl_typesupport_fastrtps_c.c
[1.203s] -- Up-to-date: /home/ram-user/ASDFR/install/asdfr_interfaces/local/lib/python3.10/dist-packages/asdfr_interfaces/asdfr_interfaces_s__rosidl_typesupport_introspection_c.cpython-310-x86_64-linux-gnu.so
[1.203s] -- Up-to-date: /home/ram-user/ASDFR/install/asdfr_interfaces/local/lib/python3.10/dist-packages/asdfr_interfaces/libasdfr_interfaces__rosidl_generator_py.so
[1.203s] -- Up-to-date: /home/ram-user/ASDFR/install/asdfr_interfaces/local/lib/python3.10/dist-packages/asdfr_interfaces/asdfr_interfaces_s__rosidl_typesupport_c.cpython-310-x86_64-linux-gnu.so
[1.203s] -- Up-to-date: /home/ram-user/ASDFR/install/asdfr_interfaces/local/lib/python3.10/dist-packages/asdfr_interfaces/_asdfr_interfaces_s.ep.rosidl_typesupport_introspection_c.c
[1.203s] -- Up-to-date: /home/ram-user/ASDFR/install/asdfr_interfaces/local/lib/python3.10/dist-packages/asdfr_interfaces/_asdfr_interfaces_s.ep.rosidl_typesupport_c.c
[1.203s] -- Up-to-date: /home/ram-user/ASDFR/install/asdfr_interfaces/local/lib/python3.10/dist-packages/asdfr_interfaces/msg
[1.203s] -- Up-to-date: /home/ram-user/ASDFR/install/asdfr_interfaces/local/lib/python3.10/dist-packages/asdfr_interfaces/msg/__init__.py
[1.203s] -- Up-to-date: /home/ram-user/ASDFR/install/asdfr_interfaces/local/lib/python3.10/dist-packages/asdfr_interfaces/msg/_point2.py
[1.203s] -- Up-to-date: /home/ram-user/ASDFR/install/asdfr_interfaces/local/lib/python3.10/dist-packages/asdfr_interfaces/msg/_point2_s.c
[1.203s] -- Up-to-date: /home/ram-user/ASDFR/install/asdfr_interfaces/local/lib/python3.10/dist-packages/asdfr_interfaces/asdfr_interfaces_s__rosidl_typesupport_fastrtps_c.cpython-310-x86_64-linux-gnu.so
[1.232s] Listing '/home/ram-user/ASDFR/install/asdfr_interfaces/local/lib/python3.10/dist-packages/asdfr_interfaces'...
[1.232s] Listing '/home/ram-user/ASDFR/install/asdfr_interfaces/local/lib/python3.10/dist-packages/asdfr_interfaces/msg'...
[1.235s] -- Up-to-date: /home/ram-user/ASDFR/install/asdfr_interfaces/local/lib/python3.10/dist-packages/asdfr_interfaces/asdfr_interfaces_s__rosidl_typesupport_fastrtps_c.cpython-310-x86_64-linux-gnu.so
[1.235s] -- Up-to-date: /home/ram-user/ASDFR/install/asdfr_interfaces/local/lib/python3.10/dist-packages/asdfr_interfaces/asdfr_interfaces_s__rosidl_typesupport_introspection_c.cpython-310-x86_64-linux-gnu.so
[1.236s] -- Up-to-date: /home/ram-user/ASDFR/install/asdfr_interfaces/local/lib/python3.10/dist-packages/asdfr_interfaces/asdfr_interfaces_s__rosidl_typesupport_c.cpython-310-x86_64-linux-gnu.so
[1.236s] -- Up-to-date: /home/ram-user/ASDFR/install/asdfr_interfaces/lib/libasdfr_interfaces__rosidl_generator_py.so
[1.236s] -- Up-to-date: /home/ram-user/ASDFR/install/asdfr_interfaces/share/asdfr_interfaces/msg/Point2.idl
[1.237s] -- Up-to-date: /home/ram-user/ASDFR/install/asdfr_interfaces/share/asdfr_interfaces/msg/Point2.msg
[1.237s] -- Up-to-date: /home/ram-user/ASDFR/install/asdfr_interfaces/share/ament_index/resource_index/package_run_dependencies/asdfr_interfaces
[1.237s] -- Up-to-date: /home/ram-user/ASDFR/install/asdfr_interfaces/share/ament_index/resource_index/parent_prefix_path/asdfr_interfaces
[1.237s] -- Up-to-date: /home/ram-user/ASDFR/install/asdfr_interfaces/share/asdfr_interfaces/environment/ament_prefix_path.sh
[1.237s] -- Up-to-date: /home/ram-user/ASDFR/install/asdfr_interfaces/share/asdfr_interfaces/environment/ament_prefix_path.dsv
[1.237s] -- Up-to-date: /home/ram-user/ASDFR/install/asdfr_interfaces/share/asdfr_interfaces/environment/path.sh
[1.237s] -- Up-to-date: /home/ram-user/ASDFR/install/asdfr_interfaces/share/asdfr_interfaces/environment/path.dsv
[1.237s] -- Up-to-date: /home/ram-user/ASDFR/install/asdfr_interfaces/share/asdfr_interfaces/local_setup.bash
[1.238s] -- Up-to-date: /home/ram-user/ASDFR/install/asdfr_interfaces/share/asdfr_interfaces/local_setup.sh
[1.238s] -- Up-to-date: /home/ram-user/ASDFR/install/asdfr_interfaces/share/asdfr_interfaces/local_setup.zsh
[1.238s] -- Up-to-date: /home/ram-user/ASDFR/install/asdfr_interfaces/share/asdfr_interfaces/local_setup.dsv
[1.238s] -- Installing: /home/ram-user/ASDFR/install/asdfr_interfaces/share/asdfr_interfaces/package.dsv
[1.238s] -- Up-to-date: /home/ram-user/ASDFR/install/asdfr_interfaces/share/ament_index/resource_index/packages/asdfr_interfaces
[1.238s] -- Up-to-date: /home/ram-user/ASDFR/install/asdfr_interfaces/share/asdfr_interfaces/cmake/export_asdfr_interfaces__rosidl_generator_cExport.cmake
[1.239s] -- Up-to-date: /home/ram-user/ASDFR/install/asdfr_interfaces/share/asdfr_interfaces/cmake/export_asdfr_interfaces__rosidl_generator_cExport-noconfig.cmake
[1.239s] -- Up-to-date: /home/ram-user/ASDFR/install/asdfr_interfaces/share/asdfr_interfaces/cmake/export_asdfr_interfaces__rosidl_typesupport_fastrtps_cExport.cmake
[1.239s] -- Up-to-date: /home/ram-user/ASDFR/install/asdfr_interfaces/share/asdfr_interfaces/cmake/export_asdfr_interfaces__rosidl_typesupport_fastrtps_cExport-noconfig.cmake
[1.239s] -- Up-to-date: /home/ram-user/ASDFR/install/asdfr_interfaces/share/asdfr_interfaces/cmake/asdfr_interfaces__rosidl_typesupport_introspection_cExport.cmake
[1.239s] -- Up-to-date: /home/ram-user/ASDFR/install/asdfr_interfaces/share/asdfr_interfaces/cmake/asdfr_interfaces__rosidl_typesupport_introspection_cExport-noconfig.cmake
[1.239s] -- Up-to-date: /home/ram-user/ASDFR/install/asdfr_interfaces/share/asdfr_interfaces/cmake/asdfr_interfaces__rosidl_typesupport_cExport.cmake
[1.239s] -- Up-to-date: /home/ram-user/ASDFR/install/asdfr_interfaces/share/asdfr_interfaces/cmake/asdfr_interfaces__rosidl_typesupport_cExport-noconfig.cmake
[1.239s] -- Up-to-date: /home/ram-user/ASDFR/install/asdfr_interfaces/share/asdfr_interfaces/cmake/export_asdfr_interfaces__rosidl_generator_cppExport.cmake
[1.239s] -- Up-to-date: /home/ram-user/ASDFR/install/asdfr_interfaces/share/asdfr_interfaces/cmake/export_asdfr_interfaces__rosidl_typesupport_fastrtps_cppExport.cmake
[1.239s] -- Up-to-date: /home/ram-user/ASDFR/install/asdfr_interfaces/share/asdfr_interfaces/cmake/export_asdfr_interfaces__rosidl_typesupport_fastrtps_cppExport-noconfig.cmake
[1.239s] -- Up-to-date: /home/ram-user/ASDFR/install/asdfr_interfaces/share/asdfr_interfaces/cmake/asdfr_interfaces__rosidl_typesupport_introspection_cppExport.cmake
[1.239s] -- Up-to-date: /home/ram-user/ASDFR/install/asdfr_interfaces/share/asdfr_interfaces/cmake/asdfr_interfaces__rosidl_typesupport_introspection_cppExport-noconfig.cmake
[1.239s] -- Up-to-date: /home/ram-user/ASDFR/install/asdfr_interfaces/share/asdfr_interfaces/cmake/asdfr_interfaces__rosidl_typesupport_cppExport.cmake
[1.239s] -- Up-to-date: /home/ram-user/ASDFR/install/asdfr_interfaces/share/asdfr_interfaces/cmake/asdfr_interfaces__rosidl_typesupport_cppExport-noconfig.cmake
[1.239s] -- Up-to-date: /home/ram-user/ASDFR/install/asdfr_interfaces/share/asdfr_interfaces/cmake/export_asdfr_interfaces__rosidl_generator_pyExport.cmake
[1.240s] -- Up-to-date: /home/ram-user/ASDFR/install/asdfr_interfaces/share/asdfr_interfaces/cmake/export_asdfr_interfaces__rosidl_generator_pyExport-noconfig.cmake
[1.240s] -- Up-to-date: /home/ram-user/ASDFR/install/asdfr_interfaces/share/asdfr_interfaces/cmake/rosidl_cmake-extras.cmake
[1.240s] -- Up-to-date: /home/ram-user/ASDFR/install/asdfr_interfaces/share/asdfr_interfaces/cmake/ament_cmake_export_include_directories-extras.cmake
[1.240s] -- Up-to-date: /home/ram-user/ASDFR/install/asdfr_interfaces/share/asdfr_interfaces/cmake/ament_cmake_export_libraries-extras.cmake
[1.240s] -- Up-to-date: /home/ram-user/ASDFR/install/asdfr_interfaces/share/asdfr_interfaces/cmake/ament_cmake_export_targets-extras.cmake
[1.240s] -- Up-to-date: /home/ram-user/ASDFR/install/asdfr_interfaces/share/asdfr_interfaces/cmake/rosidl_cmake_export_typesupport_targets-extras.cmake
[1.240s] -- Up-to-date: /home/ram-user/ASDFR/install/asdfr_interfaces/share/asdfr_interfaces/cmake/ament_cmake_export_dependencies-extras.cmake
[1.240s] -- Up-to-date: /home/ram-user/ASDFR/install/asdfr_interfaces/share/asdfr_interfaces/cmake/rosidl_cmake_export_typesupport_libraries-extras.cmake
[1.240s] -- Up-to-date: /home/ram-user/ASDFR/install/asdfr_interfaces/share/asdfr_interfaces/cmake/asdfr_interfacesConfig.cmake
[1.240s] -- Up-to-date: /home/ram-user/ASDFR/install/asdfr_interfaces/share/asdfr_interfaces/cmake/asdfr_interfacesConfig-version.cmake
[1.240s] -- Up-to-date: /home/ram-user/ASDFR/install/asdfr_interfaces/share/asdfr_interfaces/package.xml
[1.261s] Invoked command in '/home/ram-user/ASDFR/build/asdfr_interfaces' returned '0': CMAKE_PREFIX_PATH=${CMAKE_PREFIX_PATH}:/opt/ros/humble /usr/bin/cmake --install /home/ram-user/ASDFR/build/asdfr_interfaces
