[0.014s] Invoking command in '/home/ram-user/ASDFR/src/ros2_nodes/build/asdfr_interfaces': CMAKE_PREFIX_PATH=${CMAKE_PREFIX_PATH}:/opt/ros/humble /usr/bin/cmake --build /home/ram-user/ASDFR/src/ros2_nodes/build/asdfr_interfaces -- -j2 -l2
[0.087s] [  9%] Built target asdfr_interfaces__rosidl_generator_c
[0.091s] [ 12%] Built target asdfr_interfaces__cpp
[0.153s] [ 12%] Built target ament_cmake_python_copy_asdfr_interfaces
[0.157s] [ 22%] Built target asdfr_interfaces__rosidl_typesupport_cpp
[0.177s] [ 38%] Built target asdfr_interfaces__rosidl_typesupport_introspection_c
[0.178s] [ 41%] Built target asdfr_interfaces__rosidl_typesupport_fastrtps_c
[0.198s] [ 54%] Built target asdfr_interfaces__rosidl_typesupport_fastrtps_cpp
[0.199s] [ 61%] Built target asdfr_interfaces__rosidl_typesupport_c
[0.222s] [ 70%] Built target asdfr_interfaces__rosidl_typesupport_introspection_cpp
[0.260s] [ 70%] Built target asdfr_interfaces
[0.281s] [ 74%] Built target asdfr_interfaces__py
[0.306s] [ 80%] Built target asdfr_interfaces__rosidl_generator_py
[0.337s] [ 87%] Built target asdfr_interfaces__rosidl_typesupport_fastrtps_c__pyext
[0.373s] [ 93%] Built target asdfr_interfaces__rosidl_typesupport_introspection_c__pyext
[0.397s] [100%] Built target asdfr_interfaces__rosidl_typesupport_c__pyext
[0.461s] running egg_info
[0.463s] writing asdfr_interfaces.egg-info/PKG-INFO
[0.463s] writing dependency_links to asdfr_interfaces.egg-info/dependency_links.txt
[0.464s] writing top-level names to asdfr_interfaces.egg-info/top_level.txt
[0.465s] reading manifest file 'asdfr_interfaces.egg-info/SOURCES.txt'
[0.466s] writing manifest file 'asdfr_interfaces.egg-info/SOURCES.txt'
[0.498s] [100%] Built target ament_cmake_python_build_asdfr_interfaces_egg
[0.512s] Invoked command in '/home/ram-user/ASDFR/src/ros2_nodes/build/asdfr_interfaces' returned '0': CMAKE_PREFIX_PATH=${CMAKE_PREFIX_PATH}:/opt/ros/humble /usr/bin/cmake --build /home/ram-user/ASDFR/src/ros2_nodes/build/asdfr_interfaces -- -j2 -l2
[0.644s] Invoking command in '/home/ram-user/ASDFR/src/ros2_nodes/build/asdfr_interfaces': CMAKE_PREFIX_PATH=${CMAKE_PREFIX_PATH}:/opt/ros/humble /usr/bin/cmake --install /home/ram-user/ASDFR/src/ros2_nodes/build/asdfr_interfaces
[0.657s] -- Install configuration: ""
[0.657s] -- Up-to-date: /home/ram-user/ASDFR/src/ros2_nodes/install/asdfr_interfaces/share/ament_index/resource_index/rosidl_interfaces/asdfr_interfaces
[0.658s] -- Up-to-date: /home/ram-user/ASDFR/src/ros2_nodes/install/asdfr_interfaces/include/asdfr_interfaces/asdfr_interfaces
[0.658s] -- Up-to-date: /home/ram-user/ASDFR/src/ros2_nodes/install/asdfr_interfaces/include/asdfr_interfaces/asdfr_interfaces/msg
[0.659s] -- Up-to-date: /home/ram-user/ASDFR/src/ros2_nodes/install/asdfr_interfaces/include/asdfr_interfaces/asdfr_interfaces/msg/detail
[0.659s] -- Up-to-date: /home/ram-user/ASDFR/src/ros2_nodes/install/asdfr_interfaces/include/asdfr_interfaces/asdfr_interfaces/msg/detail/point2__functions.c
[0.669s] -- Up-to-date: /home/ram-user/ASDFR/src/ros2_nodes/install/asdfr_interfaces/include/asdfr_interfaces/asdfr_interfaces/msg/detail/point2__struct.h
[0.669s] -- Up-to-date: /home/ram-user/ASDFR/src/ros2_nodes/install/asdfr_interfaces/include/asdfr_interfaces/asdfr_interfaces/msg/detail/point2__functions.h
[0.669s] -- Up-to-date: /home/ram-user/ASDFR/src/ros2_nodes/install/asdfr_interfaces/include/asdfr_interfaces/asdfr_interfaces/msg/detail/point2__type_support.h
[0.669s] -- Up-to-date: /home/ram-user/ASDFR/src/ros2_nodes/install/asdfr_interfaces/include/asdfr_interfaces/asdfr_interfaces/msg/rosidl_generator_c__visibility_control.h
[0.669s] -- Up-to-date: /home/ram-user/ASDFR/src/ros2_nodes/install/asdfr_interfaces/include/asdfr_interfaces/asdfr_interfaces/msg/point2.h
[0.669s] -- Up-to-date: /home/ram-user/ASDFR/src/ros2_nodes/install/asdfr_interfaces/share/asdfr_interfaces/environment/library_path.sh
[0.672s] -- Up-to-date: /home/ram-user/ASDFR/src/ros2_nodes/install/asdfr_interfaces/share/asdfr_interfaces/environment/library_path.dsv
[0.672s] -- Up-to-date: /home/ram-user/ASDFR/src/ros2_nodes/install/asdfr_interfaces/lib/libasdfr_interfaces__rosidl_generator_c.so
[0.672s] -- Up-to-date: /home/ram-user/ASDFR/src/ros2_nodes/install/asdfr_interfaces/include/asdfr_interfaces/asdfr_interfaces
[0.672s] -- Up-to-date: /home/ram-user/ASDFR/src/ros2_nodes/install/asdfr_interfaces/include/asdfr_interfaces/asdfr_interfaces/msg
[0.672s] -- Up-to-date: /home/ram-user/ASDFR/src/ros2_nodes/install/asdfr_interfaces/include/asdfr_interfaces/asdfr_interfaces/msg/rosidl_typesupport_fastrtps_c__visibility_control.h
[0.672s] -- Up-to-date: /home/ram-user/ASDFR/src/ros2_nodes/install/asdfr_interfaces/include/asdfr_interfaces/asdfr_interfaces/msg/detail
[0.672s] -- Up-to-date: /home/ram-user/ASDFR/src/ros2_nodes/install/asdfr_interfaces/include/asdfr_interfaces/asdfr_interfaces/msg/detail/point2__rosidl_typesupport_fastrtps_c.h
[0.672s] -- Up-to-date: /home/ram-user/ASDFR/src/ros2_nodes/install/asdfr_interfaces/lib/libasdfr_interfaces__rosidl_typesupport_fastrtps_c.so
[0.672s] -- Up-to-date: /home/ram-user/ASDFR/src/ros2_nodes/install/asdfr_interfaces/include/asdfr_interfaces/asdfr_interfaces
[0.672s] -- Up-to-date: /home/ram-user/ASDFR/src/ros2_nodes/install/asdfr_interfaces/include/asdfr_interfaces/asdfr_interfaces/msg
[0.672s] -- Up-to-date: /home/ram-user/ASDFR/src/ros2_nodes/install/asdfr_interfaces/include/asdfr_interfaces/asdfr_interfaces/msg/rosidl_typesupport_introspection_c__visibility_control.h
[0.672s] -- Up-to-date: /home/ram-user/ASDFR/src/ros2_nodes/install/asdfr_interfaces/include/asdfr_interfaces/asdfr_interfaces/msg/detail
[0.672s] -- Up-to-date: /home/ram-user/ASDFR/src/ros2_nodes/install/asdfr_interfaces/include/asdfr_interfaces/asdfr_interfaces/msg/detail/point2__rosidl_typesupport_introspection_c.h
[0.672s] -- Up-to-date: /home/ram-user/ASDFR/src/ros2_nodes/install/asdfr_interfaces/include/asdfr_interfaces/asdfr_interfaces/msg/detail/point2__type_support.c
[0.672s] -- Up-to-date: /home/ram-user/ASDFR/src/ros2_nodes/install/asdfr_interfaces/lib/libasdfr_interfaces__rosidl_typesupport_introspection_c.so
[0.672s] -- Up-to-date: /home/ram-user/ASDFR/src/ros2_nodes/install/asdfr_interfaces/lib/libasdfr_interfaces__rosidl_typesupport_c.so
[0.673s] -- Up-to-date: /home/ram-user/ASDFR/src/ros2_nodes/install/asdfr_interfaces/include/asdfr_interfaces/asdfr_interfaces
[0.673s] -- Up-to-date: /home/ram-user/ASDFR/src/ros2_nodes/install/asdfr_interfaces/include/asdfr_interfaces/asdfr_interfaces/msg
[0.688s] -- Up-to-date: /home/ram-user/ASDFR/src/ros2_nodes/install/asdfr_interfaces/include/asdfr_interfaces/asdfr_interfaces/msg/point2.hpp
[0.688s] -- Up-to-date: /home/ram-user/ASDFR/src/ros2_nodes/install/asdfr_interfaces/include/asdfr_interfaces/asdfr_interfaces/msg/detail
[0.688s] -- Up-to-date: /home/ram-user/ASDFR/src/ros2_nodes/install/asdfr_interfaces/include/asdfr_interfaces/asdfr_interfaces/msg/detail/point2__traits.hpp
[0.688s] -- Up-to-date: /home/ram-user/ASDFR/src/ros2_nodes/install/asdfr_interfaces/include/asdfr_interfaces/asdfr_interfaces/msg/detail/point2__builder.hpp
[0.688s] -- Up-to-date: /home/ram-user/ASDFR/src/ros2_nodes/install/asdfr_interfaces/include/asdfr_interfaces/asdfr_interfaces/msg/detail/point2__struct.hpp
[0.688s] -- Up-to-date: /home/ram-user/ASDFR/src/ros2_nodes/install/asdfr_interfaces/include/asdfr_interfaces/asdfr_interfaces
[0.692s] -- Up-to-date: /home/ram-user/ASDFR/src/ros2_nodes/install/asdfr_interfaces/include/asdfr_interfaces/asdfr_interfaces/msg
[0.692s] -- Up-to-date: /home/ram-user/ASDFR/src/ros2_nodes/install/asdfr_interfaces/include/asdfr_interfaces/asdfr_interfaces/msg/detail
[0.692s] -- Up-to-date: /home/ram-user/ASDFR/src/ros2_nodes/install/asdfr_interfaces/include/asdfr_interfaces/asdfr_interfaces/msg/detail/point2__rosidl_typesupport_fastrtps_cpp.hpp
[0.692s] -- Up-to-date: /home/ram-user/ASDFR/src/ros2_nodes/install/asdfr_interfaces/include/asdfr_interfaces/asdfr_interfaces/msg/detail/dds_fastrtps
[0.692s] -- Up-to-date: /home/ram-user/ASDFR/src/ros2_nodes/install/asdfr_interfaces/include/asdfr_interfaces/asdfr_interfaces/msg/rosidl_typesupport_fastrtps_cpp__visibility_control.h
[0.692s] -- Up-to-date: /home/ram-user/ASDFR/src/ros2_nodes/install/asdfr_interfaces/lib/libasdfr_interfaces__rosidl_typesupport_fastrtps_cpp.so
[0.692s] -- Up-to-date: /home/ram-user/ASDFR/src/ros2_nodes/install/asdfr_interfaces/include/asdfr_interfaces/asdfr_interfaces
[0.692s] -- Up-to-date: /home/ram-user/ASDFR/src/ros2_nodes/install/asdfr_interfaces/include/asdfr_interfaces/asdfr_interfaces/msg
[0.692s] -- Up-to-date: /home/ram-user/ASDFR/src/ros2_nodes/install/asdfr_interfaces/include/asdfr_interfaces/asdfr_interfaces/msg/detail
[0.693s] -- Up-to-date: /home/ram-user/ASDFR/src/ros2_nodes/install/asdfr_interfaces/include/asdfr_interfaces/asdfr_interfaces/msg/detail/point2__rosidl_typesupport_introspection_cpp.hpp
[0.693s] -- Up-to-date: /home/ram-user/ASDFR/src/ros2_nodes/install/asdfr_interfaces/include/asdfr_interfaces/asdfr_interfaces/msg/detail/point2__type_support.cpp
[0.693s] -- Up-to-date: /home/ram-user/ASDFR/src/ros2_nodes/install/asdfr_interfaces/lib/libasdfr_interfaces__rosidl_typesupport_introspection_cpp.so
[0.693s] -- Up-to-date: /home/ram-user/ASDFR/src/ros2_nodes/install/asdfr_interfaces/lib/libasdfr_interfaces__rosidl_typesupport_cpp.so
[0.693s] -- Up-to-date: /home/ram-user/ASDFR/src/ros2_nodes/install/asdfr_interfaces/share/asdfr_interfaces/environment/pythonpath.sh
[0.693s] -- Up-to-date: /home/ram-user/ASDFR/src/ros2_nodes/install/asdfr_interfaces/share/asdfr_interfaces/environment/pythonpath.dsv
[0.693s] -- Up-to-date: /home/ram-user/ASDFR/src/ros2_nodes/install/asdfr_interfaces/local/lib/python3.10/dist-packages/asdfr_interfaces-0.0.0-py3.10.egg-info
[0.693s] -- Installing: /home/ram-user/ASDFR/src/ros2_nodes/install/asdfr_interfaces/local/lib/python3.10/dist-packages/asdfr_interfaces-0.0.0-py3.10.egg-info/dependency_links.txt
[0.693s] -- Installing: /home/ram-user/ASDFR/src/ros2_nodes/install/asdfr_interfaces/local/lib/python3.10/dist-packages/asdfr_interfaces-0.0.0-py3.10.egg-info/top_level.txt
[0.693s] -- Installing: /home/ram-user/ASDFR/src/ros2_nodes/install/asdfr_interfaces/local/lib/python3.10/dist-packages/asdfr_interfaces-0.0.0-py3.10.egg-info/PKG-INFO
[0.693s] -- Installing: /home/ram-user/ASDFR/src/ros2_nodes/install/asdfr_interfaces/local/lib/python3.10/dist-packages/asdfr_interfaces-0.0.0-py3.10.egg-info/SOURCES.txt
[0.693s] -- Up-to-date: /home/ram-user/ASDFR/src/ros2_nodes/install/asdfr_interfaces/local/lib/python3.10/dist-packages/asdfr_interfaces
[0.693s] -- Up-to-date: /home/ram-user/ASDFR/src/ros2_nodes/install/asdfr_interfaces/local/lib/python3.10/dist-packages/asdfr_interfaces/__init__.py
[0.693s] -- Up-to-date: /home/ram-user/ASDFR/src/ros2_nodes/install/asdfr_interfaces/local/lib/python3.10/dist-packages/asdfr_interfaces/_asdfr_interfaces_s.ep.rosidl_typesupport_fastrtps_c.c
[0.693s] -- Up-to-date: /home/ram-user/ASDFR/src/ros2_nodes/install/asdfr_interfaces/local/lib/python3.10/dist-packages/asdfr_interfaces/asdfr_interfaces_s__rosidl_typesupport_introspection_c.cpython-310-x86_64-linux-gnu.so
[0.693s] -- Up-to-date: /home/ram-user/ASDFR/src/ros2_nodes/install/asdfr_interfaces/local/lib/python3.10/dist-packages/asdfr_interfaces/libasdfr_interfaces__rosidl_generator_py.so
[0.694s] -- Up-to-date: /home/ram-user/ASDFR/src/ros2_nodes/install/asdfr_interfaces/local/lib/python3.10/dist-packages/asdfr_interfaces/asdfr_interfaces_s__rosidl_typesupport_c.cpython-310-x86_64-linux-gnu.so
[0.694s] -- Up-to-date: /home/ram-user/ASDFR/src/ros2_nodes/install/asdfr_interfaces/local/lib/python3.10/dist-packages/asdfr_interfaces/_asdfr_interfaces_s.ep.rosidl_typesupport_introspection_c.c
[0.694s] -- Up-to-date: /home/ram-user/ASDFR/src/ros2_nodes/install/asdfr_interfaces/local/lib/python3.10/dist-packages/asdfr_interfaces/_asdfr_interfaces_s.ep.rosidl_typesupport_c.c
[0.694s] -- Up-to-date: /home/ram-user/ASDFR/src/ros2_nodes/install/asdfr_interfaces/local/lib/python3.10/dist-packages/asdfr_interfaces/msg
[0.694s] -- Up-to-date: /home/ram-user/ASDFR/src/ros2_nodes/install/asdfr_interfaces/local/lib/python3.10/dist-packages/asdfr_interfaces/msg/__init__.py
[0.694s] -- Up-to-date: /home/ram-user/ASDFR/src/ros2_nodes/install/asdfr_interfaces/local/lib/python3.10/dist-packages/asdfr_interfaces/msg/_point2.py
[0.694s] -- Up-to-date: /home/ram-user/ASDFR/src/ros2_nodes/install/asdfr_interfaces/local/lib/python3.10/dist-packages/asdfr_interfaces/msg/_point2_s.c
[0.694s] -- Up-to-date: /home/ram-user/ASDFR/src/ros2_nodes/install/asdfr_interfaces/local/lib/python3.10/dist-packages/asdfr_interfaces/asdfr_interfaces_s__rosidl_typesupport_fastrtps_c.cpython-310-x86_64-linux-gnu.so
[0.752s] Listing '/home/ram-user/ASDFR/src/ros2_nodes/install/asdfr_interfaces/local/lib/python3.10/dist-packages/asdfr_interfaces'...
[0.752s] Listing '/home/ram-user/ASDFR/src/ros2_nodes/install/asdfr_interfaces/local/lib/python3.10/dist-packages/asdfr_interfaces/msg'...
[0.752s] -- Up-to-date: /home/ram-user/ASDFR/src/ros2_nodes/install/asdfr_interfaces/local/lib/python3.10/dist-packages/asdfr_interfaces/asdfr_interfaces_s__rosidl_typesupport_fastrtps_c.cpython-310-x86_64-linux-gnu.so
[0.752s] -- Up-to-date: /home/ram-user/ASDFR/src/ros2_nodes/install/asdfr_interfaces/local/lib/python3.10/dist-packages/asdfr_interfaces/asdfr_interfaces_s__rosidl_typesupport_introspection_c.cpython-310-x86_64-linux-gnu.so
[0.752s] -- Up-to-date: /home/ram-user/ASDFR/src/ros2_nodes/install/asdfr_interfaces/local/lib/python3.10/dist-packages/asdfr_interfaces/asdfr_interfaces_s__rosidl_typesupport_c.cpython-310-x86_64-linux-gnu.so
[0.752s] -- Up-to-date: /home/ram-user/ASDFR/src/ros2_nodes/install/asdfr_interfaces/lib/libasdfr_interfaces__rosidl_generator_py.so
[0.752s] -- Up-to-date: /home/ram-user/ASDFR/src/ros2_nodes/install/asdfr_interfaces/share/asdfr_interfaces/msg/Point2.idl
[0.752s] -- Up-to-date: /home/ram-user/ASDFR/src/ros2_nodes/install/asdfr_interfaces/share/asdfr_interfaces/msg/Point2.msg
[0.752s] -- Up-to-date: /home/ram-user/ASDFR/src/ros2_nodes/install/asdfr_interfaces/share/ament_index/resource_index/package_run_dependencies/asdfr_interfaces
[0.752s] -- Up-to-date: /home/ram-user/ASDFR/src/ros2_nodes/install/asdfr_interfaces/share/ament_index/resource_index/parent_prefix_path/asdfr_interfaces
[0.753s] -- Up-to-date: /home/ram-user/ASDFR/src/ros2_nodes/install/asdfr_interfaces/share/asdfr_interfaces/environment/ament_prefix_path.sh
[0.753s] -- Up-to-date: /home/ram-user/ASDFR/src/ros2_nodes/install/asdfr_interfaces/share/asdfr_interfaces/environment/ament_prefix_path.dsv
[0.753s] -- Up-to-date: /home/ram-user/ASDFR/src/ros2_nodes/install/asdfr_interfaces/share/asdfr_interfaces/environment/path.sh
[0.753s] -- Up-to-date: /home/ram-user/ASDFR/src/ros2_nodes/install/asdfr_interfaces/share/asdfr_interfaces/environment/path.dsv
[0.753s] -- Up-to-date: /home/ram-user/ASDFR/src/ros2_nodes/install/asdfr_interfaces/share/asdfr_interfaces/local_setup.bash
[0.753s] -- Up-to-date: /home/ram-user/ASDFR/src/ros2_nodes/install/asdfr_interfaces/share/asdfr_interfaces/local_setup.sh
[0.753s] -- Up-to-date: /home/ram-user/ASDFR/src/ros2_nodes/install/asdfr_interfaces/share/asdfr_interfaces/local_setup.zsh
[0.753s] -- Up-to-date: /home/ram-user/ASDFR/src/ros2_nodes/install/asdfr_interfaces/share/asdfr_interfaces/local_setup.dsv
[0.753s] -- Installing: /home/ram-user/ASDFR/src/ros2_nodes/install/asdfr_interfaces/share/asdfr_interfaces/package.dsv
[0.753s] -- Up-to-date: /home/ram-user/ASDFR/src/ros2_nodes/install/asdfr_interfaces/share/ament_index/resource_index/packages/asdfr_interfaces
[0.753s] -- Up-to-date: /home/ram-user/ASDFR/src/ros2_nodes/install/asdfr_interfaces/share/asdfr_interfaces/cmake/export_asdfr_interfaces__rosidl_generator_cExport.cmake
[0.753s] -- Up-to-date: /home/ram-user/ASDFR/src/ros2_nodes/install/asdfr_interfaces/share/asdfr_interfaces/cmake/export_asdfr_interfaces__rosidl_generator_cExport-noconfig.cmake
[0.753s] -- Up-to-date: /home/ram-user/ASDFR/src/ros2_nodes/install/asdfr_interfaces/share/asdfr_interfaces/cmake/export_asdfr_interfaces__rosidl_typesupport_fastrtps_cExport.cmake
[0.753s] -- Up-to-date: /home/ram-user/ASDFR/src/ros2_nodes/install/asdfr_interfaces/share/asdfr_interfaces/cmake/export_asdfr_interfaces__rosidl_typesupport_fastrtps_cExport-noconfig.cmake
[0.753s] -- Up-to-date: /home/ram-user/ASDFR/src/ros2_nodes/install/asdfr_interfaces/share/asdfr_interfaces/cmake/asdfr_interfaces__rosidl_typesupport_introspection_cExport.cmake
[0.753s] -- Up-to-date: /home/ram-user/ASDFR/src/ros2_nodes/install/asdfr_interfaces/share/asdfr_interfaces/cmake/asdfr_interfaces__rosidl_typesupport_introspection_cExport-noconfig.cmake
[0.754s] -- Up-to-date: /home/ram-user/ASDFR/src/ros2_nodes/install/asdfr_interfaces/share/asdfr_interfaces/cmake/asdfr_interfaces__rosidl_typesupport_cExport.cmake
[0.754s] -- Up-to-date: /home/ram-user/ASDFR/src/ros2_nodes/install/asdfr_interfaces/share/asdfr_interfaces/cmake/asdfr_interfaces__rosidl_typesupport_cExport-noconfig.cmake
[0.754s] -- Up-to-date: /home/ram-user/ASDFR/src/ros2_nodes/install/asdfr_interfaces/share/asdfr_interfaces/cmake/export_asdfr_interfaces__rosidl_generator_cppExport.cmake
[0.754s] -- Up-to-date: /home/ram-user/ASDFR/src/ros2_nodes/install/asdfr_interfaces/share/asdfr_interfaces/cmake/export_asdfr_interfaces__rosidl_typesupport_fastrtps_cppExport.cmake
[0.754s] -- Up-to-date: /home/ram-user/ASDFR/src/ros2_nodes/install/asdfr_interfaces/share/asdfr_interfaces/cmake/export_asdfr_interfaces__rosidl_typesupport_fastrtps_cppExport-noconfig.cmake
[0.754s] -- Up-to-date: /home/ram-user/ASDFR/src/ros2_nodes/install/asdfr_interfaces/share/asdfr_interfaces/cmake/asdfr_interfaces__rosidl_typesupport_introspection_cppExport.cmake
[0.754s] -- Up-to-date: /home/ram-user/ASDFR/src/ros2_nodes/install/asdfr_interfaces/share/asdfr_interfaces/cmake/asdfr_interfaces__rosidl_typesupport_introspection_cppExport-noconfig.cmake
[0.754s] -- Up-to-date: /home/ram-user/ASDFR/src/ros2_nodes/install/asdfr_interfaces/share/asdfr_interfaces/cmake/asdfr_interfaces__rosidl_typesupport_cppExport.cmake
[0.754s] -- Up-to-date: /home/ram-user/ASDFR/src/ros2_nodes/install/asdfr_interfaces/share/asdfr_interfaces/cmake/asdfr_interfaces__rosidl_typesupport_cppExport-noconfig.cmake
[0.754s] -- Up-to-date: /home/ram-user/ASDFR/src/ros2_nodes/install/asdfr_interfaces/share/asdfr_interfaces/cmake/export_asdfr_interfaces__rosidl_generator_pyExport.cmake
[0.754s] -- Up-to-date: /home/ram-user/ASDFR/src/ros2_nodes/install/asdfr_interfaces/share/asdfr_interfaces/cmake/export_asdfr_interfaces__rosidl_generator_pyExport-noconfig.cmake
[0.754s] -- Up-to-date: /home/ram-user/ASDFR/src/ros2_nodes/install/asdfr_interfaces/share/asdfr_interfaces/cmake/rosidl_cmake-extras.cmake
[0.754s] -- Up-to-date: /home/ram-user/ASDFR/src/ros2_nodes/install/asdfr_interfaces/share/asdfr_interfaces/cmake/ament_cmake_export_include_directories-extras.cmake
[0.754s] -- Up-to-date: /home/ram-user/ASDFR/src/ros2_nodes/install/asdfr_interfaces/share/asdfr_interfaces/cmake/ament_cmake_export_libraries-extras.cmake
[0.755s] -- Up-to-date: /home/ram-user/ASDFR/src/ros2_nodes/install/asdfr_interfaces/share/asdfr_interfaces/cmake/ament_cmake_export_targets-extras.cmake
[0.755s] -- Up-to-date: /home/ram-user/ASDFR/src/ros2_nodes/install/asdfr_interfaces/share/asdfr_interfaces/cmake/rosidl_cmake_export_typesupport_targets-extras.cmake
[0.755s] -- Up-to-date: /home/ram-user/ASDFR/src/ros2_nodes/install/asdfr_interfaces/share/asdfr_interfaces/cmake/ament_cmake_export_dependencies-extras.cmake
[0.755s] -- Up-to-date: /home/ram-user/ASDFR/src/ros2_nodes/install/asdfr_interfaces/share/asdfr_interfaces/cmake/rosidl_cmake_export_typesupport_libraries-extras.cmake
[0.755s] -- Up-to-date: /home/ram-user/ASDFR/src/ros2_nodes/install/asdfr_interfaces/share/asdfr_interfaces/cmake/asdfr_interfacesConfig.cmake
[0.755s] -- Up-to-date: /home/ram-user/ASDFR/src/ros2_nodes/install/asdfr_interfaces/share/asdfr_interfaces/cmake/asdfr_interfacesConfig-version.cmake
[0.755s] -- Up-to-date: /home/ram-user/ASDFR/src/ros2_nodes/install/asdfr_interfaces/share/asdfr_interfaces/package.xml
[0.761s] Invoked command in '/home/ram-user/ASDFR/src/ros2_nodes/build/asdfr_interfaces' returned '0': CMAKE_PREFIX_PATH=${CMAKE_PREFIX_PATH}:/opt/ros/humble /usr/bin/cmake --install /home/ram-user/ASDFR/src/ros2_nodes/build/asdfr_interfaces
