[01m[K/home/ram-user/ASDFR/src/brightnode/src/Brightness_check.cpp:27:29:[m[K [01;31m[Kerror: [m[K‘[01m[Ksensor_msgs[m[K’ does not name a type
   27 |   void topic_callback(const [01;31m[Ksensor_msgs[m[K::msg::Image::SharedPtr image_msg)
      |                             [01;31m[K^~~~~~~~~~~[m[K
[01m[K/home/ram-user/ASDFR/src/brightnode/src/Brightness_check.cpp:27:45:[m[K [01;31m[Kerror: [m[Kexpected unqualified-id before ‘[01m[K::[m[K’ token
   27 |   void topic_callback(const sensor_msgs::msg[01;31m[K::[m[KImage::SharedPtr image_msg)
      |                                             [01;31m[K^~[m[K
[01m[K/home/ram-user/ASDFR/src/brightnode/src/Brightness_check.cpp:27:45:[m[K [01;31m[Kerror: [m[Kexpected ‘[01m[K)[m[K’ before ‘[01m[K::[m[K’ token
   27 |   void topic_callback[34m[K([m[Kconst sensor_msgs::msg[01;31m[K:[m[K[32m[K:[m[KImage::SharedPtr image_msg)
      |                      [34m[K~[m[K                      [01;31m[K^[m[K[32m[K~[m[K
      |                                             [32m[K)[m[K
[01m[K/home/ram-user/ASDFR/src/brightnode/src/Brightness_check.cpp:27:42:[m[K [01;31m[Kerror: [m[Kexpected ‘[01m[K;[m[K’ at end of member declaration
   27 |   void topic_callback(const sensor_msgs::[01;31m[Kmsg[m[K::Image::SharedPtr image_msg)
      |                                          [01;31m[K^~~[m[K
      |                                             [32m[K;[m[K
[01m[K/home/ram-user/ASDFR/src/brightnode/src/Brightness_check.cpp:27:47:[m[K [01;31m[Kerror: [m[K‘[01m[KImage[m[K’ in namespace ‘[01m[K::[m[K’ does not name a type
   27 |   void topic_callback(const sensor_msgs::msg::[01;31m[KImage[m[K::SharedPtr image_msg)
      |                                               [01;31m[K^~~~~[m[K
[01m[K/home/ram-user/ASDFR/src/brightnode/src/Brightness_check.cpp:57:24:[m[K [01;31m[Kerror: [m[K‘[01m[Ksensor_msgs[m[K’ was not declared in this scope
   57 |   rclcpp::Subscription<[01;31m[Ksensor_msgs[m[K::msg::Image>::SharedPtr subscription_;
      |                        [01;31m[K^~~~~~~~~~~[m[K
[01m[K/home/ram-user/ASDFR/src/brightnode/src/Brightness_check.cpp:57:47:[m[K [01;31m[Kerror: [m[Ktemplate argument 1 is invalid
   57 |   rclcpp::Subscription<sensor_msgs::msg::Image[01;31m[K>[m[K::SharedPtr subscription_;
      |                                               [01;31m[K^[m[K
[01m[K/home/ram-user/ASDFR/src/brightnode/src/Brightness_check.cpp:57:47:[m[K [01;31m[Kerror: [m[Ktemplate argument 3 is invalid
[01m[K/home/ram-user/ASDFR/src/brightnode/src/Brightness_check.cpp:57:47:[m[K [01;31m[Kerror: [m[Ktemplate argument 4 is invalid
[01m[K/home/ram-user/ASDFR/src/brightnode/src/Brightness_check.cpp:57:47:[m[K [01;31m[Kerror: [m[Ktemplate argument 5 is invalid
[01m[K/home/ram-user/ASDFR/src/brightnode/src/Brightness_check.cpp:57:50:[m[K [01;31m[Kerror: [m[Kexpected ‘[01m[K;[m[K’ at end of member declaration
   57 |   rclcpp::Subscription<sensor_msgs::msg::Image>::[01;31m[KSharedPtr[m[K subscription_;
      |                                                  [01;31m[K^~~~~~~~~[m[K
      |                                                           [32m[K;[m[K
[01m[K/home/ram-user/ASDFR/src/brightnode/src/Brightness_check.cpp:57:60:[m[K [01;31m[Kerror: [m[K‘[01m[Ksubscription_[m[K’ does not name a type; did you mean ‘[01m[Krmw_subscription_t[m[K’?
   57 |   rclcpp::Subscription<sensor_msgs::msg::Image>::SharedPtr [01;31m[Ksubscription_[m[K;
      |                                                            [01;31m[K^~~~~~~~~~~~~[m[K
      |                                                            [32m[Krmw_subscription_t[m[K
[01m[K/home/ram-user/ASDFR/src/brightnode/src/Brightness_check.cpp:[m[K In constructor ‘[01m[KBrightnessDeterminer::BrightnessDeterminer()[m[K’:
[01m[K/home/ram-user/ASDFR/src/brightnode/src/Brightness_check.cpp:20:5:[m[K [01;31m[Kerror: [m[K‘[01m[Ksubscription_[m[K’ was not declared in this scope; did you mean ‘[01m[Krmw_subscription_t[m[K’?
   20 |     [01;31m[Ksubscription_[m[K = this->create_subscription<image_tools::ROSCvMatContainer >(
      |     [01;31m[K^~~~~~~~~~~~~[m[K
      |     [32m[Krmw_subscription_t[m[K
[01m[K/home/ram-user/ASDFR/src/brightnode/src/Brightness_check.cpp:20:47:[m[K [01;31m[Kerror: [m[K‘[01m[Kimage_tools[m[K’ was not declared in this scope
   20 |     subscription_ = this->create_subscription<[01;31m[Kimage_tools[m[K::ROSCvMatContainer >(
      |                                               [01;31m[K^~~~~~~~~~~[m[K
[01m[K/home/ram-user/ASDFR/src/brightnode/src/Brightness_check.cpp:20:27:[m[K [01;31m[Kerror: [m[Kparse error in template argument list
   20 |     subscription_ = this->[01;31m[Kcreate_subscription<image_tools::ROSCvMatContainer >[m[K(
      |                           [01;31m[K^~~~~~~~~~~~~~~~~~~~~~~~~~~~~~~~~~~~~~~~~~~~~~~~~~~~[m[K
[01m[K/home/ram-user/ASDFR/src/brightnode/src/Brightness_check.cpp:20:79:[m[K [01;31m[Kerror: [m[Kno matching function for call to ‘[01m[KBrightnessDeterminer::create_subscription<<expression error> >(const char [6], int, std::_Bind_helper<false, void (BrightnessDeterminer::*)(...), BrightnessDeterminer*, const std::_Placeholder<1>&>::type)[m[K’
   20 |     subscription_ = [01;31m[Kthis->create_subscription<image_tools::ROSCvMatContainer >([m[K
      |                     [01;31m[K~~~~~~~~~~~~~~~~~~~~~~~~~~~~~~~~~~~~~~~~~~~~~~~~~~~~~~~~~~^[m[K
   21 | [01;31m[K      "topic", 10, std::bind(&BrightnessDeterminer::topic_callback, this, std::placeholders::_1))[m[K;
      |       [01;31m[K~~~~~~~~~~~~~~~~~~~~~~~~~~~~~~~~~~~~~~~~~~~~~~~~~~~~~~~~~~~~~~~~~~~~~~~~~~~~~~~~~~~~~~~~~~~[m[K
In file included from [01m[K/opt/ros/humble/include/rclcpp/rclcpp/executors/single_threaded_executor.hpp:28[m[K,
                 from [01m[K/opt/ros/humble/include/rclcpp/rclcpp/executors.hpp:22[m[K,
                 from [01m[K/opt/ros/humble/include/rclcpp/rclcpp/rclcpp.hpp:155[m[K,
                 from [01m[K/home/ram-user/ASDFR/src/brightnode/src/Brightness_check.cpp:9[m[K:
[01m[K/opt/ros/humble/include/rclcpp/rclcpp/node.hpp:219:3:[m[K [01;36m[Knote: [m[Kcandidate: ‘[01m[Ktemplate<class MessageT, class CallbackT, class AllocatorT, class SubscriptionT, class MessageMemoryStrategyT> std::shared_ptr<ROSMessageT> rclcpp::Node::create_subscription(const string&, const rclcpp::QoS&, CallbackT&&, const rclcpp::SubscriptionOptionsWithAllocator<AllocatorT>&, typename MessageMemoryStrategyT::SharedPtr)[m[K’
  219 |   [01;36m[Kcreate_subscription[m[K(
      |   [01;36m[K^~~~~~~~~~~~~~~~~~~[m[K
[01m[K/opt/ros/humble/include/rclcpp/rclcpp/node.hpp:219:3:[m[K [01;36m[Knote: [m[K  template argument deduction/substitution failed:
[01m[K/home/ram-user/ASDFR/src/brightnode/src/Brightness_check.cpp:20:79:[m[K [01;31m[Kerror: [m[Ktemplate argument 1 is invalid
   20 |     subscription_ = [01;31m[Kthis->create_subscription<image_tools::ROSCvMatContainer >([m[K
      |                     [01;31m[K~~~~~~~~~~~~~~~~~~~~~~~~~~~~~~~~~~~~~~~~~~~~~~~~~~~~~~~~~~^[m[K
   21 | [01;31m[K      "topic", 10, std::bind(&BrightnessDeterminer::topic_callback, this, std::placeholders::_1))[m[K;
      |       [01;31m[K~~~~~~~~~~~~~~~~~~~~~~~~~~~~~~~~~~~~~~~~~~~~~~~~~~~~~~~~~~~~~~~~~~~~~~~~~~~~~~~~~~~~~~~~~~~[m[K
gmake[2]: *** [CMakeFiles/Mrbrightside.dir/build.make:76: CMakeFiles/Mrbrightside.dir/src/Brightness_check.cpp.o] Error 1
gmake[1]: *** [CMakeFiles/Makefile2:137: CMakeFiles/Mrbrightside.dir/all] Error 2
gmake: *** [Makefile:146: all] Error 2
