[0.048s] Invoking command in '/home/ram-user/ASDFR/src/ros2_nodes/src/build/jiwy_controller': CMAKE_PREFIX_PATH=/home/ram-user/ASDFR/src/ros2_nodes/src/install/asdfr_interfaces:/home/ram-user/ASDFR/src/ros2_nodes/src/install/jiwy_simulator:/home/ram-user/ASDFR/src/ros2_nodes/src/install/jiwy_controller:/opt/ros/humble /usr/bin/cmake --build /home/ram-user/ASDFR/src/ros2_nodes/src/build/jiwy_controller -- -j2 -l2
[0.145s] [35m[1mConsolidate compiler generated dependencies of target jiwy_controller[0m
[0.171s] [ 25%] [32mBuilding CXX object CMakeFiles/jiwy_controller.dir/src/jiwy_controller.cpp.o[0m
[5.469s] [ 50%] [32m[1mLinking CXX executable jiwy_controller[0m
[5.702s] [ 50%] Built target jiwy_controller
[5.728s] [100%] Built target simplesub
[5.744s] Invoked command in '/home/ram-user/ASDFR/src/ros2_nodes/src/build/jiwy_controller' returned '0': CMAKE_PREFIX_PATH=/home/ram-user/ASDFR/src/ros2_nodes/src/install/asdfr_interfaces:/home/ram-user/ASDFR/src/ros2_nodes/src/install/jiwy_simulator:/home/ram-user/ASDFR/src/ros2_nodes/src/install/jiwy_controller:/opt/ros/humble /usr/bin/cmake --build /home/ram-user/ASDFR/src/ros2_nodes/src/build/jiwy_controller -- -j2 -l2
[5.774s] Invoking command in '/home/ram-user/ASDFR/src/ros2_nodes/src/build/jiwy_controller': CMAKE_PREFIX_PATH=/home/ram-user/ASDFR/src/ros2_nodes/src/install/asdfr_interfaces:/home/ram-user/ASDFR/src/ros2_nodes/src/install/jiwy_simulator:/home/ram-user/ASDFR/src/ros2_nodes/src/install/jiwy_controller:/opt/ros/humble /usr/bin/cmake --install /home/ram-user/ASDFR/src/ros2_nodes/src/build/jiwy_controller
[5.787s] -- Install configuration: ""
[5.787s] -- Installing: /home/ram-user/ASDFR/src/ros2_nodes/src/install/jiwy_controller/lib/jiwy_controller/jiwy_controller
[5.787s] -- Set runtime path of "/home/ram-user/ASDFR/src/ros2_nodes/src/install/jiwy_controller/lib/jiwy_controller/jiwy_controller" to ""
[5.787s] -- Up-to-date: /home/ram-user/ASDFR/src/ros2_nodes/src/install/jiwy_controller/lib/jiwy_controller/simplesub
[5.787s] -- Up-to-date: /home/ram-user/ASDFR/src/ros2_nodes/src/install/jiwy_controller/share/ament_index/resource_index/package_run_dependencies/jiwy_controller
[5.788s] -- Up-to-date: /home/ram-user/ASDFR/src/ros2_nodes/src/install/jiwy_controller/share/ament_index/resource_index/parent_prefix_path/jiwy_controller
[5.788s] -- Up-to-date: /home/ram-user/ASDFR/src/ros2_nodes/src/install/jiwy_controller/share/jiwy_controller/environment/ament_prefix_path.sh
[5.788s] -- Up-to-date: /home/ram-user/ASDFR/src/ros2_nodes/src/install/jiwy_controller/share/jiwy_controller/environment/ament_prefix_path.dsv
[5.788s] -- Up-to-date: /home/ram-user/ASDFR/src/ros2_nodes/src/install/jiwy_controller/share/jiwy_controller/environment/path.sh
[5.788s] -- Up-to-date: /home/ram-user/ASDFR/src/ros2_nodes/src/install/jiwy_controller/share/jiwy_controller/environment/path.dsv
[5.788s] -- Up-to-date: /home/ram-user/ASDFR/src/ros2_nodes/src/install/jiwy_controller/share/jiwy_controller/local_setup.bash
[5.788s] -- Up-to-date: /home/ram-user/ASDFR/src/ros2_nodes/src/install/jiwy_controller/share/jiwy_controller/local_setup.sh
[5.788s] -- Up-to-date: /home/ram-user/ASDFR/src/ros2_nodes/src/install/jiwy_controller/share/jiwy_controller/local_setup.zsh
[5.788s] -- Up-to-date: /home/ram-user/ASDFR/src/ros2_nodes/src/install/jiwy_controller/share/jiwy_controller/local_setup.dsv
[5.788s] -- Installing: /home/ram-user/ASDFR/src/ros2_nodes/src/install/jiwy_controller/share/jiwy_controller/package.dsv
[5.788s] -- Up-to-date: /home/ram-user/ASDFR/src/ros2_nodes/src/install/jiwy_controller/share/ament_index/resource_index/packages/jiwy_controller
[5.788s] -- Up-to-date: /home/ram-user/ASDFR/src/ros2_nodes/src/install/jiwy_controller/share/jiwy_controller/cmake/jiwy_controllerConfig.cmake
[5.788s] -- Up-to-date: /home/ram-user/ASDFR/src/ros2_nodes/src/install/jiwy_controller/share/jiwy_controller/cmake/jiwy_controllerConfig-version.cmake
[5.788s] -- Up-to-date: /home/ram-user/ASDFR/src/ros2_nodes/src/install/jiwy_controller/share/jiwy_controller/package.xml
[5.796s] Invoked command in '/home/ram-user/ASDFR/src/ros2_nodes/src/build/jiwy_controller' returned '0': CMAKE_PREFIX_PATH=/home/ram-user/ASDFR/src/ros2_nodes/src/install/asdfr_interfaces:/home/ram-user/ASDFR/src/ros2_nodes/src/install/jiwy_simulator:/home/ram-user/ASDFR/src/ros2_nodes/src/install/jiwy_controller:/opt/ros/humble /usr/bin/cmake --install /home/ram-user/ASDFR/src/ros2_nodes/src/build/jiwy_controller
