[0.070s] Invoking command in '/home/ram-user/ASDFR/src/ros2_nodes/build/jiwy_simulator': AMENT_PREFIX_PATH=/home/ram-user/ASDFR/src/ros2_nodes/install/asdfr_interfaces:${AMENT_PREFIX_PATH} CMAKE_PREFIX_PATH=/home/ram-user/ASDFR/src/ros2_nodes/install/asdfr_interfaces:/opt/ros/humble LD_LIBRARY_PATH=/home/ram-user/ASDFR/src/ros2_nodes/install/asdfr_interfaces/lib:${LD_LIBRARY_PATH} PYTHONPATH=/home/ram-user/ASDFR/src/ros2_nodes/install/asdfr_interfaces/local/lib/python3.10/dist-packages:${PYTHONPATH} /usr/bin/cmake --build /home/ram-user/ASDFR/src/ros2_nodes/build/jiwy_simulator -- -j2 -l2
[0.241s] [ 50%] [32mBuilding CXX object CMakeFiles/jiwy_simulator.dir/src/jiwy_simulator.cpp.o[0m
[23.809s] [100%] [32m[1mLinking CXX executable jiwy_simulator[0m
[24.769s] [100%] Built target jiwy_simulator
[24.784s] Invoked command in '/home/ram-user/ASDFR/src/ros2_nodes/build/jiwy_simulator' returned '0': AMENT_PREFIX_PATH=/home/ram-user/ASDFR/src/ros2_nodes/install/asdfr_interfaces:${AMENT_PREFIX_PATH} CMAKE_PREFIX_PATH=/home/ram-user/ASDFR/src/ros2_nodes/install/asdfr_interfaces:/opt/ros/humble LD_LIBRARY_PATH=/home/ram-user/ASDFR/src/ros2_nodes/install/asdfr_interfaces/lib:${LD_LIBRARY_PATH} PYTHONPATH=/home/ram-user/ASDFR/src/ros2_nodes/install/asdfr_interfaces/local/lib/python3.10/dist-packages:${PYTHONPATH} /usr/bin/cmake --build /home/ram-user/ASDFR/src/ros2_nodes/build/jiwy_simulator -- -j2 -l2
[24.938s] Invoking command in '/home/ram-user/ASDFR/src/ros2_nodes/build/jiwy_simulator': AMENT_PREFIX_PATH=/home/ram-user/ASDFR/src/ros2_nodes/install/asdfr_interfaces:${AMENT_PREFIX_PATH} CMAKE_PREFIX_PATH=/home/ram-user/ASDFR/src/ros2_nodes/install/asdfr_interfaces:/opt/ros/humble LD_LIBRARY_PATH=/home/ram-user/ASDFR/src/ros2_nodes/install/asdfr_interfaces/lib:${LD_LIBRARY_PATH} PYTHONPATH=/home/ram-user/ASDFR/src/ros2_nodes/install/asdfr_interfaces/local/lib/python3.10/dist-packages:${PYTHONPATH} /usr/bin/cmake --install /home/ram-user/ASDFR/src/ros2_nodes/build/jiwy_simulator
[24.940s] -- Install configuration: ""
[25.429s] -- Installing: /home/ram-user/ASDFR/src/ros2_nodes/install/jiwy_simulator/lib/jiwy_simulator/jiwy_simulator
[25.454s] -- Set runtime path of "/home/ram-user/ASDFR/src/ros2_nodes/install/jiwy_simulator/lib/jiwy_simulator/jiwy_simulator" to ""
[25.455s] -- Up-to-date: /home/ram-user/ASDFR/src/ros2_nodes/install/jiwy_simulator/share/ament_index/resource_index/package_run_dependencies/jiwy_simulator
[25.455s] -- Up-to-date: /home/ram-user/ASDFR/src/ros2_nodes/install/jiwy_simulator/share/ament_index/resource_index/parent_prefix_path/jiwy_simulator
[25.456s] -- Up-to-date: /home/ram-user/ASDFR/src/ros2_nodes/install/jiwy_simulator/share/jiwy_simulator/environment/ament_prefix_path.sh
[25.456s] -- Up-to-date: /home/ram-user/ASDFR/src/ros2_nodes/install/jiwy_simulator/share/jiwy_simulator/environment/ament_prefix_path.dsv
[25.456s] -- Up-to-date: /home/ram-user/ASDFR/src/ros2_nodes/install/jiwy_simulator/share/jiwy_simulator/environment/path.sh
[25.456s] -- Up-to-date: /home/ram-user/ASDFR/src/ros2_nodes/install/jiwy_simulator/share/jiwy_simulator/environment/path.dsv
[25.459s] -- Up-to-date: /home/ram-user/ASDFR/src/ros2_nodes/install/jiwy_simulator/share/jiwy_simulator/local_setup.bash
[25.459s] -- Up-to-date: /home/ram-user/ASDFR/src/ros2_nodes/install/jiwy_simulator/share/jiwy_simulator/local_setup.sh
[25.459s] -- Up-to-date: /home/ram-user/ASDFR/src/ros2_nodes/install/jiwy_simulator/share/jiwy_simulator/local_setup.zsh
[25.459s] -- Up-to-date: /home/ram-user/ASDFR/src/ros2_nodes/install/jiwy_simulator/share/jiwy_simulator/local_setup.dsv
[25.459s] -- Installing: /home/ram-user/ASDFR/src/ros2_nodes/install/jiwy_simulator/share/jiwy_simulator/package.dsv
[25.549s] -- Up-to-date: /home/ram-user/ASDFR/src/ros2_nodes/install/jiwy_simulator/share/ament_index/resource_index/packages/jiwy_simulator
[25.550s] -- Up-to-date: /home/ram-user/ASDFR/src/ros2_nodes/install/jiwy_simulator/share/jiwy_simulator/cmake/jiwy_simulatorConfig.cmake
[25.550s] -- Up-to-date: /home/ram-user/ASDFR/src/ros2_nodes/install/jiwy_simulator/share/jiwy_simulator/cmake/jiwy_simulatorConfig-version.cmake
[25.553s] -- Up-to-date: /home/ram-user/ASDFR/src/ros2_nodes/install/jiwy_simulator/share/jiwy_simulator/package.xml
[25.554s] -- Up-to-date: /home/ram-user/ASDFR/src/ros2_nodes/install/jiwy_simulator/share/jiwy_simulator/
[25.557s] Invoked command in '/home/ram-user/ASDFR/src/ros2_nodes/build/jiwy_simulator' returned '0': AMENT_PREFIX_PATH=/home/ram-user/ASDFR/src/ros2_nodes/install/asdfr_interfaces:${AMENT_PREFIX_PATH} CMAKE_PREFIX_PATH=/home/ram-user/ASDFR/src/ros2_nodes/install/asdfr_interfaces:/opt/ros/humble LD_LIBRARY_PATH=/home/ram-user/ASDFR/src/ros2_nodes/install/asdfr_interfaces/lib:${LD_LIBRARY_PATH} PYTHONPATH=/home/ram-user/ASDFR/src/ros2_nodes/install/asdfr_interfaces/local/lib/python3.10/dist-packages:${PYTHONPATH} /usr/bin/cmake --install /home/ram-user/ASDFR/src/ros2_nodes/build/jiwy_simulator
