[0.013s] Invoking command in '/home/ram-user/ASDFR/src/ros2_nodes/build/asdfr_interfaces': CMAKE_PREFIX_PATH=${CMAKE_PREFIX_PATH}:/opt/ros/humble /usr/bin/cmake --build /home/ram-user/ASDFR/src/ros2_nodes/build/asdfr_interfaces -- -j2 -l2
[0.097s] [  3%] Built target asdfr_interfaces__cpp
[0.098s] [ 12%] Built target asdfr_interfaces__rosidl_generator_c
[0.159s] [ 12%] Built target ament_cmake_python_copy_asdfr_interfaces
[0.177s] [ 22%] Built target asdfr_interfaces__rosidl_typesupport_cpp
[0.210s] [ 32%] Built target asdfr_interfaces__rosidl_typesupport_introspection_c
[0.247s] [ 41%] Built target asdfr_interfaces__rosidl_typesupport_fastrtps_c
[0.291s] [ 51%] Built target asdfr_interfaces__rosidl_typesupport_c
[0.291s] [ 61%] Built target asdfr_interfaces__rosidl_typesupport_fastrtps_cpp
[0.342s] [ 70%] Built target asdfr_interfaces__rosidl_typesupport_introspection_cpp
[0.361s] [ 70%] Built target asdfr_interfaces
[0.389s] [ 74%] Built target asdfr_interfaces__py
[0.456s] [ 80%] Built target asdfr_interfaces__rosidl_generator_py
[0.501s] [ 87%] Built target asdfr_interfaces__rosidl_typesupport_fastrtps_c__pyext
[0.578s] [ 93%] Built target asdfr_interfaces__rosidl_typesupport_introspection_c__pyext
[0.650s] [100%] Built target asdfr_interfaces__rosidl_typesupport_c__pyext
[0.760s] running egg_info
[0.761s] writing asdfr_interfaces.egg-info/PKG-INFO
[0.762s] writing dependency_links to asdfr_interfaces.egg-info/dependency_links.txt
[0.762s] writing top-level names to asdfr_interfaces.egg-info/top_level.txt
[0.764s] reading manifest file 'asdfr_interfaces.egg-info/SOURCES.txt'
[0.765s] writing manifest file 'asdfr_interfaces.egg-info/SOURCES.txt'
[0.795s] [100%] Built target ament_cmake_python_build_asdfr_interfaces_egg
[0.812s] Invoked command in '/home/ram-user/ASDFR/src/ros2_nodes/build/asdfr_interfaces' returned '0': CMAKE_PREFIX_PATH=${CMAKE_PREFIX_PATH}:/opt/ros/humble /usr/bin/cmake --build /home/ram-user/ASDFR/src/ros2_nodes/build/asdfr_interfaces -- -j2 -l2
[0.898s] Invoking command in '/home/ram-user/ASDFR/src/ros2_nodes/build/asdfr_interfaces': CMAKE_PREFIX_PATH=${CMAKE_PREFIX_PATH}:/opt/ros/humble /usr/bin/cmake --install /home/ram-user/ASDFR/src/ros2_nodes/build/asdfr_interfaces
[0.907s] -- Install configuration: ""
[0.907s] -- Up-to-date: /home/ram-user/ASDFR/src/ros2_nodes/install/asdfr_interfaces/share/ament_index/resource_index/rosidl_interfaces/asdfr_interfaces
[0.907s] -- Up-to-date: /home/ram-user/ASDFR/src/ros2_nodes/install/asdfr_interfaces/include/asdfr_interfaces/asdfr_interfaces
[0.907s] -- Up-to-date: /home/ram-user/ASDFR/src/ros2_nodes/install/asdfr_interfaces/include/asdfr_interfaces/asdfr_interfaces/msg
[0.907s] -- Up-to-date: /home/ram-user/ASDFR/src/ros2_nodes/install/asdfr_interfaces/include/asdfr_interfaces/asdfr_interfaces/msg/detail
[0.907s] -- Up-to-date: /home/ram-user/ASDFR/src/ros2_nodes/install/asdfr_interfaces/include/asdfr_interfaces/asdfr_interfaces/msg/detail/point2__functions.c
[0.907s] -- Up-to-date: /home/ram-user/ASDFR/src/ros2_nodes/install/asdfr_interfaces/include/asdfr_interfaces/asdfr_interfaces/msg/detail/point2__struct.h
[0.907s] -- Up-to-date: /home/ram-user/ASDFR/src/ros2_nodes/install/asdfr_interfaces/include/asdfr_interfaces/asdfr_interfaces/msg/detail/point2__functions.h
[0.907s] -- Up-to-date: /home/ram-user/ASDFR/src/ros2_nodes/install/asdfr_interfaces/include/asdfr_interfaces/asdfr_interfaces/msg/detail/point2__type_support.h
[0.907s] -- Up-to-date: /home/ram-user/ASDFR/src/ros2_nodes/install/asdfr_interfaces/include/asdfr_interfaces/asdfr_interfaces/msg/rosidl_generator_c__visibility_control.h
[0.907s] -- Up-to-date: /home/ram-user/ASDFR/src/ros2_nodes/install/asdfr_interfaces/include/asdfr_interfaces/asdfr_interfaces/msg/point2.h
[0.907s] -- Up-to-date: /home/ram-user/ASDFR/src/ros2_nodes/install/asdfr_interfaces/share/asdfr_interfaces/environment/library_path.sh
[0.907s] -- Up-to-date: /home/ram-user/ASDFR/src/ros2_nodes/install/asdfr_interfaces/share/asdfr_interfaces/environment/library_path.dsv
[0.907s] -- Up-to-date: /home/ram-user/ASDFR/src/ros2_nodes/install/asdfr_interfaces/lib/libasdfr_interfaces__rosidl_generator_c.so
[0.907s] -- Up-to-date: /home/ram-user/ASDFR/src/ros2_nodes/install/asdfr_interfaces/include/asdfr_interfaces/asdfr_interfaces
[0.908s] -- Up-to-date: /home/ram-user/ASDFR/src/ros2_nodes/install/asdfr_interfaces/include/asdfr_interfaces/asdfr_interfaces/msg
[0.908s] -- Up-to-date: /home/ram-user/ASDFR/src/ros2_nodes/install/asdfr_interfaces/include/asdfr_interfaces/asdfr_interfaces/msg/rosidl_typesupport_fastrtps_c__visibility_control.h
[0.908s] -- Up-to-date: /home/ram-user/ASDFR/src/ros2_nodes/install/asdfr_interfaces/include/asdfr_interfaces/asdfr_interfaces/msg/detail
[0.908s] -- Up-to-date: /home/ram-user/ASDFR/src/ros2_nodes/install/asdfr_interfaces/include/asdfr_interfaces/asdfr_interfaces/msg/detail/point2__rosidl_typesupport_fastrtps_c.h
[0.908s] -- Up-to-date: /home/ram-user/ASDFR/src/ros2_nodes/install/asdfr_interfaces/lib/libasdfr_interfaces__rosidl_typesupport_fastrtps_c.so
[0.908s] -- Up-to-date: /home/ram-user/ASDFR/src/ros2_nodes/install/asdfr_interfaces/include/asdfr_interfaces/asdfr_interfaces
[0.908s] -- Up-to-date: /home/ram-user/ASDFR/src/ros2_nodes/install/asdfr_interfaces/include/asdfr_interfaces/asdfr_interfaces/msg
[0.908s] -- Up-to-date: /home/ram-user/ASDFR/src/ros2_nodes/install/asdfr_interfaces/include/asdfr_interfaces/asdfr_interfaces/msg/rosidl_typesupport_introspection_c__visibility_control.h
[0.908s] -- Up-to-date: /home/ram-user/ASDFR/src/ros2_nodes/install/asdfr_interfaces/include/asdfr_interfaces/asdfr_interfaces/msg/detail
[0.908s] -- Up-to-date: /home/ram-user/ASDFR/src/ros2_nodes/install/asdfr_interfaces/include/asdfr_interfaces/asdfr_interfaces/msg/detail/point2__rosidl_typesupport_introspection_c.h
[0.908s] -- Up-to-date: /home/ram-user/ASDFR/src/ros2_nodes/install/asdfr_interfaces/include/asdfr_interfaces/asdfr_interfaces/msg/detail/point2__type_support.c
[0.908s] -- Up-to-date: /home/ram-user/ASDFR/src/ros2_nodes/install/asdfr_interfaces/lib/libasdfr_interfaces__rosidl_typesupport_introspection_c.so
[0.908s] -- Up-to-date: /home/ram-user/ASDFR/src/ros2_nodes/install/asdfr_interfaces/lib/libasdfr_interfaces__rosidl_typesupport_c.so
[0.908s] -- Up-to-date: /home/ram-user/ASDFR/src/ros2_nodes/install/asdfr_interfaces/include/asdfr_interfaces/asdfr_interfaces
[0.908s] -- Up-to-date: /home/ram-user/ASDFR/src/ros2_nodes/install/asdfr_interfaces/include/asdfr_interfaces/asdfr_interfaces/msg
[0.908s] -- Up-to-date: /home/ram-user/ASDFR/src/ros2_nodes/install/asdfr_interfaces/include/asdfr_interfaces/asdfr_interfaces/msg/point2.hpp
[0.908s] -- Up-to-date: /home/ram-user/ASDFR/src/ros2_nodes/install/asdfr_interfaces/include/asdfr_interfaces/asdfr_interfaces/msg/detail
[0.908s] -- Up-to-date: /home/ram-user/ASDFR/src/ros2_nodes/install/asdfr_interfaces/include/asdfr_interfaces/asdfr_interfaces/msg/detail/point2__traits.hpp
[0.909s] -- Up-to-date: /home/ram-user/ASDFR/src/ros2_nodes/install/asdfr_interfaces/include/asdfr_interfaces/asdfr_interfaces/msg/detail/point2__builder.hpp
[0.909s] -- Up-to-date: /home/ram-user/ASDFR/src/ros2_nodes/install/asdfr_interfaces/include/asdfr_interfaces/asdfr_interfaces/msg/detail/point2__struct.hpp
[0.909s] -- Up-to-date: /home/ram-user/ASDFR/src/ros2_nodes/install/asdfr_interfaces/include/asdfr_interfaces/asdfr_interfaces
[0.909s] -- Up-to-date: /home/ram-user/ASDFR/src/ros2_nodes/install/asdfr_interfaces/include/asdfr_interfaces/asdfr_interfaces/msg
[0.909s] -- Up-to-date: /home/ram-user/ASDFR/src/ros2_nodes/install/asdfr_interfaces/include/asdfr_interfaces/asdfr_interfaces/msg/detail
[0.909s] -- Up-to-date: /home/ram-user/ASDFR/src/ros2_nodes/install/asdfr_interfaces/include/asdfr_interfaces/asdfr_interfaces/msg/detail/point2__rosidl_typesupport_fastrtps_cpp.hpp
[0.909s] -- Up-to-date: /home/ram-user/ASDFR/src/ros2_nodes/install/asdfr_interfaces/include/asdfr_interfaces/asdfr_interfaces/msg/detail/dds_fastrtps
[0.909s] -- Up-to-date: /home/ram-user/ASDFR/src/ros2_nodes/install/asdfr_interfaces/include/asdfr_interfaces/asdfr_interfaces/msg/rosidl_typesupport_fastrtps_cpp__visibility_control.h
[0.909s] -- Up-to-date: /home/ram-user/ASDFR/src/ros2_nodes/install/asdfr_interfaces/lib/libasdfr_interfaces__rosidl_typesupport_fastrtps_cpp.so
[0.909s] -- Up-to-date: /home/ram-user/ASDFR/src/ros2_nodes/install/asdfr_interfaces/include/asdfr_interfaces/asdfr_interfaces
[0.909s] -- Up-to-date: /home/ram-user/ASDFR/src/ros2_nodes/install/asdfr_interfaces/include/asdfr_interfaces/asdfr_interfaces/msg
[0.909s] -- Up-to-date: /home/ram-user/ASDFR/src/ros2_nodes/install/asdfr_interfaces/include/asdfr_interfaces/asdfr_interfaces/msg/detail
[0.909s] -- Up-to-date: /home/ram-user/ASDFR/src/ros2_nodes/install/asdfr_interfaces/include/asdfr_interfaces/asdfr_interfaces/msg/detail/point2__rosidl_typesupport_introspection_cpp.hpp
[0.909s] -- Up-to-date: /home/ram-user/ASDFR/src/ros2_nodes/install/asdfr_interfaces/include/asdfr_interfaces/asdfr_interfaces/msg/detail/point2__type_support.cpp
[0.909s] -- Up-to-date: /home/ram-user/ASDFR/src/ros2_nodes/install/asdfr_interfaces/lib/libasdfr_interfaces__rosidl_typesupport_introspection_cpp.so
[0.909s] -- Up-to-date: /home/ram-user/ASDFR/src/ros2_nodes/install/asdfr_interfaces/lib/libasdfr_interfaces__rosidl_typesupport_cpp.so
[0.909s] -- Up-to-date: /home/ram-user/ASDFR/src/ros2_nodes/install/asdfr_interfaces/share/asdfr_interfaces/environment/pythonpath.sh
[0.910s] -- Up-to-date: /home/ram-user/ASDFR/src/ros2_nodes/install/asdfr_interfaces/share/asdfr_interfaces/environment/pythonpath.dsv
[0.910s] -- Up-to-date: /home/ram-user/ASDFR/src/ros2_nodes/install/asdfr_interfaces/local/lib/python3.10/dist-packages/asdfr_interfaces-0.0.0-py3.10.egg-info
[0.910s] -- Installing: /home/ram-user/ASDFR/src/ros2_nodes/install/asdfr_interfaces/local/lib/python3.10/dist-packages/asdfr_interfaces-0.0.0-py3.10.egg-info/dependency_links.txt
[0.910s] -- Installing: /home/ram-user/ASDFR/src/ros2_nodes/install/asdfr_interfaces/local/lib/python3.10/dist-packages/asdfr_interfaces-0.0.0-py3.10.egg-info/top_level.txt
[0.910s] -- Installing: /home/ram-user/ASDFR/src/ros2_nodes/install/asdfr_interfaces/local/lib/python3.10/dist-packages/asdfr_interfaces-0.0.0-py3.10.egg-info/PKG-INFO
[0.910s] -- Installing: /home/ram-user/ASDFR/src/ros2_nodes/install/asdfr_interfaces/local/lib/python3.10/dist-packages/asdfr_interfaces-0.0.0-py3.10.egg-info/SOURCES.txt
[0.910s] -- Up-to-date: /home/ram-user/ASDFR/src/ros2_nodes/install/asdfr_interfaces/local/lib/python3.10/dist-packages/asdfr_interfaces
[0.910s] -- Up-to-date: /home/ram-user/ASDFR/src/ros2_nodes/install/asdfr_interfaces/local/lib/python3.10/dist-packages/asdfr_interfaces/__init__.py
[0.910s] -- Up-to-date: /home/ram-user/ASDFR/src/ros2_nodes/install/asdfr_interfaces/local/lib/python3.10/dist-packages/asdfr_interfaces/_asdfr_interfaces_s.ep.rosidl_typesupport_fastrtps_c.c
[0.910s] -- Up-to-date: /home/ram-user/ASDFR/src/ros2_nodes/install/asdfr_interfaces/local/lib/python3.10/dist-packages/asdfr_interfaces/asdfr_interfaces_s__rosidl_typesupport_introspection_c.cpython-310-x86_64-linux-gnu.so
[0.910s] -- Up-to-date: /home/ram-user/ASDFR/src/ros2_nodes/install/asdfr_interfaces/local/lib/python3.10/dist-packages/asdfr_interfaces/libasdfr_interfaces__rosidl_generator_py.so
[0.910s] -- Up-to-date: /home/ram-user/ASDFR/src/ros2_nodes/install/asdfr_interfaces/local/lib/python3.10/dist-packages/asdfr_interfaces/asdfr_interfaces_s__rosidl_typesupport_c.cpython-310-x86_64-linux-gnu.so
[0.910s] -- Up-to-date: /home/ram-user/ASDFR/src/ros2_nodes/install/asdfr_interfaces/local/lib/python3.10/dist-packages/asdfr_interfaces/_asdfr_interfaces_s.ep.rosidl_typesupport_introspection_c.c
[0.911s] -- Up-to-date: /home/ram-user/ASDFR/src/ros2_nodes/install/asdfr_interfaces/local/lib/python3.10/dist-packages/asdfr_interfaces/_asdfr_interfaces_s.ep.rosidl_typesupport_c.c
[0.911s] -- Up-to-date: /home/ram-user/ASDFR/src/ros2_nodes/install/asdfr_interfaces/local/lib/python3.10/dist-packages/asdfr_interfaces/msg
[0.911s] -- Up-to-date: /home/ram-user/ASDFR/src/ros2_nodes/install/asdfr_interfaces/local/lib/python3.10/dist-packages/asdfr_interfaces/msg/__init__.py
[0.911s] -- Up-to-date: /home/ram-user/ASDFR/src/ros2_nodes/install/asdfr_interfaces/local/lib/python3.10/dist-packages/asdfr_interfaces/msg/_point2.py
[0.911s] -- Up-to-date: /home/ram-user/ASDFR/src/ros2_nodes/install/asdfr_interfaces/local/lib/python3.10/dist-packages/asdfr_interfaces/msg/_point2_s.c
[0.911s] -- Up-to-date: /home/ram-user/ASDFR/src/ros2_nodes/install/asdfr_interfaces/local/lib/python3.10/dist-packages/asdfr_interfaces/asdfr_interfaces_s__rosidl_typesupport_fastrtps_c.cpython-310-x86_64-linux-gnu.so
[0.958s] Listing '/home/ram-user/ASDFR/src/ros2_nodes/install/asdfr_interfaces/local/lib/python3.10/dist-packages/asdfr_interfaces'...
[0.959s] Listing '/home/ram-user/ASDFR/src/ros2_nodes/install/asdfr_interfaces/local/lib/python3.10/dist-packages/asdfr_interfaces/msg'...
[0.971s] -- Up-to-date: /home/ram-user/ASDFR/src/ros2_nodes/install/asdfr_interfaces/local/lib/python3.10/dist-packages/asdfr_interfaces/asdfr_interfaces_s__rosidl_typesupport_fastrtps_c.cpython-310-x86_64-linux-gnu.so
[0.971s] -- Up-to-date: /home/ram-user/ASDFR/src/ros2_nodes/install/asdfr_interfaces/local/lib/python3.10/dist-packages/asdfr_interfaces/asdfr_interfaces_s__rosidl_typesupport_introspection_c.cpython-310-x86_64-linux-gnu.so
[0.971s] -- Up-to-date: /home/ram-user/ASDFR/src/ros2_nodes/install/asdfr_interfaces/local/lib/python3.10/dist-packages/asdfr_interfaces/asdfr_interfaces_s__rosidl_typesupport_c.cpython-310-x86_64-linux-gnu.so
[0.971s] -- Up-to-date: /home/ram-user/ASDFR/src/ros2_nodes/install/asdfr_interfaces/lib/libasdfr_interfaces__rosidl_generator_py.so
[0.971s] -- Up-to-date: /home/ram-user/ASDFR/src/ros2_nodes/install/asdfr_interfaces/share/asdfr_interfaces/msg/Point2.idl
[0.971s] -- Up-to-date: /home/ram-user/ASDFR/src/ros2_nodes/install/asdfr_interfaces/share/asdfr_interfaces/msg/Point2.msg
[0.971s] -- Up-to-date: /home/ram-user/ASDFR/src/ros2_nodes/install/asdfr_interfaces/share/ament_index/resource_index/package_run_dependencies/asdfr_interfaces
[0.971s] -- Up-to-date: /home/ram-user/ASDFR/src/ros2_nodes/install/asdfr_interfaces/share/ament_index/resource_index/parent_prefix_path/asdfr_interfaces
[0.971s] -- Up-to-date: /home/ram-user/ASDFR/src/ros2_nodes/install/asdfr_interfaces/share/asdfr_interfaces/environment/ament_prefix_path.sh
[0.971s] -- Up-to-date: /home/ram-user/ASDFR/src/ros2_nodes/install/asdfr_interfaces/share/asdfr_interfaces/environment/ament_prefix_path.dsv
[0.971s] -- Up-to-date: /home/ram-user/ASDFR/src/ros2_nodes/install/asdfr_interfaces/share/asdfr_interfaces/environment/path.sh
[0.971s] -- Up-to-date: /home/ram-user/ASDFR/src/ros2_nodes/install/asdfr_interfaces/share/asdfr_interfaces/environment/path.dsv
[0.971s] -- Up-to-date: /home/ram-user/ASDFR/src/ros2_nodes/install/asdfr_interfaces/share/asdfr_interfaces/local_setup.bash
[0.971s] -- Up-to-date: /home/ram-user/ASDFR/src/ros2_nodes/install/asdfr_interfaces/share/asdfr_interfaces/local_setup.sh
[0.971s] -- Up-to-date: /home/ram-user/ASDFR/src/ros2_nodes/install/asdfr_interfaces/share/asdfr_interfaces/local_setup.zsh
[0.972s] -- Up-to-date: /home/ram-user/ASDFR/src/ros2_nodes/install/asdfr_interfaces/share/asdfr_interfaces/local_setup.dsv
[0.972s] -- Installing: /home/ram-user/ASDFR/src/ros2_nodes/install/asdfr_interfaces/share/asdfr_interfaces/package.dsv
[0.972s] -- Up-to-date: /home/ram-user/ASDFR/src/ros2_nodes/install/asdfr_interfaces/share/ament_index/resource_index/packages/asdfr_interfaces
[0.972s] -- Up-to-date: /home/ram-user/ASDFR/src/ros2_nodes/install/asdfr_interfaces/share/asdfr_interfaces/cmake/export_asdfr_interfaces__rosidl_generator_cExport.cmake
[0.972s] -- Up-to-date: /home/ram-user/ASDFR/src/ros2_nodes/install/asdfr_interfaces/share/asdfr_interfaces/cmake/export_asdfr_interfaces__rosidl_generator_cExport-noconfig.cmake
[0.972s] -- Up-to-date: /home/ram-user/ASDFR/src/ros2_nodes/install/asdfr_interfaces/share/asdfr_interfaces/cmake/export_asdfr_interfaces__rosidl_typesupport_fastrtps_cExport.cmake
[0.972s] -- Up-to-date: /home/ram-user/ASDFR/src/ros2_nodes/install/asdfr_interfaces/share/asdfr_interfaces/cmake/export_asdfr_interfaces__rosidl_typesupport_fastrtps_cExport-noconfig.cmake
[0.972s] -- Up-to-date: /home/ram-user/ASDFR/src/ros2_nodes/install/asdfr_interfaces/share/asdfr_interfaces/cmake/asdfr_interfaces__rosidl_typesupport_introspection_cExport.cmake
[0.972s] -- Up-to-date: /home/ram-user/ASDFR/src/ros2_nodes/install/asdfr_interfaces/share/asdfr_interfaces/cmake/asdfr_interfaces__rosidl_typesupport_introspection_cExport-noconfig.cmake
[0.972s] -- Up-to-date: /home/ram-user/ASDFR/src/ros2_nodes/install/asdfr_interfaces/share/asdfr_interfaces/cmake/asdfr_interfaces__rosidl_typesupport_cExport.cmake
[0.972s] -- Up-to-date: /home/ram-user/ASDFR/src/ros2_nodes/install/asdfr_interfaces/share/asdfr_interfaces/cmake/asdfr_interfaces__rosidl_typesupport_cExport-noconfig.cmake
[0.972s] -- Up-to-date: /home/ram-user/ASDFR/src/ros2_nodes/install/asdfr_interfaces/share/asdfr_interfaces/cmake/export_asdfr_interfaces__rosidl_generator_cppExport.cmake
[0.972s] -- Up-to-date: /home/ram-user/ASDFR/src/ros2_nodes/install/asdfr_interfaces/share/asdfr_interfaces/cmake/export_asdfr_interfaces__rosidl_typesupport_fastrtps_cppExport.cmake
[0.972s] -- Up-to-date: /home/ram-user/ASDFR/src/ros2_nodes/install/asdfr_interfaces/share/asdfr_interfaces/cmake/export_asdfr_interfaces__rosidl_typesupport_fastrtps_cppExport-noconfig.cmake
[0.972s] -- Up-to-date: /home/ram-user/ASDFR/src/ros2_nodes/install/asdfr_interfaces/share/asdfr_interfaces/cmake/asdfr_interfaces__rosidl_typesupport_introspection_cppExport.cmake
[0.972s] -- Up-to-date: /home/ram-user/ASDFR/src/ros2_nodes/install/asdfr_interfaces/share/asdfr_interfaces/cmake/asdfr_interfaces__rosidl_typesupport_introspection_cppExport-noconfig.cmake
[0.972s] -- Up-to-date: /home/ram-user/ASDFR/src/ros2_nodes/install/asdfr_interfaces/share/asdfr_interfaces/cmake/asdfr_interfaces__rosidl_typesupport_cppExport.cmake
[0.972s] -- Up-to-date: /home/ram-user/ASDFR/src/ros2_nodes/install/asdfr_interfaces/share/asdfr_interfaces/cmake/asdfr_interfaces__rosidl_typesupport_cppExport-noconfig.cmake
[0.973s] -- Up-to-date: /home/ram-user/ASDFR/src/ros2_nodes/install/asdfr_interfaces/share/asdfr_interfaces/cmake/export_asdfr_interfaces__rosidl_generator_pyExport.cmake
[0.973s] -- Up-to-date: /home/ram-user/ASDFR/src/ros2_nodes/install/asdfr_interfaces/share/asdfr_interfaces/cmake/export_asdfr_interfaces__rosidl_generator_pyExport-noconfig.cmake
[0.974s] -- Up-to-date: /home/ram-user/ASDFR/src/ros2_nodes/install/asdfr_interfaces/share/asdfr_interfaces/cmake/rosidl_cmake-extras.cmake
[0.974s] -- Up-to-date: /home/ram-user/ASDFR/src/ros2_nodes/install/asdfr_interfaces/share/asdfr_interfaces/cmake/ament_cmake_export_include_directories-extras.cmake
[0.974s] -- Up-to-date: /home/ram-user/ASDFR/src/ros2_nodes/install/asdfr_interfaces/share/asdfr_interfaces/cmake/ament_cmake_export_libraries-extras.cmake
[0.974s] -- Up-to-date: /home/ram-user/ASDFR/src/ros2_nodes/install/asdfr_interfaces/share/asdfr_interfaces/cmake/ament_cmake_export_targets-extras.cmake
[0.975s] -- Up-to-date: /home/ram-user/ASDFR/src/ros2_nodes/install/asdfr_interfaces/share/asdfr_interfaces/cmake/rosidl_cmake_export_typesupport_targets-extras.cmake
[0.975s] -- Up-to-date: /home/ram-user/ASDFR/src/ros2_nodes/install/asdfr_interfaces/share/asdfr_interfaces/cmake/ament_cmake_export_dependencies-extras.cmake
[0.975s] -- Up-to-date: /home/ram-user/ASDFR/src/ros2_nodes/install/asdfr_interfaces/share/asdfr_interfaces/cmake/rosidl_cmake_export_typesupport_libraries-extras.cmake
[0.975s] -- Up-to-date: /home/ram-user/ASDFR/src/ros2_nodes/install/asdfr_interfaces/share/asdfr_interfaces/cmake/asdfr_interfacesConfig.cmake
[0.975s] -- Up-to-date: /home/ram-user/ASDFR/src/ros2_nodes/install/asdfr_interfaces/share/asdfr_interfaces/cmake/asdfr_interfacesConfig-version.cmake
[0.975s] -- Up-to-date: /home/ram-user/ASDFR/src/ros2_nodes/install/asdfr_interfaces/share/asdfr_interfaces/package.xml
[0.976s] Invoked command in '/home/ram-user/ASDFR/src/ros2_nodes/build/asdfr_interfaces' returned '0': CMAKE_PREFIX_PATH=${CMAKE_PREFIX_PATH}:/opt/ros/humble /usr/bin/cmake --install /home/ram-user/ASDFR/src/ros2_nodes/build/asdfr_interfaces
