[0.039s] Invoking command in '/home/ram-user/ASDFR/src/ros2_nodes/src/build/asdfr_interfaces': CMAKE_PREFIX_PATH=${CMAKE_PREFIX_PATH}:/opt/ros/humble /usr/bin/cmake --build /home/ram-user/ASDFR/src/ros2_nodes/src/build/asdfr_interfaces -- -j2 -l2
[0.201s] [  3%] Built target asdfr_interfaces__cpp
[0.281s] [ 12%] Built target asdfr_interfaces__rosidl_generator_c
[0.401s] [ 12%] Built target ament_cmake_python_copy_asdfr_interfaces
[0.501s] [ 22%] Built target asdfr_interfaces__rosidl_typesupport_cpp
[0.554s] [ 32%] Built target asdfr_interfaces__rosidl_typesupport_fastrtps_c
[0.592s] [ 41%] Built target asdfr_interfaces__rosidl_typesupport_introspection_c
[0.622s] [ 51%] Built target asdfr_interfaces__rosidl_typesupport_c
[0.673s] [ 61%] Built target asdfr_interfaces__rosidl_typesupport_fastrtps_cpp
[0.709s] [ 70%] Built target asdfr_interfaces__rosidl_typesupport_introspection_cpp
[1.107s] running egg_info
[1.109s] writing asdfr_interfaces.egg-info/PKG-INFO
[1.110s] writing dependency_links to asdfr_interfaces.egg-info/dependency_links.txt
[1.111s] writing top-level names to asdfr_interfaces.egg-info/top_level.txt
[1.114s] reading manifest file 'asdfr_interfaces.egg-info/SOURCES.txt'
[1.115s] writing manifest file 'asdfr_interfaces.egg-info/SOURCES.txt'
[1.184s] [ 70%] Built target ament_cmake_python_build_asdfr_interfaces_egg
[1.223s] [ 70%] Built target asdfr_interfaces
[1.270s] [ 74%] Built target asdfr_interfaces__py
[1.315s] [ 80%] Built target asdfr_interfaces__rosidl_generator_py
[1.354s] [ 87%] Built target asdfr_interfaces__rosidl_typesupport_fastrtps_c__pyext
[1.383s] [ 93%] Built target asdfr_interfaces__rosidl_typesupport_introspection_c__pyext
[1.406s] [100%] Built target asdfr_interfaces__rosidl_typesupport_c__pyext
[1.424s] Invoked command in '/home/ram-user/ASDFR/src/ros2_nodes/src/build/asdfr_interfaces' returned '0': CMAKE_PREFIX_PATH=${CMAKE_PREFIX_PATH}:/opt/ros/humble /usr/bin/cmake --build /home/ram-user/ASDFR/src/ros2_nodes/src/build/asdfr_interfaces -- -j2 -l2
[1.596s] Invoking command in '/home/ram-user/ASDFR/src/ros2_nodes/src/build/asdfr_interfaces': CMAKE_PREFIX_PATH=${CMAKE_PREFIX_PATH}:/opt/ros/humble /usr/bin/cmake --install /home/ram-user/ASDFR/src/ros2_nodes/src/build/asdfr_interfaces
[1.603s] -- Install configuration: ""
[1.603s] -- Up-to-date: /home/ram-user/ASDFR/src/ros2_nodes/src/install/asdfr_interfaces/share/ament_index/resource_index/rosidl_interfaces/asdfr_interfaces
[1.604s] -- Up-to-date: /home/ram-user/ASDFR/src/ros2_nodes/src/install/asdfr_interfaces/include/asdfr_interfaces/asdfr_interfaces
[1.604s] -- Up-to-date: /home/ram-user/ASDFR/src/ros2_nodes/src/install/asdfr_interfaces/include/asdfr_interfaces/asdfr_interfaces/msg
[1.604s] -- Up-to-date: /home/ram-user/ASDFR/src/ros2_nodes/src/install/asdfr_interfaces/include/asdfr_interfaces/asdfr_interfaces/msg/detail
[1.604s] -- Up-to-date: /home/ram-user/ASDFR/src/ros2_nodes/src/install/asdfr_interfaces/include/asdfr_interfaces/asdfr_interfaces/msg/detail/point2__functions.c
[1.604s] -- Up-to-date: /home/ram-user/ASDFR/src/ros2_nodes/src/install/asdfr_interfaces/include/asdfr_interfaces/asdfr_interfaces/msg/detail/point2__struct.h
[1.604s] -- Up-to-date: /home/ram-user/ASDFR/src/ros2_nodes/src/install/asdfr_interfaces/include/asdfr_interfaces/asdfr_interfaces/msg/detail/point2__functions.h
[1.604s] -- Up-to-date: /home/ram-user/ASDFR/src/ros2_nodes/src/install/asdfr_interfaces/include/asdfr_interfaces/asdfr_interfaces/msg/detail/point2__type_support.h
[1.604s] -- Up-to-date: /home/ram-user/ASDFR/src/ros2_nodes/src/install/asdfr_interfaces/include/asdfr_interfaces/asdfr_interfaces/msg/rosidl_generator_c__visibility_control.h
[1.604s] -- Up-to-date: /home/ram-user/ASDFR/src/ros2_nodes/src/install/asdfr_interfaces/include/asdfr_interfaces/asdfr_interfaces/msg/point2.h
[1.612s] -- Up-to-date: /home/ram-user/ASDFR/src/ros2_nodes/src/install/asdfr_interfaces/share/asdfr_interfaces/environment/library_path.sh
[1.612s] -- Up-to-date: /home/ram-user/ASDFR/src/ros2_nodes/src/install/asdfr_interfaces/share/asdfr_interfaces/environment/library_path.dsv
[1.612s] -- Up-to-date: /home/ram-user/ASDFR/src/ros2_nodes/src/install/asdfr_interfaces/lib/libasdfr_interfaces__rosidl_generator_c.so
[1.612s] -- Up-to-date: /home/ram-user/ASDFR/src/ros2_nodes/src/install/asdfr_interfaces/include/asdfr_interfaces/asdfr_interfaces
[1.612s] -- Up-to-date: /home/ram-user/ASDFR/src/ros2_nodes/src/install/asdfr_interfaces/include/asdfr_interfaces/asdfr_interfaces/msg
[1.612s] -- Up-to-date: /home/ram-user/ASDFR/src/ros2_nodes/src/install/asdfr_interfaces/include/asdfr_interfaces/asdfr_interfaces/msg/rosidl_typesupport_fastrtps_c__visibility_control.h
[1.612s] -- Up-to-date: /home/ram-user/ASDFR/src/ros2_nodes/src/install/asdfr_interfaces/include/asdfr_interfaces/asdfr_interfaces/msg/detail
[1.612s] -- Up-to-date: /home/ram-user/ASDFR/src/ros2_nodes/src/install/asdfr_interfaces/include/asdfr_interfaces/asdfr_interfaces/msg/detail/point2__rosidl_typesupport_fastrtps_c.h
[1.613s] -- Up-to-date: /home/ram-user/ASDFR/src/ros2_nodes/src/install/asdfr_interfaces/lib/libasdfr_interfaces__rosidl_typesupport_fastrtps_c.so
[1.613s] -- Up-to-date: /home/ram-user/ASDFR/src/ros2_nodes/src/install/asdfr_interfaces/include/asdfr_interfaces/asdfr_interfaces
[1.613s] -- Up-to-date: /home/ram-user/ASDFR/src/ros2_nodes/src/install/asdfr_interfaces/include/asdfr_interfaces/asdfr_interfaces/msg
[1.613s] -- Up-to-date: /home/ram-user/ASDFR/src/ros2_nodes/src/install/asdfr_interfaces/include/asdfr_interfaces/asdfr_interfaces/msg/rosidl_typesupport_introspection_c__visibility_control.h
[1.613s] -- Up-to-date: /home/ram-user/ASDFR/src/ros2_nodes/src/install/asdfr_interfaces/include/asdfr_interfaces/asdfr_interfaces/msg/detail
[1.613s] -- Up-to-date: /home/ram-user/ASDFR/src/ros2_nodes/src/install/asdfr_interfaces/include/asdfr_interfaces/asdfr_interfaces/msg/detail/point2__rosidl_typesupport_introspection_c.h
[1.613s] -- Up-to-date: /home/ram-user/ASDFR/src/ros2_nodes/src/install/asdfr_interfaces/include/asdfr_interfaces/asdfr_interfaces/msg/detail/point2__type_support.c
[1.614s] -- Up-to-date: /home/ram-user/ASDFR/src/ros2_nodes/src/install/asdfr_interfaces/lib/libasdfr_interfaces__rosidl_typesupport_introspection_c.so
[1.614s] -- Up-to-date: /home/ram-user/ASDFR/src/ros2_nodes/src/install/asdfr_interfaces/lib/libasdfr_interfaces__rosidl_typesupport_c.so
[1.614s] -- Up-to-date: /home/ram-user/ASDFR/src/ros2_nodes/src/install/asdfr_interfaces/include/asdfr_interfaces/asdfr_interfaces
[1.614s] -- Up-to-date: /home/ram-user/ASDFR/src/ros2_nodes/src/install/asdfr_interfaces/include/asdfr_interfaces/asdfr_interfaces/msg
[1.614s] -- Up-to-date: /home/ram-user/ASDFR/src/ros2_nodes/src/install/asdfr_interfaces/include/asdfr_interfaces/asdfr_interfaces/msg/point2.hpp
[1.615s] -- Up-to-date: /home/ram-user/ASDFR/src/ros2_nodes/src/install/asdfr_interfaces/include/asdfr_interfaces/asdfr_interfaces/msg/detail
[1.615s] -- Up-to-date: /home/ram-user/ASDFR/src/ros2_nodes/src/install/asdfr_interfaces/include/asdfr_interfaces/asdfr_interfaces/msg/detail/point2__traits.hpp
[1.615s] -- Up-to-date: /home/ram-user/ASDFR/src/ros2_nodes/src/install/asdfr_interfaces/include/asdfr_interfaces/asdfr_interfaces/msg/detail/point2__builder.hpp
[1.615s] -- Up-to-date: /home/ram-user/ASDFR/src/ros2_nodes/src/install/asdfr_interfaces/include/asdfr_interfaces/asdfr_interfaces/msg/detail/point2__struct.hpp
[1.615s] -- Up-to-date: /home/ram-user/ASDFR/src/ros2_nodes/src/install/asdfr_interfaces/include/asdfr_interfaces/asdfr_interfaces
[1.615s] -- Up-to-date: /home/ram-user/ASDFR/src/ros2_nodes/src/install/asdfr_interfaces/include/asdfr_interfaces/asdfr_interfaces/msg
[1.615s] -- Up-to-date: /home/ram-user/ASDFR/src/ros2_nodes/src/install/asdfr_interfaces/include/asdfr_interfaces/asdfr_interfaces/msg/detail
[1.616s] -- Up-to-date: /home/ram-user/ASDFR/src/ros2_nodes/src/install/asdfr_interfaces/include/asdfr_interfaces/asdfr_interfaces/msg/detail/point2__rosidl_typesupport_fastrtps_cpp.hpp
[1.616s] -- Up-to-date: /home/ram-user/ASDFR/src/ros2_nodes/src/install/asdfr_interfaces/include/asdfr_interfaces/asdfr_interfaces/msg/detail/dds_fastrtps
[1.616s] -- Up-to-date: /home/ram-user/ASDFR/src/ros2_nodes/src/install/asdfr_interfaces/include/asdfr_interfaces/asdfr_interfaces/msg/rosidl_typesupport_fastrtps_cpp__visibility_control.h
[1.616s] -- Up-to-date: /home/ram-user/ASDFR/src/ros2_nodes/src/install/asdfr_interfaces/lib/libasdfr_interfaces__rosidl_typesupport_fastrtps_cpp.so
[1.616s] -- Up-to-date: /home/ram-user/ASDFR/src/ros2_nodes/src/install/asdfr_interfaces/include/asdfr_interfaces/asdfr_interfaces
[1.616s] -- Up-to-date: /home/ram-user/ASDFR/src/ros2_nodes/src/install/asdfr_interfaces/include/asdfr_interfaces/asdfr_interfaces/msg
[1.616s] -- Up-to-date: /home/ram-user/ASDFR/src/ros2_nodes/src/install/asdfr_interfaces/include/asdfr_interfaces/asdfr_interfaces/msg/detail
[1.616s] -- Up-to-date: /home/ram-user/ASDFR/src/ros2_nodes/src/install/asdfr_interfaces/include/asdfr_interfaces/asdfr_interfaces/msg/detail/point2__rosidl_typesupport_introspection_cpp.hpp
[1.616s] -- Up-to-date: /home/ram-user/ASDFR/src/ros2_nodes/src/install/asdfr_interfaces/include/asdfr_interfaces/asdfr_interfaces/msg/detail/point2__type_support.cpp
[1.616s] -- Up-to-date: /home/ram-user/ASDFR/src/ros2_nodes/src/install/asdfr_interfaces/lib/libasdfr_interfaces__rosidl_typesupport_introspection_cpp.so
[1.616s] -- Up-to-date: /home/ram-user/ASDFR/src/ros2_nodes/src/install/asdfr_interfaces/lib/libasdfr_interfaces__rosidl_typesupport_cpp.so
[1.616s] -- Up-to-date: /home/ram-user/ASDFR/src/ros2_nodes/src/install/asdfr_interfaces/share/asdfr_interfaces/environment/pythonpath.sh
[1.616s] -- Up-to-date: /home/ram-user/ASDFR/src/ros2_nodes/src/install/asdfr_interfaces/share/asdfr_interfaces/environment/pythonpath.dsv
[1.616s] -- Up-to-date: /home/ram-user/ASDFR/src/ros2_nodes/src/install/asdfr_interfaces/local/lib/python3.10/dist-packages/asdfr_interfaces-0.0.0-py3.10.egg-info
[1.616s] -- Installing: /home/ram-user/ASDFR/src/ros2_nodes/src/install/asdfr_interfaces/local/lib/python3.10/dist-packages/asdfr_interfaces-0.0.0-py3.10.egg-info/dependency_links.txt
[1.616s] -- Installing: /home/ram-user/ASDFR/src/ros2_nodes/src/install/asdfr_interfaces/local/lib/python3.10/dist-packages/asdfr_interfaces-0.0.0-py3.10.egg-info/top_level.txt
[1.617s] -- Installing: /home/ram-user/ASDFR/src/ros2_nodes/src/install/asdfr_interfaces/local/lib/python3.10/dist-packages/asdfr_interfaces-0.0.0-py3.10.egg-info/PKG-INFO
[1.617s] -- Installing: /home/ram-user/ASDFR/src/ros2_nodes/src/install/asdfr_interfaces/local/lib/python3.10/dist-packages/asdfr_interfaces-0.0.0-py3.10.egg-info/SOURCES.txt
[1.624s] -- Up-to-date: /home/ram-user/ASDFR/src/ros2_nodes/src/install/asdfr_interfaces/local/lib/python3.10/dist-packages/asdfr_interfaces
[1.624s] -- Up-to-date: /home/ram-user/ASDFR/src/ros2_nodes/src/install/asdfr_interfaces/local/lib/python3.10/dist-packages/asdfr_interfaces/__init__.py
[1.624s] -- Up-to-date: /home/ram-user/ASDFR/src/ros2_nodes/src/install/asdfr_interfaces/local/lib/python3.10/dist-packages/asdfr_interfaces/_asdfr_interfaces_s.ep.rosidl_typesupport_fastrtps_c.c
[1.624s] -- Up-to-date: /home/ram-user/ASDFR/src/ros2_nodes/src/install/asdfr_interfaces/local/lib/python3.10/dist-packages/asdfr_interfaces/asdfr_interfaces_s__rosidl_typesupport_introspection_c.cpython-310-x86_64-linux-gnu.so
[1.624s] -- Up-to-date: /home/ram-user/ASDFR/src/ros2_nodes/src/install/asdfr_interfaces/local/lib/python3.10/dist-packages/asdfr_interfaces/libasdfr_interfaces__rosidl_generator_py.so
[1.624s] -- Up-to-date: /home/ram-user/ASDFR/src/ros2_nodes/src/install/asdfr_interfaces/local/lib/python3.10/dist-packages/asdfr_interfaces/asdfr_interfaces_s__rosidl_typesupport_c.cpython-310-x86_64-linux-gnu.so
[1.624s] -- Up-to-date: /home/ram-user/ASDFR/src/ros2_nodes/src/install/asdfr_interfaces/local/lib/python3.10/dist-packages/asdfr_interfaces/_asdfr_interfaces_s.ep.rosidl_typesupport_introspection_c.c
[1.624s] -- Up-to-date: /home/ram-user/ASDFR/src/ros2_nodes/src/install/asdfr_interfaces/local/lib/python3.10/dist-packages/asdfr_interfaces/_asdfr_interfaces_s.ep.rosidl_typesupport_c.c
[1.624s] -- Up-to-date: /home/ram-user/ASDFR/src/ros2_nodes/src/install/asdfr_interfaces/local/lib/python3.10/dist-packages/asdfr_interfaces/msg
[1.624s] -- Up-to-date: /home/ram-user/ASDFR/src/ros2_nodes/src/install/asdfr_interfaces/local/lib/python3.10/dist-packages/asdfr_interfaces/msg/__init__.py
[1.624s] -- Up-to-date: /home/ram-user/ASDFR/src/ros2_nodes/src/install/asdfr_interfaces/local/lib/python3.10/dist-packages/asdfr_interfaces/msg/_point2.py
[1.625s] -- Up-to-date: /home/ram-user/ASDFR/src/ros2_nodes/src/install/asdfr_interfaces/local/lib/python3.10/dist-packages/asdfr_interfaces/msg/_point2_s.c
[1.625s] -- Up-to-date: /home/ram-user/ASDFR/src/ros2_nodes/src/install/asdfr_interfaces/local/lib/python3.10/dist-packages/asdfr_interfaces/asdfr_interfaces_s__rosidl_typesupport_fastrtps_c.cpython-310-x86_64-linux-gnu.so
[1.696s] Listing '/home/ram-user/ASDFR/src/ros2_nodes/src/install/asdfr_interfaces/local/lib/python3.10/dist-packages/asdfr_interfaces'...
[1.696s] Listing '/home/ram-user/ASDFR/src/ros2_nodes/src/install/asdfr_interfaces/local/lib/python3.10/dist-packages/asdfr_interfaces/msg'...
[1.704s] -- Up-to-date: /home/ram-user/ASDFR/src/ros2_nodes/src/install/asdfr_interfaces/local/lib/python3.10/dist-packages/asdfr_interfaces/asdfr_interfaces_s__rosidl_typesupport_fastrtps_c.cpython-310-x86_64-linux-gnu.so
[1.704s] -- Up-to-date: /home/ram-user/ASDFR/src/ros2_nodes/src/install/asdfr_interfaces/local/lib/python3.10/dist-packages/asdfr_interfaces/asdfr_interfaces_s__rosidl_typesupport_introspection_c.cpython-310-x86_64-linux-gnu.so
[1.704s] -- Up-to-date: /home/ram-user/ASDFR/src/ros2_nodes/src/install/asdfr_interfaces/local/lib/python3.10/dist-packages/asdfr_interfaces/asdfr_interfaces_s__rosidl_typesupport_c.cpython-310-x86_64-linux-gnu.so
[1.705s] -- Up-to-date: /home/ram-user/ASDFR/src/ros2_nodes/src/install/asdfr_interfaces/lib/libasdfr_interfaces__rosidl_generator_py.so
[1.705s] -- Up-to-date: /home/ram-user/ASDFR/src/ros2_nodes/src/install/asdfr_interfaces/share/asdfr_interfaces/msg/Point2.idl
[1.705s] -- Up-to-date: /home/ram-user/ASDFR/src/ros2_nodes/src/install/asdfr_interfaces/share/asdfr_interfaces/msg/Point2.msg
[1.705s] -- Up-to-date: /home/ram-user/ASDFR/src/ros2_nodes/src/install/asdfr_interfaces/share/ament_index/resource_index/package_run_dependencies/asdfr_interfaces
[1.705s] -- Up-to-date: /home/ram-user/ASDFR/src/ros2_nodes/src/install/asdfr_interfaces/share/ament_index/resource_index/parent_prefix_path/asdfr_interfaces
[1.705s] -- Up-to-date: /home/ram-user/ASDFR/src/ros2_nodes/src/install/asdfr_interfaces/share/asdfr_interfaces/environment/ament_prefix_path.sh
[1.705s] -- Up-to-date: /home/ram-user/ASDFR/src/ros2_nodes/src/install/asdfr_interfaces/share/asdfr_interfaces/environment/ament_prefix_path.dsv
[1.705s] -- Up-to-date: /home/ram-user/ASDFR/src/ros2_nodes/src/install/asdfr_interfaces/share/asdfr_interfaces/environment/path.sh
[1.705s] -- Up-to-date: /home/ram-user/ASDFR/src/ros2_nodes/src/install/asdfr_interfaces/share/asdfr_interfaces/environment/path.dsv
[1.706s] -- Up-to-date: /home/ram-user/ASDFR/src/ros2_nodes/src/install/asdfr_interfaces/share/asdfr_interfaces/local_setup.bash
[1.706s] -- Up-to-date: /home/ram-user/ASDFR/src/ros2_nodes/src/install/asdfr_interfaces/share/asdfr_interfaces/local_setup.sh
[1.706s] -- Up-to-date: /home/ram-user/ASDFR/src/ros2_nodes/src/install/asdfr_interfaces/share/asdfr_interfaces/local_setup.zsh
[1.706s] -- Up-to-date: /home/ram-user/ASDFR/src/ros2_nodes/src/install/asdfr_interfaces/share/asdfr_interfaces/local_setup.dsv
[1.706s] -- Installing: /home/ram-user/ASDFR/src/ros2_nodes/src/install/asdfr_interfaces/share/asdfr_interfaces/package.dsv
[1.706s] -- Up-to-date: /home/ram-user/ASDFR/src/ros2_nodes/src/install/asdfr_interfaces/share/ament_index/resource_index/packages/asdfr_interfaces
[1.707s] -- Up-to-date: /home/ram-user/ASDFR/src/ros2_nodes/src/install/asdfr_interfaces/share/asdfr_interfaces/cmake/export_asdfr_interfaces__rosidl_generator_cExport.cmake
[1.707s] -- Up-to-date: /home/ram-user/ASDFR/src/ros2_nodes/src/install/asdfr_interfaces/share/asdfr_interfaces/cmake/export_asdfr_interfaces__rosidl_generator_cExport-noconfig.cmake
[1.707s] -- Up-to-date: /home/ram-user/ASDFR/src/ros2_nodes/src/install/asdfr_interfaces/share/asdfr_interfaces/cmake/export_asdfr_interfaces__rosidl_typesupport_fastrtps_cExport.cmake
[1.707s] -- Up-to-date: /home/ram-user/ASDFR/src/ros2_nodes/src/install/asdfr_interfaces/share/asdfr_interfaces/cmake/export_asdfr_interfaces__rosidl_typesupport_fastrtps_cExport-noconfig.cmake
[1.707s] -- Up-to-date: /home/ram-user/ASDFR/src/ros2_nodes/src/install/asdfr_interfaces/share/asdfr_interfaces/cmake/asdfr_interfaces__rosidl_typesupport_introspection_cExport.cmake
[1.707s] -- Up-to-date: /home/ram-user/ASDFR/src/ros2_nodes/src/install/asdfr_interfaces/share/asdfr_interfaces/cmake/asdfr_interfaces__rosidl_typesupport_introspection_cExport-noconfig.cmake
[1.707s] -- Up-to-date: /home/ram-user/ASDFR/src/ros2_nodes/src/install/asdfr_interfaces/share/asdfr_interfaces/cmake/asdfr_interfaces__rosidl_typesupport_cExport.cmake
[1.708s] -- Up-to-date: /home/ram-user/ASDFR/src/ros2_nodes/src/install/asdfr_interfaces/share/asdfr_interfaces/cmake/asdfr_interfaces__rosidl_typesupport_cExport-noconfig.cmake
[1.708s] -- Up-to-date: /home/ram-user/ASDFR/src/ros2_nodes/src/install/asdfr_interfaces/share/asdfr_interfaces/cmake/export_asdfr_interfaces__rosidl_generator_cppExport.cmake
[1.708s] -- Up-to-date: /home/ram-user/ASDFR/src/ros2_nodes/src/install/asdfr_interfaces/share/asdfr_interfaces/cmake/export_asdfr_interfaces__rosidl_typesupport_fastrtps_cppExport.cmake
[1.708s] -- Up-to-date: /home/ram-user/ASDFR/src/ros2_nodes/src/install/asdfr_interfaces/share/asdfr_interfaces/cmake/export_asdfr_interfaces__rosidl_typesupport_fastrtps_cppExport-noconfig.cmake
[1.708s] -- Up-to-date: /home/ram-user/ASDFR/src/ros2_nodes/src/install/asdfr_interfaces/share/asdfr_interfaces/cmake/asdfr_interfaces__rosidl_typesupport_introspection_cppExport.cmake
[1.708s] -- Up-to-date: /home/ram-user/ASDFR/src/ros2_nodes/src/install/asdfr_interfaces/share/asdfr_interfaces/cmake/asdfr_interfaces__rosidl_typesupport_introspection_cppExport-noconfig.cmake
[1.708s] -- Up-to-date: /home/ram-user/ASDFR/src/ros2_nodes/src/install/asdfr_interfaces/share/asdfr_interfaces/cmake/asdfr_interfaces__rosidl_typesupport_cppExport.cmake
[1.708s] -- Up-to-date: /home/ram-user/ASDFR/src/ros2_nodes/src/install/asdfr_interfaces/share/asdfr_interfaces/cmake/asdfr_interfaces__rosidl_typesupport_cppExport-noconfig.cmake
[1.708s] -- Up-to-date: /home/ram-user/ASDFR/src/ros2_nodes/src/install/asdfr_interfaces/share/asdfr_interfaces/cmake/export_asdfr_interfaces__rosidl_generator_pyExport.cmake
[1.708s] -- Up-to-date: /home/ram-user/ASDFR/src/ros2_nodes/src/install/asdfr_interfaces/share/asdfr_interfaces/cmake/export_asdfr_interfaces__rosidl_generator_pyExport-noconfig.cmake
[1.708s] -- Up-to-date: /home/ram-user/ASDFR/src/ros2_nodes/src/install/asdfr_interfaces/share/asdfr_interfaces/cmake/rosidl_cmake-extras.cmake
[1.708s] -- Up-to-date: /home/ram-user/ASDFR/src/ros2_nodes/src/install/asdfr_interfaces/share/asdfr_interfaces/cmake/ament_cmake_export_include_directories-extras.cmake
[1.708s] -- Up-to-date: /home/ram-user/ASDFR/src/ros2_nodes/src/install/asdfr_interfaces/share/asdfr_interfaces/cmake/ament_cmake_export_libraries-extras.cmake
[1.708s] -- Up-to-date: /home/ram-user/ASDFR/src/ros2_nodes/src/install/asdfr_interfaces/share/asdfr_interfaces/cmake/ament_cmake_export_targets-extras.cmake
[1.708s] -- Up-to-date: /home/ram-user/ASDFR/src/ros2_nodes/src/install/asdfr_interfaces/share/asdfr_interfaces/cmake/rosidl_cmake_export_typesupport_targets-extras.cmake
[1.709s] -- Up-to-date: /home/ram-user/ASDFR/src/ros2_nodes/src/install/asdfr_interfaces/share/asdfr_interfaces/cmake/ament_cmake_export_dependencies-extras.cmake
[1.709s] -- Up-to-date: /home/ram-user/ASDFR/src/ros2_nodes/src/install/asdfr_interfaces/share/asdfr_interfaces/cmake/rosidl_cmake_export_typesupport_libraries-extras.cmake
[1.709s] -- Up-to-date: /home/ram-user/ASDFR/src/ros2_nodes/src/install/asdfr_interfaces/share/asdfr_interfaces/cmake/asdfr_interfacesConfig.cmake
[1.709s] -- Up-to-date: /home/ram-user/ASDFR/src/ros2_nodes/src/install/asdfr_interfaces/share/asdfr_interfaces/cmake/asdfr_interfacesConfig-version.cmake
[1.709s] -- Up-to-date: /home/ram-user/ASDFR/src/ros2_nodes/src/install/asdfr_interfaces/share/asdfr_interfaces/package.xml
[1.716s] Invoked command in '/home/ram-user/ASDFR/src/ros2_nodes/src/build/asdfr_interfaces' returned '0': CMAKE_PREFIX_PATH=${CMAKE_PREFIX_PATH}:/opt/ros/humble /usr/bin/cmake --install /home/ram-user/ASDFR/src/ros2_nodes/src/build/asdfr_interfaces
