[0.027s] Invoking command in '/home/ram-user/ASDFR/src/build/asdfr_interfaces': CMAKE_PREFIX_PATH=/opt/ros/humble /usr/bin/cmake --build /home/ram-user/ASDFR/src/build/asdfr_interfaces -- -j2 -l2
[0.194s] [  3%] Built target asdfr_interfaces__cpp
[0.262s] [35m[1mConsolidate compiler generated dependencies of target asdfr_interfaces__rosidl_generator_c[0m
[0.285s] [ 12%] Built target asdfr_interfaces__rosidl_generator_c
[0.405s] [ 12%] Built target ament_cmake_python_copy_asdfr_interfaces
[0.469s] [35m[1mConsolidate compiler generated dependencies of target asdfr_interfaces__rosidl_typesupport_cpp[0m
[0.497s] [ 22%] Built target asdfr_interfaces__rosidl_typesupport_cpp
[0.524s] [35m[1mConsolidate compiler generated dependencies of target asdfr_interfaces__rosidl_typesupport_fastrtps_c[0m
[0.536s] [ 32%] Built target asdfr_interfaces__rosidl_typesupport_fastrtps_c
[0.566s] [35m[1mConsolidate compiler generated dependencies of target asdfr_interfaces__rosidl_typesupport_introspection_c[0m
[0.610s] [ 41%] Built target asdfr_interfaces__rosidl_typesupport_introspection_c
[0.642s] [35m[1mConsolidate compiler generated dependencies of target asdfr_interfaces__rosidl_typesupport_c[0m
[0.671s] [ 51%] Built target asdfr_interfaces__rosidl_typesupport_c
[0.685s] [35m[1mConsolidate compiler generated dependencies of target asdfr_interfaces__rosidl_typesupport_fastrtps_cpp[0m
[0.699s] [ 61%] Built target asdfr_interfaces__rosidl_typesupport_fastrtps_cpp
[0.716s] [35m[1mConsolidate compiler generated dependencies of target asdfr_interfaces__rosidl_typesupport_introspection_cpp[0m
[0.730s] [ 70%] Built target asdfr_interfaces__rosidl_typesupport_introspection_cpp
[1.020s] running egg_info
[1.021s] writing asdfr_interfaces.egg-info/PKG-INFO
[1.021s] writing dependency_links to asdfr_interfaces.egg-info/dependency_links.txt
[1.021s] writing top-level names to asdfr_interfaces.egg-info/top_level.txt
[1.024s] reading manifest file 'asdfr_interfaces.egg-info/SOURCES.txt'
[1.025s] writing manifest file 'asdfr_interfaces.egg-info/SOURCES.txt'
[1.065s] [ 70%] Built target ament_cmake_python_build_asdfr_interfaces_egg
[1.086s] [ 70%] Built target asdfr_interfaces
[1.105s] [ 74%] Built target asdfr_interfaces__py
[1.117s] [35m[1mConsolidate compiler generated dependencies of target asdfr_interfaces__rosidl_generator_py[0m
[1.127s] [ 80%] Built target asdfr_interfaces__rosidl_generator_py
[1.139s] [35m[1mConsolidate compiler generated dependencies of target asdfr_interfaces__rosidl_typesupport_fastrtps_c__pyext[0m
[1.151s] [ 87%] Built target asdfr_interfaces__rosidl_typesupport_fastrtps_c__pyext
[1.161s] [35m[1mConsolidate compiler generated dependencies of target asdfr_interfaces__rosidl_typesupport_introspection_c__pyext[0m
[1.183s] [ 93%] Built target asdfr_interfaces__rosidl_typesupport_introspection_c__pyext
[1.206s] [35m[1mConsolidate compiler generated dependencies of target asdfr_interfaces__rosidl_typesupport_c__pyext[0m
[1.222s] [100%] Built target asdfr_interfaces__rosidl_typesupport_c__pyext
[1.240s] Invoked command in '/home/ram-user/ASDFR/src/build/asdfr_interfaces' returned '0': CMAKE_PREFIX_PATH=/opt/ros/humble /usr/bin/cmake --build /home/ram-user/ASDFR/src/build/asdfr_interfaces -- -j2 -l2
[1.326s] Invoking command in '/home/ram-user/ASDFR/src/build/asdfr_interfaces': CMAKE_PREFIX_PATH=/opt/ros/humble /usr/bin/cmake --install /home/ram-user/ASDFR/src/build/asdfr_interfaces
[1.346s] -- Install configuration: ""
[1.346s] -- Up-to-date: /home/ram-user/ASDFR/src/install/asdfr_interfaces/share/ament_index/resource_index/rosidl_interfaces/asdfr_interfaces
[1.346s] -- Up-to-date: /home/ram-user/ASDFR/src/install/asdfr_interfaces/include/asdfr_interfaces/asdfr_interfaces
[1.346s] -- Up-to-date: /home/ram-user/ASDFR/src/install/asdfr_interfaces/include/asdfr_interfaces/asdfr_interfaces/msg
[1.346s] -- Up-to-date: /home/ram-user/ASDFR/src/install/asdfr_interfaces/include/asdfr_interfaces/asdfr_interfaces/msg/detail
[1.346s] -- Up-to-date: /home/ram-user/ASDFR/src/install/asdfr_interfaces/include/asdfr_interfaces/asdfr_interfaces/msg/detail/point2__functions.c
[1.346s] -- Up-to-date: /home/ram-user/ASDFR/src/install/asdfr_interfaces/include/asdfr_interfaces/asdfr_interfaces/msg/detail/point2__struct.h
[1.346s] -- Up-to-date: /home/ram-user/ASDFR/src/install/asdfr_interfaces/include/asdfr_interfaces/asdfr_interfaces/msg/detail/point2__functions.h
[1.346s] -- Up-to-date: /home/ram-user/ASDFR/src/install/asdfr_interfaces/include/asdfr_interfaces/asdfr_interfaces/msg/detail/point2__type_support.h
[1.346s] -- Up-to-date: /home/ram-user/ASDFR/src/install/asdfr_interfaces/include/asdfr_interfaces/asdfr_interfaces/msg/rosidl_generator_c__visibility_control.h
[1.346s] -- Up-to-date: /home/ram-user/ASDFR/src/install/asdfr_interfaces/include/asdfr_interfaces/asdfr_interfaces/msg/point2.h
[1.346s] -- Up-to-date: /home/ram-user/ASDFR/src/install/asdfr_interfaces/share/asdfr_interfaces/environment/library_path.sh
[1.346s] -- Up-to-date: /home/ram-user/ASDFR/src/install/asdfr_interfaces/share/asdfr_interfaces/environment/library_path.dsv
[1.346s] -- Up-to-date: /home/ram-user/ASDFR/src/install/asdfr_interfaces/lib/libasdfr_interfaces__rosidl_generator_c.so
[1.346s] -- Up-to-date: /home/ram-user/ASDFR/src/install/asdfr_interfaces/include/asdfr_interfaces/asdfr_interfaces
[1.347s] -- Up-to-date: /home/ram-user/ASDFR/src/install/asdfr_interfaces/include/asdfr_interfaces/asdfr_interfaces/msg
[1.347s] -- Up-to-date: /home/ram-user/ASDFR/src/install/asdfr_interfaces/include/asdfr_interfaces/asdfr_interfaces/msg/rosidl_typesupport_fastrtps_c__visibility_control.h
[1.347s] -- Up-to-date: /home/ram-user/ASDFR/src/install/asdfr_interfaces/include/asdfr_interfaces/asdfr_interfaces/msg/detail
[1.347s] -- Up-to-date: /home/ram-user/ASDFR/src/install/asdfr_interfaces/include/asdfr_interfaces/asdfr_interfaces/msg/detail/point2__rosidl_typesupport_fastrtps_c.h
[1.347s] -- Up-to-date: /home/ram-user/ASDFR/src/install/asdfr_interfaces/lib/libasdfr_interfaces__rosidl_typesupport_fastrtps_c.so
[1.347s] -- Up-to-date: /home/ram-user/ASDFR/src/install/asdfr_interfaces/include/asdfr_interfaces/asdfr_interfaces
[1.347s] -- Up-to-date: /home/ram-user/ASDFR/src/install/asdfr_interfaces/include/asdfr_interfaces/asdfr_interfaces/msg
[1.347s] -- Up-to-date: /home/ram-user/ASDFR/src/install/asdfr_interfaces/include/asdfr_interfaces/asdfr_interfaces/msg/rosidl_typesupport_introspection_c__visibility_control.h
[1.347s] -- Up-to-date: /home/ram-user/ASDFR/src/install/asdfr_interfaces/include/asdfr_interfaces/asdfr_interfaces/msg/detail
[1.347s] -- Up-to-date: /home/ram-user/ASDFR/src/install/asdfr_interfaces/include/asdfr_interfaces/asdfr_interfaces/msg/detail/point2__rosidl_typesupport_introspection_c.h
[1.347s] -- Up-to-date: /home/ram-user/ASDFR/src/install/asdfr_interfaces/include/asdfr_interfaces/asdfr_interfaces/msg/detail/point2__type_support.c
[1.347s] -- Up-to-date: /home/ram-user/ASDFR/src/install/asdfr_interfaces/lib/libasdfr_interfaces__rosidl_typesupport_introspection_c.so
[1.347s] -- Up-to-date: /home/ram-user/ASDFR/src/install/asdfr_interfaces/lib/libasdfr_interfaces__rosidl_typesupport_c.so
[1.347s] -- Up-to-date: /home/ram-user/ASDFR/src/install/asdfr_interfaces/include/asdfr_interfaces/asdfr_interfaces
[1.347s] -- Up-to-date: /home/ram-user/ASDFR/src/install/asdfr_interfaces/include/asdfr_interfaces/asdfr_interfaces/msg
[1.348s] -- Up-to-date: /home/ram-user/ASDFR/src/install/asdfr_interfaces/include/asdfr_interfaces/asdfr_interfaces/msg/point2.hpp
[1.348s] -- Up-to-date: /home/ram-user/ASDFR/src/install/asdfr_interfaces/include/asdfr_interfaces/asdfr_interfaces/msg/detail
[1.348s] -- Up-to-date: /home/ram-user/ASDFR/src/install/asdfr_interfaces/include/asdfr_interfaces/asdfr_interfaces/msg/detail/point2__traits.hpp
[1.348s] -- Up-to-date: /home/ram-user/ASDFR/src/install/asdfr_interfaces/include/asdfr_interfaces/asdfr_interfaces/msg/detail/point2__builder.hpp
[1.348s] -- Up-to-date: /home/ram-user/ASDFR/src/install/asdfr_interfaces/include/asdfr_interfaces/asdfr_interfaces/msg/detail/point2__struct.hpp
[1.348s] -- Up-to-date: /home/ram-user/ASDFR/src/install/asdfr_interfaces/include/asdfr_interfaces/asdfr_interfaces
[1.348s] -- Up-to-date: /home/ram-user/ASDFR/src/install/asdfr_interfaces/include/asdfr_interfaces/asdfr_interfaces/msg
[1.348s] -- Up-to-date: /home/ram-user/ASDFR/src/install/asdfr_interfaces/include/asdfr_interfaces/asdfr_interfaces/msg/detail
[1.348s] -- Up-to-date: /home/ram-user/ASDFR/src/install/asdfr_interfaces/include/asdfr_interfaces/asdfr_interfaces/msg/detail/point2__rosidl_typesupport_fastrtps_cpp.hpp
[1.348s] -- Up-to-date: /home/ram-user/ASDFR/src/install/asdfr_interfaces/include/asdfr_interfaces/asdfr_interfaces/msg/detail/dds_fastrtps
[1.348s] -- Up-to-date: /home/ram-user/ASDFR/src/install/asdfr_interfaces/include/asdfr_interfaces/asdfr_interfaces/msg/rosidl_typesupport_fastrtps_cpp__visibility_control.h
[1.348s] -- Up-to-date: /home/ram-user/ASDFR/src/install/asdfr_interfaces/lib/libasdfr_interfaces__rosidl_typesupport_fastrtps_cpp.so
[1.348s] -- Up-to-date: /home/ram-user/ASDFR/src/install/asdfr_interfaces/include/asdfr_interfaces/asdfr_interfaces
[1.348s] -- Up-to-date: /home/ram-user/ASDFR/src/install/asdfr_interfaces/include/asdfr_interfaces/asdfr_interfaces/msg
[1.348s] -- Up-to-date: /home/ram-user/ASDFR/src/install/asdfr_interfaces/include/asdfr_interfaces/asdfr_interfaces/msg/detail
[1.348s] -- Up-to-date: /home/ram-user/ASDFR/src/install/asdfr_interfaces/include/asdfr_interfaces/asdfr_interfaces/msg/detail/point2__rosidl_typesupport_introspection_cpp.hpp
[1.348s] -- Up-to-date: /home/ram-user/ASDFR/src/install/asdfr_interfaces/include/asdfr_interfaces/asdfr_interfaces/msg/detail/point2__type_support.cpp
[1.351s] -- Up-to-date: /home/ram-user/ASDFR/src/install/asdfr_interfaces/lib/libasdfr_interfaces__rosidl_typesupport_introspection_cpp.so
[1.352s] -- Up-to-date: /home/ram-user/ASDFR/src/install/asdfr_interfaces/lib/libasdfr_interfaces__rosidl_typesupport_cpp.so
[1.352s] -- Up-to-date: /home/ram-user/ASDFR/src/install/asdfr_interfaces/share/asdfr_interfaces/environment/pythonpath.sh
[1.352s] -- Up-to-date: /home/ram-user/ASDFR/src/install/asdfr_interfaces/share/asdfr_interfaces/environment/pythonpath.dsv
[1.352s] -- Up-to-date: /home/ram-user/ASDFR/src/install/asdfr_interfaces/local/lib/python3.10/dist-packages/asdfr_interfaces-0.0.0-py3.10.egg-info
[1.352s] -- Installing: /home/ram-user/ASDFR/src/install/asdfr_interfaces/local/lib/python3.10/dist-packages/asdfr_interfaces-0.0.0-py3.10.egg-info/dependency_links.txt
[1.352s] -- Installing: /home/ram-user/ASDFR/src/install/asdfr_interfaces/local/lib/python3.10/dist-packages/asdfr_interfaces-0.0.0-py3.10.egg-info/top_level.txt
[1.352s] -- Installing: /home/ram-user/ASDFR/src/install/asdfr_interfaces/local/lib/python3.10/dist-packages/asdfr_interfaces-0.0.0-py3.10.egg-info/PKG-INFO
[1.352s] -- Installing: /home/ram-user/ASDFR/src/install/asdfr_interfaces/local/lib/python3.10/dist-packages/asdfr_interfaces-0.0.0-py3.10.egg-info/SOURCES.txt
[1.352s] -- Up-to-date: /home/ram-user/ASDFR/src/install/asdfr_interfaces/local/lib/python3.10/dist-packages/asdfr_interfaces
[1.352s] -- Up-to-date: /home/ram-user/ASDFR/src/install/asdfr_interfaces/local/lib/python3.10/dist-packages/asdfr_interfaces/__init__.py
[1.352s] -- Up-to-date: /home/ram-user/ASDFR/src/install/asdfr_interfaces/local/lib/python3.10/dist-packages/asdfr_interfaces/_asdfr_interfaces_s.ep.rosidl_typesupport_fastrtps_c.c
[1.352s] -- Up-to-date: /home/ram-user/ASDFR/src/install/asdfr_interfaces/local/lib/python3.10/dist-packages/asdfr_interfaces/asdfr_interfaces_s__rosidl_typesupport_introspection_c.cpython-310-x86_64-linux-gnu.so
[1.352s] -- Up-to-date: /home/ram-user/ASDFR/src/install/asdfr_interfaces/local/lib/python3.10/dist-packages/asdfr_interfaces/libasdfr_interfaces__rosidl_generator_py.so
[1.352s] -- Up-to-date: /home/ram-user/ASDFR/src/install/asdfr_interfaces/local/lib/python3.10/dist-packages/asdfr_interfaces/asdfr_interfaces_s__rosidl_typesupport_c.cpython-310-x86_64-linux-gnu.so
[1.352s] -- Up-to-date: /home/ram-user/ASDFR/src/install/asdfr_interfaces/local/lib/python3.10/dist-packages/asdfr_interfaces/_asdfr_interfaces_s.ep.rosidl_typesupport_introspection_c.c
[1.352s] -- Up-to-date: /home/ram-user/ASDFR/src/install/asdfr_interfaces/local/lib/python3.10/dist-packages/asdfr_interfaces/_asdfr_interfaces_s.ep.rosidl_typesupport_c.c
[1.353s] -- Up-to-date: /home/ram-user/ASDFR/src/install/asdfr_interfaces/local/lib/python3.10/dist-packages/asdfr_interfaces/msg
[1.353s] -- Up-to-date: /home/ram-user/ASDFR/src/install/asdfr_interfaces/local/lib/python3.10/dist-packages/asdfr_interfaces/msg/__init__.py
[1.353s] -- Up-to-date: /home/ram-user/ASDFR/src/install/asdfr_interfaces/local/lib/python3.10/dist-packages/asdfr_interfaces/msg/_point2.py
[1.353s] -- Up-to-date: /home/ram-user/ASDFR/src/install/asdfr_interfaces/local/lib/python3.10/dist-packages/asdfr_interfaces/msg/_point2_s.c
[1.353s] -- Up-to-date: /home/ram-user/ASDFR/src/install/asdfr_interfaces/local/lib/python3.10/dist-packages/asdfr_interfaces/asdfr_interfaces_s__rosidl_typesupport_fastrtps_c.cpython-310-x86_64-linux-gnu.so
[1.407s] Listing '/home/ram-user/ASDFR/src/install/asdfr_interfaces/local/lib/python3.10/dist-packages/asdfr_interfaces'...
[1.407s] Listing '/home/ram-user/ASDFR/src/install/asdfr_interfaces/local/lib/python3.10/dist-packages/asdfr_interfaces/msg'...
[1.415s] -- Up-to-date: /home/ram-user/ASDFR/src/install/asdfr_interfaces/local/lib/python3.10/dist-packages/asdfr_interfaces/asdfr_interfaces_s__rosidl_typesupport_fastrtps_c.cpython-310-x86_64-linux-gnu.so
[1.415s] -- Up-to-date: /home/ram-user/ASDFR/src/install/asdfr_interfaces/local/lib/python3.10/dist-packages/asdfr_interfaces/asdfr_interfaces_s__rosidl_typesupport_introspection_c.cpython-310-x86_64-linux-gnu.so
[1.415s] -- Up-to-date: /home/ram-user/ASDFR/src/install/asdfr_interfaces/local/lib/python3.10/dist-packages/asdfr_interfaces/asdfr_interfaces_s__rosidl_typesupport_c.cpython-310-x86_64-linux-gnu.so
[1.415s] -- Up-to-date: /home/ram-user/ASDFR/src/install/asdfr_interfaces/lib/libasdfr_interfaces__rosidl_generator_py.so
[1.415s] -- Up-to-date: /home/ram-user/ASDFR/src/install/asdfr_interfaces/share/asdfr_interfaces/msg/Point2.idl
[1.415s] -- Up-to-date: /home/ram-user/ASDFR/src/install/asdfr_interfaces/share/asdfr_interfaces/msg/Point2.msg
[1.415s] -- Up-to-date: /home/ram-user/ASDFR/src/install/asdfr_interfaces/share/ament_index/resource_index/package_run_dependencies/asdfr_interfaces
[1.415s] -- Up-to-date: /home/ram-user/ASDFR/src/install/asdfr_interfaces/share/ament_index/resource_index/parent_prefix_path/asdfr_interfaces
[1.415s] -- Up-to-date: /home/ram-user/ASDFR/src/install/asdfr_interfaces/share/asdfr_interfaces/environment/ament_prefix_path.sh
[1.415s] -- Up-to-date: /home/ram-user/ASDFR/src/install/asdfr_interfaces/share/asdfr_interfaces/environment/ament_prefix_path.dsv
[1.415s] -- Up-to-date: /home/ram-user/ASDFR/src/install/asdfr_interfaces/share/asdfr_interfaces/environment/path.sh
[1.415s] -- Up-to-date: /home/ram-user/ASDFR/src/install/asdfr_interfaces/share/asdfr_interfaces/environment/path.dsv
[1.415s] -- Up-to-date: /home/ram-user/ASDFR/src/install/asdfr_interfaces/share/asdfr_interfaces/local_setup.bash
[1.415s] -- Up-to-date: /home/ram-user/ASDFR/src/install/asdfr_interfaces/share/asdfr_interfaces/local_setup.sh
[1.415s] -- Up-to-date: /home/ram-user/ASDFR/src/install/asdfr_interfaces/share/asdfr_interfaces/local_setup.zsh
[1.416s] -- Up-to-date: /home/ram-user/ASDFR/src/install/asdfr_interfaces/share/asdfr_interfaces/local_setup.dsv
[1.416s] -- Installing: /home/ram-user/ASDFR/src/install/asdfr_interfaces/share/asdfr_interfaces/package.dsv
[1.419s] -- Up-to-date: /home/ram-user/ASDFR/src/install/asdfr_interfaces/share/ament_index/resource_index/packages/asdfr_interfaces
[1.420s] -- Up-to-date: /home/ram-user/ASDFR/src/install/asdfr_interfaces/share/asdfr_interfaces/cmake/export_asdfr_interfaces__rosidl_generator_cExport.cmake
[1.420s] -- Up-to-date: /home/ram-user/ASDFR/src/install/asdfr_interfaces/share/asdfr_interfaces/cmake/export_asdfr_interfaces__rosidl_generator_cExport-noconfig.cmake
[1.421s] -- Up-to-date: /home/ram-user/ASDFR/src/install/asdfr_interfaces/share/asdfr_interfaces/cmake/export_asdfr_interfaces__rosidl_typesupport_fastrtps_cExport.cmake
[1.421s] -- Up-to-date: /home/ram-user/ASDFR/src/install/asdfr_interfaces/share/asdfr_interfaces/cmake/export_asdfr_interfaces__rosidl_typesupport_fastrtps_cExport-noconfig.cmake
[1.421s] -- Up-to-date: /home/ram-user/ASDFR/src/install/asdfr_interfaces/share/asdfr_interfaces/cmake/asdfr_interfaces__rosidl_typesupport_introspection_cExport.cmake
[1.421s] -- Up-to-date: /home/ram-user/ASDFR/src/install/asdfr_interfaces/share/asdfr_interfaces/cmake/asdfr_interfaces__rosidl_typesupport_introspection_cExport-noconfig.cmake
[1.422s] -- Up-to-date: /home/ram-user/ASDFR/src/install/asdfr_interfaces/share/asdfr_interfaces/cmake/asdfr_interfaces__rosidl_typesupport_cExport.cmake
[1.422s] -- Up-to-date: /home/ram-user/ASDFR/src/install/asdfr_interfaces/share/asdfr_interfaces/cmake/asdfr_interfaces__rosidl_typesupport_cExport-noconfig.cmake
[1.423s] -- Up-to-date: /home/ram-user/ASDFR/src/install/asdfr_interfaces/share/asdfr_interfaces/cmake/export_asdfr_interfaces__rosidl_generator_cppExport.cmake
[1.424s] -- Up-to-date: /home/ram-user/ASDFR/src/install/asdfr_interfaces/share/asdfr_interfaces/cmake/export_asdfr_interfaces__rosidl_typesupport_fastrtps_cppExport.cmake
[1.424s] -- Up-to-date: /home/ram-user/ASDFR/src/install/asdfr_interfaces/share/asdfr_interfaces/cmake/export_asdfr_interfaces__rosidl_typesupport_fastrtps_cppExport-noconfig.cmake
[1.425s] -- Up-to-date: /home/ram-user/ASDFR/src/install/asdfr_interfaces/share/asdfr_interfaces/cmake/asdfr_interfaces__rosidl_typesupport_introspection_cppExport.cmake
[1.425s] -- Up-to-date: /home/ram-user/ASDFR/src/install/asdfr_interfaces/share/asdfr_interfaces/cmake/asdfr_interfaces__rosidl_typesupport_introspection_cppExport-noconfig.cmake
[1.426s] -- Up-to-date: /home/ram-user/ASDFR/src/install/asdfr_interfaces/share/asdfr_interfaces/cmake/asdfr_interfaces__rosidl_typesupport_cppExport.cmake
[1.426s] -- Up-to-date: /home/ram-user/ASDFR/src/install/asdfr_interfaces/share/asdfr_interfaces/cmake/asdfr_interfaces__rosidl_typesupport_cppExport-noconfig.cmake
[1.427s] -- Up-to-date: /home/ram-user/ASDFR/src/install/asdfr_interfaces/share/asdfr_interfaces/cmake/export_asdfr_interfaces__rosidl_generator_pyExport.cmake
[1.427s] -- Up-to-date: /home/ram-user/ASDFR/src/install/asdfr_interfaces/share/asdfr_interfaces/cmake/export_asdfr_interfaces__rosidl_generator_pyExport-noconfig.cmake
[1.427s] -- Up-to-date: /home/ram-user/ASDFR/src/install/asdfr_interfaces/share/asdfr_interfaces/cmake/rosidl_cmake-extras.cmake
[1.428s] -- Up-to-date: /home/ram-user/ASDFR/src/install/asdfr_interfaces/share/asdfr_interfaces/cmake/ament_cmake_export_include_directories-extras.cmake
[1.428s] -- Up-to-date: /home/ram-user/ASDFR/src/install/asdfr_interfaces/share/asdfr_interfaces/cmake/ament_cmake_export_libraries-extras.cmake
[1.428s] -- Up-to-date: /home/ram-user/ASDFR/src/install/asdfr_interfaces/share/asdfr_interfaces/cmake/ament_cmake_export_targets-extras.cmake
[1.428s] -- Up-to-date: /home/ram-user/ASDFR/src/install/asdfr_interfaces/share/asdfr_interfaces/cmake/rosidl_cmake_export_typesupport_targets-extras.cmake
[1.428s] -- Up-to-date: /home/ram-user/ASDFR/src/install/asdfr_interfaces/share/asdfr_interfaces/cmake/ament_cmake_export_dependencies-extras.cmake
[1.429s] -- Up-to-date: /home/ram-user/ASDFR/src/install/asdfr_interfaces/share/asdfr_interfaces/cmake/rosidl_cmake_export_typesupport_libraries-extras.cmake
[1.429s] -- Up-to-date: /home/ram-user/ASDFR/src/install/asdfr_interfaces/share/asdfr_interfaces/cmake/asdfr_interfacesConfig.cmake
[1.429s] -- Up-to-date: /home/ram-user/ASDFR/src/install/asdfr_interfaces/share/asdfr_interfaces/cmake/asdfr_interfacesConfig-version.cmake
[1.433s] -- Up-to-date: /home/ram-user/ASDFR/src/install/asdfr_interfaces/share/asdfr_interfaces/package.xml
[1.445s] Invoked command in '/home/ram-user/ASDFR/src/build/asdfr_interfaces' returned '0': CMAKE_PREFIX_PATH=/opt/ros/humble /usr/bin/cmake --install /home/ram-user/ASDFR/src/build/asdfr_interfaces
