[0.015s] Invoking command in '/home/ram-user/ASDFR/build/image_processing': CMAKE_PREFIX_PATH=/opt/ros/humble /usr/bin/cmake --build /home/ram-user/ASDFR/build/image_processing -- -j2 -l2
[0.070s] [ 50%] Built target brightness_check
[0.070s] [ 50%] Built target grayscaler
[0.081s] [35m[1mConsolidate compiler generated dependencies of target light_tracker[0m
[0.092s] [ 75%] Built target brightmask
[0.102s] [ 87%] [32mBuilding CXX object CMakeFiles/light_tracker.dir/src/light_tracker.cpp.o[0m
[3.036s] [01m[K/home/ram-user/ASDFR/src/image_processing/src/light_tracker.cpp:83:38:[m[K [01;31m[Kerror: [m[K‘[01m[KPose2D[m[K’ is not a member of ‘[01m[Kgeometry_msgs[m[K’; did you mean ‘[01m[Kgeometry_msgs::msg::Pose2D[m[K’?
[3.036s]    83 |     rclcpp::Publisher<geometry_msgs::[01;31m[KPose2D[m[K>::SharedPtr publisher_;
[3.036s]       |                                      [01;31m[K^~~~~~[m[K
[3.036s] In file included from [01m[K/opt/ros/humble/include/geometry_msgs/geometry_msgs/msg/pose2_d.hpp:7[m[K,
[3.036s]                  from [01m[K/home/ram-user/ASDFR/src/image_processing/src/light_tracker.cpp:6[m[K:
[3.036s] [01m[K/opt/ros/humble/include/geometry_msgs/geometry_msgs/msg/detail/pose2_d__struct.hpp:150:7:[m[K [01;36m[Knote: [m[K‘[01m[Kgeometry_msgs::msg::Pose2D[m[K’ declared here
[3.036s]   150 | using [01;36m[KPose2D[m[K =
[3.036s]       |       [01;36m[K^~~~~~[m[K
[3.036s] [01m[K/home/ram-user/ASDFR/src/image_processing/src/light_tracker.cpp:83:44:[m[K [01;31m[Kerror: [m[Ktemplate argument 1 is invalid
[3.036s]    83 |     rclcpp::Publisher<geometry_msgs::Pose2D[01;31m[K>[m[K::SharedPtr publisher_;
[3.036s]       |                                            [01;31m[K^[m[K
[3.036s] [01m[K/home/ram-user/ASDFR/src/image_processing/src/light_tracker.cpp:83:47:[m[K [01;31m[Kerror: [m[Kexpected ‘[01m[K;[m[K’ at end of member declaration
[3.036s]    83 |     rclcpp::Publisher<geometry_msgs::Pose2D>::[01;31m[KSharedPtr[m[K publisher_;
[3.037s]       |                                               [01;31m[K^~~~~~~~~[m[K
[3.037s]       |                                                        [32m[K;[m[K
[3.038s] [01m[K/home/ram-user/ASDFR/src/image_processing/src/light_tracker.cpp:83:57:[m[K [01;31m[Kerror: [m[K‘[01m[Kpublisher_[m[K’ does not name a type; did you mean ‘[01m[Krmw_publisher_t[m[K’?
[3.038s]    83 |     rclcpp::Publisher<geometry_msgs::Pose2D>::SharedPtr [01;31m[Kpublisher_[m[K;
[3.038s]       |                                                         [01;31m[K^~~~~~~~~~[m[K
[3.038s]       |                                                         [32m[Krmw_publisher_t[m[K
[3.055s] [01m[K/home/ram-user/ASDFR/src/image_processing/src/light_tracker.cpp:[m[K In constructor ‘[01m[KLightTracker::LightTracker()[m[K’:
[3.055s] [01m[K/home/ram-user/ASDFR/src/image_processing/src/light_tracker.cpp:17:5:[m[K [01;31m[Kerror: [m[K‘[01m[Kpublisher_[m[K’ was not declared in this scope; did you mean ‘[01m[Krmw_publisher_t[m[K’?
[3.055s]    17 |     [01;31m[Kpublisher_[m[K = this->create_publisher<geometry_msgs::Pose2D>("COGL", 10);
[3.055s]       |     [01;31m[K^~~~~~~~~~[m[K
[3.056s]       |     [32m[Krmw_publisher_t[m[K
[3.056s] [01m[K/home/ram-user/ASDFR/src/image_processing/src/light_tracker.cpp:17:56:[m[K [01;31m[Kerror: [m[K‘[01m[KPose2D[m[K’ is not a member of ‘[01m[Kgeometry_msgs[m[K’; did you mean ‘[01m[Kgeometry_msgs::msg::Pose2D[m[K’?
[3.056s]    17 |     publisher_ = this->create_publisher<geometry_msgs::[01;31m[KPose2D[m[K>("COGL", 10);
[3.056s]       |                                                        [01;31m[K^~~~~~[m[K
[3.056s] In file included from [01m[K/opt/ros/humble/include/geometry_msgs/geometry_msgs/msg/pose2_d.hpp:7[m[K,
[3.057s]                  from [01m[K/home/ram-user/ASDFR/src/image_processing/src/light_tracker.cpp:6[m[K:
[3.057s] [01m[K/opt/ros/humble/include/geometry_msgs/geometry_msgs/msg/detail/pose2_d__struct.hpp:150:7:[m[K [01;36m[Knote: [m[K‘[01m[Kgeometry_msgs::msg::Pose2D[m[K’ declared here
[3.057s]   150 | using [01;36m[KPose2D[m[K =
[3.057s]       |       [01;36m[K^~~~~~[m[K
[3.057s] [01m[K/home/ram-user/ASDFR/src/image_processing/src/light_tracker.cpp:17:63:[m[K [01;31m[Kerror: [m[Kno matching function for call to ‘[01m[KLightTracker::create_publisher<<expression error> >(const char [5], int)[m[K’
[3.057s]    17 |   publisher_ = [01;31m[Kthis->create_publisher<geometry_msgs::Pose2D>("COGL", 10)[m[K;
[3.057s]       |                [01;31m[K~~~~~~~~~~~~~~~~~~~~~~~~~~~~~~~~~~~~~~~~~~~~~^~~~~~~~~~~~[m[K
[3.057s] 
[3.057s] In file included from [01m[K/opt/ros/humble/include/rclcpp/rclcpp/executors/single_threaded_executor.hpp:28[m[K,
[3.057s]                  from [01m[K/opt/ros/humble/include/rclcpp/rclcpp/executors.hpp:22[m[K,
[3.057s]                  from [01m[K/opt/ros/humble/include/rclcpp/rclcpp/rclcpp.hpp:155[m[K,
[3.057s]                  from [01m[K/home/ram-user/ASDFR/src/image_processing/src/light_tracker.cpp:1[m[K:
[3.057s] [01m[K/opt/ros/humble/include/rclcpp/rclcpp/node.hpp:195:3:[m[K [01;36m[Knote: [m[Kcandidate: ‘[01m[Ktemplate<class MessageT, class AllocatorT, class PublisherT> std::shared_ptr<PublisherT> rclcpp::Node::create_publisher(const string&, const rclcpp::QoS&, const rclcpp::PublisherOptionsWithAllocator<AllocatorT>&)[m[K’
[3.057s]   195 |   [01;36m[Kcreate_publisher[m[K(
[3.057s]       |   [01;36m[K^~~~~~~~~~~~~~~~[m[K
[3.057s] [01m[K/opt/ros/humble/include/rclcpp/rclcpp/node.hpp:195:3:[m[K [01;36m[Knote: [m[K  template argument deduction/substitution failed:
[3.057s] [01m[K/home/ram-user/ASDFR/src/image_processing/src/light_tracker.cpp:17:63:[m[K [01;31m[Kerror: [m[Ktemplate argument 1 is invalid
[3.057s]    17 |   publisher_ = [01;31m[Kthis->create_publisher<geometry_msgs::Pose2D>("COGL", 10)[m[K;
[3.058s]       |                [01;31m[K~~~~~~~~~~~~~~~~~~~~~~~~~~~~~~~~~~~~~~~~~~~~~^~~~~~~~~~~~[m[K
[3.058s] 
[3.061s] [01m[K/home/ram-user/ASDFR/src/image_processing/src/light_tracker.cpp:[m[K In member function ‘[01m[Kvoid LightTracker::image_callback(sensor_msgs::msg::Image_<std::allocator<void> >::SharedPtr)[m[K’:
[3.061s] [01m[K/home/ram-user/ASDFR/src/image_processing/src/light_tracker.cpp:25:24:[m[K [01;31m[Kerror: [m[K‘[01m[KPose2D[m[K’ is not a member of ‘[01m[Kgeometry_msgs[m[K’; did you mean ‘[01m[Kgeometry_msgs::msg::Pose2D[m[K’?
[3.061s]    25 |         geometry_msgs::[01;31m[KPose2D[m[K Pos;
[3.061s]       |                        [01;31m[K^~~~~~[m[K
[3.061s] In file included from [01m[K/opt/ros/humble/include/geometry_msgs/geometry_msgs/msg/pose2_d.hpp:7[m[K,
[3.061s]                  from [01m[K/home/ram-user/ASDFR/src/image_processing/src/light_tracker.cpp:6[m[K:
[3.061s] [01m[K/opt/ros/humble/include/geometry_msgs/geometry_msgs/msg/detail/pose2_d__struct.hpp:150:7:[m[K [01;36m[Knote: [m[K‘[01m[Kgeometry_msgs::msg::Pose2D[m[K’ declared here
[3.061s]   150 | using [01;36m[KPose2D[m[K =
[3.061s]       |       [01;36m[K^~~~~~[m[K
[3.077s] [01m[K/home/ram-user/ASDFR/src/image_processing/src/light_tracker.cpp:75:13:[m[K [01;31m[Kerror: [m[K‘[01m[KPos[m[K’ was not declared in this scope; did you mean ‘[01m[Kcos[m[K’?
[3.077s]    75 |             [01;31m[KPos[m[K.x = keypoints[i].pt.x;
[3.077s]       |             [01;31m[K^~~[m[K
[3.077s]       |             [32m[Kcos[m[K
[3.086s] [01m[K/home/ram-user/ASDFR/src/image_processing/src/light_tracker.cpp:80:9:[m[K [01;31m[Kerror: [m[K‘[01m[Kpublisher_[m[K’ was not declared in this scope; did you mean ‘[01m[Krmw_publisher_t[m[K’?
[3.086s]    80 |         [01;31m[Kpublisher_[m[K->publish(Pos);
[3.086s]       |         [01;31m[K^~~~~~~~~~[m[K
[3.086s]       |         [32m[Krmw_publisher_t[m[K
[3.091s] [01m[K/home/ram-user/ASDFR/src/image_processing/src/light_tracker.cpp:80:29:[m[K [01;31m[Kerror: [m[K‘[01m[KPos[m[K’ was not declared in this scope; did you mean ‘[01m[Kcos[m[K’?
[3.091s]    80 |         publisher_->publish([01;31m[KPos[m[K);
[3.091s]       |                             [01;31m[K^~~[m[K
[3.091s]       |                             [32m[Kcos[m[K
[5.844s] gmake[2]: *** [CMakeFiles/light_tracker.dir/build.make:76: CMakeFiles/light_tracker.dir/src/light_tracker.cpp.o] Error 1
[5.844s] gmake[1]: *** [CMakeFiles/Makefile2:221: CMakeFiles/light_tracker.dir/all] Error 2
[5.845s] gmake: *** [Makefile:146: all] Error 2
[5.847s] Invoked command in '/home/ram-user/ASDFR/build/image_processing' returned '2': CMAKE_PREFIX_PATH=/opt/ros/humble /usr/bin/cmake --build /home/ram-user/ASDFR/build/image_processing -- -j2 -l2
