[0.009s] Invoking command in '/home/ram-user/ASDFR/build/jiwy_simulator': AMENT_PREFIX_PATH=/home/ram-user/ASDFR/install/asdfr_interfaces:${AMENT_PREFIX_PATH} CMAKE_PREFIX_PATH=/home/ram-user/ASDFR/install/asdfr_interfaces:/opt/ros/humble LD_LIBRARY_PATH=/home/ram-user/ASDFR/install/asdfr_interfaces/lib:${LD_LIBRARY_PATH} PYTHONPATH=/home/ram-user/ASDFR/install/asdfr_interfaces/local/lib/python3.10/dist-packages:${PYTHONPATH} /usr/bin/cmake /home/ram-user/ASDFR/src/ros2_nodes/src/jiwy_simulator -DCMAKE_INSTALL_PREFIX=/home/ram-user/ASDFR/install/jiwy_simulator
[0.068s] -- The C compiler identification is GNU 11.3.0
[0.117s] -- The CXX compiler identification is GNU 11.3.0
[0.123s] -- Detecting C compiler ABI info
[0.191s] -- Detecting C compiler ABI info - done
[0.200s] -- Check for working C compiler: /usr/bin/cc - skipped
[0.200s] -- Detecting C compile features
[0.200s] -- Detecting C compile features - done
[0.203s] -- Detecting CXX compiler ABI info
[0.279s] -- Detecting CXX compiler ABI info - done
[0.286s] -- Check for working CXX compiler: /usr/bin/c++ - skipped
[0.287s] -- Detecting CXX compile features
[0.287s] -- Detecting CXX compile features - done
[0.289s] -- Found ament_cmake: 1.3.3 (/opt/ros/humble/share/ament_cmake/cmake)
[0.449s] -- Found Python3: /usr/bin/python3.10 (found version "3.10.6") found components: Interpreter 
[0.610s] -- Found rclcpp: 16.0.3 (/opt/ros/humble/share/rclcpp/cmake)
[0.816s] -- Found rosidl_generator_c: 3.1.4 (/opt/ros/humble/share/rosidl_generator_c/cmake)
[0.819s] -- Found rosidl_adapter: 3.1.4 (/opt/ros/humble/share/rosidl_adapter/cmake)
[0.827s] -- Found rosidl_generator_cpp: 3.1.4 (/opt/ros/humble/share/rosidl_generator_cpp/cmake)
[0.841s] -- Using all available rosidl_typesupport_c: rosidl_typesupport_fastrtps_c;rosidl_typesupport_introspection_c
[0.860s] -- Using all available rosidl_typesupport_cpp: rosidl_typesupport_fastrtps_cpp;rosidl_typesupport_introspection_cpp
[1.038s] -- Found rmw_implementation_cmake: 6.1.1 (/opt/ros/humble/share/rmw_implementation_cmake/cmake)
[1.059s] -- Found rmw_fastrtps_cpp: 6.2.2 (/opt/ros/humble/share/rmw_fastrtps_cpp/cmake)
[1.431s] -- Found OpenSSL: /usr/lib/x86_64-linux-gnu/libcrypto.so (found version "3.0.2")  
[1.494s] -- Found FastRTPS: /opt/ros/humble/include  
[1.544s] -- Using RMW implementation 'rmw_fastrtps_cpp' as default
[1.656s] -- Looking for pthread.h
[1.745s] -- Looking for pthread.h - found
[1.746s] -- Performing Test CMAKE_HAVE_LIBC_PTHREAD
[1.817s] -- Performing Test CMAKE_HAVE_LIBC_PTHREAD - Success
[1.818s] -- Found Threads: TRUE  
[2.202s] -- Found sensor_msgs: 4.2.3 (/opt/ros/humble/share/sensor_msgs/cmake)
[2.405s] -- Found asdfr_interfaces: 0.0.0 (/home/ram-user/ASDFR/install/asdfr_interfaces/share/asdfr_interfaces/cmake)
[2.422s] -- Found ament_lint_auto: 0.12.5 (/opt/ros/humble/share/ament_lint_auto/cmake)
[2.498s] -- Added test 'copyright' to check source files copyright and LICENSE
[2.498s] -- Added test 'cppcheck' to perform static code analysis on C / C++ code
[2.498s] -- Configured cppcheck include dirs: $<BUILD_INTERFACE:/home/ram-user/ASDFR/src/ros2_nodes/src/jiwy_simulator/include>
[2.499s] -- Configured cppcheck exclude dirs and/or files: 
[2.499s] -- Added test 'cpplint' to check C / C++ code against the Google style
[2.499s] -- Configured cpplint exclude dirs and/or files: 
[2.500s] -- Added test 'flake8' to check Python code syntax and style conventions
[2.500s] -- Added test 'lint_cmake' to check CMake code style
[2.501s] -- Added test 'pep257' to check Python code against some of the docstring style conventions in PEP 257
[2.501s] -- Added test 'uncrustify' to check C / C++ code style
[2.501s] -- Configured uncrustify additional arguments: 
[2.502s] -- Added test 'xmllint' to check XML markup files
[2.503s] -- Configuring done
[2.513s] -- Generating done
[2.515s] -- Build files have been written to: /home/ram-user/ASDFR/build/jiwy_simulator
[2.524s] Invoked command in '/home/ram-user/ASDFR/build/jiwy_simulator' returned '0': AMENT_PREFIX_PATH=/home/ram-user/ASDFR/install/asdfr_interfaces:${AMENT_PREFIX_PATH} CMAKE_PREFIX_PATH=/home/ram-user/ASDFR/install/asdfr_interfaces:/opt/ros/humble LD_LIBRARY_PATH=/home/ram-user/ASDFR/install/asdfr_interfaces/lib:${LD_LIBRARY_PATH} PYTHONPATH=/home/ram-user/ASDFR/install/asdfr_interfaces/local/lib/python3.10/dist-packages:${PYTHONPATH} /usr/bin/cmake /home/ram-user/ASDFR/src/ros2_nodes/src/jiwy_simulator -DCMAKE_INSTALL_PREFIX=/home/ram-user/ASDFR/install/jiwy_simulator
[2.525s] Invoking command in '/home/ram-user/ASDFR/build/jiwy_simulator': AMENT_PREFIX_PATH=/home/ram-user/ASDFR/install/asdfr_interfaces:${AMENT_PREFIX_PATH} CMAKE_PREFIX_PATH=/home/ram-user/ASDFR/install/asdfr_interfaces:/opt/ros/humble LD_LIBRARY_PATH=/home/ram-user/ASDFR/install/asdfr_interfaces/lib:${LD_LIBRARY_PATH} PYTHONPATH=/home/ram-user/ASDFR/install/asdfr_interfaces/local/lib/python3.10/dist-packages:${PYTHONPATH} /usr/bin/cmake --build /home/ram-user/ASDFR/build/jiwy_simulator -- -j2 -l2
[2.574s] [ 50%] [32mBuilding CXX object CMakeFiles/jiwy_simulator.dir/src/jiwy_simulator.cpp.o[0m
[17.331s] [100%] [32m[1mLinking CXX executable jiwy_simulator[0m
[18.572s] [100%] Built target jiwy_simulator
[18.586s] Invoked command in '/home/ram-user/ASDFR/build/jiwy_simulator' returned '0': AMENT_PREFIX_PATH=/home/ram-user/ASDFR/install/asdfr_interfaces:${AMENT_PREFIX_PATH} CMAKE_PREFIX_PATH=/home/ram-user/ASDFR/install/asdfr_interfaces:/opt/ros/humble LD_LIBRARY_PATH=/home/ram-user/ASDFR/install/asdfr_interfaces/lib:${LD_LIBRARY_PATH} PYTHONPATH=/home/ram-user/ASDFR/install/asdfr_interfaces/local/lib/python3.10/dist-packages:${PYTHONPATH} /usr/bin/cmake --build /home/ram-user/ASDFR/build/jiwy_simulator -- -j2 -l2
[18.635s] Invoking command in '/home/ram-user/ASDFR/build/jiwy_simulator': AMENT_PREFIX_PATH=/home/ram-user/ASDFR/install/asdfr_interfaces:${AMENT_PREFIX_PATH} CMAKE_PREFIX_PATH=/home/ram-user/ASDFR/install/asdfr_interfaces:/opt/ros/humble LD_LIBRARY_PATH=/home/ram-user/ASDFR/install/asdfr_interfaces/lib:${LD_LIBRARY_PATH} PYTHONPATH=/home/ram-user/ASDFR/install/asdfr_interfaces/local/lib/python3.10/dist-packages:${PYTHONPATH} /usr/bin/cmake --install /home/ram-user/ASDFR/build/jiwy_simulator
[18.643s] -- Install configuration: ""
[18.643s] -- Installing: /home/ram-user/ASDFR/install/jiwy_simulator/lib/jiwy_simulator/jiwy_simulator
[18.649s] -- Set runtime path of "/home/ram-user/ASDFR/install/jiwy_simulator/lib/jiwy_simulator/jiwy_simulator" to ""
[18.649s] -- Installing: /home/ram-user/ASDFR/install/jiwy_simulator/share/ament_index/resource_index/package_run_dependencies/jiwy_simulator
[18.650s] -- Installing: /home/ram-user/ASDFR/install/jiwy_simulator/share/ament_index/resource_index/parent_prefix_path/jiwy_simulator
[18.651s] -- Installing: /home/ram-user/ASDFR/install/jiwy_simulator/share/jiwy_simulator/environment/ament_prefix_path.sh
[18.651s] -- Installing: /home/ram-user/ASDFR/install/jiwy_simulator/share/jiwy_simulator/environment/ament_prefix_path.dsv
[18.652s] -- Installing: /home/ram-user/ASDFR/install/jiwy_simulator/share/jiwy_simulator/environment/path.sh
[18.652s] -- Installing: /home/ram-user/ASDFR/install/jiwy_simulator/share/jiwy_simulator/environment/path.dsv
[18.653s] -- Installing: /home/ram-user/ASDFR/install/jiwy_simulator/share/jiwy_simulator/local_setup.bash
[18.654s] -- Installing: /home/ram-user/ASDFR/install/jiwy_simulator/share/jiwy_simulator/local_setup.sh
[18.654s] -- Installing: /home/ram-user/ASDFR/install/jiwy_simulator/share/jiwy_simulator/local_setup.zsh
[18.655s] -- Installing: /home/ram-user/ASDFR/install/jiwy_simulator/share/jiwy_simulator/local_setup.dsv
[18.656s] -- Installing: /home/ram-user/ASDFR/install/jiwy_simulator/share/jiwy_simulator/package.dsv
[18.656s] -- Installing: /home/ram-user/ASDFR/install/jiwy_simulator/share/ament_index/resource_index/packages/jiwy_simulator
[18.657s] -- Installing: /home/ram-user/ASDFR/install/jiwy_simulator/share/jiwy_simulator/cmake/jiwy_simulatorConfig.cmake
[18.657s] -- Installing: /home/ram-user/ASDFR/install/jiwy_simulator/share/jiwy_simulator/cmake/jiwy_simulatorConfig-version.cmake
[18.658s] -- Installing: /home/ram-user/ASDFR/install/jiwy_simulator/share/jiwy_simulator/package.xml
[18.658s] -- Installing: /home/ram-user/ASDFR/install/jiwy_simulator/share/jiwy_simulator//launch
[18.658s] -- Installing: /home/ram-user/ASDFR/install/jiwy_simulator/share/jiwy_simulator//launch/jiwy_simulator.launch.py
[18.664s] Invoked command in '/home/ram-user/ASDFR/build/jiwy_simulator' returned '0': AMENT_PREFIX_PATH=/home/ram-user/ASDFR/install/asdfr_interfaces:${AMENT_PREFIX_PATH} CMAKE_PREFIX_PATH=/home/ram-user/ASDFR/install/asdfr_interfaces:/opt/ros/humble LD_LIBRARY_PATH=/home/ram-user/ASDFR/install/asdfr_interfaces/lib:${LD_LIBRARY_PATH} PYTHONPATH=/home/ram-user/ASDFR/install/asdfr_interfaces/local/lib/python3.10/dist-packages:${PYTHONPATH} /usr/bin/cmake --install /home/ram-user/ASDFR/build/jiwy_simulator
