[0.024s] Invoking command in '/home/ram-user/ASDFR/src/build/jiwy_controller': CMAKE_PREFIX_PATH=/home/ram-user/ASDFR/src/install/asdfr_interfaces:/home/ram-user/ASDFR/src/install/jiwy_simulator:/home/ram-user/ASDFR/src/install/jiwy_controller:/home/ram-user/ASDFR/src/install/image_processing:/opt/ros/humble /usr/bin/cmake --build /home/ram-user/ASDFR/src/build/jiwy_controller -- -j2 -l2
[0.249s] [ 16%] [32mBuilding CXX object CMakeFiles/jiwy_controller.dir/src/jiwy_controller.cpp.o[0m
[5.900s] [ 33%] [32m[1mLinking CXX executable jiwy_controller[0m
[6.459s] [ 33%] Built target jiwy_controller
[6.529s] [ 66%] Built target jc_lighttracker
[6.589s] [100%] Built target simplesub
[6.613s] Invoked command in '/home/ram-user/ASDFR/src/build/jiwy_controller' returned '0': CMAKE_PREFIX_PATH=/home/ram-user/ASDFR/src/install/asdfr_interfaces:/home/ram-user/ASDFR/src/install/jiwy_simulator:/home/ram-user/ASDFR/src/install/jiwy_controller:/home/ram-user/ASDFR/src/install/image_processing:/opt/ros/humble /usr/bin/cmake --build /home/ram-user/ASDFR/src/build/jiwy_controller -- -j2 -l2
[6.711s] Invoking command in '/home/ram-user/ASDFR/src/build/jiwy_controller': CMAKE_PREFIX_PATH=/home/ram-user/ASDFR/src/install/asdfr_interfaces:/home/ram-user/ASDFR/src/install/jiwy_simulator:/home/ram-user/ASDFR/src/install/jiwy_controller:/home/ram-user/ASDFR/src/install/image_processing:/opt/ros/humble /usr/bin/cmake --install /home/ram-user/ASDFR/src/build/jiwy_controller
[6.721s] -- Install configuration: ""
[6.721s] -- Installing: /home/ram-user/ASDFR/src/install/jiwy_controller/lib/jiwy_controller/jiwy_controller
[6.723s] -- Set runtime path of "/home/ram-user/ASDFR/src/install/jiwy_controller/lib/jiwy_controller/jiwy_controller" to ""
[6.724s] -- Up-to-date: /home/ram-user/ASDFR/src/install/jiwy_controller/lib/jiwy_controller/jc_lighttracker
[6.724s] -- Up-to-date: /home/ram-user/ASDFR/src/install/jiwy_controller/lib/jiwy_controller/simplesub
[6.724s] -- Up-to-date: /home/ram-user/ASDFR/src/install/jiwy_controller/share/ament_index/resource_index/package_run_dependencies/jiwy_controller
[6.725s] -- Up-to-date: /home/ram-user/ASDFR/src/install/jiwy_controller/share/ament_index/resource_index/parent_prefix_path/jiwy_controller
[6.725s] -- Up-to-date: /home/ram-user/ASDFR/src/install/jiwy_controller/share/jiwy_controller/environment/ament_prefix_path.sh
[6.725s] -- Up-to-date: /home/ram-user/ASDFR/src/install/jiwy_controller/share/jiwy_controller/environment/ament_prefix_path.dsv
[6.725s] -- Up-to-date: /home/ram-user/ASDFR/src/install/jiwy_controller/share/jiwy_controller/environment/path.sh
[6.725s] -- Up-to-date: /home/ram-user/ASDFR/src/install/jiwy_controller/share/jiwy_controller/environment/path.dsv
[6.726s] -- Up-to-date: /home/ram-user/ASDFR/src/install/jiwy_controller/share/jiwy_controller/local_setup.bash
[6.726s] -- Up-to-date: /home/ram-user/ASDFR/src/install/jiwy_controller/share/jiwy_controller/local_setup.sh
[6.726s] -- Up-to-date: /home/ram-user/ASDFR/src/install/jiwy_controller/share/jiwy_controller/local_setup.zsh
[6.726s] -- Up-to-date: /home/ram-user/ASDFR/src/install/jiwy_controller/share/jiwy_controller/local_setup.dsv
[6.726s] -- Installing: /home/ram-user/ASDFR/src/install/jiwy_controller/share/jiwy_controller/package.dsv
[6.727s] -- Up-to-date: /home/ram-user/ASDFR/src/install/jiwy_controller/share/ament_index/resource_index/packages/jiwy_controller
[6.727s] -- Up-to-date: /home/ram-user/ASDFR/src/install/jiwy_controller/share/jiwy_controller/cmake/jiwy_controllerConfig.cmake
[6.727s] -- Up-to-date: /home/ram-user/ASDFR/src/install/jiwy_controller/share/jiwy_controller/cmake/jiwy_controllerConfig-version.cmake
[6.727s] -- Up-to-date: /home/ram-user/ASDFR/src/install/jiwy_controller/share/jiwy_controller/package.xml
[6.737s] Invoked command in '/home/ram-user/ASDFR/src/build/jiwy_controller' returned '0': CMAKE_PREFIX_PATH=/home/ram-user/ASDFR/src/install/asdfr_interfaces:/home/ram-user/ASDFR/src/install/jiwy_simulator:/home/ram-user/ASDFR/src/install/jiwy_controller:/home/ram-user/ASDFR/src/install/image_processing:/opt/ros/humble /usr/bin/cmake --install /home/ram-user/ASDFR/src/build/jiwy_controller
