[0.511s] Invoking command in '/home/ram-user/ASDFR/build/image_processing': CMAKE_PREFIX_PATH=${CMAKE_PREFIX_PATH}:/opt/ros/humble /usr/bin/cmake --build /home/ram-user/ASDFR/build/image_processing -- -j2 -l2
[3.704s] [ 20%] Built target brightness_check
[3.732s] [ 40%] Built target grayscaler
[3.761s] [ 60%] Built target brightmask
[4.166s] [ 80%] Built target light_tracker
[4.177s] [35m[1mConsolidate compiler generated dependencies of target SimpleSub[0m
[4.229s] [ 90%] [32mBuilding CXX object CMakeFiles/SimpleSub.dir/src/SimpleSub.cpp.o[0m
[7.542s] In file included from [01m[K/opt/ros/humble/include/rclcpp/rclcpp/logging.hpp:24[m[K,
[7.542s]                  from [01m[K/opt/ros/humble/include/rclcpp/rclcpp/client.hpp:40[m[K,
[7.542s]                  from [01m[K/opt/ros/humble/include/rclcpp/rclcpp/callback_group.hpp:24[m[K,
[7.542s]                  from [01m[K/opt/ros/humble/include/rclcpp/rclcpp/any_executable.hpp:20[m[K,
[7.542s]                  from [01m[K/opt/ros/humble/include/rclcpp/rclcpp/memory_strategy.hpp:25[m[K,
[7.543s]                  from [01m[K/opt/ros/humble/include/rclcpp/rclcpp/memory_strategies.hpp:18[m[K,
[7.543s]                  from [01m[K/opt/ros/humble/include/rclcpp/rclcpp/executor_options.hpp:20[m[K,
[7.543s]                  from [01m[K/opt/ros/humble/include/rclcpp/rclcpp/executor.hpp:37[m[K,
[7.543s]                  from [01m[K/opt/ros/humble/include/rclcpp/rclcpp/executors/multi_threaded_executor.hpp:25[m[K,
[7.543s]                  from [01m[K/opt/ros/humble/include/rclcpp/rclcpp/executors.hpp:21[m[K,
[7.543s]                  from [01m[K/opt/ros/humble/include/rclcpp/rclcpp/rclcpp.hpp:155[m[K,
[7.543s]                  from [01m[K/home/ram-user/ASDFR/src/image_processing/src/SimpleSub.cpp:3[m[K:
[7.543s] [01m[K/home/ram-user/ASDFR/src/image_processing/src/SimpleSub.cpp:[m[K In member function ‘[01m[Kvoid MinimalSubscriber::topic_callback(geometry_msgs::msg::Pose2D_<std::allocator<void> >::SharedPtr) const[m[K’:
[7.543s] [01m[K/home/ram-user/ASDFR/src/image_processing/src/SimpleSub.cpp:22:67:[m[K [01;31m[Kerror: [m[K‘[01m[Kconst SharedPtr[m[K’ {aka ‘[01m[Kconst class std::shared_ptr<geometry_msgs::msg::Pose2D_<std::allocator<void> > >[m[K’} has no member named ‘[01m[Kx[m[K’
[7.543s]    22 |  RCLCPP_INFO(this->get_logger(), "I heard: '%f and %f'", msg.[01;31m[Kx[m[K, msg.y);
[7.543s]       |                                                              [01;31m[K^[m[K
[7.543s] 
[7.543s] [01m[K/home/ram-user/ASDFR/src/image_processing/src/SimpleSub.cpp:22:74:[m[K [01;31m[Kerror: [m[K‘[01m[Kconst SharedPtr[m[K’ {aka ‘[01m[Kconst class std::shared_ptr<geometry_msgs::msg::Pose2D_<std::allocator<void> > >[m[K’} has no member named ‘[01m[Ky[m[K’
[7.543s]    22 |  RCLCPP_INFO(this->get_logger(), "I heard: '%f and %f'", msg.x, msg.[01;31m[Ky[m[K);
[7.543s]       |                                                                     [01;31m[K^[m[K
[7.543s] 
[11.049s] gmake[2]: *** [CMakeFiles/SimpleSub.dir/build.make:76: CMakeFiles/SimpleSub.dir/src/SimpleSub.cpp.o] Error 1
[11.050s] gmake[1]: *** [CMakeFiles/Makefile2:249: CMakeFiles/SimpleSub.dir/all] Error 2
[11.050s] gmake: *** [Makefile:146: all] Error 2
[11.054s] Invoked command in '/home/ram-user/ASDFR/build/image_processing' returned '2': CMAKE_PREFIX_PATH=${CMAKE_PREFIX_PATH}:/opt/ros/humble /usr/bin/cmake --build /home/ram-user/ASDFR/build/image_processing -- -j2 -l2
