[6.584s] DEBUG:colcon:Command line arguments: ['/usr/bin/colcon', 'build']
[6.584s] DEBUG:colcon:Parsed command line arguments: Namespace(log_base=None, log_level=None, verb_name='build', build_base='build', install_base='install', merge_install=False, symlink_install=False, test_result_base=None, continue_on_error=False, executor='parallel', parallel_workers=2, event_handlers=None, ignore_user_meta=False, metas=['./colcon.meta'], base_paths=['.'], packages_ignore=None, packages_ignore_regex=None, paths=None, packages_up_to=None, packages_up_to_regex=None, packages_above=None, packages_above_and_dependencies=None, packages_above_depth=None, packages_select_by_dep=None, packages_skip_by_dep=None, packages_skip_up_to=None, packages_select_build_failed=False, packages_skip_build_finished=False, packages_select_test_failures=False, packages_skip_test_passed=False, packages_select=None, packages_skip=None, packages_select_regex=None, packages_skip_regex=None, packages_start=None, packages_end=None, allow_overriding=[], cmake_args=None, cmake_target=None, cmake_target_skip_unavailable=False, cmake_clean_cache=False, cmake_clean_first=False, cmake_force_configure=False, ament_cmake_args=None, catkin_cmake_args=None, catkin_skip_building_tests=False, verb_parser=<colcon_defaults.argument_parser.defaults.DefaultArgumentsDecorator object at 0x7f4e41e973d0>, verb_extension=<colcon_core.verb.build.BuildVerb object at 0x7f4e427960e0>, main=<bound method BuildVerb.main of <colcon_core.verb.build.BuildVerb object at 0x7f4e427960e0>>)
[7.058s] Level 1:colcon.colcon_core.package_discovery:discover_packages(colcon_meta) check parameters
[7.058s] Level 1:colcon.colcon_core.package_discovery:discover_packages(recursive) check parameters
[7.059s] Level 1:colcon.colcon_core.package_discovery:discover_packages(ignore) check parameters
[7.059s] Level 1:colcon.colcon_core.package_discovery:discover_packages(path) check parameters
[7.059s] Level 1:colcon.colcon_core.package_discovery:discover_packages(colcon_meta) discover
[7.059s] Level 1:colcon.colcon_core.package_discovery:discover_packages(recursive) discover
[7.059s] INFO:colcon.colcon_core.package_discovery:Crawling recursively for packages in '/home/ram-user/ASDFR/src'
[7.059s] Level 1:colcon.colcon_core.package_identification:_identify(.) by extensions ['ignore', 'ignore_ament_install']
[7.060s] Level 1:colcon.colcon_core.package_identification:_identify(.) by extension 'ignore'
[7.060s] Level 1:colcon.colcon_core.package_identification:_identify(.) by extension 'ignore_ament_install'
[7.060s] Level 1:colcon.colcon_core.package_identification:_identify(.) by extensions ['colcon_pkg']
[7.060s] Level 1:colcon.colcon_core.package_identification:_identify(.) by extension 'colcon_pkg'
[7.061s] Level 1:colcon.colcon_core.package_identification:_identify(.) by extensions ['colcon_meta']
[7.061s] Level 1:colcon.colcon_core.package_identification:_identify(.) by extension 'colcon_meta'
[7.061s] Level 1:colcon.colcon_core.package_identification:_identify(.) by extensions ['ros']
[7.061s] Level 1:colcon.colcon_core.package_identification:_identify(.) by extension 'ros'
[7.168s] Level 1:colcon.colcon_core.package_identification:_identify(.) by extensions ['cmake', 'python']
[7.168s] Level 1:colcon.colcon_core.package_identification:_identify(.) by extension 'cmake'
[7.168s] Level 1:colcon.colcon_core.package_identification:_identify(.) by extension 'python'
[7.168s] Level 1:colcon.colcon_core.package_identification:_identify(.) by extensions ['python_setup_py']
[7.168s] Level 1:colcon.colcon_core.package_identification:_identify(.) by extension 'python_setup_py'
[7.169s] Level 1:colcon.colcon_core.package_identification:_identify(brightnode) by extensions ['ignore', 'ignore_ament_install']
[7.169s] Level 1:colcon.colcon_core.package_identification:_identify(brightnode) by extension 'ignore'
[7.169s] Level 1:colcon.colcon_core.package_identification:_identify(brightnode) by extension 'ignore_ament_install'
[7.169s] Level 1:colcon.colcon_core.package_identification:_identify(brightnode) by extensions ['colcon_pkg']
[7.169s] Level 1:colcon.colcon_core.package_identification:_identify(brightnode) by extension 'colcon_pkg'
[7.169s] Level 1:colcon.colcon_core.package_identification:_identify(brightnode) by extensions ['colcon_meta']
[7.169s] Level 1:colcon.colcon_core.package_identification:_identify(brightnode) by extension 'colcon_meta'
[7.169s] Level 1:colcon.colcon_core.package_identification:_identify(brightnode) by extensions ['ros']
[7.170s] Level 1:colcon.colcon_core.package_identification:_identify(brightnode) by extension 'ros'
[7.315s] DEBUG:colcon.colcon_core.package_identification:Package 'brightnode' with type 'ros.ament_cmake' and name 'brightnode'
[7.316s] Level 1:colcon.colcon_core.package_identification:_identify(build) by extensions ['ignore', 'ignore_ament_install']
[7.317s] Level 1:colcon.colcon_core.package_identification:_identify(build) by extension 'ignore'
[7.317s] Level 1:colcon.colcon_core.package_identification:_identify(build) ignored
[7.318s] Level 1:colcon.colcon_core.package_identification:_identify(install) by extensions ['ignore', 'ignore_ament_install']
[7.318s] Level 1:colcon.colcon_core.package_identification:_identify(install) by extension 'ignore'
[7.318s] Level 1:colcon.colcon_core.package_identification:_identify(install) ignored
[7.319s] Level 1:colcon.colcon_core.package_identification:_identify(log) by extensions ['ignore', 'ignore_ament_install']
[7.319s] Level 1:colcon.colcon_core.package_identification:_identify(log) by extension 'ignore'
[7.320s] Level 1:colcon.colcon_core.package_identification:_identify(log) ignored
[7.320s] Level 1:colcon.colcon_core.package_discovery:discover_packages(recursive) using defaults
[7.320s] Level 1:colcon.colcon_core.package_discovery:discover_packages(ignore) discover
[7.320s] Level 1:colcon.colcon_core.package_discovery:discover_packages(ignore) using defaults
[7.320s] Level 1:colcon.colcon_core.package_discovery:discover_packages(path) discover
[7.321s] Level 1:colcon.colcon_core.package_discovery:discover_packages(path) using defaults
[7.545s] Level 1:colcon.colcon_core.package_discovery:discover_packages(prefix_path) check parameters
[7.545s] Level 1:colcon.colcon_core.package_discovery:discover_packages(prefix_path) discover
[7.577s] DEBUG:colcon.colcon_installed_package_information.package_discovery:Found 270 installed packages in /opt/ros/humble
[7.579s] Level 1:colcon.colcon_core.package_discovery:discover_packages(prefix_path) using defaults
[7.753s] Level 5:colcon.colcon_core.verb:set package 'brightnode' build argument 'cmake_args' from command line to 'None'
[7.753s] Level 5:colcon.colcon_core.verb:set package 'brightnode' build argument 'cmake_target' from command line to 'None'
[7.753s] Level 5:colcon.colcon_core.verb:set package 'brightnode' build argument 'cmake_target_skip_unavailable' from command line to 'False'
[7.753s] Level 5:colcon.colcon_core.verb:set package 'brightnode' build argument 'cmake_clean_cache' from command line to 'False'
[7.753s] Level 5:colcon.colcon_core.verb:set package 'brightnode' build argument 'cmake_clean_first' from command line to 'False'
[7.753s] Level 5:colcon.colcon_core.verb:set package 'brightnode' build argument 'cmake_force_configure' from command line to 'False'
[7.753s] Level 5:colcon.colcon_core.verb:set package 'brightnode' build argument 'ament_cmake_args' from command line to 'None'
[7.753s] Level 5:colcon.colcon_core.verb:set package 'brightnode' build argument 'catkin_cmake_args' from command line to 'None'
[7.753s] Level 5:colcon.colcon_core.verb:set package 'brightnode' build argument 'catkin_skip_building_tests' from command line to 'False'
[7.753s] DEBUG:colcon.colcon_core.verb:Building package 'brightnode' with the following arguments: {'ament_cmake_args': None, 'build_base': '/home/ram-user/ASDFR/src/build/brightnode', 'catkin_cmake_args': None, 'catkin_skip_building_tests': False, 'cmake_args': None, 'cmake_clean_cache': False, 'cmake_clean_first': False, 'cmake_force_configure': False, 'cmake_target': None, 'cmake_target_skip_unavailable': False, 'install_base': '/home/ram-user/ASDFR/src/install/brightnode', 'merge_install': False, 'path': '/home/ram-user/ASDFR/src/brightnode', 'symlink_install': False, 'test_result_base': None}
[7.754s] INFO:colcon.colcon_core.executor:Executing jobs using 'parallel' executor
[7.759s] DEBUG:colcon.colcon_parallel_executor.executor.parallel:run_until_complete
[7.759s] INFO:colcon.colcon_ros.task.ament_cmake.build:Building ROS package in '/home/ram-user/ASDFR/src/brightnode' with build type 'ament_cmake'
[7.759s] INFO:colcon.colcon_cmake.task.cmake.build:Building CMake package in '/home/ram-user/ASDFR/src/brightnode'
[7.841s] INFO:colcon.colcon_core.plugin_system:Skipping extension 'colcon_core.shell.bat': Not used on non-Windows systems
[7.842s] INFO:colcon.colcon_core.shell:Skip shell extension 'powershell' for command environment: Not usable outside of PowerShell
[7.842s] DEBUG:colcon.colcon_core.shell:Skip shell extension 'dsv' for command environment
[7.866s] DEBUG:colcon.colcon_core.event_handler.log_command:Invoking command in '/home/ram-user/ASDFR/src/build/brightnode': CMAKE_PREFIX_PATH=/opt/ros/humble /usr/bin/cmake /home/ram-user/ASDFR/src/brightnode -DCMAKE_INSTALL_PREFIX=/home/ram-user/ASDFR/src/install/brightnode
[7.912s] DEBUG:colcon.colcon_core.event_handler.log_command:Invoked command in '/home/ram-user/ASDFR/src/build/brightnode' returned '1': CMAKE_PREFIX_PATH=/opt/ros/humble /usr/bin/cmake /home/ram-user/ASDFR/src/brightnode -DCMAKE_INSTALL_PREFIX=/home/ram-user/ASDFR/src/install/brightnode
[7.925s] Level 1:colcon.colcon_core.environment:create_environment_scripts_only(brightnode)
[7.932s] Level 1:colcon.colcon_core.environment:checking '/home/ram-user/ASDFR/src/install/brightnode' for CMake module files
[7.933s] Level 1:colcon.colcon_core.environment:checking '/home/ram-user/ASDFR/src/install/brightnode' for CMake config files
[7.933s] Level 1:colcon.colcon_core.environment:checking '/home/ram-user/ASDFR/src/install/brightnode/bin'
[7.933s] Level 1:colcon.colcon_core.environment:checking '/home/ram-user/ASDFR/src/install/brightnode/lib/pkgconfig/brightnode.pc'
[7.934s] Level 1:colcon.colcon_core.environment:checking '/home/ram-user/ASDFR/src/install/brightnode/lib/python3.10/site-packages'
[7.934s] Level 1:colcon.colcon_core.environment:checking '/home/ram-user/ASDFR/src/install/brightnode/bin'
[7.936s] INFO:colcon.colcon_core.shell:Creating package script '/home/ram-user/ASDFR/src/install/brightnode/share/brightnode/package.ps1'
[7.937s] INFO:colcon.colcon_core.shell:Creating package descriptor '/home/ram-user/ASDFR/src/install/brightnode/share/brightnode/package.dsv'
[7.938s] INFO:colcon.colcon_core.shell:Creating package script '/home/ram-user/ASDFR/src/install/brightnode/share/brightnode/package.sh'
[7.939s] INFO:colcon.colcon_core.shell:Creating package script '/home/ram-user/ASDFR/src/install/brightnode/share/brightnode/package.bash'
[7.940s] INFO:colcon.colcon_core.shell:Creating package script '/home/ram-user/ASDFR/src/install/brightnode/share/brightnode/package.zsh'
[7.941s] Level 1:colcon.colcon_core.environment:create_file_with_runtime_dependencies(/home/ram-user/ASDFR/src/install/brightnode/share/colcon-core/packages/brightnode)
[7.952s] DEBUG:colcon.colcon_parallel_executor.executor.parallel:closing loop
[7.952s] DEBUG:colcon.colcon_parallel_executor.executor.parallel:loop closed
[7.953s] DEBUG:colcon.colcon_parallel_executor.executor.parallel:run_until_complete finished with '1'
[7.953s] DEBUG:colcon.colcon_core.event_reactor:joining thread
[7.960s] INFO:colcon.colcon_core.plugin_system:Skipping extension 'colcon_notification.desktop_notification.terminal_notifier': Not used on non-Darwin systems
[7.961s] INFO:colcon.colcon_core.plugin_system:Skipping extension 'colcon_notification.desktop_notification.win32': Not used on non-Windows systems
[7.961s] INFO:colcon.colcon_notification.desktop_notification:Sending desktop notification using 'notify2'
[8.039s] DEBUG:colcon.colcon_core.event_reactor:joined thread
[8.041s] INFO:colcon.colcon_core.shell:Creating prefix script '/home/ram-user/ASDFR/src/install/local_setup.ps1'
[8.043s] INFO:colcon.colcon_core.shell:Creating prefix util module '/home/ram-user/ASDFR/src/install/_local_setup_util_ps1.py'
[8.045s] INFO:colcon.colcon_core.shell:Creating prefix chain script '/home/ram-user/ASDFR/src/install/setup.ps1'
[8.046s] INFO:colcon.colcon_core.shell:Creating prefix script '/home/ram-user/ASDFR/src/install/local_setup.sh'
[8.047s] INFO:colcon.colcon_core.shell:Creating prefix util module '/home/ram-user/ASDFR/src/install/_local_setup_util_sh.py'
[8.048s] INFO:colcon.colcon_core.shell:Creating prefix chain script '/home/ram-user/ASDFR/src/install/setup.sh'
[8.050s] INFO:colcon.colcon_core.shell:Creating prefix script '/home/ram-user/ASDFR/src/install/local_setup.bash'
[8.050s] INFO:colcon.colcon_core.shell:Creating prefix chain script '/home/ram-user/ASDFR/src/install/setup.bash'
[8.052s] INFO:colcon.colcon_core.shell:Creating prefix script '/home/ram-user/ASDFR/src/install/local_setup.zsh'
[8.053s] INFO:colcon.colcon_core.shell:Creating prefix chain script '/home/ram-user/ASDFR/src/install/setup.zsh'
