[0.339s] DEBUG:colcon:Command line arguments: ['/usr/bin/colcon', 'build']
[0.339s] DEBUG:colcon:Parsed command line arguments: Namespace(log_base=None, log_level=None, verb_name='build', build_base='build', install_base='install', merge_install=False, symlink_install=False, test_result_base=None, continue_on_error=False, executor='parallel', parallel_workers=2, event_handlers=None, ignore_user_meta=False, metas=['./colcon.meta'], base_paths=['.'], packages_ignore=None, packages_ignore_regex=None, paths=None, packages_up_to=None, packages_up_to_regex=None, packages_above=None, packages_above_and_dependencies=None, packages_above_depth=None, packages_select_by_dep=None, packages_skip_by_dep=None, packages_skip_up_to=None, packages_select_build_failed=False, packages_skip_build_finished=False, packages_select_test_failures=False, packages_skip_test_passed=False, packages_select=None, packages_skip=None, packages_select_regex=None, packages_skip_regex=None, packages_start=None, packages_end=None, allow_overriding=[], cmake_args=None, cmake_target=None, cmake_target_skip_unavailable=False, cmake_clean_cache=False, cmake_clean_first=False, cmake_force_configure=False, ament_cmake_args=None, catkin_cmake_args=None, catkin_skip_building_tests=False, verb_parser=<colcon_defaults.argument_parser.defaults.DefaultArgumentsDecorator object at 0x7f828a0f4850>, verb_extension=<colcon_core.verb.build.BuildVerb object at 0x7f828a9db2b0>, main=<bound method BuildVerb.main of <colcon_core.verb.build.BuildVerb object at 0x7f828a9db2b0>>)
[0.363s] Level 1:colcon.colcon_core.package_discovery:discover_packages(colcon_meta) check parameters
[0.363s] Level 1:colcon.colcon_core.package_discovery:discover_packages(recursive) check parameters
[0.363s] Level 1:colcon.colcon_core.package_discovery:discover_packages(ignore) check parameters
[0.363s] Level 1:colcon.colcon_core.package_discovery:discover_packages(path) check parameters
[0.363s] Level 1:colcon.colcon_core.package_discovery:discover_packages(colcon_meta) discover
[0.363s] Level 1:colcon.colcon_core.package_discovery:discover_packages(recursive) discover
[0.364s] INFO:colcon.colcon_core.package_discovery:Crawling recursively for packages in '/home/ram-user/ASDFR'
[0.364s] Level 1:colcon.colcon_core.package_identification:_identify(.) by extensions ['ignore', 'ignore_ament_install']
[0.364s] Level 1:colcon.colcon_core.package_identification:_identify(.) by extension 'ignore'
[0.364s] Level 1:colcon.colcon_core.package_identification:_identify(.) by extension 'ignore_ament_install'
[0.364s] Level 1:colcon.colcon_core.package_identification:_identify(.) by extensions ['colcon_pkg']
[0.364s] Level 1:colcon.colcon_core.package_identification:_identify(.) by extension 'colcon_pkg'
[0.365s] Level 1:colcon.colcon_core.package_identification:_identify(.) by extensions ['colcon_meta']
[0.365s] Level 1:colcon.colcon_core.package_identification:_identify(.) by extension 'colcon_meta'
[0.365s] Level 1:colcon.colcon_core.package_identification:_identify(.) by extensions ['ros']
[0.365s] Level 1:colcon.colcon_core.package_identification:_identify(.) by extension 'ros'
[0.376s] Level 1:colcon.colcon_core.package_identification:_identify(.) by extensions ['cmake', 'python']
[0.376s] Level 1:colcon.colcon_core.package_identification:_identify(.) by extension 'cmake'
[0.377s] Level 1:colcon.colcon_core.package_identification:_identify(.) by extension 'python'
[0.377s] Level 1:colcon.colcon_core.package_identification:_identify(.) by extensions ['python_setup_py']
[0.377s] Level 1:colcon.colcon_core.package_identification:_identify(.) by extension 'python_setup_py'
[0.377s] Level 1:colcon.colcon_core.package_identification:_identify(build) by extensions ['ignore', 'ignore_ament_install']
[0.377s] Level 1:colcon.colcon_core.package_identification:_identify(build) by extension 'ignore'
[0.377s] Level 1:colcon.colcon_core.package_identification:_identify(build) ignored
[0.378s] Level 1:colcon.colcon_core.package_identification:_identify(install) by extensions ['ignore', 'ignore_ament_install']
[0.378s] Level 1:colcon.colcon_core.package_identification:_identify(install) by extension 'ignore'
[0.378s] Level 1:colcon.colcon_core.package_identification:_identify(install) ignored
[0.378s] Level 1:colcon.colcon_core.package_identification:_identify(log) by extensions ['ignore', 'ignore_ament_install']
[0.379s] Level 1:colcon.colcon_core.package_identification:_identify(log) by extension 'ignore'
[0.379s] Level 1:colcon.colcon_core.package_identification:_identify(log) ignored
[0.379s] Level 1:colcon.colcon_core.package_identification:_identify(src) by extensions ['ignore', 'ignore_ament_install']
[0.379s] Level 1:colcon.colcon_core.package_identification:_identify(src) by extension 'ignore'
[0.379s] Level 1:colcon.colcon_core.package_identification:_identify(src) by extension 'ignore_ament_install'
[0.380s] Level 1:colcon.colcon_core.package_identification:_identify(src) by extensions ['colcon_pkg']
[0.380s] Level 1:colcon.colcon_core.package_identification:_identify(src) by extension 'colcon_pkg'
[0.380s] Level 1:colcon.colcon_core.package_identification:_identify(src) by extensions ['colcon_meta']
[0.380s] Level 1:colcon.colcon_core.package_identification:_identify(src) by extension 'colcon_meta'
[0.380s] Level 1:colcon.colcon_core.package_identification:_identify(src) by extensions ['ros']
[0.380s] Level 1:colcon.colcon_core.package_identification:_identify(src) by extension 'ros'
[0.380s] Level 1:colcon.colcon_core.package_identification:_identify(src) by extensions ['cmake', 'python']
[0.380s] Level 1:colcon.colcon_core.package_identification:_identify(src) by extension 'cmake'
[0.381s] Level 1:colcon.colcon_core.package_identification:_identify(src) by extension 'python'
[0.381s] Level 1:colcon.colcon_core.package_identification:_identify(src) by extensions ['python_setup_py']
[0.381s] Level 1:colcon.colcon_core.package_identification:_identify(src) by extension 'python_setup_py'
[0.381s] Level 1:colcon.colcon_core.package_identification:_identify(src/build) by extensions ['ignore', 'ignore_ament_install']
[0.381s] Level 1:colcon.colcon_core.package_identification:_identify(src/build) by extension 'ignore'
[0.382s] Level 1:colcon.colcon_core.package_identification:_identify(src/build) by extension 'ignore_ament_install'
[0.382s] Level 1:colcon.colcon_core.package_identification:_identify(src/build) by extensions ['colcon_pkg']
[0.382s] Level 1:colcon.colcon_core.package_identification:_identify(src/build) by extension 'colcon_pkg'
[0.382s] Level 1:colcon.colcon_core.package_identification:_identify(src/build) by extensions ['colcon_meta']
[0.382s] Level 1:colcon.colcon_core.package_identification:_identify(src/build) by extension 'colcon_meta'
[0.382s] Level 1:colcon.colcon_core.package_identification:_identify(src/build) by extensions ['ros']
[0.383s] Level 1:colcon.colcon_core.package_identification:_identify(src/build) by extension 'ros'
[0.383s] Level 1:colcon.colcon_core.package_identification:_identify(src/build) by extensions ['cmake', 'python']
[0.383s] Level 1:colcon.colcon_core.package_identification:_identify(src/build) by extension 'cmake'
[0.383s] Level 1:colcon.colcon_core.package_identification:_identify(src/build) by extension 'python'
[0.383s] Level 1:colcon.colcon_core.package_identification:_identify(src/build) by extensions ['python_setup_py']
[0.383s] Level 1:colcon.colcon_core.package_identification:_identify(src/build) by extension 'python_setup_py'
[0.383s] Level 1:colcon.colcon_core.package_identification:_identify(src/image_processing) by extensions ['ignore', 'ignore_ament_install']
[0.384s] Level 1:colcon.colcon_core.package_identification:_identify(src/image_processing) by extension 'ignore'
[0.384s] Level 1:colcon.colcon_core.package_identification:_identify(src/image_processing) by extension 'ignore_ament_install'
[0.384s] Level 1:colcon.colcon_core.package_identification:_identify(src/image_processing) by extensions ['colcon_pkg']
[0.384s] Level 1:colcon.colcon_core.package_identification:_identify(src/image_processing) by extension 'colcon_pkg'
[0.384s] Level 1:colcon.colcon_core.package_identification:_identify(src/image_processing) by extensions ['colcon_meta']
[0.384s] Level 1:colcon.colcon_core.package_identification:_identify(src/image_processing) by extension 'colcon_meta'
[0.385s] Level 1:colcon.colcon_core.package_identification:_identify(src/image_processing) by extensions ['ros']
[0.385s] Level 1:colcon.colcon_core.package_identification:_identify(src/image_processing) by extension 'ros'
[0.388s] DEBUG:colcon.colcon_core.package_identification:Package 'src/image_processing' with type 'ros.ament_cmake' and name 'image_processing'
[0.388s] Level 1:colcon.colcon_core.package_identification:_identify(src/install) by extensions ['ignore', 'ignore_ament_install']
[0.388s] Level 1:colcon.colcon_core.package_identification:_identify(src/install) by extension 'ignore'
[0.388s] Level 1:colcon.colcon_core.package_identification:_identify(src/install) by extension 'ignore_ament_install'
[0.388s] Level 1:colcon.colcon_core.package_identification:_identify(src/install) by extensions ['colcon_pkg']
[0.388s] Level 1:colcon.colcon_core.package_identification:_identify(src/install) by extension 'colcon_pkg'
[0.389s] Level 1:colcon.colcon_core.package_identification:_identify(src/install) by extensions ['colcon_meta']
[0.389s] Level 1:colcon.colcon_core.package_identification:_identify(src/install) by extension 'colcon_meta'
[0.389s] Level 1:colcon.colcon_core.package_identification:_identify(src/install) by extensions ['ros']
[0.389s] Level 1:colcon.colcon_core.package_identification:_identify(src/install) by extension 'ros'
[0.389s] Level 1:colcon.colcon_core.package_identification:_identify(src/install) by extensions ['cmake', 'python']
[0.389s] Level 1:colcon.colcon_core.package_identification:_identify(src/install) by extension 'cmake'
[0.389s] Level 1:colcon.colcon_core.package_identification:_identify(src/install) by extension 'python'
[0.390s] Level 1:colcon.colcon_core.package_identification:_identify(src/install) by extensions ['python_setup_py']
[0.390s] Level 1:colcon.colcon_core.package_identification:_identify(src/install) by extension 'python_setup_py'
[0.390s] Level 1:colcon.colcon_core.package_identification:_identify(src/log) by extensions ['ignore', 'ignore_ament_install']
[0.390s] Level 1:colcon.colcon_core.package_identification:_identify(src/log) by extension 'ignore'
[0.390s] Level 1:colcon.colcon_core.package_identification:_identify(src/log) ignored
[0.390s] Level 1:colcon.colcon_core.package_identification:_identify(src/ros2_nodes) by extensions ['ignore', 'ignore_ament_install']
[0.391s] Level 1:colcon.colcon_core.package_identification:_identify(src/ros2_nodes) by extension 'ignore'
[0.391s] Level 1:colcon.colcon_core.package_identification:_identify(src/ros2_nodes) by extension 'ignore_ament_install'
[0.391s] Level 1:colcon.colcon_core.package_identification:_identify(src/ros2_nodes) by extensions ['colcon_pkg']
[0.391s] Level 1:colcon.colcon_core.package_identification:_identify(src/ros2_nodes) by extension 'colcon_pkg'
[0.391s] Level 1:colcon.colcon_core.package_identification:_identify(src/ros2_nodes) by extensions ['colcon_meta']
[0.391s] Level 1:colcon.colcon_core.package_identification:_identify(src/ros2_nodes) by extension 'colcon_meta'
[0.392s] Level 1:colcon.colcon_core.package_identification:_identify(src/ros2_nodes) by extensions ['ros']
[0.392s] Level 1:colcon.colcon_core.package_identification:_identify(src/ros2_nodes) by extension 'ros'
[0.392s] Level 1:colcon.colcon_core.package_identification:_identify(src/ros2_nodes) by extensions ['cmake', 'python']
[0.392s] Level 1:colcon.colcon_core.package_identification:_identify(src/ros2_nodes) by extension 'cmake'
[0.392s] Level 1:colcon.colcon_core.package_identification:_identify(src/ros2_nodes) by extension 'python'
[0.392s] Level 1:colcon.colcon_core.package_identification:_identify(src/ros2_nodes) by extensions ['python_setup_py']
[0.392s] Level 1:colcon.colcon_core.package_identification:_identify(src/ros2_nodes) by extension 'python_setup_py'
[0.393s] Level 1:colcon.colcon_core.package_identification:_identify(src/ros2_nodes/build) by extensions ['ignore', 'ignore_ament_install']
[0.393s] Level 1:colcon.colcon_core.package_identification:_identify(src/ros2_nodes/build) by extension 'ignore'
[0.393s] Level 1:colcon.colcon_core.package_identification:_identify(src/ros2_nodes/build) ignored
[0.393s] Level 1:colcon.colcon_core.package_identification:_identify(src/ros2_nodes/install) by extensions ['ignore', 'ignore_ament_install']
[0.393s] Level 1:colcon.colcon_core.package_identification:_identify(src/ros2_nodes/install) by extension 'ignore'
[0.393s] Level 1:colcon.colcon_core.package_identification:_identify(src/ros2_nodes/install) ignored
[0.394s] Level 1:colcon.colcon_core.package_identification:_identify(src/ros2_nodes/launch) by extensions ['ignore', 'ignore_ament_install']
[0.394s] Level 1:colcon.colcon_core.package_identification:_identify(src/ros2_nodes/launch) by extension 'ignore'
[0.394s] Level 1:colcon.colcon_core.package_identification:_identify(src/ros2_nodes/launch) by extension 'ignore_ament_install'
[0.394s] Level 1:colcon.colcon_core.package_identification:_identify(src/ros2_nodes/launch) by extensions ['colcon_pkg']
[0.394s] Level 1:colcon.colcon_core.package_identification:_identify(src/ros2_nodes/launch) by extension 'colcon_pkg'
[0.394s] Level 1:colcon.colcon_core.package_identification:_identify(src/ros2_nodes/launch) by extensions ['colcon_meta']
[0.395s] Level 1:colcon.colcon_core.package_identification:_identify(src/ros2_nodes/launch) by extension 'colcon_meta'
[0.395s] Level 1:colcon.colcon_core.package_identification:_identify(src/ros2_nodes/launch) by extensions ['ros']
[0.395s] Level 1:colcon.colcon_core.package_identification:_identify(src/ros2_nodes/launch) by extension 'ros'
[0.395s] Level 1:colcon.colcon_core.package_identification:_identify(src/ros2_nodes/launch) by extensions ['cmake', 'python']
[0.395s] Level 1:colcon.colcon_core.package_identification:_identify(src/ros2_nodes/launch) by extension 'cmake'
[0.395s] Level 1:colcon.colcon_core.package_identification:_identify(src/ros2_nodes/launch) by extension 'python'
[0.395s] Level 1:colcon.colcon_core.package_identification:_identify(src/ros2_nodes/launch) by extensions ['python_setup_py']
[0.396s] Level 1:colcon.colcon_core.package_identification:_identify(src/ros2_nodes/launch) by extension 'python_setup_py'
[0.396s] Level 1:colcon.colcon_core.package_identification:_identify(src/ros2_nodes/launch/__pycache__) by extensions ['ignore', 'ignore_ament_install']
[0.396s] Level 1:colcon.colcon_core.package_identification:_identify(src/ros2_nodes/launch/__pycache__) by extension 'ignore'
[0.396s] Level 1:colcon.colcon_core.package_identification:_identify(src/ros2_nodes/launch/__pycache__) by extension 'ignore_ament_install'
[0.396s] Level 1:colcon.colcon_core.package_identification:_identify(src/ros2_nodes/launch/__pycache__) by extensions ['colcon_pkg']
[0.396s] Level 1:colcon.colcon_core.package_identification:_identify(src/ros2_nodes/launch/__pycache__) by extension 'colcon_pkg'
[0.397s] Level 1:colcon.colcon_core.package_identification:_identify(src/ros2_nodes/launch/__pycache__) by extensions ['colcon_meta']
[0.397s] Level 1:colcon.colcon_core.package_identification:_identify(src/ros2_nodes/launch/__pycache__) by extension 'colcon_meta'
[0.397s] Level 1:colcon.colcon_core.package_identification:_identify(src/ros2_nodes/launch/__pycache__) by extensions ['ros']
[0.397s] Level 1:colcon.colcon_core.package_identification:_identify(src/ros2_nodes/launch/__pycache__) by extension 'ros'
[0.397s] Level 1:colcon.colcon_core.package_identification:_identify(src/ros2_nodes/launch/__pycache__) by extensions ['cmake', 'python']
[0.397s] Level 1:colcon.colcon_core.package_identification:_identify(src/ros2_nodes/launch/__pycache__) by extension 'cmake'
[0.397s] Level 1:colcon.colcon_core.package_identification:_identify(src/ros2_nodes/launch/__pycache__) by extension 'python'
[0.398s] Level 1:colcon.colcon_core.package_identification:_identify(src/ros2_nodes/launch/__pycache__) by extensions ['python_setup_py']
[0.398s] Level 1:colcon.colcon_core.package_identification:_identify(src/ros2_nodes/launch/__pycache__) by extension 'python_setup_py'
[0.398s] Level 1:colcon.colcon_core.package_identification:_identify(src/ros2_nodes/launch/build) by extensions ['ignore', 'ignore_ament_install']
[0.398s] Level 1:colcon.colcon_core.package_identification:_identify(src/ros2_nodes/launch/build) by extension 'ignore'
[0.398s] Level 1:colcon.colcon_core.package_identification:_identify(src/ros2_nodes/launch/build) ignored
[0.398s] Level 1:colcon.colcon_core.package_identification:_identify(src/ros2_nodes/launch/install) by extensions ['ignore', 'ignore_ament_install']
[0.399s] Level 1:colcon.colcon_core.package_identification:_identify(src/ros2_nodes/launch/install) by extension 'ignore'
[0.399s] Level 1:colcon.colcon_core.package_identification:_identify(src/ros2_nodes/launch/install) ignored
[0.399s] Level 1:colcon.colcon_core.package_identification:_identify(src/ros2_nodes/launch/log) by extensions ['ignore', 'ignore_ament_install']
[0.399s] Level 1:colcon.colcon_core.package_identification:_identify(src/ros2_nodes/launch/log) by extension 'ignore'
[0.399s] Level 1:colcon.colcon_core.package_identification:_identify(src/ros2_nodes/launch/log) ignored
[0.399s] Level 1:colcon.colcon_core.package_identification:_identify(src/ros2_nodes/log) by extensions ['ignore', 'ignore_ament_install']
[0.400s] Level 1:colcon.colcon_core.package_identification:_identify(src/ros2_nodes/log) by extension 'ignore'
[0.400s] Level 1:colcon.colcon_core.package_identification:_identify(src/ros2_nodes/log) ignored
[0.400s] Level 1:colcon.colcon_core.package_identification:_identify(src/ros2_nodes/src) by extensions ['ignore', 'ignore_ament_install']
[0.400s] Level 1:colcon.colcon_core.package_identification:_identify(src/ros2_nodes/src) by extension 'ignore'
[0.400s] Level 1:colcon.colcon_core.package_identification:_identify(src/ros2_nodes/src) by extension 'ignore_ament_install'
[0.401s] Level 1:colcon.colcon_core.package_identification:_identify(src/ros2_nodes/src) by extensions ['colcon_pkg']
[0.401s] Level 1:colcon.colcon_core.package_identification:_identify(src/ros2_nodes/src) by extension 'colcon_pkg'
[0.401s] Level 1:colcon.colcon_core.package_identification:_identify(src/ros2_nodes/src) by extensions ['colcon_meta']
[0.401s] Level 1:colcon.colcon_core.package_identification:_identify(src/ros2_nodes/src) by extension 'colcon_meta'
[0.401s] Level 1:colcon.colcon_core.package_identification:_identify(src/ros2_nodes/src) by extensions ['ros']
[0.401s] Level 1:colcon.colcon_core.package_identification:_identify(src/ros2_nodes/src) by extension 'ros'
[0.401s] Level 1:colcon.colcon_core.package_identification:_identify(src/ros2_nodes/src) by extensions ['cmake', 'python']
[0.402s] Level 1:colcon.colcon_core.package_identification:_identify(src/ros2_nodes/src) by extension 'cmake'
[0.402s] Level 1:colcon.colcon_core.package_identification:_identify(src/ros2_nodes/src) by extension 'python'
[0.402s] Level 1:colcon.colcon_core.package_identification:_identify(src/ros2_nodes/src) by extensions ['python_setup_py']
[0.402s] Level 1:colcon.colcon_core.package_identification:_identify(src/ros2_nodes/src) by extension 'python_setup_py'
[0.402s] Level 1:colcon.colcon_core.package_identification:_identify(src/ros2_nodes/src/asdfr_interfaces) by extensions ['ignore', 'ignore_ament_install']
[0.402s] Level 1:colcon.colcon_core.package_identification:_identify(src/ros2_nodes/src/asdfr_interfaces) by extension 'ignore'
[0.402s] Level 1:colcon.colcon_core.package_identification:_identify(src/ros2_nodes/src/asdfr_interfaces) by extension 'ignore_ament_install'
[0.403s] Level 1:colcon.colcon_core.package_identification:_identify(src/ros2_nodes/src/asdfr_interfaces) by extensions ['colcon_pkg']
[0.403s] Level 1:colcon.colcon_core.package_identification:_identify(src/ros2_nodes/src/asdfr_interfaces) by extension 'colcon_pkg'
[0.403s] Level 1:colcon.colcon_core.package_identification:_identify(src/ros2_nodes/src/asdfr_interfaces) by extensions ['colcon_meta']
[0.403s] Level 1:colcon.colcon_core.package_identification:_identify(src/ros2_nodes/src/asdfr_interfaces) by extension 'colcon_meta'
[0.403s] Level 1:colcon.colcon_core.package_identification:_identify(src/ros2_nodes/src/asdfr_interfaces) by extensions ['ros']
[0.403s] Level 1:colcon.colcon_core.package_identification:_identify(src/ros2_nodes/src/asdfr_interfaces) by extension 'ros'
[0.404s] DEBUG:colcon.colcon_core.package_identification:Package 'src/ros2_nodes/src/asdfr_interfaces' with type 'ros.ament_cmake' and name 'asdfr_interfaces'
[0.404s] Level 1:colcon.colcon_core.package_identification:_identify(src/ros2_nodes/src/build) by extensions ['ignore', 'ignore_ament_install']
[0.404s] Level 1:colcon.colcon_core.package_identification:_identify(src/ros2_nodes/src/build) by extension 'ignore'
[0.405s] Level 1:colcon.colcon_core.package_identification:_identify(src/ros2_nodes/src/build) ignored
[0.405s] Level 1:colcon.colcon_core.package_identification:_identify(src/ros2_nodes/src/install) by extensions ['ignore', 'ignore_ament_install']
[0.405s] Level 1:colcon.colcon_core.package_identification:_identify(src/ros2_nodes/src/install) by extension 'ignore'
[0.405s] Level 1:colcon.colcon_core.package_identification:_identify(src/ros2_nodes/src/install) ignored
[0.405s] Level 1:colcon.colcon_core.package_identification:_identify(src/ros2_nodes/src/jiwy_controller) by extensions ['ignore', 'ignore_ament_install']
[0.406s] Level 1:colcon.colcon_core.package_identification:_identify(src/ros2_nodes/src/jiwy_controller) by extension 'ignore'
[0.406s] Level 1:colcon.colcon_core.package_identification:_identify(src/ros2_nodes/src/jiwy_controller) by extension 'ignore_ament_install'
[0.406s] Level 1:colcon.colcon_core.package_identification:_identify(src/ros2_nodes/src/jiwy_controller) by extensions ['colcon_pkg']
[0.406s] Level 1:colcon.colcon_core.package_identification:_identify(src/ros2_nodes/src/jiwy_controller) by extension 'colcon_pkg'
[0.406s] Level 1:colcon.colcon_core.package_identification:_identify(src/ros2_nodes/src/jiwy_controller) by extensions ['colcon_meta']
[0.406s] Level 1:colcon.colcon_core.package_identification:_identify(src/ros2_nodes/src/jiwy_controller) by extension 'colcon_meta'
[0.407s] Level 1:colcon.colcon_core.package_identification:_identify(src/ros2_nodes/src/jiwy_controller) by extensions ['ros']
[0.407s] Level 1:colcon.colcon_core.package_identification:_identify(src/ros2_nodes/src/jiwy_controller) by extension 'ros'
[0.408s] DEBUG:colcon.colcon_core.package_identification:Package 'src/ros2_nodes/src/jiwy_controller' with type 'ros.ament_cmake' and name 'jiwy_controller'
[0.408s] Level 1:colcon.colcon_core.package_identification:_identify(src/ros2_nodes/src/jiwy_simulator) by extensions ['ignore', 'ignore_ament_install']
[0.408s] Level 1:colcon.colcon_core.package_identification:_identify(src/ros2_nodes/src/jiwy_simulator) by extension 'ignore'
[0.408s] Level 1:colcon.colcon_core.package_identification:_identify(src/ros2_nodes/src/jiwy_simulator) by extension 'ignore_ament_install'
[0.408s] Level 1:colcon.colcon_core.package_identification:_identify(src/ros2_nodes/src/jiwy_simulator) by extensions ['colcon_pkg']
[0.409s] Level 1:colcon.colcon_core.package_identification:_identify(src/ros2_nodes/src/jiwy_simulator) by extension 'colcon_pkg'
[0.409s] Level 1:colcon.colcon_core.package_identification:_identify(src/ros2_nodes/src/jiwy_simulator) by extensions ['colcon_meta']
[0.409s] Level 1:colcon.colcon_core.package_identification:_identify(src/ros2_nodes/src/jiwy_simulator) by extension 'colcon_meta'
[0.409s] Level 1:colcon.colcon_core.package_identification:_identify(src/ros2_nodes/src/jiwy_simulator) by extensions ['ros']
[0.409s] Level 1:colcon.colcon_core.package_identification:_identify(src/ros2_nodes/src/jiwy_simulator) by extension 'ros'
[0.410s] DEBUG:colcon.colcon_core.package_identification:Package 'src/ros2_nodes/src/jiwy_simulator' with type 'ros.ament_cmake' and name 'jiwy_simulator'
[0.410s] Level 1:colcon.colcon_core.package_identification:_identify(src/ros2_nodes/src/log) by extensions ['ignore', 'ignore_ament_install']
[0.410s] Level 1:colcon.colcon_core.package_identification:_identify(src/ros2_nodes/src/log) by extension 'ignore'
[0.410s] Level 1:colcon.colcon_core.package_identification:_identify(src/ros2_nodes/src/log) ignored
[0.411s] Level 1:colcon.colcon_core.package_discovery:discover_packages(recursive) using defaults
[0.411s] Level 1:colcon.colcon_core.package_discovery:discover_packages(ignore) discover
[0.411s] Level 1:colcon.colcon_core.package_discovery:discover_packages(ignore) using defaults
[0.411s] Level 1:colcon.colcon_core.package_discovery:discover_packages(path) discover
[0.411s] Level 1:colcon.colcon_core.package_discovery:discover_packages(path) using defaults
[0.433s] Level 1:colcon.colcon_core.package_discovery:discover_packages(prefix_path) check parameters
[0.433s] Level 1:colcon.colcon_core.package_discovery:discover_packages(prefix_path) discover
[0.435s] DEBUG:colcon.colcon_installed_package_information.package_discovery:Found 4 installed packages in /home/ram-user/ASDFR/install
[0.436s] DEBUG:colcon.colcon_installed_package_information.package_discovery:Found 0 installed packages in /home/ram-user/.local/share/Trash/files/install
[0.438s] DEBUG:colcon.colcon_installed_package_information.package_discovery:Found 284 installed packages in /opt/ros/humble
[0.440s] Level 1:colcon.colcon_core.package_discovery:discover_packages(prefix_path) using defaults
[0.499s] Level 5:colcon.colcon_core.verb:set package 'asdfr_interfaces' build argument 'cmake_args' from command line to 'None'
[0.499s] Level 5:colcon.colcon_core.verb:set package 'asdfr_interfaces' build argument 'cmake_target' from command line to 'None'
[0.499s] Level 5:colcon.colcon_core.verb:set package 'asdfr_interfaces' build argument 'cmake_target_skip_unavailable' from command line to 'False'
[0.499s] Level 5:colcon.colcon_core.verb:set package 'asdfr_interfaces' build argument 'cmake_clean_cache' from command line to 'False'
[0.500s] Level 5:colcon.colcon_core.verb:set package 'asdfr_interfaces' build argument 'cmake_clean_first' from command line to 'False'
[0.500s] Level 5:colcon.colcon_core.verb:set package 'asdfr_interfaces' build argument 'cmake_force_configure' from command line to 'False'
[0.500s] Level 5:colcon.colcon_core.verb:set package 'asdfr_interfaces' build argument 'ament_cmake_args' from command line to 'None'
[0.500s] Level 5:colcon.colcon_core.verb:set package 'asdfr_interfaces' build argument 'catkin_cmake_args' from command line to 'None'
[0.500s] Level 5:colcon.colcon_core.verb:set package 'asdfr_interfaces' build argument 'catkin_skip_building_tests' from command line to 'False'
[0.500s] DEBUG:colcon.colcon_core.verb:Building package 'asdfr_interfaces' with the following arguments: {'ament_cmake_args': None, 'build_base': '/home/ram-user/ASDFR/build/asdfr_interfaces', 'catkin_cmake_args': None, 'catkin_skip_building_tests': False, 'cmake_args': None, 'cmake_clean_cache': False, 'cmake_clean_first': False, 'cmake_force_configure': False, 'cmake_target': None, 'cmake_target_skip_unavailable': False, 'install_base': '/home/ram-user/ASDFR/install/asdfr_interfaces', 'merge_install': False, 'path': '/home/ram-user/ASDFR/src/ros2_nodes/src/asdfr_interfaces', 'symlink_install': False, 'test_result_base': None}
[0.501s] Level 5:colcon.colcon_core.verb:set package 'image_processing' build argument 'cmake_args' from command line to 'None'
[0.501s] Level 5:colcon.colcon_core.verb:set package 'image_processing' build argument 'cmake_target' from command line to 'None'
[0.501s] Level 5:colcon.colcon_core.verb:set package 'image_processing' build argument 'cmake_target_skip_unavailable' from command line to 'False'
[0.501s] Level 5:colcon.colcon_core.verb:set package 'image_processing' build argument 'cmake_clean_cache' from command line to 'False'
[0.502s] Level 5:colcon.colcon_core.verb:set package 'image_processing' build argument 'cmake_clean_first' from command line to 'False'
[0.502s] Level 5:colcon.colcon_core.verb:set package 'image_processing' build argument 'cmake_force_configure' from command line to 'False'
[0.502s] Level 5:colcon.colcon_core.verb:set package 'image_processing' build argument 'ament_cmake_args' from command line to 'None'
[0.502s] Level 5:colcon.colcon_core.verb:set package 'image_processing' build argument 'catkin_cmake_args' from command line to 'None'
[0.502s] Level 5:colcon.colcon_core.verb:set package 'image_processing' build argument 'catkin_skip_building_tests' from command line to 'False'
[0.502s] DEBUG:colcon.colcon_core.verb:Building package 'image_processing' with the following arguments: {'ament_cmake_args': None, 'build_base': '/home/ram-user/ASDFR/build/image_processing', 'catkin_cmake_args': None, 'catkin_skip_building_tests': False, 'cmake_args': None, 'cmake_clean_cache': False, 'cmake_clean_first': False, 'cmake_force_configure': False, 'cmake_target': None, 'cmake_target_skip_unavailable': False, 'install_base': '/home/ram-user/ASDFR/install/image_processing', 'merge_install': False, 'path': '/home/ram-user/ASDFR/src/image_processing', 'symlink_install': False, 'test_result_base': None}
[0.511s] Level 5:colcon.colcon_core.verb:set package 'jiwy_controller' build argument 'cmake_args' from command line to 'None'
[0.511s] Level 5:colcon.colcon_core.verb:set package 'jiwy_controller' build argument 'cmake_target' from command line to 'None'
[0.511s] Level 5:colcon.colcon_core.verb:set package 'jiwy_controller' build argument 'cmake_target_skip_unavailable' from command line to 'False'
[0.512s] Level 5:colcon.colcon_core.verb:set package 'jiwy_controller' build argument 'cmake_clean_cache' from command line to 'False'
[0.512s] Level 5:colcon.colcon_core.verb:set package 'jiwy_controller' build argument 'cmake_clean_first' from command line to 'False'
[0.512s] Level 5:colcon.colcon_core.verb:set package 'jiwy_controller' build argument 'cmake_force_configure' from command line to 'False'
[0.512s] Level 5:colcon.colcon_core.verb:set package 'jiwy_controller' build argument 'ament_cmake_args' from command line to 'None'
[0.512s] Level 5:colcon.colcon_core.verb:set package 'jiwy_controller' build argument 'catkin_cmake_args' from command line to 'None'
[0.512s] Level 5:colcon.colcon_core.verb:set package 'jiwy_controller' build argument 'catkin_skip_building_tests' from command line to 'False'
[0.512s] DEBUG:colcon.colcon_core.verb:Building package 'jiwy_controller' with the following arguments: {'ament_cmake_args': None, 'build_base': '/home/ram-user/ASDFR/build/jiwy_controller', 'catkin_cmake_args': None, 'catkin_skip_building_tests': False, 'cmake_args': None, 'cmake_clean_cache': False, 'cmake_clean_first': False, 'cmake_force_configure': False, 'cmake_target': None, 'cmake_target_skip_unavailable': False, 'install_base': '/home/ram-user/ASDFR/install/jiwy_controller', 'merge_install': False, 'path': '/home/ram-user/ASDFR/src/ros2_nodes/src/jiwy_controller', 'symlink_install': False, 'test_result_base': None}
[0.514s] Level 5:colcon.colcon_core.verb:set package 'jiwy_simulator' build argument 'cmake_args' from command line to 'None'
[0.514s] Level 5:colcon.colcon_core.verb:set package 'jiwy_simulator' build argument 'cmake_target' from command line to 'None'
[0.514s] Level 5:colcon.colcon_core.verb:set package 'jiwy_simulator' build argument 'cmake_target_skip_unavailable' from command line to 'False'
[0.514s] Level 5:colcon.colcon_core.verb:set package 'jiwy_simulator' build argument 'cmake_clean_cache' from command line to 'False'
[0.514s] Level 5:colcon.colcon_core.verb:set package 'jiwy_simulator' build argument 'cmake_clean_first' from command line to 'False'
[0.514s] Level 5:colcon.colcon_core.verb:set package 'jiwy_simulator' build argument 'cmake_force_configure' from command line to 'False'
[0.514s] Level 5:colcon.colcon_core.verb:set package 'jiwy_simulator' build argument 'ament_cmake_args' from command line to 'None'
[0.515s] Level 5:colcon.colcon_core.verb:set package 'jiwy_simulator' build argument 'catkin_cmake_args' from command line to 'None'
[0.515s] Level 5:colcon.colcon_core.verb:set package 'jiwy_simulator' build argument 'catkin_skip_building_tests' from command line to 'False'
[0.515s] DEBUG:colcon.colcon_core.verb:Building package 'jiwy_simulator' with the following arguments: {'ament_cmake_args': None, 'build_base': '/home/ram-user/ASDFR/build/jiwy_simulator', 'catkin_cmake_args': None, 'catkin_skip_building_tests': False, 'cmake_args': None, 'cmake_clean_cache': False, 'cmake_clean_first': False, 'cmake_force_configure': False, 'cmake_target': None, 'cmake_target_skip_unavailable': False, 'install_base': '/home/ram-user/ASDFR/install/jiwy_simulator', 'merge_install': False, 'path': '/home/ram-user/ASDFR/src/ros2_nodes/src/jiwy_simulator', 'symlink_install': False, 'test_result_base': None}
[0.516s] INFO:colcon.colcon_core.executor:Executing jobs using 'parallel' executor
[0.519s] DEBUG:colcon.colcon_parallel_executor.executor.parallel:run_until_complete
[0.519s] INFO:colcon.colcon_ros.task.ament_cmake.build:Building ROS package in '/home/ram-user/ASDFR/src/ros2_nodes/src/asdfr_interfaces' with build type 'ament_cmake'
[0.520s] INFO:colcon.colcon_cmake.task.cmake.build:Building CMake package in '/home/ram-user/ASDFR/src/ros2_nodes/src/asdfr_interfaces'
[0.524s] INFO:colcon.colcon_core.plugin_system:Skipping extension 'colcon_core.shell.bat': Not used on non-Windows systems
[0.525s] INFO:colcon.colcon_core.shell:Skip shell extension 'powershell' for command environment: Not usable outside of PowerShell
[0.525s] DEBUG:colcon.colcon_core.shell:Skip shell extension 'dsv' for command environment
[0.534s] INFO:colcon.colcon_ros.task.ament_cmake.build:Building ROS package in '/home/ram-user/ASDFR/src/image_processing' with build type 'ament_cmake'
[0.535s] INFO:colcon.colcon_cmake.task.cmake.build:Building CMake package in '/home/ram-user/ASDFR/src/image_processing'
[0.536s] INFO:colcon.colcon_core.shell:Skip shell extension 'powershell' for command environment: Not usable outside of PowerShell
[0.536s] DEBUG:colcon.colcon_core.shell:Skip shell extension 'dsv' for command environment
[0.560s] DEBUG:colcon.colcon_core.event_handler.log_command:Invoking command in '/home/ram-user/ASDFR/build/asdfr_interfaces': CMAKE_PREFIX_PATH=${CMAKE_PREFIX_PATH}:/opt/ros/humble /usr/bin/cmake --build /home/ram-user/ASDFR/build/asdfr_interfaces -- -j2 -l2
[0.578s] DEBUG:colcon.colcon_core.event_handler.log_command:Invoking command in '/home/ram-user/ASDFR/build/image_processing': CMAKE_PREFIX_PATH=${CMAKE_PREFIX_PATH}:/opt/ros/humble /usr/bin/cmake --build /home/ram-user/ASDFR/build/image_processing -- -j2 -l2
[1.744s] DEBUG:colcon.colcon_core.event_handler.log_command:Invoked command in '/home/ram-user/ASDFR/build/asdfr_interfaces' returned '0': CMAKE_PREFIX_PATH=${CMAKE_PREFIX_PATH}:/opt/ros/humble /usr/bin/cmake --build /home/ram-user/ASDFR/build/asdfr_interfaces -- -j2 -l2
[1.858s] DEBUG:colcon.colcon_core.event_handler.log_command:Invoking command in '/home/ram-user/ASDFR/build/asdfr_interfaces': CMAKE_PREFIX_PATH=${CMAKE_PREFIX_PATH}:/opt/ros/humble /usr/bin/cmake --install /home/ram-user/ASDFR/build/asdfr_interfaces
[2.011s] Level 1:colcon.colcon_core.environment:create_environment_scripts_only(asdfr_interfaces)
[2.015s] Level 1:colcon.colcon_core.environment:checking '/home/ram-user/ASDFR/install/asdfr_interfaces' for CMake module files
[2.016s] Level 1:colcon.colcon_core.environment:checking '/home/ram-user/ASDFR/install/asdfr_interfaces' for CMake config files
[2.016s] Level 1:colcon.colcon_core.shell:create_environment_hook('asdfr_interfaces', 'cmake_prefix_path')
[2.017s] INFO:colcon.colcon_core.shell:Creating environment hook '/home/ram-user/ASDFR/install/asdfr_interfaces/share/asdfr_interfaces/hook/cmake_prefix_path.ps1'
[2.019s] INFO:colcon.colcon_core.shell:Creating environment descriptor '/home/ram-user/ASDFR/install/asdfr_interfaces/share/asdfr_interfaces/hook/cmake_prefix_path.dsv'
[2.020s] DEBUG:colcon.colcon_core.event_handler.log_command:Invoked command in '/home/ram-user/ASDFR/build/asdfr_interfaces' returned '0': CMAKE_PREFIX_PATH=${CMAKE_PREFIX_PATH}:/opt/ros/humble /usr/bin/cmake --install /home/ram-user/ASDFR/build/asdfr_interfaces
[2.024s] INFO:colcon.colcon_core.shell:Creating environment hook '/home/ram-user/ASDFR/install/asdfr_interfaces/share/asdfr_interfaces/hook/cmake_prefix_path.sh'
[2.025s] Level 1:colcon.colcon_core.environment:checking '/home/ram-user/ASDFR/install/asdfr_interfaces/lib'
[2.025s] Level 1:colcon.colcon_core.shell:create_environment_hook('asdfr_interfaces', 'ld_library_path_lib')
[2.027s] INFO:colcon.colcon_core.shell:Creating environment hook '/home/ram-user/ASDFR/install/asdfr_interfaces/share/asdfr_interfaces/hook/ld_library_path_lib.ps1'
[2.031s] INFO:colcon.colcon_core.shell:Creating environment descriptor '/home/ram-user/ASDFR/install/asdfr_interfaces/share/asdfr_interfaces/hook/ld_library_path_lib.dsv'
[2.031s] INFO:colcon.colcon_core.shell:Creating environment hook '/home/ram-user/ASDFR/install/asdfr_interfaces/share/asdfr_interfaces/hook/ld_library_path_lib.sh'
[2.032s] Level 1:colcon.colcon_core.environment:checking '/home/ram-user/ASDFR/install/asdfr_interfaces/bin'
[2.032s] Level 1:colcon.colcon_core.environment:checking '/home/ram-user/ASDFR/install/asdfr_interfaces/lib/pkgconfig/asdfr_interfaces.pc'
[2.032s] Level 1:colcon.colcon_core.environment:checking '/home/ram-user/ASDFR/install/asdfr_interfaces/lib/python3.10/site-packages'
[2.032s] Level 1:colcon.colcon_core.environment:checking '/home/ram-user/ASDFR/install/asdfr_interfaces/bin'
[2.033s] INFO:colcon.colcon_core.shell:Creating package script '/home/ram-user/ASDFR/install/asdfr_interfaces/share/asdfr_interfaces/package.ps1'
[2.034s] INFO:colcon.colcon_core.shell:Creating package descriptor '/home/ram-user/ASDFR/install/asdfr_interfaces/share/asdfr_interfaces/package.dsv'
[2.035s] INFO:colcon.colcon_core.shell:Creating package script '/home/ram-user/ASDFR/install/asdfr_interfaces/share/asdfr_interfaces/package.sh'
[2.036s] INFO:colcon.colcon_core.shell:Creating package script '/home/ram-user/ASDFR/install/asdfr_interfaces/share/asdfr_interfaces/package.bash'
[2.043s] INFO:colcon.colcon_core.shell:Creating package script '/home/ram-user/ASDFR/install/asdfr_interfaces/share/asdfr_interfaces/package.zsh'
[2.044s] Level 1:colcon.colcon_core.environment:create_file_with_runtime_dependencies(/home/ram-user/ASDFR/install/asdfr_interfaces/share/colcon-core/packages/asdfr_interfaces)
[2.162s] Level 1:colcon.colcon_core.environment:create_environment_scripts_only(asdfr_interfaces)
[2.169s] Level 1:colcon.colcon_core.environment:checking '/home/ram-user/ASDFR/install/asdfr_interfaces' for CMake module files
[2.170s] Level 1:colcon.colcon_core.environment:checking '/home/ram-user/ASDFR/install/asdfr_interfaces' for CMake config files
[2.170s] Level 1:colcon.colcon_core.shell:create_environment_hook('asdfr_interfaces', 'cmake_prefix_path')
[2.172s] INFO:colcon.colcon_core.shell:Creating environment hook '/home/ram-user/ASDFR/install/asdfr_interfaces/share/asdfr_interfaces/hook/cmake_prefix_path.ps1'
[2.172s] INFO:colcon.colcon_core.shell:Creating environment descriptor '/home/ram-user/ASDFR/install/asdfr_interfaces/share/asdfr_interfaces/hook/cmake_prefix_path.dsv'
[2.173s] INFO:colcon.colcon_core.shell:Creating environment hook '/home/ram-user/ASDFR/install/asdfr_interfaces/share/asdfr_interfaces/hook/cmake_prefix_path.sh'
[2.175s] Level 1:colcon.colcon_core.environment:checking '/home/ram-user/ASDFR/install/asdfr_interfaces/lib'
[2.175s] Level 1:colcon.colcon_core.shell:create_environment_hook('asdfr_interfaces', 'ld_library_path_lib')
[2.176s] INFO:colcon.colcon_core.shell:Creating environment hook '/home/ram-user/ASDFR/install/asdfr_interfaces/share/asdfr_interfaces/hook/ld_library_path_lib.ps1'
[2.177s] INFO:colcon.colcon_core.shell:Creating environment descriptor '/home/ram-user/ASDFR/install/asdfr_interfaces/share/asdfr_interfaces/hook/ld_library_path_lib.dsv'
[2.177s] INFO:colcon.colcon_core.shell:Creating environment hook '/home/ram-user/ASDFR/install/asdfr_interfaces/share/asdfr_interfaces/hook/ld_library_path_lib.sh'
[2.178s] Level 1:colcon.colcon_core.environment:checking '/home/ram-user/ASDFR/install/asdfr_interfaces/bin'
[2.178s] Level 1:colcon.colcon_core.environment:checking '/home/ram-user/ASDFR/install/asdfr_interfaces/lib/pkgconfig/asdfr_interfaces.pc'
[2.179s] Level 1:colcon.colcon_core.environment:checking '/home/ram-user/ASDFR/install/asdfr_interfaces/lib/python3.10/site-packages'
[2.179s] Level 1:colcon.colcon_core.environment:checking '/home/ram-user/ASDFR/install/asdfr_interfaces/bin'
[2.180s] INFO:colcon.colcon_core.shell:Creating package script '/home/ram-user/ASDFR/install/asdfr_interfaces/share/asdfr_interfaces/package.ps1'
[2.181s] INFO:colcon.colcon_core.shell:Creating package descriptor '/home/ram-user/ASDFR/install/asdfr_interfaces/share/asdfr_interfaces/package.dsv'
[2.182s] INFO:colcon.colcon_core.shell:Creating package script '/home/ram-user/ASDFR/install/asdfr_interfaces/share/asdfr_interfaces/package.sh'
[2.183s] INFO:colcon.colcon_core.shell:Creating package script '/home/ram-user/ASDFR/install/asdfr_interfaces/share/asdfr_interfaces/package.bash'
[2.184s] INFO:colcon.colcon_core.shell:Creating package script '/home/ram-user/ASDFR/install/asdfr_interfaces/share/asdfr_interfaces/package.zsh'
[2.184s] Level 1:colcon.colcon_core.environment:create_file_with_runtime_dependencies(/home/ram-user/ASDFR/install/asdfr_interfaces/share/colcon-core/packages/asdfr_interfaces)
[2.186s] INFO:colcon.colcon_ros.task.ament_cmake.build:Building ROS package in '/home/ram-user/ASDFR/src/ros2_nodes/src/jiwy_controller' with build type 'ament_cmake'
[2.186s] INFO:colcon.colcon_cmake.task.cmake.build:Building CMake package in '/home/ram-user/ASDFR/src/ros2_nodes/src/jiwy_controller'
[2.188s] INFO:colcon.colcon_core.shell:Skip shell extension 'powershell' for command environment: Not usable outside of PowerShell
[2.188s] DEBUG:colcon.colcon_core.shell:Skip shell extension 'dsv' for command environment
[2.224s] DEBUG:colcon.colcon_core.event_handler.log_command:Invoking command in '/home/ram-user/ASDFR/build/jiwy_controller': CMAKE_PREFIX_PATH=/home/ram-user/ASDFR/install/asdfr_interfaces:/home/ram-user/ASDFR/install/jiwy_simulator:/home/ram-user/ASDFR/install/jiwy_controller:/home/ram-user/ASDFR/install/image_processing:/opt/ros/humble /usr/bin/cmake --build /home/ram-user/ASDFR/build/jiwy_controller -- -j2 -l2
[16.843s] DEBUG:colcon.colcon_core.event_handler.log_command:Invoked command in '/home/ram-user/ASDFR/build/jiwy_controller' returned '0': CMAKE_PREFIX_PATH=/home/ram-user/ASDFR/install/asdfr_interfaces:/home/ram-user/ASDFR/install/jiwy_simulator:/home/ram-user/ASDFR/install/jiwy_controller:/home/ram-user/ASDFR/install/image_processing:/opt/ros/humble /usr/bin/cmake --build /home/ram-user/ASDFR/build/jiwy_controller -- -j2 -l2
[16.860s] DEBUG:colcon.colcon_core.event_handler.log_command:Invoking command in '/home/ram-user/ASDFR/build/jiwy_controller': CMAKE_PREFIX_PATH=/home/ram-user/ASDFR/install/asdfr_interfaces:/home/ram-user/ASDFR/install/jiwy_simulator:/home/ram-user/ASDFR/install/jiwy_controller:/home/ram-user/ASDFR/install/image_processing:/opt/ros/humble /usr/bin/cmake --install /home/ram-user/ASDFR/build/jiwy_controller
[16.912s] Level 1:colcon.colcon_core.environment:create_environment_scripts_only(jiwy_controller)
[16.914s] Level 1:colcon.colcon_core.environment:checking '/home/ram-user/ASDFR/install/jiwy_controller' for CMake module files
[16.914s] DEBUG:colcon.colcon_core.event_handler.log_command:Invoked command in '/home/ram-user/ASDFR/build/jiwy_controller' returned '0': CMAKE_PREFIX_PATH=/home/ram-user/ASDFR/install/asdfr_interfaces:/home/ram-user/ASDFR/install/jiwy_simulator:/home/ram-user/ASDFR/install/jiwy_controller:/home/ram-user/ASDFR/install/image_processing:/opt/ros/humble /usr/bin/cmake --install /home/ram-user/ASDFR/build/jiwy_controller
[16.915s] Level 1:colcon.colcon_core.environment:checking '/home/ram-user/ASDFR/install/jiwy_controller' for CMake config files
[16.915s] Level 1:colcon.colcon_core.shell:create_environment_hook('jiwy_controller', 'cmake_prefix_path')
[16.916s] INFO:colcon.colcon_core.shell:Creating environment hook '/home/ram-user/ASDFR/install/jiwy_controller/share/jiwy_controller/hook/cmake_prefix_path.ps1'
[16.917s] INFO:colcon.colcon_core.shell:Creating environment descriptor '/home/ram-user/ASDFR/install/jiwy_controller/share/jiwy_controller/hook/cmake_prefix_path.dsv'
[16.917s] INFO:colcon.colcon_core.shell:Creating environment hook '/home/ram-user/ASDFR/install/jiwy_controller/share/jiwy_controller/hook/cmake_prefix_path.sh'
[16.918s] Level 1:colcon.colcon_core.environment:checking '/home/ram-user/ASDFR/install/jiwy_controller/lib'
[16.918s] Level 1:colcon.colcon_core.environment:checking '/home/ram-user/ASDFR/install/jiwy_controller/bin'
[16.918s] Level 1:colcon.colcon_core.environment:checking '/home/ram-user/ASDFR/install/jiwy_controller/lib/pkgconfig/jiwy_controller.pc'
[16.918s] Level 1:colcon.colcon_core.environment:checking '/home/ram-user/ASDFR/install/jiwy_controller/lib/python3.10/site-packages'
[16.919s] Level 1:colcon.colcon_core.environment:checking '/home/ram-user/ASDFR/install/jiwy_controller/bin'
[16.920s] INFO:colcon.colcon_core.shell:Creating package script '/home/ram-user/ASDFR/install/jiwy_controller/share/jiwy_controller/package.ps1'
[16.921s] INFO:colcon.colcon_core.shell:Creating package descriptor '/home/ram-user/ASDFR/install/jiwy_controller/share/jiwy_controller/package.dsv'
[16.921s] INFO:colcon.colcon_core.shell:Creating package script '/home/ram-user/ASDFR/install/jiwy_controller/share/jiwy_controller/package.sh'
[16.921s] INFO:colcon.colcon_core.shell:Creating package script '/home/ram-user/ASDFR/install/jiwy_controller/share/jiwy_controller/package.bash'
[16.922s] INFO:colcon.colcon_core.shell:Creating package script '/home/ram-user/ASDFR/install/jiwy_controller/share/jiwy_controller/package.zsh'
[16.922s] Level 1:colcon.colcon_core.environment:create_file_with_runtime_dependencies(/home/ram-user/ASDFR/install/jiwy_controller/share/colcon-core/packages/jiwy_controller)
[16.954s] Level 1:colcon.colcon_core.environment:create_environment_scripts_only(jiwy_controller)
[16.956s] Level 1:colcon.colcon_core.environment:checking '/home/ram-user/ASDFR/install/jiwy_controller' for CMake module files
[16.957s] Level 1:colcon.colcon_core.environment:checking '/home/ram-user/ASDFR/install/jiwy_controller' for CMake config files
[16.957s] Level 1:colcon.colcon_core.shell:create_environment_hook('jiwy_controller', 'cmake_prefix_path')
[16.959s] INFO:colcon.colcon_core.shell:Creating environment hook '/home/ram-user/ASDFR/install/jiwy_controller/share/jiwy_controller/hook/cmake_prefix_path.ps1'
[16.960s] INFO:colcon.colcon_core.shell:Creating environment descriptor '/home/ram-user/ASDFR/install/jiwy_controller/share/jiwy_controller/hook/cmake_prefix_path.dsv'
[16.960s] INFO:colcon.colcon_core.shell:Creating environment hook '/home/ram-user/ASDFR/install/jiwy_controller/share/jiwy_controller/hook/cmake_prefix_path.sh'
[16.961s] Level 1:colcon.colcon_core.environment:checking '/home/ram-user/ASDFR/install/jiwy_controller/lib'
[16.961s] Level 1:colcon.colcon_core.environment:checking '/home/ram-user/ASDFR/install/jiwy_controller/bin'
[16.962s] Level 1:colcon.colcon_core.environment:checking '/home/ram-user/ASDFR/install/jiwy_controller/lib/pkgconfig/jiwy_controller.pc'
[16.962s] Level 1:colcon.colcon_core.environment:checking '/home/ram-user/ASDFR/install/jiwy_controller/lib/python3.10/site-packages'
[16.962s] Level 1:colcon.colcon_core.environment:checking '/home/ram-user/ASDFR/install/jiwy_controller/bin'
[16.964s] INFO:colcon.colcon_core.shell:Creating package script '/home/ram-user/ASDFR/install/jiwy_controller/share/jiwy_controller/package.ps1'
[16.964s] INFO:colcon.colcon_core.shell:Creating package descriptor '/home/ram-user/ASDFR/install/jiwy_controller/share/jiwy_controller/package.dsv'
[16.965s] INFO:colcon.colcon_core.shell:Creating package script '/home/ram-user/ASDFR/install/jiwy_controller/share/jiwy_controller/package.sh'
[16.966s] INFO:colcon.colcon_core.shell:Creating package script '/home/ram-user/ASDFR/install/jiwy_controller/share/jiwy_controller/package.bash'
[16.966s] INFO:colcon.colcon_core.shell:Creating package script '/home/ram-user/ASDFR/install/jiwy_controller/share/jiwy_controller/package.zsh'
[16.967s] Level 1:colcon.colcon_core.environment:create_file_with_runtime_dependencies(/home/ram-user/ASDFR/install/jiwy_controller/share/colcon-core/packages/jiwy_controller)
[16.969s] INFO:colcon.colcon_ros.task.ament_cmake.build:Building ROS package in '/home/ram-user/ASDFR/src/ros2_nodes/src/jiwy_simulator' with build type 'ament_cmake'
[16.969s] INFO:colcon.colcon_cmake.task.cmake.build:Building CMake package in '/home/ram-user/ASDFR/src/ros2_nodes/src/jiwy_simulator'
[16.970s] INFO:colcon.colcon_core.shell:Skip shell extension 'powershell' for command environment: Not usable outside of PowerShell
[16.970s] DEBUG:colcon.colcon_core.shell:Skip shell extension 'dsv' for command environment
[17.164s] DEBUG:colcon.colcon_core.event_handler.log_command:Invoking command in '/home/ram-user/ASDFR/build/jiwy_simulator': CMAKE_PREFIX_PATH=/home/ram-user/ASDFR/install/asdfr_interfaces:/home/ram-user/ASDFR/install/jiwy_simulator:/home/ram-user/ASDFR/install/jiwy_controller:/home/ram-user/ASDFR/install/image_processing:/opt/ros/humble /usr/bin/cmake --build /home/ram-user/ASDFR/build/jiwy_simulator -- -j2 -l2
[17.469s] DEBUG:colcon.colcon_core.event_handler.log_command:Invoked command in '/home/ram-user/ASDFR/build/jiwy_simulator' returned '0': CMAKE_PREFIX_PATH=/home/ram-user/ASDFR/install/asdfr_interfaces:/home/ram-user/ASDFR/install/jiwy_simulator:/home/ram-user/ASDFR/install/jiwy_controller:/home/ram-user/ASDFR/install/image_processing:/opt/ros/humble /usr/bin/cmake --build /home/ram-user/ASDFR/build/jiwy_simulator -- -j2 -l2
[17.495s] DEBUG:colcon.colcon_core.event_handler.log_command:Invoking command in '/home/ram-user/ASDFR/build/jiwy_simulator': CMAKE_PREFIX_PATH=/home/ram-user/ASDFR/install/asdfr_interfaces:/home/ram-user/ASDFR/install/jiwy_simulator:/home/ram-user/ASDFR/install/jiwy_controller:/home/ram-user/ASDFR/install/image_processing:/opt/ros/humble /usr/bin/cmake --install /home/ram-user/ASDFR/build/jiwy_simulator
[17.547s] Level 1:colcon.colcon_core.environment:create_environment_scripts_only(jiwy_simulator)
[17.549s] Level 1:colcon.colcon_core.environment:checking '/home/ram-user/ASDFR/install/jiwy_simulator' for CMake module files
[17.549s] Level 1:colcon.colcon_core.environment:checking '/home/ram-user/ASDFR/install/jiwy_simulator' for CMake config files
[17.550s] Level 1:colcon.colcon_core.shell:create_environment_hook('jiwy_simulator', 'cmake_prefix_path')
[17.551s] INFO:colcon.colcon_core.shell:Creating environment hook '/home/ram-user/ASDFR/install/jiwy_simulator/share/jiwy_simulator/hook/cmake_prefix_path.ps1'
[17.551s] DEBUG:colcon.colcon_core.event_handler.log_command:Invoked command in '/home/ram-user/ASDFR/build/jiwy_simulator' returned '0': CMAKE_PREFIX_PATH=/home/ram-user/ASDFR/install/asdfr_interfaces:/home/ram-user/ASDFR/install/jiwy_simulator:/home/ram-user/ASDFR/install/jiwy_controller:/home/ram-user/ASDFR/install/image_processing:/opt/ros/humble /usr/bin/cmake --install /home/ram-user/ASDFR/build/jiwy_simulator
[17.552s] INFO:colcon.colcon_core.shell:Creating environment descriptor '/home/ram-user/ASDFR/install/jiwy_simulator/share/jiwy_simulator/hook/cmake_prefix_path.dsv'
[17.552s] INFO:colcon.colcon_core.shell:Creating environment hook '/home/ram-user/ASDFR/install/jiwy_simulator/share/jiwy_simulator/hook/cmake_prefix_path.sh'
[17.553s] Level 1:colcon.colcon_core.environment:checking '/home/ram-user/ASDFR/install/jiwy_simulator/lib'
[17.553s] Level 1:colcon.colcon_core.environment:checking '/home/ram-user/ASDFR/install/jiwy_simulator/bin'
[17.553s] Level 1:colcon.colcon_core.environment:checking '/home/ram-user/ASDFR/install/jiwy_simulator/lib/pkgconfig/jiwy_simulator.pc'
[17.553s] Level 1:colcon.colcon_core.environment:checking '/home/ram-user/ASDFR/install/jiwy_simulator/lib/python3.10/site-packages'
[17.553s] Level 1:colcon.colcon_core.environment:checking '/home/ram-user/ASDFR/install/jiwy_simulator/bin'
[17.564s] INFO:colcon.colcon_core.shell:Creating package script '/home/ram-user/ASDFR/install/jiwy_simulator/share/jiwy_simulator/package.ps1'
[17.564s] INFO:colcon.colcon_core.shell:Creating package descriptor '/home/ram-user/ASDFR/install/jiwy_simulator/share/jiwy_simulator/package.dsv'
[17.565s] INFO:colcon.colcon_core.shell:Creating package script '/home/ram-user/ASDFR/install/jiwy_simulator/share/jiwy_simulator/package.sh'
[17.565s] INFO:colcon.colcon_core.shell:Creating package script '/home/ram-user/ASDFR/install/jiwy_simulator/share/jiwy_simulator/package.bash'
[17.565s] INFO:colcon.colcon_core.shell:Creating package script '/home/ram-user/ASDFR/install/jiwy_simulator/share/jiwy_simulator/package.zsh'
[17.566s] Level 1:colcon.colcon_core.environment:create_file_with_runtime_dependencies(/home/ram-user/ASDFR/install/jiwy_simulator/share/colcon-core/packages/jiwy_simulator)
[17.631s] Level 1:colcon.colcon_core.environment:create_environment_scripts_only(jiwy_simulator)
[17.633s] Level 1:colcon.colcon_core.environment:checking '/home/ram-user/ASDFR/install/jiwy_simulator' for CMake module files
[17.633s] Level 1:colcon.colcon_core.environment:checking '/home/ram-user/ASDFR/install/jiwy_simulator' for CMake config files
[17.636s] Level 1:colcon.colcon_core.shell:create_environment_hook('jiwy_simulator', 'cmake_prefix_path')
[17.637s] INFO:colcon.colcon_core.shell:Creating environment hook '/home/ram-user/ASDFR/install/jiwy_simulator/share/jiwy_simulator/hook/cmake_prefix_path.ps1'
[17.638s] INFO:colcon.colcon_core.shell:Creating environment descriptor '/home/ram-user/ASDFR/install/jiwy_simulator/share/jiwy_simulator/hook/cmake_prefix_path.dsv'
[17.640s] INFO:colcon.colcon_core.shell:Creating environment hook '/home/ram-user/ASDFR/install/jiwy_simulator/share/jiwy_simulator/hook/cmake_prefix_path.sh'
[17.641s] Level 1:colcon.colcon_core.environment:checking '/home/ram-user/ASDFR/install/jiwy_simulator/lib'
[17.641s] Level 1:colcon.colcon_core.environment:checking '/home/ram-user/ASDFR/install/jiwy_simulator/bin'
[17.641s] Level 1:colcon.colcon_core.environment:checking '/home/ram-user/ASDFR/install/jiwy_simulator/lib/pkgconfig/jiwy_simulator.pc'
[17.642s] Level 1:colcon.colcon_core.environment:checking '/home/ram-user/ASDFR/install/jiwy_simulator/lib/python3.10/site-packages'
[17.642s] Level 1:colcon.colcon_core.environment:checking '/home/ram-user/ASDFR/install/jiwy_simulator/bin'
[17.644s] INFO:colcon.colcon_core.shell:Creating package script '/home/ram-user/ASDFR/install/jiwy_simulator/share/jiwy_simulator/package.ps1'
[17.645s] INFO:colcon.colcon_core.shell:Creating package descriptor '/home/ram-user/ASDFR/install/jiwy_simulator/share/jiwy_simulator/package.dsv'
[17.645s] INFO:colcon.colcon_core.shell:Creating package script '/home/ram-user/ASDFR/install/jiwy_simulator/share/jiwy_simulator/package.sh'
[17.646s] INFO:colcon.colcon_core.shell:Creating package script '/home/ram-user/ASDFR/install/jiwy_simulator/share/jiwy_simulator/package.bash'
[17.647s] INFO:colcon.colcon_core.shell:Creating package script '/home/ram-user/ASDFR/install/jiwy_simulator/share/jiwy_simulator/package.zsh'
[17.647s] Level 1:colcon.colcon_core.environment:create_file_with_runtime_dependencies(/home/ram-user/ASDFR/install/jiwy_simulator/share/colcon-core/packages/jiwy_simulator)
[23.240s] DEBUG:colcon.colcon_core.event_handler.log_command:Invoked command in '/home/ram-user/ASDFR/build/image_processing' returned '0': CMAKE_PREFIX_PATH=${CMAKE_PREFIX_PATH}:/opt/ros/humble /usr/bin/cmake --build /home/ram-user/ASDFR/build/image_processing -- -j2 -l2
[23.273s] DEBUG:colcon.colcon_core.event_handler.log_command:Invoking command in '/home/ram-user/ASDFR/build/image_processing': CMAKE_PREFIX_PATH=${CMAKE_PREFIX_PATH}:/opt/ros/humble /usr/bin/cmake --install /home/ram-user/ASDFR/build/image_processing
[23.320s] Level 1:colcon.colcon_core.environment:create_environment_scripts_only(image_processing)
[23.322s] Level 1:colcon.colcon_core.environment:checking '/home/ram-user/ASDFR/install/image_processing' for CMake module files
[23.322s] Level 1:colcon.colcon_core.environment:checking '/home/ram-user/ASDFR/install/image_processing' for CMake config files
[23.323s] Level 1:colcon.colcon_core.shell:create_environment_hook('image_processing', 'cmake_prefix_path')
[23.324s] INFO:colcon.colcon_core.shell:Creating environment hook '/home/ram-user/ASDFR/install/image_processing/share/image_processing/hook/cmake_prefix_path.ps1'
[23.324s] DEBUG:colcon.colcon_core.event_handler.log_command:Invoked command in '/home/ram-user/ASDFR/build/image_processing' returned '0': CMAKE_PREFIX_PATH=${CMAKE_PREFIX_PATH}:/opt/ros/humble /usr/bin/cmake --install /home/ram-user/ASDFR/build/image_processing
[23.325s] INFO:colcon.colcon_core.shell:Creating environment descriptor '/home/ram-user/ASDFR/install/image_processing/share/image_processing/hook/cmake_prefix_path.dsv'
[23.325s] INFO:colcon.colcon_core.shell:Creating environment hook '/home/ram-user/ASDFR/install/image_processing/share/image_processing/hook/cmake_prefix_path.sh'
[23.325s] Level 1:colcon.colcon_core.environment:checking '/home/ram-user/ASDFR/install/image_processing/lib'
[23.326s] Level 1:colcon.colcon_core.environment:checking '/home/ram-user/ASDFR/install/image_processing/bin'
[23.326s] Level 1:colcon.colcon_core.environment:checking '/home/ram-user/ASDFR/install/image_processing/lib/pkgconfig/image_processing.pc'
[23.326s] Level 1:colcon.colcon_core.environment:checking '/home/ram-user/ASDFR/install/image_processing/lib/python3.10/site-packages'
[23.326s] Level 1:colcon.colcon_core.environment:checking '/home/ram-user/ASDFR/install/image_processing/bin'
[23.327s] INFO:colcon.colcon_core.shell:Creating package script '/home/ram-user/ASDFR/install/image_processing/share/image_processing/package.ps1'
[23.328s] INFO:colcon.colcon_core.shell:Creating package descriptor '/home/ram-user/ASDFR/install/image_processing/share/image_processing/package.dsv'
[23.329s] INFO:colcon.colcon_core.shell:Creating package script '/home/ram-user/ASDFR/install/image_processing/share/image_processing/package.sh'
[23.329s] INFO:colcon.colcon_core.shell:Creating package script '/home/ram-user/ASDFR/install/image_processing/share/image_processing/package.bash'
[23.330s] INFO:colcon.colcon_core.shell:Creating package script '/home/ram-user/ASDFR/install/image_processing/share/image_processing/package.zsh'
[23.331s] Level 1:colcon.colcon_core.environment:create_file_with_runtime_dependencies(/home/ram-user/ASDFR/install/image_processing/share/colcon-core/packages/image_processing)
[23.376s] Level 1:colcon.colcon_core.environment:create_environment_scripts_only(image_processing)
[23.378s] Level 1:colcon.colcon_core.environment:checking '/home/ram-user/ASDFR/install/image_processing' for CMake module files
[23.379s] Level 1:colcon.colcon_core.environment:checking '/home/ram-user/ASDFR/install/image_processing' for CMake config files
[23.379s] Level 1:colcon.colcon_core.shell:create_environment_hook('image_processing', 'cmake_prefix_path')
[23.380s] INFO:colcon.colcon_core.shell:Creating environment hook '/home/ram-user/ASDFR/install/image_processing/share/image_processing/hook/cmake_prefix_path.ps1'
[23.381s] INFO:colcon.colcon_core.shell:Creating environment descriptor '/home/ram-user/ASDFR/install/image_processing/share/image_processing/hook/cmake_prefix_path.dsv'
[23.381s] INFO:colcon.colcon_core.shell:Creating environment hook '/home/ram-user/ASDFR/install/image_processing/share/image_processing/hook/cmake_prefix_path.sh'
[23.382s] Level 1:colcon.colcon_core.environment:checking '/home/ram-user/ASDFR/install/image_processing/lib'
[23.383s] Level 1:colcon.colcon_core.environment:checking '/home/ram-user/ASDFR/install/image_processing/bin'
[23.383s] Level 1:colcon.colcon_core.environment:checking '/home/ram-user/ASDFR/install/image_processing/lib/pkgconfig/image_processing.pc'
[23.383s] Level 1:colcon.colcon_core.environment:checking '/home/ram-user/ASDFR/install/image_processing/lib/python3.10/site-packages'
[23.384s] Level 1:colcon.colcon_core.environment:checking '/home/ram-user/ASDFR/install/image_processing/bin'
[23.385s] INFO:colcon.colcon_core.shell:Creating package script '/home/ram-user/ASDFR/install/image_processing/share/image_processing/package.ps1'
[23.386s] INFO:colcon.colcon_core.shell:Creating package descriptor '/home/ram-user/ASDFR/install/image_processing/share/image_processing/package.dsv'
[23.387s] INFO:colcon.colcon_core.shell:Creating package script '/home/ram-user/ASDFR/install/image_processing/share/image_processing/package.sh'
[23.388s] INFO:colcon.colcon_core.shell:Creating package script '/home/ram-user/ASDFR/install/image_processing/share/image_processing/package.bash'
[23.388s] INFO:colcon.colcon_core.shell:Creating package script '/home/ram-user/ASDFR/install/image_processing/share/image_processing/package.zsh'
[23.389s] Level 1:colcon.colcon_core.environment:create_file_with_runtime_dependencies(/home/ram-user/ASDFR/install/image_processing/share/colcon-core/packages/image_processing)
[23.390s] DEBUG:colcon.colcon_parallel_executor.executor.parallel:closing loop
[23.390s] DEBUG:colcon.colcon_parallel_executor.executor.parallel:loop closed
[23.391s] DEBUG:colcon.colcon_parallel_executor.executor.parallel:run_until_complete finished with '0'
[23.391s] DEBUG:colcon.colcon_core.event_reactor:joining thread
[23.397s] INFO:colcon.colcon_core.plugin_system:Skipping extension 'colcon_notification.desktop_notification.terminal_notifier': Not used on non-Darwin systems
[23.397s] INFO:colcon.colcon_core.plugin_system:Skipping extension 'colcon_notification.desktop_notification.win32': Not used on non-Windows systems
[23.397s] INFO:colcon.colcon_notification.desktop_notification:Sending desktop notification using 'notify2'
[23.441s] DEBUG:colcon.colcon_core.event_reactor:joined thread
[23.443s] INFO:colcon.colcon_core.shell:Creating prefix script '/home/ram-user/ASDFR/install/local_setup.ps1'
[23.444s] INFO:colcon.colcon_core.shell:Creating prefix util module '/home/ram-user/ASDFR/install/_local_setup_util_ps1.py'
[23.445s] INFO:colcon.colcon_core.shell:Creating prefix chain script '/home/ram-user/ASDFR/install/setup.ps1'
[23.447s] INFO:colcon.colcon_core.shell:Creating prefix script '/home/ram-user/ASDFR/install/local_setup.sh'
[23.447s] INFO:colcon.colcon_core.shell:Creating prefix util module '/home/ram-user/ASDFR/install/_local_setup_util_sh.py'
[23.448s] INFO:colcon.colcon_core.shell:Creating prefix chain script '/home/ram-user/ASDFR/install/setup.sh'
[23.449s] INFO:colcon.colcon_core.shell:Creating prefix script '/home/ram-user/ASDFR/install/local_setup.bash'
[23.449s] INFO:colcon.colcon_core.shell:Creating prefix chain script '/home/ram-user/ASDFR/install/setup.bash'
[23.451s] INFO:colcon.colcon_core.shell:Creating prefix script '/home/ram-user/ASDFR/install/local_setup.zsh'
[23.452s] INFO:colcon.colcon_core.shell:Creating prefix chain script '/home/ram-user/ASDFR/install/setup.zsh'
