[0.045s] Invoking command in '/home/ram-user/ASDFR/src/ros2_nodes/build/jiwy_controller': CMAKE_PREFIX_PATH=/home/ram-user/ASDFR/src/ros2_nodes/install/asdfr_interfaces:/home/ram-user/ASDFR/src/ros2_nodes/install/jiwy_simulator:/home/ram-user/ASDFR/src/ros2_nodes/install/jiwy_controller:/home/ram-user/ASDFR/install/jiwy_simulator:/home/ram-user/ASDFR/install/jiwy_controller:/home/ram-user/ASDFR/install/image_processing:/home/ram-user/ASDFR/install/asdfr_interfaces:/opt/ros/humble /usr/bin/cmake --build /home/ram-user/ASDFR/src/ros2_nodes/build/jiwy_controller -- -j2 -l2
[0.171s] [35m[1mConsolidate compiler generated dependencies of target jc_lighttracker[0m
[0.212s] [ 33%] Built target jiwy_controller
[0.246s] [ 50%] [32mBuilding CXX object CMakeFiles/jc_lighttracker.dir/src/jc_light_tracker.cpp.o[0m
[0.281s] [ 83%] Built target simplesub
[14.240s] [100%] [32m[1mLinking CXX executable jc_lighttracker[0m
[15.274s] [100%] Built target jc_lighttracker
[15.287s] Invoked command in '/home/ram-user/ASDFR/src/ros2_nodes/build/jiwy_controller' returned '0': CMAKE_PREFIX_PATH=/home/ram-user/ASDFR/src/ros2_nodes/install/asdfr_interfaces:/home/ram-user/ASDFR/src/ros2_nodes/install/jiwy_simulator:/home/ram-user/ASDFR/src/ros2_nodes/install/jiwy_controller:/home/ram-user/ASDFR/install/jiwy_simulator:/home/ram-user/ASDFR/install/jiwy_controller:/home/ram-user/ASDFR/install/image_processing:/home/ram-user/ASDFR/install/asdfr_interfaces:/opt/ros/humble /usr/bin/cmake --build /home/ram-user/ASDFR/src/ros2_nodes/build/jiwy_controller -- -j2 -l2
[15.313s] Invoking command in '/home/ram-user/ASDFR/src/ros2_nodes/build/jiwy_controller': CMAKE_PREFIX_PATH=/home/ram-user/ASDFR/src/ros2_nodes/install/asdfr_interfaces:/home/ram-user/ASDFR/src/ros2_nodes/install/jiwy_simulator:/home/ram-user/ASDFR/src/ros2_nodes/install/jiwy_controller:/home/ram-user/ASDFR/install/jiwy_simulator:/home/ram-user/ASDFR/install/jiwy_controller:/home/ram-user/ASDFR/install/image_processing:/home/ram-user/ASDFR/install/asdfr_interfaces:/opt/ros/humble /usr/bin/cmake --install /home/ram-user/ASDFR/src/ros2_nodes/build/jiwy_controller
[15.321s] -- Install configuration: ""
[15.322s] -- Up-to-date: /home/ram-user/ASDFR/src/ros2_nodes/install/jiwy_controller/lib/jiwy_controller/jiwy_controller
[15.322s] -- Installing: /home/ram-user/ASDFR/src/ros2_nodes/install/jiwy_controller/lib/jiwy_controller/jc_lighttracker
[15.329s] -- Set runtime path of "/home/ram-user/ASDFR/src/ros2_nodes/install/jiwy_controller/lib/jiwy_controller/jc_lighttracker" to ""
[15.330s] -- Up-to-date: /home/ram-user/ASDFR/src/ros2_nodes/install/jiwy_controller/lib/jiwy_controller/simplesub
[15.330s] -- Up-to-date: /home/ram-user/ASDFR/src/ros2_nodes/install/jiwy_controller/share/ament_index/resource_index/package_run_dependencies/jiwy_controller
[15.330s] -- Up-to-date: /home/ram-user/ASDFR/src/ros2_nodes/install/jiwy_controller/share/ament_index/resource_index/parent_prefix_path/jiwy_controller
[15.330s] -- Up-to-date: /home/ram-user/ASDFR/src/ros2_nodes/install/jiwy_controller/share/jiwy_controller/environment/ament_prefix_path.sh
[15.330s] -- Up-to-date: /home/ram-user/ASDFR/src/ros2_nodes/install/jiwy_controller/share/jiwy_controller/environment/ament_prefix_path.dsv
[15.331s] -- Up-to-date: /home/ram-user/ASDFR/src/ros2_nodes/install/jiwy_controller/share/jiwy_controller/environment/path.sh
[15.331s] -- Up-to-date: /home/ram-user/ASDFR/src/ros2_nodes/install/jiwy_controller/share/jiwy_controller/environment/path.dsv
[15.331s] -- Up-to-date: /home/ram-user/ASDFR/src/ros2_nodes/install/jiwy_controller/share/jiwy_controller/local_setup.bash
[15.331s] -- Up-to-date: /home/ram-user/ASDFR/src/ros2_nodes/install/jiwy_controller/share/jiwy_controller/local_setup.sh
[15.331s] -- Up-to-date: /home/ram-user/ASDFR/src/ros2_nodes/install/jiwy_controller/share/jiwy_controller/local_setup.zsh
[15.332s] -- Up-to-date: /home/ram-user/ASDFR/src/ros2_nodes/install/jiwy_controller/share/jiwy_controller/local_setup.dsv
[15.332s] -- Installing: /home/ram-user/ASDFR/src/ros2_nodes/install/jiwy_controller/share/jiwy_controller/package.dsv
[15.332s] -- Up-to-date: /home/ram-user/ASDFR/src/ros2_nodes/install/jiwy_controller/share/ament_index/resource_index/packages/jiwy_controller
[15.332s] -- Up-to-date: /home/ram-user/ASDFR/src/ros2_nodes/install/jiwy_controller/share/jiwy_controller/cmake/jiwy_controllerConfig.cmake
[15.332s] -- Up-to-date: /home/ram-user/ASDFR/src/ros2_nodes/install/jiwy_controller/share/jiwy_controller/cmake/jiwy_controllerConfig-version.cmake
[15.333s] -- Up-to-date: /home/ram-user/ASDFR/src/ros2_nodes/install/jiwy_controller/share/jiwy_controller/package.xml
[15.343s] Invoked command in '/home/ram-user/ASDFR/src/ros2_nodes/build/jiwy_controller' returned '0': CMAKE_PREFIX_PATH=/home/ram-user/ASDFR/src/ros2_nodes/install/asdfr_interfaces:/home/ram-user/ASDFR/src/ros2_nodes/install/jiwy_simulator:/home/ram-user/ASDFR/src/ros2_nodes/install/jiwy_controller:/home/ram-user/ASDFR/install/jiwy_simulator:/home/ram-user/ASDFR/install/jiwy_controller:/home/ram-user/ASDFR/install/image_processing:/home/ram-user/ASDFR/install/asdfr_interfaces:/opt/ros/humble /usr/bin/cmake --install /home/ram-user/ASDFR/src/ros2_nodes/build/jiwy_controller
