-- Found ament_cmake: 1.3.3 (/opt/ros/humble/share/ament_cmake/cmake)
-- Found rclcpp: 16.0.3 (/opt/ros/humble/share/rclcpp/cmake)
-- Found rosidl_generator_c: 3.1.4 (/opt/ros/humble/share/rosidl_generator_c/cmake)
-- Found rosidl_adapter: 3.1.4 (/opt/ros/humble/share/rosidl_adapter/cmake)
-- Found rosidl_generator_cpp: 3.1.4 (/opt/ros/humble/share/rosidl_generator_cpp/cmake)
-- Using all available rosidl_typesupport_c: rosidl_typesupport_fastrtps_c;rosidl_typesupport_introspection_c
-- Using all available rosidl_typesupport_cpp: rosidl_typesupport_fastrtps_cpp;rosidl_typesupport_introspection_cpp
-- Found rmw_implementation_cmake: 6.1.1 (/opt/ros/humble/share/rmw_implementation_cmake/cmake)
-- Found rmw_fastrtps_cpp: 6.2.2 (/opt/ros/humble/share/rmw_fastrtps_cpp/cmake)
-- Using RMW implementation 'rmw_fastrtps_cpp' as default
-- Found sensor_msgs: 4.2.3 (/opt/ros/humble/share/sensor_msgs/cmake)
-- Found asdfr_interfaces: 0.0.0 (/home/ram-user/ASDFR/src/ros2_nodes/install/asdfr_interfaces/share/asdfr_interfaces/cmake)
-- Found cv_bridge: 3.2.1 (/opt/ros/humble/share/cv_bridge/cmake)
-- Found ament_lint_auto: 0.12.5 (/opt/ros/humble/share/ament_lint_auto/cmake)
-- Added test 'cppcheck' to perform static code analysis on C / C++ code
-- Configured cppcheck include dirs: $<BUILD_INTERFACE:/home/ram-user/ASDFR/src/ros2_nodes/src/jiwy_controller/include>
-- Configured cppcheck exclude dirs and/or files: 
-- Added test 'lint_cmake' to check CMake code style
-- Added test 'uncrustify' to check C / C++ code style
-- Configured uncrustify additional arguments: 
-- Added test 'xmllint' to check XML markup files
-- Configuring done
-- Generating done
-- Build files have been written to: /home/ram-user/ASDFR/src/ros2_nodes/build/jiwy_controller
[35m[1mConsolidate compiler generated dependencies of target jiwy_controller[0m
[ 33%] [32mBuilding CXX object CMakeFiles/jc_lighttracker.dir/src/jc_light_tracker.cpp.o[0m
[ 33%] [32mBuilding CXX object CMakeFiles/jiwy_controller.dir/src/jiwy_controller.cpp.o[0m
[ 50%] [32m[1mLinking CXX executable jiwy_controller[0m
[ 50%] Built target jiwy_controller
[35m[1mConsolidate compiler generated dependencies of target simplesub[0m
[ 83%] Built target simplesub
[100%] [32m[1mLinking CXX executable jc_lighttracker[0m
[100%] Built target jc_lighttracker
-- Install configuration: ""
-- Installing: /home/ram-user/ASDFR/src/ros2_nodes/install/jiwy_controller/lib/jiwy_controller/jiwy_controller
-- Set runtime path of "/home/ram-user/ASDFR/src/ros2_nodes/install/jiwy_controller/lib/jiwy_controller/jiwy_controller" to ""
-- Installing: /home/ram-user/ASDFR/src/ros2_nodes/install/jiwy_controller/lib/jiwy_controller/jc_lighttracker
-- Set runtime path of "/home/ram-user/ASDFR/src/ros2_nodes/install/jiwy_controller/lib/jiwy_controller/jc_lighttracker" to ""
-- Up-to-date: /home/ram-user/ASDFR/src/ros2_nodes/install/jiwy_controller/lib/jiwy_controller/simplesub
-- Installing: /home/ram-user/ASDFR/src/ros2_nodes/install/jiwy_controller/share/ament_index/resource_index/package_run_dependencies/jiwy_controller
-- Installing: /home/ram-user/ASDFR/src/ros2_nodes/install/jiwy_controller/share/ament_index/resource_index/parent_prefix_path/jiwy_controller
-- Up-to-date: /home/ram-user/ASDFR/src/ros2_nodes/install/jiwy_controller/share/jiwy_controller/environment/ament_prefix_path.sh
-- Installing: /home/ram-user/ASDFR/src/ros2_nodes/install/jiwy_controller/share/jiwy_controller/environment/ament_prefix_path.dsv
-- Up-to-date: /home/ram-user/ASDFR/src/ros2_nodes/install/jiwy_controller/share/jiwy_controller/environment/path.sh
-- Installing: /home/ram-user/ASDFR/src/ros2_nodes/install/jiwy_controller/share/jiwy_controller/environment/path.dsv
-- Up-to-date: /home/ram-user/ASDFR/src/ros2_nodes/install/jiwy_controller/share/jiwy_controller/local_setup.bash
-- Up-to-date: /home/ram-user/ASDFR/src/ros2_nodes/install/jiwy_controller/share/jiwy_controller/local_setup.sh
-- Up-to-date: /home/ram-user/ASDFR/src/ros2_nodes/install/jiwy_controller/share/jiwy_controller/local_setup.zsh
-- Installing: /home/ram-user/ASDFR/src/ros2_nodes/install/jiwy_controller/share/jiwy_controller/local_setup.dsv
-- Installing: /home/ram-user/ASDFR/src/ros2_nodes/install/jiwy_controller/share/jiwy_controller/package.dsv
-- Up-to-date: /home/ram-user/ASDFR/src/ros2_nodes/install/jiwy_controller/share/ament_index/resource_index/packages/jiwy_controller
-- Up-to-date: /home/ram-user/ASDFR/src/ros2_nodes/install/jiwy_controller/share/jiwy_controller/cmake/jiwy_controllerConfig.cmake
-- Up-to-date: /home/ram-user/ASDFR/src/ros2_nodes/install/jiwy_controller/share/jiwy_controller/cmake/jiwy_controllerConfig-version.cmake
-- Installing: /home/ram-user/ASDFR/src/ros2_nodes/install/jiwy_controller/share/jiwy_controller/package.xml
