[0.016s] Invoking command in '/home/ram-user/ASDFR/src/build/asdfr_interfaces': CMAKE_PREFIX_PATH=${CMAKE_PREFIX_PATH}:/opt/ros/humble /usr/bin/cmake --build /home/ram-user/ASDFR/src/build/asdfr_interfaces -- -j2 -l2
[0.228s] [  3%] Built target asdfr_interfaces__cpp
[0.290s] [ 12%] Built target asdfr_interfaces__rosidl_generator_c
[0.401s] [ 12%] Built target ament_cmake_python_copy_asdfr_interfaces
[0.467s] [ 22%] Built target asdfr_interfaces__rosidl_typesupport_cpp
[0.566s] [ 32%] Built target asdfr_interfaces__rosidl_typesupport_fastrtps_c
[0.645s] [ 41%] Built target asdfr_interfaces__rosidl_typesupport_introspection_c
[0.720s] [ 51%] Built target asdfr_interfaces__rosidl_typesupport_c
[0.764s] [ 61%] Built target asdfr_interfaces__rosidl_typesupport_fastrtps_cpp
[0.805s] [ 70%] Built target asdfr_interfaces__rosidl_typesupport_introspection_cpp
[1.389s] running egg_info
[1.391s] writing asdfr_interfaces.egg-info/PKG-INFO
[1.392s] writing dependency_links to asdfr_interfaces.egg-info/dependency_links.txt
[1.393s] writing top-level names to asdfr_interfaces.egg-info/top_level.txt
[1.396s] reading manifest file 'asdfr_interfaces.egg-info/SOURCES.txt'
[1.397s] writing manifest file 'asdfr_interfaces.egg-info/SOURCES.txt'
[1.427s] [ 70%] Built target ament_cmake_python_build_asdfr_interfaces_egg
[1.449s] [ 70%] Built target asdfr_interfaces
[1.470s] [ 74%] Built target asdfr_interfaces__py
[1.519s] [ 80%] Built target asdfr_interfaces__rosidl_generator_py
[1.550s] [ 87%] Built target asdfr_interfaces__rosidl_typesupport_fastrtps_c__pyext
[1.582s] [ 93%] Built target asdfr_interfaces__rosidl_typesupport_introspection_c__pyext
[1.621s] [100%] Built target asdfr_interfaces__rosidl_typesupport_c__pyext
[1.644s] Invoked command in '/home/ram-user/ASDFR/src/build/asdfr_interfaces' returned '0': CMAKE_PREFIX_PATH=${CMAKE_PREFIX_PATH}:/opt/ros/humble /usr/bin/cmake --build /home/ram-user/ASDFR/src/build/asdfr_interfaces -- -j2 -l2
[1.713s] Invoking command in '/home/ram-user/ASDFR/src/build/asdfr_interfaces': CMAKE_PREFIX_PATH=${CMAKE_PREFIX_PATH}:/opt/ros/humble /usr/bin/cmake --install /home/ram-user/ASDFR/src/build/asdfr_interfaces
[1.723s] -- Install configuration: ""
[1.724s] -- Up-to-date: /home/ram-user/ASDFR/src/install/asdfr_interfaces/share/ament_index/resource_index/rosidl_interfaces/asdfr_interfaces
[1.725s] -- Up-to-date: /home/ram-user/ASDFR/src/install/asdfr_interfaces/include/asdfr_interfaces/asdfr_interfaces
[1.726s] -- Up-to-date: /home/ram-user/ASDFR/src/install/asdfr_interfaces/include/asdfr_interfaces/asdfr_interfaces/msg
[1.726s] -- Up-to-date: /home/ram-user/ASDFR/src/install/asdfr_interfaces/include/asdfr_interfaces/asdfr_interfaces/msg/detail
[1.727s] -- Up-to-date: /home/ram-user/ASDFR/src/install/asdfr_interfaces/include/asdfr_interfaces/asdfr_interfaces/msg/detail/point2__functions.c
[1.728s] -- Up-to-date: /home/ram-user/ASDFR/src/install/asdfr_interfaces/include/asdfr_interfaces/asdfr_interfaces/msg/detail/point2__struct.h
[1.729s] -- Up-to-date: /home/ram-user/ASDFR/src/install/asdfr_interfaces/include/asdfr_interfaces/asdfr_interfaces/msg/detail/point2__functions.h
[1.729s] -- Up-to-date: /home/ram-user/ASDFR/src/install/asdfr_interfaces/include/asdfr_interfaces/asdfr_interfaces/msg/detail/point2__type_support.h
[1.730s] -- Up-to-date: /home/ram-user/ASDFR/src/install/asdfr_interfaces/include/asdfr_interfaces/asdfr_interfaces/msg/rosidl_generator_c__visibility_control.h
[1.730s] -- Up-to-date: /home/ram-user/ASDFR/src/install/asdfr_interfaces/include/asdfr_interfaces/asdfr_interfaces/msg/point2.h
[1.731s] -- Up-to-date: /home/ram-user/ASDFR/src/install/asdfr_interfaces/share/asdfr_interfaces/environment/library_path.sh
[1.732s] -- Up-to-date: /home/ram-user/ASDFR/src/install/asdfr_interfaces/share/asdfr_interfaces/environment/library_path.dsv
[1.737s] -- Up-to-date: /home/ram-user/ASDFR/src/install/asdfr_interfaces/lib/libasdfr_interfaces__rosidl_generator_c.so
[1.738s] -- Up-to-date: /home/ram-user/ASDFR/src/install/asdfr_interfaces/include/asdfr_interfaces/asdfr_interfaces
[1.738s] -- Up-to-date: /home/ram-user/ASDFR/src/install/asdfr_interfaces/include/asdfr_interfaces/asdfr_interfaces/msg
[1.738s] -- Up-to-date: /home/ram-user/ASDFR/src/install/asdfr_interfaces/include/asdfr_interfaces/asdfr_interfaces/msg/rosidl_typesupport_fastrtps_c__visibility_control.h
[1.739s] -- Up-to-date: /home/ram-user/ASDFR/src/install/asdfr_interfaces/include/asdfr_interfaces/asdfr_interfaces/msg/detail
[1.739s] -- Up-to-date: /home/ram-user/ASDFR/src/install/asdfr_interfaces/include/asdfr_interfaces/asdfr_interfaces/msg/detail/point2__rosidl_typesupport_fastrtps_c.h
[1.739s] -- Up-to-date: /home/ram-user/ASDFR/src/install/asdfr_interfaces/lib/libasdfr_interfaces__rosidl_typesupport_fastrtps_c.so
[1.740s] -- Up-to-date: /home/ram-user/ASDFR/src/install/asdfr_interfaces/include/asdfr_interfaces/asdfr_interfaces
[1.743s] -- Up-to-date: /home/ram-user/ASDFR/src/install/asdfr_interfaces/include/asdfr_interfaces/asdfr_interfaces/msg
[1.743s] -- Up-to-date: /home/ram-user/ASDFR/src/install/asdfr_interfaces/include/asdfr_interfaces/asdfr_interfaces/msg/rosidl_typesupport_introspection_c__visibility_control.h
[1.744s] -- Up-to-date: /home/ram-user/ASDFR/src/install/asdfr_interfaces/include/asdfr_interfaces/asdfr_interfaces/msg/detail
[1.744s] -- Up-to-date: /home/ram-user/ASDFR/src/install/asdfr_interfaces/include/asdfr_interfaces/asdfr_interfaces/msg/detail/point2__rosidl_typesupport_introspection_c.h
[1.744s] -- Up-to-date: /home/ram-user/ASDFR/src/install/asdfr_interfaces/include/asdfr_interfaces/asdfr_interfaces/msg/detail/point2__type_support.c
[1.744s] -- Up-to-date: /home/ram-user/ASDFR/src/install/asdfr_interfaces/lib/libasdfr_interfaces__rosidl_typesupport_introspection_c.so
[1.745s] -- Up-to-date: /home/ram-user/ASDFR/src/install/asdfr_interfaces/lib/libasdfr_interfaces__rosidl_typesupport_c.so
[1.745s] -- Up-to-date: /home/ram-user/ASDFR/src/install/asdfr_interfaces/include/asdfr_interfaces/asdfr_interfaces
[1.745s] -- Up-to-date: /home/ram-user/ASDFR/src/install/asdfr_interfaces/include/asdfr_interfaces/asdfr_interfaces/msg
[1.746s] -- Up-to-date: /home/ram-user/ASDFR/src/install/asdfr_interfaces/include/asdfr_interfaces/asdfr_interfaces/msg/point2.hpp
[1.749s] -- Up-to-date: /home/ram-user/ASDFR/src/install/asdfr_interfaces/include/asdfr_interfaces/asdfr_interfaces/msg/detail
[1.749s] -- Up-to-date: /home/ram-user/ASDFR/src/install/asdfr_interfaces/include/asdfr_interfaces/asdfr_interfaces/msg/detail/point2__traits.hpp
[1.749s] -- Up-to-date: /home/ram-user/ASDFR/src/install/asdfr_interfaces/include/asdfr_interfaces/asdfr_interfaces/msg/detail/point2__builder.hpp
[1.750s] -- Up-to-date: /home/ram-user/ASDFR/src/install/asdfr_interfaces/include/asdfr_interfaces/asdfr_interfaces/msg/detail/point2__struct.hpp
[1.750s] -- Up-to-date: /home/ram-user/ASDFR/src/install/asdfr_interfaces/include/asdfr_interfaces/asdfr_interfaces
[1.753s] -- Up-to-date: /home/ram-user/ASDFR/src/install/asdfr_interfaces/include/asdfr_interfaces/asdfr_interfaces/msg
[1.753s] -- Up-to-date: /home/ram-user/ASDFR/src/install/asdfr_interfaces/include/asdfr_interfaces/asdfr_interfaces/msg/detail
[1.753s] -- Up-to-date: /home/ram-user/ASDFR/src/install/asdfr_interfaces/include/asdfr_interfaces/asdfr_interfaces/msg/detail/point2__rosidl_typesupport_fastrtps_cpp.hpp
[1.754s] -- Up-to-date: /home/ram-user/ASDFR/src/install/asdfr_interfaces/include/asdfr_interfaces/asdfr_interfaces/msg/detail/dds_fastrtps
[1.754s] -- Up-to-date: /home/ram-user/ASDFR/src/install/asdfr_interfaces/include/asdfr_interfaces/asdfr_interfaces/msg/rosidl_typesupport_fastrtps_cpp__visibility_control.h
[1.754s] -- Up-to-date: /home/ram-user/ASDFR/src/install/asdfr_interfaces/lib/libasdfr_interfaces__rosidl_typesupport_fastrtps_cpp.so
[1.754s] -- Up-to-date: /home/ram-user/ASDFR/src/install/asdfr_interfaces/include/asdfr_interfaces/asdfr_interfaces
[1.755s] -- Up-to-date: /home/ram-user/ASDFR/src/install/asdfr_interfaces/include/asdfr_interfaces/asdfr_interfaces/msg
[1.755s] -- Up-to-date: /home/ram-user/ASDFR/src/install/asdfr_interfaces/include/asdfr_interfaces/asdfr_interfaces/msg/detail
[1.755s] -- Up-to-date: /home/ram-user/ASDFR/src/install/asdfr_interfaces/include/asdfr_interfaces/asdfr_interfaces/msg/detail/point2__rosidl_typesupport_introspection_cpp.hpp
[1.755s] -- Up-to-date: /home/ram-user/ASDFR/src/install/asdfr_interfaces/include/asdfr_interfaces/asdfr_interfaces/msg/detail/point2__type_support.cpp
[1.756s] -- Up-to-date: /home/ram-user/ASDFR/src/install/asdfr_interfaces/lib/libasdfr_interfaces__rosidl_typesupport_introspection_cpp.so
[1.756s] -- Up-to-date: /home/ram-user/ASDFR/src/install/asdfr_interfaces/lib/libasdfr_interfaces__rosidl_typesupport_cpp.so
[1.757s] -- Up-to-date: /home/ram-user/ASDFR/src/install/asdfr_interfaces/share/asdfr_interfaces/environment/pythonpath.sh
[1.757s] -- Up-to-date: /home/ram-user/ASDFR/src/install/asdfr_interfaces/share/asdfr_interfaces/environment/pythonpath.dsv
[1.757s] -- Up-to-date: /home/ram-user/ASDFR/src/install/asdfr_interfaces/local/lib/python3.10/dist-packages/asdfr_interfaces-0.0.0-py3.10.egg-info
[1.757s] -- Installing: /home/ram-user/ASDFR/src/install/asdfr_interfaces/local/lib/python3.10/dist-packages/asdfr_interfaces-0.0.0-py3.10.egg-info/dependency_links.txt
[1.764s] -- Installing: /home/ram-user/ASDFR/src/install/asdfr_interfaces/local/lib/python3.10/dist-packages/asdfr_interfaces-0.0.0-py3.10.egg-info/top_level.txt
[1.765s] -- Installing: /home/ram-user/ASDFR/src/install/asdfr_interfaces/local/lib/python3.10/dist-packages/asdfr_interfaces-0.0.0-py3.10.egg-info/PKG-INFO
[1.765s] -- Installing: /home/ram-user/ASDFR/src/install/asdfr_interfaces/local/lib/python3.10/dist-packages/asdfr_interfaces-0.0.0-py3.10.egg-info/SOURCES.txt
[1.766s] -- Up-to-date: /home/ram-user/ASDFR/src/install/asdfr_interfaces/local/lib/python3.10/dist-packages/asdfr_interfaces
[1.766s] -- Up-to-date: /home/ram-user/ASDFR/src/install/asdfr_interfaces/local/lib/python3.10/dist-packages/asdfr_interfaces/__init__.py
[1.766s] -- Up-to-date: /home/ram-user/ASDFR/src/install/asdfr_interfaces/local/lib/python3.10/dist-packages/asdfr_interfaces/_asdfr_interfaces_s.ep.rosidl_typesupport_fastrtps_c.c
[1.766s] -- Up-to-date: /home/ram-user/ASDFR/src/install/asdfr_interfaces/local/lib/python3.10/dist-packages/asdfr_interfaces/asdfr_interfaces_s__rosidl_typesupport_introspection_c.cpython-310-x86_64-linux-gnu.so
[1.766s] -- Up-to-date: /home/ram-user/ASDFR/src/install/asdfr_interfaces/local/lib/python3.10/dist-packages/asdfr_interfaces/libasdfr_interfaces__rosidl_generator_py.so
[1.767s] -- Up-to-date: /home/ram-user/ASDFR/src/install/asdfr_interfaces/local/lib/python3.10/dist-packages/asdfr_interfaces/asdfr_interfaces_s__rosidl_typesupport_c.cpython-310-x86_64-linux-gnu.so
[1.767s] -- Up-to-date: /home/ram-user/ASDFR/src/install/asdfr_interfaces/local/lib/python3.10/dist-packages/asdfr_interfaces/_asdfr_interfaces_s.ep.rosidl_typesupport_introspection_c.c
[1.767s] -- Up-to-date: /home/ram-user/ASDFR/src/install/asdfr_interfaces/local/lib/python3.10/dist-packages/asdfr_interfaces/_asdfr_interfaces_s.ep.rosidl_typesupport_c.c
[1.767s] -- Up-to-date: /home/ram-user/ASDFR/src/install/asdfr_interfaces/local/lib/python3.10/dist-packages/asdfr_interfaces/msg
[1.768s] -- Up-to-date: /home/ram-user/ASDFR/src/install/asdfr_interfaces/local/lib/python3.10/dist-packages/asdfr_interfaces/msg/__init__.py
[1.768s] -- Up-to-date: /home/ram-user/ASDFR/src/install/asdfr_interfaces/local/lib/python3.10/dist-packages/asdfr_interfaces/msg/_point2.py
[1.768s] -- Up-to-date: /home/ram-user/ASDFR/src/install/asdfr_interfaces/local/lib/python3.10/dist-packages/asdfr_interfaces/msg/_point2_s.c
[1.768s] -- Up-to-date: /home/ram-user/ASDFR/src/install/asdfr_interfaces/local/lib/python3.10/dist-packages/asdfr_interfaces/asdfr_interfaces_s__rosidl_typesupport_fastrtps_c.cpython-310-x86_64-linux-gnu.so
[1.835s] Listing '/home/ram-user/ASDFR/src/install/asdfr_interfaces/local/lib/python3.10/dist-packages/asdfr_interfaces'...
[1.835s] Listing '/home/ram-user/ASDFR/src/install/asdfr_interfaces/local/lib/python3.10/dist-packages/asdfr_interfaces/msg'...
[1.842s] -- Up-to-date: /home/ram-user/ASDFR/src/install/asdfr_interfaces/local/lib/python3.10/dist-packages/asdfr_interfaces/asdfr_interfaces_s__rosidl_typesupport_fastrtps_c.cpython-310-x86_64-linux-gnu.so
[1.842s] -- Up-to-date: /home/ram-user/ASDFR/src/install/asdfr_interfaces/local/lib/python3.10/dist-packages/asdfr_interfaces/asdfr_interfaces_s__rosidl_typesupport_introspection_c.cpython-310-x86_64-linux-gnu.so
[1.843s] -- Up-to-date: /home/ram-user/ASDFR/src/install/asdfr_interfaces/local/lib/python3.10/dist-packages/asdfr_interfaces/asdfr_interfaces_s__rosidl_typesupport_c.cpython-310-x86_64-linux-gnu.so
[1.843s] -- Up-to-date: /home/ram-user/ASDFR/src/install/asdfr_interfaces/lib/libasdfr_interfaces__rosidl_generator_py.so
[1.848s] -- Up-to-date: /home/ram-user/ASDFR/src/install/asdfr_interfaces/share/asdfr_interfaces/msg/Point2.idl
[1.848s] -- Up-to-date: /home/ram-user/ASDFR/src/install/asdfr_interfaces/share/asdfr_interfaces/msg/Point2.msg
[1.849s] -- Up-to-date: /home/ram-user/ASDFR/src/install/asdfr_interfaces/share/ament_index/resource_index/package_run_dependencies/asdfr_interfaces
[1.850s] -- Up-to-date: /home/ram-user/ASDFR/src/install/asdfr_interfaces/share/ament_index/resource_index/parent_prefix_path/asdfr_interfaces
[1.850s] -- Up-to-date: /home/ram-user/ASDFR/src/install/asdfr_interfaces/share/asdfr_interfaces/environment/ament_prefix_path.sh
[1.851s] -- Up-to-date: /home/ram-user/ASDFR/src/install/asdfr_interfaces/share/asdfr_interfaces/environment/ament_prefix_path.dsv
[1.851s] -- Up-to-date: /home/ram-user/ASDFR/src/install/asdfr_interfaces/share/asdfr_interfaces/environment/path.sh
[1.852s] -- Up-to-date: /home/ram-user/ASDFR/src/install/asdfr_interfaces/share/asdfr_interfaces/environment/path.dsv
[1.852s] -- Up-to-date: /home/ram-user/ASDFR/src/install/asdfr_interfaces/share/asdfr_interfaces/local_setup.bash
[1.853s] -- Up-to-date: /home/ram-user/ASDFR/src/install/asdfr_interfaces/share/asdfr_interfaces/local_setup.sh
[1.854s] -- Up-to-date: /home/ram-user/ASDFR/src/install/asdfr_interfaces/share/asdfr_interfaces/local_setup.zsh
[1.854s] -- Up-to-date: /home/ram-user/ASDFR/src/install/asdfr_interfaces/share/asdfr_interfaces/local_setup.dsv
[1.855s] -- Installing: /home/ram-user/ASDFR/src/install/asdfr_interfaces/share/asdfr_interfaces/package.dsv
[1.855s] -- Up-to-date: /home/ram-user/ASDFR/src/install/asdfr_interfaces/share/ament_index/resource_index/packages/asdfr_interfaces
[1.855s] -- Up-to-date: /home/ram-user/ASDFR/src/install/asdfr_interfaces/share/asdfr_interfaces/cmake/export_asdfr_interfaces__rosidl_generator_cExport.cmake
[1.855s] -- Up-to-date: /home/ram-user/ASDFR/src/install/asdfr_interfaces/share/asdfr_interfaces/cmake/export_asdfr_interfaces__rosidl_generator_cExport-noconfig.cmake
[1.855s] -- Up-to-date: /home/ram-user/ASDFR/src/install/asdfr_interfaces/share/asdfr_interfaces/cmake/export_asdfr_interfaces__rosidl_typesupport_fastrtps_cExport.cmake
[1.857s] -- Up-to-date: /home/ram-user/ASDFR/src/install/asdfr_interfaces/share/asdfr_interfaces/cmake/export_asdfr_interfaces__rosidl_typesupport_fastrtps_cExport-noconfig.cmake
[1.857s] -- Up-to-date: /home/ram-user/ASDFR/src/install/asdfr_interfaces/share/asdfr_interfaces/cmake/asdfr_interfaces__rosidl_typesupport_introspection_cExport.cmake
[1.857s] -- Up-to-date: /home/ram-user/ASDFR/src/install/asdfr_interfaces/share/asdfr_interfaces/cmake/asdfr_interfaces__rosidl_typesupport_introspection_cExport-noconfig.cmake
[1.857s] -- Up-to-date: /home/ram-user/ASDFR/src/install/asdfr_interfaces/share/asdfr_interfaces/cmake/asdfr_interfaces__rosidl_typesupport_cExport.cmake
[1.857s] -- Up-to-date: /home/ram-user/ASDFR/src/install/asdfr_interfaces/share/asdfr_interfaces/cmake/asdfr_interfaces__rosidl_typesupport_cExport-noconfig.cmake
[1.857s] -- Up-to-date: /home/ram-user/ASDFR/src/install/asdfr_interfaces/share/asdfr_interfaces/cmake/export_asdfr_interfaces__rosidl_generator_cppExport.cmake
[1.857s] -- Up-to-date: /home/ram-user/ASDFR/src/install/asdfr_interfaces/share/asdfr_interfaces/cmake/export_asdfr_interfaces__rosidl_typesupport_fastrtps_cppExport.cmake
[1.858s] -- Up-to-date: /home/ram-user/ASDFR/src/install/asdfr_interfaces/share/asdfr_interfaces/cmake/export_asdfr_interfaces__rosidl_typesupport_fastrtps_cppExport-noconfig.cmake
[1.858s] -- Up-to-date: /home/ram-user/ASDFR/src/install/asdfr_interfaces/share/asdfr_interfaces/cmake/asdfr_interfaces__rosidl_typesupport_introspection_cppExport.cmake
[1.858s] -- Up-to-date: /home/ram-user/ASDFR/src/install/asdfr_interfaces/share/asdfr_interfaces/cmake/asdfr_interfaces__rosidl_typesupport_introspection_cppExport-noconfig.cmake
[1.858s] -- Up-to-date: /home/ram-user/ASDFR/src/install/asdfr_interfaces/share/asdfr_interfaces/cmake/asdfr_interfaces__rosidl_typesupport_cppExport.cmake
[1.858s] -- Up-to-date: /home/ram-user/ASDFR/src/install/asdfr_interfaces/share/asdfr_interfaces/cmake/asdfr_interfaces__rosidl_typesupport_cppExport-noconfig.cmake
[1.858s] -- Up-to-date: /home/ram-user/ASDFR/src/install/asdfr_interfaces/share/asdfr_interfaces/cmake/export_asdfr_interfaces__rosidl_generator_pyExport.cmake
[1.858s] -- Up-to-date: /home/ram-user/ASDFR/src/install/asdfr_interfaces/share/asdfr_interfaces/cmake/export_asdfr_interfaces__rosidl_generator_pyExport-noconfig.cmake
[1.858s] -- Up-to-date: /home/ram-user/ASDFR/src/install/asdfr_interfaces/share/asdfr_interfaces/cmake/rosidl_cmake-extras.cmake
[1.858s] -- Up-to-date: /home/ram-user/ASDFR/src/install/asdfr_interfaces/share/asdfr_interfaces/cmake/ament_cmake_export_include_directories-extras.cmake
[1.858s] -- Up-to-date: /home/ram-user/ASDFR/src/install/asdfr_interfaces/share/asdfr_interfaces/cmake/ament_cmake_export_libraries-extras.cmake
[1.858s] -- Up-to-date: /home/ram-user/ASDFR/src/install/asdfr_interfaces/share/asdfr_interfaces/cmake/ament_cmake_export_targets-extras.cmake
[1.858s] -- Up-to-date: /home/ram-user/ASDFR/src/install/asdfr_interfaces/share/asdfr_interfaces/cmake/rosidl_cmake_export_typesupport_targets-extras.cmake
[1.858s] -- Up-to-date: /home/ram-user/ASDFR/src/install/asdfr_interfaces/share/asdfr_interfaces/cmake/ament_cmake_export_dependencies-extras.cmake
[1.858s] -- Up-to-date: /home/ram-user/ASDFR/src/install/asdfr_interfaces/share/asdfr_interfaces/cmake/rosidl_cmake_export_typesupport_libraries-extras.cmake
[1.858s] -- Up-to-date: /home/ram-user/ASDFR/src/install/asdfr_interfaces/share/asdfr_interfaces/cmake/asdfr_interfacesConfig.cmake
[1.858s] -- Up-to-date: /home/ram-user/ASDFR/src/install/asdfr_interfaces/share/asdfr_interfaces/cmake/asdfr_interfacesConfig-version.cmake
[1.859s] -- Up-to-date: /home/ram-user/ASDFR/src/install/asdfr_interfaces/share/asdfr_interfaces/package.xml
[1.877s] Invoked command in '/home/ram-user/ASDFR/src/build/asdfr_interfaces' returned '0': CMAKE_PREFIX_PATH=${CMAKE_PREFIX_PATH}:/opt/ros/humble /usr/bin/cmake --install /home/ram-user/ASDFR/src/build/asdfr_interfaces
