[0.056s] Invoking command in '/home/ram-user/ASDFR/src/build/image_processing': CMAKE_PREFIX_PATH=/opt/ros/humble /usr/bin/cmake --build /home/ram-user/ASDFR/src/build/image_processing -- -j2 -l2
[0.290s] [35m[1mConsolidate compiler generated dependencies of target brightness_check[0m
[0.312s] [ 20%] Built target brightness_check
[0.387s] [35m[1mConsolidate compiler generated dependencies of target grayscaler[0m
[0.435s] [ 40%] Built target grayscaler
[0.465s] [35m[1mConsolidate compiler generated dependencies of target brightmask[0m
[0.507s] [ 60%] Built target brightmask
[0.536s] [35m[1mConsolidate compiler generated dependencies of target light_tracker[0m
[0.562s] [ 80%] Built target light_tracker
[0.583s] [35m[1mConsolidate compiler generated dependencies of target SimpleSub[0m
[0.635s] [100%] Built target SimpleSub
[0.657s] Invoked command in '/home/ram-user/ASDFR/src/build/image_processing' returned '0': CMAKE_PREFIX_PATH=/opt/ros/humble /usr/bin/cmake --build /home/ram-user/ASDFR/src/build/image_processing -- -j2 -l2
[0.718s] Invoking command in '/home/ram-user/ASDFR/src/build/image_processing': CMAKE_PREFIX_PATH=/opt/ros/humble /usr/bin/cmake --install /home/ram-user/ASDFR/src/build/image_processing
[0.728s] -- Install configuration: ""
[0.729s] -- Up-to-date: /home/ram-user/ASDFR/src/install/image_processing/lib/image_processing/brightness_check
[0.729s] -- Up-to-date: /home/ram-user/ASDFR/src/install/image_processing/lib/image_processing/grayscaler
[0.730s] -- Up-to-date: /home/ram-user/ASDFR/src/install/image_processing/lib/image_processing/brightmask
[0.731s] -- Up-to-date: /home/ram-user/ASDFR/src/install/image_processing/lib/image_processing/light_tracker
[0.731s] -- Up-to-date: /home/ram-user/ASDFR/src/install/image_processing/lib/image_processing/SimpleSub
[0.731s] -- Up-to-date: /home/ram-user/ASDFR/src/install/image_processing/share/ament_index/resource_index/package_run_dependencies/image_processing
[0.731s] -- Up-to-date: /home/ram-user/ASDFR/src/install/image_processing/share/ament_index/resource_index/parent_prefix_path/image_processing
[0.731s] -- Up-to-date: /home/ram-user/ASDFR/src/install/image_processing/share/image_processing/environment/ament_prefix_path.sh
[0.731s] -- Up-to-date: /home/ram-user/ASDFR/src/install/image_processing/share/image_processing/environment/ament_prefix_path.dsv
[0.731s] -- Up-to-date: /home/ram-user/ASDFR/src/install/image_processing/share/image_processing/environment/path.sh
[0.731s] -- Up-to-date: /home/ram-user/ASDFR/src/install/image_processing/share/image_processing/environment/path.dsv
[0.731s] -- Up-to-date: /home/ram-user/ASDFR/src/install/image_processing/share/image_processing/local_setup.bash
[0.731s] -- Up-to-date: /home/ram-user/ASDFR/src/install/image_processing/share/image_processing/local_setup.sh
[0.731s] -- Up-to-date: /home/ram-user/ASDFR/src/install/image_processing/share/image_processing/local_setup.zsh
[0.731s] -- Up-to-date: /home/ram-user/ASDFR/src/install/image_processing/share/image_processing/local_setup.dsv
[0.732s] -- Installing: /home/ram-user/ASDFR/src/install/image_processing/share/image_processing/package.dsv
[0.732s] -- Up-to-date: /home/ram-user/ASDFR/src/install/image_processing/share/ament_index/resource_index/packages/image_processing
[0.732s] -- Up-to-date: /home/ram-user/ASDFR/src/install/image_processing/share/image_processing/cmake/image_processingConfig.cmake
[0.732s] -- Up-to-date: /home/ram-user/ASDFR/src/install/image_processing/share/image_processing/cmake/image_processingConfig-version.cmake
[0.732s] -- Up-to-date: /home/ram-user/ASDFR/src/install/image_processing/share/image_processing/package.xml
[0.739s] Invoked command in '/home/ram-user/ASDFR/src/build/image_processing' returned '0': CMAKE_PREFIX_PATH=/opt/ros/humble /usr/bin/cmake --install /home/ram-user/ASDFR/src/build/image_processing
