[2.753s] DEBUG:colcon:Command line arguments: ['/usr/bin/colcon', 'build']
[2.753s] DEBUG:colcon:Parsed command line arguments: Namespace(log_base=None, log_level=None, verb_name='build', build_base='build', install_base='install', merge_install=False, symlink_install=False, test_result_base=None, continue_on_error=False, executor='parallel', parallel_workers=2, event_handlers=None, ignore_user_meta=False, metas=['./colcon.meta'], base_paths=['.'], packages_ignore=None, packages_ignore_regex=None, paths=None, packages_up_to=None, packages_up_to_regex=None, packages_above=None, packages_above_and_dependencies=None, packages_above_depth=None, packages_select_by_dep=None, packages_skip_by_dep=None, packages_skip_up_to=None, packages_select_build_failed=False, packages_skip_build_finished=False, packages_select_test_failures=False, packages_skip_test_passed=False, packages_select=None, packages_skip=None, packages_select_regex=None, packages_skip_regex=None, packages_start=None, packages_end=None, allow_overriding=[], cmake_args=None, cmake_target=None, cmake_target_skip_unavailable=False, cmake_clean_cache=False, cmake_clean_first=False, cmake_force_configure=False, ament_cmake_args=None, catkin_cmake_args=None, catkin_skip_building_tests=False, verb_parser=<colcon_defaults.argument_parser.defaults.DefaultArgumentsDecorator object at 0x7f7fb052f3a0>, verb_extension=<colcon_core.verb.build.BuildVerb object at 0x7f7fb0e2b520>, main=<bound method BuildVerb.main of <colcon_core.verb.build.BuildVerb object at 0x7f7fb0e2b520>>)
[3.302s] Level 1:colcon.colcon_core.package_discovery:discover_packages(colcon_meta) check parameters
[3.302s] Level 1:colcon.colcon_core.package_discovery:discover_packages(recursive) check parameters
[3.303s] Level 1:colcon.colcon_core.package_discovery:discover_packages(ignore) check parameters
[3.303s] Level 1:colcon.colcon_core.package_discovery:discover_packages(path) check parameters
[3.303s] Level 1:colcon.colcon_core.package_discovery:discover_packages(colcon_meta) discover
[3.303s] Level 1:colcon.colcon_core.package_discovery:discover_packages(recursive) discover
[3.303s] INFO:colcon.colcon_core.package_discovery:Crawling recursively for packages in '/home/ram-user/ASDFR'
[3.303s] Level 1:colcon.colcon_core.package_identification:_identify(.) by extensions ['ignore', 'ignore_ament_install']
[3.304s] Level 1:colcon.colcon_core.package_identification:_identify(.) by extension 'ignore'
[3.304s] Level 1:colcon.colcon_core.package_identification:_identify(.) by extension 'ignore_ament_install'
[3.304s] Level 1:colcon.colcon_core.package_identification:_identify(.) by extensions ['colcon_pkg']
[3.304s] Level 1:colcon.colcon_core.package_identification:_identify(.) by extension 'colcon_pkg'
[3.304s] Level 1:colcon.colcon_core.package_identification:_identify(.) by extensions ['colcon_meta']
[3.305s] Level 1:colcon.colcon_core.package_identification:_identify(.) by extension 'colcon_meta'
[3.305s] Level 1:colcon.colcon_core.package_identification:_identify(.) by extensions ['ros']
[3.305s] Level 1:colcon.colcon_core.package_identification:_identify(.) by extension 'ros'
[3.325s] Level 1:colcon.colcon_core.package_identification:_identify(.) by extensions ['cmake', 'python']
[3.325s] Level 1:colcon.colcon_core.package_identification:_identify(.) by extension 'cmake'
[3.325s] Level 1:colcon.colcon_core.package_identification:_identify(.) by extension 'python'
[3.325s] Level 1:colcon.colcon_core.package_identification:_identify(.) by extensions ['python_setup_py']
[3.325s] Level 1:colcon.colcon_core.package_identification:_identify(.) by extension 'python_setup_py'
[3.325s] Level 1:colcon.colcon_core.package_identification:_identify(build) by extensions ['ignore', 'ignore_ament_install']
[3.325s] Level 1:colcon.colcon_core.package_identification:_identify(build) by extension 'ignore'
[3.326s] Level 1:colcon.colcon_core.package_identification:_identify(build) ignored
[3.326s] Level 1:colcon.colcon_core.package_identification:_identify(install) by extensions ['ignore', 'ignore_ament_install']
[3.326s] Level 1:colcon.colcon_core.package_identification:_identify(install) by extension 'ignore'
[3.326s] Level 1:colcon.colcon_core.package_identification:_identify(install) ignored
[3.326s] Level 1:colcon.colcon_core.package_identification:_identify(log) by extensions ['ignore', 'ignore_ament_install']
[3.326s] Level 1:colcon.colcon_core.package_identification:_identify(log) by extension 'ignore'
[3.326s] Level 1:colcon.colcon_core.package_identification:_identify(log) ignored
[3.326s] Level 1:colcon.colcon_core.package_identification:_identify(src) by extensions ['ignore', 'ignore_ament_install']
[3.326s] Level 1:colcon.colcon_core.package_identification:_identify(src) by extension 'ignore'
[3.326s] Level 1:colcon.colcon_core.package_identification:_identify(src) by extension 'ignore_ament_install'
[3.327s] Level 1:colcon.colcon_core.package_identification:_identify(src) by extensions ['colcon_pkg']
[3.327s] Level 1:colcon.colcon_core.package_identification:_identify(src) by extension 'colcon_pkg'
[3.327s] Level 1:colcon.colcon_core.package_identification:_identify(src) by extensions ['colcon_meta']
[3.327s] Level 1:colcon.colcon_core.package_identification:_identify(src) by extension 'colcon_meta'
[3.327s] Level 1:colcon.colcon_core.package_identification:_identify(src) by extensions ['ros']
[3.327s] Level 1:colcon.colcon_core.package_identification:_identify(src) by extension 'ros'
[3.327s] Level 1:colcon.colcon_core.package_identification:_identify(src) by extensions ['cmake', 'python']
[3.327s] Level 1:colcon.colcon_core.package_identification:_identify(src) by extension 'cmake'
[3.327s] Level 1:colcon.colcon_core.package_identification:_identify(src) by extension 'python'
[3.327s] Level 1:colcon.colcon_core.package_identification:_identify(src) by extensions ['python_setup_py']
[3.327s] Level 1:colcon.colcon_core.package_identification:_identify(src) by extension 'python_setup_py'
[3.327s] Level 1:colcon.colcon_core.package_discovery:discover_packages(recursive) using defaults
[3.327s] Level 1:colcon.colcon_core.package_discovery:discover_packages(ignore) discover
[3.327s] Level 1:colcon.colcon_core.package_discovery:discover_packages(ignore) using defaults
[3.327s] Level 1:colcon.colcon_core.package_discovery:discover_packages(path) discover
[3.327s] Level 1:colcon.colcon_core.package_discovery:discover_packages(path) using defaults
[3.540s] Level 1:colcon.colcon_core.package_discovery:discover_packages(prefix_path) check parameters
[3.540s] Level 1:colcon.colcon_core.package_discovery:discover_packages(prefix_path) discover
[3.571s] DEBUG:colcon.colcon_installed_package_information.package_discovery:Found 270 installed packages in /opt/ros/humble
[3.573s] Level 1:colcon.colcon_core.package_discovery:discover_packages(prefix_path) using defaults
[3.683s] INFO:colcon.colcon_core.executor:Executing jobs using 'parallel' executor
[3.686s] DEBUG:colcon.colcon_parallel_executor.executor.parallel:run_until_complete
[3.686s] DEBUG:colcon.colcon_parallel_executor.executor.parallel:closing loop
[3.687s] DEBUG:colcon.colcon_parallel_executor.executor.parallel:loop closed
[3.687s] DEBUG:colcon.colcon_parallel_executor.executor.parallel:run_until_complete finished with '0'
[3.687s] DEBUG:colcon.colcon_core.event_reactor:joining thread
[3.717s] INFO:colcon.colcon_core.plugin_system:Skipping extension 'colcon_notification.desktop_notification.terminal_notifier': Not used on non-Darwin systems
[3.717s] INFO:colcon.colcon_core.plugin_system:Skipping extension 'colcon_notification.desktop_notification.win32': Not used on non-Windows systems
[3.717s] INFO:colcon.colcon_notification.desktop_notification:Sending desktop notification using 'notify2'
[3.745s] DEBUG:colcon.colcon_core.event_reactor:joined thread
[3.946s] INFO:colcon.colcon_core.plugin_system:Skipping extension 'colcon_core.shell.bat': Not used on non-Windows systems
[3.947s] INFO:colcon.colcon_core.shell:Creating prefix script '/home/ram-user/ASDFR/install/local_setup.ps1'
[3.959s] INFO:colcon.colcon_core.shell:Creating prefix util module '/home/ram-user/ASDFR/install/_local_setup_util_ps1.py'
[3.962s] INFO:colcon.colcon_core.shell:Creating prefix chain script '/home/ram-user/ASDFR/install/setup.ps1'
[3.965s] INFO:colcon.colcon_core.shell:Creating prefix script '/home/ram-user/ASDFR/install/local_setup.sh'
[3.970s] INFO:colcon.colcon_core.shell:Creating prefix util module '/home/ram-user/ASDFR/install/_local_setup_util_sh.py'
[3.971s] INFO:colcon.colcon_core.shell:Creating prefix chain script '/home/ram-user/ASDFR/install/setup.sh'
[3.974s] INFO:colcon.colcon_core.shell:Creating prefix script '/home/ram-user/ASDFR/install/local_setup.bash'
[3.981s] INFO:colcon.colcon_core.shell:Creating prefix chain script '/home/ram-user/ASDFR/install/setup.bash'
[4.003s] INFO:colcon.colcon_core.shell:Creating prefix script '/home/ram-user/ASDFR/install/local_setup.zsh'
[4.004s] INFO:colcon.colcon_core.shell:Creating prefix chain script '/home/ram-user/ASDFR/install/setup.zsh'
