[0.334s] DEBUG:colcon:Command line arguments: ['/usr/bin/colcon', 'build']
[0.334s] DEBUG:colcon:Parsed command line arguments: Namespace(log_base=None, log_level=None, verb_name='build', build_base='build', install_base='install', merge_install=False, symlink_install=False, test_result_base=None, continue_on_error=False, executor='parallel', parallel_workers=2, event_handlers=None, ignore_user_meta=False, metas=['./colcon.meta'], base_paths=['.'], packages_ignore=None, packages_ignore_regex=None, paths=None, packages_up_to=None, packages_up_to_regex=None, packages_above=None, packages_above_and_dependencies=None, packages_above_depth=None, packages_select_by_dep=None, packages_skip_by_dep=None, packages_skip_up_to=None, packages_select_build_failed=False, packages_skip_build_finished=False, packages_select_test_failures=False, packages_skip_test_passed=False, packages_select=None, packages_skip=None, packages_select_regex=None, packages_skip_regex=None, packages_start=None, packages_end=None, allow_overriding=[], cmake_args=None, cmake_target=None, cmake_target_skip_unavailable=False, cmake_clean_cache=False, cmake_clean_first=False, cmake_force_configure=False, ament_cmake_args=None, catkin_cmake_args=None, catkin_skip_building_tests=False, verb_parser=<colcon_defaults.argument_parser.defaults.DefaultArgumentsDecorator object at 0x7fe7f29af310>, verb_extension=<colcon_core.verb.build.BuildVerb object at 0x7fe7f331e140>, main=<bound method BuildVerb.main of <colcon_core.verb.build.BuildVerb object at 0x7fe7f331e140>>)
[0.357s] Level 1:colcon.colcon_core.package_discovery:discover_packages(colcon_meta) check parameters
[0.357s] Level 1:colcon.colcon_core.package_discovery:discover_packages(recursive) check parameters
[0.358s] Level 1:colcon.colcon_core.package_discovery:discover_packages(ignore) check parameters
[0.358s] Level 1:colcon.colcon_core.package_discovery:discover_packages(path) check parameters
[0.358s] Level 1:colcon.colcon_core.package_discovery:discover_packages(colcon_meta) discover
[0.358s] Level 1:colcon.colcon_core.package_discovery:discover_packages(recursive) discover
[0.358s] INFO:colcon.colcon_core.package_discovery:Crawling recursively for packages in '/home/ram-user/ASDFR/src/ros2_nodes/src'
[0.358s] Level 1:colcon.colcon_core.package_identification:_identify(.) by extensions ['ignore', 'ignore_ament_install']
[0.359s] Level 1:colcon.colcon_core.package_identification:_identify(.) by extension 'ignore'
[0.359s] Level 1:colcon.colcon_core.package_identification:_identify(.) by extension 'ignore_ament_install'
[0.359s] Level 1:colcon.colcon_core.package_identification:_identify(.) by extensions ['colcon_pkg']
[0.359s] Level 1:colcon.colcon_core.package_identification:_identify(.) by extension 'colcon_pkg'
[0.359s] Level 1:colcon.colcon_core.package_identification:_identify(.) by extensions ['colcon_meta']
[0.359s] Level 1:colcon.colcon_core.package_identification:_identify(.) by extension 'colcon_meta'
[0.360s] Level 1:colcon.colcon_core.package_identification:_identify(.) by extensions ['ros']
[0.360s] Level 1:colcon.colcon_core.package_identification:_identify(.) by extension 'ros'
[0.371s] Level 1:colcon.colcon_core.package_identification:_identify(.) by extensions ['cmake', 'python']
[0.371s] Level 1:colcon.colcon_core.package_identification:_identify(.) by extension 'cmake'
[0.371s] Level 1:colcon.colcon_core.package_identification:_identify(.) by extension 'python'
[0.371s] Level 1:colcon.colcon_core.package_identification:_identify(.) by extensions ['python_setup_py']
[0.371s] Level 1:colcon.colcon_core.package_identification:_identify(.) by extension 'python_setup_py'
[0.372s] Level 1:colcon.colcon_core.package_identification:_identify(asdfr_interfaces) by extensions ['ignore', 'ignore_ament_install']
[0.372s] Level 1:colcon.colcon_core.package_identification:_identify(asdfr_interfaces) by extension 'ignore'
[0.372s] Level 1:colcon.colcon_core.package_identification:_identify(asdfr_interfaces) by extension 'ignore_ament_install'
[0.372s] Level 1:colcon.colcon_core.package_identification:_identify(asdfr_interfaces) by extensions ['colcon_pkg']
[0.373s] Level 1:colcon.colcon_core.package_identification:_identify(asdfr_interfaces) by extension 'colcon_pkg'
[0.373s] Level 1:colcon.colcon_core.package_identification:_identify(asdfr_interfaces) by extensions ['colcon_meta']
[0.373s] Level 1:colcon.colcon_core.package_identification:_identify(asdfr_interfaces) by extension 'colcon_meta'
[0.374s] Level 1:colcon.colcon_core.package_identification:_identify(asdfr_interfaces) by extensions ['ros']
[0.374s] Level 1:colcon.colcon_core.package_identification:_identify(asdfr_interfaces) by extension 'ros'
[0.376s] DEBUG:colcon.colcon_core.package_identification:Package 'asdfr_interfaces' with type 'ros.ament_cmake' and name 'asdfr_interfaces'
[0.377s] Level 1:colcon.colcon_core.package_identification:_identify(build) by extensions ['ignore', 'ignore_ament_install']
[0.377s] Level 1:colcon.colcon_core.package_identification:_identify(build) by extension 'ignore'
[0.378s] Level 1:colcon.colcon_core.package_identification:_identify(build) ignored
[0.378s] Level 1:colcon.colcon_core.package_identification:_identify(install) by extensions ['ignore', 'ignore_ament_install']
[0.378s] Level 1:colcon.colcon_core.package_identification:_identify(install) by extension 'ignore'
[0.378s] Level 1:colcon.colcon_core.package_identification:_identify(install) ignored
[0.378s] Level 1:colcon.colcon_core.package_identification:_identify(jiwy_controller) by extensions ['ignore', 'ignore_ament_install']
[0.379s] Level 1:colcon.colcon_core.package_identification:_identify(jiwy_controller) by extension 'ignore'
[0.379s] Level 1:colcon.colcon_core.package_identification:_identify(jiwy_controller) by extension 'ignore_ament_install'
[0.379s] Level 1:colcon.colcon_core.package_identification:_identify(jiwy_controller) by extensions ['colcon_pkg']
[0.379s] Level 1:colcon.colcon_core.package_identification:_identify(jiwy_controller) by extension 'colcon_pkg'
[0.379s] Level 1:colcon.colcon_core.package_identification:_identify(jiwy_controller) by extensions ['colcon_meta']
[0.380s] Level 1:colcon.colcon_core.package_identification:_identify(jiwy_controller) by extension 'colcon_meta'
[0.380s] Level 1:colcon.colcon_core.package_identification:_identify(jiwy_controller) by extensions ['ros']
[0.380s] Level 1:colcon.colcon_core.package_identification:_identify(jiwy_controller) by extension 'ros'
[0.381s] DEBUG:colcon.colcon_core.package_identification:Package 'jiwy_controller' with type 'ros.ament_cmake' and name 'jiwy_controller'
[0.381s] Level 1:colcon.colcon_core.package_identification:_identify(jiwy_simulator) by extensions ['ignore', 'ignore_ament_install']
[0.382s] Level 1:colcon.colcon_core.package_identification:_identify(jiwy_simulator) by extension 'ignore'
[0.382s] Level 1:colcon.colcon_core.package_identification:_identify(jiwy_simulator) by extension 'ignore_ament_install'
[0.382s] Level 1:colcon.colcon_core.package_identification:_identify(jiwy_simulator) by extensions ['colcon_pkg']
[0.382s] Level 1:colcon.colcon_core.package_identification:_identify(jiwy_simulator) by extension 'colcon_pkg'
[0.382s] Level 1:colcon.colcon_core.package_identification:_identify(jiwy_simulator) by extensions ['colcon_meta']
[0.383s] Level 1:colcon.colcon_core.package_identification:_identify(jiwy_simulator) by extension 'colcon_meta'
[0.383s] Level 1:colcon.colcon_core.package_identification:_identify(jiwy_simulator) by extensions ['ros']
[0.383s] Level 1:colcon.colcon_core.package_identification:_identify(jiwy_simulator) by extension 'ros'
[0.384s] DEBUG:colcon.colcon_core.package_identification:Package 'jiwy_simulator' with type 'ros.ament_cmake' and name 'jiwy_simulator'
[0.384s] Level 1:colcon.colcon_core.package_identification:_identify(log) by extensions ['ignore', 'ignore_ament_install']
[0.384s] Level 1:colcon.colcon_core.package_identification:_identify(log) by extension 'ignore'
[0.384s] Level 1:colcon.colcon_core.package_identification:_identify(log) ignored
[0.385s] Level 1:colcon.colcon_core.package_discovery:discover_packages(recursive) using defaults
[0.385s] Level 1:colcon.colcon_core.package_discovery:discover_packages(ignore) discover
[0.385s] Level 1:colcon.colcon_core.package_discovery:discover_packages(ignore) using defaults
[0.385s] Level 1:colcon.colcon_core.package_discovery:discover_packages(path) discover
[0.385s] Level 1:colcon.colcon_core.package_discovery:discover_packages(path) using defaults
[0.407s] Level 1:colcon.colcon_core.package_discovery:discover_packages(prefix_path) check parameters
[0.407s] Level 1:colcon.colcon_core.package_discovery:discover_packages(prefix_path) discover
[0.411s] DEBUG:colcon.colcon_installed_package_information.package_discovery:Found 270 installed packages in /opt/ros/humble
[0.413s] Level 1:colcon.colcon_core.package_discovery:discover_packages(prefix_path) using defaults
[0.469s] Level 5:colcon.colcon_core.verb:set package 'asdfr_interfaces' build argument 'cmake_args' from command line to 'None'
[0.469s] Level 5:colcon.colcon_core.verb:set package 'asdfr_interfaces' build argument 'cmake_target' from command line to 'None'
[0.469s] Level 5:colcon.colcon_core.verb:set package 'asdfr_interfaces' build argument 'cmake_target_skip_unavailable' from command line to 'False'
[0.469s] Level 5:colcon.colcon_core.verb:set package 'asdfr_interfaces' build argument 'cmake_clean_cache' from command line to 'False'
[0.469s] Level 5:colcon.colcon_core.verb:set package 'asdfr_interfaces' build argument 'cmake_clean_first' from command line to 'False'
[0.470s] Level 5:colcon.colcon_core.verb:set package 'asdfr_interfaces' build argument 'cmake_force_configure' from command line to 'False'
[0.470s] Level 5:colcon.colcon_core.verb:set package 'asdfr_interfaces' build argument 'ament_cmake_args' from command line to 'None'
[0.470s] Level 5:colcon.colcon_core.verb:set package 'asdfr_interfaces' build argument 'catkin_cmake_args' from command line to 'None'
[0.470s] Level 5:colcon.colcon_core.verb:set package 'asdfr_interfaces' build argument 'catkin_skip_building_tests' from command line to 'False'
[0.470s] DEBUG:colcon.colcon_core.verb:Building package 'asdfr_interfaces' with the following arguments: {'ament_cmake_args': None, 'build_base': '/home/ram-user/ASDFR/src/ros2_nodes/src/build/asdfr_interfaces', 'catkin_cmake_args': None, 'catkin_skip_building_tests': False, 'cmake_args': None, 'cmake_clean_cache': False, 'cmake_clean_first': False, 'cmake_force_configure': False, 'cmake_target': None, 'cmake_target_skip_unavailable': False, 'install_base': '/home/ram-user/ASDFR/src/ros2_nodes/src/install/asdfr_interfaces', 'merge_install': False, 'path': '/home/ram-user/ASDFR/src/ros2_nodes/src/asdfr_interfaces', 'symlink_install': False, 'test_result_base': None}
[0.471s] Level 5:colcon.colcon_core.verb:set package 'jiwy_controller' build argument 'cmake_args' from command line to 'None'
[0.472s] Level 5:colcon.colcon_core.verb:set package 'jiwy_controller' build argument 'cmake_target' from command line to 'None'
[0.472s] Level 5:colcon.colcon_core.verb:set package 'jiwy_controller' build argument 'cmake_target_skip_unavailable' from command line to 'False'
[0.472s] Level 5:colcon.colcon_core.verb:set package 'jiwy_controller' build argument 'cmake_clean_cache' from command line to 'False'
[0.472s] Level 5:colcon.colcon_core.verb:set package 'jiwy_controller' build argument 'cmake_clean_first' from command line to 'False'
[0.472s] Level 5:colcon.colcon_core.verb:set package 'jiwy_controller' build argument 'cmake_force_configure' from command line to 'False'
[0.472s] Level 5:colcon.colcon_core.verb:set package 'jiwy_controller' build argument 'ament_cmake_args' from command line to 'None'
[0.473s] Level 5:colcon.colcon_core.verb:set package 'jiwy_controller' build argument 'catkin_cmake_args' from command line to 'None'
[0.473s] Level 5:colcon.colcon_core.verb:set package 'jiwy_controller' build argument 'catkin_skip_building_tests' from command line to 'False'
[0.473s] DEBUG:colcon.colcon_core.verb:Building package 'jiwy_controller' with the following arguments: {'ament_cmake_args': None, 'build_base': '/home/ram-user/ASDFR/src/ros2_nodes/src/build/jiwy_controller', 'catkin_cmake_args': None, 'catkin_skip_building_tests': False, 'cmake_args': None, 'cmake_clean_cache': False, 'cmake_clean_first': False, 'cmake_force_configure': False, 'cmake_target': None, 'cmake_target_skip_unavailable': False, 'install_base': '/home/ram-user/ASDFR/src/ros2_nodes/src/install/jiwy_controller', 'merge_install': False, 'path': '/home/ram-user/ASDFR/src/ros2_nodes/src/jiwy_controller', 'symlink_install': False, 'test_result_base': None}
[0.474s] Level 5:colcon.colcon_core.verb:set package 'jiwy_simulator' build argument 'cmake_args' from command line to 'None'
[0.474s] Level 5:colcon.colcon_core.verb:set package 'jiwy_simulator' build argument 'cmake_target' from command line to 'None'
[0.474s] Level 5:colcon.colcon_core.verb:set package 'jiwy_simulator' build argument 'cmake_target_skip_unavailable' from command line to 'False'
[0.474s] Level 5:colcon.colcon_core.verb:set package 'jiwy_simulator' build argument 'cmake_clean_cache' from command line to 'False'
[0.475s] Level 5:colcon.colcon_core.verb:set package 'jiwy_simulator' build argument 'cmake_clean_first' from command line to 'False'
[0.475s] Level 5:colcon.colcon_core.verb:set package 'jiwy_simulator' build argument 'cmake_force_configure' from command line to 'False'
[0.475s] Level 5:colcon.colcon_core.verb:set package 'jiwy_simulator' build argument 'ament_cmake_args' from command line to 'None'
[0.475s] Level 5:colcon.colcon_core.verb:set package 'jiwy_simulator' build argument 'catkin_cmake_args' from command line to 'None'
[0.475s] Level 5:colcon.colcon_core.verb:set package 'jiwy_simulator' build argument 'catkin_skip_building_tests' from command line to 'False'
[0.475s] DEBUG:colcon.colcon_core.verb:Building package 'jiwy_simulator' with the following arguments: {'ament_cmake_args': None, 'build_base': '/home/ram-user/ASDFR/src/ros2_nodes/src/build/jiwy_simulator', 'catkin_cmake_args': None, 'catkin_skip_building_tests': False, 'cmake_args': None, 'cmake_clean_cache': False, 'cmake_clean_first': False, 'cmake_force_configure': False, 'cmake_target': None, 'cmake_target_skip_unavailable': False, 'install_base': '/home/ram-user/ASDFR/src/ros2_nodes/src/install/jiwy_simulator', 'merge_install': False, 'path': '/home/ram-user/ASDFR/src/ros2_nodes/src/jiwy_simulator', 'symlink_install': False, 'test_result_base': None}
[0.476s] INFO:colcon.colcon_core.executor:Executing jobs using 'parallel' executor
[0.479s] DEBUG:colcon.colcon_parallel_executor.executor.parallel:run_until_complete
[0.480s] INFO:colcon.colcon_ros.task.ament_cmake.build:Building ROS package in '/home/ram-user/ASDFR/src/ros2_nodes/src/asdfr_interfaces' with build type 'ament_cmake'
[0.480s] INFO:colcon.colcon_cmake.task.cmake.build:Building CMake package in '/home/ram-user/ASDFR/src/ros2_nodes/src/asdfr_interfaces'
[0.484s] INFO:colcon.colcon_core.plugin_system:Skipping extension 'colcon_core.shell.bat': Not used on non-Windows systems
[0.484s] INFO:colcon.colcon_core.shell:Skip shell extension 'powershell' for command environment: Not usable outside of PowerShell
[0.484s] DEBUG:colcon.colcon_core.shell:Skip shell extension 'dsv' for command environment
[0.493s] DEBUG:colcon.colcon_core.event_handler.log_command:Invoking command in '/home/ram-user/ASDFR/src/ros2_nodes/src/build/asdfr_interfaces': CMAKE_PREFIX_PATH=/opt/ros/humble /usr/bin/cmake --build /home/ram-user/ASDFR/src/ros2_nodes/src/build/asdfr_interfaces -- -j2 -l2
[1.171s] DEBUG:colcon.colcon_core.event_handler.log_command:Invoked command in '/home/ram-user/ASDFR/src/ros2_nodes/src/build/asdfr_interfaces' returned '0': CMAKE_PREFIX_PATH=/opt/ros/humble /usr/bin/cmake --build /home/ram-user/ASDFR/src/ros2_nodes/src/build/asdfr_interfaces -- -j2 -l2
[1.273s] DEBUG:colcon.colcon_core.event_handler.log_command:Invoking command in '/home/ram-user/ASDFR/src/ros2_nodes/src/build/asdfr_interfaces': CMAKE_PREFIX_PATH=/opt/ros/humble /usr/bin/cmake --install /home/ram-user/ASDFR/src/ros2_nodes/src/build/asdfr_interfaces
[1.379s] Level 1:colcon.colcon_core.environment:create_environment_scripts_only(asdfr_interfaces)
[1.379s] DEBUG:colcon.colcon_core.event_handler.log_command:Invoked command in '/home/ram-user/ASDFR/src/ros2_nodes/src/build/asdfr_interfaces' returned '0': CMAKE_PREFIX_PATH=/opt/ros/humble /usr/bin/cmake --install /home/ram-user/ASDFR/src/ros2_nodes/src/build/asdfr_interfaces
[1.383s] Level 1:colcon.colcon_core.environment:checking '/home/ram-user/ASDFR/src/ros2_nodes/src/install/asdfr_interfaces' for CMake module files
[1.384s] Level 1:colcon.colcon_core.environment:checking '/home/ram-user/ASDFR/src/ros2_nodes/src/install/asdfr_interfaces' for CMake config files
[1.384s] Level 1:colcon.colcon_core.shell:create_environment_hook('asdfr_interfaces', 'cmake_prefix_path')
[1.385s] INFO:colcon.colcon_core.shell:Creating environment hook '/home/ram-user/ASDFR/src/ros2_nodes/src/install/asdfr_interfaces/share/asdfr_interfaces/hook/cmake_prefix_path.ps1'
[1.386s] INFO:colcon.colcon_core.shell:Creating environment descriptor '/home/ram-user/ASDFR/src/ros2_nodes/src/install/asdfr_interfaces/share/asdfr_interfaces/hook/cmake_prefix_path.dsv'
[1.386s] INFO:colcon.colcon_core.shell:Creating environment hook '/home/ram-user/ASDFR/src/ros2_nodes/src/install/asdfr_interfaces/share/asdfr_interfaces/hook/cmake_prefix_path.sh'
[1.387s] Level 1:colcon.colcon_core.environment:checking '/home/ram-user/ASDFR/src/ros2_nodes/src/install/asdfr_interfaces/lib'
[1.394s] Level 1:colcon.colcon_core.shell:create_environment_hook('asdfr_interfaces', 'ld_library_path_lib')
[1.395s] INFO:colcon.colcon_core.shell:Creating environment hook '/home/ram-user/ASDFR/src/ros2_nodes/src/install/asdfr_interfaces/share/asdfr_interfaces/hook/ld_library_path_lib.ps1'
[1.396s] INFO:colcon.colcon_core.shell:Creating environment descriptor '/home/ram-user/ASDFR/src/ros2_nodes/src/install/asdfr_interfaces/share/asdfr_interfaces/hook/ld_library_path_lib.dsv'
[1.396s] INFO:colcon.colcon_core.shell:Creating environment hook '/home/ram-user/ASDFR/src/ros2_nodes/src/install/asdfr_interfaces/share/asdfr_interfaces/hook/ld_library_path_lib.sh'
[1.397s] Level 1:colcon.colcon_core.environment:checking '/home/ram-user/ASDFR/src/ros2_nodes/src/install/asdfr_interfaces/bin'
[1.397s] Level 1:colcon.colcon_core.environment:checking '/home/ram-user/ASDFR/src/ros2_nodes/src/install/asdfr_interfaces/lib/pkgconfig/asdfr_interfaces.pc'
[1.397s] Level 1:colcon.colcon_core.environment:checking '/home/ram-user/ASDFR/src/ros2_nodes/src/install/asdfr_interfaces/lib/python3.10/site-packages'
[1.397s] Level 1:colcon.colcon_core.environment:checking '/home/ram-user/ASDFR/src/ros2_nodes/src/install/asdfr_interfaces/bin'
[1.398s] INFO:colcon.colcon_core.shell:Creating package script '/home/ram-user/ASDFR/src/ros2_nodes/src/install/asdfr_interfaces/share/asdfr_interfaces/package.ps1'
[1.399s] INFO:colcon.colcon_core.shell:Creating package descriptor '/home/ram-user/ASDFR/src/ros2_nodes/src/install/asdfr_interfaces/share/asdfr_interfaces/package.dsv'
[1.400s] INFO:colcon.colcon_core.shell:Creating package script '/home/ram-user/ASDFR/src/ros2_nodes/src/install/asdfr_interfaces/share/asdfr_interfaces/package.sh'
[1.400s] INFO:colcon.colcon_core.shell:Creating package script '/home/ram-user/ASDFR/src/ros2_nodes/src/install/asdfr_interfaces/share/asdfr_interfaces/package.bash'
[1.401s] INFO:colcon.colcon_core.shell:Creating package script '/home/ram-user/ASDFR/src/ros2_nodes/src/install/asdfr_interfaces/share/asdfr_interfaces/package.zsh'
[1.402s] Level 1:colcon.colcon_core.environment:create_file_with_runtime_dependencies(/home/ram-user/ASDFR/src/ros2_nodes/src/install/asdfr_interfaces/share/colcon-core/packages/asdfr_interfaces)
[1.507s] Level 1:colcon.colcon_core.environment:create_environment_scripts_only(asdfr_interfaces)
[1.508s] Level 1:colcon.colcon_core.environment:checking '/home/ram-user/ASDFR/src/ros2_nodes/src/install/asdfr_interfaces' for CMake module files
[1.509s] Level 1:colcon.colcon_core.environment:checking '/home/ram-user/ASDFR/src/ros2_nodes/src/install/asdfr_interfaces' for CMake config files
[1.509s] Level 1:colcon.colcon_core.shell:create_environment_hook('asdfr_interfaces', 'cmake_prefix_path')
[1.510s] INFO:colcon.colcon_core.shell:Creating environment hook '/home/ram-user/ASDFR/src/ros2_nodes/src/install/asdfr_interfaces/share/asdfr_interfaces/hook/cmake_prefix_path.ps1'
[1.511s] INFO:colcon.colcon_core.shell:Creating environment descriptor '/home/ram-user/ASDFR/src/ros2_nodes/src/install/asdfr_interfaces/share/asdfr_interfaces/hook/cmake_prefix_path.dsv'
[1.512s] INFO:colcon.colcon_core.shell:Creating environment hook '/home/ram-user/ASDFR/src/ros2_nodes/src/install/asdfr_interfaces/share/asdfr_interfaces/hook/cmake_prefix_path.sh'
[1.514s] Level 1:colcon.colcon_core.environment:checking '/home/ram-user/ASDFR/src/ros2_nodes/src/install/asdfr_interfaces/lib'
[1.514s] Level 1:colcon.colcon_core.shell:create_environment_hook('asdfr_interfaces', 'ld_library_path_lib')
[1.515s] INFO:colcon.colcon_core.shell:Creating environment hook '/home/ram-user/ASDFR/src/ros2_nodes/src/install/asdfr_interfaces/share/asdfr_interfaces/hook/ld_library_path_lib.ps1'
[1.515s] INFO:colcon.colcon_core.shell:Creating environment descriptor '/home/ram-user/ASDFR/src/ros2_nodes/src/install/asdfr_interfaces/share/asdfr_interfaces/hook/ld_library_path_lib.dsv'
[1.517s] INFO:colcon.colcon_core.shell:Creating environment hook '/home/ram-user/ASDFR/src/ros2_nodes/src/install/asdfr_interfaces/share/asdfr_interfaces/hook/ld_library_path_lib.sh'
[1.517s] Level 1:colcon.colcon_core.environment:checking '/home/ram-user/ASDFR/src/ros2_nodes/src/install/asdfr_interfaces/bin'
[1.517s] Level 1:colcon.colcon_core.environment:checking '/home/ram-user/ASDFR/src/ros2_nodes/src/install/asdfr_interfaces/lib/pkgconfig/asdfr_interfaces.pc'
[1.517s] Level 1:colcon.colcon_core.environment:checking '/home/ram-user/ASDFR/src/ros2_nodes/src/install/asdfr_interfaces/lib/python3.10/site-packages'
[1.518s] Level 1:colcon.colcon_core.environment:checking '/home/ram-user/ASDFR/src/ros2_nodes/src/install/asdfr_interfaces/bin'
[1.519s] INFO:colcon.colcon_core.shell:Creating package script '/home/ram-user/ASDFR/src/ros2_nodes/src/install/asdfr_interfaces/share/asdfr_interfaces/package.ps1'
[1.521s] INFO:colcon.colcon_core.shell:Creating package descriptor '/home/ram-user/ASDFR/src/ros2_nodes/src/install/asdfr_interfaces/share/asdfr_interfaces/package.dsv'
[1.521s] INFO:colcon.colcon_core.shell:Creating package script '/home/ram-user/ASDFR/src/ros2_nodes/src/install/asdfr_interfaces/share/asdfr_interfaces/package.sh'
[1.522s] INFO:colcon.colcon_core.shell:Creating package script '/home/ram-user/ASDFR/src/ros2_nodes/src/install/asdfr_interfaces/share/asdfr_interfaces/package.bash'
[1.523s] INFO:colcon.colcon_core.shell:Creating package script '/home/ram-user/ASDFR/src/ros2_nodes/src/install/asdfr_interfaces/share/asdfr_interfaces/package.zsh'
[1.523s] Level 1:colcon.colcon_core.environment:create_file_with_runtime_dependencies(/home/ram-user/ASDFR/src/ros2_nodes/src/install/asdfr_interfaces/share/colcon-core/packages/asdfr_interfaces)
[1.525s] INFO:colcon.colcon_ros.task.ament_cmake.build:Building ROS package in '/home/ram-user/ASDFR/src/ros2_nodes/src/jiwy_controller' with build type 'ament_cmake'
[1.526s] INFO:colcon.colcon_cmake.task.cmake.build:Building CMake package in '/home/ram-user/ASDFR/src/ros2_nodes/src/jiwy_controller'
[1.527s] INFO:colcon.colcon_core.shell:Skip shell extension 'powershell' for command environment: Not usable outside of PowerShell
[1.527s] DEBUG:colcon.colcon_core.shell:Skip shell extension 'dsv' for command environment
[1.531s] INFO:colcon.colcon_ros.task.ament_cmake.build:Building ROS package in '/home/ram-user/ASDFR/src/ros2_nodes/src/jiwy_simulator' with build type 'ament_cmake'
[1.531s] INFO:colcon.colcon_cmake.task.cmake.build:Building CMake package in '/home/ram-user/ASDFR/src/ros2_nodes/src/jiwy_simulator'
[1.533s] INFO:colcon.colcon_core.shell:Skip shell extension 'powershell' for command environment: Not usable outside of PowerShell
[1.533s] DEBUG:colcon.colcon_core.shell:Skip shell extension 'dsv' for command environment
[1.549s] DEBUG:colcon.colcon_core.event_handler.log_command:Invoking command in '/home/ram-user/ASDFR/src/ros2_nodes/src/build/jiwy_simulator': AMENT_PREFIX_PATH=/home/ram-user/ASDFR/src/ros2_nodes/src/install/asdfr_interfaces:${AMENT_PREFIX_PATH} CMAKE_PREFIX_PATH=/home/ram-user/ASDFR/src/ros2_nodes/src/install/asdfr_interfaces:/opt/ros/humble LD_LIBRARY_PATH=/home/ram-user/ASDFR/src/ros2_nodes/src/install/asdfr_interfaces/lib:${LD_LIBRARY_PATH} PYTHONPATH=/home/ram-user/ASDFR/src/ros2_nodes/src/install/asdfr_interfaces/local/lib/python3.10/dist-packages:${PYTHONPATH} /usr/bin/cmake --build /home/ram-user/ASDFR/src/ros2_nodes/src/build/jiwy_simulator -- -j2 -l2
[1.562s] DEBUG:colcon.colcon_core.event_handler.log_command:Invoking command in '/home/ram-user/ASDFR/src/ros2_nodes/src/build/jiwy_controller': AMENT_PREFIX_PATH=/home/ram-user/ASDFR/src/ros2_nodes/src/install/asdfr_interfaces:${AMENT_PREFIX_PATH} CMAKE_PREFIX_PATH=/home/ram-user/ASDFR/src/ros2_nodes/src/install/asdfr_interfaces:/opt/ros/humble LD_LIBRARY_PATH=/home/ram-user/ASDFR/src/ros2_nodes/src/install/asdfr_interfaces/lib:${LD_LIBRARY_PATH} PYTHONPATH=/home/ram-user/ASDFR/src/ros2_nodes/src/install/asdfr_interfaces/local/lib/python3.10/dist-packages:${PYTHONPATH} /usr/bin/cmake --build /home/ram-user/ASDFR/src/ros2_nodes/src/build/jiwy_controller -- -j2 -l2
[1.732s] DEBUG:colcon.colcon_core.event_handler.log_command:Invoked command in '/home/ram-user/ASDFR/src/ros2_nodes/src/build/jiwy_simulator' returned '0': AMENT_PREFIX_PATH=/home/ram-user/ASDFR/src/ros2_nodes/src/install/asdfr_interfaces:${AMENT_PREFIX_PATH} CMAKE_PREFIX_PATH=/home/ram-user/ASDFR/src/ros2_nodes/src/install/asdfr_interfaces:/opt/ros/humble LD_LIBRARY_PATH=/home/ram-user/ASDFR/src/ros2_nodes/src/install/asdfr_interfaces/lib:${LD_LIBRARY_PATH} PYTHONPATH=/home/ram-user/ASDFR/src/ros2_nodes/src/install/asdfr_interfaces/local/lib/python3.10/dist-packages:${PYTHONPATH} /usr/bin/cmake --build /home/ram-user/ASDFR/src/ros2_nodes/src/build/jiwy_simulator -- -j2 -l2
[1.742s] DEBUG:colcon.colcon_core.event_handler.log_command:Invoked command in '/home/ram-user/ASDFR/src/ros2_nodes/src/build/jiwy_controller' returned '0': AMENT_PREFIX_PATH=/home/ram-user/ASDFR/src/ros2_nodes/src/install/asdfr_interfaces:${AMENT_PREFIX_PATH} CMAKE_PREFIX_PATH=/home/ram-user/ASDFR/src/ros2_nodes/src/install/asdfr_interfaces:/opt/ros/humble LD_LIBRARY_PATH=/home/ram-user/ASDFR/src/ros2_nodes/src/install/asdfr_interfaces/lib:${LD_LIBRARY_PATH} PYTHONPATH=/home/ram-user/ASDFR/src/ros2_nodes/src/install/asdfr_interfaces/local/lib/python3.10/dist-packages:${PYTHONPATH} /usr/bin/cmake --build /home/ram-user/ASDFR/src/ros2_nodes/src/build/jiwy_controller -- -j2 -l2
[1.786s] DEBUG:colcon.colcon_core.event_handler.log_command:Invoking command in '/home/ram-user/ASDFR/src/ros2_nodes/src/build/jiwy_controller': AMENT_PREFIX_PATH=/home/ram-user/ASDFR/src/ros2_nodes/src/install/asdfr_interfaces:${AMENT_PREFIX_PATH} CMAKE_PREFIX_PATH=/home/ram-user/ASDFR/src/ros2_nodes/src/install/asdfr_interfaces:/opt/ros/humble LD_LIBRARY_PATH=/home/ram-user/ASDFR/src/ros2_nodes/src/install/asdfr_interfaces/lib:${LD_LIBRARY_PATH} PYTHONPATH=/home/ram-user/ASDFR/src/ros2_nodes/src/install/asdfr_interfaces/local/lib/python3.10/dist-packages:${PYTHONPATH} /usr/bin/cmake --install /home/ram-user/ASDFR/src/ros2_nodes/src/build/jiwy_controller
[1.812s] Level 1:colcon.colcon_core.environment:create_environment_scripts_only(jiwy_controller)
[1.813s] Level 1:colcon.colcon_core.environment:checking '/home/ram-user/ASDFR/src/ros2_nodes/src/install/jiwy_controller' for CMake module files
[1.814s] Level 1:colcon.colcon_core.environment:checking '/home/ram-user/ASDFR/src/ros2_nodes/src/install/jiwy_controller' for CMake config files
[1.814s] DEBUG:colcon.colcon_core.event_handler.log_command:Invoked command in '/home/ram-user/ASDFR/src/ros2_nodes/src/build/jiwy_controller' returned '0': AMENT_PREFIX_PATH=/home/ram-user/ASDFR/src/ros2_nodes/src/install/asdfr_interfaces:${AMENT_PREFIX_PATH} CMAKE_PREFIX_PATH=/home/ram-user/ASDFR/src/ros2_nodes/src/install/asdfr_interfaces:/opt/ros/humble LD_LIBRARY_PATH=/home/ram-user/ASDFR/src/ros2_nodes/src/install/asdfr_interfaces/lib:${LD_LIBRARY_PATH} PYTHONPATH=/home/ram-user/ASDFR/src/ros2_nodes/src/install/asdfr_interfaces/local/lib/python3.10/dist-packages:${PYTHONPATH} /usr/bin/cmake --install /home/ram-user/ASDFR/src/ros2_nodes/src/build/jiwy_controller
[1.814s] Level 1:colcon.colcon_core.shell:create_environment_hook('jiwy_controller', 'cmake_prefix_path')
[1.816s] INFO:colcon.colcon_core.shell:Creating environment hook '/home/ram-user/ASDFR/src/ros2_nodes/src/install/jiwy_controller/share/jiwy_controller/hook/cmake_prefix_path.ps1'
[1.818s] INFO:colcon.colcon_core.shell:Creating environment descriptor '/home/ram-user/ASDFR/src/ros2_nodes/src/install/jiwy_controller/share/jiwy_controller/hook/cmake_prefix_path.dsv'
[1.819s] INFO:colcon.colcon_core.shell:Creating environment hook '/home/ram-user/ASDFR/src/ros2_nodes/src/install/jiwy_controller/share/jiwy_controller/hook/cmake_prefix_path.sh'
[1.819s] Level 1:colcon.colcon_core.environment:checking '/home/ram-user/ASDFR/src/ros2_nodes/src/install/jiwy_controller/lib'
[1.820s] Level 1:colcon.colcon_core.environment:checking '/home/ram-user/ASDFR/src/ros2_nodes/src/install/jiwy_controller/bin'
[1.820s] Level 1:colcon.colcon_core.environment:checking '/home/ram-user/ASDFR/src/ros2_nodes/src/install/jiwy_controller/lib/pkgconfig/jiwy_controller.pc'
[1.820s] Level 1:colcon.colcon_core.environment:checking '/home/ram-user/ASDFR/src/ros2_nodes/src/install/jiwy_controller/lib/python3.10/site-packages'
[1.820s] Level 1:colcon.colcon_core.environment:checking '/home/ram-user/ASDFR/src/ros2_nodes/src/install/jiwy_controller/bin'
[1.821s] INFO:colcon.colcon_core.shell:Creating package script '/home/ram-user/ASDFR/src/ros2_nodes/src/install/jiwy_controller/share/jiwy_controller/package.ps1'
[1.822s] INFO:colcon.colcon_core.shell:Creating package descriptor '/home/ram-user/ASDFR/src/ros2_nodes/src/install/jiwy_controller/share/jiwy_controller/package.dsv'
[1.825s] INFO:colcon.colcon_core.shell:Creating package script '/home/ram-user/ASDFR/src/ros2_nodes/src/install/jiwy_controller/share/jiwy_controller/package.sh'
[1.825s] INFO:colcon.colcon_core.shell:Creating package script '/home/ram-user/ASDFR/src/ros2_nodes/src/install/jiwy_controller/share/jiwy_controller/package.bash'
[1.826s] INFO:colcon.colcon_core.shell:Creating package script '/home/ram-user/ASDFR/src/ros2_nodes/src/install/jiwy_controller/share/jiwy_controller/package.zsh'
[1.827s] Level 1:colcon.colcon_core.environment:create_file_with_runtime_dependencies(/home/ram-user/ASDFR/src/ros2_nodes/src/install/jiwy_controller/share/colcon-core/packages/jiwy_controller)
[1.840s] DEBUG:colcon.colcon_core.event_handler.log_command:Invoking command in '/home/ram-user/ASDFR/src/ros2_nodes/src/build/jiwy_simulator': AMENT_PREFIX_PATH=/home/ram-user/ASDFR/src/ros2_nodes/src/install/asdfr_interfaces:${AMENT_PREFIX_PATH} CMAKE_PREFIX_PATH=/home/ram-user/ASDFR/src/ros2_nodes/src/install/asdfr_interfaces:/opt/ros/humble LD_LIBRARY_PATH=/home/ram-user/ASDFR/src/ros2_nodes/src/install/asdfr_interfaces/lib:${LD_LIBRARY_PATH} PYTHONPATH=/home/ram-user/ASDFR/src/ros2_nodes/src/install/asdfr_interfaces/local/lib/python3.10/dist-packages:${PYTHONPATH} /usr/bin/cmake --install /home/ram-user/ASDFR/src/ros2_nodes/src/build/jiwy_simulator
[1.871s] Level 1:colcon.colcon_core.environment:create_environment_scripts_only(jiwy_simulator)
[1.872s] Level 1:colcon.colcon_core.environment:checking '/home/ram-user/ASDFR/src/ros2_nodes/src/install/jiwy_simulator' for CMake module files
[1.873s] Level 1:colcon.colcon_core.environment:checking '/home/ram-user/ASDFR/src/ros2_nodes/src/install/jiwy_simulator' for CMake config files
[1.873s] Level 1:colcon.colcon_core.shell:create_environment_hook('jiwy_simulator', 'cmake_prefix_path')
[1.874s] INFO:colcon.colcon_core.shell:Creating environment hook '/home/ram-user/ASDFR/src/ros2_nodes/src/install/jiwy_simulator/share/jiwy_simulator/hook/cmake_prefix_path.ps1'
[1.875s] DEBUG:colcon.colcon_core.event_handler.log_command:Invoked command in '/home/ram-user/ASDFR/src/ros2_nodes/src/build/jiwy_simulator' returned '0': AMENT_PREFIX_PATH=/home/ram-user/ASDFR/src/ros2_nodes/src/install/asdfr_interfaces:${AMENT_PREFIX_PATH} CMAKE_PREFIX_PATH=/home/ram-user/ASDFR/src/ros2_nodes/src/install/asdfr_interfaces:/opt/ros/humble LD_LIBRARY_PATH=/home/ram-user/ASDFR/src/ros2_nodes/src/install/asdfr_interfaces/lib:${LD_LIBRARY_PATH} PYTHONPATH=/home/ram-user/ASDFR/src/ros2_nodes/src/install/asdfr_interfaces/local/lib/python3.10/dist-packages:${PYTHONPATH} /usr/bin/cmake --install /home/ram-user/ASDFR/src/ros2_nodes/src/build/jiwy_simulator
[1.875s] INFO:colcon.colcon_core.shell:Creating environment descriptor '/home/ram-user/ASDFR/src/ros2_nodes/src/install/jiwy_simulator/share/jiwy_simulator/hook/cmake_prefix_path.dsv'
[1.876s] INFO:colcon.colcon_core.shell:Creating environment hook '/home/ram-user/ASDFR/src/ros2_nodes/src/install/jiwy_simulator/share/jiwy_simulator/hook/cmake_prefix_path.sh'
[1.877s] Level 1:colcon.colcon_core.environment:checking '/home/ram-user/ASDFR/src/ros2_nodes/src/install/jiwy_simulator/lib'
[1.877s] Level 1:colcon.colcon_core.environment:checking '/home/ram-user/ASDFR/src/ros2_nodes/src/install/jiwy_simulator/bin'
[1.877s] Level 1:colcon.colcon_core.environment:checking '/home/ram-user/ASDFR/src/ros2_nodes/src/install/jiwy_simulator/lib/pkgconfig/jiwy_simulator.pc'
[1.878s] Level 1:colcon.colcon_core.environment:checking '/home/ram-user/ASDFR/src/ros2_nodes/src/install/jiwy_simulator/lib/python3.10/site-packages'
[1.878s] Level 1:colcon.colcon_core.environment:checking '/home/ram-user/ASDFR/src/ros2_nodes/src/install/jiwy_simulator/bin'
[1.880s] INFO:colcon.colcon_core.shell:Creating package script '/home/ram-user/ASDFR/src/ros2_nodes/src/install/jiwy_simulator/share/jiwy_simulator/package.ps1'
[1.882s] INFO:colcon.colcon_core.shell:Creating package descriptor '/home/ram-user/ASDFR/src/ros2_nodes/src/install/jiwy_simulator/share/jiwy_simulator/package.dsv'
[1.884s] INFO:colcon.colcon_core.shell:Creating package script '/home/ram-user/ASDFR/src/ros2_nodes/src/install/jiwy_simulator/share/jiwy_simulator/package.sh'
[1.885s] INFO:colcon.colcon_core.shell:Creating package script '/home/ram-user/ASDFR/src/ros2_nodes/src/install/jiwy_simulator/share/jiwy_simulator/package.bash'
[1.887s] INFO:colcon.colcon_core.shell:Creating package script '/home/ram-user/ASDFR/src/ros2_nodes/src/install/jiwy_simulator/share/jiwy_simulator/package.zsh'
[1.889s] Level 1:colcon.colcon_core.environment:create_file_with_runtime_dependencies(/home/ram-user/ASDFR/src/ros2_nodes/src/install/jiwy_simulator/share/colcon-core/packages/jiwy_simulator)
[1.894s] Level 1:colcon.colcon_core.environment:create_environment_scripts_only(jiwy_controller)
[1.896s] Level 1:colcon.colcon_core.environment:checking '/home/ram-user/ASDFR/src/ros2_nodes/src/install/jiwy_controller' for CMake module files
[1.896s] Level 1:colcon.colcon_core.environment:checking '/home/ram-user/ASDFR/src/ros2_nodes/src/install/jiwy_controller' for CMake config files
[1.897s] Level 1:colcon.colcon_core.shell:create_environment_hook('jiwy_controller', 'cmake_prefix_path')
[1.898s] INFO:colcon.colcon_core.shell:Creating environment hook '/home/ram-user/ASDFR/src/ros2_nodes/src/install/jiwy_controller/share/jiwy_controller/hook/cmake_prefix_path.ps1'
[1.899s] INFO:colcon.colcon_core.shell:Creating environment descriptor '/home/ram-user/ASDFR/src/ros2_nodes/src/install/jiwy_controller/share/jiwy_controller/hook/cmake_prefix_path.dsv'
[1.900s] INFO:colcon.colcon_core.shell:Creating environment hook '/home/ram-user/ASDFR/src/ros2_nodes/src/install/jiwy_controller/share/jiwy_controller/hook/cmake_prefix_path.sh'
[1.906s] Level 1:colcon.colcon_core.environment:checking '/home/ram-user/ASDFR/src/ros2_nodes/src/install/jiwy_controller/lib'
[1.906s] Level 1:colcon.colcon_core.environment:checking '/home/ram-user/ASDFR/src/ros2_nodes/src/install/jiwy_controller/bin'
[1.906s] Level 1:colcon.colcon_core.environment:checking '/home/ram-user/ASDFR/src/ros2_nodes/src/install/jiwy_controller/lib/pkgconfig/jiwy_controller.pc'
[1.907s] Level 1:colcon.colcon_core.environment:checking '/home/ram-user/ASDFR/src/ros2_nodes/src/install/jiwy_controller/lib/python3.10/site-packages'
[1.907s] Level 1:colcon.colcon_core.environment:checking '/home/ram-user/ASDFR/src/ros2_nodes/src/install/jiwy_controller/bin'
[1.908s] INFO:colcon.colcon_core.shell:Creating package script '/home/ram-user/ASDFR/src/ros2_nodes/src/install/jiwy_controller/share/jiwy_controller/package.ps1'
[1.909s] INFO:colcon.colcon_core.shell:Creating package descriptor '/home/ram-user/ASDFR/src/ros2_nodes/src/install/jiwy_controller/share/jiwy_controller/package.dsv'
[1.910s] INFO:colcon.colcon_core.shell:Creating package script '/home/ram-user/ASDFR/src/ros2_nodes/src/install/jiwy_controller/share/jiwy_controller/package.sh'
[1.911s] INFO:colcon.colcon_core.shell:Creating package script '/home/ram-user/ASDFR/src/ros2_nodes/src/install/jiwy_controller/share/jiwy_controller/package.bash'
[1.915s] INFO:colcon.colcon_core.shell:Creating package script '/home/ram-user/ASDFR/src/ros2_nodes/src/install/jiwy_controller/share/jiwy_controller/package.zsh'
[1.916s] Level 1:colcon.colcon_core.environment:create_file_with_runtime_dependencies(/home/ram-user/ASDFR/src/ros2_nodes/src/install/jiwy_controller/share/colcon-core/packages/jiwy_controller)
[1.936s] Level 1:colcon.colcon_core.environment:create_environment_scripts_only(jiwy_simulator)
[1.939s] Level 1:colcon.colcon_core.environment:checking '/home/ram-user/ASDFR/src/ros2_nodes/src/install/jiwy_simulator' for CMake module files
[1.939s] Level 1:colcon.colcon_core.environment:checking '/home/ram-user/ASDFR/src/ros2_nodes/src/install/jiwy_simulator' for CMake config files
[1.940s] Level 1:colcon.colcon_core.shell:create_environment_hook('jiwy_simulator', 'cmake_prefix_path')
[1.941s] INFO:colcon.colcon_core.shell:Creating environment hook '/home/ram-user/ASDFR/src/ros2_nodes/src/install/jiwy_simulator/share/jiwy_simulator/hook/cmake_prefix_path.ps1'
[1.942s] INFO:colcon.colcon_core.shell:Creating environment descriptor '/home/ram-user/ASDFR/src/ros2_nodes/src/install/jiwy_simulator/share/jiwy_simulator/hook/cmake_prefix_path.dsv'
[1.943s] INFO:colcon.colcon_core.shell:Creating environment hook '/home/ram-user/ASDFR/src/ros2_nodes/src/install/jiwy_simulator/share/jiwy_simulator/hook/cmake_prefix_path.sh'
[1.945s] Level 1:colcon.colcon_core.environment:checking '/home/ram-user/ASDFR/src/ros2_nodes/src/install/jiwy_simulator/lib'
[1.945s] Level 1:colcon.colcon_core.environment:checking '/home/ram-user/ASDFR/src/ros2_nodes/src/install/jiwy_simulator/bin'
[1.945s] Level 1:colcon.colcon_core.environment:checking '/home/ram-user/ASDFR/src/ros2_nodes/src/install/jiwy_simulator/lib/pkgconfig/jiwy_simulator.pc'
[1.945s] Level 1:colcon.colcon_core.environment:checking '/home/ram-user/ASDFR/src/ros2_nodes/src/install/jiwy_simulator/lib/python3.10/site-packages'
[1.945s] Level 1:colcon.colcon_core.environment:checking '/home/ram-user/ASDFR/src/ros2_nodes/src/install/jiwy_simulator/bin'
[1.947s] INFO:colcon.colcon_core.shell:Creating package script '/home/ram-user/ASDFR/src/ros2_nodes/src/install/jiwy_simulator/share/jiwy_simulator/package.ps1'
[1.947s] INFO:colcon.colcon_core.shell:Creating package descriptor '/home/ram-user/ASDFR/src/ros2_nodes/src/install/jiwy_simulator/share/jiwy_simulator/package.dsv'
[1.948s] INFO:colcon.colcon_core.shell:Creating package script '/home/ram-user/ASDFR/src/ros2_nodes/src/install/jiwy_simulator/share/jiwy_simulator/package.sh'
[1.948s] INFO:colcon.colcon_core.shell:Creating package script '/home/ram-user/ASDFR/src/ros2_nodes/src/install/jiwy_simulator/share/jiwy_simulator/package.bash'
[1.949s] INFO:colcon.colcon_core.shell:Creating package script '/home/ram-user/ASDFR/src/ros2_nodes/src/install/jiwy_simulator/share/jiwy_simulator/package.zsh'
[1.949s] Level 1:colcon.colcon_core.environment:create_file_with_runtime_dependencies(/home/ram-user/ASDFR/src/ros2_nodes/src/install/jiwy_simulator/share/colcon-core/packages/jiwy_simulator)
[1.950s] DEBUG:colcon.colcon_parallel_executor.executor.parallel:closing loop
[1.951s] DEBUG:colcon.colcon_parallel_executor.executor.parallel:loop closed
[1.951s] DEBUG:colcon.colcon_parallel_executor.executor.parallel:run_until_complete finished with '0'
[1.951s] DEBUG:colcon.colcon_core.event_reactor:joining thread
[1.956s] INFO:colcon.colcon_core.plugin_system:Skipping extension 'colcon_notification.desktop_notification.terminal_notifier': Not used on non-Darwin systems
[1.956s] INFO:colcon.colcon_core.plugin_system:Skipping extension 'colcon_notification.desktop_notification.win32': Not used on non-Windows systems
[1.956s] INFO:colcon.colcon_notification.desktop_notification:Sending desktop notification using 'notify2'
[1.987s] DEBUG:colcon.colcon_core.event_reactor:joined thread
[1.988s] INFO:colcon.colcon_core.shell:Creating prefix script '/home/ram-user/ASDFR/src/ros2_nodes/src/install/local_setup.ps1'
[1.989s] INFO:colcon.colcon_core.shell:Creating prefix util module '/home/ram-user/ASDFR/src/ros2_nodes/src/install/_local_setup_util_ps1.py'
[1.990s] INFO:colcon.colcon_core.shell:Creating prefix chain script '/home/ram-user/ASDFR/src/ros2_nodes/src/install/setup.ps1'
[1.991s] INFO:colcon.colcon_core.shell:Creating prefix script '/home/ram-user/ASDFR/src/ros2_nodes/src/install/local_setup.sh'
[1.992s] INFO:colcon.colcon_core.shell:Creating prefix util module '/home/ram-user/ASDFR/src/ros2_nodes/src/install/_local_setup_util_sh.py'
[1.993s] INFO:colcon.colcon_core.shell:Creating prefix chain script '/home/ram-user/ASDFR/src/ros2_nodes/src/install/setup.sh'
[1.994s] INFO:colcon.colcon_core.shell:Creating prefix script '/home/ram-user/ASDFR/src/ros2_nodes/src/install/local_setup.bash'
[1.995s] INFO:colcon.colcon_core.shell:Creating prefix chain script '/home/ram-user/ASDFR/src/ros2_nodes/src/install/setup.bash'
[1.999s] INFO:colcon.colcon_core.shell:Creating prefix script '/home/ram-user/ASDFR/src/ros2_nodes/src/install/local_setup.zsh'
[2.000s] INFO:colcon.colcon_core.shell:Creating prefix chain script '/home/ram-user/ASDFR/src/ros2_nodes/src/install/setup.zsh'
