[0.615s] DEBUG:colcon:Command line arguments: ['/usr/bin/colcon', 'build']
[0.615s] DEBUG:colcon:Parsed command line arguments: Namespace(log_base=None, log_level=None, verb_name='build', build_base='build', install_base='install', merge_install=False, symlink_install=False, test_result_base=None, continue_on_error=False, executor='parallel', parallel_workers=2, event_handlers=None, ignore_user_meta=False, metas=['./colcon.meta'], base_paths=['.'], packages_ignore=None, packages_ignore_regex=None, paths=None, packages_up_to=None, packages_up_to_regex=None, packages_above=None, packages_above_and_dependencies=None, packages_above_depth=None, packages_select_by_dep=None, packages_skip_by_dep=None, packages_skip_up_to=None, packages_select_build_failed=False, packages_skip_build_finished=False, packages_select_test_failures=False, packages_skip_test_passed=False, packages_select=None, packages_skip=None, packages_select_regex=None, packages_skip_regex=None, packages_start=None, packages_end=None, allow_overriding=[], cmake_args=None, cmake_target=None, cmake_target_skip_unavailable=False, cmake_clean_cache=False, cmake_clean_first=False, cmake_force_configure=False, ament_cmake_args=None, catkin_cmake_args=None, catkin_skip_building_tests=False, verb_parser=<colcon_defaults.argument_parser.defaults.DefaultArgumentsDecorator object at 0x7f66fbeb7d90>, verb_extension=<colcon_core.verb.build.BuildVerb object at 0x7f66fc7f1750>, main=<bound method BuildVerb.main of <colcon_core.verb.build.BuildVerb object at 0x7f66fc7f1750>>)
[0.651s] Level 1:colcon.colcon_core.package_discovery:discover_packages(colcon_meta) check parameters
[0.651s] Level 1:colcon.colcon_core.package_discovery:discover_packages(recursive) check parameters
[0.651s] Level 1:colcon.colcon_core.package_discovery:discover_packages(ignore) check parameters
[0.651s] Level 1:colcon.colcon_core.package_discovery:discover_packages(path) check parameters
[0.651s] Level 1:colcon.colcon_core.package_discovery:discover_packages(colcon_meta) discover
[0.652s] Level 1:colcon.colcon_core.package_discovery:discover_packages(recursive) discover
[0.652s] INFO:colcon.colcon_core.package_discovery:Crawling recursively for packages in '/home/ram-user/ASDFR/src'
[0.652s] Level 1:colcon.colcon_core.package_identification:_identify(.) by extensions ['ignore', 'ignore_ament_install']
[0.652s] Level 1:colcon.colcon_core.package_identification:_identify(.) by extension 'ignore'
[0.652s] Level 1:colcon.colcon_core.package_identification:_identify(.) by extension 'ignore_ament_install'
[0.652s] Level 1:colcon.colcon_core.package_identification:_identify(.) by extensions ['colcon_pkg']
[0.653s] Level 1:colcon.colcon_core.package_identification:_identify(.) by extension 'colcon_pkg'
[0.653s] Level 1:colcon.colcon_core.package_identification:_identify(.) by extensions ['colcon_meta']
[0.657s] Level 1:colcon.colcon_core.package_identification:_identify(.) by extension 'colcon_meta'
[0.657s] Level 1:colcon.colcon_core.package_identification:_identify(.) by extensions ['ros']
[0.658s] Level 1:colcon.colcon_core.package_identification:_identify(.) by extension 'ros'
[0.675s] Level 1:colcon.colcon_core.package_identification:_identify(.) by extensions ['cmake', 'python']
[0.675s] Level 1:colcon.colcon_core.package_identification:_identify(.) by extension 'cmake'
[0.675s] Level 1:colcon.colcon_core.package_identification:_identify(.) by extension 'python'
[0.676s] Level 1:colcon.colcon_core.package_identification:_identify(.) by extensions ['python_setup_py']
[0.676s] Level 1:colcon.colcon_core.package_identification:_identify(.) by extension 'python_setup_py'
[0.676s] Level 1:colcon.colcon_core.package_identification:_identify(build) by extensions ['ignore', 'ignore_ament_install']
[0.676s] Level 1:colcon.colcon_core.package_identification:_identify(build) by extension 'ignore'
[0.676s] Level 1:colcon.colcon_core.package_identification:_identify(build) ignored
[0.677s] Level 1:colcon.colcon_core.package_identification:_identify(image_processing) by extensions ['ignore', 'ignore_ament_install']
[0.677s] Level 1:colcon.colcon_core.package_identification:_identify(image_processing) by extension 'ignore'
[0.677s] Level 1:colcon.colcon_core.package_identification:_identify(image_processing) by extension 'ignore_ament_install'
[0.677s] Level 1:colcon.colcon_core.package_identification:_identify(image_processing) by extensions ['colcon_pkg']
[0.677s] Level 1:colcon.colcon_core.package_identification:_identify(image_processing) by extension 'colcon_pkg'
[0.677s] Level 1:colcon.colcon_core.package_identification:_identify(image_processing) by extensions ['colcon_meta']
[0.677s] Level 1:colcon.colcon_core.package_identification:_identify(image_processing) by extension 'colcon_meta'
[0.678s] Level 1:colcon.colcon_core.package_identification:_identify(image_processing) by extensions ['ros']
[0.678s] Level 1:colcon.colcon_core.package_identification:_identify(image_processing) by extension 'ros'
[0.681s] DEBUG:colcon.colcon_core.package_identification:Package 'image_processing' with type 'ros.ament_cmake' and name 'image_processing'
[0.682s] Level 1:colcon.colcon_core.package_identification:_identify(install) by extensions ['ignore', 'ignore_ament_install']
[0.682s] Level 1:colcon.colcon_core.package_identification:_identify(install) by extension 'ignore'
[0.682s] Level 1:colcon.colcon_core.package_identification:_identify(install) ignored
[0.683s] Level 1:colcon.colcon_core.package_identification:_identify(log) by extensions ['ignore', 'ignore_ament_install']
[0.686s] Level 1:colcon.colcon_core.package_identification:_identify(log) by extension 'ignore'
[0.686s] Level 1:colcon.colcon_core.package_identification:_identify(log) ignored
[0.686s] Level 1:colcon.colcon_core.package_identification:_identify(ros2_nodes) by extensions ['ignore', 'ignore_ament_install']
[0.686s] Level 1:colcon.colcon_core.package_identification:_identify(ros2_nodes) by extension 'ignore'
[0.687s] Level 1:colcon.colcon_core.package_identification:_identify(ros2_nodes) by extension 'ignore_ament_install'
[0.687s] Level 1:colcon.colcon_core.package_identification:_identify(ros2_nodes) by extensions ['colcon_pkg']
[0.689s] Level 1:colcon.colcon_core.package_identification:_identify(ros2_nodes) by extension 'colcon_pkg'
[0.689s] Level 1:colcon.colcon_core.package_identification:_identify(ros2_nodes) by extensions ['colcon_meta']
[0.689s] Level 1:colcon.colcon_core.package_identification:_identify(ros2_nodes) by extension 'colcon_meta'
[0.690s] Level 1:colcon.colcon_core.package_identification:_identify(ros2_nodes) by extensions ['ros']
[0.690s] Level 1:colcon.colcon_core.package_identification:_identify(ros2_nodes) by extension 'ros'
[0.690s] Level 1:colcon.colcon_core.package_identification:_identify(ros2_nodes) by extensions ['cmake', 'python']
[0.690s] Level 1:colcon.colcon_core.package_identification:_identify(ros2_nodes) by extension 'cmake'
[0.691s] Level 1:colcon.colcon_core.package_identification:_identify(ros2_nodes) by extension 'python'
[0.691s] Level 1:colcon.colcon_core.package_identification:_identify(ros2_nodes) by extensions ['python_setup_py']
[0.691s] Level 1:colcon.colcon_core.package_identification:_identify(ros2_nodes) by extension 'python_setup_py'
[0.692s] Level 1:colcon.colcon_core.package_identification:_identify(ros2_nodes/build) by extensions ['ignore', 'ignore_ament_install']
[0.692s] Level 1:colcon.colcon_core.package_identification:_identify(ros2_nodes/build) by extension 'ignore'
[0.692s] Level 1:colcon.colcon_core.package_identification:_identify(ros2_nodes/build) ignored
[0.692s] Level 1:colcon.colcon_core.package_identification:_identify(ros2_nodes/install) by extensions ['ignore', 'ignore_ament_install']
[0.692s] Level 1:colcon.colcon_core.package_identification:_identify(ros2_nodes/install) by extension 'ignore'
[0.693s] Level 1:colcon.colcon_core.package_identification:_identify(ros2_nodes/install) ignored
[0.693s] Level 1:colcon.colcon_core.package_identification:_identify(ros2_nodes/launch) by extensions ['ignore', 'ignore_ament_install']
[0.693s] Level 1:colcon.colcon_core.package_identification:_identify(ros2_nodes/launch) by extension 'ignore'
[0.693s] Level 1:colcon.colcon_core.package_identification:_identify(ros2_nodes/launch) by extension 'ignore_ament_install'
[0.693s] Level 1:colcon.colcon_core.package_identification:_identify(ros2_nodes/launch) by extensions ['colcon_pkg']
[0.693s] Level 1:colcon.colcon_core.package_identification:_identify(ros2_nodes/launch) by extension 'colcon_pkg'
[0.694s] Level 1:colcon.colcon_core.package_identification:_identify(ros2_nodes/launch) by extensions ['colcon_meta']
[0.694s] Level 1:colcon.colcon_core.package_identification:_identify(ros2_nodes/launch) by extension 'colcon_meta'
[0.694s] Level 1:colcon.colcon_core.package_identification:_identify(ros2_nodes/launch) by extensions ['ros']
[0.694s] Level 1:colcon.colcon_core.package_identification:_identify(ros2_nodes/launch) by extension 'ros'
[0.694s] Level 1:colcon.colcon_core.package_identification:_identify(ros2_nodes/launch) by extensions ['cmake', 'python']
[0.694s] Level 1:colcon.colcon_core.package_identification:_identify(ros2_nodes/launch) by extension 'cmake'
[0.695s] Level 1:colcon.colcon_core.package_identification:_identify(ros2_nodes/launch) by extension 'python'
[0.695s] Level 1:colcon.colcon_core.package_identification:_identify(ros2_nodes/launch) by extensions ['python_setup_py']
[0.695s] Level 1:colcon.colcon_core.package_identification:_identify(ros2_nodes/launch) by extension 'python_setup_py'
[0.695s] Level 1:colcon.colcon_core.package_identification:_identify(ros2_nodes/launch/__pycache__) by extensions ['ignore', 'ignore_ament_install']
[0.695s] Level 1:colcon.colcon_core.package_identification:_identify(ros2_nodes/launch/__pycache__) by extension 'ignore'
[0.695s] Level 1:colcon.colcon_core.package_identification:_identify(ros2_nodes/launch/__pycache__) by extension 'ignore_ament_install'
[0.696s] Level 1:colcon.colcon_core.package_identification:_identify(ros2_nodes/launch/__pycache__) by extensions ['colcon_pkg']
[0.696s] Level 1:colcon.colcon_core.package_identification:_identify(ros2_nodes/launch/__pycache__) by extension 'colcon_pkg'
[0.696s] Level 1:colcon.colcon_core.package_identification:_identify(ros2_nodes/launch/__pycache__) by extensions ['colcon_meta']
[0.696s] Level 1:colcon.colcon_core.package_identification:_identify(ros2_nodes/launch/__pycache__) by extension 'colcon_meta'
[0.696s] Level 1:colcon.colcon_core.package_identification:_identify(ros2_nodes/launch/__pycache__) by extensions ['ros']
[0.696s] Level 1:colcon.colcon_core.package_identification:_identify(ros2_nodes/launch/__pycache__) by extension 'ros'
[0.697s] Level 1:colcon.colcon_core.package_identification:_identify(ros2_nodes/launch/__pycache__) by extensions ['cmake', 'python']
[0.697s] Level 1:colcon.colcon_core.package_identification:_identify(ros2_nodes/launch/__pycache__) by extension 'cmake'
[0.697s] Level 1:colcon.colcon_core.package_identification:_identify(ros2_nodes/launch/__pycache__) by extension 'python'
[0.697s] Level 1:colcon.colcon_core.package_identification:_identify(ros2_nodes/launch/__pycache__) by extensions ['python_setup_py']
[0.697s] Level 1:colcon.colcon_core.package_identification:_identify(ros2_nodes/launch/__pycache__) by extension 'python_setup_py'
[0.697s] Level 1:colcon.colcon_core.package_identification:_identify(ros2_nodes/launch/build) by extensions ['ignore', 'ignore_ament_install']
[0.697s] Level 1:colcon.colcon_core.package_identification:_identify(ros2_nodes/launch/build) by extension 'ignore'
[0.698s] Level 1:colcon.colcon_core.package_identification:_identify(ros2_nodes/launch/build) ignored
[0.698s] Level 1:colcon.colcon_core.package_identification:_identify(ros2_nodes/launch/install) by extensions ['ignore', 'ignore_ament_install']
[0.698s] Level 1:colcon.colcon_core.package_identification:_identify(ros2_nodes/launch/install) by extension 'ignore'
[0.698s] Level 1:colcon.colcon_core.package_identification:_identify(ros2_nodes/launch/install) ignored
[0.698s] Level 1:colcon.colcon_core.package_identification:_identify(ros2_nodes/launch/log) by extensions ['ignore', 'ignore_ament_install']
[0.699s] Level 1:colcon.colcon_core.package_identification:_identify(ros2_nodes/launch/log) by extension 'ignore'
[0.699s] Level 1:colcon.colcon_core.package_identification:_identify(ros2_nodes/launch/log) ignored
[0.699s] Level 1:colcon.colcon_core.package_identification:_identify(ros2_nodes/log) by extensions ['ignore', 'ignore_ament_install']
[0.699s] Level 1:colcon.colcon_core.package_identification:_identify(ros2_nodes/log) by extension 'ignore'
[0.699s] Level 1:colcon.colcon_core.package_identification:_identify(ros2_nodes/log) ignored
[0.700s] Level 1:colcon.colcon_core.package_identification:_identify(ros2_nodes/src) by extensions ['ignore', 'ignore_ament_install']
[0.700s] Level 1:colcon.colcon_core.package_identification:_identify(ros2_nodes/src) by extension 'ignore'
[0.700s] Level 1:colcon.colcon_core.package_identification:_identify(ros2_nodes/src) by extension 'ignore_ament_install'
[0.700s] Level 1:colcon.colcon_core.package_identification:_identify(ros2_nodes/src) by extensions ['colcon_pkg']
[0.700s] Level 1:colcon.colcon_core.package_identification:_identify(ros2_nodes/src) by extension 'colcon_pkg'
[0.700s] Level 1:colcon.colcon_core.package_identification:_identify(ros2_nodes/src) by extensions ['colcon_meta']
[0.701s] Level 1:colcon.colcon_core.package_identification:_identify(ros2_nodes/src) by extension 'colcon_meta'
[0.701s] Level 1:colcon.colcon_core.package_identification:_identify(ros2_nodes/src) by extensions ['ros']
[0.701s] Level 1:colcon.colcon_core.package_identification:_identify(ros2_nodes/src) by extension 'ros'
[0.701s] Level 1:colcon.colcon_core.package_identification:_identify(ros2_nodes/src) by extensions ['cmake', 'python']
[0.701s] Level 1:colcon.colcon_core.package_identification:_identify(ros2_nodes/src) by extension 'cmake'
[0.701s] Level 1:colcon.colcon_core.package_identification:_identify(ros2_nodes/src) by extension 'python'
[0.701s] Level 1:colcon.colcon_core.package_identification:_identify(ros2_nodes/src) by extensions ['python_setup_py']
[0.702s] Level 1:colcon.colcon_core.package_identification:_identify(ros2_nodes/src) by extension 'python_setup_py'
[0.702s] Level 1:colcon.colcon_core.package_identification:_identify(ros2_nodes/src/asdfr_interfaces) by extensions ['ignore', 'ignore_ament_install']
[0.702s] Level 1:colcon.colcon_core.package_identification:_identify(ros2_nodes/src/asdfr_interfaces) by extension 'ignore'
[0.702s] Level 1:colcon.colcon_core.package_identification:_identify(ros2_nodes/src/asdfr_interfaces) by extension 'ignore_ament_install'
[0.702s] Level 1:colcon.colcon_core.package_identification:_identify(ros2_nodes/src/asdfr_interfaces) by extensions ['colcon_pkg']
[0.702s] Level 1:colcon.colcon_core.package_identification:_identify(ros2_nodes/src/asdfr_interfaces) by extension 'colcon_pkg'
[0.703s] Level 1:colcon.colcon_core.package_identification:_identify(ros2_nodes/src/asdfr_interfaces) by extensions ['colcon_meta']
[0.703s] Level 1:colcon.colcon_core.package_identification:_identify(ros2_nodes/src/asdfr_interfaces) by extension 'colcon_meta'
[0.703s] Level 1:colcon.colcon_core.package_identification:_identify(ros2_nodes/src/asdfr_interfaces) by extensions ['ros']
[0.703s] Level 1:colcon.colcon_core.package_identification:_identify(ros2_nodes/src/asdfr_interfaces) by extension 'ros'
[0.704s] DEBUG:colcon.colcon_core.package_identification:Package 'ros2_nodes/src/asdfr_interfaces' with type 'ros.ament_cmake' and name 'asdfr_interfaces'
[0.704s] Level 1:colcon.colcon_core.package_identification:_identify(ros2_nodes/src/build) by extensions ['ignore', 'ignore_ament_install']
[0.704s] Level 1:colcon.colcon_core.package_identification:_identify(ros2_nodes/src/build) by extension 'ignore'
[0.704s] Level 1:colcon.colcon_core.package_identification:_identify(ros2_nodes/src/build) ignored
[0.704s] Level 1:colcon.colcon_core.package_identification:_identify(ros2_nodes/src/install) by extensions ['ignore', 'ignore_ament_install']
[0.705s] Level 1:colcon.colcon_core.package_identification:_identify(ros2_nodes/src/install) by extension 'ignore'
[0.705s] Level 1:colcon.colcon_core.package_identification:_identify(ros2_nodes/src/install) ignored
[0.705s] Level 1:colcon.colcon_core.package_identification:_identify(ros2_nodes/src/jiwy_controller) by extensions ['ignore', 'ignore_ament_install']
[0.705s] Level 1:colcon.colcon_core.package_identification:_identify(ros2_nodes/src/jiwy_controller) by extension 'ignore'
[0.705s] Level 1:colcon.colcon_core.package_identification:_identify(ros2_nodes/src/jiwy_controller) by extension 'ignore_ament_install'
[0.706s] Level 1:colcon.colcon_core.package_identification:_identify(ros2_nodes/src/jiwy_controller) by extensions ['colcon_pkg']
[0.706s] Level 1:colcon.colcon_core.package_identification:_identify(ros2_nodes/src/jiwy_controller) by extension 'colcon_pkg'
[0.706s] Level 1:colcon.colcon_core.package_identification:_identify(ros2_nodes/src/jiwy_controller) by extensions ['colcon_meta']
[0.706s] Level 1:colcon.colcon_core.package_identification:_identify(ros2_nodes/src/jiwy_controller) by extension 'colcon_meta'
[0.706s] Level 1:colcon.colcon_core.package_identification:_identify(ros2_nodes/src/jiwy_controller) by extensions ['ros']
[0.706s] Level 1:colcon.colcon_core.package_identification:_identify(ros2_nodes/src/jiwy_controller) by extension 'ros'
[0.708s] DEBUG:colcon.colcon_core.package_identification:Package 'ros2_nodes/src/jiwy_controller' with type 'ros.ament_cmake' and name 'jiwy_controller'
[0.708s] Level 1:colcon.colcon_core.package_identification:_identify(ros2_nodes/src/jiwy_simulator) by extensions ['ignore', 'ignore_ament_install']
[0.708s] Level 1:colcon.colcon_core.package_identification:_identify(ros2_nodes/src/jiwy_simulator) by extension 'ignore'
[0.708s] Level 1:colcon.colcon_core.package_identification:_identify(ros2_nodes/src/jiwy_simulator) by extension 'ignore_ament_install'
[0.708s] Level 1:colcon.colcon_core.package_identification:_identify(ros2_nodes/src/jiwy_simulator) by extensions ['colcon_pkg']
[0.709s] Level 1:colcon.colcon_core.package_identification:_identify(ros2_nodes/src/jiwy_simulator) by extension 'colcon_pkg'
[0.709s] Level 1:colcon.colcon_core.package_identification:_identify(ros2_nodes/src/jiwy_simulator) by extensions ['colcon_meta']
[0.709s] Level 1:colcon.colcon_core.package_identification:_identify(ros2_nodes/src/jiwy_simulator) by extension 'colcon_meta'
[0.709s] Level 1:colcon.colcon_core.package_identification:_identify(ros2_nodes/src/jiwy_simulator) by extensions ['ros']
[0.709s] Level 1:colcon.colcon_core.package_identification:_identify(ros2_nodes/src/jiwy_simulator) by extension 'ros'
[0.710s] DEBUG:colcon.colcon_core.package_identification:Package 'ros2_nodes/src/jiwy_simulator' with type 'ros.ament_cmake' and name 'jiwy_simulator'
[0.711s] Level 1:colcon.colcon_core.package_identification:_identify(ros2_nodes/src/log) by extensions ['ignore', 'ignore_ament_install']
[0.711s] Level 1:colcon.colcon_core.package_identification:_identify(ros2_nodes/src/log) by extension 'ignore'
[0.711s] Level 1:colcon.colcon_core.package_identification:_identify(ros2_nodes/src/log) ignored
[0.711s] Level 1:colcon.colcon_core.package_discovery:discover_packages(recursive) using defaults
[0.711s] Level 1:colcon.colcon_core.package_discovery:discover_packages(ignore) discover
[0.711s] Level 1:colcon.colcon_core.package_discovery:discover_packages(ignore) using defaults
[0.712s] Level 1:colcon.colcon_core.package_discovery:discover_packages(path) discover
[0.712s] Level 1:colcon.colcon_core.package_discovery:discover_packages(path) using defaults
[0.734s] Level 1:colcon.colcon_core.package_discovery:discover_packages(prefix_path) check parameters
[0.734s] Level 1:colcon.colcon_core.package_discovery:discover_packages(prefix_path) discover
[0.737s] DEBUG:colcon.colcon_installed_package_information.package_discovery:Found 284 installed packages in /opt/ros/humble
[0.739s] Level 1:colcon.colcon_core.package_discovery:discover_packages(prefix_path) using defaults
[0.813s] Level 5:colcon.colcon_core.verb:set package 'asdfr_interfaces' build argument 'cmake_args' from command line to 'None'
[0.813s] Level 5:colcon.colcon_core.verb:set package 'asdfr_interfaces' build argument 'cmake_target' from command line to 'None'
[0.813s] Level 5:colcon.colcon_core.verb:set package 'asdfr_interfaces' build argument 'cmake_target_skip_unavailable' from command line to 'False'
[0.813s] Level 5:colcon.colcon_core.verb:set package 'asdfr_interfaces' build argument 'cmake_clean_cache' from command line to 'False'
[0.814s] Level 5:colcon.colcon_core.verb:set package 'asdfr_interfaces' build argument 'cmake_clean_first' from command line to 'False'
[0.814s] Level 5:colcon.colcon_core.verb:set package 'asdfr_interfaces' build argument 'cmake_force_configure' from command line to 'False'
[0.814s] Level 5:colcon.colcon_core.verb:set package 'asdfr_interfaces' build argument 'ament_cmake_args' from command line to 'None'
[0.814s] Level 5:colcon.colcon_core.verb:set package 'asdfr_interfaces' build argument 'catkin_cmake_args' from command line to 'None'
[0.814s] Level 5:colcon.colcon_core.verb:set package 'asdfr_interfaces' build argument 'catkin_skip_building_tests' from command line to 'False'
[0.814s] DEBUG:colcon.colcon_core.verb:Building package 'asdfr_interfaces' with the following arguments: {'ament_cmake_args': None, 'build_base': '/home/ram-user/ASDFR/src/build/asdfr_interfaces', 'catkin_cmake_args': None, 'catkin_skip_building_tests': False, 'cmake_args': None, 'cmake_clean_cache': False, 'cmake_clean_first': False, 'cmake_force_configure': False, 'cmake_target': None, 'cmake_target_skip_unavailable': False, 'install_base': '/home/ram-user/ASDFR/src/install/asdfr_interfaces', 'merge_install': False, 'path': '/home/ram-user/ASDFR/src/ros2_nodes/src/asdfr_interfaces', 'symlink_install': False, 'test_result_base': None}
[0.815s] Level 5:colcon.colcon_core.verb:set package 'image_processing' build argument 'cmake_args' from command line to 'None'
[0.815s] Level 5:colcon.colcon_core.verb:set package 'image_processing' build argument 'cmake_target' from command line to 'None'
[0.816s] Level 5:colcon.colcon_core.verb:set package 'image_processing' build argument 'cmake_target_skip_unavailable' from command line to 'False'
[0.816s] Level 5:colcon.colcon_core.verb:set package 'image_processing' build argument 'cmake_clean_cache' from command line to 'False'
[0.816s] Level 5:colcon.colcon_core.verb:set package 'image_processing' build argument 'cmake_clean_first' from command line to 'False'
[0.816s] Level 5:colcon.colcon_core.verb:set package 'image_processing' build argument 'cmake_force_configure' from command line to 'False'
[0.816s] Level 5:colcon.colcon_core.verb:set package 'image_processing' build argument 'ament_cmake_args' from command line to 'None'
[0.816s] Level 5:colcon.colcon_core.verb:set package 'image_processing' build argument 'catkin_cmake_args' from command line to 'None'
[0.816s] Level 5:colcon.colcon_core.verb:set package 'image_processing' build argument 'catkin_skip_building_tests' from command line to 'False'
[0.816s] DEBUG:colcon.colcon_core.verb:Building package 'image_processing' with the following arguments: {'ament_cmake_args': None, 'build_base': '/home/ram-user/ASDFR/src/build/image_processing', 'catkin_cmake_args': None, 'catkin_skip_building_tests': False, 'cmake_args': None, 'cmake_clean_cache': False, 'cmake_clean_first': False, 'cmake_force_configure': False, 'cmake_target': None, 'cmake_target_skip_unavailable': False, 'install_base': '/home/ram-user/ASDFR/src/install/image_processing', 'merge_install': False, 'path': '/home/ram-user/ASDFR/src/image_processing', 'symlink_install': False, 'test_result_base': None}
[0.825s] Level 5:colcon.colcon_core.verb:set package 'jiwy_controller' build argument 'cmake_args' from command line to 'None'
[0.825s] Level 5:colcon.colcon_core.verb:set package 'jiwy_controller' build argument 'cmake_target' from command line to 'None'
[0.827s] Level 5:colcon.colcon_core.verb:set package 'jiwy_controller' build argument 'cmake_target_skip_unavailable' from command line to 'False'
[0.827s] Level 5:colcon.colcon_core.verb:set package 'jiwy_controller' build argument 'cmake_clean_cache' from command line to 'False'
[0.827s] Level 5:colcon.colcon_core.verb:set package 'jiwy_controller' build argument 'cmake_clean_first' from command line to 'False'
[0.827s] Level 5:colcon.colcon_core.verb:set package 'jiwy_controller' build argument 'cmake_force_configure' from command line to 'False'
[0.827s] Level 5:colcon.colcon_core.verb:set package 'jiwy_controller' build argument 'ament_cmake_args' from command line to 'None'
[0.828s] Level 5:colcon.colcon_core.verb:set package 'jiwy_controller' build argument 'catkin_cmake_args' from command line to 'None'
[0.828s] Level 5:colcon.colcon_core.verb:set package 'jiwy_controller' build argument 'catkin_skip_building_tests' from command line to 'False'
[0.828s] DEBUG:colcon.colcon_core.verb:Building package 'jiwy_controller' with the following arguments: {'ament_cmake_args': None, 'build_base': '/home/ram-user/ASDFR/src/build/jiwy_controller', 'catkin_cmake_args': None, 'catkin_skip_building_tests': False, 'cmake_args': None, 'cmake_clean_cache': False, 'cmake_clean_first': False, 'cmake_force_configure': False, 'cmake_target': None, 'cmake_target_skip_unavailable': False, 'install_base': '/home/ram-user/ASDFR/src/install/jiwy_controller', 'merge_install': False, 'path': '/home/ram-user/ASDFR/src/ros2_nodes/src/jiwy_controller', 'symlink_install': False, 'test_result_base': None}
[0.829s] Level 5:colcon.colcon_core.verb:set package 'jiwy_simulator' build argument 'cmake_args' from command line to 'None'
[0.829s] Level 5:colcon.colcon_core.verb:set package 'jiwy_simulator' build argument 'cmake_target' from command line to 'None'
[0.829s] Level 5:colcon.colcon_core.verb:set package 'jiwy_simulator' build argument 'cmake_target_skip_unavailable' from command line to 'False'
[0.829s] Level 5:colcon.colcon_core.verb:set package 'jiwy_simulator' build argument 'cmake_clean_cache' from command line to 'False'
[0.829s] Level 5:colcon.colcon_core.verb:set package 'jiwy_simulator' build argument 'cmake_clean_first' from command line to 'False'
[0.829s] Level 5:colcon.colcon_core.verb:set package 'jiwy_simulator' build argument 'cmake_force_configure' from command line to 'False'
[0.829s] Level 5:colcon.colcon_core.verb:set package 'jiwy_simulator' build argument 'ament_cmake_args' from command line to 'None'
[0.829s] Level 5:colcon.colcon_core.verb:set package 'jiwy_simulator' build argument 'catkin_cmake_args' from command line to 'None'
[0.829s] Level 5:colcon.colcon_core.verb:set package 'jiwy_simulator' build argument 'catkin_skip_building_tests' from command line to 'False'
[0.829s] DEBUG:colcon.colcon_core.verb:Building package 'jiwy_simulator' with the following arguments: {'ament_cmake_args': None, 'build_base': '/home/ram-user/ASDFR/src/build/jiwy_simulator', 'catkin_cmake_args': None, 'catkin_skip_building_tests': False, 'cmake_args': None, 'cmake_clean_cache': False, 'cmake_clean_first': False, 'cmake_force_configure': False, 'cmake_target': None, 'cmake_target_skip_unavailable': False, 'install_base': '/home/ram-user/ASDFR/src/install/jiwy_simulator', 'merge_install': False, 'path': '/home/ram-user/ASDFR/src/ros2_nodes/src/jiwy_simulator', 'symlink_install': False, 'test_result_base': None}
[0.830s] INFO:colcon.colcon_core.executor:Executing jobs using 'parallel' executor
[0.843s] DEBUG:colcon.colcon_parallel_executor.executor.parallel:run_until_complete
[0.843s] INFO:colcon.colcon_ros.task.ament_cmake.build:Building ROS package in '/home/ram-user/ASDFR/src/ros2_nodes/src/asdfr_interfaces' with build type 'ament_cmake'
[0.844s] INFO:colcon.colcon_cmake.task.cmake.build:Building CMake package in '/home/ram-user/ASDFR/src/ros2_nodes/src/asdfr_interfaces'
[0.851s] INFO:colcon.colcon_core.plugin_system:Skipping extension 'colcon_core.shell.bat': Not used on non-Windows systems
[0.851s] INFO:colcon.colcon_core.shell:Skip shell extension 'powershell' for command environment: Not usable outside of PowerShell
[0.851s] DEBUG:colcon.colcon_core.shell:Skip shell extension 'dsv' for command environment
[0.874s] INFO:colcon.colcon_ros.task.ament_cmake.build:Building ROS package in '/home/ram-user/ASDFR/src/image_processing' with build type 'ament_cmake'
[0.875s] INFO:colcon.colcon_cmake.task.cmake.build:Building CMake package in '/home/ram-user/ASDFR/src/image_processing'
[0.877s] INFO:colcon.colcon_core.shell:Skip shell extension 'powershell' for command environment: Not usable outside of PowerShell
[0.879s] DEBUG:colcon.colcon_core.shell:Skip shell extension 'dsv' for command environment
[0.916s] DEBUG:colcon.colcon_core.event_handler.log_command:Invoking command in '/home/ram-user/ASDFR/src/build/asdfr_interfaces': CMAKE_PREFIX_PATH=/opt/ros/humble /usr/bin/cmake --build /home/ram-user/ASDFR/src/build/asdfr_interfaces -- -j2 -l2
[0.952s] DEBUG:colcon.colcon_core.event_handler.log_command:Invoking command in '/home/ram-user/ASDFR/src/build/image_processing': CMAKE_PREFIX_PATH=/opt/ros/humble /usr/bin/cmake --build /home/ram-user/ASDFR/src/build/image_processing -- -j2 -l2
[1.246s] DEBUG:colcon.colcon_core.event_handler.log_command:Invoked command in '/home/ram-user/ASDFR/src/build/image_processing' returned '0': CMAKE_PREFIX_PATH=/opt/ros/humble /usr/bin/cmake --build /home/ram-user/ASDFR/src/build/image_processing -- -j2 -l2
[1.300s] DEBUG:colcon.colcon_core.event_handler.log_command:Invoking command in '/home/ram-user/ASDFR/src/build/image_processing': CMAKE_PREFIX_PATH=/opt/ros/humble /usr/bin/cmake --install /home/ram-user/ASDFR/src/build/image_processing
[1.318s] Level 1:colcon.colcon_core.environment:create_environment_scripts_only(image_processing)
[1.318s] DEBUG:colcon.colcon_core.event_handler.log_command:Invoked command in '/home/ram-user/ASDFR/src/build/image_processing' returned '0': CMAKE_PREFIX_PATH=/opt/ros/humble /usr/bin/cmake --install /home/ram-user/ASDFR/src/build/image_processing
[1.323s] Level 1:colcon.colcon_core.environment:checking '/home/ram-user/ASDFR/src/install/image_processing' for CMake module files
[1.323s] Level 1:colcon.colcon_core.environment:checking '/home/ram-user/ASDFR/src/install/image_processing' for CMake config files
[1.324s] Level 1:colcon.colcon_core.shell:create_environment_hook('image_processing', 'cmake_prefix_path')
[1.326s] INFO:colcon.colcon_core.shell:Creating environment hook '/home/ram-user/ASDFR/src/install/image_processing/share/image_processing/hook/cmake_prefix_path.ps1'
[1.327s] INFO:colcon.colcon_core.shell:Creating environment descriptor '/home/ram-user/ASDFR/src/install/image_processing/share/image_processing/hook/cmake_prefix_path.dsv'
[1.328s] INFO:colcon.colcon_core.shell:Creating environment hook '/home/ram-user/ASDFR/src/install/image_processing/share/image_processing/hook/cmake_prefix_path.sh'
[1.329s] Level 1:colcon.colcon_core.environment:checking '/home/ram-user/ASDFR/src/install/image_processing/lib'
[1.330s] Level 1:colcon.colcon_core.environment:checking '/home/ram-user/ASDFR/src/install/image_processing/bin'
[1.330s] Level 1:colcon.colcon_core.environment:checking '/home/ram-user/ASDFR/src/install/image_processing/lib/pkgconfig/image_processing.pc'
[1.330s] Level 1:colcon.colcon_core.environment:checking '/home/ram-user/ASDFR/src/install/image_processing/lib/python3.10/site-packages'
[1.330s] Level 1:colcon.colcon_core.environment:checking '/home/ram-user/ASDFR/src/install/image_processing/bin'
[1.332s] INFO:colcon.colcon_core.shell:Creating package script '/home/ram-user/ASDFR/src/install/image_processing/share/image_processing/package.ps1'
[1.333s] INFO:colcon.colcon_core.shell:Creating package descriptor '/home/ram-user/ASDFR/src/install/image_processing/share/image_processing/package.dsv'
[1.334s] INFO:colcon.colcon_core.shell:Creating package script '/home/ram-user/ASDFR/src/install/image_processing/share/image_processing/package.sh'
[1.335s] INFO:colcon.colcon_core.shell:Creating package script '/home/ram-user/ASDFR/src/install/image_processing/share/image_processing/package.bash'
[1.336s] INFO:colcon.colcon_core.shell:Creating package script '/home/ram-user/ASDFR/src/install/image_processing/share/image_processing/package.zsh'
[1.337s] Level 1:colcon.colcon_core.environment:create_file_with_runtime_dependencies(/home/ram-user/ASDFR/src/install/image_processing/share/colcon-core/packages/image_processing)
[1.377s] Level 1:colcon.colcon_core.environment:create_environment_scripts_only(image_processing)
[1.400s] Level 1:colcon.colcon_core.environment:checking '/home/ram-user/ASDFR/src/install/image_processing' for CMake module files
[1.400s] Level 1:colcon.colcon_core.environment:checking '/home/ram-user/ASDFR/src/install/image_processing' for CMake config files
[1.401s] Level 1:colcon.colcon_core.shell:create_environment_hook('image_processing', 'cmake_prefix_path')
[1.402s] INFO:colcon.colcon_core.shell:Creating environment hook '/home/ram-user/ASDFR/src/install/image_processing/share/image_processing/hook/cmake_prefix_path.ps1'
[1.402s] INFO:colcon.colcon_core.shell:Creating environment descriptor '/home/ram-user/ASDFR/src/install/image_processing/share/image_processing/hook/cmake_prefix_path.dsv'
[1.408s] INFO:colcon.colcon_core.shell:Creating environment hook '/home/ram-user/ASDFR/src/install/image_processing/share/image_processing/hook/cmake_prefix_path.sh'
[1.408s] Level 1:colcon.colcon_core.environment:checking '/home/ram-user/ASDFR/src/install/image_processing/lib'
[1.408s] Level 1:colcon.colcon_core.environment:checking '/home/ram-user/ASDFR/src/install/image_processing/bin'
[1.409s] Level 1:colcon.colcon_core.environment:checking '/home/ram-user/ASDFR/src/install/image_processing/lib/pkgconfig/image_processing.pc'
[1.409s] Level 1:colcon.colcon_core.environment:checking '/home/ram-user/ASDFR/src/install/image_processing/lib/python3.10/site-packages'
[1.409s] Level 1:colcon.colcon_core.environment:checking '/home/ram-user/ASDFR/src/install/image_processing/bin'
[1.412s] INFO:colcon.colcon_core.shell:Creating package script '/home/ram-user/ASDFR/src/install/image_processing/share/image_processing/package.ps1'
[1.414s] INFO:colcon.colcon_core.shell:Creating package descriptor '/home/ram-user/ASDFR/src/install/image_processing/share/image_processing/package.dsv'
[1.414s] INFO:colcon.colcon_core.shell:Creating package script '/home/ram-user/ASDFR/src/install/image_processing/share/image_processing/package.sh'
[1.415s] INFO:colcon.colcon_core.shell:Creating package script '/home/ram-user/ASDFR/src/install/image_processing/share/image_processing/package.bash'
[1.416s] INFO:colcon.colcon_core.shell:Creating package script '/home/ram-user/ASDFR/src/install/image_processing/share/image_processing/package.zsh'
[1.417s] Level 1:colcon.colcon_core.environment:create_file_with_runtime_dependencies(/home/ram-user/ASDFR/src/install/image_processing/share/colcon-core/packages/image_processing)
[1.811s] DEBUG:colcon.colcon_core.event_handler.log_command:Invoked command in '/home/ram-user/ASDFR/src/build/asdfr_interfaces' returned '0': CMAKE_PREFIX_PATH=/opt/ros/humble /usr/bin/cmake --build /home/ram-user/ASDFR/src/build/asdfr_interfaces -- -j2 -l2
[1.865s] DEBUG:colcon.colcon_core.event_handler.log_command:Invoking command in '/home/ram-user/ASDFR/src/build/asdfr_interfaces': CMAKE_PREFIX_PATH=/opt/ros/humble /usr/bin/cmake --install /home/ram-user/ASDFR/src/build/asdfr_interfaces
[1.919s] Level 1:colcon.colcon_core.environment:create_environment_scripts_only(asdfr_interfaces)
[1.921s] Level 1:colcon.colcon_core.environment:checking '/home/ram-user/ASDFR/src/install/asdfr_interfaces' for CMake module files
[1.922s] Level 1:colcon.colcon_core.environment:checking '/home/ram-user/ASDFR/src/install/asdfr_interfaces' for CMake config files
[1.922s] Level 1:colcon.colcon_core.shell:create_environment_hook('asdfr_interfaces', 'cmake_prefix_path')
[1.923s] INFO:colcon.colcon_core.shell:Creating environment hook '/home/ram-user/ASDFR/src/install/asdfr_interfaces/share/asdfr_interfaces/hook/cmake_prefix_path.ps1'
[1.924s] INFO:colcon.colcon_core.shell:Creating environment descriptor '/home/ram-user/ASDFR/src/install/asdfr_interfaces/share/asdfr_interfaces/hook/cmake_prefix_path.dsv'
[1.925s] INFO:colcon.colcon_core.shell:Creating environment hook '/home/ram-user/ASDFR/src/install/asdfr_interfaces/share/asdfr_interfaces/hook/cmake_prefix_path.sh'
[1.927s] Level 1:colcon.colcon_core.environment:checking '/home/ram-user/ASDFR/src/install/asdfr_interfaces/lib'
[1.927s] Level 1:colcon.colcon_core.shell:create_environment_hook('asdfr_interfaces', 'ld_library_path_lib')
[1.928s] INFO:colcon.colcon_core.shell:Creating environment hook '/home/ram-user/ASDFR/src/install/asdfr_interfaces/share/asdfr_interfaces/hook/ld_library_path_lib.ps1'
[1.929s] INFO:colcon.colcon_core.shell:Creating environment descriptor '/home/ram-user/ASDFR/src/install/asdfr_interfaces/share/asdfr_interfaces/hook/ld_library_path_lib.dsv'
[1.929s] INFO:colcon.colcon_core.shell:Creating environment hook '/home/ram-user/ASDFR/src/install/asdfr_interfaces/share/asdfr_interfaces/hook/ld_library_path_lib.sh'
[1.931s] Level 1:colcon.colcon_core.environment:checking '/home/ram-user/ASDFR/src/install/asdfr_interfaces/bin'
[1.939s] Level 1:colcon.colcon_core.environment:checking '/home/ram-user/ASDFR/src/install/asdfr_interfaces/lib/pkgconfig/asdfr_interfaces.pc'
[1.940s] Level 1:colcon.colcon_core.environment:checking '/home/ram-user/ASDFR/src/install/asdfr_interfaces/lib/python3.10/site-packages'
[1.940s] Level 1:colcon.colcon_core.environment:checking '/home/ram-user/ASDFR/src/install/asdfr_interfaces/bin'
[1.941s] INFO:colcon.colcon_core.shell:Creating package script '/home/ram-user/ASDFR/src/install/asdfr_interfaces/share/asdfr_interfaces/package.ps1'
[1.942s] INFO:colcon.colcon_core.shell:Creating package descriptor '/home/ram-user/ASDFR/src/install/asdfr_interfaces/share/asdfr_interfaces/package.dsv'
[1.931s] DEBUG:colcon.colcon_core.event_handler.log_command:Invoked command in '/home/ram-user/ASDFR/src/build/asdfr_interfaces' returned '0': CMAKE_PREFIX_PATH=/opt/ros/humble /usr/bin/cmake --install /home/ram-user/ASDFR/src/build/asdfr_interfaces
[1.942s] INFO:colcon.colcon_core.shell:Creating package script '/home/ram-user/ASDFR/src/install/asdfr_interfaces/share/asdfr_interfaces/package.sh'
[1.943s] INFO:colcon.colcon_core.shell:Creating package script '/home/ram-user/ASDFR/src/install/asdfr_interfaces/share/asdfr_interfaces/package.bash'
[1.943s] INFO:colcon.colcon_core.shell:Creating package script '/home/ram-user/ASDFR/src/install/asdfr_interfaces/share/asdfr_interfaces/package.zsh'
[1.943s] Level 1:colcon.colcon_core.environment:create_file_with_runtime_dependencies(/home/ram-user/ASDFR/src/install/asdfr_interfaces/share/colcon-core/packages/asdfr_interfaces)
[1.998s] Level 1:colcon.colcon_core.environment:create_environment_scripts_only(asdfr_interfaces)
[2.000s] Level 1:colcon.colcon_core.environment:checking '/home/ram-user/ASDFR/src/install/asdfr_interfaces' for CMake module files
[2.001s] Level 1:colcon.colcon_core.environment:checking '/home/ram-user/ASDFR/src/install/asdfr_interfaces' for CMake config files
[2.001s] Level 1:colcon.colcon_core.shell:create_environment_hook('asdfr_interfaces', 'cmake_prefix_path')
[2.003s] INFO:colcon.colcon_core.shell:Creating environment hook '/home/ram-user/ASDFR/src/install/asdfr_interfaces/share/asdfr_interfaces/hook/cmake_prefix_path.ps1'
[2.004s] INFO:colcon.colcon_core.shell:Creating environment descriptor '/home/ram-user/ASDFR/src/install/asdfr_interfaces/share/asdfr_interfaces/hook/cmake_prefix_path.dsv'
[2.004s] INFO:colcon.colcon_core.shell:Creating environment hook '/home/ram-user/ASDFR/src/install/asdfr_interfaces/share/asdfr_interfaces/hook/cmake_prefix_path.sh'
[2.005s] Level 1:colcon.colcon_core.environment:checking '/home/ram-user/ASDFR/src/install/asdfr_interfaces/lib'
[2.005s] Level 1:colcon.colcon_core.shell:create_environment_hook('asdfr_interfaces', 'ld_library_path_lib')
[2.006s] INFO:colcon.colcon_core.shell:Creating environment hook '/home/ram-user/ASDFR/src/install/asdfr_interfaces/share/asdfr_interfaces/hook/ld_library_path_lib.ps1'
[2.007s] INFO:colcon.colcon_core.shell:Creating environment descriptor '/home/ram-user/ASDFR/src/install/asdfr_interfaces/share/asdfr_interfaces/hook/ld_library_path_lib.dsv'
[2.007s] INFO:colcon.colcon_core.shell:Creating environment hook '/home/ram-user/ASDFR/src/install/asdfr_interfaces/share/asdfr_interfaces/hook/ld_library_path_lib.sh'
[2.008s] Level 1:colcon.colcon_core.environment:checking '/home/ram-user/ASDFR/src/install/asdfr_interfaces/bin'
[2.008s] Level 1:colcon.colcon_core.environment:checking '/home/ram-user/ASDFR/src/install/asdfr_interfaces/lib/pkgconfig/asdfr_interfaces.pc'
[2.009s] Level 1:colcon.colcon_core.environment:checking '/home/ram-user/ASDFR/src/install/asdfr_interfaces/lib/python3.10/site-packages'
[2.009s] Level 1:colcon.colcon_core.environment:checking '/home/ram-user/ASDFR/src/install/asdfr_interfaces/bin'
[2.010s] INFO:colcon.colcon_core.shell:Creating package script '/home/ram-user/ASDFR/src/install/asdfr_interfaces/share/asdfr_interfaces/package.ps1'
[2.011s] INFO:colcon.colcon_core.shell:Creating package descriptor '/home/ram-user/ASDFR/src/install/asdfr_interfaces/share/asdfr_interfaces/package.dsv'
[2.011s] INFO:colcon.colcon_core.shell:Creating package script '/home/ram-user/ASDFR/src/install/asdfr_interfaces/share/asdfr_interfaces/package.sh'
[2.012s] INFO:colcon.colcon_core.shell:Creating package script '/home/ram-user/ASDFR/src/install/asdfr_interfaces/share/asdfr_interfaces/package.bash'
[2.012s] INFO:colcon.colcon_core.shell:Creating package script '/home/ram-user/ASDFR/src/install/asdfr_interfaces/share/asdfr_interfaces/package.zsh'
[2.013s] Level 1:colcon.colcon_core.environment:create_file_with_runtime_dependencies(/home/ram-user/ASDFR/src/install/asdfr_interfaces/share/colcon-core/packages/asdfr_interfaces)
[2.014s] INFO:colcon.colcon_ros.task.ament_cmake.build:Building ROS package in '/home/ram-user/ASDFR/src/ros2_nodes/src/jiwy_controller' with build type 'ament_cmake'
[2.015s] INFO:colcon.colcon_cmake.task.cmake.build:Building CMake package in '/home/ram-user/ASDFR/src/ros2_nodes/src/jiwy_controller'
[2.016s] INFO:colcon.colcon_core.shell:Skip shell extension 'powershell' for command environment: Not usable outside of PowerShell
[2.016s] DEBUG:colcon.colcon_core.shell:Skip shell extension 'dsv' for command environment
[2.019s] INFO:colcon.colcon_ros.task.ament_cmake.build:Building ROS package in '/home/ram-user/ASDFR/src/ros2_nodes/src/jiwy_simulator' with build type 'ament_cmake'
[2.020s] INFO:colcon.colcon_cmake.task.cmake.build:Building CMake package in '/home/ram-user/ASDFR/src/ros2_nodes/src/jiwy_simulator'
[2.021s] INFO:colcon.colcon_core.shell:Skip shell extension 'powershell' for command environment: Not usable outside of PowerShell
[2.021s] DEBUG:colcon.colcon_core.shell:Skip shell extension 'dsv' for command environment
[2.045s] DEBUG:colcon.colcon_core.event_handler.log_command:Invoking command in '/home/ram-user/ASDFR/src/build/jiwy_controller': AMENT_PREFIX_PATH=/home/ram-user/ASDFR/src/install/asdfr_interfaces:${AMENT_PREFIX_PATH} CMAKE_PREFIX_PATH=/home/ram-user/ASDFR/src/install/asdfr_interfaces:/opt/ros/humble LD_LIBRARY_PATH=/home/ram-user/ASDFR/src/install/asdfr_interfaces/lib:${LD_LIBRARY_PATH} PYTHONPATH=/home/ram-user/ASDFR/src/install/asdfr_interfaces/local/lib/python3.10/dist-packages:${PYTHONPATH} /usr/bin/cmake --build /home/ram-user/ASDFR/src/build/jiwy_controller -- -j2 -l2
[2.063s] DEBUG:colcon.colcon_core.event_handler.log_command:Invoking command in '/home/ram-user/ASDFR/src/build/jiwy_simulator': AMENT_PREFIX_PATH=/home/ram-user/ASDFR/src/install/asdfr_interfaces:${AMENT_PREFIX_PATH} CMAKE_PREFIX_PATH=/home/ram-user/ASDFR/src/install/asdfr_interfaces:/opt/ros/humble LD_LIBRARY_PATH=/home/ram-user/ASDFR/src/install/asdfr_interfaces/lib:${LD_LIBRARY_PATH} PYTHONPATH=/home/ram-user/ASDFR/src/install/asdfr_interfaces/local/lib/python3.10/dist-packages:${PYTHONPATH} /usr/bin/cmake --build /home/ram-user/ASDFR/src/build/jiwy_simulator -- -j2 -l2
[2.162s] DEBUG:colcon.colcon_core.event_handler.log_command:Invoked command in '/home/ram-user/ASDFR/src/build/jiwy_simulator' returned '0': AMENT_PREFIX_PATH=/home/ram-user/ASDFR/src/install/asdfr_interfaces:${AMENT_PREFIX_PATH} CMAKE_PREFIX_PATH=/home/ram-user/ASDFR/src/install/asdfr_interfaces:/opt/ros/humble LD_LIBRARY_PATH=/home/ram-user/ASDFR/src/install/asdfr_interfaces/lib:${LD_LIBRARY_PATH} PYTHONPATH=/home/ram-user/ASDFR/src/install/asdfr_interfaces/local/lib/python3.10/dist-packages:${PYTHONPATH} /usr/bin/cmake --build /home/ram-user/ASDFR/src/build/jiwy_simulator -- -j2 -l2
[2.193s] DEBUG:colcon.colcon_core.event_handler.log_command:Invoking command in '/home/ram-user/ASDFR/src/build/jiwy_simulator': AMENT_PREFIX_PATH=/home/ram-user/ASDFR/src/install/asdfr_interfaces:${AMENT_PREFIX_PATH} CMAKE_PREFIX_PATH=/home/ram-user/ASDFR/src/install/asdfr_interfaces:/opt/ros/humble LD_LIBRARY_PATH=/home/ram-user/ASDFR/src/install/asdfr_interfaces/lib:${LD_LIBRARY_PATH} PYTHONPATH=/home/ram-user/ASDFR/src/install/asdfr_interfaces/local/lib/python3.10/dist-packages:${PYTHONPATH} /usr/bin/cmake --install /home/ram-user/ASDFR/src/build/jiwy_simulator
[2.205s] Level 1:colcon.colcon_core.environment:create_environment_scripts_only(jiwy_simulator)
[2.209s] Level 1:colcon.colcon_core.environment:checking '/home/ram-user/ASDFR/src/install/jiwy_simulator' for CMake module files
[2.212s] Level 1:colcon.colcon_core.environment:checking '/home/ram-user/ASDFR/src/install/jiwy_simulator' for CMake config files
[2.212s] Level 1:colcon.colcon_core.shell:create_environment_hook('jiwy_simulator', 'cmake_prefix_path')
[2.213s] INFO:colcon.colcon_core.shell:Creating environment hook '/home/ram-user/ASDFR/src/install/jiwy_simulator/share/jiwy_simulator/hook/cmake_prefix_path.ps1'
[2.215s] INFO:colcon.colcon_core.shell:Creating environment descriptor '/home/ram-user/ASDFR/src/install/jiwy_simulator/share/jiwy_simulator/hook/cmake_prefix_path.dsv'
[2.215s] INFO:colcon.colcon_core.shell:Creating environment hook '/home/ram-user/ASDFR/src/install/jiwy_simulator/share/jiwy_simulator/hook/cmake_prefix_path.sh'
[2.216s] Level 1:colcon.colcon_core.environment:checking '/home/ram-user/ASDFR/src/install/jiwy_simulator/lib'
[2.217s] Level 1:colcon.colcon_core.environment:checking '/home/ram-user/ASDFR/src/install/jiwy_simulator/bin'
[2.217s] Level 1:colcon.colcon_core.environment:checking '/home/ram-user/ASDFR/src/install/jiwy_simulator/lib/pkgconfig/jiwy_simulator.pc'
[2.217s] Level 1:colcon.colcon_core.environment:checking '/home/ram-user/ASDFR/src/install/jiwy_simulator/lib/python3.10/site-packages'
[2.217s] Level 1:colcon.colcon_core.environment:checking '/home/ram-user/ASDFR/src/install/jiwy_simulator/bin'
[2.218s] INFO:colcon.colcon_core.shell:Creating package script '/home/ram-user/ASDFR/src/install/jiwy_simulator/share/jiwy_simulator/package.ps1'
[2.219s] INFO:colcon.colcon_core.shell:Creating package descriptor '/home/ram-user/ASDFR/src/install/jiwy_simulator/share/jiwy_simulator/package.dsv'
[2.220s] INFO:colcon.colcon_core.shell:Creating package script '/home/ram-user/ASDFR/src/install/jiwy_simulator/share/jiwy_simulator/package.sh'
[2.220s] INFO:colcon.colcon_core.shell:Creating package script '/home/ram-user/ASDFR/src/install/jiwy_simulator/share/jiwy_simulator/package.bash'
[2.221s] INFO:colcon.colcon_core.shell:Creating package script '/home/ram-user/ASDFR/src/install/jiwy_simulator/share/jiwy_simulator/package.zsh'
[2.223s] Level 1:colcon.colcon_core.environment:create_file_with_runtime_dependencies(/home/ram-user/ASDFR/src/install/jiwy_simulator/share/colcon-core/packages/jiwy_simulator)
[2.228s] DEBUG:colcon.colcon_core.event_handler.log_command:Invoked command in '/home/ram-user/ASDFR/src/build/jiwy_simulator' returned '0': AMENT_PREFIX_PATH=/home/ram-user/ASDFR/src/install/asdfr_interfaces:${AMENT_PREFIX_PATH} CMAKE_PREFIX_PATH=/home/ram-user/ASDFR/src/install/asdfr_interfaces:/opt/ros/humble LD_LIBRARY_PATH=/home/ram-user/ASDFR/src/install/asdfr_interfaces/lib:${LD_LIBRARY_PATH} PYTHONPATH=/home/ram-user/ASDFR/src/install/asdfr_interfaces/local/lib/python3.10/dist-packages:${PYTHONPATH} /usr/bin/cmake --install /home/ram-user/ASDFR/src/build/jiwy_simulator
[2.229s] DEBUG:colcon.colcon_core.event_handler.log_command:Invoked command in '/home/ram-user/ASDFR/src/build/jiwy_controller' returned '0': AMENT_PREFIX_PATH=/home/ram-user/ASDFR/src/install/asdfr_interfaces:${AMENT_PREFIX_PATH} CMAKE_PREFIX_PATH=/home/ram-user/ASDFR/src/install/asdfr_interfaces:/opt/ros/humble LD_LIBRARY_PATH=/home/ram-user/ASDFR/src/install/asdfr_interfaces/lib:${LD_LIBRARY_PATH} PYTHONPATH=/home/ram-user/ASDFR/src/install/asdfr_interfaces/local/lib/python3.10/dist-packages:${PYTHONPATH} /usr/bin/cmake --build /home/ram-user/ASDFR/src/build/jiwy_controller -- -j2 -l2
[2.255s] Level 1:colcon.colcon_core.environment:create_environment_scripts_only(jiwy_simulator)
[2.257s] Level 1:colcon.colcon_core.environment:checking '/home/ram-user/ASDFR/src/install/jiwy_simulator' for CMake module files
[2.258s] Level 1:colcon.colcon_core.environment:checking '/home/ram-user/ASDFR/src/install/jiwy_simulator' for CMake config files
[2.258s] Level 1:colcon.colcon_core.shell:create_environment_hook('jiwy_simulator', 'cmake_prefix_path')
[2.259s] INFO:colcon.colcon_core.shell:Creating environment hook '/home/ram-user/ASDFR/src/install/jiwy_simulator/share/jiwy_simulator/hook/cmake_prefix_path.ps1'
[2.260s] INFO:colcon.colcon_core.shell:Creating environment descriptor '/home/ram-user/ASDFR/src/install/jiwy_simulator/share/jiwy_simulator/hook/cmake_prefix_path.dsv'
[2.260s] INFO:colcon.colcon_core.shell:Creating environment hook '/home/ram-user/ASDFR/src/install/jiwy_simulator/share/jiwy_simulator/hook/cmake_prefix_path.sh'
[2.262s] Level 1:colcon.colcon_core.environment:checking '/home/ram-user/ASDFR/src/install/jiwy_simulator/lib'
[2.262s] Level 1:colcon.colcon_core.environment:checking '/home/ram-user/ASDFR/src/install/jiwy_simulator/bin'
[2.262s] Level 1:colcon.colcon_core.environment:checking '/home/ram-user/ASDFR/src/install/jiwy_simulator/lib/pkgconfig/jiwy_simulator.pc'
[2.263s] Level 1:colcon.colcon_core.environment:checking '/home/ram-user/ASDFR/src/install/jiwy_simulator/lib/python3.10/site-packages'
[2.263s] Level 1:colcon.colcon_core.environment:checking '/home/ram-user/ASDFR/src/install/jiwy_simulator/bin'
[2.265s] INFO:colcon.colcon_core.shell:Creating package script '/home/ram-user/ASDFR/src/install/jiwy_simulator/share/jiwy_simulator/package.ps1'
[2.265s] INFO:colcon.colcon_core.shell:Creating package descriptor '/home/ram-user/ASDFR/src/install/jiwy_simulator/share/jiwy_simulator/package.dsv'
[2.266s] INFO:colcon.colcon_core.shell:Creating package script '/home/ram-user/ASDFR/src/install/jiwy_simulator/share/jiwy_simulator/package.sh'
[2.266s] INFO:colcon.colcon_core.shell:Creating package script '/home/ram-user/ASDFR/src/install/jiwy_simulator/share/jiwy_simulator/package.bash'
[2.267s] INFO:colcon.colcon_core.shell:Creating package script '/home/ram-user/ASDFR/src/install/jiwy_simulator/share/jiwy_simulator/package.zsh'
[2.268s] Level 1:colcon.colcon_core.environment:create_file_with_runtime_dependencies(/home/ram-user/ASDFR/src/install/jiwy_simulator/share/colcon-core/packages/jiwy_simulator)
[2.271s] DEBUG:colcon.colcon_core.event_handler.log_command:Invoking command in '/home/ram-user/ASDFR/src/build/jiwy_controller': AMENT_PREFIX_PATH=/home/ram-user/ASDFR/src/install/asdfr_interfaces:${AMENT_PREFIX_PATH} CMAKE_PREFIX_PATH=/home/ram-user/ASDFR/src/install/asdfr_interfaces:/opt/ros/humble LD_LIBRARY_PATH=/home/ram-user/ASDFR/src/install/asdfr_interfaces/lib:${LD_LIBRARY_PATH} PYTHONPATH=/home/ram-user/ASDFR/src/install/asdfr_interfaces/local/lib/python3.10/dist-packages:${PYTHONPATH} /usr/bin/cmake --install /home/ram-user/ASDFR/src/build/jiwy_controller
[2.295s] Level 1:colcon.colcon_core.environment:create_environment_scripts_only(jiwy_controller)
[2.297s] Level 1:colcon.colcon_core.environment:checking '/home/ram-user/ASDFR/src/install/jiwy_controller' for CMake module files
[2.297s] Level 1:colcon.colcon_core.environment:checking '/home/ram-user/ASDFR/src/install/jiwy_controller' for CMake config files
[2.297s] Level 1:colcon.colcon_core.shell:create_environment_hook('jiwy_controller', 'cmake_prefix_path')
[2.298s] INFO:colcon.colcon_core.shell:Creating environment hook '/home/ram-user/ASDFR/src/install/jiwy_controller/share/jiwy_controller/hook/cmake_prefix_path.ps1'
[2.299s] DEBUG:colcon.colcon_core.event_handler.log_command:Invoked command in '/home/ram-user/ASDFR/src/build/jiwy_controller' returned '0': AMENT_PREFIX_PATH=/home/ram-user/ASDFR/src/install/asdfr_interfaces:${AMENT_PREFIX_PATH} CMAKE_PREFIX_PATH=/home/ram-user/ASDFR/src/install/asdfr_interfaces:/opt/ros/humble LD_LIBRARY_PATH=/home/ram-user/ASDFR/src/install/asdfr_interfaces/lib:${LD_LIBRARY_PATH} PYTHONPATH=/home/ram-user/ASDFR/src/install/asdfr_interfaces/local/lib/python3.10/dist-packages:${PYTHONPATH} /usr/bin/cmake --install /home/ram-user/ASDFR/src/build/jiwy_controller
[2.299s] INFO:colcon.colcon_core.shell:Creating environment descriptor '/home/ram-user/ASDFR/src/install/jiwy_controller/share/jiwy_controller/hook/cmake_prefix_path.dsv'
[2.300s] INFO:colcon.colcon_core.shell:Creating environment hook '/home/ram-user/ASDFR/src/install/jiwy_controller/share/jiwy_controller/hook/cmake_prefix_path.sh'
[2.301s] Level 1:colcon.colcon_core.environment:checking '/home/ram-user/ASDFR/src/install/jiwy_controller/lib'
[2.301s] Level 1:colcon.colcon_core.environment:checking '/home/ram-user/ASDFR/src/install/jiwy_controller/bin'
[2.301s] Level 1:colcon.colcon_core.environment:checking '/home/ram-user/ASDFR/src/install/jiwy_controller/lib/pkgconfig/jiwy_controller.pc'
[2.301s] Level 1:colcon.colcon_core.environment:checking '/home/ram-user/ASDFR/src/install/jiwy_controller/lib/python3.10/site-packages'
[2.301s] Level 1:colcon.colcon_core.environment:checking '/home/ram-user/ASDFR/src/install/jiwy_controller/bin'
[2.303s] INFO:colcon.colcon_core.shell:Creating package script '/home/ram-user/ASDFR/src/install/jiwy_controller/share/jiwy_controller/package.ps1'
[2.304s] INFO:colcon.colcon_core.shell:Creating package descriptor '/home/ram-user/ASDFR/src/install/jiwy_controller/share/jiwy_controller/package.dsv'
[2.304s] INFO:colcon.colcon_core.shell:Creating package script '/home/ram-user/ASDFR/src/install/jiwy_controller/share/jiwy_controller/package.sh'
[2.307s] INFO:colcon.colcon_core.shell:Creating package script '/home/ram-user/ASDFR/src/install/jiwy_controller/share/jiwy_controller/package.bash'
[2.307s] INFO:colcon.colcon_core.shell:Creating package script '/home/ram-user/ASDFR/src/install/jiwy_controller/share/jiwy_controller/package.zsh'
[2.308s] Level 1:colcon.colcon_core.environment:create_file_with_runtime_dependencies(/home/ram-user/ASDFR/src/install/jiwy_controller/share/colcon-core/packages/jiwy_controller)
[2.351s] Level 1:colcon.colcon_core.environment:create_environment_scripts_only(jiwy_controller)
[2.353s] Level 1:colcon.colcon_core.environment:checking '/home/ram-user/ASDFR/src/install/jiwy_controller' for CMake module files
[2.353s] Level 1:colcon.colcon_core.environment:checking '/home/ram-user/ASDFR/src/install/jiwy_controller' for CMake config files
[2.353s] Level 1:colcon.colcon_core.shell:create_environment_hook('jiwy_controller', 'cmake_prefix_path')
[2.354s] INFO:colcon.colcon_core.shell:Creating environment hook '/home/ram-user/ASDFR/src/install/jiwy_controller/share/jiwy_controller/hook/cmake_prefix_path.ps1'
[2.355s] INFO:colcon.colcon_core.shell:Creating environment descriptor '/home/ram-user/ASDFR/src/install/jiwy_controller/share/jiwy_controller/hook/cmake_prefix_path.dsv'
[2.355s] INFO:colcon.colcon_core.shell:Creating environment hook '/home/ram-user/ASDFR/src/install/jiwy_controller/share/jiwy_controller/hook/cmake_prefix_path.sh'
[2.356s] Level 1:colcon.colcon_core.environment:checking '/home/ram-user/ASDFR/src/install/jiwy_controller/lib'
[2.356s] Level 1:colcon.colcon_core.environment:checking '/home/ram-user/ASDFR/src/install/jiwy_controller/bin'
[2.356s] Level 1:colcon.colcon_core.environment:checking '/home/ram-user/ASDFR/src/install/jiwy_controller/lib/pkgconfig/jiwy_controller.pc'
[2.357s] Level 1:colcon.colcon_core.environment:checking '/home/ram-user/ASDFR/src/install/jiwy_controller/lib/python3.10/site-packages'
[2.357s] Level 1:colcon.colcon_core.environment:checking '/home/ram-user/ASDFR/src/install/jiwy_controller/bin'
[2.359s] INFO:colcon.colcon_core.shell:Creating package script '/home/ram-user/ASDFR/src/install/jiwy_controller/share/jiwy_controller/package.ps1'
[2.360s] INFO:colcon.colcon_core.shell:Creating package descriptor '/home/ram-user/ASDFR/src/install/jiwy_controller/share/jiwy_controller/package.dsv'
[2.361s] INFO:colcon.colcon_core.shell:Creating package script '/home/ram-user/ASDFR/src/install/jiwy_controller/share/jiwy_controller/package.sh'
[2.361s] INFO:colcon.colcon_core.shell:Creating package script '/home/ram-user/ASDFR/src/install/jiwy_controller/share/jiwy_controller/package.bash'
[2.362s] INFO:colcon.colcon_core.shell:Creating package script '/home/ram-user/ASDFR/src/install/jiwy_controller/share/jiwy_controller/package.zsh'
[2.362s] Level 1:colcon.colcon_core.environment:create_file_with_runtime_dependencies(/home/ram-user/ASDFR/src/install/jiwy_controller/share/colcon-core/packages/jiwy_controller)
[2.363s] DEBUG:colcon.colcon_parallel_executor.executor.parallel:closing loop
[2.363s] DEBUG:colcon.colcon_parallel_executor.executor.parallel:loop closed
[2.363s] DEBUG:colcon.colcon_parallel_executor.executor.parallel:run_until_complete finished with '0'
[2.363s] DEBUG:colcon.colcon_core.event_reactor:joining thread
[2.368s] INFO:colcon.colcon_core.plugin_system:Skipping extension 'colcon_notification.desktop_notification.terminal_notifier': Not used on non-Darwin systems
[2.368s] INFO:colcon.colcon_core.plugin_system:Skipping extension 'colcon_notification.desktop_notification.win32': Not used on non-Windows systems
[2.368s] INFO:colcon.colcon_notification.desktop_notification:Sending desktop notification using 'notify2'
[2.387s] DEBUG:colcon.colcon_core.event_reactor:joined thread
[2.388s] INFO:colcon.colcon_core.shell:Creating prefix script '/home/ram-user/ASDFR/src/install/local_setup.ps1'
[2.390s] INFO:colcon.colcon_core.shell:Creating prefix util module '/home/ram-user/ASDFR/src/install/_local_setup_util_ps1.py'
[2.395s] INFO:colcon.colcon_core.shell:Creating prefix chain script '/home/ram-user/ASDFR/src/install/setup.ps1'
[2.397s] INFO:colcon.colcon_core.shell:Creating prefix script '/home/ram-user/ASDFR/src/install/local_setup.sh'
[2.397s] INFO:colcon.colcon_core.shell:Creating prefix util module '/home/ram-user/ASDFR/src/install/_local_setup_util_sh.py'
[2.398s] INFO:colcon.colcon_core.shell:Creating prefix chain script '/home/ram-user/ASDFR/src/install/setup.sh'
[2.400s] INFO:colcon.colcon_core.shell:Creating prefix script '/home/ram-user/ASDFR/src/install/local_setup.bash'
[2.400s] INFO:colcon.colcon_core.shell:Creating prefix chain script '/home/ram-user/ASDFR/src/install/setup.bash'
[2.403s] INFO:colcon.colcon_core.shell:Creating prefix script '/home/ram-user/ASDFR/src/install/local_setup.zsh'
[2.404s] INFO:colcon.colcon_core.shell:Creating prefix chain script '/home/ram-user/ASDFR/src/install/setup.zsh'
