[0.038s] Invoking command in '/home/ram-user/ASDFR/src/build/jiwy_simulator': AMENT_PREFIX_PATH=/home/ram-user/ASDFR/src/install/asdfr_interfaces:${AMENT_PREFIX_PATH} CMAKE_PREFIX_PATH=/home/ram-user/ASDFR/src/install/asdfr_interfaces:/opt/ros/humble LD_LIBRARY_PATH=/home/ram-user/ASDFR/src/install/asdfr_interfaces/lib:${LD_LIBRARY_PATH} PYTHONPATH=/home/ram-user/ASDFR/src/install/asdfr_interfaces/local/lib/python3.10/dist-packages:${PYTHONPATH} /usr/bin/cmake --build /home/ram-user/ASDFR/src/build/jiwy_simulator -- -j2 -l2
[0.124s] [35m[1mConsolidate compiler generated dependencies of target jiwy_simulator[0m
[0.149s] [100%] Built target jiwy_simulator
[0.170s] Invoked command in '/home/ram-user/ASDFR/src/build/jiwy_simulator' returned '0': AMENT_PREFIX_PATH=/home/ram-user/ASDFR/src/install/asdfr_interfaces:${AMENT_PREFIX_PATH} CMAKE_PREFIX_PATH=/home/ram-user/ASDFR/src/install/asdfr_interfaces:/opt/ros/humble LD_LIBRARY_PATH=/home/ram-user/ASDFR/src/install/asdfr_interfaces/lib:${LD_LIBRARY_PATH} PYTHONPATH=/home/ram-user/ASDFR/src/install/asdfr_interfaces/local/lib/python3.10/dist-packages:${PYTHONPATH} /usr/bin/cmake --build /home/ram-user/ASDFR/src/build/jiwy_simulator -- -j2 -l2
[0.275s] Invoking command in '/home/ram-user/ASDFR/src/build/jiwy_simulator': AMENT_PREFIX_PATH=/home/ram-user/ASDFR/src/install/asdfr_interfaces:${AMENT_PREFIX_PATH} CMAKE_PREFIX_PATH=/home/ram-user/ASDFR/src/install/asdfr_interfaces:/opt/ros/humble LD_LIBRARY_PATH=/home/ram-user/ASDFR/src/install/asdfr_interfaces/lib:${LD_LIBRARY_PATH} PYTHONPATH=/home/ram-user/ASDFR/src/install/asdfr_interfaces/local/lib/python3.10/dist-packages:${PYTHONPATH} /usr/bin/cmake --install /home/ram-user/ASDFR/src/build/jiwy_simulator
[0.308s] -- Install configuration: ""
[0.308s] -- Up-to-date: /home/ram-user/ASDFR/src/install/jiwy_simulator/lib/jiwy_simulator/jiwy_simulator
[0.309s] -- Up-to-date: /home/ram-user/ASDFR/src/install/jiwy_simulator/share/ament_index/resource_index/package_run_dependencies/jiwy_simulator
[0.309s] -- Up-to-date: /home/ram-user/ASDFR/src/install/jiwy_simulator/share/ament_index/resource_index/parent_prefix_path/jiwy_simulator
[0.309s] -- Up-to-date: /home/ram-user/ASDFR/src/install/jiwy_simulator/share/jiwy_simulator/environment/ament_prefix_path.sh
[0.309s] -- Up-to-date: /home/ram-user/ASDFR/src/install/jiwy_simulator/share/jiwy_simulator/environment/ament_prefix_path.dsv
[0.309s] -- Up-to-date: /home/ram-user/ASDFR/src/install/jiwy_simulator/share/jiwy_simulator/environment/path.sh
[0.309s] -- Up-to-date: /home/ram-user/ASDFR/src/install/jiwy_simulator/share/jiwy_simulator/environment/path.dsv
[0.309s] -- Up-to-date: /home/ram-user/ASDFR/src/install/jiwy_simulator/share/jiwy_simulator/local_setup.bash
[0.309s] -- Up-to-date: /home/ram-user/ASDFR/src/install/jiwy_simulator/share/jiwy_simulator/local_setup.sh
[0.309s] -- Up-to-date: /home/ram-user/ASDFR/src/install/jiwy_simulator/share/jiwy_simulator/local_setup.zsh
[0.310s] -- Up-to-date: /home/ram-user/ASDFR/src/install/jiwy_simulator/share/jiwy_simulator/local_setup.dsv
[0.310s] -- Installing: /home/ram-user/ASDFR/src/install/jiwy_simulator/share/jiwy_simulator/package.dsv
[0.310s] -- Up-to-date: /home/ram-user/ASDFR/src/install/jiwy_simulator/share/ament_index/resource_index/packages/jiwy_simulator
[0.310s] -- Up-to-date: /home/ram-user/ASDFR/src/install/jiwy_simulator/share/jiwy_simulator/cmake/jiwy_simulatorConfig.cmake
[0.310s] -- Up-to-date: /home/ram-user/ASDFR/src/install/jiwy_simulator/share/jiwy_simulator/cmake/jiwy_simulatorConfig-version.cmake
[0.310s] -- Up-to-date: /home/ram-user/ASDFR/src/install/jiwy_simulator/share/jiwy_simulator/package.xml
[0.319s] -- Up-to-date: /home/ram-user/ASDFR/src/install/jiwy_simulator/share/jiwy_simulator/
[0.336s] Invoked command in '/home/ram-user/ASDFR/src/build/jiwy_simulator' returned '0': AMENT_PREFIX_PATH=/home/ram-user/ASDFR/src/install/asdfr_interfaces:${AMENT_PREFIX_PATH} CMAKE_PREFIX_PATH=/home/ram-user/ASDFR/src/install/asdfr_interfaces:/opt/ros/humble LD_LIBRARY_PATH=/home/ram-user/ASDFR/src/install/asdfr_interfaces/lib:${LD_LIBRARY_PATH} PYTHONPATH=/home/ram-user/ASDFR/src/install/asdfr_interfaces/local/lib/python3.10/dist-packages:${PYTHONPATH} /usr/bin/cmake --install /home/ram-user/ASDFR/src/build/jiwy_simulator
