[0.021s] Invoking command in '/home/ram-user/ASDFR/src/ros2_nodes/src/build/jiwy_controller': CMAKE_PREFIX_PATH=/home/ram-user/ASDFR/src/ros2_nodes/src/install/asdfr_interfaces:/home/ram-user/ASDFR/src/ros2_nodes/src/install/jiwy_simulator:/home/ram-user/ASDFR/src/ros2_nodes/src/install/jiwy_controller:/opt/ros/humble /usr/bin/cmake --build /home/ram-user/ASDFR/src/ros2_nodes/src/build/jiwy_controller -- -j2 -l2
[0.136s] [ 50%] [32mBuilding CXX object CMakeFiles/jiwy_controller.dir/src/jiwy_controller.cpp.o[0m
[5.190s] [100%] [32m[1mLinking CXX executable jiwy_controller[0m
[5.422s] [100%] Built target jiwy_controller
[5.435s] Invoked command in '/home/ram-user/ASDFR/src/ros2_nodes/src/build/jiwy_controller' returned '0': CMAKE_PREFIX_PATH=/home/ram-user/ASDFR/src/ros2_nodes/src/install/asdfr_interfaces:/home/ram-user/ASDFR/src/ros2_nodes/src/install/jiwy_simulator:/home/ram-user/ASDFR/src/ros2_nodes/src/install/jiwy_controller:/opt/ros/humble /usr/bin/cmake --build /home/ram-user/ASDFR/src/ros2_nodes/src/build/jiwy_controller -- -j2 -l2
[5.460s] Invoking command in '/home/ram-user/ASDFR/src/ros2_nodes/src/build/jiwy_controller': CMAKE_PREFIX_PATH=/home/ram-user/ASDFR/src/ros2_nodes/src/install/asdfr_interfaces:/home/ram-user/ASDFR/src/ros2_nodes/src/install/jiwy_simulator:/home/ram-user/ASDFR/src/ros2_nodes/src/install/jiwy_controller:/opt/ros/humble /usr/bin/cmake --install /home/ram-user/ASDFR/src/ros2_nodes/src/build/jiwy_controller
[5.469s] -- Install configuration: ""
[5.470s] -- Installing: /home/ram-user/ASDFR/src/ros2_nodes/src/install/jiwy_controller/lib/jiwy_controller/jiwy_controller
[5.472s] -- Set runtime path of "/home/ram-user/ASDFR/src/ros2_nodes/src/install/jiwy_controller/lib/jiwy_controller/jiwy_controller" to ""
[5.472s] -- Up-to-date: /home/ram-user/ASDFR/src/ros2_nodes/src/install/jiwy_controller/share/ament_index/resource_index/package_run_dependencies/jiwy_controller
[5.473s] -- Up-to-date: /home/ram-user/ASDFR/src/ros2_nodes/src/install/jiwy_controller/share/ament_index/resource_index/parent_prefix_path/jiwy_controller
[5.474s] -- Up-to-date: /home/ram-user/ASDFR/src/ros2_nodes/src/install/jiwy_controller/share/jiwy_controller/environment/ament_prefix_path.sh
[5.475s] -- Up-to-date: /home/ram-user/ASDFR/src/ros2_nodes/src/install/jiwy_controller/share/jiwy_controller/environment/ament_prefix_path.dsv
[5.481s] -- Up-to-date: /home/ram-user/ASDFR/src/ros2_nodes/src/install/jiwy_controller/share/jiwy_controller/environment/path.sh
[5.481s] -- Up-to-date: /home/ram-user/ASDFR/src/ros2_nodes/src/install/jiwy_controller/share/jiwy_controller/environment/path.dsv
[5.481s] -- Up-to-date: /home/ram-user/ASDFR/src/ros2_nodes/src/install/jiwy_controller/share/jiwy_controller/local_setup.bash
[5.481s] -- Up-to-date: /home/ram-user/ASDFR/src/ros2_nodes/src/install/jiwy_controller/share/jiwy_controller/local_setup.sh
[5.481s] -- Up-to-date: /home/ram-user/ASDFR/src/ros2_nodes/src/install/jiwy_controller/share/jiwy_controller/local_setup.zsh
[5.481s] -- Up-to-date: /home/ram-user/ASDFR/src/ros2_nodes/src/install/jiwy_controller/share/jiwy_controller/local_setup.dsv
[5.481s] -- Installing: /home/ram-user/ASDFR/src/ros2_nodes/src/install/jiwy_controller/share/jiwy_controller/package.dsv
[5.481s] -- Up-to-date: /home/ram-user/ASDFR/src/ros2_nodes/src/install/jiwy_controller/share/ament_index/resource_index/packages/jiwy_controller
[5.481s] -- Up-to-date: /home/ram-user/ASDFR/src/ros2_nodes/src/install/jiwy_controller/share/jiwy_controller/cmake/jiwy_controllerConfig.cmake
[5.481s] -- Up-to-date: /home/ram-user/ASDFR/src/ros2_nodes/src/install/jiwy_controller/share/jiwy_controller/cmake/jiwy_controllerConfig-version.cmake
[5.483s] -- Up-to-date: /home/ram-user/ASDFR/src/ros2_nodes/src/install/jiwy_controller/share/jiwy_controller/package.xml
[5.486s] Invoked command in '/home/ram-user/ASDFR/src/ros2_nodes/src/build/jiwy_controller' returned '0': CMAKE_PREFIX_PATH=/home/ram-user/ASDFR/src/ros2_nodes/src/install/asdfr_interfaces:/home/ram-user/ASDFR/src/ros2_nodes/src/install/jiwy_simulator:/home/ram-user/ASDFR/src/ros2_nodes/src/install/jiwy_controller:/opt/ros/humble /usr/bin/cmake --install /home/ram-user/ASDFR/src/ros2_nodes/src/build/jiwy_controller
