[0.312s] DEBUG:colcon:Command line arguments: ['/usr/bin/colcon', 'build']
[0.312s] DEBUG:colcon:Parsed command line arguments: Namespace(log_base=None, log_level=None, verb_name='build', build_base='build', install_base='install', merge_install=False, symlink_install=False, test_result_base=None, continue_on_error=False, executor='parallel', parallel_workers=2, event_handlers=None, ignore_user_meta=False, metas=['./colcon.meta'], base_paths=['.'], packages_ignore=None, packages_ignore_regex=None, paths=None, packages_up_to=None, packages_up_to_regex=None, packages_above=None, packages_above_and_dependencies=None, packages_above_depth=None, packages_select_by_dep=None, packages_skip_by_dep=None, packages_skip_up_to=None, packages_select_build_failed=False, packages_skip_build_finished=False, packages_select_test_failures=False, packages_skip_test_passed=False, packages_select=None, packages_skip=None, packages_select_regex=None, packages_skip_regex=None, packages_start=None, packages_end=None, allow_overriding=[], cmake_args=None, cmake_target=None, cmake_target_skip_unavailable=False, cmake_clean_cache=False, cmake_clean_first=False, cmake_force_configure=False, ament_cmake_args=None, catkin_cmake_args=None, catkin_skip_building_tests=False, verb_parser=<colcon_defaults.argument_parser.defaults.DefaultArgumentsDecorator object at 0x7fb036e73520>, verb_extension=<colcon_core.verb.build.BuildVerb object at 0x7fb037772140>, main=<bound method BuildVerb.main of <colcon_core.verb.build.BuildVerb object at 0x7fb037772140>>)
[0.334s] Level 1:colcon.colcon_core.package_discovery:discover_packages(colcon_meta) check parameters
[0.334s] Level 1:colcon.colcon_core.package_discovery:discover_packages(recursive) check parameters
[0.334s] Level 1:colcon.colcon_core.package_discovery:discover_packages(ignore) check parameters
[0.334s] Level 1:colcon.colcon_core.package_discovery:discover_packages(path) check parameters
[0.335s] Level 1:colcon.colcon_core.package_discovery:discover_packages(colcon_meta) discover
[0.335s] Level 1:colcon.colcon_core.package_discovery:discover_packages(recursive) discover
[0.335s] INFO:colcon.colcon_core.package_discovery:Crawling recursively for packages in '/home/ram-user/ASDFR'
[0.335s] Level 1:colcon.colcon_core.package_identification:_identify(.) by extensions ['ignore', 'ignore_ament_install']
[0.335s] Level 1:colcon.colcon_core.package_identification:_identify(.) by extension 'ignore'
[0.335s] Level 1:colcon.colcon_core.package_identification:_identify(.) by extension 'ignore_ament_install'
[0.335s] Level 1:colcon.colcon_core.package_identification:_identify(.) by extensions ['colcon_pkg']
[0.335s] Level 1:colcon.colcon_core.package_identification:_identify(.) by extension 'colcon_pkg'
[0.335s] Level 1:colcon.colcon_core.package_identification:_identify(.) by extensions ['colcon_meta']
[0.335s] Level 1:colcon.colcon_core.package_identification:_identify(.) by extension 'colcon_meta'
[0.335s] Level 1:colcon.colcon_core.package_identification:_identify(.) by extensions ['ros']
[0.335s] Level 1:colcon.colcon_core.package_identification:_identify(.) by extension 'ros'
[0.345s] Level 1:colcon.colcon_core.package_identification:_identify(.) by extensions ['cmake', 'python']
[0.346s] Level 1:colcon.colcon_core.package_identification:_identify(.) by extension 'cmake'
[0.346s] Level 1:colcon.colcon_core.package_identification:_identify(.) by extension 'python'
[0.346s] Level 1:colcon.colcon_core.package_identification:_identify(.) by extensions ['python_setup_py']
[0.346s] Level 1:colcon.colcon_core.package_identification:_identify(.) by extension 'python_setup_py'
[0.346s] Level 1:colcon.colcon_core.package_identification:_identify(build) by extensions ['ignore', 'ignore_ament_install']
[0.346s] Level 1:colcon.colcon_core.package_identification:_identify(build) by extension 'ignore'
[0.346s] Level 1:colcon.colcon_core.package_identification:_identify(build) ignored
[0.346s] Level 1:colcon.colcon_core.package_identification:_identify(install) by extensions ['ignore', 'ignore_ament_install']
[0.346s] Level 1:colcon.colcon_core.package_identification:_identify(install) by extension 'ignore'
[0.346s] Level 1:colcon.colcon_core.package_identification:_identify(install) ignored
[0.346s] Level 1:colcon.colcon_core.package_identification:_identify(log) by extensions ['ignore', 'ignore_ament_install']
[0.346s] Level 1:colcon.colcon_core.package_identification:_identify(log) by extension 'ignore'
[0.346s] Level 1:colcon.colcon_core.package_identification:_identify(log) ignored
[0.346s] Level 1:colcon.colcon_core.package_identification:_identify(src) by extensions ['ignore', 'ignore_ament_install']
[0.346s] Level 1:colcon.colcon_core.package_identification:_identify(src) by extension 'ignore'
[0.347s] Level 1:colcon.colcon_core.package_identification:_identify(src) by extension 'ignore_ament_install'
[0.347s] Level 1:colcon.colcon_core.package_identification:_identify(src) by extensions ['colcon_pkg']
[0.347s] Level 1:colcon.colcon_core.package_identification:_identify(src) by extension 'colcon_pkg'
[0.347s] Level 1:colcon.colcon_core.package_identification:_identify(src) by extensions ['colcon_meta']
[0.347s] Level 1:colcon.colcon_core.package_identification:_identify(src) by extension 'colcon_meta'
[0.347s] Level 1:colcon.colcon_core.package_identification:_identify(src) by extensions ['ros']
[0.347s] Level 1:colcon.colcon_core.package_identification:_identify(src) by extension 'ros'
[0.347s] Level 1:colcon.colcon_core.package_identification:_identify(src) by extensions ['cmake', 'python']
[0.347s] Level 1:colcon.colcon_core.package_identification:_identify(src) by extension 'cmake'
[0.347s] Level 1:colcon.colcon_core.package_identification:_identify(src) by extension 'python'
[0.347s] Level 1:colcon.colcon_core.package_identification:_identify(src) by extensions ['python_setup_py']
[0.347s] Level 1:colcon.colcon_core.package_identification:_identify(src) by extension 'python_setup_py'
[0.347s] Level 1:colcon.colcon_core.package_identification:_identify(src/brightnode) by extensions ['ignore', 'ignore_ament_install']
[0.347s] Level 1:colcon.colcon_core.package_identification:_identify(src/brightnode) by extension 'ignore'
[0.347s] Level 1:colcon.colcon_core.package_identification:_identify(src/brightnode) by extension 'ignore_ament_install'
[0.347s] Level 1:colcon.colcon_core.package_identification:_identify(src/brightnode) by extensions ['colcon_pkg']
[0.347s] Level 1:colcon.colcon_core.package_identification:_identify(src/brightnode) by extension 'colcon_pkg'
[0.347s] Level 1:colcon.colcon_core.package_identification:_identify(src/brightnode) by extensions ['colcon_meta']
[0.347s] Level 1:colcon.colcon_core.package_identification:_identify(src/brightnode) by extension 'colcon_meta'
[0.347s] Level 1:colcon.colcon_core.package_identification:_identify(src/brightnode) by extensions ['ros']
[0.348s] Level 1:colcon.colcon_core.package_identification:_identify(src/brightnode) by extension 'ros'
[0.350s] DEBUG:colcon.colcon_core.package_identification:Package 'src/brightnode' with type 'ros.ament_cmake' and name 'brightnode'
[0.350s] Level 1:colcon.colcon_core.package_identification:_identify(src/build) by extensions ['ignore', 'ignore_ament_install']
[0.350s] Level 1:colcon.colcon_core.package_identification:_identify(src/build) by extension 'ignore'
[0.350s] Level 1:colcon.colcon_core.package_identification:_identify(src/build) ignored
[0.350s] Level 1:colcon.colcon_core.package_identification:_identify(src/install) by extensions ['ignore', 'ignore_ament_install']
[0.350s] Level 1:colcon.colcon_core.package_identification:_identify(src/install) by extension 'ignore'
[0.350s] Level 1:colcon.colcon_core.package_identification:_identify(src/install) ignored
[0.350s] Level 1:colcon.colcon_core.package_identification:_identify(src/log) by extensions ['ignore', 'ignore_ament_install']
[0.350s] Level 1:colcon.colcon_core.package_identification:_identify(src/log) by extension 'ignore'
[0.350s] Level 1:colcon.colcon_core.package_identification:_identify(src/log) ignored
[0.350s] Level 1:colcon.colcon_core.package_discovery:discover_packages(recursive) using defaults
[0.350s] Level 1:colcon.colcon_core.package_discovery:discover_packages(ignore) discover
[0.351s] Level 1:colcon.colcon_core.package_discovery:discover_packages(ignore) using defaults
[0.351s] Level 1:colcon.colcon_core.package_discovery:discover_packages(path) discover
[0.351s] Level 1:colcon.colcon_core.package_discovery:discover_packages(path) using defaults
[0.370s] Level 1:colcon.colcon_core.package_discovery:discover_packages(prefix_path) check parameters
[0.370s] Level 1:colcon.colcon_core.package_discovery:discover_packages(prefix_path) discover
[0.374s] DEBUG:colcon.colcon_installed_package_information.package_discovery:Found 270 installed packages in /opt/ros/humble
[0.375s] Level 1:colcon.colcon_core.package_discovery:discover_packages(prefix_path) using defaults
[0.428s] Level 5:colcon.colcon_core.verb:set package 'brightnode' build argument 'cmake_args' from command line to 'None'
[0.428s] Level 5:colcon.colcon_core.verb:set package 'brightnode' build argument 'cmake_target' from command line to 'None'
[0.428s] Level 5:colcon.colcon_core.verb:set package 'brightnode' build argument 'cmake_target_skip_unavailable' from command line to 'False'
[0.428s] Level 5:colcon.colcon_core.verb:set package 'brightnode' build argument 'cmake_clean_cache' from command line to 'False'
[0.428s] Level 5:colcon.colcon_core.verb:set package 'brightnode' build argument 'cmake_clean_first' from command line to 'False'
[0.428s] Level 5:colcon.colcon_core.verb:set package 'brightnode' build argument 'cmake_force_configure' from command line to 'False'
[0.428s] Level 5:colcon.colcon_core.verb:set package 'brightnode' build argument 'ament_cmake_args' from command line to 'None'
[0.428s] Level 5:colcon.colcon_core.verb:set package 'brightnode' build argument 'catkin_cmake_args' from command line to 'None'
[0.428s] Level 5:colcon.colcon_core.verb:set package 'brightnode' build argument 'catkin_skip_building_tests' from command line to 'False'
[0.428s] DEBUG:colcon.colcon_core.verb:Building package 'brightnode' with the following arguments: {'ament_cmake_args': None, 'build_base': '/home/ram-user/ASDFR/build/brightnode', 'catkin_cmake_args': None, 'catkin_skip_building_tests': False, 'cmake_args': None, 'cmake_clean_cache': False, 'cmake_clean_first': False, 'cmake_force_configure': False, 'cmake_target': None, 'cmake_target_skip_unavailable': False, 'install_base': '/home/ram-user/ASDFR/install/brightnode', 'merge_install': False, 'path': '/home/ram-user/ASDFR/src/brightnode', 'symlink_install': False, 'test_result_base': None}
[0.429s] INFO:colcon.colcon_core.executor:Executing jobs using 'parallel' executor
[0.431s] DEBUG:colcon.colcon_parallel_executor.executor.parallel:run_until_complete
[0.432s] INFO:colcon.colcon_ros.task.ament_cmake.build:Building ROS package in '/home/ram-user/ASDFR/src/brightnode' with build type 'ament_cmake'
[0.432s] INFO:colcon.colcon_cmake.task.cmake.build:Building CMake package in '/home/ram-user/ASDFR/src/brightnode'
[0.436s] INFO:colcon.colcon_core.plugin_system:Skipping extension 'colcon_core.shell.bat': Not used on non-Windows systems
[0.436s] INFO:colcon.colcon_core.shell:Skip shell extension 'powershell' for command environment: Not usable outside of PowerShell
[0.436s] DEBUG:colcon.colcon_core.shell:Skip shell extension 'dsv' for command environment
[0.437s] DEBUG:colcon.colcon_core.shell:Ignoring prefix path '/home/ram-user/ASDFR/src'
[0.444s] DEBUG:colcon.colcon_core.event_handler.log_command:Invoking command in '/home/ram-user/ASDFR/build/brightnode': CMAKE_PREFIX_PATH=/opt/ros/humble /usr/bin/cmake --build /home/ram-user/ASDFR/build/brightnode -- -j2 -l2
[3.327s] DEBUG:colcon.colcon_core.event_handler.log_command:Invoked command in '/home/ram-user/ASDFR/build/brightnode' returned '2': CMAKE_PREFIX_PATH=/opt/ros/humble /usr/bin/cmake --build /home/ram-user/ASDFR/build/brightnode -- -j2 -l2
[3.656s] Level 1:colcon.colcon_core.environment:create_environment_scripts_only(brightnode)
[3.666s] Level 1:colcon.colcon_core.environment:checking '/home/ram-user/ASDFR/install/brightnode' for CMake module files
[3.666s] Level 1:colcon.colcon_core.environment:checking '/home/ram-user/ASDFR/install/brightnode' for CMake config files
[3.667s] Level 1:colcon.colcon_core.environment:checking '/home/ram-user/ASDFR/install/brightnode/bin'
[3.667s] Level 1:colcon.colcon_core.environment:checking '/home/ram-user/ASDFR/install/brightnode/lib/pkgconfig/brightnode.pc'
[3.668s] Level 1:colcon.colcon_core.environment:checking '/home/ram-user/ASDFR/install/brightnode/lib/python3.10/site-packages'
[3.668s] Level 1:colcon.colcon_core.environment:checking '/home/ram-user/ASDFR/install/brightnode/bin'
[3.669s] INFO:colcon.colcon_core.shell:Creating package script '/home/ram-user/ASDFR/install/brightnode/share/brightnode/package.ps1'
[3.670s] INFO:colcon.colcon_core.shell:Creating package descriptor '/home/ram-user/ASDFR/install/brightnode/share/brightnode/package.dsv'
[3.670s] INFO:colcon.colcon_core.shell:Creating package script '/home/ram-user/ASDFR/install/brightnode/share/brightnode/package.sh'
[3.671s] INFO:colcon.colcon_core.shell:Creating package script '/home/ram-user/ASDFR/install/brightnode/share/brightnode/package.bash'
[3.672s] INFO:colcon.colcon_core.shell:Creating package script '/home/ram-user/ASDFR/install/brightnode/share/brightnode/package.zsh'
[3.672s] Level 1:colcon.colcon_core.environment:create_file_with_runtime_dependencies(/home/ram-user/ASDFR/install/brightnode/share/colcon-core/packages/brightnode)
[3.683s] DEBUG:colcon.colcon_parallel_executor.executor.parallel:closing loop
[3.683s] DEBUG:colcon.colcon_parallel_executor.executor.parallel:loop closed
[3.683s] DEBUG:colcon.colcon_parallel_executor.executor.parallel:run_until_complete finished with '2'
[3.683s] DEBUG:colcon.colcon_core.event_reactor:joining thread
[3.688s] INFO:colcon.colcon_core.plugin_system:Skipping extension 'colcon_notification.desktop_notification.terminal_notifier': Not used on non-Darwin systems
[3.688s] INFO:colcon.colcon_core.plugin_system:Skipping extension 'colcon_notification.desktop_notification.win32': Not used on non-Windows systems
[3.688s] INFO:colcon.colcon_notification.desktop_notification:Sending desktop notification using 'notify2'
[3.702s] DEBUG:colcon.colcon_core.event_reactor:joined thread
[3.703s] INFO:colcon.colcon_core.shell:Creating prefix script '/home/ram-user/ASDFR/install/local_setup.ps1'
[3.711s] INFO:colcon.colcon_core.shell:Creating prefix util module '/home/ram-user/ASDFR/install/_local_setup_util_ps1.py'
[3.713s] INFO:colcon.colcon_core.shell:Creating prefix chain script '/home/ram-user/ASDFR/install/setup.ps1'
[3.714s] INFO:colcon.colcon_core.shell:Creating prefix script '/home/ram-user/ASDFR/install/local_setup.sh'
[3.717s] INFO:colcon.colcon_core.shell:Creating prefix util module '/home/ram-user/ASDFR/install/_local_setup_util_sh.py'
[3.718s] INFO:colcon.colcon_core.shell:Creating prefix chain script '/home/ram-user/ASDFR/install/setup.sh'
[3.720s] INFO:colcon.colcon_core.shell:Creating prefix script '/home/ram-user/ASDFR/install/local_setup.bash'
[3.720s] INFO:colcon.colcon_core.shell:Creating prefix chain script '/home/ram-user/ASDFR/install/setup.bash'
[3.722s] INFO:colcon.colcon_core.shell:Creating prefix script '/home/ram-user/ASDFR/install/local_setup.zsh'
[3.722s] INFO:colcon.colcon_core.shell:Creating prefix chain script '/home/ram-user/ASDFR/install/setup.zsh'
