[0.034s] Invoking command in '/home/ram-user/ASDFR/build/jiwy_simulator': AMENT_PREFIX_PATH=/home/ram-user/ASDFR/install/asdfr_interfaces:${AMENT_PREFIX_PATH} CMAKE_PREFIX_PATH=/home/ram-user/ASDFR/install/asdfr_interfaces:/home/ram-user/ASDFR/src/ros2_nodes/src/install/jiwy_simulator:/home/ram-user/ASDFR/src/ros2_nodes/src/install/jiwy_controller:/home/ram-user/ASDFR/src/ros2_nodes/src/install/asdfr_interfaces:/opt/ros/humble LD_LIBRARY_PATH=/home/ram-user/ASDFR/install/asdfr_interfaces/lib:${LD_LIBRARY_PATH} PYTHONPATH=/home/ram-user/ASDFR/install/asdfr_interfaces/local/lib/python3.10/dist-packages:${PYTHONPATH} /usr/bin/cmake --build /home/ram-user/ASDFR/build/jiwy_simulator -- -j2 -l2
[0.187s] -- Found ament_cmake: 1.3.3 (/opt/ros/humble/share/ament_cmake/cmake)
[0.755s] -- Found rclcpp: 16.0.3 (/opt/ros/humble/share/rclcpp/cmake)
[0.901s] -- Found rosidl_generator_c: 3.1.4 (/opt/ros/humble/share/rosidl_generator_c/cmake)
[0.904s] -- Found rosidl_adapter: 3.1.4 (/opt/ros/humble/share/rosidl_adapter/cmake)
[0.923s] -- Found rosidl_generator_cpp: 3.1.4 (/opt/ros/humble/share/rosidl_generator_cpp/cmake)
[0.956s] -- Using all available rosidl_typesupport_c: rosidl_typesupport_fastrtps_c;rosidl_typesupport_introspection_c
[1.008s] -- Using all available rosidl_typesupport_cpp: rosidl_typesupport_fastrtps_cpp;rosidl_typesupport_introspection_cpp
[1.206s] -- Found rmw_implementation_cmake: 6.1.1 (/opt/ros/humble/share/rmw_implementation_cmake/cmake)
[1.207s] -- Found rmw_fastrtps_cpp: 6.2.2 (/opt/ros/humble/share/rmw_fastrtps_cpp/cmake)
[1.584s] -- Using RMW implementation 'rmw_fastrtps_cpp' as default
[1.971s] -- Found sensor_msgs: 4.2.3 (/opt/ros/humble/share/sensor_msgs/cmake)
[2.253s] -- Found asdfr_interfaces: 0.0.0 (/home/ram-user/ASDFR/install/asdfr_interfaces/share/asdfr_interfaces/cmake)
[2.293s] -- Found ament_lint_auto: 0.12.5 (/opt/ros/humble/share/ament_lint_auto/cmake)
[2.489s] -- Added test 'copyright' to check source files copyright and LICENSE
[2.489s] -- Added test 'cppcheck' to perform static code analysis on C / C++ code
[2.489s] -- Configured cppcheck include dirs: $<BUILD_INTERFACE:/home/ram-user/ASDFR/src/ros2_nodes/src/jiwy_simulator/include>
[2.489s] -- Configured cppcheck exclude dirs and/or files: 
[2.490s] -- Added test 'cpplint' to check C / C++ code against the Google style
[2.490s] -- Configured cpplint exclude dirs and/or files: 
[2.491s] -- Added test 'lint_cmake' to check CMake code style
[2.491s] -- Added test 'uncrustify' to check C / C++ code style
[2.492s] -- Configured uncrustify additional arguments: 
[2.492s] -- Added test 'xmllint' to check XML markup files
[2.498s] -- Configuring done
[2.537s] -- Generating done
[2.542s] -- Build files have been written to: /home/ram-user/ASDFR/build/jiwy_simulator
[2.654s] [35m[1mConsolidate compiler generated dependencies of target jiwy_simulator[0m
[2.704s] [100%] Built target jiwy_simulator
[2.737s] Invoked command in '/home/ram-user/ASDFR/build/jiwy_simulator' returned '0': AMENT_PREFIX_PATH=/home/ram-user/ASDFR/install/asdfr_interfaces:${AMENT_PREFIX_PATH} CMAKE_PREFIX_PATH=/home/ram-user/ASDFR/install/asdfr_interfaces:/home/ram-user/ASDFR/src/ros2_nodes/src/install/jiwy_simulator:/home/ram-user/ASDFR/src/ros2_nodes/src/install/jiwy_controller:/home/ram-user/ASDFR/src/ros2_nodes/src/install/asdfr_interfaces:/opt/ros/humble LD_LIBRARY_PATH=/home/ram-user/ASDFR/install/asdfr_interfaces/lib:${LD_LIBRARY_PATH} PYTHONPATH=/home/ram-user/ASDFR/install/asdfr_interfaces/local/lib/python3.10/dist-packages:${PYTHONPATH} /usr/bin/cmake --build /home/ram-user/ASDFR/build/jiwy_simulator -- -j2 -l2
[2.877s] Invoking command in '/home/ram-user/ASDFR/build/jiwy_simulator': AMENT_PREFIX_PATH=/home/ram-user/ASDFR/install/asdfr_interfaces:${AMENT_PREFIX_PATH} CMAKE_PREFIX_PATH=/home/ram-user/ASDFR/install/asdfr_interfaces:/home/ram-user/ASDFR/src/ros2_nodes/src/install/jiwy_simulator:/home/ram-user/ASDFR/src/ros2_nodes/src/install/jiwy_controller:/home/ram-user/ASDFR/src/ros2_nodes/src/install/asdfr_interfaces:/opt/ros/humble LD_LIBRARY_PATH=/home/ram-user/ASDFR/install/asdfr_interfaces/lib:${LD_LIBRARY_PATH} PYTHONPATH=/home/ram-user/ASDFR/install/asdfr_interfaces/local/lib/python3.10/dist-packages:${PYTHONPATH} /usr/bin/cmake --install /home/ram-user/ASDFR/build/jiwy_simulator
[2.921s] -- Install configuration: ""
[2.921s] -- Up-to-date: /home/ram-user/ASDFR/install/jiwy_simulator/lib/jiwy_simulator/jiwy_simulator
[2.921s] -- Up-to-date: /home/ram-user/ASDFR/install/jiwy_simulator/share/ament_index/resource_index/package_run_dependencies/jiwy_simulator
[2.921s] -- Installing: /home/ram-user/ASDFR/install/jiwy_simulator/share/ament_index/resource_index/parent_prefix_path/jiwy_simulator
[2.921s] -- Up-to-date: /home/ram-user/ASDFR/install/jiwy_simulator/share/jiwy_simulator/environment/ament_prefix_path.sh
[2.921s] -- Installing: /home/ram-user/ASDFR/install/jiwy_simulator/share/jiwy_simulator/environment/ament_prefix_path.dsv
[2.921s] -- Up-to-date: /home/ram-user/ASDFR/install/jiwy_simulator/share/jiwy_simulator/environment/path.sh
[2.922s] -- Installing: /home/ram-user/ASDFR/install/jiwy_simulator/share/jiwy_simulator/environment/path.dsv
[2.922s] -- Up-to-date: /home/ram-user/ASDFR/install/jiwy_simulator/share/jiwy_simulator/local_setup.bash
[2.922s] -- Up-to-date: /home/ram-user/ASDFR/install/jiwy_simulator/share/jiwy_simulator/local_setup.sh
[2.922s] -- Up-to-date: /home/ram-user/ASDFR/install/jiwy_simulator/share/jiwy_simulator/local_setup.zsh
[2.922s] -- Installing: /home/ram-user/ASDFR/install/jiwy_simulator/share/jiwy_simulator/local_setup.dsv
[2.929s] -- Installing: /home/ram-user/ASDFR/install/jiwy_simulator/share/jiwy_simulator/package.dsv
[2.930s] -- Up-to-date: /home/ram-user/ASDFR/install/jiwy_simulator/share/ament_index/resource_index/packages/jiwy_simulator
[2.930s] -- Up-to-date: /home/ram-user/ASDFR/install/jiwy_simulator/share/jiwy_simulator/cmake/jiwy_simulatorConfig.cmake
[2.930s] -- Up-to-date: /home/ram-user/ASDFR/install/jiwy_simulator/share/jiwy_simulator/cmake/jiwy_simulatorConfig-version.cmake
[2.930s] -- Up-to-date: /home/ram-user/ASDFR/install/jiwy_simulator/share/jiwy_simulator/package.xml
[2.930s] -- Up-to-date: /home/ram-user/ASDFR/install/jiwy_simulator/share/jiwy_simulator/
[2.942s] Invoked command in '/home/ram-user/ASDFR/build/jiwy_simulator' returned '0': AMENT_PREFIX_PATH=/home/ram-user/ASDFR/install/asdfr_interfaces:${AMENT_PREFIX_PATH} CMAKE_PREFIX_PATH=/home/ram-user/ASDFR/install/asdfr_interfaces:/home/ram-user/ASDFR/src/ros2_nodes/src/install/jiwy_simulator:/home/ram-user/ASDFR/src/ros2_nodes/src/install/jiwy_controller:/home/ram-user/ASDFR/src/ros2_nodes/src/install/asdfr_interfaces:/opt/ros/humble LD_LIBRARY_PATH=/home/ram-user/ASDFR/install/asdfr_interfaces/lib:${LD_LIBRARY_PATH} PYTHONPATH=/home/ram-user/ASDFR/install/asdfr_interfaces/local/lib/python3.10/dist-packages:${PYTHONPATH} /usr/bin/cmake --install /home/ram-user/ASDFR/build/jiwy_simulator
