[0.035s] Invoking command in '/home/ram-user/ASDFR/build/image_processing': CMAKE_PREFIX_PATH=${CMAKE_PREFIX_PATH}:/opt/ros/humble /usr/bin/cmake --build /home/ram-user/ASDFR/build/image_processing -- -j2 -l2
[0.172s] [ 20%] Built target brightness_check
[0.202s] [ 40%] Built target grayscaler
[0.239s] [ 60%] Built target brightmask
[0.277s] [ 80%] Built target light_tracker
[0.286s] [100%] Built target SimpleSub
[0.302s] Invoked command in '/home/ram-user/ASDFR/build/image_processing' returned '0': CMAKE_PREFIX_PATH=${CMAKE_PREFIX_PATH}:/opt/ros/humble /usr/bin/cmake --build /home/ram-user/ASDFR/build/image_processing -- -j2 -l2
[0.388s] Invoking command in '/home/ram-user/ASDFR/build/image_processing': CMAKE_PREFIX_PATH=${CMAKE_PREFIX_PATH}:/opt/ros/humble /usr/bin/cmake --install /home/ram-user/ASDFR/build/image_processing
[0.421s] -- Install configuration: ""
[0.421s] -- Up-to-date: /home/ram-user/ASDFR/install/image_processing/lib/image_processing/brightness_check
[0.421s] -- Up-to-date: /home/ram-user/ASDFR/install/image_processing/lib/image_processing/grayscaler
[0.422s] -- Up-to-date: /home/ram-user/ASDFR/install/image_processing/lib/image_processing/brightmask
[0.423s] -- Up-to-date: /home/ram-user/ASDFR/install/image_processing/lib/image_processing/light_tracker
[0.428s] -- Up-to-date: /home/ram-user/ASDFR/install/image_processing/lib/image_processing/SimpleSub
[0.428s] -- Up-to-date: /home/ram-user/ASDFR/install/image_processing/share/ament_index/resource_index/package_run_dependencies/image_processing
[0.428s] -- Up-to-date: /home/ram-user/ASDFR/install/image_processing/share/ament_index/resource_index/parent_prefix_path/image_processing
[0.428s] -- Up-to-date: /home/ram-user/ASDFR/install/image_processing/share/image_processing/environment/ament_prefix_path.sh
[0.428s] -- Up-to-date: /home/ram-user/ASDFR/install/image_processing/share/image_processing/environment/ament_prefix_path.dsv
[0.428s] -- Up-to-date: /home/ram-user/ASDFR/install/image_processing/share/image_processing/environment/path.sh
[0.428s] -- Up-to-date: /home/ram-user/ASDFR/install/image_processing/share/image_processing/environment/path.dsv
[0.428s] -- Up-to-date: /home/ram-user/ASDFR/install/image_processing/share/image_processing/local_setup.bash
[0.428s] -- Up-to-date: /home/ram-user/ASDFR/install/image_processing/share/image_processing/local_setup.sh
[0.428s] -- Up-to-date: /home/ram-user/ASDFR/install/image_processing/share/image_processing/local_setup.zsh
[0.440s] -- Up-to-date: /home/ram-user/ASDFR/install/image_processing/share/image_processing/local_setup.dsv
[0.440s] -- Installing: /home/ram-user/ASDFR/install/image_processing/share/image_processing/package.dsv
[0.440s] -- Up-to-date: /home/ram-user/ASDFR/install/image_processing/share/ament_index/resource_index/packages/image_processing
[0.440s] -- Up-to-date: /home/ram-user/ASDFR/install/image_processing/share/image_processing/cmake/image_processingConfig.cmake
[0.440s] -- Up-to-date: /home/ram-user/ASDFR/install/image_processing/share/image_processing/cmake/image_processingConfig-version.cmake
[0.440s] -- Up-to-date: /home/ram-user/ASDFR/install/image_processing/share/image_processing/package.xml
[0.444s] Invoked command in '/home/ram-user/ASDFR/build/image_processing' returned '0': CMAKE_PREFIX_PATH=${CMAKE_PREFIX_PATH}:/opt/ros/humble /usr/bin/cmake --install /home/ram-user/ASDFR/build/image_processing
