-- The C compiler identification is GNU 11.3.0
-- The CXX compiler identification is GNU 11.3.0
-- Detecting C compiler ABI info
-- Detecting C compiler ABI info - done
-- Check for working C compiler: /usr/bin/cc - skipped
-- Detecting C compile features
-- Detecting C compile features - done
-- Detecting CXX compiler ABI info
-- Detecting CXX compiler ABI info - done
-- Check for working CXX compiler: /usr/bin/c++ - skipped
-- Detecting CXX compile features
-- Detecting CXX compile features - done
-- Found ament_cmake: 1.3.3 (/opt/ros/humble/share/ament_cmake/cmake)
-- Found Python3: /usr/bin/python3.10 (found version "3.10.6") found components: Interpreter 
-- Found rclcpp: 16.0.3 (/opt/ros/humble/share/rclcpp/cmake)
-- Found rosidl_generator_c: 3.1.4 (/opt/ros/humble/share/rosidl_generator_c/cmake)
-- Found rosidl_adapter: 3.1.4 (/opt/ros/humble/share/rosidl_adapter/cmake)
-- Found rosidl_generator_cpp: 3.1.4 (/opt/ros/humble/share/rosidl_generator_cpp/cmake)
-- Using all available rosidl_typesupport_c: rosidl_typesupport_fastrtps_c;rosidl_typesupport_introspection_c
-- Using all available rosidl_typesupport_cpp: rosidl_typesupport_fastrtps_cpp;rosidl_typesupport_introspection_cpp
-- Found rmw_implementation_cmake: 6.1.1 (/opt/ros/humble/share/rmw_implementation_cmake/cmake)
-- Found rmw_fastrtps_cpp: 6.2.2 (/opt/ros/humble/share/rmw_fastrtps_cpp/cmake)
-- Found OpenSSL: /usr/lib/x86_64-linux-gnu/libcrypto.so (found version "3.0.2")  
-- Found FastRTPS: /opt/ros/humble/include  
-- Using RMW implementation 'rmw_fastrtps_cpp' as default
-- Looking for pthread.h
-- Looking for pthread.h - found
-- Performing Test CMAKE_HAVE_LIBC_PTHREAD
-- Performing Test CMAKE_HAVE_LIBC_PTHREAD - Success
-- Found Threads: TRUE  
-- Found sensor_msgs: 4.2.3 (/opt/ros/humble/share/sensor_msgs/cmake)
-- Found asdfr_interfaces: 0.0.0 (/home/ram-user/ASDFR/src/install/asdfr_interfaces/share/asdfr_interfaces/cmake)
-- Found OpenCV: /usr (found version "4.5.4") 
-- Found cv_bridge: 3.2.1 (/opt/ros/humble/share/cv_bridge/cmake)
-- Found ament_lint_auto: 0.12.5 (/opt/ros/humble/share/ament_lint_auto/cmake)
-- Added test 'cppcheck' to perform static code analysis on C / C++ code
-- Configured cppcheck include dirs: $<BUILD_INTERFACE:/home/ram-user/ASDFR/src/ros2_nodes/src/jiwy_controller/include>
-- Configured cppcheck exclude dirs and/or files: 
-- Added test 'lint_cmake' to check CMake code style
-- Added test 'uncrustify' to check C / C++ code style
-- Configured uncrustify additional arguments: 
-- Added test 'xmllint' to check XML markup files
-- Configuring done
-- Generating done
-- Build files have been written to: /home/ram-user/ASDFR/src/build/jiwy_controller
[ 16%] [32mBuilding CXX object CMakeFiles/jiwy_controller.dir/src/jiwy_controller.cpp.o[0m
[ 33%] [32m[1mLinking CXX executable jiwy_controller[0m
[ 33%] Built target jiwy_controller
[ 50%] [32mBuilding CXX object CMakeFiles/jc_lighttracker.dir/src/jc_light_tracker.cpp.o[0m
[ 66%] [32m[1mLinking CXX executable jc_lighttracker[0m
[ 66%] Built target jc_lighttracker
[ 83%] [32mBuilding CXX object CMakeFiles/simplesub.dir/src/SimpleSub.cpp.o[0m
[100%] [32m[1mLinking CXX executable simplesub[0m
[100%] Built target simplesub
-- Install configuration: ""
-- Installing: /home/ram-user/ASDFR/src/install/jiwy_controller/lib/jiwy_controller/jiwy_controller
-- Set runtime path of "/home/ram-user/ASDFR/src/install/jiwy_controller/lib/jiwy_controller/jiwy_controller" to ""
-- Installing: /home/ram-user/ASDFR/src/install/jiwy_controller/lib/jiwy_controller/jc_lighttracker
-- Set runtime path of "/home/ram-user/ASDFR/src/install/jiwy_controller/lib/jiwy_controller/jc_lighttracker" to ""
-- Installing: /home/ram-user/ASDFR/src/install/jiwy_controller/lib/jiwy_controller/simplesub
-- Set runtime path of "/home/ram-user/ASDFR/src/install/jiwy_controller/lib/jiwy_controller/simplesub" to ""
-- Installing: /home/ram-user/ASDFR/src/install/jiwy_controller/share/ament_index/resource_index/package_run_dependencies/jiwy_controller
-- Installing: /home/ram-user/ASDFR/src/install/jiwy_controller/share/ament_index/resource_index/parent_prefix_path/jiwy_controller
-- Installing: /home/ram-user/ASDFR/src/install/jiwy_controller/share/jiwy_controller/environment/ament_prefix_path.sh
-- Installing: /home/ram-user/ASDFR/src/install/jiwy_controller/share/jiwy_controller/environment/ament_prefix_path.dsv
-- Installing: /home/ram-user/ASDFR/src/install/jiwy_controller/share/jiwy_controller/environment/path.sh
-- Installing: /home/ram-user/ASDFR/src/install/jiwy_controller/share/jiwy_controller/environment/path.dsv
-- Installing: /home/ram-user/ASDFR/src/install/jiwy_controller/share/jiwy_controller/local_setup.bash
-- Installing: /home/ram-user/ASDFR/src/install/jiwy_controller/share/jiwy_controller/local_setup.sh
-- Installing: /home/ram-user/ASDFR/src/install/jiwy_controller/share/jiwy_controller/local_setup.zsh
-- Installing: /home/ram-user/ASDFR/src/install/jiwy_controller/share/jiwy_controller/local_setup.dsv
-- Installing: /home/ram-user/ASDFR/src/install/jiwy_controller/share/jiwy_controller/package.dsv
-- Installing: /home/ram-user/ASDFR/src/install/jiwy_controller/share/ament_index/resource_index/packages/jiwy_controller
-- Installing: /home/ram-user/ASDFR/src/install/jiwy_controller/share/jiwy_controller/cmake/jiwy_controllerConfig.cmake
-- Installing: /home/ram-user/ASDFR/src/install/jiwy_controller/share/jiwy_controller/cmake/jiwy_controllerConfig-version.cmake
-- Installing: /home/ram-user/ASDFR/src/install/jiwy_controller/share/jiwy_controller/package.xml
